[2024-07-21T07:40:49.535+0000] {processor.py:161} INFO - Started process (PID=62) to work on /opt/airflow/dags/data_cleaning_dag.py
[2024-07-21T07:40:49.537+0000] {processor.py:830} INFO - Processing file /opt/airflow/dags/data_cleaning_dag.py for tasks to queue
[2024-07-21T07:40:49.540+0000] {logging_mixin.py:188} INFO - [2024-07-21T07:40:49.540+0000] {dagbag.py:545} INFO - Filling up the DagBag from /opt/airflow/dags/data_cleaning_dag.py
[2024-07-21T07:40:51.322+0000] {processor.py:840} INFO - DAG(s) 'data_cleaning' retrieved from /opt/airflow/dags/data_cleaning_dag.py
[2024-07-21T07:40:51.548+0000] {logging_mixin.py:188} INFO - [2024-07-21T07:40:51.547+0000] {dag.py:3089} INFO - Sync 1 DAGs
[2024-07-21T07:40:51.572+0000] {logging_mixin.py:188} INFO - [2024-07-21T07:40:51.571+0000] {dag.py:3947} INFO - Setting next_dagrun for data_cleaning to 2024-07-21 00:00:00+00:00, run_after=2024-07-22 00:00:00+00:00
[2024-07-21T07:40:51.604+0000] {processor.py:183} INFO - Processing /opt/airflow/dags/data_cleaning_dag.py took 2.074 seconds
[2024-07-21T07:41:21.927+0000] {processor.py:161} INFO - Started process (PID=92) to work on /opt/airflow/dags/data_cleaning_dag.py
[2024-07-21T07:41:21.931+0000] {processor.py:830} INFO - Processing file /opt/airflow/dags/data_cleaning_dag.py for tasks to queue
[2024-07-21T07:41:21.933+0000] {logging_mixin.py:188} INFO - [2024-07-21T07:41:21.932+0000] {dagbag.py:545} INFO - Filling up the DagBag from /opt/airflow/dags/data_cleaning_dag.py
[2024-07-21T07:41:22.471+0000] {processor.py:840} INFO - DAG(s) 'data_cleaning' retrieved from /opt/airflow/dags/data_cleaning_dag.py
[2024-07-21T07:41:22.484+0000] {logging_mixin.py:188} INFO - [2024-07-21T07:41:22.483+0000] {dag.py:3089} INFO - Sync 1 DAGs
[2024-07-21T07:41:22.493+0000] {logging_mixin.py:188} INFO - [2024-07-21T07:41:22.493+0000] {dag.py:3947} INFO - Setting next_dagrun for data_cleaning to 2024-07-21 00:00:00+00:00, run_after=2024-07-22 00:00:00+00:00
[2024-07-21T07:41:22.501+0000] {processor.py:183} INFO - Processing /opt/airflow/dags/data_cleaning_dag.py took 0.580 seconds
[2024-07-21T07:41:53.163+0000] {processor.py:161} INFO - Started process (PID=123) to work on /opt/airflow/dags/data_cleaning_dag.py
[2024-07-21T07:41:53.164+0000] {processor.py:830} INFO - Processing file /opt/airflow/dags/data_cleaning_dag.py for tasks to queue
[2024-07-21T07:41:53.166+0000] {logging_mixin.py:188} INFO - [2024-07-21T07:41:53.165+0000] {dagbag.py:545} INFO - Filling up the DagBag from /opt/airflow/dags/data_cleaning_dag.py
[2024-07-21T07:41:53.682+0000] {processor.py:840} INFO - DAG(s) 'data_cleaning' retrieved from /opt/airflow/dags/data_cleaning_dag.py
[2024-07-21T07:41:53.694+0000] {logging_mixin.py:188} INFO - [2024-07-21T07:41:53.694+0000] {dag.py:3089} INFO - Sync 1 DAGs
[2024-07-21T07:41:53.703+0000] {logging_mixin.py:188} INFO - [2024-07-21T07:41:53.703+0000] {dag.py:3947} INFO - Setting next_dagrun for data_cleaning to 2024-07-21 00:00:00+00:00, run_after=2024-07-22 00:00:00+00:00
[2024-07-21T07:41:53.711+0000] {processor.py:183} INFO - Processing /opt/airflow/dags/data_cleaning_dag.py took 0.555 seconds
[2024-07-21T07:42:48.591+0000] {processor.py:161} INFO - Started process (PID=57) to work on /opt/airflow/dags/data_cleaning_dag.py
[2024-07-21T07:42:48.593+0000] {processor.py:830} INFO - Processing file /opt/airflow/dags/data_cleaning_dag.py for tasks to queue
[2024-07-21T07:42:48.596+0000] {logging_mixin.py:188} INFO - [2024-07-21T07:42:48.596+0000] {dagbag.py:545} INFO - Filling up the DagBag from /opt/airflow/dags/data_cleaning_dag.py
[2024-07-21T07:42:49.576+0000] {processor.py:840} INFO - DAG(s) 'data_cleaning' retrieved from /opt/airflow/dags/data_cleaning_dag.py
[2024-07-21T07:42:49.772+0000] {logging_mixin.py:188} INFO - [2024-07-21T07:42:49.772+0000] {dag.py:3089} INFO - Sync 1 DAGs
[2024-07-21T07:42:49.795+0000] {logging_mixin.py:188} INFO - [2024-07-21T07:42:49.795+0000] {dag.py:3947} INFO - Setting next_dagrun for data_cleaning to 2024-07-21 00:00:00+00:00, run_after=2024-07-22 00:00:00+00:00
[2024-07-21T07:42:49.825+0000] {processor.py:183} INFO - Processing /opt/airflow/dags/data_cleaning_dag.py took 1.237 seconds
[2024-07-21T07:43:20.155+0000] {processor.py:161} INFO - Started process (PID=82) to work on /opt/airflow/dags/data_cleaning_dag.py
[2024-07-21T07:43:20.157+0000] {processor.py:830} INFO - Processing file /opt/airflow/dags/data_cleaning_dag.py for tasks to queue
[2024-07-21T07:43:20.159+0000] {logging_mixin.py:188} INFO - [2024-07-21T07:43:20.159+0000] {dagbag.py:545} INFO - Filling up the DagBag from /opt/airflow/dags/data_cleaning_dag.py
[2024-07-21T07:43:20.623+0000] {processor.py:840} INFO - DAG(s) 'data_cleaning' retrieved from /opt/airflow/dags/data_cleaning_dag.py
[2024-07-21T07:43:20.634+0000] {logging_mixin.py:188} INFO - [2024-07-21T07:43:20.634+0000] {dag.py:3089} INFO - Sync 1 DAGs
[2024-07-21T07:43:20.642+0000] {logging_mixin.py:188} INFO - [2024-07-21T07:43:20.642+0000] {dag.py:3947} INFO - Setting next_dagrun for data_cleaning to 2024-07-21 00:00:00+00:00, run_after=2024-07-22 00:00:00+00:00
[2024-07-21T07:43:20.650+0000] {processor.py:183} INFO - Processing /opt/airflow/dags/data_cleaning_dag.py took 0.501 seconds
[2024-07-21T07:43:51.516+0000] {processor.py:161} INFO - Started process (PID=113) to work on /opt/airflow/dags/data_cleaning_dag.py
[2024-07-21T07:43:51.518+0000] {processor.py:830} INFO - Processing file /opt/airflow/dags/data_cleaning_dag.py for tasks to queue
[2024-07-21T07:43:51.520+0000] {logging_mixin.py:188} INFO - [2024-07-21T07:43:51.519+0000] {dagbag.py:545} INFO - Filling up the DagBag from /opt/airflow/dags/data_cleaning_dag.py
[2024-07-21T07:43:51.997+0000] {processor.py:840} INFO - DAG(s) 'data_cleaning' retrieved from /opt/airflow/dags/data_cleaning_dag.py
[2024-07-21T07:43:52.011+0000] {logging_mixin.py:188} INFO - [2024-07-21T07:43:52.011+0000] {dag.py:3089} INFO - Sync 1 DAGs
[2024-07-21T07:43:52.019+0000] {logging_mixin.py:188} INFO - [2024-07-21T07:43:52.019+0000] {dag.py:3947} INFO - Setting next_dagrun for data_cleaning to 2024-07-21 00:00:00+00:00, run_after=2024-07-22 00:00:00+00:00
[2024-07-21T07:43:52.027+0000] {processor.py:183} INFO - Processing /opt/airflow/dags/data_cleaning_dag.py took 0.517 seconds
[2024-07-21T07:44:22.324+0000] {processor.py:161} INFO - Started process (PID=138) to work on /opt/airflow/dags/data_cleaning_dag.py
[2024-07-21T07:44:22.325+0000] {processor.py:830} INFO - Processing file /opt/airflow/dags/data_cleaning_dag.py for tasks to queue
[2024-07-21T07:44:22.328+0000] {logging_mixin.py:188} INFO - [2024-07-21T07:44:22.327+0000] {dagbag.py:545} INFO - Filling up the DagBag from /opt/airflow/dags/data_cleaning_dag.py
[2024-07-21T07:44:22.950+0000] {processor.py:840} INFO - DAG(s) 'data_cleaning' retrieved from /opt/airflow/dags/data_cleaning_dag.py
[2024-07-21T07:44:22.965+0000] {logging_mixin.py:188} INFO - [2024-07-21T07:44:22.965+0000] {dag.py:3089} INFO - Sync 1 DAGs
[2024-07-21T07:44:22.980+0000] {logging_mixin.py:188} INFO - [2024-07-21T07:44:22.980+0000] {dag.py:3947} INFO - Setting next_dagrun for data_cleaning to 2024-07-21 00:00:00+00:00, run_after=2024-07-22 00:00:00+00:00
[2024-07-21T07:44:22.990+0000] {processor.py:183} INFO - Processing /opt/airflow/dags/data_cleaning_dag.py took 0.672 seconds
[2024-07-21T07:44:53.557+0000] {processor.py:161} INFO - Started process (PID=163) to work on /opt/airflow/dags/data_cleaning_dag.py
[2024-07-21T07:44:53.558+0000] {processor.py:830} INFO - Processing file /opt/airflow/dags/data_cleaning_dag.py for tasks to queue
[2024-07-21T07:44:53.559+0000] {logging_mixin.py:188} INFO - [2024-07-21T07:44:53.559+0000] {dagbag.py:545} INFO - Filling up the DagBag from /opt/airflow/dags/data_cleaning_dag.py
[2024-07-21T07:44:54.182+0000] {processor.py:840} INFO - DAG(s) 'data_cleaning' retrieved from /opt/airflow/dags/data_cleaning_dag.py
[2024-07-21T07:44:54.198+0000] {logging_mixin.py:188} INFO - [2024-07-21T07:44:54.198+0000] {dag.py:3089} INFO - Sync 1 DAGs
[2024-07-21T07:44:54.210+0000] {logging_mixin.py:188} INFO - [2024-07-21T07:44:54.210+0000] {dag.py:3947} INFO - Setting next_dagrun for data_cleaning to 2024-07-21 00:00:00+00:00, run_after=2024-07-22 00:00:00+00:00
[2024-07-21T07:44:54.219+0000] {processor.py:183} INFO - Processing /opt/airflow/dags/data_cleaning_dag.py took 0.665 seconds
[2024-07-21T07:45:24.699+0000] {processor.py:161} INFO - Started process (PID=188) to work on /opt/airflow/dags/data_cleaning_dag.py
[2024-07-21T07:45:24.700+0000] {processor.py:830} INFO - Processing file /opt/airflow/dags/data_cleaning_dag.py for tasks to queue
[2024-07-21T07:45:24.701+0000] {logging_mixin.py:188} INFO - [2024-07-21T07:45:24.700+0000] {dagbag.py:545} INFO - Filling up the DagBag from /opt/airflow/dags/data_cleaning_dag.py
[2024-07-21T07:45:25.316+0000] {processor.py:840} INFO - DAG(s) 'data_cleaning' retrieved from /opt/airflow/dags/data_cleaning_dag.py
[2024-07-21T07:45:25.332+0000] {logging_mixin.py:188} INFO - [2024-07-21T07:45:25.332+0000] {dag.py:3089} INFO - Sync 1 DAGs
[2024-07-21T07:45:25.343+0000] {logging_mixin.py:188} INFO - [2024-07-21T07:45:25.343+0000] {dag.py:3947} INFO - Setting next_dagrun for data_cleaning to 2024-07-21 00:00:00+00:00, run_after=2024-07-22 00:00:00+00:00
[2024-07-21T07:45:25.351+0000] {processor.py:183} INFO - Processing /opt/airflow/dags/data_cleaning_dag.py took 0.655 seconds
[2024-07-21T07:45:55.956+0000] {processor.py:161} INFO - Started process (PID=213) to work on /opt/airflow/dags/data_cleaning_dag.py
[2024-07-21T07:45:55.958+0000] {processor.py:830} INFO - Processing file /opt/airflow/dags/data_cleaning_dag.py for tasks to queue
[2024-07-21T07:45:55.960+0000] {logging_mixin.py:188} INFO - [2024-07-21T07:45:55.960+0000] {dagbag.py:545} INFO - Filling up the DagBag from /opt/airflow/dags/data_cleaning_dag.py
[2024-07-21T07:45:56.626+0000] {processor.py:840} INFO - DAG(s) 'data_cleaning' retrieved from /opt/airflow/dags/data_cleaning_dag.py
[2024-07-21T07:45:56.649+0000] {logging_mixin.py:188} INFO - [2024-07-21T07:45:56.649+0000] {dag.py:3089} INFO - Sync 1 DAGs
[2024-07-21T07:45:56.670+0000] {logging_mixin.py:188} INFO - [2024-07-21T07:45:56.669+0000] {dag.py:3947} INFO - Setting next_dagrun for data_cleaning to 2024-07-21 00:00:00+00:00, run_after=2024-07-22 00:00:00+00:00
[2024-07-21T07:45:56.692+0000] {processor.py:183} INFO - Processing /opt/airflow/dags/data_cleaning_dag.py took 0.742 seconds
[2024-07-21T07:46:26.952+0000] {processor.py:161} INFO - Started process (PID=238) to work on /opt/airflow/dags/data_cleaning_dag.py
[2024-07-21T07:46:26.954+0000] {processor.py:830} INFO - Processing file /opt/airflow/dags/data_cleaning_dag.py for tasks to queue
[2024-07-21T07:46:26.958+0000] {logging_mixin.py:188} INFO - [2024-07-21T07:46:26.958+0000] {dagbag.py:545} INFO - Filling up the DagBag from /opt/airflow/dags/data_cleaning_dag.py
[2024-07-21T07:46:27.483+0000] {processor.py:840} INFO - DAG(s) 'data_cleaning' retrieved from /opt/airflow/dags/data_cleaning_dag.py
[2024-07-21T07:46:27.495+0000] {logging_mixin.py:188} INFO - [2024-07-21T07:46:27.495+0000] {dag.py:3089} INFO - Sync 1 DAGs
[2024-07-21T07:46:27.504+0000] {logging_mixin.py:188} INFO - [2024-07-21T07:46:27.504+0000] {dag.py:3947} INFO - Setting next_dagrun for data_cleaning to 2024-07-21 00:00:00+00:00, run_after=2024-07-22 00:00:00+00:00
[2024-07-21T07:46:27.511+0000] {processor.py:183} INFO - Processing /opt/airflow/dags/data_cleaning_dag.py took 0.567 seconds
[2024-07-21T07:46:58.321+0000] {processor.py:161} INFO - Started process (PID=263) to work on /opt/airflow/dags/data_cleaning_dag.py
[2024-07-21T07:46:58.322+0000] {processor.py:830} INFO - Processing file /opt/airflow/dags/data_cleaning_dag.py for tasks to queue
[2024-07-21T07:46:58.325+0000] {logging_mixin.py:188} INFO - [2024-07-21T07:46:58.324+0000] {dagbag.py:545} INFO - Filling up the DagBag from /opt/airflow/dags/data_cleaning_dag.py
[2024-07-21T07:46:58.835+0000] {processor.py:840} INFO - DAG(s) 'data_cleaning' retrieved from /opt/airflow/dags/data_cleaning_dag.py
[2024-07-21T07:46:58.851+0000] {logging_mixin.py:188} INFO - [2024-07-21T07:46:58.851+0000] {dag.py:3089} INFO - Sync 1 DAGs
[2024-07-21T07:46:58.860+0000] {logging_mixin.py:188} INFO - [2024-07-21T07:46:58.860+0000] {dag.py:3947} INFO - Setting next_dagrun for data_cleaning to 2024-07-21 00:00:00+00:00, run_after=2024-07-22 00:00:00+00:00
[2024-07-21T07:46:58.870+0000] {processor.py:183} INFO - Processing /opt/airflow/dags/data_cleaning_dag.py took 0.555 seconds
[2024-07-21T07:47:29.424+0000] {processor.py:161} INFO - Started process (PID=288) to work on /opt/airflow/dags/data_cleaning_dag.py
[2024-07-21T07:47:29.425+0000] {processor.py:830} INFO - Processing file /opt/airflow/dags/data_cleaning_dag.py for tasks to queue
[2024-07-21T07:47:29.429+0000] {logging_mixin.py:188} INFO - [2024-07-21T07:47:29.428+0000] {dagbag.py:545} INFO - Filling up the DagBag from /opt/airflow/dags/data_cleaning_dag.py
[2024-07-21T07:47:29.994+0000] {processor.py:840} INFO - DAG(s) 'data_cleaning' retrieved from /opt/airflow/dags/data_cleaning_dag.py
[2024-07-21T07:47:30.016+0000] {logging_mixin.py:188} INFO - [2024-07-21T07:47:30.016+0000] {dag.py:3089} INFO - Sync 1 DAGs
[2024-07-21T07:47:30.066+0000] {logging_mixin.py:188} INFO - [2024-07-21T07:47:30.066+0000] {dag.py:3947} INFO - Setting next_dagrun for data_cleaning to 2024-07-21 00:00:00+00:00, run_after=2024-07-22 00:00:00+00:00
[2024-07-21T07:47:30.089+0000] {processor.py:183} INFO - Processing /opt/airflow/dags/data_cleaning_dag.py took 0.674 seconds
[2024-07-21T07:48:00.626+0000] {processor.py:161} INFO - Started process (PID=313) to work on /opt/airflow/dags/data_cleaning_dag.py
[2024-07-21T07:48:00.627+0000] {processor.py:830} INFO - Processing file /opt/airflow/dags/data_cleaning_dag.py for tasks to queue
[2024-07-21T07:48:00.631+0000] {logging_mixin.py:188} INFO - [2024-07-21T07:48:00.630+0000] {dagbag.py:545} INFO - Filling up the DagBag from /opt/airflow/dags/data_cleaning_dag.py
[2024-07-21T07:48:01.173+0000] {processor.py:840} INFO - DAG(s) 'data_cleaning' retrieved from /opt/airflow/dags/data_cleaning_dag.py
[2024-07-21T07:48:01.187+0000] {logging_mixin.py:188} INFO - [2024-07-21T07:48:01.187+0000] {dag.py:3089} INFO - Sync 1 DAGs
[2024-07-21T07:48:01.197+0000] {logging_mixin.py:188} INFO - [2024-07-21T07:48:01.196+0000] {dag.py:3947} INFO - Setting next_dagrun for data_cleaning to 2024-07-21 00:00:00+00:00, run_after=2024-07-22 00:00:00+00:00
[2024-07-21T07:48:01.204+0000] {processor.py:183} INFO - Processing /opt/airflow/dags/data_cleaning_dag.py took 0.586 seconds
[2024-07-21T07:48:31.700+0000] {processor.py:161} INFO - Started process (PID=338) to work on /opt/airflow/dags/data_cleaning_dag.py
[2024-07-21T07:48:31.707+0000] {processor.py:830} INFO - Processing file /opt/airflow/dags/data_cleaning_dag.py for tasks to queue
[2024-07-21T07:48:31.713+0000] {logging_mixin.py:188} INFO - [2024-07-21T07:48:31.712+0000] {dagbag.py:545} INFO - Filling up the DagBag from /opt/airflow/dags/data_cleaning_dag.py
[2024-07-21T07:48:32.486+0000] {processor.py:840} INFO - DAG(s) 'data_cleaning' retrieved from /opt/airflow/dags/data_cleaning_dag.py
[2024-07-21T07:48:32.508+0000] {logging_mixin.py:188} INFO - [2024-07-21T07:48:32.507+0000] {dag.py:3089} INFO - Sync 1 DAGs
[2024-07-21T07:48:32.528+0000] {logging_mixin.py:188} INFO - [2024-07-21T07:48:32.527+0000] {dag.py:3947} INFO - Setting next_dagrun for data_cleaning to 2024-07-21 00:00:00+00:00, run_after=2024-07-22 00:00:00+00:00
[2024-07-21T07:48:32.536+0000] {processor.py:183} INFO - Processing /opt/airflow/dags/data_cleaning_dag.py took 0.845 seconds
[2024-07-21T07:49:03.005+0000] {processor.py:161} INFO - Started process (PID=363) to work on /opt/airflow/dags/data_cleaning_dag.py
[2024-07-21T07:49:03.007+0000] {processor.py:830} INFO - Processing file /opt/airflow/dags/data_cleaning_dag.py for tasks to queue
[2024-07-21T07:49:03.010+0000] {logging_mixin.py:188} INFO - [2024-07-21T07:49:03.010+0000] {dagbag.py:545} INFO - Filling up the DagBag from /opt/airflow/dags/data_cleaning_dag.py
[2024-07-21T07:49:03.557+0000] {processor.py:840} INFO - DAG(s) 'data_cleaning' retrieved from /opt/airflow/dags/data_cleaning_dag.py
[2024-07-21T07:49:03.573+0000] {logging_mixin.py:188} INFO - [2024-07-21T07:49:03.573+0000] {dag.py:3089} INFO - Sync 1 DAGs
[2024-07-21T07:49:03.582+0000] {logging_mixin.py:188} INFO - [2024-07-21T07:49:03.582+0000] {dag.py:3947} INFO - Setting next_dagrun for data_cleaning to 2024-07-21 00:00:00+00:00, run_after=2024-07-22 00:00:00+00:00
[2024-07-21T07:49:03.590+0000] {processor.py:183} INFO - Processing /opt/airflow/dags/data_cleaning_dag.py took 0.594 seconds
[2024-07-21T07:49:34.359+0000] {processor.py:161} INFO - Started process (PID=389) to work on /opt/airflow/dags/data_cleaning_dag.py
[2024-07-21T07:49:34.360+0000] {processor.py:830} INFO - Processing file /opt/airflow/dags/data_cleaning_dag.py for tasks to queue
[2024-07-21T07:49:34.362+0000] {logging_mixin.py:188} INFO - [2024-07-21T07:49:34.362+0000] {dagbag.py:545} INFO - Filling up the DagBag from /opt/airflow/dags/data_cleaning_dag.py
[2024-07-21T07:49:34.936+0000] {processor.py:840} INFO - DAG(s) 'data_cleaning' retrieved from /opt/airflow/dags/data_cleaning_dag.py
[2024-07-21T07:49:34.948+0000] {logging_mixin.py:188} INFO - [2024-07-21T07:49:34.948+0000] {dag.py:3089} INFO - Sync 1 DAGs
[2024-07-21T07:49:34.958+0000] {logging_mixin.py:188} INFO - [2024-07-21T07:49:34.958+0000] {dag.py:3947} INFO - Setting next_dagrun for data_cleaning to 2024-07-21 00:00:00+00:00, run_after=2024-07-22 00:00:00+00:00
[2024-07-21T07:49:34.966+0000] {processor.py:183} INFO - Processing /opt/airflow/dags/data_cleaning_dag.py took 0.612 seconds
[2024-07-21T07:50:05.619+0000] {processor.py:161} INFO - Started process (PID=414) to work on /opt/airflow/dags/data_cleaning_dag.py
[2024-07-21T07:50:05.620+0000] {processor.py:830} INFO - Processing file /opt/airflow/dags/data_cleaning_dag.py for tasks to queue
[2024-07-21T07:50:05.623+0000] {logging_mixin.py:188} INFO - [2024-07-21T07:50:05.622+0000] {dagbag.py:545} INFO - Filling up the DagBag from /opt/airflow/dags/data_cleaning_dag.py
[2024-07-21T07:50:06.157+0000] {processor.py:840} INFO - DAG(s) 'data_cleaning' retrieved from /opt/airflow/dags/data_cleaning_dag.py
[2024-07-21T07:50:06.171+0000] {logging_mixin.py:188} INFO - [2024-07-21T07:50:06.170+0000] {dag.py:3089} INFO - Sync 1 DAGs
[2024-07-21T07:50:06.183+0000] {logging_mixin.py:188} INFO - [2024-07-21T07:50:06.183+0000] {dag.py:3947} INFO - Setting next_dagrun for data_cleaning to 2024-07-21 00:00:00+00:00, run_after=2024-07-22 00:00:00+00:00
[2024-07-21T07:50:06.193+0000] {processor.py:183} INFO - Processing /opt/airflow/dags/data_cleaning_dag.py took 0.581 seconds
[2024-07-21T07:50:36.775+0000] {processor.py:161} INFO - Started process (PID=439) to work on /opt/airflow/dags/data_cleaning_dag.py
[2024-07-21T07:50:36.776+0000] {processor.py:830} INFO - Processing file /opt/airflow/dags/data_cleaning_dag.py for tasks to queue
[2024-07-21T07:50:36.778+0000] {logging_mixin.py:188} INFO - [2024-07-21T07:50:36.778+0000] {dagbag.py:545} INFO - Filling up the DagBag from /opt/airflow/dags/data_cleaning_dag.py
[2024-07-21T07:50:37.391+0000] {processor.py:840} INFO - DAG(s) 'data_cleaning' retrieved from /opt/airflow/dags/data_cleaning_dag.py
[2024-07-21T07:50:37.432+0000] {logging_mixin.py:188} INFO - [2024-07-21T07:50:37.432+0000] {dag.py:3089} INFO - Sync 1 DAGs
[2024-07-21T07:50:37.447+0000] {logging_mixin.py:188} INFO - [2024-07-21T07:50:37.447+0000] {dag.py:3947} INFO - Setting next_dagrun for data_cleaning to 2024-07-21 00:00:00+00:00, run_after=2024-07-22 00:00:00+00:00
[2024-07-21T07:50:37.458+0000] {processor.py:183} INFO - Processing /opt/airflow/dags/data_cleaning_dag.py took 0.687 seconds
[2024-07-21T07:51:08.210+0000] {processor.py:161} INFO - Started process (PID=464) to work on /opt/airflow/dags/data_cleaning_dag.py
[2024-07-21T07:51:08.213+0000] {processor.py:830} INFO - Processing file /opt/airflow/dags/data_cleaning_dag.py for tasks to queue
[2024-07-21T07:51:08.215+0000] {logging_mixin.py:188} INFO - [2024-07-21T07:51:08.214+0000] {dagbag.py:545} INFO - Filling up the DagBag from /opt/airflow/dags/data_cleaning_dag.py
[2024-07-21T07:51:08.777+0000] {processor.py:840} INFO - DAG(s) 'data_cleaning' retrieved from /opt/airflow/dags/data_cleaning_dag.py
[2024-07-21T07:51:08.794+0000] {logging_mixin.py:188} INFO - [2024-07-21T07:51:08.794+0000] {dag.py:3089} INFO - Sync 1 DAGs
[2024-07-21T07:51:08.806+0000] {logging_mixin.py:188} INFO - [2024-07-21T07:51:08.806+0000] {dag.py:3947} INFO - Setting next_dagrun for data_cleaning to 2024-07-21 00:00:00+00:00, run_after=2024-07-22 00:00:00+00:00
[2024-07-21T07:51:08.815+0000] {processor.py:183} INFO - Processing /opt/airflow/dags/data_cleaning_dag.py took 0.614 seconds
[2024-07-21T07:51:39.632+0000] {processor.py:161} INFO - Started process (PID=489) to work on /opt/airflow/dags/data_cleaning_dag.py
[2024-07-21T07:51:39.639+0000] {processor.py:830} INFO - Processing file /opt/airflow/dags/data_cleaning_dag.py for tasks to queue
[2024-07-21T07:51:39.642+0000] {logging_mixin.py:188} INFO - [2024-07-21T07:51:39.642+0000] {dagbag.py:545} INFO - Filling up the DagBag from /opt/airflow/dags/data_cleaning_dag.py
[2024-07-21T07:51:40.298+0000] {processor.py:840} INFO - DAG(s) 'data_cleaning' retrieved from /opt/airflow/dags/data_cleaning_dag.py
[2024-07-21T07:51:40.341+0000] {logging_mixin.py:188} INFO - [2024-07-21T07:51:40.340+0000] {dag.py:3089} INFO - Sync 1 DAGs
[2024-07-21T07:51:40.358+0000] {logging_mixin.py:188} INFO - [2024-07-21T07:51:40.358+0000] {dag.py:3947} INFO - Setting next_dagrun for data_cleaning to 2024-07-21 00:00:00+00:00, run_after=2024-07-22 00:00:00+00:00
[2024-07-21T07:51:40.372+0000] {processor.py:183} INFO - Processing /opt/airflow/dags/data_cleaning_dag.py took 0.747 seconds
[2024-07-21T07:52:11.093+0000] {processor.py:161} INFO - Started process (PID=514) to work on /opt/airflow/dags/data_cleaning_dag.py
[2024-07-21T07:52:11.095+0000] {processor.py:830} INFO - Processing file /opt/airflow/dags/data_cleaning_dag.py for tasks to queue
[2024-07-21T07:52:11.098+0000] {logging_mixin.py:188} INFO - [2024-07-21T07:52:11.098+0000] {dagbag.py:545} INFO - Filling up the DagBag from /opt/airflow/dags/data_cleaning_dag.py
[2024-07-21T07:52:11.643+0000] {processor.py:840} INFO - DAG(s) 'data_cleaning' retrieved from /opt/airflow/dags/data_cleaning_dag.py
[2024-07-21T07:52:11.659+0000] {logging_mixin.py:188} INFO - [2024-07-21T07:52:11.659+0000] {dag.py:3089} INFO - Sync 1 DAGs
[2024-07-21T07:52:11.669+0000] {logging_mixin.py:188} INFO - [2024-07-21T07:52:11.669+0000] {dag.py:3947} INFO - Setting next_dagrun for data_cleaning to 2024-07-21 00:00:00+00:00, run_after=2024-07-22 00:00:00+00:00
[2024-07-21T07:52:11.679+0000] {processor.py:183} INFO - Processing /opt/airflow/dags/data_cleaning_dag.py took 0.596 seconds
[2024-07-21T07:52:42.338+0000] {processor.py:161} INFO - Started process (PID=539) to work on /opt/airflow/dags/data_cleaning_dag.py
[2024-07-21T07:52:42.341+0000] {processor.py:830} INFO - Processing file /opt/airflow/dags/data_cleaning_dag.py for tasks to queue
[2024-07-21T07:52:42.346+0000] {logging_mixin.py:188} INFO - [2024-07-21T07:52:42.345+0000] {dagbag.py:545} INFO - Filling up the DagBag from /opt/airflow/dags/data_cleaning_dag.py
[2024-07-21T07:52:42.965+0000] {processor.py:840} INFO - DAG(s) 'data_cleaning' retrieved from /opt/airflow/dags/data_cleaning_dag.py
[2024-07-21T07:52:42.988+0000] {logging_mixin.py:188} INFO - [2024-07-21T07:52:42.988+0000] {dag.py:3089} INFO - Sync 1 DAGs
[2024-07-21T07:52:43.002+0000] {logging_mixin.py:188} INFO - [2024-07-21T07:52:43.002+0000] {dag.py:3947} INFO - Setting next_dagrun for data_cleaning to 2024-07-21 00:00:00+00:00, run_after=2024-07-22 00:00:00+00:00
[2024-07-21T07:52:43.014+0000] {processor.py:183} INFO - Processing /opt/airflow/dags/data_cleaning_dag.py took 0.686 seconds
[2024-07-21T07:53:13.795+0000] {processor.py:161} INFO - Started process (PID=573) to work on /opt/airflow/dags/data_cleaning_dag.py
[2024-07-21T07:53:13.796+0000] {processor.py:830} INFO - Processing file /opt/airflow/dags/data_cleaning_dag.py for tasks to queue
[2024-07-21T07:53:13.798+0000] {logging_mixin.py:188} INFO - [2024-07-21T07:53:13.797+0000] {dagbag.py:545} INFO - Filling up the DagBag from /opt/airflow/dags/data_cleaning_dag.py
[2024-07-21T07:53:14.357+0000] {processor.py:840} INFO - DAG(s) 'data_cleaning' retrieved from /opt/airflow/dags/data_cleaning_dag.py
[2024-07-21T07:53:14.379+0000] {logging_mixin.py:188} INFO - [2024-07-21T07:53:14.379+0000] {dag.py:3089} INFO - Sync 1 DAGs
[2024-07-21T07:53:14.392+0000] {logging_mixin.py:188} INFO - [2024-07-21T07:53:14.392+0000] {dag.py:3947} INFO - Setting next_dagrun for data_cleaning to 2024-07-21 00:00:00+00:00, run_after=2024-07-22 00:00:00+00:00
[2024-07-21T07:53:14.400+0000] {processor.py:183} INFO - Processing /opt/airflow/dags/data_cleaning_dag.py took 0.612 seconds
[2024-07-21T07:53:45.119+0000] {processor.py:161} INFO - Started process (PID=598) to work on /opt/airflow/dags/data_cleaning_dag.py
[2024-07-21T07:53:45.121+0000] {processor.py:830} INFO - Processing file /opt/airflow/dags/data_cleaning_dag.py for tasks to queue
[2024-07-21T07:53:45.124+0000] {logging_mixin.py:188} INFO - [2024-07-21T07:53:45.124+0000] {dagbag.py:545} INFO - Filling up the DagBag from /opt/airflow/dags/data_cleaning_dag.py
[2024-07-21T07:53:45.737+0000] {processor.py:840} INFO - DAG(s) 'data_cleaning' retrieved from /opt/airflow/dags/data_cleaning_dag.py
[2024-07-21T07:53:45.757+0000] {logging_mixin.py:188} INFO - [2024-07-21T07:53:45.756+0000] {dag.py:3089} INFO - Sync 1 DAGs
[2024-07-21T07:53:45.768+0000] {logging_mixin.py:188} INFO - [2024-07-21T07:53:45.768+0000] {dag.py:3947} INFO - Setting next_dagrun for data_cleaning to 2024-07-21 00:00:00+00:00, run_after=2024-07-22 00:00:00+00:00
[2024-07-21T07:53:45.783+0000] {processor.py:183} INFO - Processing /opt/airflow/dags/data_cleaning_dag.py took 0.674 seconds
[2024-07-21T07:54:16.358+0000] {processor.py:161} INFO - Started process (PID=623) to work on /opt/airflow/dags/data_cleaning_dag.py
[2024-07-21T07:54:16.360+0000] {processor.py:830} INFO - Processing file /opt/airflow/dags/data_cleaning_dag.py for tasks to queue
[2024-07-21T07:54:16.379+0000] {logging_mixin.py:188} INFO - [2024-07-21T07:54:16.378+0000] {dagbag.py:545} INFO - Filling up the DagBag from /opt/airflow/dags/data_cleaning_dag.py
[2024-07-21T07:54:16.919+0000] {processor.py:840} INFO - DAG(s) 'data_cleaning' retrieved from /opt/airflow/dags/data_cleaning_dag.py
[2024-07-21T07:54:16.936+0000] {logging_mixin.py:188} INFO - [2024-07-21T07:54:16.936+0000] {dag.py:3089} INFO - Sync 1 DAGs
[2024-07-21T07:54:16.946+0000] {logging_mixin.py:188} INFO - [2024-07-21T07:54:16.946+0000] {dag.py:3947} INFO - Setting next_dagrun for data_cleaning to 2024-07-21 00:00:00+00:00, run_after=2024-07-22 00:00:00+00:00
[2024-07-21T07:54:16.954+0000] {processor.py:183} INFO - Processing /opt/airflow/dags/data_cleaning_dag.py took 0.608 seconds
[2024-07-21T07:54:47.569+0000] {processor.py:161} INFO - Started process (PID=648) to work on /opt/airflow/dags/data_cleaning_dag.py
[2024-07-21T07:54:47.570+0000] {processor.py:830} INFO - Processing file /opt/airflow/dags/data_cleaning_dag.py for tasks to queue
[2024-07-21T07:54:47.571+0000] {logging_mixin.py:188} INFO - [2024-07-21T07:54:47.571+0000] {dagbag.py:545} INFO - Filling up the DagBag from /opt/airflow/dags/data_cleaning_dag.py
[2024-07-21T07:54:48.112+0000] {processor.py:840} INFO - DAG(s) 'data_cleaning' retrieved from /opt/airflow/dags/data_cleaning_dag.py
[2024-07-21T07:54:48.128+0000] {logging_mixin.py:188} INFO - [2024-07-21T07:54:48.128+0000] {dag.py:3089} INFO - Sync 1 DAGs
[2024-07-21T07:54:48.138+0000] {logging_mixin.py:188} INFO - [2024-07-21T07:54:48.138+0000] {dag.py:3947} INFO - Setting next_dagrun for data_cleaning to 2024-07-21 00:00:00+00:00, run_after=2024-07-22 00:00:00+00:00
[2024-07-21T07:54:48.145+0000] {processor.py:183} INFO - Processing /opt/airflow/dags/data_cleaning_dag.py took 0.580 seconds
[2024-07-21T07:55:18.807+0000] {processor.py:161} INFO - Started process (PID=673) to work on /opt/airflow/dags/data_cleaning_dag.py
[2024-07-21T07:55:18.809+0000] {processor.py:830} INFO - Processing file /opt/airflow/dags/data_cleaning_dag.py for tasks to queue
[2024-07-21T07:55:18.811+0000] {logging_mixin.py:188} INFO - [2024-07-21T07:55:18.811+0000] {dagbag.py:545} INFO - Filling up the DagBag from /opt/airflow/dags/data_cleaning_dag.py
[2024-07-21T07:55:19.343+0000] {processor.py:840} INFO - DAG(s) 'data_cleaning' retrieved from /opt/airflow/dags/data_cleaning_dag.py
[2024-07-21T07:55:19.388+0000] {logging_mixin.py:188} INFO - [2024-07-21T07:55:19.387+0000] {dag.py:3089} INFO - Sync 1 DAGs
[2024-07-21T07:55:19.399+0000] {logging_mixin.py:188} INFO - [2024-07-21T07:55:19.399+0000] {dag.py:3947} INFO - Setting next_dagrun for data_cleaning to 2024-07-21 00:00:00+00:00, run_after=2024-07-22 00:00:00+00:00
[2024-07-21T07:55:19.408+0000] {processor.py:183} INFO - Processing /opt/airflow/dags/data_cleaning_dag.py took 0.614 seconds
[2024-07-21T07:55:49.733+0000] {processor.py:161} INFO - Started process (PID=698) to work on /opt/airflow/dags/data_cleaning_dag.py
[2024-07-21T07:55:49.737+0000] {processor.py:830} INFO - Processing file /opt/airflow/dags/data_cleaning_dag.py for tasks to queue
[2024-07-21T07:55:49.740+0000] {logging_mixin.py:188} INFO - [2024-07-21T07:55:49.740+0000] {dagbag.py:545} INFO - Filling up the DagBag from /opt/airflow/dags/data_cleaning_dag.py
[2024-07-21T07:55:50.253+0000] {processor.py:840} INFO - DAG(s) 'data_cleaning' retrieved from /opt/airflow/dags/data_cleaning_dag.py
[2024-07-21T07:55:50.268+0000] {logging_mixin.py:188} INFO - [2024-07-21T07:55:50.268+0000] {dag.py:3089} INFO - Sync 1 DAGs
[2024-07-21T07:55:50.277+0000] {logging_mixin.py:188} INFO - [2024-07-21T07:55:50.277+0000] {dag.py:3947} INFO - Setting next_dagrun for data_cleaning to 2024-07-21 00:00:00+00:00, run_after=2024-07-22 00:00:00+00:00
[2024-07-21T07:55:50.286+0000] {processor.py:183} INFO - Processing /opt/airflow/dags/data_cleaning_dag.py took 0.566 seconds
[2024-07-21T07:56:21.098+0000] {processor.py:161} INFO - Started process (PID=723) to work on /opt/airflow/dags/data_cleaning_dag.py
[2024-07-21T07:56:21.100+0000] {processor.py:830} INFO - Processing file /opt/airflow/dags/data_cleaning_dag.py for tasks to queue
[2024-07-21T07:56:21.104+0000] {logging_mixin.py:188} INFO - [2024-07-21T07:56:21.103+0000] {dagbag.py:545} INFO - Filling up the DagBag from /opt/airflow/dags/data_cleaning_dag.py
[2024-07-21T07:56:21.709+0000] {processor.py:840} INFO - DAG(s) 'data_cleaning' retrieved from /opt/airflow/dags/data_cleaning_dag.py
[2024-07-21T07:56:21.723+0000] {logging_mixin.py:188} INFO - [2024-07-21T07:56:21.723+0000] {dag.py:3089} INFO - Sync 1 DAGs
[2024-07-21T07:56:21.733+0000] {logging_mixin.py:188} INFO - [2024-07-21T07:56:21.733+0000] {dag.py:3947} INFO - Setting next_dagrun for data_cleaning to 2024-07-21 00:00:00+00:00, run_after=2024-07-22 00:00:00+00:00
[2024-07-21T07:56:21.741+0000] {processor.py:183} INFO - Processing /opt/airflow/dags/data_cleaning_dag.py took 0.655 seconds
[2024-07-21T07:56:52.266+0000] {processor.py:161} INFO - Started process (PID=748) to work on /opt/airflow/dags/data_cleaning_dag.py
[2024-07-21T07:56:52.270+0000] {processor.py:830} INFO - Processing file /opt/airflow/dags/data_cleaning_dag.py for tasks to queue
[2024-07-21T07:56:52.274+0000] {logging_mixin.py:188} INFO - [2024-07-21T07:56:52.274+0000] {dagbag.py:545} INFO - Filling up the DagBag from /opt/airflow/dags/data_cleaning_dag.py
[2024-07-21T07:56:52.838+0000] {processor.py:840} INFO - DAG(s) 'data_cleaning' retrieved from /opt/airflow/dags/data_cleaning_dag.py
[2024-07-21T07:56:52.852+0000] {logging_mixin.py:188} INFO - [2024-07-21T07:56:52.852+0000] {dag.py:3089} INFO - Sync 1 DAGs
[2024-07-21T07:56:52.862+0000] {logging_mixin.py:188} INFO - [2024-07-21T07:56:52.862+0000] {dag.py:3947} INFO - Setting next_dagrun for data_cleaning to 2024-07-21 00:00:00+00:00, run_after=2024-07-22 00:00:00+00:00
[2024-07-21T07:56:52.870+0000] {processor.py:183} INFO - Processing /opt/airflow/dags/data_cleaning_dag.py took 0.615 seconds
[2024-07-21T07:57:23.642+0000] {processor.py:161} INFO - Started process (PID=779) to work on /opt/airflow/dags/data_cleaning_dag.py
[2024-07-21T07:57:23.646+0000] {processor.py:830} INFO - Processing file /opt/airflow/dags/data_cleaning_dag.py for tasks to queue
[2024-07-21T07:57:23.650+0000] {logging_mixin.py:188} INFO - [2024-07-21T07:57:23.649+0000] {dagbag.py:545} INFO - Filling up the DagBag from /opt/airflow/dags/data_cleaning_dag.py
[2024-07-21T07:57:24.261+0000] {processor.py:840} INFO - DAG(s) 'data_cleaning' retrieved from /opt/airflow/dags/data_cleaning_dag.py
[2024-07-21T07:57:24.277+0000] {logging_mixin.py:188} INFO - [2024-07-21T07:57:24.277+0000] {dag.py:3089} INFO - Sync 1 DAGs
[2024-07-21T07:57:24.286+0000] {logging_mixin.py:188} INFO - [2024-07-21T07:57:24.286+0000] {dag.py:3947} INFO - Setting next_dagrun for data_cleaning to 2024-07-21 00:00:00+00:00, run_after=2024-07-22 00:00:00+00:00
[2024-07-21T07:57:24.294+0000] {processor.py:183} INFO - Processing /opt/airflow/dags/data_cleaning_dag.py took 0.664 seconds
[2024-07-21T07:57:55.087+0000] {processor.py:161} INFO - Started process (PID=813) to work on /opt/airflow/dags/data_cleaning_dag.py
[2024-07-21T07:57:55.089+0000] {processor.py:830} INFO - Processing file /opt/airflow/dags/data_cleaning_dag.py for tasks to queue
[2024-07-21T07:57:55.092+0000] {logging_mixin.py:188} INFO - [2024-07-21T07:57:55.092+0000] {dagbag.py:545} INFO - Filling up the DagBag from /opt/airflow/dags/data_cleaning_dag.py
[2024-07-21T07:57:55.490+0000] {processor.py:840} INFO - DAG(s) 'data_cleaning' retrieved from /opt/airflow/dags/data_cleaning_dag.py
[2024-07-21T07:57:55.505+0000] {logging_mixin.py:188} INFO - [2024-07-21T07:57:55.505+0000] {dag.py:3089} INFO - Sync 1 DAGs
[2024-07-21T07:57:55.515+0000] {logging_mixin.py:188} INFO - [2024-07-21T07:57:55.515+0000] {dag.py:3947} INFO - Setting next_dagrun for data_cleaning to 2024-07-21 00:00:00+00:00, run_after=2024-07-22 00:00:00+00:00
[2024-07-21T07:57:55.527+0000] {processor.py:183} INFO - Processing /opt/airflow/dags/data_cleaning_dag.py took 0.447 seconds
[2024-07-21T07:58:26.374+0000] {processor.py:161} INFO - Started process (PID=847) to work on /opt/airflow/dags/data_cleaning_dag.py
[2024-07-21T07:58:26.376+0000] {processor.py:830} INFO - Processing file /opt/airflow/dags/data_cleaning_dag.py for tasks to queue
[2024-07-21T07:58:26.380+0000] {logging_mixin.py:188} INFO - [2024-07-21T07:58:26.379+0000] {dagbag.py:545} INFO - Filling up the DagBag from /opt/airflow/dags/data_cleaning_dag.py
[2024-07-21T07:58:26.876+0000] {processor.py:840} INFO - DAG(s) 'data_cleaning' retrieved from /opt/airflow/dags/data_cleaning_dag.py
[2024-07-21T07:58:26.890+0000] {logging_mixin.py:188} INFO - [2024-07-21T07:58:26.889+0000] {dag.py:3089} INFO - Sync 1 DAGs
[2024-07-21T07:58:26.899+0000] {logging_mixin.py:188} INFO - [2024-07-21T07:58:26.899+0000] {dag.py:3947} INFO - Setting next_dagrun for data_cleaning to 2024-07-21 00:00:00+00:00, run_after=2024-07-22 00:00:00+00:00
[2024-07-21T07:58:26.906+0000] {processor.py:183} INFO - Processing /opt/airflow/dags/data_cleaning_dag.py took 0.544 seconds
[2024-07-21T07:58:57.729+0000] {processor.py:161} INFO - Started process (PID=881) to work on /opt/airflow/dags/data_cleaning_dag.py
[2024-07-21T07:58:57.730+0000] {processor.py:830} INFO - Processing file /opt/airflow/dags/data_cleaning_dag.py for tasks to queue
[2024-07-21T07:58:57.733+0000] {logging_mixin.py:188} INFO - [2024-07-21T07:58:57.733+0000] {dagbag.py:545} INFO - Filling up the DagBag from /opt/airflow/dags/data_cleaning_dag.py
[2024-07-21T07:58:58.132+0000] {processor.py:840} INFO - DAG(s) 'data_cleaning' retrieved from /opt/airflow/dags/data_cleaning_dag.py
[2024-07-21T07:58:58.144+0000] {logging_mixin.py:188} INFO - [2024-07-21T07:58:58.144+0000] {dag.py:3089} INFO - Sync 1 DAGs
[2024-07-21T07:58:58.152+0000] {logging_mixin.py:188} INFO - [2024-07-21T07:58:58.152+0000] {dag.py:3947} INFO - Setting next_dagrun for data_cleaning to 2024-07-21 00:00:00+00:00, run_after=2024-07-22 00:00:00+00:00
[2024-07-21T07:58:58.159+0000] {processor.py:183} INFO - Processing /opt/airflow/dags/data_cleaning_dag.py took 0.441 seconds
[2024-07-21T07:59:28.336+0000] {processor.py:161} INFO - Started process (PID=924) to work on /opt/airflow/dags/data_cleaning_dag.py
[2024-07-21T07:59:28.337+0000] {processor.py:830} INFO - Processing file /opt/airflow/dags/data_cleaning_dag.py for tasks to queue
[2024-07-21T07:59:28.340+0000] {logging_mixin.py:188} INFO - [2024-07-21T07:59:28.340+0000] {dagbag.py:545} INFO - Filling up the DagBag from /opt/airflow/dags/data_cleaning_dag.py
[2024-07-21T07:59:28.875+0000] {processor.py:840} INFO - DAG(s) 'data_cleaning' retrieved from /opt/airflow/dags/data_cleaning_dag.py
[2024-07-21T07:59:28.889+0000] {logging_mixin.py:188} INFO - [2024-07-21T07:59:28.889+0000] {dag.py:3089} INFO - Sync 1 DAGs
[2024-07-21T07:59:28.898+0000] {logging_mixin.py:188} INFO - [2024-07-21T07:59:28.898+0000] {dag.py:3947} INFO - Setting next_dagrun for data_cleaning to 2024-07-21 00:00:00+00:00, run_after=2024-07-22 00:00:00+00:00
[2024-07-21T07:59:28.906+0000] {processor.py:183} INFO - Processing /opt/airflow/dags/data_cleaning_dag.py took 0.578 seconds
