[2024-07-21T07:40:49.699+0000] {processor.py:161} INFO - Started process (PID=70) to work on /opt/airflow/dags/model_train_dag.py
[2024-07-21T07:40:49.702+0000] {processor.py:830} INFO - Processing file /opt/airflow/dags/model_train_dag.py for tasks to queue
[2024-07-21T07:40:49.704+0000] {logging_mixin.py:188} INFO - [2024-07-21T07:40:49.703+0000] {dagbag.py:545} INFO - Filling up the DagBag from /opt/airflow/dags/model_train_dag.py
[2024-07-21T07:40:52.620+0000] {processor.py:840} INFO - DAG(s) 'random_forest_training' retrieved from /opt/airflow/dags/model_train_dag.py
[2024-07-21T07:40:52.640+0000] {logging_mixin.py:188} INFO - [2024-07-21T07:40:52.640+0000] {dag.py:3089} INFO - Sync 1 DAGs
[2024-07-21T07:40:52.650+0000] {logging_mixin.py:188} INFO - [2024-07-21T07:40:52.650+0000] {dag.py:3947} INFO - Setting next_dagrun for random_forest_training to 2024-07-21 00:00:00+00:00, run_after=2024-07-22 00:00:00+00:00
[2024-07-21T07:40:52.657+0000] {processor.py:183} INFO - Processing /opt/airflow/dags/model_train_dag.py took 2.962 seconds
[2024-07-21T07:41:23.074+0000] {processor.py:161} INFO - Started process (PID=107) to work on /opt/airflow/dags/model_train_dag.py
[2024-07-21T07:41:23.089+0000] {processor.py:830} INFO - Processing file /opt/airflow/dags/model_train_dag.py for tasks to queue
[2024-07-21T07:41:23.091+0000] {logging_mixin.py:188} INFO - [2024-07-21T07:41:23.090+0000] {dagbag.py:545} INFO - Filling up the DagBag from /opt/airflow/dags/model_train_dag.py
[2024-07-21T07:41:23.901+0000] {processor.py:840} INFO - DAG(s) 'random_forest_training' retrieved from /opt/airflow/dags/model_train_dag.py
[2024-07-21T07:41:23.915+0000] {logging_mixin.py:188} INFO - [2024-07-21T07:41:23.914+0000] {dag.py:3089} INFO - Sync 1 DAGs
[2024-07-21T07:41:23.923+0000] {logging_mixin.py:188} INFO - [2024-07-21T07:41:23.923+0000] {dag.py:3947} INFO - Setting next_dagrun for random_forest_training to 2024-07-21 00:00:00+00:00, run_after=2024-07-22 00:00:00+00:00
[2024-07-21T07:41:23.931+0000] {processor.py:183} INFO - Processing /opt/airflow/dags/model_train_dag.py took 0.912 seconds
[2024-07-21T07:41:54.226+0000] {processor.py:161} INFO - Started process (PID=132) to work on /opt/airflow/dags/model_train_dag.py
[2024-07-21T07:41:54.228+0000] {processor.py:830} INFO - Processing file /opt/airflow/dags/model_train_dag.py for tasks to queue
[2024-07-21T07:41:54.230+0000] {logging_mixin.py:188} INFO - [2024-07-21T07:41:54.230+0000] {dagbag.py:545} INFO - Filling up the DagBag from /opt/airflow/dags/model_train_dag.py
[2024-07-21T07:41:54.962+0000] {processor.py:840} INFO - DAG(s) 'random_forest_training' retrieved from /opt/airflow/dags/model_train_dag.py
[2024-07-21T07:41:54.973+0000] {logging_mixin.py:188} INFO - [2024-07-21T07:41:54.972+0000] {dag.py:3089} INFO - Sync 1 DAGs
[2024-07-21T07:41:54.982+0000] {logging_mixin.py:188} INFO - [2024-07-21T07:41:54.982+0000] {dag.py:3947} INFO - Setting next_dagrun for random_forest_training to 2024-07-21 00:00:00+00:00, run_after=2024-07-22 00:00:00+00:00
[2024-07-21T07:41:54.989+0000] {processor.py:183} INFO - Processing /opt/airflow/dags/model_train_dag.py took 0.771 seconds
[2024-07-21T07:42:48.789+0000] {processor.py:161} INFO - Started process (PID=60) to work on /opt/airflow/dags/model_train_dag.py
[2024-07-21T07:42:48.804+0000] {processor.py:830} INFO - Processing file /opt/airflow/dags/model_train_dag.py for tasks to queue
[2024-07-21T07:42:48.807+0000] {logging_mixin.py:188} INFO - [2024-07-21T07:42:48.807+0000] {dagbag.py:545} INFO - Filling up the DagBag from /opt/airflow/dags/model_train_dag.py
[2024-07-21T07:42:51.019+0000] {processor.py:840} INFO - DAG(s) 'random_forest_training' retrieved from /opt/airflow/dags/model_train_dag.py
[2024-07-21T07:42:51.175+0000] {logging_mixin.py:188} INFO - [2024-07-21T07:42:51.174+0000] {dag.py:3089} INFO - Sync 1 DAGs
[2024-07-21T07:42:51.211+0000] {logging_mixin.py:188} INFO - [2024-07-21T07:42:51.211+0000] {dag.py:3947} INFO - Setting next_dagrun for random_forest_training to 2024-07-21 00:00:00+00:00, run_after=2024-07-22 00:00:00+00:00
[2024-07-21T07:42:51.232+0000] {processor.py:183} INFO - Processing /opt/airflow/dags/model_train_dag.py took 2.448 seconds
[2024-07-21T07:43:21.686+0000] {processor.py:161} INFO - Started process (PID=97) to work on /opt/airflow/dags/model_train_dag.py
[2024-07-21T07:43:21.688+0000] {processor.py:830} INFO - Processing file /opt/airflow/dags/model_train_dag.py for tasks to queue
[2024-07-21T07:43:21.690+0000] {logging_mixin.py:188} INFO - [2024-07-21T07:43:21.690+0000] {dagbag.py:545} INFO - Filling up the DagBag from /opt/airflow/dags/model_train_dag.py
[2024-07-21T07:43:22.418+0000] {processor.py:840} INFO - DAG(s) 'random_forest_training' retrieved from /opt/airflow/dags/model_train_dag.py
[2024-07-21T07:43:22.430+0000] {logging_mixin.py:188} INFO - [2024-07-21T07:43:22.430+0000] {dag.py:3089} INFO - Sync 1 DAGs
[2024-07-21T07:43:22.438+0000] {logging_mixin.py:188} INFO - [2024-07-21T07:43:22.438+0000] {dag.py:3947} INFO - Setting next_dagrun for random_forest_training to 2024-07-21 00:00:00+00:00, run_after=2024-07-22 00:00:00+00:00
[2024-07-21T07:43:22.445+0000] {processor.py:183} INFO - Processing /opt/airflow/dags/model_train_dag.py took 0.765 seconds
[2024-07-21T07:43:52.600+0000] {processor.py:161} INFO - Started process (PID=122) to work on /opt/airflow/dags/model_train_dag.py
[2024-07-21T07:43:52.602+0000] {processor.py:830} INFO - Processing file /opt/airflow/dags/model_train_dag.py for tasks to queue
[2024-07-21T07:43:52.604+0000] {logging_mixin.py:188} INFO - [2024-07-21T07:43:52.603+0000] {dagbag.py:545} INFO - Filling up the DagBag from /opt/airflow/dags/model_train_dag.py
[2024-07-21T07:43:53.320+0000] {processor.py:840} INFO - DAG(s) 'random_forest_training' retrieved from /opt/airflow/dags/model_train_dag.py
[2024-07-21T07:43:53.333+0000] {logging_mixin.py:188} INFO - [2024-07-21T07:43:53.333+0000] {dag.py:3089} INFO - Sync 1 DAGs
[2024-07-21T07:43:53.344+0000] {logging_mixin.py:188} INFO - [2024-07-21T07:43:53.344+0000] {dag.py:3947} INFO - Setting next_dagrun for random_forest_training to 2024-07-21 00:00:00+00:00, run_after=2024-07-22 00:00:00+00:00
[2024-07-21T07:43:53.351+0000] {processor.py:183} INFO - Processing /opt/airflow/dags/model_train_dag.py took 0.758 seconds
[2024-07-21T07:44:23.461+0000] {processor.py:161} INFO - Started process (PID=147) to work on /opt/airflow/dags/model_train_dag.py
[2024-07-21T07:44:23.464+0000] {processor.py:830} INFO - Processing file /opt/airflow/dags/model_train_dag.py for tasks to queue
[2024-07-21T07:44:23.465+0000] {logging_mixin.py:188} INFO - [2024-07-21T07:44:23.465+0000] {dagbag.py:545} INFO - Filling up the DagBag from /opt/airflow/dags/model_train_dag.py
[2024-07-21T07:44:24.240+0000] {processor.py:840} INFO - DAG(s) 'random_forest_training' retrieved from /opt/airflow/dags/model_train_dag.py
[2024-07-21T07:44:24.253+0000] {logging_mixin.py:188} INFO - [2024-07-21T07:44:24.252+0000] {dag.py:3089} INFO - Sync 1 DAGs
[2024-07-21T07:44:24.261+0000] {logging_mixin.py:188} INFO - [2024-07-21T07:44:24.261+0000] {dag.py:3947} INFO - Setting next_dagrun for random_forest_training to 2024-07-21 00:00:00+00:00, run_after=2024-07-22 00:00:00+00:00
[2024-07-21T07:44:24.268+0000] {processor.py:183} INFO - Processing /opt/airflow/dags/model_train_dag.py took 0.815 seconds
[2024-07-21T07:44:54.660+0000] {processor.py:161} INFO - Started process (PID=172) to work on /opt/airflow/dags/model_train_dag.py
[2024-07-21T07:44:54.662+0000] {processor.py:830} INFO - Processing file /opt/airflow/dags/model_train_dag.py for tasks to queue
[2024-07-21T07:44:54.665+0000] {logging_mixin.py:188} INFO - [2024-07-21T07:44:54.665+0000] {dagbag.py:545} INFO - Filling up the DagBag from /opt/airflow/dags/model_train_dag.py
[2024-07-21T07:44:55.390+0000] {processor.py:840} INFO - DAG(s) 'random_forest_training' retrieved from /opt/airflow/dags/model_train_dag.py
[2024-07-21T07:44:55.401+0000] {logging_mixin.py:188} INFO - [2024-07-21T07:44:55.400+0000] {dag.py:3089} INFO - Sync 1 DAGs
[2024-07-21T07:44:55.408+0000] {logging_mixin.py:188} INFO - [2024-07-21T07:44:55.408+0000] {dag.py:3947} INFO - Setting next_dagrun for random_forest_training to 2024-07-21 00:00:00+00:00, run_after=2024-07-22 00:00:00+00:00
[2024-07-21T07:44:55.414+0000] {processor.py:183} INFO - Processing /opt/airflow/dags/model_train_dag.py took 0.762 seconds
[2024-07-21T07:45:25.815+0000] {processor.py:161} INFO - Started process (PID=197) to work on /opt/airflow/dags/model_train_dag.py
[2024-07-21T07:45:25.817+0000] {processor.py:830} INFO - Processing file /opt/airflow/dags/model_train_dag.py for tasks to queue
[2024-07-21T07:45:25.819+0000] {logging_mixin.py:188} INFO - [2024-07-21T07:45:25.819+0000] {dagbag.py:545} INFO - Filling up the DagBag from /opt/airflow/dags/model_train_dag.py
[2024-07-21T07:45:26.666+0000] {processor.py:840} INFO - DAG(s) 'random_forest_training' retrieved from /opt/airflow/dags/model_train_dag.py
[2024-07-21T07:45:26.678+0000] {logging_mixin.py:188} INFO - [2024-07-21T07:45:26.678+0000] {dag.py:3089} INFO - Sync 1 DAGs
[2024-07-21T07:45:26.687+0000] {logging_mixin.py:188} INFO - [2024-07-21T07:45:26.687+0000] {dag.py:3947} INFO - Setting next_dagrun for random_forest_training to 2024-07-21 00:00:00+00:00, run_after=2024-07-22 00:00:00+00:00
[2024-07-21T07:45:26.697+0000] {processor.py:183} INFO - Processing /opt/airflow/dags/model_train_dag.py took 0.886 seconds
[2024-07-21T07:45:56.719+0000] {processor.py:161} INFO - Started process (PID=222) to work on /opt/airflow/dags/model_train_dag.py
[2024-07-21T07:45:56.719+0000] {processor.py:830} INFO - Processing file /opt/airflow/dags/model_train_dag.py for tasks to queue
[2024-07-21T07:45:56.721+0000] {logging_mixin.py:188} INFO - [2024-07-21T07:45:56.721+0000] {dagbag.py:545} INFO - Filling up the DagBag from /opt/airflow/dags/model_train_dag.py
[2024-07-21T07:45:57.537+0000] {processor.py:840} INFO - DAG(s) 'random_forest_training' retrieved from /opt/airflow/dags/model_train_dag.py
[2024-07-21T07:45:57.553+0000] {logging_mixin.py:188} INFO - [2024-07-21T07:45:57.553+0000] {dag.py:3089} INFO - Sync 1 DAGs
[2024-07-21T07:45:57.575+0000] {logging_mixin.py:188} INFO - [2024-07-21T07:45:57.575+0000] {dag.py:3947} INFO - Setting next_dagrun for random_forest_training to 2024-07-21 00:00:00+00:00, run_after=2024-07-22 00:00:00+00:00
[2024-07-21T07:45:57.619+0000] {processor.py:183} INFO - Processing /opt/airflow/dags/model_train_dag.py took 0.905 seconds
[2024-07-21T07:46:28.058+0000] {processor.py:161} INFO - Started process (PID=247) to work on /opt/airflow/dags/model_train_dag.py
[2024-07-21T07:46:28.059+0000] {processor.py:830} INFO - Processing file /opt/airflow/dags/model_train_dag.py for tasks to queue
[2024-07-21T07:46:28.060+0000] {logging_mixin.py:188} INFO - [2024-07-21T07:46:28.060+0000] {dagbag.py:545} INFO - Filling up the DagBag from /opt/airflow/dags/model_train_dag.py
[2024-07-21T07:46:29.008+0000] {processor.py:840} INFO - DAG(s) 'random_forest_training' retrieved from /opt/airflow/dags/model_train_dag.py
[2024-07-21T07:46:29.025+0000] {logging_mixin.py:188} INFO - [2024-07-21T07:46:29.025+0000] {dag.py:3089} INFO - Sync 1 DAGs
[2024-07-21T07:46:29.037+0000] {logging_mixin.py:188} INFO - [2024-07-21T07:46:29.037+0000] {dag.py:3947} INFO - Setting next_dagrun for random_forest_training to 2024-07-21 00:00:00+00:00, run_after=2024-07-22 00:00:00+00:00
[2024-07-21T07:46:29.046+0000] {processor.py:183} INFO - Processing /opt/airflow/dags/model_train_dag.py took 0.992 seconds
[2024-07-21T07:46:59.345+0000] {processor.py:161} INFO - Started process (PID=272) to work on /opt/airflow/dags/model_train_dag.py
[2024-07-21T07:46:59.347+0000] {processor.py:830} INFO - Processing file /opt/airflow/dags/model_train_dag.py for tasks to queue
[2024-07-21T07:46:59.348+0000] {logging_mixin.py:188} INFO - [2024-07-21T07:46:59.348+0000] {dagbag.py:545} INFO - Filling up the DagBag from /opt/airflow/dags/model_train_dag.py
[2024-07-21T07:47:00.115+0000] {processor.py:840} INFO - DAG(s) 'random_forest_training' retrieved from /opt/airflow/dags/model_train_dag.py
[2024-07-21T07:47:00.131+0000] {logging_mixin.py:188} INFO - [2024-07-21T07:47:00.131+0000] {dag.py:3089} INFO - Sync 1 DAGs
[2024-07-21T07:47:00.140+0000] {logging_mixin.py:188} INFO - [2024-07-21T07:47:00.140+0000] {dag.py:3947} INFO - Setting next_dagrun for random_forest_training to 2024-07-21 00:00:00+00:00, run_after=2024-07-22 00:00:00+00:00
[2024-07-21T07:47:00.147+0000] {processor.py:183} INFO - Processing /opt/airflow/dags/model_train_dag.py took 0.809 seconds
[2024-07-21T07:47:30.449+0000] {processor.py:161} INFO - Started process (PID=297) to work on /opt/airflow/dags/model_train_dag.py
[2024-07-21T07:47:30.450+0000] {processor.py:830} INFO - Processing file /opt/airflow/dags/model_train_dag.py for tasks to queue
[2024-07-21T07:47:30.452+0000] {logging_mixin.py:188} INFO - [2024-07-21T07:47:30.452+0000] {dagbag.py:545} INFO - Filling up the DagBag from /opt/airflow/dags/model_train_dag.py
[2024-07-21T07:47:31.265+0000] {processor.py:840} INFO - DAG(s) 'random_forest_training' retrieved from /opt/airflow/dags/model_train_dag.py
[2024-07-21T07:47:31.278+0000] {logging_mixin.py:188} INFO - [2024-07-21T07:47:31.278+0000] {dag.py:3089} INFO - Sync 1 DAGs
[2024-07-21T07:47:31.288+0000] {logging_mixin.py:188} INFO - [2024-07-21T07:47:31.288+0000] {dag.py:3947} INFO - Setting next_dagrun for random_forest_training to 2024-07-21 00:00:00+00:00, run_after=2024-07-22 00:00:00+00:00
[2024-07-21T07:47:31.295+0000] {processor.py:183} INFO - Processing /opt/airflow/dags/model_train_dag.py took 0.854 seconds
[2024-07-21T07:48:01.636+0000] {processor.py:161} INFO - Started process (PID=322) to work on /opt/airflow/dags/model_train_dag.py
[2024-07-21T07:48:01.637+0000] {processor.py:830} INFO - Processing file /opt/airflow/dags/model_train_dag.py for tasks to queue
[2024-07-21T07:48:01.639+0000] {logging_mixin.py:188} INFO - [2024-07-21T07:48:01.638+0000] {dagbag.py:545} INFO - Filling up the DagBag from /opt/airflow/dags/model_train_dag.py
[2024-07-21T07:48:02.369+0000] {processor.py:840} INFO - DAG(s) 'random_forest_training' retrieved from /opt/airflow/dags/model_train_dag.py
[2024-07-21T07:48:02.381+0000] {logging_mixin.py:188} INFO - [2024-07-21T07:48:02.381+0000] {dag.py:3089} INFO - Sync 1 DAGs
[2024-07-21T07:48:02.390+0000] {logging_mixin.py:188} INFO - [2024-07-21T07:48:02.390+0000] {dag.py:3947} INFO - Setting next_dagrun for random_forest_training to 2024-07-21 00:00:00+00:00, run_after=2024-07-22 00:00:00+00:00
[2024-07-21T07:48:02.398+0000] {processor.py:183} INFO - Processing /opt/airflow/dags/model_train_dag.py took 0.766 seconds
[2024-07-21T07:48:32.559+0000] {processor.py:161} INFO - Started process (PID=347) to work on /opt/airflow/dags/model_train_dag.py
[2024-07-21T07:48:32.560+0000] {processor.py:830} INFO - Processing file /opt/airflow/dags/model_train_dag.py for tasks to queue
[2024-07-21T07:48:32.561+0000] {logging_mixin.py:188} INFO - [2024-07-21T07:48:32.561+0000] {dagbag.py:545} INFO - Filling up the DagBag from /opt/airflow/dags/model_train_dag.py
[2024-07-21T07:48:33.329+0000] {processor.py:840} INFO - DAG(s) 'random_forest_training' retrieved from /opt/airflow/dags/model_train_dag.py
[2024-07-21T07:48:33.341+0000] {logging_mixin.py:188} INFO - [2024-07-21T07:48:33.341+0000] {dag.py:3089} INFO - Sync 1 DAGs
[2024-07-21T07:48:33.351+0000] {logging_mixin.py:188} INFO - [2024-07-21T07:48:33.351+0000] {dag.py:3947} INFO - Setting next_dagrun for random_forest_training to 2024-07-21 00:00:00+00:00, run_after=2024-07-22 00:00:00+00:00
[2024-07-21T07:48:33.358+0000] {processor.py:183} INFO - Processing /opt/airflow/dags/model_train_dag.py took 0.803 seconds
[2024-07-21T07:49:03.607+0000] {processor.py:161} INFO - Started process (PID=372) to work on /opt/airflow/dags/model_train_dag.py
[2024-07-21T07:49:03.608+0000] {processor.py:830} INFO - Processing file /opt/airflow/dags/model_train_dag.py for tasks to queue
[2024-07-21T07:49:03.609+0000] {logging_mixin.py:188} INFO - [2024-07-21T07:49:03.609+0000] {dagbag.py:545} INFO - Filling up the DagBag from /opt/airflow/dags/model_train_dag.py
[2024-07-21T07:49:04.300+0000] {processor.py:840} INFO - DAG(s) 'random_forest_training' retrieved from /opt/airflow/dags/model_train_dag.py
[2024-07-21T07:49:04.312+0000] {logging_mixin.py:188} INFO - [2024-07-21T07:49:04.312+0000] {dag.py:3089} INFO - Sync 1 DAGs
[2024-07-21T07:49:04.321+0000] {logging_mixin.py:188} INFO - [2024-07-21T07:49:04.320+0000] {dag.py:3947} INFO - Setting next_dagrun for random_forest_training to 2024-07-21 00:00:00+00:00, run_after=2024-07-22 00:00:00+00:00
[2024-07-21T07:49:04.327+0000] {processor.py:183} INFO - Processing /opt/airflow/dags/model_train_dag.py took 0.723 seconds
[2024-07-21T07:49:34.472+0000] {processor.py:161} INFO - Started process (PID=391) to work on /opt/airflow/dags/model_train_dag.py
[2024-07-21T07:49:34.474+0000] {processor.py:830} INFO - Processing file /opt/airflow/dags/model_train_dag.py for tasks to queue
[2024-07-21T07:49:34.477+0000] {logging_mixin.py:188} INFO - [2024-07-21T07:49:34.476+0000] {dagbag.py:545} INFO - Filling up the DagBag from /opt/airflow/dags/model_train_dag.py
[2024-07-21T07:49:35.297+0000] {processor.py:840} INFO - DAG(s) 'random_forest_training' retrieved from /opt/airflow/dags/model_train_dag.py
[2024-07-21T07:49:35.308+0000] {logging_mixin.py:188} INFO - [2024-07-21T07:49:35.308+0000] {dag.py:3089} INFO - Sync 1 DAGs
[2024-07-21T07:49:35.315+0000] {logging_mixin.py:188} INFO - [2024-07-21T07:49:35.315+0000] {dag.py:3947} INFO - Setting next_dagrun for random_forest_training to 2024-07-21 00:00:00+00:00, run_after=2024-07-22 00:00:00+00:00
[2024-07-21T07:49:35.323+0000] {processor.py:183} INFO - Processing /opt/airflow/dags/model_train_dag.py took 0.854 seconds
[2024-07-21T07:50:05.623+0000] {processor.py:161} INFO - Started process (PID=415) to work on /opt/airflow/dags/model_train_dag.py
[2024-07-21T07:50:05.624+0000] {processor.py:830} INFO - Processing file /opt/airflow/dags/model_train_dag.py for tasks to queue
[2024-07-21T07:50:05.625+0000] {logging_mixin.py:188} INFO - [2024-07-21T07:50:05.625+0000] {dagbag.py:545} INFO - Filling up the DagBag from /opt/airflow/dags/model_train_dag.py
[2024-07-21T07:50:06.492+0000] {processor.py:840} INFO - DAG(s) 'random_forest_training' retrieved from /opt/airflow/dags/model_train_dag.py
[2024-07-21T07:50:06.502+0000] {logging_mixin.py:188} INFO - [2024-07-21T07:50:06.501+0000] {dag.py:3089} INFO - Sync 1 DAGs
[2024-07-21T07:50:06.509+0000] {logging_mixin.py:188} INFO - [2024-07-21T07:50:06.509+0000] {dag.py:3947} INFO - Setting next_dagrun for random_forest_training to 2024-07-21 00:00:00+00:00, run_after=2024-07-22 00:00:00+00:00
[2024-07-21T07:50:06.515+0000] {processor.py:183} INFO - Processing /opt/airflow/dags/model_train_dag.py took 0.898 seconds
[2024-07-21T07:50:36.781+0000] {processor.py:161} INFO - Started process (PID=440) to work on /opt/airflow/dags/model_train_dag.py
[2024-07-21T07:50:36.785+0000] {processor.py:830} INFO - Processing file /opt/airflow/dags/model_train_dag.py for tasks to queue
[2024-07-21T07:50:36.791+0000] {logging_mixin.py:188} INFO - [2024-07-21T07:50:36.790+0000] {dagbag.py:545} INFO - Filling up the DagBag from /opt/airflow/dags/model_train_dag.py
[2024-07-21T07:50:37.826+0000] {processor.py:840} INFO - DAG(s) 'random_forest_training' retrieved from /opt/airflow/dags/model_train_dag.py
[2024-07-21T07:50:37.841+0000] {logging_mixin.py:188} INFO - [2024-07-21T07:50:37.840+0000] {dag.py:3089} INFO - Sync 1 DAGs
[2024-07-21T07:50:37.857+0000] {logging_mixin.py:188} INFO - [2024-07-21T07:50:37.856+0000] {dag.py:3947} INFO - Setting next_dagrun for random_forest_training to 2024-07-21 00:00:00+00:00, run_after=2024-07-22 00:00:00+00:00
[2024-07-21T07:50:37.867+0000] {processor.py:183} INFO - Processing /opt/airflow/dags/model_train_dag.py took 1.092 seconds
[2024-07-21T07:51:08.216+0000] {processor.py:161} INFO - Started process (PID=465) to work on /opt/airflow/dags/model_train_dag.py
[2024-07-21T07:51:08.217+0000] {processor.py:830} INFO - Processing file /opt/airflow/dags/model_train_dag.py for tasks to queue
[2024-07-21T07:51:08.219+0000] {logging_mixin.py:188} INFO - [2024-07-21T07:51:08.219+0000] {dagbag.py:545} INFO - Filling up the DagBag from /opt/airflow/dags/model_train_dag.py
[2024-07-21T07:51:09.523+0000] {processor.py:840} INFO - DAG(s) 'random_forest_training' retrieved from /opt/airflow/dags/model_train_dag.py
[2024-07-21T07:51:09.546+0000] {logging_mixin.py:188} INFO - [2024-07-21T07:51:09.545+0000] {dag.py:3089} INFO - Sync 1 DAGs
[2024-07-21T07:51:09.558+0000] {logging_mixin.py:188} INFO - [2024-07-21T07:51:09.558+0000] {dag.py:3947} INFO - Setting next_dagrun for random_forest_training to 2024-07-21 00:00:00+00:00, run_after=2024-07-22 00:00:00+00:00
[2024-07-21T07:51:09.567+0000] {processor.py:183} INFO - Processing /opt/airflow/dags/model_train_dag.py took 1.359 seconds
[2024-07-21T07:51:39.639+0000] {processor.py:161} INFO - Started process (PID=490) to work on /opt/airflow/dags/model_train_dag.py
[2024-07-21T07:51:39.640+0000] {processor.py:830} INFO - Processing file /opt/airflow/dags/model_train_dag.py for tasks to queue
[2024-07-21T07:51:39.643+0000] {logging_mixin.py:188} INFO - [2024-07-21T07:51:39.642+0000] {dagbag.py:545} INFO - Filling up the DagBag from /opt/airflow/dags/model_train_dag.py
[2024-07-21T07:51:40.773+0000] {processor.py:840} INFO - DAG(s) 'random_forest_training' retrieved from /opt/airflow/dags/model_train_dag.py
[2024-07-21T07:51:40.785+0000] {logging_mixin.py:188} INFO - [2024-07-21T07:51:40.785+0000] {dag.py:3089} INFO - Sync 1 DAGs
[2024-07-21T07:51:40.793+0000] {logging_mixin.py:188} INFO - [2024-07-21T07:51:40.793+0000] {dag.py:3947} INFO - Setting next_dagrun for random_forest_training to 2024-07-21 00:00:00+00:00, run_after=2024-07-22 00:00:00+00:00
[2024-07-21T07:51:40.803+0000] {processor.py:183} INFO - Processing /opt/airflow/dags/model_train_dag.py took 1.169 seconds
[2024-07-21T07:52:11.095+0000] {processor.py:161} INFO - Started process (PID=515) to work on /opt/airflow/dags/model_train_dag.py
[2024-07-21T07:52:11.097+0000] {processor.py:830} INFO - Processing file /opt/airflow/dags/model_train_dag.py for tasks to queue
[2024-07-21T07:52:11.098+0000] {logging_mixin.py:188} INFO - [2024-07-21T07:52:11.098+0000] {dagbag.py:545} INFO - Filling up the DagBag from /opt/airflow/dags/model_train_dag.py
[2024-07-21T07:52:12.000+0000] {processor.py:840} INFO - DAG(s) 'random_forest_training' retrieved from /opt/airflow/dags/model_train_dag.py
[2024-07-21T07:52:12.017+0000] {logging_mixin.py:188} INFO - [2024-07-21T07:52:12.017+0000] {dag.py:3089} INFO - Sync 1 DAGs
[2024-07-21T07:52:12.028+0000] {logging_mixin.py:188} INFO - [2024-07-21T07:52:12.028+0000] {dag.py:3947} INFO - Setting next_dagrun for random_forest_training to 2024-07-21 00:00:00+00:00, run_after=2024-07-22 00:00:00+00:00
[2024-07-21T07:52:12.035+0000] {processor.py:183} INFO - Processing /opt/airflow/dags/model_train_dag.py took 0.948 seconds
[2024-07-21T07:52:42.347+0000] {processor.py:161} INFO - Started process (PID=540) to work on /opt/airflow/dags/model_train_dag.py
[2024-07-21T07:52:42.348+0000] {processor.py:830} INFO - Processing file /opt/airflow/dags/model_train_dag.py for tasks to queue
[2024-07-21T07:52:42.351+0000] {logging_mixin.py:188} INFO - [2024-07-21T07:52:42.350+0000] {dagbag.py:545} INFO - Filling up the DagBag from /opt/airflow/dags/model_train_dag.py
[2024-07-21T07:52:43.416+0000] {processor.py:840} INFO - DAG(s) 'random_forest_training' retrieved from /opt/airflow/dags/model_train_dag.py
[2024-07-21T07:52:43.427+0000] {logging_mixin.py:188} INFO - [2024-07-21T07:52:43.427+0000] {dag.py:3089} INFO - Sync 1 DAGs
[2024-07-21T07:52:43.435+0000] {logging_mixin.py:188} INFO - [2024-07-21T07:52:43.435+0000] {dag.py:3947} INFO - Setting next_dagrun for random_forest_training to 2024-07-21 00:00:00+00:00, run_after=2024-07-22 00:00:00+00:00
[2024-07-21T07:52:43.441+0000] {processor.py:183} INFO - Processing /opt/airflow/dags/model_train_dag.py took 1.104 seconds
[2024-07-21T07:52:47.495+0000] {processor.py:161} INFO - Started process (PID=557) to work on /opt/airflow/dags/model_train_dag.py
[2024-07-21T07:52:47.497+0000] {processor.py:830} INFO - Processing file /opt/airflow/dags/model_train_dag.py for tasks to queue
[2024-07-21T07:52:47.500+0000] {logging_mixin.py:188} INFO - [2024-07-21T07:52:47.500+0000] {dagbag.py:545} INFO - Filling up the DagBag from /opt/airflow/dags/model_train_dag.py
[2024-07-21T07:52:48.526+0000] {processor.py:840} INFO - DAG(s) 'random_forest_training' retrieved from /opt/airflow/dags/model_train_dag.py
[2024-07-21T07:52:48.547+0000] {logging_mixin.py:188} INFO - [2024-07-21T07:52:48.547+0000] {dag.py:3089} INFO - Sync 1 DAGs
[2024-07-21T07:52:48.557+0000] {logging_mixin.py:188} INFO - [2024-07-21T07:52:48.557+0000] {dag.py:3947} INFO - Setting next_dagrun for random_forest_training to 2024-07-21 00:00:00+00:00, run_after=2024-07-22 00:00:00+00:00
[2024-07-21T07:52:48.565+0000] {processor.py:183} INFO - Processing /opt/airflow/dags/model_train_dag.py took 1.089 seconds
[2024-07-21T07:53:18.928+0000] {processor.py:161} INFO - Started process (PID=582) to work on /opt/airflow/dags/model_train_dag.py
[2024-07-21T07:53:18.930+0000] {processor.py:830} INFO - Processing file /opt/airflow/dags/model_train_dag.py for tasks to queue
[2024-07-21T07:53:18.934+0000] {logging_mixin.py:188} INFO - [2024-07-21T07:53:18.934+0000] {dagbag.py:545} INFO - Filling up the DagBag from /opt/airflow/dags/model_train_dag.py
[2024-07-21T07:53:19.786+0000] {processor.py:840} INFO - DAG(s) 'random_forest_training' retrieved from /opt/airflow/dags/model_train_dag.py
[2024-07-21T07:53:19.799+0000] {logging_mixin.py:188} INFO - [2024-07-21T07:53:19.799+0000] {dag.py:3089} INFO - Sync 1 DAGs
[2024-07-21T07:53:19.810+0000] {logging_mixin.py:188} INFO - [2024-07-21T07:53:19.810+0000] {dag.py:3947} INFO - Setting next_dagrun for random_forest_training to 2024-07-21 00:00:00+00:00, run_after=2024-07-22 00:00:00+00:00
[2024-07-21T07:53:19.818+0000] {processor.py:183} INFO - Processing /opt/airflow/dags/model_train_dag.py took 0.901 seconds
[2024-07-21T07:53:50.247+0000] {processor.py:161} INFO - Started process (PID=607) to work on /opt/airflow/dags/model_train_dag.py
[2024-07-21T07:53:50.249+0000] {processor.py:830} INFO - Processing file /opt/airflow/dags/model_train_dag.py for tasks to queue
[2024-07-21T07:53:50.252+0000] {logging_mixin.py:188} INFO - [2024-07-21T07:53:50.251+0000] {dagbag.py:545} INFO - Filling up the DagBag from /opt/airflow/dags/model_train_dag.py
[2024-07-21T07:53:51.062+0000] {processor.py:840} INFO - DAG(s) 'random_forest_training' retrieved from /opt/airflow/dags/model_train_dag.py
[2024-07-21T07:53:51.073+0000] {logging_mixin.py:188} INFO - [2024-07-21T07:53:51.073+0000] {dag.py:3089} INFO - Sync 1 DAGs
[2024-07-21T07:53:51.082+0000] {logging_mixin.py:188} INFO - [2024-07-21T07:53:51.082+0000] {dag.py:3947} INFO - Setting next_dagrun for random_forest_training to 2024-07-21 00:00:00+00:00, run_after=2024-07-22 00:00:00+00:00
[2024-07-21T07:53:51.089+0000] {processor.py:183} INFO - Processing /opt/airflow/dags/model_train_dag.py took 0.854 seconds
[2024-07-21T07:54:21.475+0000] {processor.py:161} INFO - Started process (PID=632) to work on /opt/airflow/dags/model_train_dag.py
[2024-07-21T07:54:21.478+0000] {processor.py:830} INFO - Processing file /opt/airflow/dags/model_train_dag.py for tasks to queue
[2024-07-21T07:54:21.481+0000] {logging_mixin.py:188} INFO - [2024-07-21T07:54:21.481+0000] {dagbag.py:545} INFO - Filling up the DagBag from /opt/airflow/dags/model_train_dag.py
[2024-07-21T07:54:22.286+0000] {processor.py:840} INFO - DAG(s) 'random_forest_training' retrieved from /opt/airflow/dags/model_train_dag.py
[2024-07-21T07:54:22.300+0000] {logging_mixin.py:188} INFO - [2024-07-21T07:54:22.300+0000] {dag.py:3089} INFO - Sync 1 DAGs
[2024-07-21T07:54:22.313+0000] {logging_mixin.py:188} INFO - [2024-07-21T07:54:22.312+0000] {dag.py:3947} INFO - Setting next_dagrun for random_forest_training to 2024-07-21 00:00:00+00:00, run_after=2024-07-22 00:00:00+00:00
[2024-07-21T07:54:22.330+0000] {processor.py:183} INFO - Processing /opt/airflow/dags/model_train_dag.py took 0.866 seconds
[2024-07-21T07:54:52.703+0000] {processor.py:161} INFO - Started process (PID=663) to work on /opt/airflow/dags/model_train_dag.py
[2024-07-21T07:54:52.705+0000] {processor.py:830} INFO - Processing file /opt/airflow/dags/model_train_dag.py for tasks to queue
[2024-07-21T07:54:52.707+0000] {logging_mixin.py:188} INFO - [2024-07-21T07:54:52.707+0000] {dagbag.py:545} INFO - Filling up the DagBag from /opt/airflow/dags/model_train_dag.py
[2024-07-21T07:54:53.490+0000] {processor.py:840} INFO - DAG(s) 'random_forest_training' retrieved from /opt/airflow/dags/model_train_dag.py
[2024-07-21T07:54:53.505+0000] {logging_mixin.py:188} INFO - [2024-07-21T07:54:53.504+0000] {dag.py:3089} INFO - Sync 1 DAGs
[2024-07-21T07:54:53.515+0000] {logging_mixin.py:188} INFO - [2024-07-21T07:54:53.515+0000] {dag.py:3947} INFO - Setting next_dagrun for random_forest_training to 2024-07-21 00:00:00+00:00, run_after=2024-07-22 00:00:00+00:00
[2024-07-21T07:54:53.522+0000] {processor.py:183} INFO - Processing /opt/airflow/dags/model_train_dag.py took 0.828 seconds
[2024-07-21T07:55:23.858+0000] {processor.py:161} INFO - Started process (PID=688) to work on /opt/airflow/dags/model_train_dag.py
[2024-07-21T07:55:23.861+0000] {processor.py:830} INFO - Processing file /opt/airflow/dags/model_train_dag.py for tasks to queue
[2024-07-21T07:55:23.863+0000] {logging_mixin.py:188} INFO - [2024-07-21T07:55:23.862+0000] {dagbag.py:545} INFO - Filling up the DagBag from /opt/airflow/dags/model_train_dag.py
[2024-07-21T07:55:24.569+0000] {processor.py:840} INFO - DAG(s) 'random_forest_training' retrieved from /opt/airflow/dags/model_train_dag.py
[2024-07-21T07:55:24.580+0000] {logging_mixin.py:188} INFO - [2024-07-21T07:55:24.580+0000] {dag.py:3089} INFO - Sync 1 DAGs
[2024-07-21T07:55:24.588+0000] {logging_mixin.py:188} INFO - [2024-07-21T07:55:24.588+0000] {dag.py:3947} INFO - Setting next_dagrun for random_forest_training to 2024-07-21 00:00:00+00:00, run_after=2024-07-22 00:00:00+00:00
[2024-07-21T07:55:24.595+0000] {processor.py:183} INFO - Processing /opt/airflow/dags/model_train_dag.py took 0.744 seconds
[2024-07-21T07:55:54.835+0000] {processor.py:161} INFO - Started process (PID=713) to work on /opt/airflow/dags/model_train_dag.py
[2024-07-21T07:55:54.837+0000] {processor.py:830} INFO - Processing file /opt/airflow/dags/model_train_dag.py for tasks to queue
[2024-07-21T07:55:54.839+0000] {logging_mixin.py:188} INFO - [2024-07-21T07:55:54.839+0000] {dagbag.py:545} INFO - Filling up the DagBag from /opt/airflow/dags/model_train_dag.py
[2024-07-21T07:55:55.794+0000] {processor.py:840} INFO - DAG(s) 'random_forest_training' retrieved from /opt/airflow/dags/model_train_dag.py
[2024-07-21T07:55:55.808+0000] {logging_mixin.py:188} INFO - [2024-07-21T07:55:55.808+0000] {dag.py:3089} INFO - Sync 1 DAGs
[2024-07-21T07:55:55.818+0000] {logging_mixin.py:188} INFO - [2024-07-21T07:55:55.818+0000] {dag.py:3947} INFO - Setting next_dagrun for random_forest_training to 2024-07-21 00:00:00+00:00, run_after=2024-07-22 00:00:00+00:00
[2024-07-21T07:55:55.825+0000] {processor.py:183} INFO - Processing /opt/airflow/dags/model_train_dag.py took 0.996 seconds
[2024-07-21T07:56:26.203+0000] {processor.py:161} INFO - Started process (PID=738) to work on /opt/airflow/dags/model_train_dag.py
[2024-07-21T07:56:26.204+0000] {processor.py:830} INFO - Processing file /opt/airflow/dags/model_train_dag.py for tasks to queue
[2024-07-21T07:56:26.208+0000] {logging_mixin.py:188} INFO - [2024-07-21T07:56:26.208+0000] {dagbag.py:545} INFO - Filling up the DagBag from /opt/airflow/dags/model_train_dag.py
[2024-07-21T07:56:26.989+0000] {processor.py:840} INFO - DAG(s) 'random_forest_training' retrieved from /opt/airflow/dags/model_train_dag.py
[2024-07-21T07:56:27.005+0000] {logging_mixin.py:188} INFO - [2024-07-21T07:56:27.005+0000] {dag.py:3089} INFO - Sync 1 DAGs
[2024-07-21T07:56:27.016+0000] {logging_mixin.py:188} INFO - [2024-07-21T07:56:27.016+0000] {dag.py:3947} INFO - Setting next_dagrun for random_forest_training to 2024-07-21 00:00:00+00:00, run_after=2024-07-22 00:00:00+00:00
[2024-07-21T07:56:27.023+0000] {processor.py:183} INFO - Processing /opt/airflow/dags/model_train_dag.py took 0.832 seconds
[2024-07-21T07:56:57.403+0000] {processor.py:161} INFO - Started process (PID=763) to work on /opt/airflow/dags/model_train_dag.py
[2024-07-21T07:56:57.405+0000] {processor.py:830} INFO - Processing file /opt/airflow/dags/model_train_dag.py for tasks to queue
[2024-07-21T07:56:57.408+0000] {logging_mixin.py:188} INFO - [2024-07-21T07:56:57.408+0000] {dagbag.py:545} INFO - Filling up the DagBag from /opt/airflow/dags/model_train_dag.py
[2024-07-21T07:56:58.657+0000] {processor.py:840} INFO - DAG(s) 'random_forest_training' retrieved from /opt/airflow/dags/model_train_dag.py
[2024-07-21T07:56:58.698+0000] {logging_mixin.py:188} INFO - [2024-07-21T07:56:58.698+0000] {dag.py:3089} INFO - Sync 1 DAGs
[2024-07-21T07:56:58.714+0000] {logging_mixin.py:188} INFO - [2024-07-21T07:56:58.713+0000] {dag.py:3947} INFO - Setting next_dagrun for random_forest_training to 2024-07-21 00:00:00+00:00, run_after=2024-07-22 00:00:00+00:00
[2024-07-21T07:56:58.724+0000] {processor.py:183} INFO - Processing /opt/airflow/dags/model_train_dag.py took 1.344 seconds
[2024-07-21T07:57:28.784+0000] {processor.py:161} INFO - Started process (PID=788) to work on /opt/airflow/dags/model_train_dag.py
[2024-07-21T07:57:28.787+0000] {processor.py:830} INFO - Processing file /opt/airflow/dags/model_train_dag.py for tasks to queue
[2024-07-21T07:57:28.791+0000] {logging_mixin.py:188} INFO - [2024-07-21T07:57:28.790+0000] {dagbag.py:545} INFO - Filling up the DagBag from /opt/airflow/dags/model_train_dag.py
[2024-07-21T07:57:29.720+0000] {processor.py:840} INFO - DAG(s) 'random_forest_training' retrieved from /opt/airflow/dags/model_train_dag.py
[2024-07-21T07:57:29.732+0000] {logging_mixin.py:188} INFO - [2024-07-21T07:57:29.732+0000] {dag.py:3089} INFO - Sync 1 DAGs
[2024-07-21T07:57:29.741+0000] {logging_mixin.py:188} INFO - [2024-07-21T07:57:29.741+0000] {dag.py:3947} INFO - Setting next_dagrun for random_forest_training to 2024-07-21 00:00:00+00:00, run_after=2024-07-22 00:00:00+00:00
[2024-07-21T07:57:29.748+0000] {processor.py:183} INFO - Processing /opt/airflow/dags/model_train_dag.py took 0.975 seconds
[2024-07-21T07:58:00.160+0000] {processor.py:161} INFO - Started process (PID=822) to work on /opt/airflow/dags/model_train_dag.py
[2024-07-21T07:58:00.162+0000] {processor.py:830} INFO - Processing file /opt/airflow/dags/model_train_dag.py for tasks to queue
[2024-07-21T07:58:00.164+0000] {logging_mixin.py:188} INFO - [2024-07-21T07:58:00.163+0000] {dagbag.py:545} INFO - Filling up the DagBag from /opt/airflow/dags/model_train_dag.py
[2024-07-21T07:58:01.090+0000] {processor.py:840} INFO - DAG(s) 'random_forest_training' retrieved from /opt/airflow/dags/model_train_dag.py
[2024-07-21T07:58:01.119+0000] {logging_mixin.py:188} INFO - [2024-07-21T07:58:01.118+0000] {dag.py:3089} INFO - Sync 1 DAGs
[2024-07-21T07:58:01.131+0000] {logging_mixin.py:188} INFO - [2024-07-21T07:58:01.131+0000] {dag.py:3947} INFO - Setting next_dagrun for random_forest_training to 2024-07-21 00:00:00+00:00, run_after=2024-07-22 00:00:00+00:00
[2024-07-21T07:58:01.142+0000] {processor.py:183} INFO - Processing /opt/airflow/dags/model_train_dag.py took 0.991 seconds
[2024-07-21T07:58:31.525+0000] {processor.py:161} INFO - Started process (PID=856) to work on /opt/airflow/dags/model_train_dag.py
[2024-07-21T07:58:31.526+0000] {processor.py:830} INFO - Processing file /opt/airflow/dags/model_train_dag.py for tasks to queue
[2024-07-21T07:58:31.528+0000] {logging_mixin.py:188} INFO - [2024-07-21T07:58:31.528+0000] {dagbag.py:545} INFO - Filling up the DagBag from /opt/airflow/dags/model_train_dag.py
[2024-07-21T07:58:32.403+0000] {processor.py:840} INFO - DAG(s) 'random_forest_training' retrieved from /opt/airflow/dags/model_train_dag.py
[2024-07-21T07:58:32.425+0000] {logging_mixin.py:188} INFO - [2024-07-21T07:58:32.425+0000] {dag.py:3089} INFO - Sync 1 DAGs
[2024-07-21T07:58:32.436+0000] {logging_mixin.py:188} INFO - [2024-07-21T07:58:32.435+0000] {dag.py:3947} INFO - Setting next_dagrun for random_forest_training to 2024-07-21 00:00:00+00:00, run_after=2024-07-22 00:00:00+00:00
[2024-07-21T07:58:32.443+0000] {processor.py:183} INFO - Processing /opt/airflow/dags/model_train_dag.py took 0.925 seconds
[2024-07-21T07:59:02.771+0000] {processor.py:161} INFO - Started process (PID=899) to work on /opt/airflow/dags/model_train_dag.py
[2024-07-21T07:59:02.773+0000] {processor.py:830} INFO - Processing file /opt/airflow/dags/model_train_dag.py for tasks to queue
[2024-07-21T07:59:02.775+0000] {logging_mixin.py:188} INFO - [2024-07-21T07:59:02.774+0000] {dagbag.py:545} INFO - Filling up the DagBag from /opt/airflow/dags/model_train_dag.py
[2024-07-21T07:59:03.584+0000] {processor.py:840} INFO - DAG(s) 'random_forest_training' retrieved from /opt/airflow/dags/model_train_dag.py
[2024-07-21T07:59:03.599+0000] {logging_mixin.py:188} INFO - [2024-07-21T07:59:03.598+0000] {dag.py:3089} INFO - Sync 1 DAGs
[2024-07-21T07:59:03.608+0000] {logging_mixin.py:188} INFO - [2024-07-21T07:59:03.608+0000] {dag.py:3947} INFO - Setting next_dagrun for random_forest_training to 2024-07-21 00:00:00+00:00, run_after=2024-07-22 00:00:00+00:00
[2024-07-21T07:59:03.615+0000] {processor.py:183} INFO - Processing /opt/airflow/dags/model_train_dag.py took 0.851 seconds
[2024-07-21T07:59:33.984+0000] {processor.py:161} INFO - Started process (PID=933) to work on /opt/airflow/dags/model_train_dag.py
[2024-07-21T07:59:33.987+0000] {processor.py:830} INFO - Processing file /opt/airflow/dags/model_train_dag.py for tasks to queue
[2024-07-21T07:59:33.989+0000] {logging_mixin.py:188} INFO - [2024-07-21T07:59:33.989+0000] {dagbag.py:545} INFO - Filling up the DagBag from /opt/airflow/dags/model_train_dag.py
[2024-07-21T07:59:34.718+0000] {processor.py:840} INFO - DAG(s) 'random_forest_training' retrieved from /opt/airflow/dags/model_train_dag.py
[2024-07-21T07:59:34.729+0000] {logging_mixin.py:188} INFO - [2024-07-21T07:59:34.729+0000] {dag.py:3089} INFO - Sync 1 DAGs
[2024-07-21T07:59:34.737+0000] {logging_mixin.py:188} INFO - [2024-07-21T07:59:34.737+0000] {dag.py:3947} INFO - Setting next_dagrun for random_forest_training to 2024-07-21 00:00:00+00:00, run_after=2024-07-22 00:00:00+00:00
[2024-07-21T07:59:34.744+0000] {processor.py:183} INFO - Processing /opt/airflow/dags/model_train_dag.py took 0.768 seconds
