[2024-07-19T10:19:55.696+0000] {processor.py:161} INFO - Started process (PID=92) to work on /home/airflow/.local/lib/python3.12/site-packages/airflow/example_dags/example_branch_python_dop_operator_3.py
[2024-07-19T10:19:55.697+0000] {processor.py:830} INFO - Processing file /home/airflow/.local/lib/python3.12/site-packages/airflow/example_dags/example_branch_python_dop_operator_3.py for tasks to queue
[2024-07-19T10:19:55.699+0000] {logging_mixin.py:188} INFO - [2024-07-19T10:19:55.699+0000] {dagbag.py:545} INFO - Filling up the DagBag from /home/airflow/.local/lib/python3.12/site-packages/airflow/example_dags/example_branch_python_dop_operator_3.py
[2024-07-19T10:19:55.714+0000] {processor.py:840} INFO - DAG(s) 'example_branch_dop_operator_v3' retrieved from /home/airflow/.local/lib/python3.12/site-packages/airflow/example_dags/example_branch_python_dop_operator_3.py
[2024-07-19T10:19:55.913+0000] {logging_mixin.py:188} INFO - [2024-07-19T10:19:55.911+0000] {dag.py:3096} INFO - Sync 1 DAGs
[2024-07-19T10:19:55.997+0000] {logging_mixin.py:188} INFO - [2024-07-19T10:19:55.997+0000] {dag.py:3954} INFO - Setting next_dagrun for example_branch_dop_operator_v3 to 2024-07-19 10:18:00+00:00, run_after=2024-07-19 10:19:00+00:00
[2024-07-19T10:19:56.029+0000] {processor.py:183} INFO - Processing /home/airflow/.local/lib/python3.12/site-packages/airflow/example_dags/example_branch_python_dop_operator_3.py took 0.351 seconds
[2024-07-19T10:20:26.530+0000] {processor.py:161} INFO - Started process (PID=151) to work on /home/airflow/.local/lib/python3.12/site-packages/airflow/example_dags/example_branch_python_dop_operator_3.py
[2024-07-19T10:20:26.531+0000] {processor.py:830} INFO - Processing file /home/airflow/.local/lib/python3.12/site-packages/airflow/example_dags/example_branch_python_dop_operator_3.py for tasks to queue
[2024-07-19T10:20:26.532+0000] {logging_mixin.py:188} INFO - [2024-07-19T10:20:26.532+0000] {dagbag.py:545} INFO - Filling up the DagBag from /home/airflow/.local/lib/python3.12/site-packages/airflow/example_dags/example_branch_python_dop_operator_3.py
[2024-07-19T10:20:26.538+0000] {processor.py:840} INFO - DAG(s) 'example_branch_dop_operator_v3' retrieved from /home/airflow/.local/lib/python3.12/site-packages/airflow/example_dags/example_branch_python_dop_operator_3.py
[2024-07-19T10:20:26.555+0000] {logging_mixin.py:188} INFO - [2024-07-19T10:20:26.555+0000] {dag.py:3096} INFO - Sync 1 DAGs
[2024-07-19T10:20:26.575+0000] {logging_mixin.py:188} INFO - [2024-07-19T10:20:26.575+0000] {dag.py:3954} INFO - Setting next_dagrun for example_branch_dop_operator_v3 to 2024-07-19 10:19:00+00:00, run_after=2024-07-19 10:20:00+00:00
[2024-07-19T10:20:26.590+0000] {processor.py:183} INFO - Processing /home/airflow/.local/lib/python3.12/site-packages/airflow/example_dags/example_branch_python_dop_operator_3.py took 0.066 seconds
[2024-07-19T10:20:56.721+0000] {processor.py:161} INFO - Started process (PID=210) to work on /home/airflow/.local/lib/python3.12/site-packages/airflow/example_dags/example_branch_python_dop_operator_3.py
[2024-07-19T10:20:56.723+0000] {processor.py:830} INFO - Processing file /home/airflow/.local/lib/python3.12/site-packages/airflow/example_dags/example_branch_python_dop_operator_3.py for tasks to queue
[2024-07-19T10:20:56.725+0000] {logging_mixin.py:188} INFO - [2024-07-19T10:20:56.724+0000] {dagbag.py:545} INFO - Filling up the DagBag from /home/airflow/.local/lib/python3.12/site-packages/airflow/example_dags/example_branch_python_dop_operator_3.py
[2024-07-19T10:20:56.729+0000] {processor.py:840} INFO - DAG(s) 'example_branch_dop_operator_v3' retrieved from /home/airflow/.local/lib/python3.12/site-packages/airflow/example_dags/example_branch_python_dop_operator_3.py
[2024-07-19T10:20:56.743+0000] {logging_mixin.py:188} INFO - [2024-07-19T10:20:56.743+0000] {dag.py:3096} INFO - Sync 1 DAGs
[2024-07-19T10:20:56.760+0000] {logging_mixin.py:188} INFO - [2024-07-19T10:20:56.760+0000] {dag.py:3954} INFO - Setting next_dagrun for example_branch_dop_operator_v3 to 2024-07-19 10:19:00+00:00, run_after=2024-07-19 10:20:00+00:00
[2024-07-19T10:20:56.773+0000] {processor.py:183} INFO - Processing /home/airflow/.local/lib/python3.12/site-packages/airflow/example_dags/example_branch_python_dop_operator_3.py took 0.055 seconds
[2024-07-19T10:21:26.938+0000] {processor.py:161} INFO - Started process (PID=269) to work on /home/airflow/.local/lib/python3.12/site-packages/airflow/example_dags/example_branch_python_dop_operator_3.py
[2024-07-19T10:21:26.939+0000] {processor.py:830} INFO - Processing file /home/airflow/.local/lib/python3.12/site-packages/airflow/example_dags/example_branch_python_dop_operator_3.py for tasks to queue
[2024-07-19T10:21:26.940+0000] {logging_mixin.py:188} INFO - [2024-07-19T10:21:26.940+0000] {dagbag.py:545} INFO - Filling up the DagBag from /home/airflow/.local/lib/python3.12/site-packages/airflow/example_dags/example_branch_python_dop_operator_3.py
[2024-07-19T10:21:26.945+0000] {processor.py:840} INFO - DAG(s) 'example_branch_dop_operator_v3' retrieved from /home/airflow/.local/lib/python3.12/site-packages/airflow/example_dags/example_branch_python_dop_operator_3.py
[2024-07-19T10:21:26.956+0000] {logging_mixin.py:188} INFO - [2024-07-19T10:21:26.956+0000] {dag.py:3096} INFO - Sync 1 DAGs
[2024-07-19T10:21:26.968+0000] {logging_mixin.py:188} INFO - [2024-07-19T10:21:26.968+0000] {dag.py:3954} INFO - Setting next_dagrun for example_branch_dop_operator_v3 to 2024-07-19 10:20:00+00:00, run_after=2024-07-19 10:21:00+00:00
[2024-07-19T10:21:26.976+0000] {processor.py:183} INFO - Processing /home/airflow/.local/lib/python3.12/site-packages/airflow/example_dags/example_branch_python_dop_operator_3.py took 0.041 seconds
[2024-07-19T10:21:58.060+0000] {processor.py:161} INFO - Started process (PID=328) to work on /home/airflow/.local/lib/python3.12/site-packages/airflow/example_dags/example_branch_python_dop_operator_3.py
[2024-07-19T10:21:58.062+0000] {processor.py:830} INFO - Processing file /home/airflow/.local/lib/python3.12/site-packages/airflow/example_dags/example_branch_python_dop_operator_3.py for tasks to queue
[2024-07-19T10:21:58.065+0000] {logging_mixin.py:188} INFO - [2024-07-19T10:21:58.064+0000] {dagbag.py:545} INFO - Filling up the DagBag from /home/airflow/.local/lib/python3.12/site-packages/airflow/example_dags/example_branch_python_dop_operator_3.py
[2024-07-19T10:21:58.074+0000] {processor.py:840} INFO - DAG(s) 'example_branch_dop_operator_v3' retrieved from /home/airflow/.local/lib/python3.12/site-packages/airflow/example_dags/example_branch_python_dop_operator_3.py
[2024-07-19T10:21:58.092+0000] {logging_mixin.py:188} INFO - [2024-07-19T10:21:58.092+0000] {dag.py:3096} INFO - Sync 1 DAGs
[2024-07-19T10:21:58.153+0000] {logging_mixin.py:188} INFO - [2024-07-19T10:21:58.153+0000] {dag.py:3954} INFO - Setting next_dagrun for example_branch_dop_operator_v3 to 2024-07-19 10:20:00+00:00, run_after=2024-07-19 10:21:00+00:00
[2024-07-19T10:21:58.173+0000] {processor.py:183} INFO - Processing /home/airflow/.local/lib/python3.12/site-packages/airflow/example_dags/example_branch_python_dop_operator_3.py took 0.121 seconds
[2024-07-19T10:22:28.789+0000] {processor.py:161} INFO - Started process (PID=386) to work on /home/airflow/.local/lib/python3.12/site-packages/airflow/example_dags/example_branch_python_dop_operator_3.py
[2024-07-19T10:22:28.790+0000] {processor.py:830} INFO - Processing file /home/airflow/.local/lib/python3.12/site-packages/airflow/example_dags/example_branch_python_dop_operator_3.py for tasks to queue
[2024-07-19T10:22:28.792+0000] {logging_mixin.py:188} INFO - [2024-07-19T10:22:28.792+0000] {dagbag.py:545} INFO - Filling up the DagBag from /home/airflow/.local/lib/python3.12/site-packages/airflow/example_dags/example_branch_python_dop_operator_3.py
[2024-07-19T10:22:28.796+0000] {processor.py:840} INFO - DAG(s) 'example_branch_dop_operator_v3' retrieved from /home/airflow/.local/lib/python3.12/site-packages/airflow/example_dags/example_branch_python_dop_operator_3.py
[2024-07-19T10:22:28.807+0000] {logging_mixin.py:188} INFO - [2024-07-19T10:22:28.807+0000] {dag.py:3096} INFO - Sync 1 DAGs
[2024-07-19T10:22:28.821+0000] {logging_mixin.py:188} INFO - [2024-07-19T10:22:28.821+0000] {dag.py:3954} INFO - Setting next_dagrun for example_branch_dop_operator_v3 to 2024-07-19 10:21:00+00:00, run_after=2024-07-19 10:22:00+00:00
[2024-07-19T10:22:28.837+0000] {processor.py:183} INFO - Processing /home/airflow/.local/lib/python3.12/site-packages/airflow/example_dags/example_branch_python_dop_operator_3.py took 0.050 seconds
[2024-07-19T10:28:17.933+0000] {processor.py:161} INFO - Started process (PID=69) to work on /home/airflow/.local/lib/python3.12/site-packages/airflow/example_dags/example_branch_python_dop_operator_3.py
[2024-07-19T10:28:17.935+0000] {processor.py:830} INFO - Processing file /home/airflow/.local/lib/python3.12/site-packages/airflow/example_dags/example_branch_python_dop_operator_3.py for tasks to queue
[2024-07-19T10:28:17.939+0000] {logging_mixin.py:188} INFO - [2024-07-19T10:28:17.938+0000] {dagbag.py:545} INFO - Filling up the DagBag from /home/airflow/.local/lib/python3.12/site-packages/airflow/example_dags/example_branch_python_dop_operator_3.py
[2024-07-19T10:28:17.952+0000] {processor.py:840} INFO - DAG(s) 'example_branch_dop_operator_v3' retrieved from /home/airflow/.local/lib/python3.12/site-packages/airflow/example_dags/example_branch_python_dop_operator_3.py
[2024-07-19T10:28:18.183+0000] {logging_mixin.py:188} INFO - [2024-07-19T10:28:18.182+0000] {dag.py:3096} INFO - Sync 1 DAGs
[2024-07-19T10:28:18.292+0000] {logging_mixin.py:188} INFO - [2024-07-19T10:28:18.292+0000] {dag.py:3954} INFO - Setting next_dagrun for example_branch_dop_operator_v3 to 2024-07-19 10:27:00+00:00, run_after=2024-07-19 10:28:00+00:00
[2024-07-19T10:28:18.327+0000] {processor.py:183} INFO - Processing /home/airflow/.local/lib/python3.12/site-packages/airflow/example_dags/example_branch_python_dop_operator_3.py took 0.400 seconds
[2024-07-19T10:28:49.238+0000] {processor.py:161} INFO - Started process (PID=128) to work on /home/airflow/.local/lib/python3.12/site-packages/airflow/example_dags/example_branch_python_dop_operator_3.py
[2024-07-19T10:28:49.239+0000] {processor.py:830} INFO - Processing file /home/airflow/.local/lib/python3.12/site-packages/airflow/example_dags/example_branch_python_dop_operator_3.py for tasks to queue
[2024-07-19T10:28:49.241+0000] {logging_mixin.py:188} INFO - [2024-07-19T10:28:49.241+0000] {dagbag.py:545} INFO - Filling up the DagBag from /home/airflow/.local/lib/python3.12/site-packages/airflow/example_dags/example_branch_python_dop_operator_3.py
[2024-07-19T10:28:49.251+0000] {processor.py:840} INFO - DAG(s) 'example_branch_dop_operator_v3' retrieved from /home/airflow/.local/lib/python3.12/site-packages/airflow/example_dags/example_branch_python_dop_operator_3.py
[2024-07-19T10:28:49.274+0000] {logging_mixin.py:188} INFO - [2024-07-19T10:28:49.274+0000] {dag.py:3096} INFO - Sync 1 DAGs
[2024-07-19T10:28:49.305+0000] {logging_mixin.py:188} INFO - [2024-07-19T10:28:49.304+0000] {dag.py:3954} INFO - Setting next_dagrun for example_branch_dop_operator_v3 to 2024-07-19 10:27:00+00:00, run_after=2024-07-19 10:28:00+00:00
[2024-07-19T10:28:49.319+0000] {processor.py:183} INFO - Processing /home/airflow/.local/lib/python3.12/site-packages/airflow/example_dags/example_branch_python_dop_operator_3.py took 0.101 seconds
[2024-07-19T10:33:02.102+0000] {processor.py:161} INFO - Started process (PID=75) to work on /home/airflow/.local/lib/python3.12/site-packages/airflow/example_dags/example_branch_python_dop_operator_3.py
[2024-07-19T10:33:02.103+0000] {processor.py:830} INFO - Processing file /home/airflow/.local/lib/python3.12/site-packages/airflow/example_dags/example_branch_python_dop_operator_3.py for tasks to queue
[2024-07-19T10:33:02.105+0000] {logging_mixin.py:188} INFO - [2024-07-19T10:33:02.105+0000] {dagbag.py:545} INFO - Filling up the DagBag from /home/airflow/.local/lib/python3.12/site-packages/airflow/example_dags/example_branch_python_dop_operator_3.py
[2024-07-19T10:33:02.116+0000] {processor.py:840} INFO - DAG(s) 'example_branch_dop_operator_v3' retrieved from /home/airflow/.local/lib/python3.12/site-packages/airflow/example_dags/example_branch_python_dop_operator_3.py
[2024-07-19T10:33:02.132+0000] {logging_mixin.py:188} INFO - [2024-07-19T10:33:02.131+0000] {dag.py:3096} INFO - Sync 1 DAGs
[2024-07-19T10:33:02.170+0000] {logging_mixin.py:188} INFO - [2024-07-19T10:33:02.169+0000] {dag.py:3954} INFO - Setting next_dagrun for example_branch_dop_operator_v3 to 2024-07-19 10:32:00+00:00, run_after=2024-07-19 10:33:00+00:00
[2024-07-19T10:33:02.226+0000] {processor.py:183} INFO - Processing /home/airflow/.local/lib/python3.12/site-packages/airflow/example_dags/example_branch_python_dop_operator_3.py took 0.127 seconds
[2024-07-19T10:33:33.217+0000] {processor.py:161} INFO - Started process (PID=134) to work on /home/airflow/.local/lib/python3.12/site-packages/airflow/example_dags/example_branch_python_dop_operator_3.py
[2024-07-19T10:33:33.218+0000] {processor.py:830} INFO - Processing file /home/airflow/.local/lib/python3.12/site-packages/airflow/example_dags/example_branch_python_dop_operator_3.py for tasks to queue
[2024-07-19T10:33:33.220+0000] {logging_mixin.py:188} INFO - [2024-07-19T10:33:33.220+0000] {dagbag.py:545} INFO - Filling up the DagBag from /home/airflow/.local/lib/python3.12/site-packages/airflow/example_dags/example_branch_python_dop_operator_3.py
[2024-07-19T10:33:33.231+0000] {processor.py:840} INFO - DAG(s) 'example_branch_dop_operator_v3' retrieved from /home/airflow/.local/lib/python3.12/site-packages/airflow/example_dags/example_branch_python_dop_operator_3.py
[2024-07-19T10:33:33.304+0000] {logging_mixin.py:188} INFO - [2024-07-19T10:33:33.304+0000] {dag.py:3096} INFO - Sync 1 DAGs
[2024-07-19T10:33:33.318+0000] {logging_mixin.py:188} INFO - [2024-07-19T10:33:33.318+0000] {dag.py:3954} INFO - Setting next_dagrun for example_branch_dop_operator_v3 to 2024-07-19 10:32:00+00:00, run_after=2024-07-19 10:33:00+00:00
[2024-07-19T10:33:33.335+0000] {processor.py:183} INFO - Processing /home/airflow/.local/lib/python3.12/site-packages/airflow/example_dags/example_branch_python_dop_operator_3.py took 0.127 seconds
[2024-07-19T10:34:03.646+0000] {processor.py:161} INFO - Started process (PID=193) to work on /home/airflow/.local/lib/python3.12/site-packages/airflow/example_dags/example_branch_python_dop_operator_3.py
[2024-07-19T10:34:03.650+0000] {processor.py:830} INFO - Processing file /home/airflow/.local/lib/python3.12/site-packages/airflow/example_dags/example_branch_python_dop_operator_3.py for tasks to queue
[2024-07-19T10:34:03.654+0000] {logging_mixin.py:188} INFO - [2024-07-19T10:34:03.654+0000] {dagbag.py:545} INFO - Filling up the DagBag from /home/airflow/.local/lib/python3.12/site-packages/airflow/example_dags/example_branch_python_dop_operator_3.py
[2024-07-19T10:34:03.662+0000] {processor.py:840} INFO - DAG(s) 'example_branch_dop_operator_v3' retrieved from /home/airflow/.local/lib/python3.12/site-packages/airflow/example_dags/example_branch_python_dop_operator_3.py
[2024-07-19T10:34:03.688+0000] {logging_mixin.py:188} INFO - [2024-07-19T10:34:03.688+0000] {dag.py:3096} INFO - Sync 1 DAGs
[2024-07-19T10:34:03.739+0000] {logging_mixin.py:188} INFO - [2024-07-19T10:34:03.739+0000] {dag.py:3954} INFO - Setting next_dagrun for example_branch_dop_operator_v3 to 2024-07-19 10:33:00+00:00, run_after=2024-07-19 10:34:00+00:00
[2024-07-19T10:34:03.769+0000] {processor.py:183} INFO - Processing /home/airflow/.local/lib/python3.12/site-packages/airflow/example_dags/example_branch_python_dop_operator_3.py took 0.127 seconds
[2024-07-19T10:34:34.790+0000] {processor.py:161} INFO - Started process (PID=252) to work on /home/airflow/.local/lib/python3.12/site-packages/airflow/example_dags/example_branch_python_dop_operator_3.py
[2024-07-19T10:34:34.791+0000] {processor.py:830} INFO - Processing file /home/airflow/.local/lib/python3.12/site-packages/airflow/example_dags/example_branch_python_dop_operator_3.py for tasks to queue
[2024-07-19T10:34:34.792+0000] {logging_mixin.py:188} INFO - [2024-07-19T10:34:34.792+0000] {dagbag.py:545} INFO - Filling up the DagBag from /home/airflow/.local/lib/python3.12/site-packages/airflow/example_dags/example_branch_python_dop_operator_3.py
[2024-07-19T10:34:34.798+0000] {processor.py:840} INFO - DAG(s) 'example_branch_dop_operator_v3' retrieved from /home/airflow/.local/lib/python3.12/site-packages/airflow/example_dags/example_branch_python_dop_operator_3.py
[2024-07-19T10:34:34.814+0000] {logging_mixin.py:188} INFO - [2024-07-19T10:34:34.814+0000] {dag.py:3096} INFO - Sync 1 DAGs
[2024-07-19T10:34:34.828+0000] {logging_mixin.py:188} INFO - [2024-07-19T10:34:34.828+0000] {dag.py:3954} INFO - Setting next_dagrun for example_branch_dop_operator_v3 to 2024-07-19 10:33:00+00:00, run_after=2024-07-19 10:34:00+00:00
[2024-07-19T10:34:34.844+0000] {processor.py:183} INFO - Processing /home/airflow/.local/lib/python3.12/site-packages/airflow/example_dags/example_branch_python_dop_operator_3.py took 0.059 seconds
[2024-07-19T10:35:41.763+0000] {processor.py:161} INFO - Started process (PID=68) to work on /home/airflow/.local/lib/python3.12/site-packages/airflow/example_dags/example_branch_python_dop_operator_3.py
[2024-07-19T10:35:41.768+0000] {processor.py:830} INFO - Processing file /home/airflow/.local/lib/python3.12/site-packages/airflow/example_dags/example_branch_python_dop_operator_3.py for tasks to queue
[2024-07-19T10:35:41.776+0000] {logging_mixin.py:188} INFO - [2024-07-19T10:35:41.776+0000] {dagbag.py:545} INFO - Filling up the DagBag from /home/airflow/.local/lib/python3.12/site-packages/airflow/example_dags/example_branch_python_dop_operator_3.py
[2024-07-19T10:35:41.791+0000] {processor.py:840} INFO - DAG(s) 'example_branch_dop_operator_v3' retrieved from /home/airflow/.local/lib/python3.12/site-packages/airflow/example_dags/example_branch_python_dop_operator_3.py
[2024-07-19T10:35:41.807+0000] {logging_mixin.py:188} INFO - [2024-07-19T10:35:41.807+0000] {dag.py:3096} INFO - Sync 1 DAGs
[2024-07-19T10:35:41.843+0000] {logging_mixin.py:188} INFO - [2024-07-19T10:35:41.843+0000] {dag.py:3954} INFO - Setting next_dagrun for example_branch_dop_operator_v3 to 2024-07-19 10:34:00+00:00, run_after=2024-07-19 10:35:00+00:00
[2024-07-19T10:35:41.869+0000] {processor.py:183} INFO - Processing /home/airflow/.local/lib/python3.12/site-packages/airflow/example_dags/example_branch_python_dop_operator_3.py took 0.114 seconds
[2024-07-19T10:36:12.217+0000] {processor.py:161} INFO - Started process (PID=127) to work on /home/airflow/.local/lib/python3.12/site-packages/airflow/example_dags/example_branch_python_dop_operator_3.py
[2024-07-19T10:36:12.220+0000] {processor.py:830} INFO - Processing file /home/airflow/.local/lib/python3.12/site-packages/airflow/example_dags/example_branch_python_dop_operator_3.py for tasks to queue
[2024-07-19T10:36:12.221+0000] {logging_mixin.py:188} INFO - [2024-07-19T10:36:12.221+0000] {dagbag.py:545} INFO - Filling up the DagBag from /home/airflow/.local/lib/python3.12/site-packages/airflow/example_dags/example_branch_python_dop_operator_3.py
[2024-07-19T10:36:12.225+0000] {processor.py:840} INFO - DAG(s) 'example_branch_dop_operator_v3' retrieved from /home/airflow/.local/lib/python3.12/site-packages/airflow/example_dags/example_branch_python_dop_operator_3.py
[2024-07-19T10:36:12.268+0000] {logging_mixin.py:188} INFO - [2024-07-19T10:36:12.268+0000] {dag.py:3096} INFO - Sync 1 DAGs
[2024-07-19T10:36:12.278+0000] {logging_mixin.py:188} INFO - [2024-07-19T10:36:12.278+0000] {dag.py:3954} INFO - Setting next_dagrun for example_branch_dop_operator_v3 to 2024-07-19 10:35:00+00:00, run_after=2024-07-19 10:36:00+00:00
[2024-07-19T10:36:12.291+0000] {processor.py:183} INFO - Processing /home/airflow/.local/lib/python3.12/site-packages/airflow/example_dags/example_branch_python_dop_operator_3.py took 0.077 seconds
[2024-07-19T10:41:25.202+0000] {processor.py:161} INFO - Started process (PID=113) to work on /home/airflow/.local/lib/python3.12/site-packages/airflow/example_dags/example_branch_python_dop_operator_3.py
[2024-07-19T10:41:25.219+0000] {processor.py:830} INFO - Processing file /home/airflow/.local/lib/python3.12/site-packages/airflow/example_dags/example_branch_python_dop_operator_3.py for tasks to queue
[2024-07-19T10:41:25.245+0000] {logging_mixin.py:188} INFO - [2024-07-19T10:41:25.244+0000] {dagbag.py:545} INFO - Filling up the DagBag from /home/airflow/.local/lib/python3.12/site-packages/airflow/example_dags/example_branch_python_dop_operator_3.py
[2024-07-19T10:41:25.306+0000] {processor.py:840} INFO - DAG(s) 'example_branch_dop_operator_v3' retrieved from /home/airflow/.local/lib/python3.12/site-packages/airflow/example_dags/example_branch_python_dop_operator_3.py
[2024-07-19T10:41:26.034+0000] {logging_mixin.py:188} INFO - [2024-07-19T10:41:26.034+0000] {dag.py:3089} INFO - Sync 1 DAGs
[2024-07-19T10:41:26.172+0000] {logging_mixin.py:188} INFO - [2024-07-19T10:41:26.171+0000] {dag.py:3947} INFO - Setting next_dagrun for example_branch_dop_operator_v3 to 2024-07-19 10:40:00+00:00, run_after=2024-07-19 10:41:00+00:00
[2024-07-19T10:41:26.270+0000] {processor.py:183} INFO - Processing /home/airflow/.local/lib/python3.12/site-packages/airflow/example_dags/example_branch_python_dop_operator_3.py took 1.170 seconds
[2024-07-19T10:41:56.819+0000] {processor.py:161} INFO - Started process (PID=180) to work on /home/airflow/.local/lib/python3.12/site-packages/airflow/example_dags/example_branch_python_dop_operator_3.py
[2024-07-19T10:41:56.823+0000] {processor.py:830} INFO - Processing file /home/airflow/.local/lib/python3.12/site-packages/airflow/example_dags/example_branch_python_dop_operator_3.py for tasks to queue
[2024-07-19T10:41:56.826+0000] {logging_mixin.py:188} INFO - [2024-07-19T10:41:56.826+0000] {dagbag.py:545} INFO - Filling up the DagBag from /home/airflow/.local/lib/python3.12/site-packages/airflow/example_dags/example_branch_python_dop_operator_3.py
[2024-07-19T10:41:56.846+0000] {processor.py:840} INFO - DAG(s) 'example_branch_dop_operator_v3' retrieved from /home/airflow/.local/lib/python3.12/site-packages/airflow/example_dags/example_branch_python_dop_operator_3.py
[2024-07-19T10:41:56.873+0000] {logging_mixin.py:188} INFO - [2024-07-19T10:41:56.873+0000] {dag.py:3089} INFO - Sync 1 DAGs
[2024-07-19T10:41:56.907+0000] {logging_mixin.py:188} INFO - [2024-07-19T10:41:56.907+0000] {dag.py:3947} INFO - Setting next_dagrun for example_branch_dop_operator_v3 to 2024-07-19 10:40:00+00:00, run_after=2024-07-19 10:41:00+00:00
[2024-07-19T10:41:56.939+0000] {processor.py:183} INFO - Processing /home/airflow/.local/lib/python3.12/site-packages/airflow/example_dags/example_branch_python_dop_operator_3.py took 0.125 seconds
[2024-07-19T10:49:31.893+0000] {processor.py:161} INFO - Started process (PID=79) to work on /home/airflow/.local/lib/python3.12/site-packages/airflow/example_dags/example_branch_python_dop_operator_3.py
[2024-07-19T10:49:31.894+0000] {processor.py:830} INFO - Processing file /home/airflow/.local/lib/python3.12/site-packages/airflow/example_dags/example_branch_python_dop_operator_3.py for tasks to queue
[2024-07-19T10:49:31.895+0000] {logging_mixin.py:188} INFO - [2024-07-19T10:49:31.895+0000] {dagbag.py:545} INFO - Filling up the DagBag from /home/airflow/.local/lib/python3.12/site-packages/airflow/example_dags/example_branch_python_dop_operator_3.py
[2024-07-19T10:49:31.902+0000] {processor.py:840} INFO - DAG(s) 'example_branch_dop_operator_v3' retrieved from /home/airflow/.local/lib/python3.12/site-packages/airflow/example_dags/example_branch_python_dop_operator_3.py
[2024-07-19T10:49:31.921+0000] {logging_mixin.py:188} INFO - [2024-07-19T10:49:31.921+0000] {dag.py:3089} INFO - Sync 1 DAGs
[2024-07-19T10:49:31.939+0000] {logging_mixin.py:188} INFO - [2024-07-19T10:49:31.939+0000] {dag.py:3947} INFO - Setting next_dagrun for example_branch_dop_operator_v3 to 2024-07-19 10:48:00+00:00, run_after=2024-07-19 10:49:00+00:00
[2024-07-19T10:49:31.954+0000] {processor.py:183} INFO - Processing /home/airflow/.local/lib/python3.12/site-packages/airflow/example_dags/example_branch_python_dop_operator_3.py took 0.064 seconds
[2024-07-19T10:50:02.109+0000] {processor.py:161} INFO - Started process (PID=146) to work on /home/airflow/.local/lib/python3.12/site-packages/airflow/example_dags/example_branch_python_dop_operator_3.py
[2024-07-19T10:50:02.110+0000] {processor.py:830} INFO - Processing file /home/airflow/.local/lib/python3.12/site-packages/airflow/example_dags/example_branch_python_dop_operator_3.py for tasks to queue
[2024-07-19T10:50:02.115+0000] {logging_mixin.py:188} INFO - [2024-07-19T10:50:02.114+0000] {dagbag.py:545} INFO - Filling up the DagBag from /home/airflow/.local/lib/python3.12/site-packages/airflow/example_dags/example_branch_python_dop_operator_3.py
[2024-07-19T10:50:02.119+0000] {processor.py:840} INFO - DAG(s) 'example_branch_dop_operator_v3' retrieved from /home/airflow/.local/lib/python3.12/site-packages/airflow/example_dags/example_branch_python_dop_operator_3.py
[2024-07-19T10:50:02.138+0000] {logging_mixin.py:188} INFO - [2024-07-19T10:50:02.137+0000] {dag.py:3089} INFO - Sync 1 DAGs
[2024-07-19T10:50:02.155+0000] {logging_mixin.py:188} INFO - [2024-07-19T10:50:02.155+0000] {dag.py:3947} INFO - Setting next_dagrun for example_branch_dop_operator_v3 to 2024-07-19 10:49:00+00:00, run_after=2024-07-19 10:50:00+00:00
[2024-07-19T10:50:02.165+0000] {processor.py:183} INFO - Processing /home/airflow/.local/lib/python3.12/site-packages/airflow/example_dags/example_branch_python_dop_operator_3.py took 0.058 seconds
