[2024-07-19T10:19:56.831+0000] {processor.py:161} INFO - Started process (PID=100) to work on /home/airflow/.local/lib/python3.12/site-packages/airflow/example_dags/example_sla_dag.py
[2024-07-19T10:19:56.835+0000] {processor.py:830} INFO - Processing file /home/airflow/.local/lib/python3.12/site-packages/airflow/example_dags/example_sla_dag.py for tasks to queue
[2024-07-19T10:19:56.837+0000] {logging_mixin.py:188} INFO - [2024-07-19T10:19:56.837+0000] {dagbag.py:545} INFO - Filling up the DagBag from /home/airflow/.local/lib/python3.12/site-packages/airflow/example_dags/example_sla_dag.py
[2024-07-19T10:19:56.845+0000] {processor.py:840} INFO - DAG(s) 'example_sla_dag' retrieved from /home/airflow/.local/lib/python3.12/site-packages/airflow/example_dags/example_sla_dag.py
[2024-07-19T10:19:56.910+0000] {logging_mixin.py:188} INFO - [2024-07-19T10:19:56.910+0000] {dag.py:3096} INFO - Sync 1 DAGs
[2024-07-19T10:19:56.924+0000] {logging_mixin.py:188} INFO - [2024-07-19T10:19:56.924+0000] {dag.py:3954} INFO - Setting next_dagrun for example_sla_dag to 2024-07-19 10:16:00+00:00, run_after=2024-07-19 10:18:00+00:00
[2024-07-19T10:19:56.939+0000] {processor.py:183} INFO - Processing /home/airflow/.local/lib/python3.12/site-packages/airflow/example_dags/example_sla_dag.py took 0.112 seconds
[2024-07-19T10:20:27.941+0000] {processor.py:161} INFO - Started process (PID=159) to work on /home/airflow/.local/lib/python3.12/site-packages/airflow/example_dags/example_sla_dag.py
[2024-07-19T10:20:27.941+0000] {processor.py:830} INFO - Processing file /home/airflow/.local/lib/python3.12/site-packages/airflow/example_dags/example_sla_dag.py for tasks to queue
[2024-07-19T10:20:27.942+0000] {logging_mixin.py:188} INFO - [2024-07-19T10:20:27.942+0000] {dagbag.py:545} INFO - Filling up the DagBag from /home/airflow/.local/lib/python3.12/site-packages/airflow/example_dags/example_sla_dag.py
[2024-07-19T10:20:27.947+0000] {processor.py:840} INFO - DAG(s) 'example_sla_dag' retrieved from /home/airflow/.local/lib/python3.12/site-packages/airflow/example_dags/example_sla_dag.py
[2024-07-19T10:20:27.961+0000] {logging_mixin.py:188} INFO - [2024-07-19T10:20:27.961+0000] {dag.py:3096} INFO - Sync 1 DAGs
[2024-07-19T10:20:27.973+0000] {logging_mixin.py:188} INFO - [2024-07-19T10:20:27.973+0000] {dag.py:3954} INFO - Setting next_dagrun for example_sla_dag to 2024-07-19 10:18:00+00:00, run_after=2024-07-19 10:20:00+00:00
[2024-07-19T10:20:27.987+0000] {processor.py:183} INFO - Processing /home/airflow/.local/lib/python3.12/site-packages/airflow/example_dags/example_sla_dag.py took 0.049 seconds
[2024-07-19T10:20:58.040+0000] {processor.py:161} INFO - Started process (PID=218) to work on /home/airflow/.local/lib/python3.12/site-packages/airflow/example_dags/example_sla_dag.py
[2024-07-19T10:20:58.041+0000] {processor.py:830} INFO - Processing file /home/airflow/.local/lib/python3.12/site-packages/airflow/example_dags/example_sla_dag.py for tasks to queue
[2024-07-19T10:20:58.042+0000] {logging_mixin.py:188} INFO - [2024-07-19T10:20:58.042+0000] {dagbag.py:545} INFO - Filling up the DagBag from /home/airflow/.local/lib/python3.12/site-packages/airflow/example_dags/example_sla_dag.py
[2024-07-19T10:20:58.047+0000] {processor.py:840} INFO - DAG(s) 'example_sla_dag' retrieved from /home/airflow/.local/lib/python3.12/site-packages/airflow/example_dags/example_sla_dag.py
[2024-07-19T10:20:58.061+0000] {logging_mixin.py:188} INFO - [2024-07-19T10:20:58.061+0000] {dag.py:3096} INFO - Sync 1 DAGs
[2024-07-19T10:20:58.075+0000] {logging_mixin.py:188} INFO - [2024-07-19T10:20:58.075+0000] {dag.py:3954} INFO - Setting next_dagrun for example_sla_dag to 2024-07-19 10:18:00+00:00, run_after=2024-07-19 10:20:00+00:00
[2024-07-19T10:20:58.086+0000] {processor.py:183} INFO - Processing /home/airflow/.local/lib/python3.12/site-packages/airflow/example_dags/example_sla_dag.py took 0.051 seconds
[2024-07-19T10:21:28.211+0000] {processor.py:161} INFO - Started process (PID=277) to work on /home/airflow/.local/lib/python3.12/site-packages/airflow/example_dags/example_sla_dag.py
[2024-07-19T10:21:28.213+0000] {processor.py:830} INFO - Processing file /home/airflow/.local/lib/python3.12/site-packages/airflow/example_dags/example_sla_dag.py for tasks to queue
[2024-07-19T10:21:28.214+0000] {logging_mixin.py:188} INFO - [2024-07-19T10:21:28.214+0000] {dagbag.py:545} INFO - Filling up the DagBag from /home/airflow/.local/lib/python3.12/site-packages/airflow/example_dags/example_sla_dag.py
[2024-07-19T10:21:28.219+0000] {processor.py:840} INFO - DAG(s) 'example_sla_dag' retrieved from /home/airflow/.local/lib/python3.12/site-packages/airflow/example_dags/example_sla_dag.py
[2024-07-19T10:21:28.229+0000] {logging_mixin.py:188} INFO - [2024-07-19T10:21:28.229+0000] {dag.py:3096} INFO - Sync 1 DAGs
[2024-07-19T10:21:28.241+0000] {logging_mixin.py:188} INFO - [2024-07-19T10:21:28.240+0000] {dag.py:3954} INFO - Setting next_dagrun for example_sla_dag to 2024-07-19 10:18:00+00:00, run_after=2024-07-19 10:20:00+00:00
[2024-07-19T10:21:28.253+0000] {processor.py:183} INFO - Processing /home/airflow/.local/lib/python3.12/site-packages/airflow/example_dags/example_sla_dag.py took 0.045 seconds
[2024-07-19T10:21:58.499+0000] {processor.py:161} INFO - Started process (PID=336) to work on /home/airflow/.local/lib/python3.12/site-packages/airflow/example_dags/example_sla_dag.py
[2024-07-19T10:21:58.499+0000] {processor.py:830} INFO - Processing file /home/airflow/.local/lib/python3.12/site-packages/airflow/example_dags/example_sla_dag.py for tasks to queue
[2024-07-19T10:21:58.500+0000] {logging_mixin.py:188} INFO - [2024-07-19T10:21:58.500+0000] {dagbag.py:545} INFO - Filling up the DagBag from /home/airflow/.local/lib/python3.12/site-packages/airflow/example_dags/example_sla_dag.py
[2024-07-19T10:21:58.504+0000] {processor.py:840} INFO - DAG(s) 'example_sla_dag' retrieved from /home/airflow/.local/lib/python3.12/site-packages/airflow/example_dags/example_sla_dag.py
[2024-07-19T10:21:58.514+0000] {logging_mixin.py:188} INFO - [2024-07-19T10:21:58.514+0000] {dag.py:3096} INFO - Sync 1 DAGs
[2024-07-19T10:21:58.526+0000] {logging_mixin.py:188} INFO - [2024-07-19T10:21:58.526+0000] {dag.py:3954} INFO - Setting next_dagrun for example_sla_dag to 2024-07-19 10:18:00+00:00, run_after=2024-07-19 10:20:00+00:00
[2024-07-19T10:21:58.534+0000] {processor.py:183} INFO - Processing /home/airflow/.local/lib/python3.12/site-packages/airflow/example_dags/example_sla_dag.py took 0.038 seconds
[2024-07-19T10:22:29.059+0000] {processor.py:161} INFO - Started process (PID=394) to work on /home/airflow/.local/lib/python3.12/site-packages/airflow/example_dags/example_sla_dag.py
[2024-07-19T10:22:29.062+0000] {processor.py:830} INFO - Processing file /home/airflow/.local/lib/python3.12/site-packages/airflow/example_dags/example_sla_dag.py for tasks to queue
[2024-07-19T10:22:29.063+0000] {logging_mixin.py:188} INFO - [2024-07-19T10:22:29.063+0000] {dagbag.py:545} INFO - Filling up the DagBag from /home/airflow/.local/lib/python3.12/site-packages/airflow/example_dags/example_sla_dag.py
[2024-07-19T10:22:29.068+0000] {processor.py:840} INFO - DAG(s) 'example_sla_dag' retrieved from /home/airflow/.local/lib/python3.12/site-packages/airflow/example_dags/example_sla_dag.py
[2024-07-19T10:22:29.079+0000] {logging_mixin.py:188} INFO - [2024-07-19T10:22:29.079+0000] {dag.py:3096} INFO - Sync 1 DAGs
[2024-07-19T10:22:29.093+0000] {logging_mixin.py:188} INFO - [2024-07-19T10:22:29.093+0000] {dag.py:3954} INFO - Setting next_dagrun for example_sla_dag to 2024-07-19 10:20:00+00:00, run_after=2024-07-19 10:22:00+00:00
[2024-07-19T10:22:29.114+0000] {processor.py:183} INFO - Processing /home/airflow/.local/lib/python3.12/site-packages/airflow/example_dags/example_sla_dag.py took 0.058 seconds
[2024-07-19T10:28:18.919+0000] {processor.py:161} INFO - Started process (PID=77) to work on /home/airflow/.local/lib/python3.12/site-packages/airflow/example_dags/example_sla_dag.py
[2024-07-19T10:28:18.920+0000] {processor.py:830} INFO - Processing file /home/airflow/.local/lib/python3.12/site-packages/airflow/example_dags/example_sla_dag.py for tasks to queue
[2024-07-19T10:28:18.922+0000] {logging_mixin.py:188} INFO - [2024-07-19T10:28:18.922+0000] {dagbag.py:545} INFO - Filling up the DagBag from /home/airflow/.local/lib/python3.12/site-packages/airflow/example_dags/example_sla_dag.py
[2024-07-19T10:28:18.932+0000] {processor.py:840} INFO - DAG(s) 'example_sla_dag' retrieved from /home/airflow/.local/lib/python3.12/site-packages/airflow/example_dags/example_sla_dag.py
[2024-07-19T10:28:18.958+0000] {logging_mixin.py:188} INFO - [2024-07-19T10:28:18.958+0000] {dag.py:3096} INFO - Sync 1 DAGs
[2024-07-19T10:28:18.972+0000] {logging_mixin.py:188} INFO - [2024-07-19T10:28:18.972+0000] {dag.py:3954} INFO - Setting next_dagrun for example_sla_dag to 2024-07-19 10:26:00+00:00, run_after=2024-07-19 10:28:00+00:00
[2024-07-19T10:28:18.986+0000] {processor.py:183} INFO - Processing /home/airflow/.local/lib/python3.12/site-packages/airflow/example_dags/example_sla_dag.py took 0.071 seconds
[2024-07-19T10:28:49.568+0000] {processor.py:161} INFO - Started process (PID=136) to work on /home/airflow/.local/lib/python3.12/site-packages/airflow/example_dags/example_sla_dag.py
[2024-07-19T10:28:49.568+0000] {processor.py:830} INFO - Processing file /home/airflow/.local/lib/python3.12/site-packages/airflow/example_dags/example_sla_dag.py for tasks to queue
[2024-07-19T10:28:49.569+0000] {logging_mixin.py:188} INFO - [2024-07-19T10:28:49.569+0000] {dagbag.py:545} INFO - Filling up the DagBag from /home/airflow/.local/lib/python3.12/site-packages/airflow/example_dags/example_sla_dag.py
[2024-07-19T10:28:49.574+0000] {processor.py:840} INFO - DAG(s) 'example_sla_dag' retrieved from /home/airflow/.local/lib/python3.12/site-packages/airflow/example_dags/example_sla_dag.py
[2024-07-19T10:28:49.583+0000] {logging_mixin.py:188} INFO - [2024-07-19T10:28:49.583+0000] {dag.py:3096} INFO - Sync 1 DAGs
[2024-07-19T10:28:49.593+0000] {logging_mixin.py:188} INFO - [2024-07-19T10:28:49.593+0000] {dag.py:3954} INFO - Setting next_dagrun for example_sla_dag to 2024-07-19 10:26:00+00:00, run_after=2024-07-19 10:28:00+00:00
[2024-07-19T10:28:49.601+0000] {processor.py:183} INFO - Processing /home/airflow/.local/lib/python3.12/site-packages/airflow/example_dags/example_sla_dag.py took 0.036 seconds
[2024-07-19T10:33:02.974+0000] {processor.py:161} INFO - Started process (PID=83) to work on /home/airflow/.local/lib/python3.12/site-packages/airflow/example_dags/example_sla_dag.py
[2024-07-19T10:33:02.976+0000] {processor.py:830} INFO - Processing file /home/airflow/.local/lib/python3.12/site-packages/airflow/example_dags/example_sla_dag.py for tasks to queue
[2024-07-19T10:33:02.978+0000] {logging_mixin.py:188} INFO - [2024-07-19T10:33:02.977+0000] {dagbag.py:545} INFO - Filling up the DagBag from /home/airflow/.local/lib/python3.12/site-packages/airflow/example_dags/example_sla_dag.py
[2024-07-19T10:33:03.001+0000] {processor.py:840} INFO - DAG(s) 'example_sla_dag' retrieved from /home/airflow/.local/lib/python3.12/site-packages/airflow/example_dags/example_sla_dag.py
[2024-07-19T10:33:03.043+0000] {logging_mixin.py:188} INFO - [2024-07-19T10:33:03.042+0000] {dag.py:3096} INFO - Sync 1 DAGs
[2024-07-19T10:33:03.157+0000] {logging_mixin.py:188} INFO - [2024-07-19T10:33:03.156+0000] {dag.py:3954} INFO - Setting next_dagrun for example_sla_dag to 2024-07-19 10:30:00+00:00, run_after=2024-07-19 10:32:00+00:00
[2024-07-19T10:33:03.414+0000] {processor.py:183} INFO - Processing /home/airflow/.local/lib/python3.12/site-packages/airflow/example_dags/example_sla_dag.py took 0.446 seconds
[2024-07-19T10:33:33.758+0000] {processor.py:161} INFO - Started process (PID=142) to work on /home/airflow/.local/lib/python3.12/site-packages/airflow/example_dags/example_sla_dag.py
[2024-07-19T10:33:33.759+0000] {processor.py:830} INFO - Processing file /home/airflow/.local/lib/python3.12/site-packages/airflow/example_dags/example_sla_dag.py for tasks to queue
[2024-07-19T10:33:33.760+0000] {logging_mixin.py:188} INFO - [2024-07-19T10:33:33.760+0000] {dagbag.py:545} INFO - Filling up the DagBag from /home/airflow/.local/lib/python3.12/site-packages/airflow/example_dags/example_sla_dag.py
[2024-07-19T10:33:33.764+0000] {processor.py:840} INFO - DAG(s) 'example_sla_dag' retrieved from /home/airflow/.local/lib/python3.12/site-packages/airflow/example_dags/example_sla_dag.py
[2024-07-19T10:33:33.818+0000] {logging_mixin.py:188} INFO - [2024-07-19T10:33:33.818+0000] {dag.py:3096} INFO - Sync 1 DAGs
[2024-07-19T10:33:33.829+0000] {logging_mixin.py:188} INFO - [2024-07-19T10:33:33.828+0000] {dag.py:3954} INFO - Setting next_dagrun for example_sla_dag to 2024-07-19 10:30:00+00:00, run_after=2024-07-19 10:32:00+00:00
[2024-07-19T10:33:33.840+0000] {processor.py:183} INFO - Processing /home/airflow/.local/lib/python3.12/site-packages/airflow/example_dags/example_sla_dag.py took 0.085 seconds
[2024-07-19T10:34:04.339+0000] {processor.py:161} INFO - Started process (PID=201) to work on /home/airflow/.local/lib/python3.12/site-packages/airflow/example_dags/example_sla_dag.py
[2024-07-19T10:34:04.340+0000] {processor.py:830} INFO - Processing file /home/airflow/.local/lib/python3.12/site-packages/airflow/example_dags/example_sla_dag.py for tasks to queue
[2024-07-19T10:34:04.342+0000] {logging_mixin.py:188} INFO - [2024-07-19T10:34:04.341+0000] {dagbag.py:545} INFO - Filling up the DagBag from /home/airflow/.local/lib/python3.12/site-packages/airflow/example_dags/example_sla_dag.py
[2024-07-19T10:34:04.346+0000] {processor.py:840} INFO - DAG(s) 'example_sla_dag' retrieved from /home/airflow/.local/lib/python3.12/site-packages/airflow/example_dags/example_sla_dag.py
[2024-07-19T10:34:04.389+0000] {logging_mixin.py:188} INFO - [2024-07-19T10:34:04.388+0000] {dag.py:3096} INFO - Sync 1 DAGs
[2024-07-19T10:34:04.401+0000] {logging_mixin.py:188} INFO - [2024-07-19T10:34:04.401+0000] {dag.py:3954} INFO - Setting next_dagrun for example_sla_dag to 2024-07-19 10:32:00+00:00, run_after=2024-07-19 10:34:00+00:00
[2024-07-19T10:34:04.416+0000] {processor.py:183} INFO - Processing /home/airflow/.local/lib/python3.12/site-packages/airflow/example_dags/example_sla_dag.py took 0.079 seconds
[2024-07-19T10:34:35.091+0000] {processor.py:161} INFO - Started process (PID=260) to work on /home/airflow/.local/lib/python3.12/site-packages/airflow/example_dags/example_sla_dag.py
[2024-07-19T10:34:35.093+0000] {processor.py:830} INFO - Processing file /home/airflow/.local/lib/python3.12/site-packages/airflow/example_dags/example_sla_dag.py for tasks to queue
[2024-07-19T10:34:35.094+0000] {logging_mixin.py:188} INFO - [2024-07-19T10:34:35.094+0000] {dagbag.py:545} INFO - Filling up the DagBag from /home/airflow/.local/lib/python3.12/site-packages/airflow/example_dags/example_sla_dag.py
[2024-07-19T10:34:35.098+0000] {processor.py:840} INFO - DAG(s) 'example_sla_dag' retrieved from /home/airflow/.local/lib/python3.12/site-packages/airflow/example_dags/example_sla_dag.py
[2024-07-19T10:34:35.117+0000] {logging_mixin.py:188} INFO - [2024-07-19T10:34:35.117+0000] {dag.py:3096} INFO - Sync 1 DAGs
[2024-07-19T10:34:35.128+0000] {logging_mixin.py:188} INFO - [2024-07-19T10:34:35.128+0000] {dag.py:3954} INFO - Setting next_dagrun for example_sla_dag to 2024-07-19 10:32:00+00:00, run_after=2024-07-19 10:34:00+00:00
[2024-07-19T10:34:35.141+0000] {processor.py:183} INFO - Processing /home/airflow/.local/lib/python3.12/site-packages/airflow/example_dags/example_sla_dag.py took 0.052 seconds
[2024-07-19T10:35:42.252+0000] {processor.py:161} INFO - Started process (PID=76) to work on /home/airflow/.local/lib/python3.12/site-packages/airflow/example_dags/example_sla_dag.py
[2024-07-19T10:35:42.254+0000] {processor.py:830} INFO - Processing file /home/airflow/.local/lib/python3.12/site-packages/airflow/example_dags/example_sla_dag.py for tasks to queue
[2024-07-19T10:35:42.257+0000] {logging_mixin.py:188} INFO - [2024-07-19T10:35:42.256+0000] {dagbag.py:545} INFO - Filling up the DagBag from /home/airflow/.local/lib/python3.12/site-packages/airflow/example_dags/example_sla_dag.py
[2024-07-19T10:35:42.268+0000] {processor.py:840} INFO - DAG(s) 'example_sla_dag' retrieved from /home/airflow/.local/lib/python3.12/site-packages/airflow/example_dags/example_sla_dag.py
[2024-07-19T10:35:42.282+0000] {logging_mixin.py:188} INFO - [2024-07-19T10:35:42.282+0000] {dag.py:3096} INFO - Sync 1 DAGs
[2024-07-19T10:35:42.307+0000] {logging_mixin.py:188} INFO - [2024-07-19T10:35:42.307+0000] {dag.py:3954} INFO - Setting next_dagrun for example_sla_dag to 2024-07-19 10:32:00+00:00, run_after=2024-07-19 10:34:00+00:00
[2024-07-19T10:35:42.350+0000] {processor.py:183} INFO - Processing /home/airflow/.local/lib/python3.12/site-packages/airflow/example_dags/example_sla_dag.py took 0.116 seconds
[2024-07-19T10:36:12.576+0000] {processor.py:161} INFO - Started process (PID=135) to work on /home/airflow/.local/lib/python3.12/site-packages/airflow/example_dags/example_sla_dag.py
[2024-07-19T10:36:12.579+0000] {processor.py:830} INFO - Processing file /home/airflow/.local/lib/python3.12/site-packages/airflow/example_dags/example_sla_dag.py for tasks to queue
[2024-07-19T10:36:12.580+0000] {logging_mixin.py:188} INFO - [2024-07-19T10:36:12.580+0000] {dagbag.py:545} INFO - Filling up the DagBag from /home/airflow/.local/lib/python3.12/site-packages/airflow/example_dags/example_sla_dag.py
[2024-07-19T10:36:12.586+0000] {processor.py:840} INFO - DAG(s) 'example_sla_dag' retrieved from /home/airflow/.local/lib/python3.12/site-packages/airflow/example_dags/example_sla_dag.py
[2024-07-19T10:36:12.630+0000] {logging_mixin.py:188} INFO - [2024-07-19T10:36:12.629+0000] {dag.py:3096} INFO - Sync 1 DAGs
[2024-07-19T10:36:12.639+0000] {logging_mixin.py:188} INFO - [2024-07-19T10:36:12.639+0000] {dag.py:3954} INFO - Setting next_dagrun for example_sla_dag to 2024-07-19 10:34:00+00:00, run_after=2024-07-19 10:36:00+00:00
[2024-07-19T10:36:12.648+0000] {processor.py:183} INFO - Processing /home/airflow/.local/lib/python3.12/site-packages/airflow/example_dags/example_sla_dag.py took 0.074 seconds
[2024-07-19T10:41:30.115+0000] {processor.py:161} INFO - Started process (PID=121) to work on /home/airflow/.local/lib/python3.12/site-packages/airflow/example_dags/example_sla_dag.py
[2024-07-19T10:41:30.272+0000] {processor.py:830} INFO - Processing file /home/airflow/.local/lib/python3.12/site-packages/airflow/example_dags/example_sla_dag.py for tasks to queue
[2024-07-19T10:41:30.293+0000] {logging_mixin.py:188} INFO - [2024-07-19T10:41:30.293+0000] {dagbag.py:545} INFO - Filling up the DagBag from /home/airflow/.local/lib/python3.12/site-packages/airflow/example_dags/example_sla_dag.py
[2024-07-19T10:41:30.357+0000] {processor.py:840} INFO - DAG(s) 'example_sla_dag' retrieved from /home/airflow/.local/lib/python3.12/site-packages/airflow/example_dags/example_sla_dag.py
[2024-07-19T10:41:30.733+0000] {logging_mixin.py:188} INFO - [2024-07-19T10:41:30.733+0000] {dag.py:3089} INFO - Sync 1 DAGs
[2024-07-19T10:41:30.787+0000] {logging_mixin.py:188} INFO - [2024-07-19T10:41:30.787+0000] {dag.py:3947} INFO - Setting next_dagrun for example_sla_dag to 2024-07-19 10:38:00+00:00, run_after=2024-07-19 10:40:00+00:00
[2024-07-19T10:41:30.851+0000] {processor.py:183} INFO - Processing /home/airflow/.local/lib/python3.12/site-packages/airflow/example_dags/example_sla_dag.py took 0.750 seconds
[2024-07-19T10:42:02.220+0000] {processor.py:161} INFO - Started process (PID=188) to work on /home/airflow/.local/lib/python3.12/site-packages/airflow/example_dags/example_sla_dag.py
[2024-07-19T10:42:02.222+0000] {processor.py:830} INFO - Processing file /home/airflow/.local/lib/python3.12/site-packages/airflow/example_dags/example_sla_dag.py for tasks to queue
[2024-07-19T10:42:02.226+0000] {logging_mixin.py:188} INFO - [2024-07-19T10:42:02.225+0000] {dagbag.py:545} INFO - Filling up the DagBag from /home/airflow/.local/lib/python3.12/site-packages/airflow/example_dags/example_sla_dag.py
[2024-07-19T10:42:02.244+0000] {processor.py:840} INFO - DAG(s) 'example_sla_dag' retrieved from /home/airflow/.local/lib/python3.12/site-packages/airflow/example_dags/example_sla_dag.py
[2024-07-19T10:42:02.278+0000] {logging_mixin.py:188} INFO - [2024-07-19T10:42:02.278+0000] {dag.py:3089} INFO - Sync 1 DAGs
[2024-07-19T10:42:02.313+0000] {logging_mixin.py:188} INFO - [2024-07-19T10:42:02.313+0000] {dag.py:3947} INFO - Setting next_dagrun for example_sla_dag to 2024-07-19 10:40:00+00:00, run_after=2024-07-19 10:42:00+00:00
[2024-07-19T10:42:02.337+0000] {processor.py:183} INFO - Processing /home/airflow/.local/lib/python3.12/site-packages/airflow/example_dags/example_sla_dag.py took 0.142 seconds
[2024-07-19T10:49:32.463+0000] {processor.py:161} INFO - Started process (PID=87) to work on /home/airflow/.local/lib/python3.12/site-packages/airflow/example_dags/example_sla_dag.py
[2024-07-19T10:49:32.465+0000] {processor.py:830} INFO - Processing file /home/airflow/.local/lib/python3.12/site-packages/airflow/example_dags/example_sla_dag.py for tasks to queue
[2024-07-19T10:49:32.468+0000] {logging_mixin.py:188} INFO - [2024-07-19T10:49:32.467+0000] {dagbag.py:545} INFO - Filling up the DagBag from /home/airflow/.local/lib/python3.12/site-packages/airflow/example_dags/example_sla_dag.py
[2024-07-19T10:49:32.476+0000] {processor.py:840} INFO - DAG(s) 'example_sla_dag' retrieved from /home/airflow/.local/lib/python3.12/site-packages/airflow/example_dags/example_sla_dag.py
[2024-07-19T10:49:32.497+0000] {logging_mixin.py:188} INFO - [2024-07-19T10:49:32.497+0000] {dag.py:3089} INFO - Sync 1 DAGs
[2024-07-19T10:49:32.517+0000] {logging_mixin.py:188} INFO - [2024-07-19T10:49:32.517+0000] {dag.py:3947} INFO - Setting next_dagrun for example_sla_dag to 2024-07-19 10:46:00+00:00, run_after=2024-07-19 10:48:00+00:00
[2024-07-19T10:49:32.561+0000] {processor.py:183} INFO - Processing /home/airflow/.local/lib/python3.12/site-packages/airflow/example_dags/example_sla_dag.py took 0.104 seconds
[2024-07-19T10:50:04.130+0000] {processor.py:161} INFO - Started process (PID=154) to work on /home/airflow/.local/lib/python3.12/site-packages/airflow/example_dags/example_sla_dag.py
[2024-07-19T10:50:04.131+0000] {processor.py:830} INFO - Processing file /home/airflow/.local/lib/python3.12/site-packages/airflow/example_dags/example_sla_dag.py for tasks to queue
[2024-07-19T10:50:04.132+0000] {logging_mixin.py:188} INFO - [2024-07-19T10:50:04.132+0000] {dagbag.py:545} INFO - Filling up the DagBag from /home/airflow/.local/lib/python3.12/site-packages/airflow/example_dags/example_sla_dag.py
[2024-07-19T10:50:04.142+0000] {processor.py:840} INFO - DAG(s) 'example_sla_dag' retrieved from /home/airflow/.local/lib/python3.12/site-packages/airflow/example_dags/example_sla_dag.py
[2024-07-19T10:50:04.169+0000] {logging_mixin.py:188} INFO - [2024-07-19T10:50:04.169+0000] {dag.py:3089} INFO - Sync 1 DAGs
[2024-07-19T10:50:04.190+0000] {logging_mixin.py:188} INFO - [2024-07-19T10:50:04.190+0000] {dag.py:3947} INFO - Setting next_dagrun for example_sla_dag to 2024-07-19 10:48:00+00:00, run_after=2024-07-19 10:50:00+00:00
[2024-07-19T10:50:04.212+0000] {processor.py:183} INFO - Processing /home/airflow/.local/lib/python3.12/site-packages/airflow/example_dags/example_sla_dag.py took 0.089 seconds
