[2024-07-19T10:19:55.711+0000] {processor.py:161} INFO - Started process (PID=93) to work on /home/airflow/.local/lib/python3.12/site-packages/airflow/example_dags/example_task_group.py
[2024-07-19T10:19:55.714+0000] {processor.py:830} INFO - Processing file /home/airflow/.local/lib/python3.12/site-packages/airflow/example_dags/example_task_group.py for tasks to queue
[2024-07-19T10:19:55.718+0000] {logging_mixin.py:188} INFO - [2024-07-19T10:19:55.717+0000] {dagbag.py:545} INFO - Filling up the DagBag from /home/airflow/.local/lib/python3.12/site-packages/airflow/example_dags/example_task_group.py
[2024-07-19T10:19:55.726+0000] {processor.py:840} INFO - DAG(s) 'example_task_group' retrieved from /home/airflow/.local/lib/python3.12/site-packages/airflow/example_dags/example_task_group.py
[2024-07-19T10:19:55.963+0000] {logging_mixin.py:188} INFO - [2024-07-19T10:19:55.960+0000] {dag.py:3096} INFO - Sync 1 DAGs
[2024-07-19T10:19:56.006+0000] {logging_mixin.py:188} INFO - [2024-07-19T10:19:56.005+0000] {dag.py:3954} INFO - Setting next_dagrun for example_task_group to 2024-07-18 00:00:00+00:00, run_after=2024-07-19 00:00:00+00:00
[2024-07-19T10:19:56.049+0000] {processor.py:183} INFO - Processing /home/airflow/.local/lib/python3.12/site-packages/airflow/example_dags/example_task_group.py took 0.346 seconds
[2024-07-19T10:20:26.541+0000] {processor.py:161} INFO - Started process (PID=152) to work on /home/airflow/.local/lib/python3.12/site-packages/airflow/example_dags/example_task_group.py
[2024-07-19T10:20:26.542+0000] {processor.py:830} INFO - Processing file /home/airflow/.local/lib/python3.12/site-packages/airflow/example_dags/example_task_group.py for tasks to queue
[2024-07-19T10:20:26.543+0000] {logging_mixin.py:188} INFO - [2024-07-19T10:20:26.543+0000] {dagbag.py:545} INFO - Filling up the DagBag from /home/airflow/.local/lib/python3.12/site-packages/airflow/example_dags/example_task_group.py
[2024-07-19T10:20:26.548+0000] {processor.py:840} INFO - DAG(s) 'example_task_group' retrieved from /home/airflow/.local/lib/python3.12/site-packages/airflow/example_dags/example_task_group.py
[2024-07-19T10:20:26.572+0000] {logging_mixin.py:188} INFO - [2024-07-19T10:20:26.572+0000] {dag.py:3096} INFO - Sync 1 DAGs
[2024-07-19T10:20:26.585+0000] {logging_mixin.py:188} INFO - [2024-07-19T10:20:26.585+0000] {dag.py:3954} INFO - Setting next_dagrun for example_task_group to 2024-07-18 00:00:00+00:00, run_after=2024-07-19 00:00:00+00:00
[2024-07-19T10:20:26.598+0000] {processor.py:183} INFO - Processing /home/airflow/.local/lib/python3.12/site-packages/airflow/example_dags/example_task_group.py took 0.061 seconds
[2024-07-19T10:20:56.732+0000] {processor.py:161} INFO - Started process (PID=211) to work on /home/airflow/.local/lib/python3.12/site-packages/airflow/example_dags/example_task_group.py
[2024-07-19T10:20:56.732+0000] {processor.py:830} INFO - Processing file /home/airflow/.local/lib/python3.12/site-packages/airflow/example_dags/example_task_group.py for tasks to queue
[2024-07-19T10:20:56.733+0000] {logging_mixin.py:188} INFO - [2024-07-19T10:20:56.733+0000] {dagbag.py:545} INFO - Filling up the DagBag from /home/airflow/.local/lib/python3.12/site-packages/airflow/example_dags/example_task_group.py
[2024-07-19T10:20:56.737+0000] {processor.py:840} INFO - DAG(s) 'example_task_group' retrieved from /home/airflow/.local/lib/python3.12/site-packages/airflow/example_dags/example_task_group.py
[2024-07-19T10:20:56.750+0000] {logging_mixin.py:188} INFO - [2024-07-19T10:20:56.750+0000] {dag.py:3096} INFO - Sync 1 DAGs
[2024-07-19T10:20:56.762+0000] {logging_mixin.py:188} INFO - [2024-07-19T10:20:56.762+0000] {dag.py:3954} INFO - Setting next_dagrun for example_task_group to 2024-07-18 00:00:00+00:00, run_after=2024-07-19 00:00:00+00:00
[2024-07-19T10:20:56.777+0000] {processor.py:183} INFO - Processing /home/airflow/.local/lib/python3.12/site-packages/airflow/example_dags/example_task_group.py took 0.048 seconds
[2024-07-19T10:21:26.988+0000] {processor.py:161} INFO - Started process (PID=270) to work on /home/airflow/.local/lib/python3.12/site-packages/airflow/example_dags/example_task_group.py
[2024-07-19T10:21:26.991+0000] {processor.py:830} INFO - Processing file /home/airflow/.local/lib/python3.12/site-packages/airflow/example_dags/example_task_group.py for tasks to queue
[2024-07-19T10:21:26.992+0000] {logging_mixin.py:188} INFO - [2024-07-19T10:21:26.992+0000] {dagbag.py:545} INFO - Filling up the DagBag from /home/airflow/.local/lib/python3.12/site-packages/airflow/example_dags/example_task_group.py
[2024-07-19T10:21:26.998+0000] {processor.py:840} INFO - DAG(s) 'example_task_group' retrieved from /home/airflow/.local/lib/python3.12/site-packages/airflow/example_dags/example_task_group.py
[2024-07-19T10:21:27.017+0000] {logging_mixin.py:188} INFO - [2024-07-19T10:21:27.017+0000] {dag.py:3096} INFO - Sync 1 DAGs
[2024-07-19T10:21:27.030+0000] {logging_mixin.py:188} INFO - [2024-07-19T10:21:27.030+0000] {dag.py:3954} INFO - Setting next_dagrun for example_task_group to 2024-07-18 00:00:00+00:00, run_after=2024-07-19 00:00:00+00:00
[2024-07-19T10:21:27.045+0000] {processor.py:183} INFO - Processing /home/airflow/.local/lib/python3.12/site-packages/airflow/example_dags/example_task_group.py took 0.060 seconds
[2024-07-19T10:21:58.075+0000] {processor.py:161} INFO - Started process (PID=329) to work on /home/airflow/.local/lib/python3.12/site-packages/airflow/example_dags/example_task_group.py
[2024-07-19T10:21:58.077+0000] {processor.py:830} INFO - Processing file /home/airflow/.local/lib/python3.12/site-packages/airflow/example_dags/example_task_group.py for tasks to queue
[2024-07-19T10:21:58.078+0000] {logging_mixin.py:188} INFO - [2024-07-19T10:21:58.078+0000] {dagbag.py:545} INFO - Filling up the DagBag from /home/airflow/.local/lib/python3.12/site-packages/airflow/example_dags/example_task_group.py
[2024-07-19T10:21:58.082+0000] {processor.py:840} INFO - DAG(s) 'example_task_group' retrieved from /home/airflow/.local/lib/python3.12/site-packages/airflow/example_dags/example_task_group.py
[2024-07-19T10:21:58.107+0000] {logging_mixin.py:188} INFO - [2024-07-19T10:21:58.107+0000] {dag.py:3096} INFO - Sync 1 DAGs
[2024-07-19T10:21:58.157+0000] {logging_mixin.py:188} INFO - [2024-07-19T10:21:58.156+0000] {dag.py:3954} INFO - Setting next_dagrun for example_task_group to 2024-07-18 00:00:00+00:00, run_after=2024-07-19 00:00:00+00:00
[2024-07-19T10:21:58.173+0000] {processor.py:183} INFO - Processing /home/airflow/.local/lib/python3.12/site-packages/airflow/example_dags/example_task_group.py took 0.102 seconds
[2024-07-19T10:22:28.800+0000] {processor.py:161} INFO - Started process (PID=387) to work on /home/airflow/.local/lib/python3.12/site-packages/airflow/example_dags/example_task_group.py
[2024-07-19T10:22:28.801+0000] {processor.py:830} INFO - Processing file /home/airflow/.local/lib/python3.12/site-packages/airflow/example_dags/example_task_group.py for tasks to queue
[2024-07-19T10:22:28.803+0000] {logging_mixin.py:188} INFO - [2024-07-19T10:22:28.803+0000] {dagbag.py:545} INFO - Filling up the DagBag from /home/airflow/.local/lib/python3.12/site-packages/airflow/example_dags/example_task_group.py
[2024-07-19T10:22:28.812+0000] {processor.py:840} INFO - DAG(s) 'example_task_group' retrieved from /home/airflow/.local/lib/python3.12/site-packages/airflow/example_dags/example_task_group.py
[2024-07-19T10:22:28.824+0000] {logging_mixin.py:188} INFO - [2024-07-19T10:22:28.824+0000] {dag.py:3096} INFO - Sync 1 DAGs
[2024-07-19T10:22:28.837+0000] {logging_mixin.py:188} INFO - [2024-07-19T10:22:28.837+0000] {dag.py:3954} INFO - Setting next_dagrun for example_task_group to 2024-07-18 00:00:00+00:00, run_after=2024-07-19 00:00:00+00:00
[2024-07-19T10:22:28.847+0000] {processor.py:183} INFO - Processing /home/airflow/.local/lib/python3.12/site-packages/airflow/example_dags/example_task_group.py took 0.050 seconds
[2024-07-19T10:28:18.336+0000] {processor.py:161} INFO - Started process (PID=70) to work on /home/airflow/.local/lib/python3.12/site-packages/airflow/example_dags/example_task_group.py
[2024-07-19T10:28:18.340+0000] {processor.py:830} INFO - Processing file /home/airflow/.local/lib/python3.12/site-packages/airflow/example_dags/example_task_group.py for tasks to queue
[2024-07-19T10:28:18.352+0000] {logging_mixin.py:188} INFO - [2024-07-19T10:28:18.350+0000] {dagbag.py:545} INFO - Filling up the DagBag from /home/airflow/.local/lib/python3.12/site-packages/airflow/example_dags/example_task_group.py
[2024-07-19T10:28:18.387+0000] {processor.py:840} INFO - DAG(s) 'example_task_group' retrieved from /home/airflow/.local/lib/python3.12/site-packages/airflow/example_dags/example_task_group.py
[2024-07-19T10:28:18.457+0000] {logging_mixin.py:188} INFO - [2024-07-19T10:28:18.456+0000] {dag.py:3096} INFO - Sync 1 DAGs
[2024-07-19T10:28:18.537+0000] {logging_mixin.py:188} INFO - [2024-07-19T10:28:18.537+0000] {dag.py:3954} INFO - Setting next_dagrun for example_task_group to 2024-07-18 00:00:00+00:00, run_after=2024-07-19 00:00:00+00:00
[2024-07-19T10:28:18.581+0000] {processor.py:183} INFO - Processing /home/airflow/.local/lib/python3.12/site-packages/airflow/example_dags/example_task_group.py took 0.252 seconds
[2024-07-19T10:28:49.326+0000] {processor.py:161} INFO - Started process (PID=129) to work on /home/airflow/.local/lib/python3.12/site-packages/airflow/example_dags/example_task_group.py
[2024-07-19T10:28:49.328+0000] {processor.py:830} INFO - Processing file /home/airflow/.local/lib/python3.12/site-packages/airflow/example_dags/example_task_group.py for tasks to queue
[2024-07-19T10:28:49.330+0000] {logging_mixin.py:188} INFO - [2024-07-19T10:28:49.330+0000] {dagbag.py:545} INFO - Filling up the DagBag from /home/airflow/.local/lib/python3.12/site-packages/airflow/example_dags/example_task_group.py
[2024-07-19T10:28:49.334+0000] {processor.py:840} INFO - DAG(s) 'example_task_group' retrieved from /home/airflow/.local/lib/python3.12/site-packages/airflow/example_dags/example_task_group.py
[2024-07-19T10:28:49.351+0000] {logging_mixin.py:188} INFO - [2024-07-19T10:28:49.351+0000] {dag.py:3096} INFO - Sync 1 DAGs
[2024-07-19T10:28:49.363+0000] {logging_mixin.py:188} INFO - [2024-07-19T10:28:49.363+0000] {dag.py:3954} INFO - Setting next_dagrun for example_task_group to 2024-07-18 00:00:00+00:00, run_after=2024-07-19 00:00:00+00:00
[2024-07-19T10:28:49.375+0000] {processor.py:183} INFO - Processing /home/airflow/.local/lib/python3.12/site-packages/airflow/example_dags/example_task_group.py took 0.052 seconds
[2024-07-19T10:33:02.118+0000] {processor.py:161} INFO - Started process (PID=76) to work on /home/airflow/.local/lib/python3.12/site-packages/airflow/example_dags/example_task_group.py
[2024-07-19T10:33:02.119+0000] {processor.py:830} INFO - Processing file /home/airflow/.local/lib/python3.12/site-packages/airflow/example_dags/example_task_group.py for tasks to queue
[2024-07-19T10:33:02.122+0000] {logging_mixin.py:188} INFO - [2024-07-19T10:33:02.122+0000] {dagbag.py:545} INFO - Filling up the DagBag from /home/airflow/.local/lib/python3.12/site-packages/airflow/example_dags/example_task_group.py
[2024-07-19T10:33:02.134+0000] {processor.py:840} INFO - DAG(s) 'example_task_group' retrieved from /home/airflow/.local/lib/python3.12/site-packages/airflow/example_dags/example_task_group.py
[2024-07-19T10:33:02.162+0000] {logging_mixin.py:188} INFO - [2024-07-19T10:33:02.162+0000] {dag.py:3096} INFO - Sync 1 DAGs
[2024-07-19T10:33:02.204+0000] {logging_mixin.py:188} INFO - [2024-07-19T10:33:02.203+0000] {dag.py:3954} INFO - Setting next_dagrun for example_task_group to 2024-07-18 00:00:00+00:00, run_after=2024-07-19 00:00:00+00:00
[2024-07-19T10:33:02.339+0000] {processor.py:183} INFO - Processing /home/airflow/.local/lib/python3.12/site-packages/airflow/example_dags/example_task_group.py took 0.225 seconds
[2024-07-19T10:33:33.342+0000] {processor.py:161} INFO - Started process (PID=135) to work on /home/airflow/.local/lib/python3.12/site-packages/airflow/example_dags/example_task_group.py
[2024-07-19T10:33:33.343+0000] {processor.py:830} INFO - Processing file /home/airflow/.local/lib/python3.12/site-packages/airflow/example_dags/example_task_group.py for tasks to queue
[2024-07-19T10:33:33.345+0000] {logging_mixin.py:188} INFO - [2024-07-19T10:33:33.344+0000] {dagbag.py:545} INFO - Filling up the DagBag from /home/airflow/.local/lib/python3.12/site-packages/airflow/example_dags/example_task_group.py
[2024-07-19T10:33:33.349+0000] {processor.py:840} INFO - DAG(s) 'example_task_group' retrieved from /home/airflow/.local/lib/python3.12/site-packages/airflow/example_dags/example_task_group.py
[2024-07-19T10:33:33.410+0000] {logging_mixin.py:188} INFO - [2024-07-19T10:33:33.410+0000] {dag.py:3096} INFO - Sync 1 DAGs
[2024-07-19T10:33:33.421+0000] {logging_mixin.py:188} INFO - [2024-07-19T10:33:33.421+0000] {dag.py:3954} INFO - Setting next_dagrun for example_task_group to 2024-07-18 00:00:00+00:00, run_after=2024-07-19 00:00:00+00:00
[2024-07-19T10:33:33.435+0000] {processor.py:183} INFO - Processing /home/airflow/.local/lib/python3.12/site-packages/airflow/example_dags/example_task_group.py took 0.097 seconds
[2024-07-19T10:34:03.738+0000] {processor.py:161} INFO - Started process (PID=194) to work on /home/airflow/.local/lib/python3.12/site-packages/airflow/example_dags/example_task_group.py
[2024-07-19T10:34:03.740+0000] {processor.py:830} INFO - Processing file /home/airflow/.local/lib/python3.12/site-packages/airflow/example_dags/example_task_group.py for tasks to queue
[2024-07-19T10:34:03.741+0000] {logging_mixin.py:188} INFO - [2024-07-19T10:34:03.741+0000] {dagbag.py:545} INFO - Filling up the DagBag from /home/airflow/.local/lib/python3.12/site-packages/airflow/example_dags/example_task_group.py
[2024-07-19T10:34:03.749+0000] {processor.py:840} INFO - DAG(s) 'example_task_group' retrieved from /home/airflow/.local/lib/python3.12/site-packages/airflow/example_dags/example_task_group.py
[2024-07-19T10:34:03.799+0000] {logging_mixin.py:188} INFO - [2024-07-19T10:34:03.799+0000] {dag.py:3096} INFO - Sync 1 DAGs
[2024-07-19T10:34:03.836+0000] {logging_mixin.py:188} INFO - [2024-07-19T10:34:03.835+0000] {dag.py:3954} INFO - Setting next_dagrun for example_task_group to 2024-07-18 00:00:00+00:00, run_after=2024-07-19 00:00:00+00:00
[2024-07-19T10:34:03.865+0000] {processor.py:183} INFO - Processing /home/airflow/.local/lib/python3.12/site-packages/airflow/example_dags/example_task_group.py took 0.137 seconds
[2024-07-19T10:34:34.852+0000] {processor.py:161} INFO - Started process (PID=253) to work on /home/airflow/.local/lib/python3.12/site-packages/airflow/example_dags/example_task_group.py
[2024-07-19T10:34:34.853+0000] {processor.py:830} INFO - Processing file /home/airflow/.local/lib/python3.12/site-packages/airflow/example_dags/example_task_group.py for tasks to queue
[2024-07-19T10:34:34.854+0000] {logging_mixin.py:188} INFO - [2024-07-19T10:34:34.853+0000] {dagbag.py:545} INFO - Filling up the DagBag from /home/airflow/.local/lib/python3.12/site-packages/airflow/example_dags/example_task_group.py
[2024-07-19T10:34:34.859+0000] {processor.py:840} INFO - DAG(s) 'example_task_group' retrieved from /home/airflow/.local/lib/python3.12/site-packages/airflow/example_dags/example_task_group.py
[2024-07-19T10:34:34.877+0000] {logging_mixin.py:188} INFO - [2024-07-19T10:34:34.877+0000] {dag.py:3096} INFO - Sync 1 DAGs
[2024-07-19T10:34:34.895+0000] {logging_mixin.py:188} INFO - [2024-07-19T10:34:34.894+0000] {dag.py:3954} INFO - Setting next_dagrun for example_task_group to 2024-07-18 00:00:00+00:00, run_after=2024-07-19 00:00:00+00:00
[2024-07-19T10:34:34.911+0000] {processor.py:183} INFO - Processing /home/airflow/.local/lib/python3.12/site-packages/airflow/example_dags/example_task_group.py took 0.062 seconds
[2024-07-19T10:35:41.837+0000] {processor.py:161} INFO - Started process (PID=69) to work on /home/airflow/.local/lib/python3.12/site-packages/airflow/example_dags/example_task_group.py
[2024-07-19T10:35:41.840+0000] {processor.py:830} INFO - Processing file /home/airflow/.local/lib/python3.12/site-packages/airflow/example_dags/example_task_group.py for tasks to queue
[2024-07-19T10:35:41.842+0000] {logging_mixin.py:188} INFO - [2024-07-19T10:35:41.842+0000] {dagbag.py:545} INFO - Filling up the DagBag from /home/airflow/.local/lib/python3.12/site-packages/airflow/example_dags/example_task_group.py
[2024-07-19T10:35:41.854+0000] {processor.py:840} INFO - DAG(s) 'example_task_group' retrieved from /home/airflow/.local/lib/python3.12/site-packages/airflow/example_dags/example_task_group.py
[2024-07-19T10:35:41.870+0000] {logging_mixin.py:188} INFO - [2024-07-19T10:35:41.870+0000] {dag.py:3096} INFO - Sync 1 DAGs
[2024-07-19T10:35:41.889+0000] {logging_mixin.py:188} INFO - [2024-07-19T10:35:41.889+0000] {dag.py:3954} INFO - Setting next_dagrun for example_task_group to 2024-07-18 00:00:00+00:00, run_after=2024-07-19 00:00:00+00:00
[2024-07-19T10:35:41.927+0000] {processor.py:183} INFO - Processing /home/airflow/.local/lib/python3.12/site-packages/airflow/example_dags/example_task_group.py took 0.109 seconds
[2024-07-19T10:36:12.286+0000] {processor.py:161} INFO - Started process (PID=128) to work on /home/airflow/.local/lib/python3.12/site-packages/airflow/example_dags/example_task_group.py
[2024-07-19T10:36:12.287+0000] {processor.py:830} INFO - Processing file /home/airflow/.local/lib/python3.12/site-packages/airflow/example_dags/example_task_group.py for tasks to queue
[2024-07-19T10:36:12.288+0000] {logging_mixin.py:188} INFO - [2024-07-19T10:36:12.288+0000] {dagbag.py:545} INFO - Filling up the DagBag from /home/airflow/.local/lib/python3.12/site-packages/airflow/example_dags/example_task_group.py
[2024-07-19T10:36:12.291+0000] {processor.py:840} INFO - DAG(s) 'example_task_group' retrieved from /home/airflow/.local/lib/python3.12/site-packages/airflow/example_dags/example_task_group.py
[2024-07-19T10:36:12.340+0000] {logging_mixin.py:188} INFO - [2024-07-19T10:36:12.340+0000] {dag.py:3096} INFO - Sync 1 DAGs
[2024-07-19T10:36:12.354+0000] {logging_mixin.py:188} INFO - [2024-07-19T10:36:12.353+0000] {dag.py:3954} INFO - Setting next_dagrun for example_task_group to 2024-07-18 00:00:00+00:00, run_after=2024-07-19 00:00:00+00:00
[2024-07-19T10:36:12.362+0000] {processor.py:183} INFO - Processing /home/airflow/.local/lib/python3.12/site-packages/airflow/example_dags/example_task_group.py took 0.079 seconds
[2024-07-19T10:41:25.996+0000] {processor.py:161} INFO - Started process (PID=114) to work on /home/airflow/.local/lib/python3.12/site-packages/airflow/example_dags/example_task_group.py
[2024-07-19T10:41:26.014+0000] {processor.py:830} INFO - Processing file /home/airflow/.local/lib/python3.12/site-packages/airflow/example_dags/example_task_group.py for tasks to queue
[2024-07-19T10:41:26.035+0000] {logging_mixin.py:188} INFO - [2024-07-19T10:41:26.032+0000] {dagbag.py:545} INFO - Filling up the DagBag from /home/airflow/.local/lib/python3.12/site-packages/airflow/example_dags/example_task_group.py
[2024-07-19T10:41:26.222+0000] {processor.py:840} INFO - DAG(s) 'example_task_group' retrieved from /home/airflow/.local/lib/python3.12/site-packages/airflow/example_dags/example_task_group.py
[2024-07-19T10:41:26.639+0000] {logging_mixin.py:188} INFO - [2024-07-19T10:41:26.638+0000] {dag.py:3089} INFO - Sync 1 DAGs
[2024-07-19T10:41:26.707+0000] {logging_mixin.py:188} INFO - [2024-07-19T10:41:26.707+0000] {dag.py:3947} INFO - Setting next_dagrun for example_task_group to 2024-07-18 00:00:00+00:00, run_after=2024-07-19 00:00:00+00:00
[2024-07-19T10:41:26.784+0000] {processor.py:183} INFO - Processing /home/airflow/.local/lib/python3.12/site-packages/airflow/example_dags/example_task_group.py took 0.880 seconds
[2024-07-19T10:41:56.905+0000] {processor.py:161} INFO - Started process (PID=181) to work on /home/airflow/.local/lib/python3.12/site-packages/airflow/example_dags/example_task_group.py
[2024-07-19T10:41:56.908+0000] {processor.py:830} INFO - Processing file /home/airflow/.local/lib/python3.12/site-packages/airflow/example_dags/example_task_group.py for tasks to queue
[2024-07-19T10:41:56.912+0000] {logging_mixin.py:188} INFO - [2024-07-19T10:41:56.911+0000] {dagbag.py:545} INFO - Filling up the DagBag from /home/airflow/.local/lib/python3.12/site-packages/airflow/example_dags/example_task_group.py
[2024-07-19T10:41:56.924+0000] {processor.py:840} INFO - DAG(s) 'example_task_group' retrieved from /home/airflow/.local/lib/python3.12/site-packages/airflow/example_dags/example_task_group.py
[2024-07-19T10:41:56.956+0000] {logging_mixin.py:188} INFO - [2024-07-19T10:41:56.956+0000] {dag.py:3089} INFO - Sync 1 DAGs
[2024-07-19T10:41:56.980+0000] {logging_mixin.py:188} INFO - [2024-07-19T10:41:56.979+0000] {dag.py:3947} INFO - Setting next_dagrun for example_task_group to 2024-07-18 00:00:00+00:00, run_after=2024-07-19 00:00:00+00:00
[2024-07-19T10:41:57.001+0000] {processor.py:183} INFO - Processing /home/airflow/.local/lib/python3.12/site-packages/airflow/example_dags/example_task_group.py took 0.103 seconds
[2024-07-19T10:49:31.958+0000] {processor.py:161} INFO - Started process (PID=80) to work on /home/airflow/.local/lib/python3.12/site-packages/airflow/example_dags/example_task_group.py
[2024-07-19T10:49:31.959+0000] {processor.py:830} INFO - Processing file /home/airflow/.local/lib/python3.12/site-packages/airflow/example_dags/example_task_group.py for tasks to queue
[2024-07-19T10:49:31.961+0000] {logging_mixin.py:188} INFO - [2024-07-19T10:49:31.961+0000] {dagbag.py:545} INFO - Filling up the DagBag from /home/airflow/.local/lib/python3.12/site-packages/airflow/example_dags/example_task_group.py
[2024-07-19T10:49:31.968+0000] {processor.py:840} INFO - DAG(s) 'example_task_group' retrieved from /home/airflow/.local/lib/python3.12/site-packages/airflow/example_dags/example_task_group.py
[2024-07-19T10:49:32.002+0000] {logging_mixin.py:188} INFO - [2024-07-19T10:49:32.001+0000] {dag.py:3089} INFO - Sync 1 DAGs
[2024-07-19T10:49:32.024+0000] {logging_mixin.py:188} INFO - [2024-07-19T10:49:32.024+0000] {dag.py:3947} INFO - Setting next_dagrun for example_task_group to 2024-07-18 00:00:00+00:00, run_after=2024-07-19 00:00:00+00:00
[2024-07-19T10:49:32.055+0000] {processor.py:183} INFO - Processing /home/airflow/.local/lib/python3.12/site-packages/airflow/example_dags/example_task_group.py took 0.101 seconds
[2024-07-19T10:50:02.161+0000] {processor.py:161} INFO - Started process (PID=147) to work on /home/airflow/.local/lib/python3.12/site-packages/airflow/example_dags/example_task_group.py
[2024-07-19T10:50:02.163+0000] {processor.py:830} INFO - Processing file /home/airflow/.local/lib/python3.12/site-packages/airflow/example_dags/example_task_group.py for tasks to queue
[2024-07-19T10:50:02.164+0000] {logging_mixin.py:188} INFO - [2024-07-19T10:50:02.164+0000] {dagbag.py:545} INFO - Filling up the DagBag from /home/airflow/.local/lib/python3.12/site-packages/airflow/example_dags/example_task_group.py
[2024-07-19T10:50:02.167+0000] {processor.py:840} INFO - DAG(s) 'example_task_group' retrieved from /home/airflow/.local/lib/python3.12/site-packages/airflow/example_dags/example_task_group.py
[2024-07-19T10:50:02.179+0000] {logging_mixin.py:188} INFO - [2024-07-19T10:50:02.178+0000] {dag.py:3089} INFO - Sync 1 DAGs
[2024-07-19T10:50:02.190+0000] {logging_mixin.py:188} INFO - [2024-07-19T10:50:02.190+0000] {dag.py:3947} INFO - Setting next_dagrun for example_task_group to 2024-07-18 00:00:00+00:00, run_after=2024-07-19 00:00:00+00:00
[2024-07-19T10:50:02.205+0000] {processor.py:183} INFO - Processing /home/airflow/.local/lib/python3.12/site-packages/airflow/example_dags/example_task_group.py took 0.048 seconds
