[2024-07-19T10:19:51.761+0000] {processor.py:161} INFO - Started process (PID=80) to work on /home/airflow/.local/lib/python3.12/site-packages/airflow/example_dags/example_branch_labels.py
[2024-07-19T10:19:51.768+0000] {processor.py:830} INFO - Processing file /home/airflow/.local/lib/python3.12/site-packages/airflow/example_dags/example_branch_labels.py for tasks to queue
[2024-07-19T10:19:51.779+0000] {logging_mixin.py:188} INFO - [2024-07-19T10:19:51.777+0000] {dagbag.py:545} INFO - Filling up the DagBag from /home/airflow/.local/lib/python3.12/site-packages/airflow/example_dags/example_branch_labels.py
[2024-07-19T10:19:51.876+0000] {processor.py:840} INFO - DAG(s) 'example_branch_labels' retrieved from /home/airflow/.local/lib/python3.12/site-packages/airflow/example_dags/example_branch_labels.py
[2024-07-19T10:19:52.134+0000] {logging_mixin.py:188} INFO - [2024-07-19T10:19:52.133+0000] {dag.py:3096} INFO - Sync 1 DAGs
[2024-07-19T10:19:52.179+0000] {logging_mixin.py:188} INFO - [2024-07-19T10:19:52.179+0000] {dag.py:3954} INFO - Setting next_dagrun for example_branch_labels to 2024-07-18 00:00:00+00:00, run_after=2024-07-19 00:00:00+00:00
[2024-07-19T10:19:52.282+0000] {processor.py:183} INFO - Processing /home/airflow/.local/lib/python3.12/site-packages/airflow/example_dags/example_branch_labels.py took 0.557 seconds
[2024-07-19T10:20:22.912+0000] {processor.py:161} INFO - Started process (PID=139) to work on /home/airflow/.local/lib/python3.12/site-packages/airflow/example_dags/example_branch_labels.py
[2024-07-19T10:20:22.913+0000] {processor.py:830} INFO - Processing file /home/airflow/.local/lib/python3.12/site-packages/airflow/example_dags/example_branch_labels.py for tasks to queue
[2024-07-19T10:20:22.916+0000] {logging_mixin.py:188} INFO - [2024-07-19T10:20:22.916+0000] {dagbag.py:545} INFO - Filling up the DagBag from /home/airflow/.local/lib/python3.12/site-packages/airflow/example_dags/example_branch_labels.py
[2024-07-19T10:20:22.926+0000] {processor.py:840} INFO - DAG(s) 'example_branch_labels' retrieved from /home/airflow/.local/lib/python3.12/site-packages/airflow/example_dags/example_branch_labels.py
[2024-07-19T10:20:22.946+0000] {logging_mixin.py:188} INFO - [2024-07-19T10:20:22.946+0000] {dag.py:3096} INFO - Sync 1 DAGs
[2024-07-19T10:20:22.960+0000] {logging_mixin.py:188} INFO - [2024-07-19T10:20:22.960+0000] {dag.py:3954} INFO - Setting next_dagrun for example_branch_labels to 2024-07-18 00:00:00+00:00, run_after=2024-07-19 00:00:00+00:00
[2024-07-19T10:20:22.984+0000] {processor.py:183} INFO - Processing /home/airflow/.local/lib/python3.12/site-packages/airflow/example_dags/example_branch_labels.py took 0.077 seconds
[2024-07-19T10:20:53.999+0000] {processor.py:161} INFO - Started process (PID=198) to work on /home/airflow/.local/lib/python3.12/site-packages/airflow/example_dags/example_branch_labels.py
[2024-07-19T10:20:54.007+0000] {processor.py:830} INFO - Processing file /home/airflow/.local/lib/python3.12/site-packages/airflow/example_dags/example_branch_labels.py for tasks to queue
[2024-07-19T10:20:54.008+0000] {logging_mixin.py:188} INFO - [2024-07-19T10:20:54.008+0000] {dagbag.py:545} INFO - Filling up the DagBag from /home/airflow/.local/lib/python3.12/site-packages/airflow/example_dags/example_branch_labels.py
[2024-07-19T10:20:54.020+0000] {processor.py:840} INFO - DAG(s) 'example_branch_labels' retrieved from /home/airflow/.local/lib/python3.12/site-packages/airflow/example_dags/example_branch_labels.py
[2024-07-19T10:20:54.066+0000] {logging_mixin.py:188} INFO - [2024-07-19T10:20:54.065+0000] {dag.py:3096} INFO - Sync 1 DAGs
[2024-07-19T10:20:54.111+0000] {logging_mixin.py:188} INFO - [2024-07-19T10:20:54.111+0000] {dag.py:3954} INFO - Setting next_dagrun for example_branch_labels to 2024-07-18 00:00:00+00:00, run_after=2024-07-19 00:00:00+00:00
[2024-07-19T10:20:54.125+0000] {processor.py:183} INFO - Processing /home/airflow/.local/lib/python3.12/site-packages/airflow/example_dags/example_branch_labels.py took 0.131 seconds
[2024-07-19T10:21:24.391+0000] {processor.py:161} INFO - Started process (PID=257) to work on /home/airflow/.local/lib/python3.12/site-packages/airflow/example_dags/example_branch_labels.py
[2024-07-19T10:21:24.394+0000] {processor.py:830} INFO - Processing file /home/airflow/.local/lib/python3.12/site-packages/airflow/example_dags/example_branch_labels.py for tasks to queue
[2024-07-19T10:21:24.397+0000] {logging_mixin.py:188} INFO - [2024-07-19T10:21:24.397+0000] {dagbag.py:545} INFO - Filling up the DagBag from /home/airflow/.local/lib/python3.12/site-packages/airflow/example_dags/example_branch_labels.py
[2024-07-19T10:21:24.409+0000] {processor.py:840} INFO - DAG(s) 'example_branch_labels' retrieved from /home/airflow/.local/lib/python3.12/site-packages/airflow/example_dags/example_branch_labels.py
[2024-07-19T10:21:24.434+0000] {logging_mixin.py:188} INFO - [2024-07-19T10:21:24.434+0000] {dag.py:3096} INFO - Sync 1 DAGs
[2024-07-19T10:21:24.451+0000] {logging_mixin.py:188} INFO - [2024-07-19T10:21:24.451+0000] {dag.py:3954} INFO - Setting next_dagrun for example_branch_labels to 2024-07-18 00:00:00+00:00, run_after=2024-07-19 00:00:00+00:00
[2024-07-19T10:21:24.477+0000] {processor.py:183} INFO - Processing /home/airflow/.local/lib/python3.12/site-packages/airflow/example_dags/example_branch_labels.py took 0.097 seconds
[2024-07-19T10:21:54.827+0000] {processor.py:161} INFO - Started process (PID=316) to work on /home/airflow/.local/lib/python3.12/site-packages/airflow/example_dags/example_branch_labels.py
[2024-07-19T10:21:54.832+0000] {processor.py:830} INFO - Processing file /home/airflow/.local/lib/python3.12/site-packages/airflow/example_dags/example_branch_labels.py for tasks to queue
[2024-07-19T10:21:54.837+0000] {logging_mixin.py:188} INFO - [2024-07-19T10:21:54.837+0000] {dagbag.py:545} INFO - Filling up the DagBag from /home/airflow/.local/lib/python3.12/site-packages/airflow/example_dags/example_branch_labels.py
[2024-07-19T10:21:54.871+0000] {processor.py:840} INFO - DAG(s) 'example_branch_labels' retrieved from /home/airflow/.local/lib/python3.12/site-packages/airflow/example_dags/example_branch_labels.py
[2024-07-19T10:21:55.019+0000] {logging_mixin.py:188} INFO - [2024-07-19T10:21:55.019+0000] {dag.py:3096} INFO - Sync 1 DAGs
[2024-07-19T10:21:55.168+0000] {logging_mixin.py:188} INFO - [2024-07-19T10:21:55.167+0000] {dag.py:3954} INFO - Setting next_dagrun for example_branch_labels to 2024-07-18 00:00:00+00:00, run_after=2024-07-19 00:00:00+00:00
[2024-07-19T10:21:55.233+0000] {processor.py:183} INFO - Processing /home/airflow/.local/lib/python3.12/site-packages/airflow/example_dags/example_branch_labels.py took 0.437 seconds
[2024-07-19T10:22:26.118+0000] {processor.py:161} INFO - Started process (PID=374) to work on /home/airflow/.local/lib/python3.12/site-packages/airflow/example_dags/example_branch_labels.py
[2024-07-19T10:22:26.120+0000] {processor.py:830} INFO - Processing file /home/airflow/.local/lib/python3.12/site-packages/airflow/example_dags/example_branch_labels.py for tasks to queue
[2024-07-19T10:22:26.123+0000] {logging_mixin.py:188} INFO - [2024-07-19T10:22:26.123+0000] {dagbag.py:545} INFO - Filling up the DagBag from /home/airflow/.local/lib/python3.12/site-packages/airflow/example_dags/example_branch_labels.py
[2024-07-19T10:22:26.137+0000] {processor.py:840} INFO - DAG(s) 'example_branch_labels' retrieved from /home/airflow/.local/lib/python3.12/site-packages/airflow/example_dags/example_branch_labels.py
[2024-07-19T10:22:26.179+0000] {logging_mixin.py:188} INFO - [2024-07-19T10:22:26.179+0000] {dag.py:3096} INFO - Sync 1 DAGs
[2024-07-19T10:22:26.206+0000] {logging_mixin.py:188} INFO - [2024-07-19T10:22:26.205+0000] {dag.py:3954} INFO - Setting next_dagrun for example_branch_labels to 2024-07-18 00:00:00+00:00, run_after=2024-07-19 00:00:00+00:00
[2024-07-19T10:22:26.247+0000] {processor.py:183} INFO - Processing /home/airflow/.local/lib/python3.12/site-packages/airflow/example_dags/example_branch_labels.py took 0.141 seconds
[2024-07-19T10:28:16.798+0000] {processor.py:161} INFO - Started process (PID=57) to work on /home/airflow/.local/lib/python3.12/site-packages/airflow/example_dags/example_branch_labels.py
[2024-07-19T10:28:16.801+0000] {processor.py:830} INFO - Processing file /home/airflow/.local/lib/python3.12/site-packages/airflow/example_dags/example_branch_labels.py for tasks to queue
[2024-07-19T10:28:16.803+0000] {logging_mixin.py:188} INFO - [2024-07-19T10:28:16.803+0000] {dagbag.py:545} INFO - Filling up the DagBag from /home/airflow/.local/lib/python3.12/site-packages/airflow/example_dags/example_branch_labels.py
[2024-07-19T10:28:16.817+0000] {processor.py:840} INFO - DAG(s) 'example_branch_labels' retrieved from /home/airflow/.local/lib/python3.12/site-packages/airflow/example_dags/example_branch_labels.py
[2024-07-19T10:28:16.856+0000] {logging_mixin.py:188} INFO - [2024-07-19T10:28:16.856+0000] {dag.py:3096} INFO - Sync 1 DAGs
[2024-07-19T10:28:16.879+0000] {logging_mixin.py:188} INFO - [2024-07-19T10:28:16.879+0000] {dag.py:3954} INFO - Setting next_dagrun for example_branch_labels to 2024-07-18 00:00:00+00:00, run_after=2024-07-19 00:00:00+00:00
[2024-07-19T10:28:16.907+0000] {processor.py:183} INFO - Processing /home/airflow/.local/lib/python3.12/site-packages/airflow/example_dags/example_branch_labels.py took 0.118 seconds
[2024-07-19T10:28:47.465+0000] {processor.py:161} INFO - Started process (PID=115) to work on /home/airflow/.local/lib/python3.12/site-packages/airflow/example_dags/example_branch_labels.py
[2024-07-19T10:28:47.465+0000] {processor.py:830} INFO - Processing file /home/airflow/.local/lib/python3.12/site-packages/airflow/example_dags/example_branch_labels.py for tasks to queue
[2024-07-19T10:28:47.467+0000] {logging_mixin.py:188} INFO - [2024-07-19T10:28:47.467+0000] {dagbag.py:545} INFO - Filling up the DagBag from /home/airflow/.local/lib/python3.12/site-packages/airflow/example_dags/example_branch_labels.py
[2024-07-19T10:28:47.471+0000] {processor.py:840} INFO - DAG(s) 'example_branch_labels' retrieved from /home/airflow/.local/lib/python3.12/site-packages/airflow/example_dags/example_branch_labels.py
[2024-07-19T10:28:47.488+0000] {logging_mixin.py:188} INFO - [2024-07-19T10:28:47.488+0000] {dag.py:3096} INFO - Sync 1 DAGs
[2024-07-19T10:28:47.501+0000] {logging_mixin.py:188} INFO - [2024-07-19T10:28:47.501+0000] {dag.py:3954} INFO - Setting next_dagrun for example_branch_labels to 2024-07-18 00:00:00+00:00, run_after=2024-07-19 00:00:00+00:00
[2024-07-19T10:28:47.513+0000] {processor.py:183} INFO - Processing /home/airflow/.local/lib/python3.12/site-packages/airflow/example_dags/example_branch_labels.py took 0.053 seconds
[2024-07-19T10:32:59.145+0000] {processor.py:161} INFO - Started process (PID=57) to work on /home/airflow/.local/lib/python3.12/site-packages/airflow/example_dags/example_branch_labels.py
[2024-07-19T10:32:59.148+0000] {processor.py:830} INFO - Processing file /home/airflow/.local/lib/python3.12/site-packages/airflow/example_dags/example_branch_labels.py for tasks to queue
[2024-07-19T10:32:59.151+0000] {logging_mixin.py:188} INFO - [2024-07-19T10:32:59.151+0000] {dagbag.py:545} INFO - Filling up the DagBag from /home/airflow/.local/lib/python3.12/site-packages/airflow/example_dags/example_branch_labels.py
[2024-07-19T10:32:59.197+0000] {processor.py:840} INFO - DAG(s) 'example_branch_labels' retrieved from /home/airflow/.local/lib/python3.12/site-packages/airflow/example_dags/example_branch_labels.py
[2024-07-19T10:32:59.236+0000] {logging_mixin.py:188} INFO - [2024-07-19T10:32:59.235+0000] {dag.py:3096} INFO - Sync 1 DAGs
[2024-07-19T10:32:59.277+0000] {logging_mixin.py:188} INFO - [2024-07-19T10:32:59.276+0000] {dag.py:3954} INFO - Setting next_dagrun for example_branch_labels to 2024-07-18 00:00:00+00:00, run_after=2024-07-19 00:00:00+00:00
[2024-07-19T10:32:59.311+0000] {processor.py:183} INFO - Processing /home/airflow/.local/lib/python3.12/site-packages/airflow/example_dags/example_branch_labels.py took 0.170 seconds
[2024-07-19T10:33:29.808+0000] {processor.py:161} INFO - Started process (PID=116) to work on /home/airflow/.local/lib/python3.12/site-packages/airflow/example_dags/example_branch_labels.py
[2024-07-19T10:33:29.809+0000] {processor.py:830} INFO - Processing file /home/airflow/.local/lib/python3.12/site-packages/airflow/example_dags/example_branch_labels.py for tasks to queue
[2024-07-19T10:33:29.810+0000] {logging_mixin.py:188} INFO - [2024-07-19T10:33:29.810+0000] {dagbag.py:545} INFO - Filling up the DagBag from /home/airflow/.local/lib/python3.12/site-packages/airflow/example_dags/example_branch_labels.py
[2024-07-19T10:33:29.815+0000] {processor.py:840} INFO - DAG(s) 'example_branch_labels' retrieved from /home/airflow/.local/lib/python3.12/site-packages/airflow/example_dags/example_branch_labels.py
[2024-07-19T10:33:29.873+0000] {logging_mixin.py:188} INFO - [2024-07-19T10:33:29.873+0000] {dag.py:3096} INFO - Sync 1 DAGs
[2024-07-19T10:33:29.887+0000] {logging_mixin.py:188} INFO - [2024-07-19T10:33:29.887+0000] {dag.py:3954} INFO - Setting next_dagrun for example_branch_labels to 2024-07-18 00:00:00+00:00, run_after=2024-07-19 00:00:00+00:00
[2024-07-19T10:33:29.898+0000] {processor.py:183} INFO - Processing /home/airflow/.local/lib/python3.12/site-packages/airflow/example_dags/example_branch_labels.py took 0.096 seconds
[2024-07-19T10:34:01.089+0000] {processor.py:161} INFO - Started process (PID=181) to work on /home/airflow/.local/lib/python3.12/site-packages/airflow/example_dags/example_branch_labels.py
[2024-07-19T10:34:01.096+0000] {processor.py:830} INFO - Processing file /home/airflow/.local/lib/python3.12/site-packages/airflow/example_dags/example_branch_labels.py for tasks to queue
[2024-07-19T10:34:01.097+0000] {logging_mixin.py:188} INFO - [2024-07-19T10:34:01.097+0000] {dagbag.py:545} INFO - Filling up the DagBag from /home/airflow/.local/lib/python3.12/site-packages/airflow/example_dags/example_branch_labels.py
[2024-07-19T10:34:01.104+0000] {processor.py:840} INFO - DAG(s) 'example_branch_labels' retrieved from /home/airflow/.local/lib/python3.12/site-packages/airflow/example_dags/example_branch_labels.py
[2024-07-19T10:34:01.123+0000] {logging_mixin.py:188} INFO - [2024-07-19T10:34:01.122+0000] {dag.py:3096} INFO - Sync 1 DAGs
[2024-07-19T10:34:01.140+0000] {logging_mixin.py:188} INFO - [2024-07-19T10:34:01.139+0000] {dag.py:3954} INFO - Setting next_dagrun for example_branch_labels to 2024-07-18 00:00:00+00:00, run_after=2024-07-19 00:00:00+00:00
[2024-07-19T10:34:01.152+0000] {processor.py:183} INFO - Processing /home/airflow/.local/lib/python3.12/site-packages/airflow/example_dags/example_branch_labels.py took 0.069 seconds
[2024-07-19T10:34:32.030+0000] {processor.py:161} INFO - Started process (PID=240) to work on /home/airflow/.local/lib/python3.12/site-packages/airflow/example_dags/example_branch_labels.py
[2024-07-19T10:34:32.037+0000] {processor.py:830} INFO - Processing file /home/airflow/.local/lib/python3.12/site-packages/airflow/example_dags/example_branch_labels.py for tasks to queue
[2024-07-19T10:34:32.039+0000] {logging_mixin.py:188} INFO - [2024-07-19T10:34:32.039+0000] {dagbag.py:545} INFO - Filling up the DagBag from /home/airflow/.local/lib/python3.12/site-packages/airflow/example_dags/example_branch_labels.py
[2024-07-19T10:34:32.049+0000] {processor.py:840} INFO - DAG(s) 'example_branch_labels' retrieved from /home/airflow/.local/lib/python3.12/site-packages/airflow/example_dags/example_branch_labels.py
[2024-07-19T10:34:32.079+0000] {logging_mixin.py:188} INFO - [2024-07-19T10:34:32.079+0000] {dag.py:3096} INFO - Sync 1 DAGs
[2024-07-19T10:34:32.099+0000] {logging_mixin.py:188} INFO - [2024-07-19T10:34:32.099+0000] {dag.py:3954} INFO - Setting next_dagrun for example_branch_labels to 2024-07-18 00:00:00+00:00, run_after=2024-07-19 00:00:00+00:00
[2024-07-19T10:34:32.110+0000] {processor.py:183} INFO - Processing /home/airflow/.local/lib/python3.12/site-packages/airflow/example_dags/example_branch_labels.py took 0.086 seconds
[2024-07-19T10:35:40.596+0000] {processor.py:161} INFO - Started process (PID=56) to work on /home/airflow/.local/lib/python3.12/site-packages/airflow/example_dags/example_branch_labels.py
[2024-07-19T10:35:40.602+0000] {processor.py:830} INFO - Processing file /home/airflow/.local/lib/python3.12/site-packages/airflow/example_dags/example_branch_labels.py for tasks to queue
[2024-07-19T10:35:40.611+0000] {logging_mixin.py:188} INFO - [2024-07-19T10:35:40.610+0000] {dagbag.py:545} INFO - Filling up the DagBag from /home/airflow/.local/lib/python3.12/site-packages/airflow/example_dags/example_branch_labels.py
[2024-07-19T10:35:40.639+0000] {processor.py:840} INFO - DAG(s) 'example_branch_labels' retrieved from /home/airflow/.local/lib/python3.12/site-packages/airflow/example_dags/example_branch_labels.py
[2024-07-19T10:35:40.673+0000] {logging_mixin.py:188} INFO - [2024-07-19T10:35:40.673+0000] {dag.py:3096} INFO - Sync 1 DAGs
[2024-07-19T10:35:40.720+0000] {logging_mixin.py:188} INFO - [2024-07-19T10:35:40.719+0000] {dag.py:3954} INFO - Setting next_dagrun for example_branch_labels to 2024-07-18 00:00:00+00:00, run_after=2024-07-19 00:00:00+00:00
[2024-07-19T10:35:40.785+0000] {processor.py:183} INFO - Processing /home/airflow/.local/lib/python3.12/site-packages/airflow/example_dags/example_branch_labels.py took 0.198 seconds
[2024-07-19T10:36:11.531+0000] {processor.py:161} INFO - Started process (PID=115) to work on /home/airflow/.local/lib/python3.12/site-packages/airflow/example_dags/example_branch_labels.py
[2024-07-19T10:36:11.533+0000] {processor.py:830} INFO - Processing file /home/airflow/.local/lib/python3.12/site-packages/airflow/example_dags/example_branch_labels.py for tasks to queue
[2024-07-19T10:36:11.535+0000] {logging_mixin.py:188} INFO - [2024-07-19T10:36:11.535+0000] {dagbag.py:545} INFO - Filling up the DagBag from /home/airflow/.local/lib/python3.12/site-packages/airflow/example_dags/example_branch_labels.py
[2024-07-19T10:36:11.539+0000] {processor.py:840} INFO - DAG(s) 'example_branch_labels' retrieved from /home/airflow/.local/lib/python3.12/site-packages/airflow/example_dags/example_branch_labels.py
[2024-07-19T10:36:11.588+0000] {logging_mixin.py:188} INFO - [2024-07-19T10:36:11.587+0000] {dag.py:3096} INFO - Sync 1 DAGs
[2024-07-19T10:36:11.601+0000] {logging_mixin.py:188} INFO - [2024-07-19T10:36:11.601+0000] {dag.py:3954} INFO - Setting next_dagrun for example_branch_labels to 2024-07-18 00:00:00+00:00, run_after=2024-07-19 00:00:00+00:00
[2024-07-19T10:36:11.615+0000] {processor.py:183} INFO - Processing /home/airflow/.local/lib/python3.12/site-packages/airflow/example_dags/example_branch_labels.py took 0.086 seconds
[2024-07-19T10:41:18.420+0000] {processor.py:161} INFO - Started process (PID=95) to work on /home/airflow/.local/lib/python3.12/site-packages/airflow/example_dags/example_branch_labels.py
[2024-07-19T10:41:18.428+0000] {processor.py:830} INFO - Processing file /home/airflow/.local/lib/python3.12/site-packages/airflow/example_dags/example_branch_labels.py for tasks to queue
[2024-07-19T10:41:18.431+0000] {logging_mixin.py:188} INFO - [2024-07-19T10:41:18.431+0000] {dagbag.py:545} INFO - Filling up the DagBag from /home/airflow/.local/lib/python3.12/site-packages/airflow/example_dags/example_branch_labels.py
[2024-07-19T10:41:18.456+0000] {processor.py:840} INFO - DAG(s) 'example_branch_labels' retrieved from /home/airflow/.local/lib/python3.12/site-packages/airflow/example_dags/example_branch_labels.py
[2024-07-19T10:41:18.792+0000] {logging_mixin.py:188} INFO - [2024-07-19T10:41:18.788+0000] {dag.py:3089} INFO - Sync 1 DAGs
[2024-07-19T10:41:18.835+0000] {logging_mixin.py:188} INFO - [2024-07-19T10:41:18.835+0000] {dag.py:3947} INFO - Setting next_dagrun for example_branch_labels to 2024-07-18 00:00:00+00:00, run_after=2024-07-19 00:00:00+00:00
[2024-07-19T10:41:18.898+0000] {processor.py:183} INFO - Processing /home/airflow/.local/lib/python3.12/site-packages/airflow/example_dags/example_branch_labels.py took 0.483 seconds
[2024-07-19T10:41:48.980+0000] {processor.py:161} INFO - Started process (PID=161) to work on /home/airflow/.local/lib/python3.12/site-packages/airflow/example_dags/example_branch_labels.py
[2024-07-19T10:41:48.982+0000] {processor.py:830} INFO - Processing file /home/airflow/.local/lib/python3.12/site-packages/airflow/example_dags/example_branch_labels.py for tasks to queue
[2024-07-19T10:41:48.985+0000] {logging_mixin.py:188} INFO - [2024-07-19T10:41:48.985+0000] {dagbag.py:545} INFO - Filling up the DagBag from /home/airflow/.local/lib/python3.12/site-packages/airflow/example_dags/example_branch_labels.py
[2024-07-19T10:41:48.997+0000] {processor.py:840} INFO - DAG(s) 'example_branch_labels' retrieved from /home/airflow/.local/lib/python3.12/site-packages/airflow/example_dags/example_branch_labels.py
[2024-07-19T10:41:49.014+0000] {logging_mixin.py:188} INFO - [2024-07-19T10:41:49.014+0000] {dag.py:3089} INFO - Sync 1 DAGs
[2024-07-19T10:41:49.029+0000] {logging_mixin.py:188} INFO - [2024-07-19T10:41:49.029+0000] {dag.py:3947} INFO - Setting next_dagrun for example_branch_labels to 2024-07-18 00:00:00+00:00, run_after=2024-07-19 00:00:00+00:00
[2024-07-19T10:41:49.049+0000] {processor.py:183} INFO - Processing /home/airflow/.local/lib/python3.12/site-packages/airflow/example_dags/example_branch_labels.py took 0.082 seconds
[2024-07-19T10:42:46.430+0000] {processor.py:161} INFO - Started process (PID=223) to work on /home/airflow/.local/lib/python3.12/site-packages/airflow/example_dags/example_branch_labels.py
[2024-07-19T10:42:46.520+0000] {processor.py:830} INFO - Processing file /home/airflow/.local/lib/python3.12/site-packages/airflow/example_dags/example_branch_labels.py for tasks to queue
[2024-07-19T10:42:46.655+0000] {logging_mixin.py:188} INFO - [2024-07-19T10:42:46.645+0000] {dagbag.py:545} INFO - Filling up the DagBag from /home/airflow/.local/lib/python3.12/site-packages/airflow/example_dags/example_branch_labels.py
[2024-07-19T10:42:47.663+0000] {processor.py:840} INFO - DAG(s) 'example_branch_labels' retrieved from /home/airflow/.local/lib/python3.12/site-packages/airflow/example_dags/example_branch_labels.py
[2024-07-19T10:42:52.010+0000] {logging_mixin.py:188} INFO - [2024-07-19T10:42:51.959+0000] {dag.py:3089} INFO - Sync 1 DAGs
[2024-07-19T10:42:54.253+0000] {logging_mixin.py:188} INFO - [2024-07-19T10:42:54.003+0000] {dag.py:3947} INFO - Setting next_dagrun for example_branch_labels to 2024-07-18 00:00:00+00:00, run_after=2024-07-19 00:00:00+00:00
[2024-07-19T10:42:57.503+0000] {processor.py:183} INFO - Processing /home/airflow/.local/lib/python3.12/site-packages/airflow/example_dags/example_branch_labels.py took 11.308 seconds
[2024-07-19T10:49:30.876+0000] {processor.py:161} INFO - Started process (PID=67) to work on /home/airflow/.local/lib/python3.12/site-packages/airflow/example_dags/example_branch_labels.py
[2024-07-19T10:49:30.879+0000] {processor.py:830} INFO - Processing file /home/airflow/.local/lib/python3.12/site-packages/airflow/example_dags/example_branch_labels.py for tasks to queue
[2024-07-19T10:49:30.884+0000] {logging_mixin.py:188} INFO - [2024-07-19T10:49:30.883+0000] {dagbag.py:545} INFO - Filling up the DagBag from /home/airflow/.local/lib/python3.12/site-packages/airflow/example_dags/example_branch_labels.py
[2024-07-19T10:49:30.897+0000] {processor.py:840} INFO - DAG(s) 'example_branch_labels' retrieved from /home/airflow/.local/lib/python3.12/site-packages/airflow/example_dags/example_branch_labels.py
[2024-07-19T10:49:30.933+0000] {logging_mixin.py:188} INFO - [2024-07-19T10:49:30.933+0000] {dag.py:3089} INFO - Sync 1 DAGs
[2024-07-19T10:49:30.970+0000] {logging_mixin.py:188} INFO - [2024-07-19T10:49:30.970+0000] {dag.py:3947} INFO - Setting next_dagrun for example_branch_labels to 2024-07-18 00:00:00+00:00, run_after=2024-07-19 00:00:00+00:00
[2024-07-19T10:49:30.993+0000] {processor.py:183} INFO - Processing /home/airflow/.local/lib/python3.12/site-packages/airflow/example_dags/example_branch_labels.py took 0.127 seconds
[2024-07-19T10:50:01.721+0000] {processor.py:161} INFO - Started process (PID=134) to work on /home/airflow/.local/lib/python3.12/site-packages/airflow/example_dags/example_branch_labels.py
[2024-07-19T10:50:01.724+0000] {processor.py:830} INFO - Processing file /home/airflow/.local/lib/python3.12/site-packages/airflow/example_dags/example_branch_labels.py for tasks to queue
[2024-07-19T10:50:01.726+0000] {logging_mixin.py:188} INFO - [2024-07-19T10:50:01.725+0000] {dagbag.py:545} INFO - Filling up the DagBag from /home/airflow/.local/lib/python3.12/site-packages/airflow/example_dags/example_branch_labels.py
[2024-07-19T10:50:01.730+0000] {processor.py:840} INFO - DAG(s) 'example_branch_labels' retrieved from /home/airflow/.local/lib/python3.12/site-packages/airflow/example_dags/example_branch_labels.py
[2024-07-19T10:50:01.742+0000] {logging_mixin.py:188} INFO - [2024-07-19T10:50:01.742+0000] {dag.py:3089} INFO - Sync 1 DAGs
[2024-07-19T10:50:01.754+0000] {logging_mixin.py:188} INFO - [2024-07-19T10:50:01.754+0000] {dag.py:3947} INFO - Setting next_dagrun for example_branch_labels to 2024-07-18 00:00:00+00:00, run_after=2024-07-19 00:00:00+00:00
[2024-07-19T10:50:01.764+0000] {processor.py:183} INFO - Processing /home/airflow/.local/lib/python3.12/site-packages/airflow/example_dags/example_branch_labels.py took 0.046 seconds
