[2024-07-19T10:19:57.306+0000] {processor.py:161} INFO - Started process (PID=104) to work on /home/airflow/.local/lib/python3.12/site-packages/airflow/example_dags/example_short_circuit_operator.py
[2024-07-19T10:19:57.309+0000] {processor.py:830} INFO - Processing file /home/airflow/.local/lib/python3.12/site-packages/airflow/example_dags/example_short_circuit_operator.py for tasks to queue
[2024-07-19T10:19:57.314+0000] {logging_mixin.py:188} INFO - [2024-07-19T10:19:57.313+0000] {dagbag.py:545} INFO - Filling up the DagBag from /home/airflow/.local/lib/python3.12/site-packages/airflow/example_dags/example_short_circuit_operator.py
[2024-07-19T10:19:57.328+0000] {processor.py:840} INFO - DAG(s) 'example_short_circuit_operator' retrieved from /home/airflow/.local/lib/python3.12/site-packages/airflow/example_dags/example_short_circuit_operator.py
[2024-07-19T10:19:57.437+0000] {logging_mixin.py:188} INFO - [2024-07-19T10:19:57.437+0000] {dag.py:3096} INFO - Sync 1 DAGs
[2024-07-19T10:19:57.455+0000] {logging_mixin.py:188} INFO - [2024-07-19T10:19:57.454+0000] {dag.py:3954} INFO - Setting next_dagrun for example_short_circuit_operator to 2024-07-18 00:00:00+00:00, run_after=2024-07-19 00:00:00+00:00
[2024-07-19T10:19:57.476+0000] {processor.py:183} INFO - Processing /home/airflow/.local/lib/python3.12/site-packages/airflow/example_dags/example_short_circuit_operator.py took 0.178 seconds
[2024-07-19T10:20:28.072+0000] {processor.py:161} INFO - Started process (PID=163) to work on /home/airflow/.local/lib/python3.12/site-packages/airflow/example_dags/example_short_circuit_operator.py
[2024-07-19T10:20:28.073+0000] {processor.py:830} INFO - Processing file /home/airflow/.local/lib/python3.12/site-packages/airflow/example_dags/example_short_circuit_operator.py for tasks to queue
[2024-07-19T10:20:28.074+0000] {logging_mixin.py:188} INFO - [2024-07-19T10:20:28.074+0000] {dagbag.py:545} INFO - Filling up the DagBag from /home/airflow/.local/lib/python3.12/site-packages/airflow/example_dags/example_short_circuit_operator.py
[2024-07-19T10:20:28.078+0000] {processor.py:840} INFO - DAG(s) 'example_short_circuit_operator' retrieved from /home/airflow/.local/lib/python3.12/site-packages/airflow/example_dags/example_short_circuit_operator.py
[2024-07-19T10:20:28.088+0000] {logging_mixin.py:188} INFO - [2024-07-19T10:20:28.088+0000] {dag.py:3096} INFO - Sync 1 DAGs
[2024-07-19T10:20:28.101+0000] {logging_mixin.py:188} INFO - [2024-07-19T10:20:28.101+0000] {dag.py:3954} INFO - Setting next_dagrun for example_short_circuit_operator to 2024-07-18 00:00:00+00:00, run_after=2024-07-19 00:00:00+00:00
[2024-07-19T10:20:28.112+0000] {processor.py:183} INFO - Processing /home/airflow/.local/lib/python3.12/site-packages/airflow/example_dags/example_short_circuit_operator.py took 0.044 seconds
[2024-07-19T10:20:58.150+0000] {processor.py:161} INFO - Started process (PID=222) to work on /home/airflow/.local/lib/python3.12/site-packages/airflow/example_dags/example_short_circuit_operator.py
[2024-07-19T10:20:58.151+0000] {processor.py:830} INFO - Processing file /home/airflow/.local/lib/python3.12/site-packages/airflow/example_dags/example_short_circuit_operator.py for tasks to queue
[2024-07-19T10:20:58.152+0000] {logging_mixin.py:188} INFO - [2024-07-19T10:20:58.152+0000] {dagbag.py:545} INFO - Filling up the DagBag from /home/airflow/.local/lib/python3.12/site-packages/airflow/example_dags/example_short_circuit_operator.py
[2024-07-19T10:20:58.158+0000] {processor.py:840} INFO - DAG(s) 'example_short_circuit_operator' retrieved from /home/airflow/.local/lib/python3.12/site-packages/airflow/example_dags/example_short_circuit_operator.py
[2024-07-19T10:20:58.171+0000] {logging_mixin.py:188} INFO - [2024-07-19T10:20:58.170+0000] {dag.py:3096} INFO - Sync 1 DAGs
[2024-07-19T10:20:58.180+0000] {logging_mixin.py:188} INFO - [2024-07-19T10:20:58.180+0000] {dag.py:3954} INFO - Setting next_dagrun for example_short_circuit_operator to 2024-07-18 00:00:00+00:00, run_after=2024-07-19 00:00:00+00:00
[2024-07-19T10:20:58.193+0000] {processor.py:183} INFO - Processing /home/airflow/.local/lib/python3.12/site-packages/airflow/example_dags/example_short_circuit_operator.py took 0.046 seconds
[2024-07-19T10:21:28.333+0000] {processor.py:161} INFO - Started process (PID=281) to work on /home/airflow/.local/lib/python3.12/site-packages/airflow/example_dags/example_short_circuit_operator.py
[2024-07-19T10:21:28.334+0000] {processor.py:830} INFO - Processing file /home/airflow/.local/lib/python3.12/site-packages/airflow/example_dags/example_short_circuit_operator.py for tasks to queue
[2024-07-19T10:21:28.336+0000] {logging_mixin.py:188} INFO - [2024-07-19T10:21:28.336+0000] {dagbag.py:545} INFO - Filling up the DagBag from /home/airflow/.local/lib/python3.12/site-packages/airflow/example_dags/example_short_circuit_operator.py
[2024-07-19T10:21:28.339+0000] {processor.py:840} INFO - DAG(s) 'example_short_circuit_operator' retrieved from /home/airflow/.local/lib/python3.12/site-packages/airflow/example_dags/example_short_circuit_operator.py
[2024-07-19T10:21:28.353+0000] {logging_mixin.py:188} INFO - [2024-07-19T10:21:28.353+0000] {dag.py:3096} INFO - Sync 1 DAGs
[2024-07-19T10:21:28.368+0000] {logging_mixin.py:188} INFO - [2024-07-19T10:21:28.368+0000] {dag.py:3954} INFO - Setting next_dagrun for example_short_circuit_operator to 2024-07-18 00:00:00+00:00, run_after=2024-07-19 00:00:00+00:00
[2024-07-19T10:21:28.380+0000] {processor.py:183} INFO - Processing /home/airflow/.local/lib/python3.12/site-packages/airflow/example_dags/example_short_circuit_operator.py took 0.049 seconds
[2024-07-19T10:21:58.619+0000] {processor.py:161} INFO - Started process (PID=340) to work on /home/airflow/.local/lib/python3.12/site-packages/airflow/example_dags/example_short_circuit_operator.py
[2024-07-19T10:21:58.620+0000] {processor.py:830} INFO - Processing file /home/airflow/.local/lib/python3.12/site-packages/airflow/example_dags/example_short_circuit_operator.py for tasks to queue
[2024-07-19T10:21:58.621+0000] {logging_mixin.py:188} INFO - [2024-07-19T10:21:58.621+0000] {dagbag.py:545} INFO - Filling up the DagBag from /home/airflow/.local/lib/python3.12/site-packages/airflow/example_dags/example_short_circuit_operator.py
[2024-07-19T10:21:58.631+0000] {processor.py:840} INFO - DAG(s) 'example_short_circuit_operator' retrieved from /home/airflow/.local/lib/python3.12/site-packages/airflow/example_dags/example_short_circuit_operator.py
[2024-07-19T10:21:58.660+0000] {logging_mixin.py:188} INFO - [2024-07-19T10:21:58.659+0000] {dag.py:3096} INFO - Sync 1 DAGs
[2024-07-19T10:21:58.679+0000] {logging_mixin.py:188} INFO - [2024-07-19T10:21:58.678+0000] {dag.py:3954} INFO - Setting next_dagrun for example_short_circuit_operator to 2024-07-18 00:00:00+00:00, run_after=2024-07-19 00:00:00+00:00
[2024-07-19T10:21:58.694+0000] {processor.py:183} INFO - Processing /home/airflow/.local/lib/python3.12/site-packages/airflow/example_dags/example_short_circuit_operator.py took 0.078 seconds
[2024-07-19T10:22:29.205+0000] {processor.py:161} INFO - Started process (PID=398) to work on /home/airflow/.local/lib/python3.12/site-packages/airflow/example_dags/example_short_circuit_operator.py
[2024-07-19T10:22:29.206+0000] {processor.py:830} INFO - Processing file /home/airflow/.local/lib/python3.12/site-packages/airflow/example_dags/example_short_circuit_operator.py for tasks to queue
[2024-07-19T10:22:29.207+0000] {logging_mixin.py:188} INFO - [2024-07-19T10:22:29.207+0000] {dagbag.py:545} INFO - Filling up the DagBag from /home/airflow/.local/lib/python3.12/site-packages/airflow/example_dags/example_short_circuit_operator.py
[2024-07-19T10:22:29.212+0000] {processor.py:840} INFO - DAG(s) 'example_short_circuit_operator' retrieved from /home/airflow/.local/lib/python3.12/site-packages/airflow/example_dags/example_short_circuit_operator.py
[2024-07-19T10:22:29.231+0000] {logging_mixin.py:188} INFO - [2024-07-19T10:22:29.231+0000] {dag.py:3096} INFO - Sync 1 DAGs
[2024-07-19T10:22:29.245+0000] {logging_mixin.py:188} INFO - [2024-07-19T10:22:29.245+0000] {dag.py:3954} INFO - Setting next_dagrun for example_short_circuit_operator to 2024-07-18 00:00:00+00:00, run_after=2024-07-19 00:00:00+00:00
[2024-07-19T10:22:29.255+0000] {processor.py:183} INFO - Processing /home/airflow/.local/lib/python3.12/site-packages/airflow/example_dags/example_short_circuit_operator.py took 0.053 seconds
[2024-07-19T10:28:19.151+0000] {processor.py:161} INFO - Started process (PID=81) to work on /home/airflow/.local/lib/python3.12/site-packages/airflow/example_dags/example_short_circuit_operator.py
[2024-07-19T10:28:19.155+0000] {processor.py:830} INFO - Processing file /home/airflow/.local/lib/python3.12/site-packages/airflow/example_dags/example_short_circuit_operator.py for tasks to queue
[2024-07-19T10:28:19.158+0000] {logging_mixin.py:188} INFO - [2024-07-19T10:28:19.157+0000] {dagbag.py:545} INFO - Filling up the DagBag from /home/airflow/.local/lib/python3.12/site-packages/airflow/example_dags/example_short_circuit_operator.py
[2024-07-19T10:28:19.165+0000] {processor.py:840} INFO - DAG(s) 'example_short_circuit_operator' retrieved from /home/airflow/.local/lib/python3.12/site-packages/airflow/example_dags/example_short_circuit_operator.py
[2024-07-19T10:28:19.187+0000] {logging_mixin.py:188} INFO - [2024-07-19T10:28:19.187+0000] {dag.py:3096} INFO - Sync 1 DAGs
[2024-07-19T10:28:19.208+0000] {logging_mixin.py:188} INFO - [2024-07-19T10:28:19.208+0000] {dag.py:3954} INFO - Setting next_dagrun for example_short_circuit_operator to 2024-07-18 00:00:00+00:00, run_after=2024-07-19 00:00:00+00:00
[2024-07-19T10:28:19.243+0000] {processor.py:183} INFO - Processing /home/airflow/.local/lib/python3.12/site-packages/airflow/example_dags/example_short_circuit_operator.py took 0.107 seconds
[2024-07-19T10:28:49.720+0000] {processor.py:161} INFO - Started process (PID=140) to work on /home/airflow/.local/lib/python3.12/site-packages/airflow/example_dags/example_short_circuit_operator.py
[2024-07-19T10:28:49.721+0000] {processor.py:830} INFO - Processing file /home/airflow/.local/lib/python3.12/site-packages/airflow/example_dags/example_short_circuit_operator.py for tasks to queue
[2024-07-19T10:28:49.722+0000] {logging_mixin.py:188} INFO - [2024-07-19T10:28:49.722+0000] {dagbag.py:545} INFO - Filling up the DagBag from /home/airflow/.local/lib/python3.12/site-packages/airflow/example_dags/example_short_circuit_operator.py
[2024-07-19T10:28:49.726+0000] {processor.py:840} INFO - DAG(s) 'example_short_circuit_operator' retrieved from /home/airflow/.local/lib/python3.12/site-packages/airflow/example_dags/example_short_circuit_operator.py
[2024-07-19T10:28:49.737+0000] {logging_mixin.py:188} INFO - [2024-07-19T10:28:49.737+0000] {dag.py:3096} INFO - Sync 1 DAGs
[2024-07-19T10:28:49.751+0000] {logging_mixin.py:188} INFO - [2024-07-19T10:28:49.751+0000] {dag.py:3954} INFO - Setting next_dagrun for example_short_circuit_operator to 2024-07-18 00:00:00+00:00, run_after=2024-07-19 00:00:00+00:00
[2024-07-19T10:28:49.765+0000] {processor.py:183} INFO - Processing /home/airflow/.local/lib/python3.12/site-packages/airflow/example_dags/example_short_circuit_operator.py took 0.048 seconds
[2024-07-19T10:33:03.918+0000] {processor.py:161} INFO - Started process (PID=87) to work on /home/airflow/.local/lib/python3.12/site-packages/airflow/example_dags/example_short_circuit_operator.py
[2024-07-19T10:33:03.926+0000] {processor.py:830} INFO - Processing file /home/airflow/.local/lib/python3.12/site-packages/airflow/example_dags/example_short_circuit_operator.py for tasks to queue
[2024-07-19T10:33:03.931+0000] {logging_mixin.py:188} INFO - [2024-07-19T10:33:03.931+0000] {dagbag.py:545} INFO - Filling up the DagBag from /home/airflow/.local/lib/python3.12/site-packages/airflow/example_dags/example_short_circuit_operator.py
[2024-07-19T10:33:03.949+0000] {processor.py:840} INFO - DAG(s) 'example_short_circuit_operator' retrieved from /home/airflow/.local/lib/python3.12/site-packages/airflow/example_dags/example_short_circuit_operator.py
[2024-07-19T10:33:03.970+0000] {logging_mixin.py:188} INFO - [2024-07-19T10:33:03.970+0000] {dag.py:3096} INFO - Sync 1 DAGs
[2024-07-19T10:33:04.007+0000] {logging_mixin.py:188} INFO - [2024-07-19T10:33:04.007+0000] {dag.py:3954} INFO - Setting next_dagrun for example_short_circuit_operator to 2024-07-18 00:00:00+00:00, run_after=2024-07-19 00:00:00+00:00
[2024-07-19T10:33:04.030+0000] {processor.py:183} INFO - Processing /home/airflow/.local/lib/python3.12/site-packages/airflow/example_dags/example_short_circuit_operator.py took 0.121 seconds
[2024-07-19T10:33:35.153+0000] {processor.py:161} INFO - Started process (PID=146) to work on /home/airflow/.local/lib/python3.12/site-packages/airflow/example_dags/example_short_circuit_operator.py
[2024-07-19T10:33:35.157+0000] {processor.py:830} INFO - Processing file /home/airflow/.local/lib/python3.12/site-packages/airflow/example_dags/example_short_circuit_operator.py for tasks to queue
[2024-07-19T10:33:35.159+0000] {logging_mixin.py:188} INFO - [2024-07-19T10:33:35.158+0000] {dagbag.py:545} INFO - Filling up the DagBag from /home/airflow/.local/lib/python3.12/site-packages/airflow/example_dags/example_short_circuit_operator.py
[2024-07-19T10:33:35.164+0000] {processor.py:840} INFO - DAG(s) 'example_short_circuit_operator' retrieved from /home/airflow/.local/lib/python3.12/site-packages/airflow/example_dags/example_short_circuit_operator.py
[2024-07-19T10:33:35.223+0000] {logging_mixin.py:188} INFO - [2024-07-19T10:33:35.223+0000] {dag.py:3096} INFO - Sync 1 DAGs
[2024-07-19T10:33:35.232+0000] {logging_mixin.py:188} INFO - [2024-07-19T10:33:35.232+0000] {dag.py:3954} INFO - Setting next_dagrun for example_short_circuit_operator to 2024-07-18 00:00:00+00:00, run_after=2024-07-19 00:00:00+00:00
[2024-07-19T10:33:35.243+0000] {processor.py:183} INFO - Processing /home/airflow/.local/lib/python3.12/site-packages/airflow/example_dags/example_short_circuit_operator.py took 0.092 seconds
[2024-07-19T10:34:05.782+0000] {processor.py:161} INFO - Started process (PID=205) to work on /home/airflow/.local/lib/python3.12/site-packages/airflow/example_dags/example_short_circuit_operator.py
[2024-07-19T10:34:05.784+0000] {processor.py:830} INFO - Processing file /home/airflow/.local/lib/python3.12/site-packages/airflow/example_dags/example_short_circuit_operator.py for tasks to queue
[2024-07-19T10:34:05.786+0000] {logging_mixin.py:188} INFO - [2024-07-19T10:34:05.785+0000] {dagbag.py:545} INFO - Filling up the DagBag from /home/airflow/.local/lib/python3.12/site-packages/airflow/example_dags/example_short_circuit_operator.py
[2024-07-19T10:34:05.791+0000] {processor.py:840} INFO - DAG(s) 'example_short_circuit_operator' retrieved from /home/airflow/.local/lib/python3.12/site-packages/airflow/example_dags/example_short_circuit_operator.py
[2024-07-19T10:34:05.809+0000] {logging_mixin.py:188} INFO - [2024-07-19T10:34:05.809+0000] {dag.py:3096} INFO - Sync 1 DAGs
[2024-07-19T10:34:05.852+0000] {logging_mixin.py:188} INFO - [2024-07-19T10:34:05.852+0000] {dag.py:3954} INFO - Setting next_dagrun for example_short_circuit_operator to 2024-07-18 00:00:00+00:00, run_after=2024-07-19 00:00:00+00:00
[2024-07-19T10:34:05.868+0000] {processor.py:183} INFO - Processing /home/airflow/.local/lib/python3.12/site-packages/airflow/example_dags/example_short_circuit_operator.py took 0.092 seconds
[2024-07-19T10:34:36.391+0000] {processor.py:161} INFO - Started process (PID=264) to work on /home/airflow/.local/lib/python3.12/site-packages/airflow/example_dags/example_short_circuit_operator.py
[2024-07-19T10:34:36.393+0000] {processor.py:830} INFO - Processing file /home/airflow/.local/lib/python3.12/site-packages/airflow/example_dags/example_short_circuit_operator.py for tasks to queue
[2024-07-19T10:34:36.395+0000] {logging_mixin.py:188} INFO - [2024-07-19T10:34:36.394+0000] {dagbag.py:545} INFO - Filling up the DagBag from /home/airflow/.local/lib/python3.12/site-packages/airflow/example_dags/example_short_circuit_operator.py
[2024-07-19T10:34:36.401+0000] {processor.py:840} INFO - DAG(s) 'example_short_circuit_operator' retrieved from /home/airflow/.local/lib/python3.12/site-packages/airflow/example_dags/example_short_circuit_operator.py
[2024-07-19T10:34:36.427+0000] {logging_mixin.py:188} INFO - [2024-07-19T10:34:36.427+0000] {dag.py:3096} INFO - Sync 1 DAGs
[2024-07-19T10:34:36.449+0000] {logging_mixin.py:188} INFO - [2024-07-19T10:34:36.449+0000] {dag.py:3954} INFO - Setting next_dagrun for example_short_circuit_operator to 2024-07-18 00:00:00+00:00, run_after=2024-07-19 00:00:00+00:00
[2024-07-19T10:34:36.467+0000] {processor.py:183} INFO - Processing /home/airflow/.local/lib/python3.12/site-packages/airflow/example_dags/example_short_circuit_operator.py took 0.086 seconds
[2024-07-19T10:35:42.624+0000] {processor.py:161} INFO - Started process (PID=80) to work on /home/airflow/.local/lib/python3.12/site-packages/airflow/example_dags/example_short_circuit_operator.py
[2024-07-19T10:35:42.626+0000] {processor.py:830} INFO - Processing file /home/airflow/.local/lib/python3.12/site-packages/airflow/example_dags/example_short_circuit_operator.py for tasks to queue
[2024-07-19T10:35:42.628+0000] {logging_mixin.py:188} INFO - [2024-07-19T10:35:42.627+0000] {dagbag.py:545} INFO - Filling up the DagBag from /home/airflow/.local/lib/python3.12/site-packages/airflow/example_dags/example_short_circuit_operator.py
[2024-07-19T10:35:42.635+0000] {processor.py:840} INFO - DAG(s) 'example_short_circuit_operator' retrieved from /home/airflow/.local/lib/python3.12/site-packages/airflow/example_dags/example_short_circuit_operator.py
[2024-07-19T10:35:42.643+0000] {logging_mixin.py:188} INFO - [2024-07-19T10:35:42.643+0000] {dag.py:3096} INFO - Sync 1 DAGs
[2024-07-19T10:35:42.676+0000] {logging_mixin.py:188} INFO - [2024-07-19T10:35:42.676+0000] {dag.py:3954} INFO - Setting next_dagrun for example_short_circuit_operator to 2024-07-18 00:00:00+00:00, run_after=2024-07-19 00:00:00+00:00
[2024-07-19T10:35:42.689+0000] {processor.py:183} INFO - Processing /home/airflow/.local/lib/python3.12/site-packages/airflow/example_dags/example_short_circuit_operator.py took 0.080 seconds
[2024-07-19T10:36:12.790+0000] {processor.py:161} INFO - Started process (PID=139) to work on /home/airflow/.local/lib/python3.12/site-packages/airflow/example_dags/example_short_circuit_operator.py
[2024-07-19T10:36:12.792+0000] {processor.py:830} INFO - Processing file /home/airflow/.local/lib/python3.12/site-packages/airflow/example_dags/example_short_circuit_operator.py for tasks to queue
[2024-07-19T10:36:12.793+0000] {logging_mixin.py:188} INFO - [2024-07-19T10:36:12.793+0000] {dagbag.py:545} INFO - Filling up the DagBag from /home/airflow/.local/lib/python3.12/site-packages/airflow/example_dags/example_short_circuit_operator.py
[2024-07-19T10:36:12.799+0000] {processor.py:840} INFO - DAG(s) 'example_short_circuit_operator' retrieved from /home/airflow/.local/lib/python3.12/site-packages/airflow/example_dags/example_short_circuit_operator.py
[2024-07-19T10:36:12.862+0000] {logging_mixin.py:188} INFO - [2024-07-19T10:36:12.862+0000] {dag.py:3096} INFO - Sync 1 DAGs
[2024-07-19T10:36:12.872+0000] {logging_mixin.py:188} INFO - [2024-07-19T10:36:12.872+0000] {dag.py:3954} INFO - Setting next_dagrun for example_short_circuit_operator to 2024-07-18 00:00:00+00:00, run_after=2024-07-19 00:00:00+00:00
[2024-07-19T10:36:12.888+0000] {processor.py:183} INFO - Processing /home/airflow/.local/lib/python3.12/site-packages/airflow/example_dags/example_short_circuit_operator.py took 0.104 seconds
[2024-07-19T10:41:31.552+0000] {processor.py:161} INFO - Started process (PID=125) to work on /home/airflow/.local/lib/python3.12/site-packages/airflow/example_dags/example_short_circuit_operator.py
[2024-07-19T10:41:31.561+0000] {processor.py:830} INFO - Processing file /home/airflow/.local/lib/python3.12/site-packages/airflow/example_dags/example_short_circuit_operator.py for tasks to queue
[2024-07-19T10:41:31.567+0000] {logging_mixin.py:188} INFO - [2024-07-19T10:41:31.567+0000] {dagbag.py:545} INFO - Filling up the DagBag from /home/airflow/.local/lib/python3.12/site-packages/airflow/example_dags/example_short_circuit_operator.py
[2024-07-19T10:41:31.597+0000] {processor.py:840} INFO - DAG(s) 'example_short_circuit_operator' retrieved from /home/airflow/.local/lib/python3.12/site-packages/airflow/example_dags/example_short_circuit_operator.py
[2024-07-19T10:41:31.730+0000] {logging_mixin.py:188} INFO - [2024-07-19T10:41:31.729+0000] {dag.py:3089} INFO - Sync 1 DAGs
[2024-07-19T10:41:31.750+0000] {logging_mixin.py:188} INFO - [2024-07-19T10:41:31.750+0000] {dag.py:3947} INFO - Setting next_dagrun for example_short_circuit_operator to 2024-07-18 00:00:00+00:00, run_after=2024-07-19 00:00:00+00:00
[2024-07-19T10:41:31.785+0000] {processor.py:183} INFO - Processing /home/airflow/.local/lib/python3.12/site-packages/airflow/example_dags/example_short_circuit_operator.py took 0.240 seconds
[2024-07-19T10:42:02.504+0000] {processor.py:161} INFO - Started process (PID=191) to work on /home/airflow/.local/lib/python3.12/site-packages/airflow/example_dags/example_short_circuit_operator.py
[2024-07-19T10:42:02.506+0000] {processor.py:830} INFO - Processing file /home/airflow/.local/lib/python3.12/site-packages/airflow/example_dags/example_short_circuit_operator.py for tasks to queue
[2024-07-19T10:42:02.508+0000] {logging_mixin.py:188} INFO - [2024-07-19T10:42:02.507+0000] {dagbag.py:545} INFO - Filling up the DagBag from /home/airflow/.local/lib/python3.12/site-packages/airflow/example_dags/example_short_circuit_operator.py
[2024-07-19T10:42:02.525+0000] {processor.py:840} INFO - DAG(s) 'example_short_circuit_operator' retrieved from /home/airflow/.local/lib/python3.12/site-packages/airflow/example_dags/example_short_circuit_operator.py
[2024-07-19T10:42:02.793+0000] {logging_mixin.py:188} INFO - [2024-07-19T10:42:02.792+0000] {dag.py:3089} INFO - Sync 1 DAGs
[2024-07-19T10:42:02.956+0000] {logging_mixin.py:188} INFO - [2024-07-19T10:42:02.955+0000] {dag.py:3947} INFO - Setting next_dagrun for example_short_circuit_operator to 2024-07-18 00:00:00+00:00, run_after=2024-07-19 00:00:00+00:00
[2024-07-19T10:42:03.092+0000] {processor.py:183} INFO - Processing /home/airflow/.local/lib/python3.12/site-packages/airflow/example_dags/example_short_circuit_operator.py took 0.595 seconds
[2024-07-19T10:49:32.717+0000] {processor.py:161} INFO - Started process (PID=91) to work on /home/airflow/.local/lib/python3.12/site-packages/airflow/example_dags/example_short_circuit_operator.py
[2024-07-19T10:49:32.718+0000] {processor.py:830} INFO - Processing file /home/airflow/.local/lib/python3.12/site-packages/airflow/example_dags/example_short_circuit_operator.py for tasks to queue
[2024-07-19T10:49:32.719+0000] {logging_mixin.py:188} INFO - [2024-07-19T10:49:32.719+0000] {dagbag.py:545} INFO - Filling up the DagBag from /home/airflow/.local/lib/python3.12/site-packages/airflow/example_dags/example_short_circuit_operator.py
[2024-07-19T10:49:32.724+0000] {processor.py:840} INFO - DAG(s) 'example_short_circuit_operator' retrieved from /home/airflow/.local/lib/python3.12/site-packages/airflow/example_dags/example_short_circuit_operator.py
[2024-07-19T10:49:32.743+0000] {logging_mixin.py:188} INFO - [2024-07-19T10:49:32.743+0000] {dag.py:3089} INFO - Sync 1 DAGs
[2024-07-19T10:49:32.762+0000] {logging_mixin.py:188} INFO - [2024-07-19T10:49:32.762+0000] {dag.py:3947} INFO - Setting next_dagrun for example_short_circuit_operator to 2024-07-18 00:00:00+00:00, run_after=2024-07-19 00:00:00+00:00
[2024-07-19T10:49:32.790+0000] {processor.py:183} INFO - Processing /home/airflow/.local/lib/python3.12/site-packages/airflow/example_dags/example_short_circuit_operator.py took 0.077 seconds
[2024-07-19T10:50:04.891+0000] {processor.py:161} INFO - Started process (PID=158) to work on /home/airflow/.local/lib/python3.12/site-packages/airflow/example_dags/example_short_circuit_operator.py
[2024-07-19T10:50:04.894+0000] {processor.py:830} INFO - Processing file /home/airflow/.local/lib/python3.12/site-packages/airflow/example_dags/example_short_circuit_operator.py for tasks to queue
[2024-07-19T10:50:04.899+0000] {logging_mixin.py:188} INFO - [2024-07-19T10:50:04.898+0000] {dagbag.py:545} INFO - Filling up the DagBag from /home/airflow/.local/lib/python3.12/site-packages/airflow/example_dags/example_short_circuit_operator.py
[2024-07-19T10:50:04.910+0000] {processor.py:840} INFO - DAG(s) 'example_short_circuit_operator' retrieved from /home/airflow/.local/lib/python3.12/site-packages/airflow/example_dags/example_short_circuit_operator.py
[2024-07-19T10:50:04.959+0000] {logging_mixin.py:188} INFO - [2024-07-19T10:50:04.958+0000] {dag.py:3089} INFO - Sync 1 DAGs
[2024-07-19T10:50:04.998+0000] {logging_mixin.py:188} INFO - [2024-07-19T10:50:04.998+0000] {dag.py:3947} INFO - Setting next_dagrun for example_short_circuit_operator to 2024-07-18 00:00:00+00:00, run_after=2024-07-19 00:00:00+00:00
[2024-07-19T10:50:05.024+0000] {processor.py:183} INFO - Processing /home/airflow/.local/lib/python3.12/site-packages/airflow/example_dags/example_short_circuit_operator.py took 0.154 seconds
