[2024-07-19T10:19:54.291+0000] {processor.py:161} INFO - Started process (PID=88) to work on /home/airflow/.local/lib/python3.12/site-packages/airflow/example_dags/example_external_task_marker_dag.py
[2024-07-19T10:19:54.299+0000] {processor.py:830} INFO - Processing file /home/airflow/.local/lib/python3.12/site-packages/airflow/example_dags/example_external_task_marker_dag.py for tasks to queue
[2024-07-19T10:19:54.306+0000] {logging_mixin.py:188} INFO - [2024-07-19T10:19:54.305+0000] {dagbag.py:545} INFO - Filling up the DagBag from /home/airflow/.local/lib/python3.12/site-packages/airflow/example_dags/example_external_task_marker_dag.py
[2024-07-19T10:19:54.352+0000] {processor.py:840} INFO - DAG(s) 'example_external_task_marker_child', 'example_external_task_marker_parent' retrieved from /home/airflow/.local/lib/python3.12/site-packages/airflow/example_dags/example_external_task_marker_dag.py
[2024-07-19T10:19:54.668+0000] {logging_mixin.py:188} INFO - [2024-07-19T10:19:54.668+0000] {dag.py:3096} INFO - Sync 2 DAGs
[2024-07-19T10:19:54.710+0000] {logging_mixin.py:188} INFO - [2024-07-19T10:19:54.710+0000] {dag.py:3954} INFO - Setting next_dagrun for example_external_task_marker_child to None, run_after=None
[2024-07-19T10:19:54.715+0000] {logging_mixin.py:188} INFO - [2024-07-19T10:19:54.715+0000] {dag.py:3954} INFO - Setting next_dagrun for example_external_task_marker_parent to None, run_after=None
[2024-07-19T10:19:54.756+0000] {processor.py:183} INFO - Processing /home/airflow/.local/lib/python3.12/site-packages/airflow/example_dags/example_external_task_marker_dag.py took 0.523 seconds
[2024-07-19T10:20:25.321+0000] {processor.py:161} INFO - Started process (PID=147) to work on /home/airflow/.local/lib/python3.12/site-packages/airflow/example_dags/example_external_task_marker_dag.py
[2024-07-19T10:20:25.330+0000] {processor.py:830} INFO - Processing file /home/airflow/.local/lib/python3.12/site-packages/airflow/example_dags/example_external_task_marker_dag.py for tasks to queue
[2024-07-19T10:20:25.332+0000] {logging_mixin.py:188} INFO - [2024-07-19T10:20:25.331+0000] {dagbag.py:545} INFO - Filling up the DagBag from /home/airflow/.local/lib/python3.12/site-packages/airflow/example_dags/example_external_task_marker_dag.py
[2024-07-19T10:20:25.342+0000] {processor.py:840} INFO - DAG(s) 'example_external_task_marker_child', 'example_external_task_marker_parent' retrieved from /home/airflow/.local/lib/python3.12/site-packages/airflow/example_dags/example_external_task_marker_dag.py
[2024-07-19T10:20:25.363+0000] {logging_mixin.py:188} INFO - [2024-07-19T10:20:25.362+0000] {dag.py:3096} INFO - Sync 2 DAGs
[2024-07-19T10:20:25.378+0000] {logging_mixin.py:188} INFO - [2024-07-19T10:20:25.378+0000] {dag.py:3954} INFO - Setting next_dagrun for example_external_task_marker_child to None, run_after=None
[2024-07-19T10:20:25.382+0000] {logging_mixin.py:188} INFO - [2024-07-19T10:20:25.380+0000] {dag.py:3954} INFO - Setting next_dagrun for example_external_task_marker_parent to None, run_after=None
[2024-07-19T10:20:25.393+0000] {processor.py:183} INFO - Processing /home/airflow/.local/lib/python3.12/site-packages/airflow/example_dags/example_external_task_marker_dag.py took 0.081 seconds
[2024-07-19T10:20:55.533+0000] {processor.py:161} INFO - Started process (PID=206) to work on /home/airflow/.local/lib/python3.12/site-packages/airflow/example_dags/example_external_task_marker_dag.py
[2024-07-19T10:20:55.535+0000] {processor.py:830} INFO - Processing file /home/airflow/.local/lib/python3.12/site-packages/airflow/example_dags/example_external_task_marker_dag.py for tasks to queue
[2024-07-19T10:20:55.536+0000] {logging_mixin.py:188} INFO - [2024-07-19T10:20:55.536+0000] {dagbag.py:545} INFO - Filling up the DagBag from /home/airflow/.local/lib/python3.12/site-packages/airflow/example_dags/example_external_task_marker_dag.py
[2024-07-19T10:20:55.542+0000] {processor.py:840} INFO - DAG(s) 'example_external_task_marker_parent', 'example_external_task_marker_child' retrieved from /home/airflow/.local/lib/python3.12/site-packages/airflow/example_dags/example_external_task_marker_dag.py
[2024-07-19T10:20:55.561+0000] {logging_mixin.py:188} INFO - [2024-07-19T10:20:55.561+0000] {dag.py:3096} INFO - Sync 2 DAGs
[2024-07-19T10:20:55.569+0000] {logging_mixin.py:188} INFO - [2024-07-19T10:20:55.569+0000] {dag.py:3954} INFO - Setting next_dagrun for example_external_task_marker_child to None, run_after=None
[2024-07-19T10:20:55.572+0000] {logging_mixin.py:188} INFO - [2024-07-19T10:20:55.572+0000] {dag.py:3954} INFO - Setting next_dagrun for example_external_task_marker_parent to None, run_after=None
[2024-07-19T10:20:55.584+0000] {processor.py:183} INFO - Processing /home/airflow/.local/lib/python3.12/site-packages/airflow/example_dags/example_external_task_marker_dag.py took 0.057 seconds
[2024-07-19T10:21:25.755+0000] {processor.py:161} INFO - Started process (PID=265) to work on /home/airflow/.local/lib/python3.12/site-packages/airflow/example_dags/example_external_task_marker_dag.py
[2024-07-19T10:21:25.757+0000] {processor.py:830} INFO - Processing file /home/airflow/.local/lib/python3.12/site-packages/airflow/example_dags/example_external_task_marker_dag.py for tasks to queue
[2024-07-19T10:21:25.760+0000] {logging_mixin.py:188} INFO - [2024-07-19T10:21:25.759+0000] {dagbag.py:545} INFO - Filling up the DagBag from /home/airflow/.local/lib/python3.12/site-packages/airflow/example_dags/example_external_task_marker_dag.py
[2024-07-19T10:21:25.766+0000] {processor.py:840} INFO - DAG(s) 'example_external_task_marker_parent', 'example_external_task_marker_child' retrieved from /home/airflow/.local/lib/python3.12/site-packages/airflow/example_dags/example_external_task_marker_dag.py
[2024-07-19T10:21:25.792+0000] {logging_mixin.py:188} INFO - [2024-07-19T10:21:25.792+0000] {dag.py:3096} INFO - Sync 2 DAGs
[2024-07-19T10:21:25.805+0000] {logging_mixin.py:188} INFO - [2024-07-19T10:21:25.804+0000] {dag.py:3954} INFO - Setting next_dagrun for example_external_task_marker_child to None, run_after=None
[2024-07-19T10:21:25.808+0000] {logging_mixin.py:188} INFO - [2024-07-19T10:21:25.808+0000] {dag.py:3954} INFO - Setting next_dagrun for example_external_task_marker_parent to None, run_after=None
[2024-07-19T10:21:25.820+0000] {processor.py:183} INFO - Processing /home/airflow/.local/lib/python3.12/site-packages/airflow/example_dags/example_external_task_marker_dag.py took 0.071 seconds
[2024-07-19T10:21:56.664+0000] {processor.py:161} INFO - Started process (PID=324) to work on /home/airflow/.local/lib/python3.12/site-packages/airflow/example_dags/example_external_task_marker_dag.py
[2024-07-19T10:21:56.665+0000] {processor.py:830} INFO - Processing file /home/airflow/.local/lib/python3.12/site-packages/airflow/example_dags/example_external_task_marker_dag.py for tasks to queue
[2024-07-19T10:21:56.666+0000] {logging_mixin.py:188} INFO - [2024-07-19T10:21:56.666+0000] {dagbag.py:545} INFO - Filling up the DagBag from /home/airflow/.local/lib/python3.12/site-packages/airflow/example_dags/example_external_task_marker_dag.py
[2024-07-19T10:21:56.670+0000] {processor.py:840} INFO - DAG(s) 'example_external_task_marker_parent', 'example_external_task_marker_child' retrieved from /home/airflow/.local/lib/python3.12/site-packages/airflow/example_dags/example_external_task_marker_dag.py
[2024-07-19T10:21:56.688+0000] {logging_mixin.py:188} INFO - [2024-07-19T10:21:56.688+0000] {dag.py:3096} INFO - Sync 2 DAGs
[2024-07-19T10:21:56.702+0000] {logging_mixin.py:188} INFO - [2024-07-19T10:21:56.701+0000] {dag.py:3954} INFO - Setting next_dagrun for example_external_task_marker_child to None, run_after=None
[2024-07-19T10:21:56.713+0000] {logging_mixin.py:188} INFO - [2024-07-19T10:21:56.713+0000] {dag.py:3954} INFO - Setting next_dagrun for example_external_task_marker_parent to None, run_after=None
[2024-07-19T10:21:56.736+0000] {processor.py:183} INFO - Processing /home/airflow/.local/lib/python3.12/site-packages/airflow/example_dags/example_external_task_marker_dag.py took 0.075 seconds
[2024-07-19T10:22:27.646+0000] {processor.py:161} INFO - Started process (PID=382) to work on /home/airflow/.local/lib/python3.12/site-packages/airflow/example_dags/example_external_task_marker_dag.py
[2024-07-19T10:22:27.651+0000] {processor.py:830} INFO - Processing file /home/airflow/.local/lib/python3.12/site-packages/airflow/example_dags/example_external_task_marker_dag.py for tasks to queue
[2024-07-19T10:22:27.656+0000] {logging_mixin.py:188} INFO - [2024-07-19T10:22:27.655+0000] {dagbag.py:545} INFO - Filling up the DagBag from /home/airflow/.local/lib/python3.12/site-packages/airflow/example_dags/example_external_task_marker_dag.py
[2024-07-19T10:22:27.662+0000] {processor.py:840} INFO - DAG(s) 'example_external_task_marker_parent', 'example_external_task_marker_child' retrieved from /home/airflow/.local/lib/python3.12/site-packages/airflow/example_dags/example_external_task_marker_dag.py
[2024-07-19T10:22:27.686+0000] {logging_mixin.py:188} INFO - [2024-07-19T10:22:27.686+0000] {dag.py:3096} INFO - Sync 2 DAGs
[2024-07-19T10:22:27.697+0000] {logging_mixin.py:188} INFO - [2024-07-19T10:22:27.697+0000] {dag.py:3954} INFO - Setting next_dagrun for example_external_task_marker_child to None, run_after=None
[2024-07-19T10:22:27.701+0000] {logging_mixin.py:188} INFO - [2024-07-19T10:22:27.701+0000] {dag.py:3954} INFO - Setting next_dagrun for example_external_task_marker_parent to None, run_after=None
[2024-07-19T10:22:27.710+0000] {processor.py:183} INFO - Processing /home/airflow/.local/lib/python3.12/site-packages/airflow/example_dags/example_external_task_marker_dag.py took 0.070 seconds
[2024-07-19T10:28:17.602+0000] {processor.py:161} INFO - Started process (PID=65) to work on /home/airflow/.local/lib/python3.12/site-packages/airflow/example_dags/example_external_task_marker_dag.py
[2024-07-19T10:28:17.604+0000] {processor.py:830} INFO - Processing file /home/airflow/.local/lib/python3.12/site-packages/airflow/example_dags/example_external_task_marker_dag.py for tasks to queue
[2024-07-19T10:28:17.608+0000] {logging_mixin.py:188} INFO - [2024-07-19T10:28:17.607+0000] {dagbag.py:545} INFO - Filling up the DagBag from /home/airflow/.local/lib/python3.12/site-packages/airflow/example_dags/example_external_task_marker_dag.py
[2024-07-19T10:28:17.627+0000] {processor.py:840} INFO - DAG(s) 'example_external_task_marker_parent', 'example_external_task_marker_child' retrieved from /home/airflow/.local/lib/python3.12/site-packages/airflow/example_dags/example_external_task_marker_dag.py
[2024-07-19T10:28:17.674+0000] {logging_mixin.py:188} INFO - [2024-07-19T10:28:17.673+0000] {dag.py:3096} INFO - Sync 2 DAGs
[2024-07-19T10:28:17.688+0000] {logging_mixin.py:188} INFO - [2024-07-19T10:28:17.688+0000] {dag.py:3954} INFO - Setting next_dagrun for example_external_task_marker_child to None, run_after=None
[2024-07-19T10:28:17.692+0000] {logging_mixin.py:188} INFO - [2024-07-19T10:28:17.691+0000] {dag.py:3954} INFO - Setting next_dagrun for example_external_task_marker_parent to None, run_after=None
[2024-07-19T10:28:17.728+0000] {processor.py:183} INFO - Processing /home/airflow/.local/lib/python3.12/site-packages/airflow/example_dags/example_external_task_marker_dag.py took 0.136 seconds
[2024-07-19T10:28:47.876+0000] {processor.py:161} INFO - Started process (PID=124) to work on /home/airflow/.local/lib/python3.12/site-packages/airflow/example_dags/example_external_task_marker_dag.py
[2024-07-19T10:28:47.879+0000] {processor.py:830} INFO - Processing file /home/airflow/.local/lib/python3.12/site-packages/airflow/example_dags/example_external_task_marker_dag.py for tasks to queue
[2024-07-19T10:28:47.882+0000] {logging_mixin.py:188} INFO - [2024-07-19T10:28:47.881+0000] {dagbag.py:545} INFO - Filling up the DagBag from /home/airflow/.local/lib/python3.12/site-packages/airflow/example_dags/example_external_task_marker_dag.py
[2024-07-19T10:28:47.888+0000] {processor.py:840} INFO - DAG(s) 'example_external_task_marker_child', 'example_external_task_marker_parent' retrieved from /home/airflow/.local/lib/python3.12/site-packages/airflow/example_dags/example_external_task_marker_dag.py
[2024-07-19T10:28:47.934+0000] {logging_mixin.py:188} INFO - [2024-07-19T10:28:47.934+0000] {dag.py:3096} INFO - Sync 2 DAGs
[2024-07-19T10:28:47.954+0000] {logging_mixin.py:188} INFO - [2024-07-19T10:28:47.954+0000] {dag.py:3954} INFO - Setting next_dagrun for example_external_task_marker_child to None, run_after=None
[2024-07-19T10:28:47.958+0000] {logging_mixin.py:188} INFO - [2024-07-19T10:28:47.958+0000] {dag.py:3954} INFO - Setting next_dagrun for example_external_task_marker_parent to None, run_after=None
[2024-07-19T10:28:47.984+0000] {processor.py:183} INFO - Processing /home/airflow/.local/lib/python3.12/site-packages/airflow/example_dags/example_external_task_marker_dag.py took 0.111 seconds
[2024-07-19T10:33:01.760+0000] {processor.py:161} INFO - Started process (PID=71) to work on /home/airflow/.local/lib/python3.12/site-packages/airflow/example_dags/example_external_task_marker_dag.py
[2024-07-19T10:33:01.763+0000] {processor.py:830} INFO - Processing file /home/airflow/.local/lib/python3.12/site-packages/airflow/example_dags/example_external_task_marker_dag.py for tasks to queue
[2024-07-19T10:33:01.765+0000] {logging_mixin.py:188} INFO - [2024-07-19T10:33:01.764+0000] {dagbag.py:545} INFO - Filling up the DagBag from /home/airflow/.local/lib/python3.12/site-packages/airflow/example_dags/example_external_task_marker_dag.py
[2024-07-19T10:33:01.776+0000] {processor.py:840} INFO - DAG(s) 'example_external_task_marker_parent', 'example_external_task_marker_child' retrieved from /home/airflow/.local/lib/python3.12/site-packages/airflow/example_dags/example_external_task_marker_dag.py
[2024-07-19T10:33:01.801+0000] {logging_mixin.py:188} INFO - [2024-07-19T10:33:01.800+0000] {dag.py:3096} INFO - Sync 2 DAGs
[2024-07-19T10:33:01.828+0000] {logging_mixin.py:188} INFO - [2024-07-19T10:33:01.827+0000] {dag.py:3954} INFO - Setting next_dagrun for example_external_task_marker_child to None, run_after=None
[2024-07-19T10:33:01.841+0000] {logging_mixin.py:188} INFO - [2024-07-19T10:33:01.840+0000] {dag.py:3954} INFO - Setting next_dagrun for example_external_task_marker_parent to None, run_after=None
[2024-07-19T10:33:01.884+0000] {processor.py:183} INFO - Processing /home/airflow/.local/lib/python3.12/site-packages/airflow/example_dags/example_external_task_marker_dag.py took 0.145 seconds
[2024-07-19T10:33:32.938+0000] {processor.py:161} INFO - Started process (PID=130) to work on /home/airflow/.local/lib/python3.12/site-packages/airflow/example_dags/example_external_task_marker_dag.py
[2024-07-19T10:33:32.951+0000] {processor.py:830} INFO - Processing file /home/airflow/.local/lib/python3.12/site-packages/airflow/example_dags/example_external_task_marker_dag.py for tasks to queue
[2024-07-19T10:33:32.959+0000] {logging_mixin.py:188} INFO - [2024-07-19T10:33:32.958+0000] {dagbag.py:545} INFO - Filling up the DagBag from /home/airflow/.local/lib/python3.12/site-packages/airflow/example_dags/example_external_task_marker_dag.py
[2024-07-19T10:33:32.967+0000] {processor.py:840} INFO - DAG(s) 'example_external_task_marker_parent', 'example_external_task_marker_child' retrieved from /home/airflow/.local/lib/python3.12/site-packages/airflow/example_dags/example_external_task_marker_dag.py
[2024-07-19T10:33:33.064+0000] {logging_mixin.py:188} INFO - [2024-07-19T10:33:33.063+0000] {dag.py:3096} INFO - Sync 2 DAGs
[2024-07-19T10:33:33.069+0000] {logging_mixin.py:188} INFO - [2024-07-19T10:33:33.069+0000] {dag.py:3954} INFO - Setting next_dagrun for example_external_task_marker_child to None, run_after=None
[2024-07-19T10:33:33.074+0000] {logging_mixin.py:188} INFO - [2024-07-19T10:33:33.074+0000] {dag.py:3954} INFO - Setting next_dagrun for example_external_task_marker_parent to None, run_after=None
[2024-07-19T10:33:33.097+0000] {processor.py:183} INFO - Processing /home/airflow/.local/lib/python3.12/site-packages/airflow/example_dags/example_external_task_marker_dag.py took 0.173 seconds
[2024-07-19T10:34:03.419+0000] {processor.py:161} INFO - Started process (PID=189) to work on /home/airflow/.local/lib/python3.12/site-packages/airflow/example_dags/example_external_task_marker_dag.py
[2024-07-19T10:34:03.423+0000] {processor.py:830} INFO - Processing file /home/airflow/.local/lib/python3.12/site-packages/airflow/example_dags/example_external_task_marker_dag.py for tasks to queue
[2024-07-19T10:34:03.426+0000] {logging_mixin.py:188} INFO - [2024-07-19T10:34:03.425+0000] {dagbag.py:545} INFO - Filling up the DagBag from /home/airflow/.local/lib/python3.12/site-packages/airflow/example_dags/example_external_task_marker_dag.py
[2024-07-19T10:34:03.433+0000] {processor.py:840} INFO - DAG(s) 'example_external_task_marker_child', 'example_external_task_marker_parent' retrieved from /home/airflow/.local/lib/python3.12/site-packages/airflow/example_dags/example_external_task_marker_dag.py
[2024-07-19T10:34:03.451+0000] {logging_mixin.py:188} INFO - [2024-07-19T10:34:03.451+0000] {dag.py:3096} INFO - Sync 2 DAGs
[2024-07-19T10:34:03.459+0000] {logging_mixin.py:188} INFO - [2024-07-19T10:34:03.459+0000] {dag.py:3954} INFO - Setting next_dagrun for example_external_task_marker_child to None, run_after=None
[2024-07-19T10:34:03.463+0000] {logging_mixin.py:188} INFO - [2024-07-19T10:34:03.463+0000] {dag.py:3954} INFO - Setting next_dagrun for example_external_task_marker_parent to None, run_after=None
[2024-07-19T10:34:03.481+0000] {processor.py:183} INFO - Processing /home/airflow/.local/lib/python3.12/site-packages/airflow/example_dags/example_external_task_marker_dag.py took 0.066 seconds
[2024-07-19T10:34:33.560+0000] {processor.py:161} INFO - Started process (PID=248) to work on /home/airflow/.local/lib/python3.12/site-packages/airflow/example_dags/example_external_task_marker_dag.py
[2024-07-19T10:34:33.562+0000] {processor.py:830} INFO - Processing file /home/airflow/.local/lib/python3.12/site-packages/airflow/example_dags/example_external_task_marker_dag.py for tasks to queue
[2024-07-19T10:34:33.565+0000] {logging_mixin.py:188} INFO - [2024-07-19T10:34:33.565+0000] {dagbag.py:545} INFO - Filling up the DagBag from /home/airflow/.local/lib/python3.12/site-packages/airflow/example_dags/example_external_task_marker_dag.py
[2024-07-19T10:34:33.570+0000] {processor.py:840} INFO - DAG(s) 'example_external_task_marker_child', 'example_external_task_marker_parent' retrieved from /home/airflow/.local/lib/python3.12/site-packages/airflow/example_dags/example_external_task_marker_dag.py
[2024-07-19T10:34:33.583+0000] {logging_mixin.py:188} INFO - [2024-07-19T10:34:33.583+0000] {dag.py:3096} INFO - Sync 2 DAGs
[2024-07-19T10:34:33.590+0000] {logging_mixin.py:188} INFO - [2024-07-19T10:34:33.589+0000] {dag.py:3954} INFO - Setting next_dagrun for example_external_task_marker_child to None, run_after=None
[2024-07-19T10:34:33.592+0000] {logging_mixin.py:188} INFO - [2024-07-19T10:34:33.592+0000] {dag.py:3954} INFO - Setting next_dagrun for example_external_task_marker_parent to None, run_after=None
[2024-07-19T10:34:33.600+0000] {processor.py:183} INFO - Processing /home/airflow/.local/lib/python3.12/site-packages/airflow/example_dags/example_external_task_marker_dag.py took 0.057 seconds
[2024-07-19T10:35:41.500+0000] {processor.py:161} INFO - Started process (PID=64) to work on /home/airflow/.local/lib/python3.12/site-packages/airflow/example_dags/example_external_task_marker_dag.py
[2024-07-19T10:35:41.502+0000] {processor.py:830} INFO - Processing file /home/airflow/.local/lib/python3.12/site-packages/airflow/example_dags/example_external_task_marker_dag.py for tasks to queue
[2024-07-19T10:35:41.507+0000] {logging_mixin.py:188} INFO - [2024-07-19T10:35:41.506+0000] {dagbag.py:545} INFO - Filling up the DagBag from /home/airflow/.local/lib/python3.12/site-packages/airflow/example_dags/example_external_task_marker_dag.py
[2024-07-19T10:35:41.518+0000] {processor.py:840} INFO - DAG(s) 'example_external_task_marker_child', 'example_external_task_marker_parent' retrieved from /home/airflow/.local/lib/python3.12/site-packages/airflow/example_dags/example_external_task_marker_dag.py
[2024-07-19T10:35:41.539+0000] {logging_mixin.py:188} INFO - [2024-07-19T10:35:41.539+0000] {dag.py:3096} INFO - Sync 2 DAGs
[2024-07-19T10:35:41.560+0000] {logging_mixin.py:188} INFO - [2024-07-19T10:35:41.559+0000] {dag.py:3954} INFO - Setting next_dagrun for example_external_task_marker_child to None, run_after=None
[2024-07-19T10:35:41.573+0000] {logging_mixin.py:188} INFO - [2024-07-19T10:35:41.572+0000] {dag.py:3954} INFO - Setting next_dagrun for example_external_task_marker_parent to None, run_after=None
[2024-07-19T10:35:41.597+0000] {processor.py:183} INFO - Processing /home/airflow/.local/lib/python3.12/site-packages/airflow/example_dags/example_external_task_marker_dag.py took 0.101 seconds
[2024-07-19T10:36:11.997+0000] {processor.py:161} INFO - Started process (PID=123) to work on /home/airflow/.local/lib/python3.12/site-packages/airflow/example_dags/example_external_task_marker_dag.py
[2024-07-19T10:36:11.998+0000] {processor.py:830} INFO - Processing file /home/airflow/.local/lib/python3.12/site-packages/airflow/example_dags/example_external_task_marker_dag.py for tasks to queue
[2024-07-19T10:36:12.000+0000] {logging_mixin.py:188} INFO - [2024-07-19T10:36:12.000+0000] {dagbag.py:545} INFO - Filling up the DagBag from /home/airflow/.local/lib/python3.12/site-packages/airflow/example_dags/example_external_task_marker_dag.py
[2024-07-19T10:36:12.006+0000] {processor.py:840} INFO - DAG(s) 'example_external_task_marker_child', 'example_external_task_marker_parent' retrieved from /home/airflow/.local/lib/python3.12/site-packages/airflow/example_dags/example_external_task_marker_dag.py
[2024-07-19T10:36:12.073+0000] {logging_mixin.py:188} INFO - [2024-07-19T10:36:12.073+0000] {dag.py:3096} INFO - Sync 2 DAGs
[2024-07-19T10:36:12.078+0000] {logging_mixin.py:188} INFO - [2024-07-19T10:36:12.078+0000] {dag.py:3954} INFO - Setting next_dagrun for example_external_task_marker_child to None, run_after=None
[2024-07-19T10:36:12.080+0000] {logging_mixin.py:188} INFO - [2024-07-19T10:36:12.080+0000] {dag.py:3954} INFO - Setting next_dagrun for example_external_task_marker_parent to None, run_after=None
[2024-07-19T10:36:12.093+0000] {processor.py:183} INFO - Processing /home/airflow/.local/lib/python3.12/site-packages/airflow/example_dags/example_external_task_marker_dag.py took 0.099 seconds
[2024-07-19T10:41:23.368+0000] {processor.py:161} INFO - Started process (PID=109) to work on /home/airflow/.local/lib/python3.12/site-packages/airflow/example_dags/example_external_task_marker_dag.py
[2024-07-19T10:41:23.376+0000] {processor.py:830} INFO - Processing file /home/airflow/.local/lib/python3.12/site-packages/airflow/example_dags/example_external_task_marker_dag.py for tasks to queue
[2024-07-19T10:41:23.388+0000] {logging_mixin.py:188} INFO - [2024-07-19T10:41:23.387+0000] {dagbag.py:545} INFO - Filling up the DagBag from /home/airflow/.local/lib/python3.12/site-packages/airflow/example_dags/example_external_task_marker_dag.py
[2024-07-19T10:41:23.410+0000] {processor.py:840} INFO - DAG(s) 'example_external_task_marker_child', 'example_external_task_marker_parent' retrieved from /home/airflow/.local/lib/python3.12/site-packages/airflow/example_dags/example_external_task_marker_dag.py
[2024-07-19T10:41:23.557+0000] {logging_mixin.py:188} INFO - [2024-07-19T10:41:23.557+0000] {dag.py:3089} INFO - Sync 2 DAGs
[2024-07-19T10:41:23.563+0000] {logging_mixin.py:188} INFO - [2024-07-19T10:41:23.563+0000] {dag.py:3947} INFO - Setting next_dagrun for example_external_task_marker_child to None, run_after=None
[2024-07-19T10:41:23.565+0000] {logging_mixin.py:188} INFO - [2024-07-19T10:41:23.565+0000] {dag.py:3947} INFO - Setting next_dagrun for example_external_task_marker_parent to None, run_after=None
[2024-07-19T10:41:23.852+0000] {processor.py:183} INFO - Processing /home/airflow/.local/lib/python3.12/site-packages/airflow/example_dags/example_external_task_marker_dag.py took 0.493 seconds
[2024-07-19T10:41:55.328+0000] {processor.py:161} INFO - Started process (PID=176) to work on /home/airflow/.local/lib/python3.12/site-packages/airflow/example_dags/example_external_task_marker_dag.py
[2024-07-19T10:41:55.338+0000] {processor.py:830} INFO - Processing file /home/airflow/.local/lib/python3.12/site-packages/airflow/example_dags/example_external_task_marker_dag.py for tasks to queue
[2024-07-19T10:41:55.382+0000] {logging_mixin.py:188} INFO - [2024-07-19T10:41:55.375+0000] {dagbag.py:545} INFO - Filling up the DagBag from /home/airflow/.local/lib/python3.12/site-packages/airflow/example_dags/example_external_task_marker_dag.py
[2024-07-19T10:41:55.547+0000] {processor.py:840} INFO - DAG(s) 'example_external_task_marker_parent', 'example_external_task_marker_child' retrieved from /home/airflow/.local/lib/python3.12/site-packages/airflow/example_dags/example_external_task_marker_dag.py
[2024-07-19T10:41:55.763+0000] {logging_mixin.py:188} INFO - [2024-07-19T10:41:55.761+0000] {dag.py:3089} INFO - Sync 2 DAGs
[2024-07-19T10:41:55.827+0000] {logging_mixin.py:188} INFO - [2024-07-19T10:41:55.827+0000] {dag.py:3947} INFO - Setting next_dagrun for example_external_task_marker_child to None, run_after=None
[2024-07-19T10:41:55.857+0000] {logging_mixin.py:188} INFO - [2024-07-19T10:41:55.856+0000] {dag.py:3947} INFO - Setting next_dagrun for example_external_task_marker_parent to None, run_after=None
[2024-07-19T10:41:55.937+0000] {processor.py:183} INFO - Processing /home/airflow/.local/lib/python3.12/site-packages/airflow/example_dags/example_external_task_marker_dag.py took 0.628 seconds
[2024-07-19T10:49:31.679+0000] {processor.py:161} INFO - Started process (PID=75) to work on /home/airflow/.local/lib/python3.12/site-packages/airflow/example_dags/example_external_task_marker_dag.py
[2024-07-19T10:49:31.681+0000] {processor.py:830} INFO - Processing file /home/airflow/.local/lib/python3.12/site-packages/airflow/example_dags/example_external_task_marker_dag.py for tasks to queue
[2024-07-19T10:49:31.685+0000] {logging_mixin.py:188} INFO - [2024-07-19T10:49:31.684+0000] {dagbag.py:545} INFO - Filling up the DagBag from /home/airflow/.local/lib/python3.12/site-packages/airflow/example_dags/example_external_task_marker_dag.py
[2024-07-19T10:49:31.700+0000] {processor.py:840} INFO - DAG(s) 'example_external_task_marker_child', 'example_external_task_marker_parent' retrieved from /home/airflow/.local/lib/python3.12/site-packages/airflow/example_dags/example_external_task_marker_dag.py
[2024-07-19T10:49:31.730+0000] {logging_mixin.py:188} INFO - [2024-07-19T10:49:31.730+0000] {dag.py:3089} INFO - Sync 2 DAGs
[2024-07-19T10:49:31.741+0000] {logging_mixin.py:188} INFO - [2024-07-19T10:49:31.741+0000] {dag.py:3947} INFO - Setting next_dagrun for example_external_task_marker_child to None, run_after=None
[2024-07-19T10:49:31.745+0000] {logging_mixin.py:188} INFO - [2024-07-19T10:49:31.745+0000] {dag.py:3947} INFO - Setting next_dagrun for example_external_task_marker_parent to None, run_after=None
[2024-07-19T10:49:31.760+0000] {processor.py:183} INFO - Processing /home/airflow/.local/lib/python3.12/site-packages/airflow/example_dags/example_external_task_marker_dag.py took 0.085 seconds
[2024-07-19T10:50:01.991+0000] {processor.py:161} INFO - Started process (PID=142) to work on /home/airflow/.local/lib/python3.12/site-packages/airflow/example_dags/example_external_task_marker_dag.py
[2024-07-19T10:50:01.996+0000] {processor.py:830} INFO - Processing file /home/airflow/.local/lib/python3.12/site-packages/airflow/example_dags/example_external_task_marker_dag.py for tasks to queue
[2024-07-19T10:50:01.998+0000] {logging_mixin.py:188} INFO - [2024-07-19T10:50:01.997+0000] {dagbag.py:545} INFO - Filling up the DagBag from /home/airflow/.local/lib/python3.12/site-packages/airflow/example_dags/example_external_task_marker_dag.py
[2024-07-19T10:50:02.001+0000] {processor.py:840} INFO - DAG(s) 'example_external_task_marker_parent', 'example_external_task_marker_child' retrieved from /home/airflow/.local/lib/python3.12/site-packages/airflow/example_dags/example_external_task_marker_dag.py
[2024-07-19T10:50:02.017+0000] {logging_mixin.py:188} INFO - [2024-07-19T10:50:02.017+0000] {dag.py:3089} INFO - Sync 2 DAGs
[2024-07-19T10:50:02.025+0000] {logging_mixin.py:188} INFO - [2024-07-19T10:50:02.025+0000] {dag.py:3947} INFO - Setting next_dagrun for example_external_task_marker_child to None, run_after=None
[2024-07-19T10:50:02.027+0000] {logging_mixin.py:188} INFO - [2024-07-19T10:50:02.027+0000] {dag.py:3947} INFO - Setting next_dagrun for example_external_task_marker_parent to None, run_after=None
[2024-07-19T10:50:02.037+0000] {processor.py:183} INFO - Processing /home/airflow/.local/lib/python3.12/site-packages/airflow/example_dags/example_external_task_marker_dag.py took 0.050 seconds
