[2024-07-19T10:19:56.403+0000] {processor.py:161} INFO - Started process (PID=95) to work on /home/airflow/.local/lib/python3.12/site-packages/airflow/example_dags/example_kubernetes_executor.py
[2024-07-19T10:19:56.406+0000] {processor.py:830} INFO - Processing file /home/airflow/.local/lib/python3.12/site-packages/airflow/example_dags/example_kubernetes_executor.py for tasks to queue
[2024-07-19T10:19:56.410+0000] {logging_mixin.py:188} INFO - [2024-07-19T10:19:56.409+0000] {dagbag.py:545} INFO - Filling up the DagBag from /home/airflow/.local/lib/python3.12/site-packages/airflow/example_dags/example_kubernetes_executor.py
[2024-07-19T10:19:56.428+0000] {processor.py:840} INFO - DAG(s) 'example_kubernetes_executor' retrieved from /home/airflow/.local/lib/python3.12/site-packages/airflow/example_dags/example_kubernetes_executor.py
[2024-07-19T10:19:56.573+0000] {logging_mixin.py:188} INFO - [2024-07-19T10:19:56.572+0000] {dag.py:3096} INFO - Sync 1 DAGs
[2024-07-19T10:19:56.609+0000] {logging_mixin.py:188} INFO - [2024-07-19T10:19:56.609+0000] {dag.py:3954} INFO - Setting next_dagrun for example_kubernetes_executor to None, run_after=None
[2024-07-19T10:19:56.628+0000] {processor.py:183} INFO - Processing /home/airflow/.local/lib/python3.12/site-packages/airflow/example_dags/example_kubernetes_executor.py took 0.234 seconds
[2024-07-19T10:20:26.656+0000] {processor.py:161} INFO - Started process (PID=154) to work on /home/airflow/.local/lib/python3.12/site-packages/airflow/example_dags/example_kubernetes_executor.py
[2024-07-19T10:20:26.657+0000] {processor.py:830} INFO - Processing file /home/airflow/.local/lib/python3.12/site-packages/airflow/example_dags/example_kubernetes_executor.py for tasks to queue
[2024-07-19T10:20:26.658+0000] {logging_mixin.py:188} INFO - [2024-07-19T10:20:26.658+0000] {dagbag.py:545} INFO - Filling up the DagBag from /home/airflow/.local/lib/python3.12/site-packages/airflow/example_dags/example_kubernetes_executor.py
[2024-07-19T10:20:26.667+0000] {processor.py:840} INFO - DAG(s) 'example_kubernetes_executor' retrieved from /home/airflow/.local/lib/python3.12/site-packages/airflow/example_dags/example_kubernetes_executor.py
[2024-07-19T10:20:26.697+0000] {logging_mixin.py:188} INFO - [2024-07-19T10:20:26.697+0000] {dag.py:3096} INFO - Sync 1 DAGs
[2024-07-19T10:20:26.706+0000] {logging_mixin.py:188} INFO - [2024-07-19T10:20:26.706+0000] {dag.py:3954} INFO - Setting next_dagrun for example_kubernetes_executor to None, run_after=None
[2024-07-19T10:20:26.725+0000] {processor.py:183} INFO - Processing /home/airflow/.local/lib/python3.12/site-packages/airflow/example_dags/example_kubernetes_executor.py took 0.075 seconds
[2024-07-19T10:20:56.830+0000] {processor.py:161} INFO - Started process (PID=213) to work on /home/airflow/.local/lib/python3.12/site-packages/airflow/example_dags/example_kubernetes_executor.py
[2024-07-19T10:20:56.833+0000] {processor.py:830} INFO - Processing file /home/airflow/.local/lib/python3.12/site-packages/airflow/example_dags/example_kubernetes_executor.py for tasks to queue
[2024-07-19T10:20:56.834+0000] {logging_mixin.py:188} INFO - [2024-07-19T10:20:56.834+0000] {dagbag.py:545} INFO - Filling up the DagBag from /home/airflow/.local/lib/python3.12/site-packages/airflow/example_dags/example_kubernetes_executor.py
[2024-07-19T10:20:56.841+0000] {processor.py:840} INFO - DAG(s) 'example_kubernetes_executor' retrieved from /home/airflow/.local/lib/python3.12/site-packages/airflow/example_dags/example_kubernetes_executor.py
[2024-07-19T10:20:56.864+0000] {logging_mixin.py:188} INFO - [2024-07-19T10:20:56.864+0000] {dag.py:3096} INFO - Sync 1 DAGs
[2024-07-19T10:20:56.872+0000] {logging_mixin.py:188} INFO - [2024-07-19T10:20:56.872+0000] {dag.py:3954} INFO - Setting next_dagrun for example_kubernetes_executor to None, run_after=None
[2024-07-19T10:20:56.884+0000] {processor.py:183} INFO - Processing /home/airflow/.local/lib/python3.12/site-packages/airflow/example_dags/example_kubernetes_executor.py took 0.057 seconds
[2024-07-19T10:21:27.055+0000] {processor.py:161} INFO - Started process (PID=272) to work on /home/airflow/.local/lib/python3.12/site-packages/airflow/example_dags/example_kubernetes_executor.py
[2024-07-19T10:21:27.055+0000] {processor.py:830} INFO - Processing file /home/airflow/.local/lib/python3.12/site-packages/airflow/example_dags/example_kubernetes_executor.py for tasks to queue
[2024-07-19T10:21:27.056+0000] {logging_mixin.py:188} INFO - [2024-07-19T10:21:27.056+0000] {dagbag.py:545} INFO - Filling up the DagBag from /home/airflow/.local/lib/python3.12/site-packages/airflow/example_dags/example_kubernetes_executor.py
[2024-07-19T10:21:27.064+0000] {processor.py:840} INFO - DAG(s) 'example_kubernetes_executor' retrieved from /home/airflow/.local/lib/python3.12/site-packages/airflow/example_dags/example_kubernetes_executor.py
[2024-07-19T10:21:27.083+0000] {logging_mixin.py:188} INFO - [2024-07-19T10:21:27.083+0000] {dag.py:3096} INFO - Sync 1 DAGs
[2024-07-19T10:21:27.089+0000] {logging_mixin.py:188} INFO - [2024-07-19T10:21:27.088+0000] {dag.py:3954} INFO - Setting next_dagrun for example_kubernetes_executor to None, run_after=None
[2024-07-19T10:21:27.097+0000] {processor.py:183} INFO - Processing /home/airflow/.local/lib/python3.12/site-packages/airflow/example_dags/example_kubernetes_executor.py took 0.045 seconds
[2024-07-19T10:21:58.248+0000] {processor.py:161} INFO - Started process (PID=331) to work on /home/airflow/.local/lib/python3.12/site-packages/airflow/example_dags/example_kubernetes_executor.py
[2024-07-19T10:21:58.248+0000] {processor.py:830} INFO - Processing file /home/airflow/.local/lib/python3.12/site-packages/airflow/example_dags/example_kubernetes_executor.py for tasks to queue
[2024-07-19T10:21:58.250+0000] {logging_mixin.py:188} INFO - [2024-07-19T10:21:58.249+0000] {dagbag.py:545} INFO - Filling up the DagBag from /home/airflow/.local/lib/python3.12/site-packages/airflow/example_dags/example_kubernetes_executor.py
[2024-07-19T10:21:58.258+0000] {processor.py:840} INFO - DAG(s) 'example_kubernetes_executor' retrieved from /home/airflow/.local/lib/python3.12/site-packages/airflow/example_dags/example_kubernetes_executor.py
[2024-07-19T10:21:58.284+0000] {logging_mixin.py:188} INFO - [2024-07-19T10:21:58.284+0000] {dag.py:3096} INFO - Sync 1 DAGs
[2024-07-19T10:21:58.299+0000] {logging_mixin.py:188} INFO - [2024-07-19T10:21:58.299+0000] {dag.py:3954} INFO - Setting next_dagrun for example_kubernetes_executor to None, run_after=None
[2024-07-19T10:21:58.336+0000] {processor.py:183} INFO - Processing /home/airflow/.local/lib/python3.12/site-packages/airflow/example_dags/example_kubernetes_executor.py took 0.094 seconds
[2024-07-19T10:22:28.869+0000] {processor.py:161} INFO - Started process (PID=389) to work on /home/airflow/.local/lib/python3.12/site-packages/airflow/example_dags/example_kubernetes_executor.py
[2024-07-19T10:22:28.874+0000] {processor.py:830} INFO - Processing file /home/airflow/.local/lib/python3.12/site-packages/airflow/example_dags/example_kubernetes_executor.py for tasks to queue
[2024-07-19T10:22:28.876+0000] {logging_mixin.py:188} INFO - [2024-07-19T10:22:28.875+0000] {dagbag.py:545} INFO - Filling up the DagBag from /home/airflow/.local/lib/python3.12/site-packages/airflow/example_dags/example_kubernetes_executor.py
[2024-07-19T10:22:28.886+0000] {processor.py:840} INFO - DAG(s) 'example_kubernetes_executor' retrieved from /home/airflow/.local/lib/python3.12/site-packages/airflow/example_dags/example_kubernetes_executor.py
[2024-07-19T10:22:28.918+0000] {logging_mixin.py:188} INFO - [2024-07-19T10:22:28.918+0000] {dag.py:3096} INFO - Sync 1 DAGs
[2024-07-19T10:22:28.925+0000] {logging_mixin.py:188} INFO - [2024-07-19T10:22:28.925+0000] {dag.py:3954} INFO - Setting next_dagrun for example_kubernetes_executor to None, run_after=None
[2024-07-19T10:22:28.936+0000] {processor.py:183} INFO - Processing /home/airflow/.local/lib/python3.12/site-packages/airflow/example_dags/example_kubernetes_executor.py took 0.073 seconds
[2024-07-19T10:28:18.608+0000] {processor.py:161} INFO - Started process (PID=72) to work on /home/airflow/.local/lib/python3.12/site-packages/airflow/example_dags/example_kubernetes_executor.py
[2024-07-19T10:28:18.610+0000] {processor.py:830} INFO - Processing file /home/airflow/.local/lib/python3.12/site-packages/airflow/example_dags/example_kubernetes_executor.py for tasks to queue
[2024-07-19T10:28:18.612+0000] {logging_mixin.py:188} INFO - [2024-07-19T10:28:18.612+0000] {dagbag.py:545} INFO - Filling up the DagBag from /home/airflow/.local/lib/python3.12/site-packages/airflow/example_dags/example_kubernetes_executor.py
[2024-07-19T10:28:18.632+0000] {processor.py:840} INFO - DAG(s) 'example_kubernetes_executor' retrieved from /home/airflow/.local/lib/python3.12/site-packages/airflow/example_dags/example_kubernetes_executor.py
[2024-07-19T10:28:18.671+0000] {logging_mixin.py:188} INFO - [2024-07-19T10:28:18.671+0000] {dag.py:3096} INFO - Sync 1 DAGs
[2024-07-19T10:28:18.682+0000] {logging_mixin.py:188} INFO - [2024-07-19T10:28:18.682+0000] {dag.py:3954} INFO - Setting next_dagrun for example_kubernetes_executor to None, run_after=None
[2024-07-19T10:28:18.697+0000] {processor.py:183} INFO - Processing /home/airflow/.local/lib/python3.12/site-packages/airflow/example_dags/example_kubernetes_executor.py took 0.094 seconds
[2024-07-19T10:28:49.386+0000] {processor.py:161} INFO - Started process (PID=131) to work on /home/airflow/.local/lib/python3.12/site-packages/airflow/example_dags/example_kubernetes_executor.py
[2024-07-19T10:28:49.387+0000] {processor.py:830} INFO - Processing file /home/airflow/.local/lib/python3.12/site-packages/airflow/example_dags/example_kubernetes_executor.py for tasks to queue
[2024-07-19T10:28:49.388+0000] {logging_mixin.py:188} INFO - [2024-07-19T10:28:49.388+0000] {dagbag.py:545} INFO - Filling up the DagBag from /home/airflow/.local/lib/python3.12/site-packages/airflow/example_dags/example_kubernetes_executor.py
[2024-07-19T10:28:49.395+0000] {processor.py:840} INFO - DAG(s) 'example_kubernetes_executor' retrieved from /home/airflow/.local/lib/python3.12/site-packages/airflow/example_dags/example_kubernetes_executor.py
[2024-07-19T10:28:49.422+0000] {logging_mixin.py:188} INFO - [2024-07-19T10:28:49.422+0000] {dag.py:3096} INFO - Sync 1 DAGs
[2024-07-19T10:28:49.427+0000] {logging_mixin.py:188} INFO - [2024-07-19T10:28:49.427+0000] {dag.py:3954} INFO - Setting next_dagrun for example_kubernetes_executor to None, run_after=None
[2024-07-19T10:28:49.435+0000] {processor.py:183} INFO - Processing /home/airflow/.local/lib/python3.12/site-packages/airflow/example_dags/example_kubernetes_executor.py took 0.052 seconds
[2024-07-19T10:33:02.398+0000] {processor.py:161} INFO - Started process (PID=78) to work on /home/airflow/.local/lib/python3.12/site-packages/airflow/example_dags/example_kubernetes_executor.py
[2024-07-19T10:33:02.403+0000] {processor.py:830} INFO - Processing file /home/airflow/.local/lib/python3.12/site-packages/airflow/example_dags/example_kubernetes_executor.py for tasks to queue
[2024-07-19T10:33:02.410+0000] {logging_mixin.py:188} INFO - [2024-07-19T10:33:02.409+0000] {dagbag.py:545} INFO - Filling up the DagBag from /home/airflow/.local/lib/python3.12/site-packages/airflow/example_dags/example_kubernetes_executor.py
[2024-07-19T10:33:02.469+0000] {processor.py:840} INFO - DAG(s) 'example_kubernetes_executor' retrieved from /home/airflow/.local/lib/python3.12/site-packages/airflow/example_dags/example_kubernetes_executor.py
[2024-07-19T10:33:02.549+0000] {logging_mixin.py:188} INFO - [2024-07-19T10:33:02.548+0000] {dag.py:3096} INFO - Sync 1 DAGs
[2024-07-19T10:33:02.572+0000] {logging_mixin.py:188} INFO - [2024-07-19T10:33:02.572+0000] {dag.py:3954} INFO - Setting next_dagrun for example_kubernetes_executor to None, run_after=None
[2024-07-19T10:33:02.616+0000] {processor.py:183} INFO - Processing /home/airflow/.local/lib/python3.12/site-packages/airflow/example_dags/example_kubernetes_executor.py took 0.243 seconds
[2024-07-19T10:33:33.443+0000] {processor.py:161} INFO - Started process (PID=137) to work on /home/airflow/.local/lib/python3.12/site-packages/airflow/example_dags/example_kubernetes_executor.py
[2024-07-19T10:33:33.444+0000] {processor.py:830} INFO - Processing file /home/airflow/.local/lib/python3.12/site-packages/airflow/example_dags/example_kubernetes_executor.py for tasks to queue
[2024-07-19T10:33:33.446+0000] {logging_mixin.py:188} INFO - [2024-07-19T10:33:33.445+0000] {dagbag.py:545} INFO - Filling up the DagBag from /home/airflow/.local/lib/python3.12/site-packages/airflow/example_dags/example_kubernetes_executor.py
[2024-07-19T10:33:33.453+0000] {processor.py:840} INFO - DAG(s) 'example_kubernetes_executor' retrieved from /home/airflow/.local/lib/python3.12/site-packages/airflow/example_dags/example_kubernetes_executor.py
[2024-07-19T10:33:33.535+0000] {logging_mixin.py:188} INFO - [2024-07-19T10:33:33.535+0000] {dag.py:3096} INFO - Sync 1 DAGs
[2024-07-19T10:33:33.540+0000] {logging_mixin.py:188} INFO - [2024-07-19T10:33:33.540+0000] {dag.py:3954} INFO - Setting next_dagrun for example_kubernetes_executor to None, run_after=None
[2024-07-19T10:33:33.552+0000] {processor.py:183} INFO - Processing /home/airflow/.local/lib/python3.12/site-packages/airflow/example_dags/example_kubernetes_executor.py took 0.111 seconds
[2024-07-19T10:34:03.890+0000] {processor.py:161} INFO - Started process (PID=196) to work on /home/airflow/.local/lib/python3.12/site-packages/airflow/example_dags/example_kubernetes_executor.py
[2024-07-19T10:34:03.892+0000] {processor.py:830} INFO - Processing file /home/airflow/.local/lib/python3.12/site-packages/airflow/example_dags/example_kubernetes_executor.py for tasks to queue
[2024-07-19T10:34:03.894+0000] {logging_mixin.py:188} INFO - [2024-07-19T10:34:03.894+0000] {dagbag.py:545} INFO - Filling up the DagBag from /home/airflow/.local/lib/python3.12/site-packages/airflow/example_dags/example_kubernetes_executor.py
[2024-07-19T10:34:04.013+0000] {processor.py:840} INFO - DAG(s) 'example_kubernetes_executor' retrieved from /home/airflow/.local/lib/python3.12/site-packages/airflow/example_dags/example_kubernetes_executor.py
[2024-07-19T10:34:04.084+0000] {logging_mixin.py:188} INFO - [2024-07-19T10:34:04.084+0000] {dag.py:3096} INFO - Sync 1 DAGs
[2024-07-19T10:34:04.094+0000] {logging_mixin.py:188} INFO - [2024-07-19T10:34:04.094+0000] {dag.py:3954} INFO - Setting next_dagrun for example_kubernetes_executor to None, run_after=None
[2024-07-19T10:34:04.107+0000] {processor.py:183} INFO - Processing /home/airflow/.local/lib/python3.12/site-packages/airflow/example_dags/example_kubernetes_executor.py took 0.222 seconds
[2024-07-19T10:34:34.924+0000] {processor.py:161} INFO - Started process (PID=255) to work on /home/airflow/.local/lib/python3.12/site-packages/airflow/example_dags/example_kubernetes_executor.py
[2024-07-19T10:34:34.925+0000] {processor.py:830} INFO - Processing file /home/airflow/.local/lib/python3.12/site-packages/airflow/example_dags/example_kubernetes_executor.py for tasks to queue
[2024-07-19T10:34:34.926+0000] {logging_mixin.py:188} INFO - [2024-07-19T10:34:34.926+0000] {dagbag.py:545} INFO - Filling up the DagBag from /home/airflow/.local/lib/python3.12/site-packages/airflow/example_dags/example_kubernetes_executor.py
[2024-07-19T10:34:34.933+0000] {processor.py:840} INFO - DAG(s) 'example_kubernetes_executor' retrieved from /home/airflow/.local/lib/python3.12/site-packages/airflow/example_dags/example_kubernetes_executor.py
[2024-07-19T10:34:34.950+0000] {logging_mixin.py:188} INFO - [2024-07-19T10:34:34.950+0000] {dag.py:3096} INFO - Sync 1 DAGs
[2024-07-19T10:34:34.955+0000] {logging_mixin.py:188} INFO - [2024-07-19T10:34:34.955+0000] {dag.py:3954} INFO - Setting next_dagrun for example_kubernetes_executor to None, run_after=None
[2024-07-19T10:34:34.965+0000] {processor.py:183} INFO - Processing /home/airflow/.local/lib/python3.12/site-packages/airflow/example_dags/example_kubernetes_executor.py took 0.043 seconds
[2024-07-19T10:35:41.955+0000] {processor.py:161} INFO - Started process (PID=71) to work on /home/airflow/.local/lib/python3.12/site-packages/airflow/example_dags/example_kubernetes_executor.py
[2024-07-19T10:35:41.957+0000] {processor.py:830} INFO - Processing file /home/airflow/.local/lib/python3.12/site-packages/airflow/example_dags/example_kubernetes_executor.py for tasks to queue
[2024-07-19T10:35:41.960+0000] {logging_mixin.py:188} INFO - [2024-07-19T10:35:41.960+0000] {dagbag.py:545} INFO - Filling up the DagBag from /home/airflow/.local/lib/python3.12/site-packages/airflow/example_dags/example_kubernetes_executor.py
[2024-07-19T10:35:41.977+0000] {processor.py:840} INFO - DAG(s) 'example_kubernetes_executor' retrieved from /home/airflow/.local/lib/python3.12/site-packages/airflow/example_dags/example_kubernetes_executor.py
[2024-07-19T10:35:42.006+0000] {logging_mixin.py:188} INFO - [2024-07-19T10:35:42.006+0000] {dag.py:3096} INFO - Sync 1 DAGs
[2024-07-19T10:35:42.016+0000] {logging_mixin.py:188} INFO - [2024-07-19T10:35:42.015+0000] {dag.py:3954} INFO - Setting next_dagrun for example_kubernetes_executor to None, run_after=None
[2024-07-19T10:35:42.034+0000] {processor.py:183} INFO - Processing /home/airflow/.local/lib/python3.12/site-packages/airflow/example_dags/example_kubernetes_executor.py took 0.085 seconds
[2024-07-19T10:36:12.375+0000] {processor.py:161} INFO - Started process (PID=130) to work on /home/airflow/.local/lib/python3.12/site-packages/airflow/example_dags/example_kubernetes_executor.py
[2024-07-19T10:36:12.377+0000] {processor.py:830} INFO - Processing file /home/airflow/.local/lib/python3.12/site-packages/airflow/example_dags/example_kubernetes_executor.py for tasks to queue
[2024-07-19T10:36:12.378+0000] {logging_mixin.py:188} INFO - [2024-07-19T10:36:12.378+0000] {dagbag.py:545} INFO - Filling up the DagBag from /home/airflow/.local/lib/python3.12/site-packages/airflow/example_dags/example_kubernetes_executor.py
[2024-07-19T10:36:12.384+0000] {processor.py:840} INFO - DAG(s) 'example_kubernetes_executor' retrieved from /home/airflow/.local/lib/python3.12/site-packages/airflow/example_dags/example_kubernetes_executor.py
[2024-07-19T10:36:12.442+0000] {logging_mixin.py:188} INFO - [2024-07-19T10:36:12.442+0000] {dag.py:3096} INFO - Sync 1 DAGs
[2024-07-19T10:36:12.448+0000] {logging_mixin.py:188} INFO - [2024-07-19T10:36:12.448+0000] {dag.py:3954} INFO - Setting next_dagrun for example_kubernetes_executor to None, run_after=None
[2024-07-19T10:36:12.457+0000] {processor.py:183} INFO - Processing /home/airflow/.local/lib/python3.12/site-packages/airflow/example_dags/example_kubernetes_executor.py took 0.085 seconds
[2024-07-19T10:41:26.956+0000] {processor.py:161} INFO - Started process (PID=116) to work on /home/airflow/.local/lib/python3.12/site-packages/airflow/example_dags/example_kubernetes_executor.py
[2024-07-19T10:41:27.098+0000] {processor.py:830} INFO - Processing file /home/airflow/.local/lib/python3.12/site-packages/airflow/example_dags/example_kubernetes_executor.py for tasks to queue
[2024-07-19T10:41:27.116+0000] {logging_mixin.py:188} INFO - [2024-07-19T10:41:27.116+0000] {dagbag.py:545} INFO - Filling up the DagBag from /home/airflow/.local/lib/python3.12/site-packages/airflow/example_dags/example_kubernetes_executor.py
[2024-07-19T10:41:27.345+0000] {processor.py:840} INFO - DAG(s) 'example_kubernetes_executor' retrieved from /home/airflow/.local/lib/python3.12/site-packages/airflow/example_dags/example_kubernetes_executor.py
[2024-07-19T10:41:27.934+0000] {logging_mixin.py:188} INFO - [2024-07-19T10:41:27.934+0000] {dag.py:3089} INFO - Sync 1 DAGs
[2024-07-19T10:41:27.985+0000] {logging_mixin.py:188} INFO - [2024-07-19T10:41:27.985+0000] {dag.py:3947} INFO - Setting next_dagrun for example_kubernetes_executor to None, run_after=None
[2024-07-19T10:41:28.006+0000] {processor.py:183} INFO - Processing /home/airflow/.local/lib/python3.12/site-packages/airflow/example_dags/example_kubernetes_executor.py took 1.089 seconds
[2024-07-19T10:41:58.475+0000] {processor.py:161} INFO - Started process (PID=184) to work on /home/airflow/.local/lib/python3.12/site-packages/airflow/example_dags/example_kubernetes_executor.py
[2024-07-19T10:41:58.477+0000] {processor.py:830} INFO - Processing file /home/airflow/.local/lib/python3.12/site-packages/airflow/example_dags/example_kubernetes_executor.py for tasks to queue
[2024-07-19T10:41:58.480+0000] {logging_mixin.py:188} INFO - [2024-07-19T10:41:58.480+0000] {dagbag.py:545} INFO - Filling up the DagBag from /home/airflow/.local/lib/python3.12/site-packages/airflow/example_dags/example_kubernetes_executor.py
[2024-07-19T10:41:58.561+0000] {processor.py:840} INFO - DAG(s) 'example_kubernetes_executor' retrieved from /home/airflow/.local/lib/python3.12/site-packages/airflow/example_dags/example_kubernetes_executor.py
[2024-07-19T10:41:58.746+0000] {logging_mixin.py:188} INFO - [2024-07-19T10:41:58.745+0000] {dag.py:3089} INFO - Sync 1 DAGs
[2024-07-19T10:41:58.765+0000] {logging_mixin.py:188} INFO - [2024-07-19T10:41:58.764+0000] {dag.py:3947} INFO - Setting next_dagrun for example_kubernetes_executor to None, run_after=None
[2024-07-19T10:41:58.828+0000] {processor.py:183} INFO - Processing /home/airflow/.local/lib/python3.12/site-packages/airflow/example_dags/example_kubernetes_executor.py took 0.364 seconds
[2024-07-19T10:49:32.080+0000] {processor.py:161} INFO - Started process (PID=82) to work on /home/airflow/.local/lib/python3.12/site-packages/airflow/example_dags/example_kubernetes_executor.py
[2024-07-19T10:49:32.080+0000] {processor.py:830} INFO - Processing file /home/airflow/.local/lib/python3.12/site-packages/airflow/example_dags/example_kubernetes_executor.py for tasks to queue
[2024-07-19T10:49:32.082+0000] {logging_mixin.py:188} INFO - [2024-07-19T10:49:32.081+0000] {dagbag.py:545} INFO - Filling up the DagBag from /home/airflow/.local/lib/python3.12/site-packages/airflow/example_dags/example_kubernetes_executor.py
[2024-07-19T10:49:32.090+0000] {processor.py:840} INFO - DAG(s) 'example_kubernetes_executor' retrieved from /home/airflow/.local/lib/python3.12/site-packages/airflow/example_dags/example_kubernetes_executor.py
[2024-07-19T10:49:32.162+0000] {logging_mixin.py:188} INFO - [2024-07-19T10:49:32.161+0000] {dag.py:3089} INFO - Sync 1 DAGs
[2024-07-19T10:49:32.177+0000] {logging_mixin.py:188} INFO - [2024-07-19T10:49:32.177+0000] {dag.py:3947} INFO - Setting next_dagrun for example_kubernetes_executor to None, run_after=None
[2024-07-19T10:49:32.198+0000] {processor.py:183} INFO - Processing /home/airflow/.local/lib/python3.12/site-packages/airflow/example_dags/example_kubernetes_executor.py took 0.122 seconds
[2024-07-19T10:50:03.250+0000] {processor.py:161} INFO - Started process (PID=149) to work on /home/airflow/.local/lib/python3.12/site-packages/airflow/example_dags/example_kubernetes_executor.py
[2024-07-19T10:50:03.277+0000] {processor.py:830} INFO - Processing file /home/airflow/.local/lib/python3.12/site-packages/airflow/example_dags/example_kubernetes_executor.py for tasks to queue
[2024-07-19T10:50:03.291+0000] {logging_mixin.py:188} INFO - [2024-07-19T10:50:03.288+0000] {dagbag.py:545} INFO - Filling up the DagBag from /home/airflow/.local/lib/python3.12/site-packages/airflow/example_dags/example_kubernetes_executor.py
[2024-07-19T10:50:03.432+0000] {processor.py:840} INFO - DAG(s) 'example_kubernetes_executor' retrieved from /home/airflow/.local/lib/python3.12/site-packages/airflow/example_dags/example_kubernetes_executor.py
[2024-07-19T10:50:03.768+0000] {logging_mixin.py:188} INFO - [2024-07-19T10:50:03.767+0000] {dag.py:3089} INFO - Sync 1 DAGs
[2024-07-19T10:50:03.843+0000] {logging_mixin.py:188} INFO - [2024-07-19T10:50:03.837+0000] {dag.py:3947} INFO - Setting next_dagrun for example_kubernetes_executor to None, run_after=None
[2024-07-19T10:50:03.897+0000] {processor.py:183} INFO - Processing /home/airflow/.local/lib/python3.12/site-packages/airflow/example_dags/example_kubernetes_executor.py took 0.667 seconds
