[2024-07-19T10:19:56.815+0000] {processor.py:161} INFO - Started process (PID=99) to work on /home/airflow/.local/lib/python3.12/site-packages/airflow/example_dags/example_latest_only.py
[2024-07-19T10:19:56.816+0000] {processor.py:830} INFO - Processing file /home/airflow/.local/lib/python3.12/site-packages/airflow/example_dags/example_latest_only.py for tasks to queue
[2024-07-19T10:19:56.817+0000] {logging_mixin.py:188} INFO - [2024-07-19T10:19:56.817+0000] {dagbag.py:545} INFO - Filling up the DagBag from /home/airflow/.local/lib/python3.12/site-packages/airflow/example_dags/example_latest_only.py
[2024-07-19T10:19:56.824+0000] {processor.py:840} INFO - DAG(s) 'latest_only' retrieved from /home/airflow/.local/lib/python3.12/site-packages/airflow/example_dags/example_latest_only.py
[2024-07-19T10:19:56.896+0000] {logging_mixin.py:188} INFO - [2024-07-19T10:19:56.896+0000] {dag.py:3096} INFO - Sync 1 DAGs
[2024-07-19T10:19:56.914+0000] {logging_mixin.py:188} INFO - [2024-07-19T10:19:56.914+0000] {dag.py:3954} INFO - Setting next_dagrun for latest_only to 2024-07-19 04:00:00+00:00, run_after=2024-07-19 08:00:00+00:00
[2024-07-19T10:19:56.931+0000] {processor.py:183} INFO - Processing /home/airflow/.local/lib/python3.12/site-packages/airflow/example_dags/example_latest_only.py took 0.120 seconds
[2024-07-19T10:20:27.886+0000] {processor.py:161} INFO - Started process (PID=158) to work on /home/airflow/.local/lib/python3.12/site-packages/airflow/example_dags/example_latest_only.py
[2024-07-19T10:20:27.887+0000] {processor.py:830} INFO - Processing file /home/airflow/.local/lib/python3.12/site-packages/airflow/example_dags/example_latest_only.py for tasks to queue
[2024-07-19T10:20:27.888+0000] {logging_mixin.py:188} INFO - [2024-07-19T10:20:27.888+0000] {dagbag.py:545} INFO - Filling up the DagBag from /home/airflow/.local/lib/python3.12/site-packages/airflow/example_dags/example_latest_only.py
[2024-07-19T10:20:27.891+0000] {processor.py:840} INFO - DAG(s) 'latest_only' retrieved from /home/airflow/.local/lib/python3.12/site-packages/airflow/example_dags/example_latest_only.py
[2024-07-19T10:20:27.905+0000] {logging_mixin.py:188} INFO - [2024-07-19T10:20:27.905+0000] {dag.py:3096} INFO - Sync 1 DAGs
[2024-07-19T10:20:27.919+0000] {logging_mixin.py:188} INFO - [2024-07-19T10:20:27.919+0000] {dag.py:3954} INFO - Setting next_dagrun for latest_only to 2024-07-19 04:00:00+00:00, run_after=2024-07-19 08:00:00+00:00
[2024-07-19T10:20:27.929+0000] {processor.py:183} INFO - Processing /home/airflow/.local/lib/python3.12/site-packages/airflow/example_dags/example_latest_only.py took 0.046 seconds
[2024-07-19T10:20:57.983+0000] {processor.py:161} INFO - Started process (PID=217) to work on /home/airflow/.local/lib/python3.12/site-packages/airflow/example_dags/example_latest_only.py
[2024-07-19T10:20:57.986+0000] {processor.py:830} INFO - Processing file /home/airflow/.local/lib/python3.12/site-packages/airflow/example_dags/example_latest_only.py for tasks to queue
[2024-07-19T10:20:57.987+0000] {logging_mixin.py:188} INFO - [2024-07-19T10:20:57.987+0000] {dagbag.py:545} INFO - Filling up the DagBag from /home/airflow/.local/lib/python3.12/site-packages/airflow/example_dags/example_latest_only.py
[2024-07-19T10:20:57.990+0000] {processor.py:840} INFO - DAG(s) 'latest_only' retrieved from /home/airflow/.local/lib/python3.12/site-packages/airflow/example_dags/example_latest_only.py
[2024-07-19T10:20:57.999+0000] {logging_mixin.py:188} INFO - [2024-07-19T10:20:57.999+0000] {dag.py:3096} INFO - Sync 1 DAGs
[2024-07-19T10:20:58.013+0000] {logging_mixin.py:188} INFO - [2024-07-19T10:20:58.013+0000] {dag.py:3954} INFO - Setting next_dagrun for latest_only to 2024-07-19 04:00:00+00:00, run_after=2024-07-19 08:00:00+00:00
[2024-07-19T10:20:58.024+0000] {processor.py:183} INFO - Processing /home/airflow/.local/lib/python3.12/site-packages/airflow/example_dags/example_latest_only.py took 0.043 seconds
[2024-07-19T10:21:28.206+0000] {processor.py:161} INFO - Started process (PID=276) to work on /home/airflow/.local/lib/python3.12/site-packages/airflow/example_dags/example_latest_only.py
[2024-07-19T10:21:28.207+0000] {processor.py:830} INFO - Processing file /home/airflow/.local/lib/python3.12/site-packages/airflow/example_dags/example_latest_only.py for tasks to queue
[2024-07-19T10:21:28.208+0000] {logging_mixin.py:188} INFO - [2024-07-19T10:21:28.208+0000] {dagbag.py:545} INFO - Filling up the DagBag from /home/airflow/.local/lib/python3.12/site-packages/airflow/example_dags/example_latest_only.py
[2024-07-19T10:21:28.211+0000] {processor.py:840} INFO - DAG(s) 'latest_only' retrieved from /home/airflow/.local/lib/python3.12/site-packages/airflow/example_dags/example_latest_only.py
[2024-07-19T10:21:28.224+0000] {logging_mixin.py:188} INFO - [2024-07-19T10:21:28.224+0000] {dag.py:3096} INFO - Sync 1 DAGs
[2024-07-19T10:21:28.236+0000] {logging_mixin.py:188} INFO - [2024-07-19T10:21:28.236+0000] {dag.py:3954} INFO - Setting next_dagrun for latest_only to 2024-07-19 04:00:00+00:00, run_after=2024-07-19 08:00:00+00:00
[2024-07-19T10:21:28.247+0000] {processor.py:183} INFO - Processing /home/airflow/.local/lib/python3.12/site-packages/airflow/example_dags/example_latest_only.py took 0.044 seconds
[2024-07-19T10:21:58.414+0000] {processor.py:161} INFO - Started process (PID=335) to work on /home/airflow/.local/lib/python3.12/site-packages/airflow/example_dags/example_latest_only.py
[2024-07-19T10:21:58.417+0000] {processor.py:830} INFO - Processing file /home/airflow/.local/lib/python3.12/site-packages/airflow/example_dags/example_latest_only.py for tasks to queue
[2024-07-19T10:21:58.421+0000] {logging_mixin.py:188} INFO - [2024-07-19T10:21:58.420+0000] {dagbag.py:545} INFO - Filling up the DagBag from /home/airflow/.local/lib/python3.12/site-packages/airflow/example_dags/example_latest_only.py
[2024-07-19T10:21:58.425+0000] {processor.py:840} INFO - DAG(s) 'latest_only' retrieved from /home/airflow/.local/lib/python3.12/site-packages/airflow/example_dags/example_latest_only.py
[2024-07-19T10:21:58.446+0000] {logging_mixin.py:188} INFO - [2024-07-19T10:21:58.446+0000] {dag.py:3096} INFO - Sync 1 DAGs
[2024-07-19T10:21:58.459+0000] {logging_mixin.py:188} INFO - [2024-07-19T10:21:58.459+0000] {dag.py:3954} INFO - Setting next_dagrun for latest_only to 2024-07-19 04:00:00+00:00, run_after=2024-07-19 08:00:00+00:00
[2024-07-19T10:21:58.489+0000] {processor.py:183} INFO - Processing /home/airflow/.local/lib/python3.12/site-packages/airflow/example_dags/example_latest_only.py took 0.081 seconds
[2024-07-19T10:22:29.010+0000] {processor.py:161} INFO - Started process (PID=393) to work on /home/airflow/.local/lib/python3.12/site-packages/airflow/example_dags/example_latest_only.py
[2024-07-19T10:22:29.014+0000] {processor.py:830} INFO - Processing file /home/airflow/.local/lib/python3.12/site-packages/airflow/example_dags/example_latest_only.py for tasks to queue
[2024-07-19T10:22:29.017+0000] {logging_mixin.py:188} INFO - [2024-07-19T10:22:29.017+0000] {dagbag.py:545} INFO - Filling up the DagBag from /home/airflow/.local/lib/python3.12/site-packages/airflow/example_dags/example_latest_only.py
[2024-07-19T10:22:29.020+0000] {processor.py:840} INFO - DAG(s) 'latest_only' retrieved from /home/airflow/.local/lib/python3.12/site-packages/airflow/example_dags/example_latest_only.py
[2024-07-19T10:22:29.038+0000] {logging_mixin.py:188} INFO - [2024-07-19T10:22:29.038+0000] {dag.py:3096} INFO - Sync 1 DAGs
[2024-07-19T10:22:29.050+0000] {logging_mixin.py:188} INFO - [2024-07-19T10:22:29.049+0000] {dag.py:3954} INFO - Setting next_dagrun for latest_only to 2024-07-19 04:00:00+00:00, run_after=2024-07-19 08:00:00+00:00
[2024-07-19T10:22:29.059+0000] {processor.py:183} INFO - Processing /home/airflow/.local/lib/python3.12/site-packages/airflow/example_dags/example_latest_only.py took 0.051 seconds
[2024-07-19T10:28:18.848+0000] {processor.py:161} INFO - Started process (PID=76) to work on /home/airflow/.local/lib/python3.12/site-packages/airflow/example_dags/example_latest_only.py
[2024-07-19T10:28:18.852+0000] {processor.py:830} INFO - Processing file /home/airflow/.local/lib/python3.12/site-packages/airflow/example_dags/example_latest_only.py for tasks to queue
[2024-07-19T10:28:18.853+0000] {logging_mixin.py:188} INFO - [2024-07-19T10:28:18.853+0000] {dagbag.py:545} INFO - Filling up the DagBag from /home/airflow/.local/lib/python3.12/site-packages/airflow/example_dags/example_latest_only.py
[2024-07-19T10:28:18.857+0000] {processor.py:840} INFO - DAG(s) 'latest_only' retrieved from /home/airflow/.local/lib/python3.12/site-packages/airflow/example_dags/example_latest_only.py
[2024-07-19T10:28:18.868+0000] {logging_mixin.py:188} INFO - [2024-07-19T10:28:18.868+0000] {dag.py:3096} INFO - Sync 1 DAGs
[2024-07-19T10:28:18.883+0000] {logging_mixin.py:188} INFO - [2024-07-19T10:28:18.883+0000] {dag.py:3954} INFO - Setting next_dagrun for latest_only to 2024-07-19 04:00:00+00:00, run_after=2024-07-19 08:00:00+00:00
[2024-07-19T10:28:18.914+0000] {processor.py:183} INFO - Processing /home/airflow/.local/lib/python3.12/site-packages/airflow/example_dags/example_latest_only.py took 0.073 seconds
[2024-07-19T10:28:49.509+0000] {processor.py:161} INFO - Started process (PID=135) to work on /home/airflow/.local/lib/python3.12/site-packages/airflow/example_dags/example_latest_only.py
[2024-07-19T10:28:49.511+0000] {processor.py:830} INFO - Processing file /home/airflow/.local/lib/python3.12/site-packages/airflow/example_dags/example_latest_only.py for tasks to queue
[2024-07-19T10:28:49.512+0000] {logging_mixin.py:188} INFO - [2024-07-19T10:28:49.512+0000] {dagbag.py:545} INFO - Filling up the DagBag from /home/airflow/.local/lib/python3.12/site-packages/airflow/example_dags/example_latest_only.py
[2024-07-19T10:28:49.514+0000] {processor.py:840} INFO - DAG(s) 'latest_only' retrieved from /home/airflow/.local/lib/python3.12/site-packages/airflow/example_dags/example_latest_only.py
[2024-07-19T10:28:49.528+0000] {logging_mixin.py:188} INFO - [2024-07-19T10:28:49.528+0000] {dag.py:3096} INFO - Sync 1 DAGs
[2024-07-19T10:28:49.541+0000] {logging_mixin.py:188} INFO - [2024-07-19T10:28:49.541+0000] {dag.py:3954} INFO - Setting next_dagrun for latest_only to 2024-07-19 04:00:00+00:00, run_after=2024-07-19 08:00:00+00:00
[2024-07-19T10:28:49.557+0000] {processor.py:183} INFO - Processing /home/airflow/.local/lib/python3.12/site-packages/airflow/example_dags/example_latest_only.py took 0.051 seconds
[2024-07-19T10:33:02.878+0000] {processor.py:161} INFO - Started process (PID=82) to work on /home/airflow/.local/lib/python3.12/site-packages/airflow/example_dags/example_latest_only.py
[2024-07-19T10:33:02.880+0000] {processor.py:830} INFO - Processing file /home/airflow/.local/lib/python3.12/site-packages/airflow/example_dags/example_latest_only.py for tasks to queue
[2024-07-19T10:33:02.883+0000] {logging_mixin.py:188} INFO - [2024-07-19T10:33:02.883+0000] {dagbag.py:545} INFO - Filling up the DagBag from /home/airflow/.local/lib/python3.12/site-packages/airflow/example_dags/example_latest_only.py
[2024-07-19T10:33:02.890+0000] {processor.py:840} INFO - DAG(s) 'latest_only' retrieved from /home/airflow/.local/lib/python3.12/site-packages/airflow/example_dags/example_latest_only.py
[2024-07-19T10:33:02.909+0000] {logging_mixin.py:188} INFO - [2024-07-19T10:33:02.909+0000] {dag.py:3096} INFO - Sync 1 DAGs
[2024-07-19T10:33:02.939+0000] {logging_mixin.py:188} INFO - [2024-07-19T10:33:02.938+0000] {dag.py:3954} INFO - Setting next_dagrun for latest_only to 2024-07-19 04:00:00+00:00, run_after=2024-07-19 08:00:00+00:00
[2024-07-19T10:33:02.965+0000] {processor.py:183} INFO - Processing /home/airflow/.local/lib/python3.12/site-packages/airflow/example_dags/example_latest_only.py took 0.094 seconds
[2024-07-19T10:33:33.648+0000] {processor.py:161} INFO - Started process (PID=141) to work on /home/airflow/.local/lib/python3.12/site-packages/airflow/example_dags/example_latest_only.py
[2024-07-19T10:33:33.649+0000] {processor.py:830} INFO - Processing file /home/airflow/.local/lib/python3.12/site-packages/airflow/example_dags/example_latest_only.py for tasks to queue
[2024-07-19T10:33:33.651+0000] {logging_mixin.py:188} INFO - [2024-07-19T10:33:33.651+0000] {dagbag.py:545} INFO - Filling up the DagBag from /home/airflow/.local/lib/python3.12/site-packages/airflow/example_dags/example_latest_only.py
[2024-07-19T10:33:33.654+0000] {processor.py:840} INFO - DAG(s) 'latest_only' retrieved from /home/airflow/.local/lib/python3.12/site-packages/airflow/example_dags/example_latest_only.py
[2024-07-19T10:33:33.711+0000] {logging_mixin.py:188} INFO - [2024-07-19T10:33:33.711+0000] {dag.py:3096} INFO - Sync 1 DAGs
[2024-07-19T10:33:33.726+0000] {logging_mixin.py:188} INFO - [2024-07-19T10:33:33.726+0000] {dag.py:3954} INFO - Setting next_dagrun for latest_only to 2024-07-19 04:00:00+00:00, run_after=2024-07-19 08:00:00+00:00
[2024-07-19T10:33:33.741+0000] {processor.py:183} INFO - Processing /home/airflow/.local/lib/python3.12/site-packages/airflow/example_dags/example_latest_only.py took 0.097 seconds
[2024-07-19T10:34:04.274+0000] {processor.py:161} INFO - Started process (PID=200) to work on /home/airflow/.local/lib/python3.12/site-packages/airflow/example_dags/example_latest_only.py
[2024-07-19T10:34:04.281+0000] {processor.py:830} INFO - Processing file /home/airflow/.local/lib/python3.12/site-packages/airflow/example_dags/example_latest_only.py for tasks to queue
[2024-07-19T10:34:04.286+0000] {logging_mixin.py:188} INFO - [2024-07-19T10:34:04.285+0000] {dagbag.py:545} INFO - Filling up the DagBag from /home/airflow/.local/lib/python3.12/site-packages/airflow/example_dags/example_latest_only.py
[2024-07-19T10:34:04.295+0000] {processor.py:840} INFO - DAG(s) 'latest_only' retrieved from /home/airflow/.local/lib/python3.12/site-packages/airflow/example_dags/example_latest_only.py
[2024-07-19T10:34:04.320+0000] {logging_mixin.py:188} INFO - [2024-07-19T10:34:04.320+0000] {dag.py:3096} INFO - Sync 1 DAGs
[2024-07-19T10:34:04.335+0000] {logging_mixin.py:188} INFO - [2024-07-19T10:34:04.334+0000] {dag.py:3954} INFO - Setting next_dagrun for latest_only to 2024-07-19 04:00:00+00:00, run_after=2024-07-19 08:00:00+00:00
[2024-07-19T10:34:04.344+0000] {processor.py:183} INFO - Processing /home/airflow/.local/lib/python3.12/site-packages/airflow/example_dags/example_latest_only.py took 0.082 seconds
[2024-07-19T10:34:35.087+0000] {processor.py:161} INFO - Started process (PID=259) to work on /home/airflow/.local/lib/python3.12/site-packages/airflow/example_dags/example_latest_only.py
[2024-07-19T10:34:35.087+0000] {processor.py:830} INFO - Processing file /home/airflow/.local/lib/python3.12/site-packages/airflow/example_dags/example_latest_only.py for tasks to queue
[2024-07-19T10:34:35.088+0000] {logging_mixin.py:188} INFO - [2024-07-19T10:34:35.088+0000] {dagbag.py:545} INFO - Filling up the DagBag from /home/airflow/.local/lib/python3.12/site-packages/airflow/example_dags/example_latest_only.py
[2024-07-19T10:34:35.090+0000] {processor.py:840} INFO - DAG(s) 'latest_only' retrieved from /home/airflow/.local/lib/python3.12/site-packages/airflow/example_dags/example_latest_only.py
[2024-07-19T10:34:35.105+0000] {logging_mixin.py:188} INFO - [2024-07-19T10:34:35.105+0000] {dag.py:3096} INFO - Sync 1 DAGs
[2024-07-19T10:34:35.118+0000] {logging_mixin.py:188} INFO - [2024-07-19T10:34:35.118+0000] {dag.py:3954} INFO - Setting next_dagrun for latest_only to 2024-07-19 04:00:00+00:00, run_after=2024-07-19 08:00:00+00:00
[2024-07-19T10:34:35.135+0000] {processor.py:183} INFO - Processing /home/airflow/.local/lib/python3.12/site-packages/airflow/example_dags/example_latest_only.py took 0.051 seconds
[2024-07-19T10:35:42.178+0000] {processor.py:161} INFO - Started process (PID=75) to work on /home/airflow/.local/lib/python3.12/site-packages/airflow/example_dags/example_latest_only.py
[2024-07-19T10:35:42.179+0000] {processor.py:830} INFO - Processing file /home/airflow/.local/lib/python3.12/site-packages/airflow/example_dags/example_latest_only.py for tasks to queue
[2024-07-19T10:35:42.182+0000] {logging_mixin.py:188} INFO - [2024-07-19T10:35:42.182+0000] {dagbag.py:545} INFO - Filling up the DagBag from /home/airflow/.local/lib/python3.12/site-packages/airflow/example_dags/example_latest_only.py
[2024-07-19T10:35:42.187+0000] {processor.py:840} INFO - DAG(s) 'latest_only' retrieved from /home/airflow/.local/lib/python3.12/site-packages/airflow/example_dags/example_latest_only.py
[2024-07-19T10:35:42.199+0000] {logging_mixin.py:188} INFO - [2024-07-19T10:35:42.199+0000] {dag.py:3096} INFO - Sync 1 DAGs
[2024-07-19T10:35:42.231+0000] {logging_mixin.py:188} INFO - [2024-07-19T10:35:42.230+0000] {dag.py:3954} INFO - Setting next_dagrun for latest_only to 2024-07-19 04:00:00+00:00, run_after=2024-07-19 08:00:00+00:00
[2024-07-19T10:35:42.261+0000] {processor.py:183} INFO - Processing /home/airflow/.local/lib/python3.12/site-packages/airflow/example_dags/example_latest_only.py took 0.087 seconds
[2024-07-19T10:36:12.556+0000] {processor.py:161} INFO - Started process (PID=134) to work on /home/airflow/.local/lib/python3.12/site-packages/airflow/example_dags/example_latest_only.py
[2024-07-19T10:36:12.557+0000] {processor.py:830} INFO - Processing file /home/airflow/.local/lib/python3.12/site-packages/airflow/example_dags/example_latest_only.py for tasks to queue
[2024-07-19T10:36:12.559+0000] {logging_mixin.py:188} INFO - [2024-07-19T10:36:12.558+0000] {dagbag.py:545} INFO - Filling up the DagBag from /home/airflow/.local/lib/python3.12/site-packages/airflow/example_dags/example_latest_only.py
[2024-07-19T10:36:12.561+0000] {processor.py:840} INFO - DAG(s) 'latest_only' retrieved from /home/airflow/.local/lib/python3.12/site-packages/airflow/example_dags/example_latest_only.py
[2024-07-19T10:36:12.612+0000] {logging_mixin.py:188} INFO - [2024-07-19T10:36:12.612+0000] {dag.py:3096} INFO - Sync 1 DAGs
[2024-07-19T10:36:12.626+0000] {logging_mixin.py:188} INFO - [2024-07-19T10:36:12.626+0000] {dag.py:3954} INFO - Setting next_dagrun for latest_only to 2024-07-19 04:00:00+00:00, run_after=2024-07-19 08:00:00+00:00
[2024-07-19T10:36:12.634+0000] {processor.py:183} INFO - Processing /home/airflow/.local/lib/python3.12/site-packages/airflow/example_dags/example_latest_only.py took 0.081 seconds
[2024-07-19T10:41:29.858+0000] {processor.py:161} INFO - Started process (PID=120) to work on /home/airflow/.local/lib/python3.12/site-packages/airflow/example_dags/example_latest_only.py
[2024-07-19T10:41:29.866+0000] {processor.py:830} INFO - Processing file /home/airflow/.local/lib/python3.12/site-packages/airflow/example_dags/example_latest_only.py for tasks to queue
[2024-07-19T10:41:29.884+0000] {logging_mixin.py:188} INFO - [2024-07-19T10:41:29.882+0000] {dagbag.py:545} INFO - Filling up the DagBag from /home/airflow/.local/lib/python3.12/site-packages/airflow/example_dags/example_latest_only.py
[2024-07-19T10:41:29.909+0000] {processor.py:840} INFO - DAG(s) 'latest_only' retrieved from /home/airflow/.local/lib/python3.12/site-packages/airflow/example_dags/example_latest_only.py
[2024-07-19T10:41:30.122+0000] {logging_mixin.py:188} INFO - [2024-07-19T10:41:30.122+0000] {dag.py:3089} INFO - Sync 1 DAGs
[2024-07-19T10:41:30.305+0000] {logging_mixin.py:188} INFO - [2024-07-19T10:41:30.304+0000] {dag.py:3947} INFO - Setting next_dagrun for latest_only to 2024-07-19 04:00:00+00:00, run_after=2024-07-19 08:00:00+00:00
[2024-07-19T10:41:30.403+0000] {processor.py:183} INFO - Processing /home/airflow/.local/lib/python3.12/site-packages/airflow/example_dags/example_latest_only.py took 0.633 seconds
[2024-07-19T10:42:01.376+0000] {processor.py:161} INFO - Started process (PID=187) to work on /home/airflow/.local/lib/python3.12/site-packages/airflow/example_dags/example_latest_only.py
[2024-07-19T10:42:01.382+0000] {processor.py:830} INFO - Processing file /home/airflow/.local/lib/python3.12/site-packages/airflow/example_dags/example_latest_only.py for tasks to queue
[2024-07-19T10:42:01.387+0000] {logging_mixin.py:188} INFO - [2024-07-19T10:42:01.386+0000] {dagbag.py:545} INFO - Filling up the DagBag from /home/airflow/.local/lib/python3.12/site-packages/airflow/example_dags/example_latest_only.py
[2024-07-19T10:42:01.436+0000] {processor.py:840} INFO - DAG(s) 'latest_only' retrieved from /home/airflow/.local/lib/python3.12/site-packages/airflow/example_dags/example_latest_only.py
[2024-07-19T10:42:01.761+0000] {logging_mixin.py:188} INFO - [2024-07-19T10:42:01.760+0000] {dag.py:3089} INFO - Sync 1 DAGs
[2024-07-19T10:42:01.967+0000] {logging_mixin.py:188} INFO - [2024-07-19T10:42:01.966+0000] {dag.py:3947} INFO - Setting next_dagrun for latest_only to 2024-07-19 04:00:00+00:00, run_after=2024-07-19 08:00:00+00:00
[2024-07-19T10:42:02.120+0000] {processor.py:183} INFO - Processing /home/airflow/.local/lib/python3.12/site-packages/airflow/example_dags/example_latest_only.py took 0.755 seconds
[2024-07-19T10:49:32.456+0000] {processor.py:161} INFO - Started process (PID=86) to work on /home/airflow/.local/lib/python3.12/site-packages/airflow/example_dags/example_latest_only.py
[2024-07-19T10:49:32.457+0000] {processor.py:830} INFO - Processing file /home/airflow/.local/lib/python3.12/site-packages/airflow/example_dags/example_latest_only.py for tasks to queue
[2024-07-19T10:49:32.459+0000] {logging_mixin.py:188} INFO - [2024-07-19T10:49:32.458+0000] {dagbag.py:545} INFO - Filling up the DagBag from /home/airflow/.local/lib/python3.12/site-packages/airflow/example_dags/example_latest_only.py
[2024-07-19T10:49:32.464+0000] {processor.py:840} INFO - DAG(s) 'latest_only' retrieved from /home/airflow/.local/lib/python3.12/site-packages/airflow/example_dags/example_latest_only.py
[2024-07-19T10:49:32.482+0000] {logging_mixin.py:188} INFO - [2024-07-19T10:49:32.482+0000] {dag.py:3089} INFO - Sync 1 DAGs
[2024-07-19T10:49:32.501+0000] {logging_mixin.py:188} INFO - [2024-07-19T10:49:32.501+0000] {dag.py:3947} INFO - Setting next_dagrun for latest_only to 2024-07-19 04:00:00+00:00, run_after=2024-07-19 08:00:00+00:00
[2024-07-19T10:49:32.529+0000] {processor.py:183} INFO - Processing /home/airflow/.local/lib/python3.12/site-packages/airflow/example_dags/example_latest_only.py took 0.077 seconds
[2024-07-19T10:50:04.109+0000] {processor.py:161} INFO - Started process (PID=153) to work on /home/airflow/.local/lib/python3.12/site-packages/airflow/example_dags/example_latest_only.py
[2024-07-19T10:50:04.114+0000] {processor.py:830} INFO - Processing file /home/airflow/.local/lib/python3.12/site-packages/airflow/example_dags/example_latest_only.py for tasks to queue
[2024-07-19T10:50:04.117+0000] {logging_mixin.py:188} INFO - [2024-07-19T10:50:04.117+0000] {dagbag.py:545} INFO - Filling up the DagBag from /home/airflow/.local/lib/python3.12/site-packages/airflow/example_dags/example_latest_only.py
[2024-07-19T10:50:04.124+0000] {processor.py:840} INFO - DAG(s) 'latest_only' retrieved from /home/airflow/.local/lib/python3.12/site-packages/airflow/example_dags/example_latest_only.py
[2024-07-19T10:50:04.157+0000] {logging_mixin.py:188} INFO - [2024-07-19T10:50:04.156+0000] {dag.py:3089} INFO - Sync 1 DAGs
[2024-07-19T10:50:04.181+0000] {logging_mixin.py:188} INFO - [2024-07-19T10:50:04.181+0000] {dag.py:3947} INFO - Setting next_dagrun for latest_only to 2024-07-19 04:00:00+00:00, run_after=2024-07-19 08:00:00+00:00
[2024-07-19T10:50:04.207+0000] {processor.py:183} INFO - Processing /home/airflow/.local/lib/python3.12/site-packages/airflow/example_dags/example_latest_only.py took 0.112 seconds
