[2024-07-19T10:19:57.163+0000] {processor.py:161} INFO - Started process (PID=103) to work on /home/airflow/.local/lib/python3.12/site-packages/airflow/example_dags/example_datasets.py
[2024-07-19T10:19:57.164+0000] {processor.py:830} INFO - Processing file /home/airflow/.local/lib/python3.12/site-packages/airflow/example_dags/example_datasets.py for tasks to queue
[2024-07-19T10:19:57.166+0000] {logging_mixin.py:188} INFO - [2024-07-19T10:19:57.165+0000] {dagbag.py:545} INFO - Filling up the DagBag from /home/airflow/.local/lib/python3.12/site-packages/airflow/example_dags/example_datasets.py
[2024-07-19T10:19:57.252+0000] {processor.py:840} INFO - DAG(s) 'dataset_consumes_unknown_never_scheduled', 'dataset_produces_1', 'dataset_produces_2', 'consume_1_or_both_2_and_3_with_dataset_expressions', 'conditional_dataset_and_time_based_timetable', 'dataset_consumes_1_never_scheduled', 'dataset_consumes_1_and_2', 'dataset_consumes_1', 'consume_1_and_2_with_dataset_expressions', 'consume_1_or_2_with_dataset_expressions' retrieved from /home/airflow/.local/lib/python3.12/site-packages/airflow/example_dags/example_datasets.py
[2024-07-19T10:19:57.465+0000] {logging_mixin.py:188} INFO - [2024-07-19T10:19:57.465+0000] {dag.py:3096} INFO - Sync 10 DAGs
[2024-07-19T10:19:57.488+0000] {logging_mixin.py:188} INFO - [2024-07-19T10:19:57.488+0000] {dag.py:3954} INFO - Setting next_dagrun for conditional_dataset_and_time_based_timetable to 2024-07-17 01:00:00+00:00, run_after=2024-07-17 01:00:00+00:00
[2024-07-19T10:19:57.491+0000] {logging_mixin.py:188} INFO - [2024-07-19T10:19:57.491+0000] {dag.py:3954} INFO - Setting next_dagrun for consume_1_and_2_with_dataset_expressions to None, run_after=None
[2024-07-19T10:19:57.492+0000] {logging_mixin.py:188} INFO - [2024-07-19T10:19:57.492+0000] {dag.py:3954} INFO - Setting next_dagrun for consume_1_or_2_with_dataset_expressions to None, run_after=None
[2024-07-19T10:19:57.493+0000] {logging_mixin.py:188} INFO - [2024-07-19T10:19:57.493+0000] {dag.py:3954} INFO - Setting next_dagrun for consume_1_or_both_2_and_3_with_dataset_expressions to None, run_after=None
[2024-07-19T10:19:57.494+0000] {logging_mixin.py:188} INFO - [2024-07-19T10:19:57.494+0000] {dag.py:3954} INFO - Setting next_dagrun for dataset_consumes_1 to None, run_after=None
[2024-07-19T10:19:57.495+0000] {logging_mixin.py:188} INFO - [2024-07-19T10:19:57.495+0000] {dag.py:3954} INFO - Setting next_dagrun for dataset_consumes_1_and_2 to None, run_after=None
[2024-07-19T10:19:57.496+0000] {logging_mixin.py:188} INFO - [2024-07-19T10:19:57.496+0000] {dag.py:3954} INFO - Setting next_dagrun for dataset_consumes_1_never_scheduled to None, run_after=None
[2024-07-19T10:19:57.497+0000] {logging_mixin.py:188} INFO - [2024-07-19T10:19:57.497+0000] {dag.py:3954} INFO - Setting next_dagrun for dataset_consumes_unknown_never_scheduled to None, run_after=None
[2024-07-19T10:19:57.498+0000] {logging_mixin.py:188} INFO - [2024-07-19T10:19:57.498+0000] {dag.py:3954} INFO - Setting next_dagrun for dataset_produces_1 to 2024-07-18 00:00:00+00:00, run_after=2024-07-19 00:00:00+00:00
[2024-07-19T10:19:57.500+0000] {logging_mixin.py:188} INFO - [2024-07-19T10:19:57.500+0000] {dag.py:3954} INFO - Setting next_dagrun for dataset_produces_2 to None, run_after=None
[2024-07-19T10:19:57.536+0000] {processor.py:183} INFO - Processing /home/airflow/.local/lib/python3.12/site-packages/airflow/example_dags/example_datasets.py took 0.378 seconds
[2024-07-19T10:20:28.009+0000] {processor.py:161} INFO - Started process (PID=162) to work on /home/airflow/.local/lib/python3.12/site-packages/airflow/example_dags/example_datasets.py
[2024-07-19T10:20:28.010+0000] {processor.py:830} INFO - Processing file /home/airflow/.local/lib/python3.12/site-packages/airflow/example_dags/example_datasets.py for tasks to queue
[2024-07-19T10:20:28.012+0000] {logging_mixin.py:188} INFO - [2024-07-19T10:20:28.012+0000] {dagbag.py:545} INFO - Filling up the DagBag from /home/airflow/.local/lib/python3.12/site-packages/airflow/example_dags/example_datasets.py
[2024-07-19T10:20:28.021+0000] {processor.py:840} INFO - DAG(s) 'dataset_produces_1', 'dataset_produces_2', 'dataset_consumes_1_never_scheduled', 'dataset_consumes_unknown_never_scheduled', 'dataset_consumes_1_and_2', 'consume_1_or_2_with_dataset_expressions', 'dataset_consumes_1', 'conditional_dataset_and_time_based_timetable', 'consume_1_or_both_2_and_3_with_dataset_expressions', 'consume_1_and_2_with_dataset_expressions' retrieved from /home/airflow/.local/lib/python3.12/site-packages/airflow/example_dags/example_datasets.py
[2024-07-19T10:20:28.045+0000] {logging_mixin.py:188} INFO - [2024-07-19T10:20:28.045+0000] {dag.py:3096} INFO - Sync 10 DAGs
[2024-07-19T10:20:28.058+0000] {logging_mixin.py:188} INFO - [2024-07-19T10:20:28.058+0000] {dag.py:3954} INFO - Setting next_dagrun for conditional_dataset_and_time_based_timetable to 2024-07-17 01:00:00+00:00, run_after=2024-07-17 01:00:00+00:00
[2024-07-19T10:20:28.062+0000] {logging_mixin.py:188} INFO - [2024-07-19T10:20:28.062+0000] {dag.py:3954} INFO - Setting next_dagrun for consume_1_and_2_with_dataset_expressions to None, run_after=None
[2024-07-19T10:20:28.063+0000] {logging_mixin.py:188} INFO - [2024-07-19T10:20:28.063+0000] {dag.py:3954} INFO - Setting next_dagrun for consume_1_or_2_with_dataset_expressions to None, run_after=None
[2024-07-19T10:20:28.064+0000] {logging_mixin.py:188} INFO - [2024-07-19T10:20:28.064+0000] {dag.py:3954} INFO - Setting next_dagrun for consume_1_or_both_2_and_3_with_dataset_expressions to None, run_after=None
[2024-07-19T10:20:28.064+0000] {logging_mixin.py:188} INFO - [2024-07-19T10:20:28.064+0000] {dag.py:3954} INFO - Setting next_dagrun for dataset_consumes_1 to None, run_after=None
[2024-07-19T10:20:28.065+0000] {logging_mixin.py:188} INFO - [2024-07-19T10:20:28.065+0000] {dag.py:3954} INFO - Setting next_dagrun for dataset_consumes_1_and_2 to None, run_after=None
[2024-07-19T10:20:28.065+0000] {logging_mixin.py:188} INFO - [2024-07-19T10:20:28.065+0000] {dag.py:3954} INFO - Setting next_dagrun for dataset_consumes_1_never_scheduled to None, run_after=None
[2024-07-19T10:20:28.066+0000] {logging_mixin.py:188} INFO - [2024-07-19T10:20:28.066+0000] {dag.py:3954} INFO - Setting next_dagrun for dataset_consumes_unknown_never_scheduled to None, run_after=None
[2024-07-19T10:20:28.067+0000] {logging_mixin.py:188} INFO - [2024-07-19T10:20:28.067+0000] {dag.py:3954} INFO - Setting next_dagrun for dataset_produces_1 to 2024-07-18 00:00:00+00:00, run_after=2024-07-19 00:00:00+00:00
[2024-07-19T10:20:28.067+0000] {logging_mixin.py:188} INFO - [2024-07-19T10:20:28.067+0000] {dag.py:3954} INFO - Setting next_dagrun for dataset_produces_2 to None, run_after=None
[2024-07-19T10:20:28.083+0000] {processor.py:183} INFO - Processing /home/airflow/.local/lib/python3.12/site-packages/airflow/example_dags/example_datasets.py took 0.077 seconds
[2024-07-19T10:20:58.145+0000] {processor.py:161} INFO - Started process (PID=221) to work on /home/airflow/.local/lib/python3.12/site-packages/airflow/example_dags/example_datasets.py
[2024-07-19T10:20:58.145+0000] {processor.py:830} INFO - Processing file /home/airflow/.local/lib/python3.12/site-packages/airflow/example_dags/example_datasets.py for tasks to queue
[2024-07-19T10:20:58.146+0000] {logging_mixin.py:188} INFO - [2024-07-19T10:20:58.146+0000] {dagbag.py:545} INFO - Filling up the DagBag from /home/airflow/.local/lib/python3.12/site-packages/airflow/example_dags/example_datasets.py
[2024-07-19T10:20:58.154+0000] {processor.py:840} INFO - DAG(s) 'dataset_consumes_1', 'conditional_dataset_and_time_based_timetable', 'dataset_consumes_1_and_2', 'consume_1_or_2_with_dataset_expressions', 'consume_1_or_both_2_and_3_with_dataset_expressions', 'dataset_consumes_unknown_never_scheduled', 'dataset_produces_2', 'consume_1_and_2_with_dataset_expressions', 'dataset_produces_1', 'dataset_consumes_1_never_scheduled' retrieved from /home/airflow/.local/lib/python3.12/site-packages/airflow/example_dags/example_datasets.py
[2024-07-19T10:20:58.179+0000] {logging_mixin.py:188} INFO - [2024-07-19T10:20:58.179+0000] {dag.py:3096} INFO - Sync 10 DAGs
[2024-07-19T10:20:58.190+0000] {logging_mixin.py:188} INFO - [2024-07-19T10:20:58.190+0000] {dag.py:3954} INFO - Setting next_dagrun for conditional_dataset_and_time_based_timetable to 2024-07-17 01:00:00+00:00, run_after=2024-07-17 01:00:00+00:00
[2024-07-19T10:20:58.194+0000] {logging_mixin.py:188} INFO - [2024-07-19T10:20:58.194+0000] {dag.py:3954} INFO - Setting next_dagrun for consume_1_and_2_with_dataset_expressions to None, run_after=None
[2024-07-19T10:20:58.196+0000] {logging_mixin.py:188} INFO - [2024-07-19T10:20:58.196+0000] {dag.py:3954} INFO - Setting next_dagrun for consume_1_or_2_with_dataset_expressions to None, run_after=None
[2024-07-19T10:20:58.197+0000] {logging_mixin.py:188} INFO - [2024-07-19T10:20:58.197+0000] {dag.py:3954} INFO - Setting next_dagrun for consume_1_or_both_2_and_3_with_dataset_expressions to None, run_after=None
[2024-07-19T10:20:58.197+0000] {logging_mixin.py:188} INFO - [2024-07-19T10:20:58.197+0000] {dag.py:3954} INFO - Setting next_dagrun for dataset_consumes_1 to None, run_after=None
[2024-07-19T10:20:58.198+0000] {logging_mixin.py:188} INFO - [2024-07-19T10:20:58.198+0000] {dag.py:3954} INFO - Setting next_dagrun for dataset_consumes_1_and_2 to None, run_after=None
[2024-07-19T10:20:58.198+0000] {logging_mixin.py:188} INFO - [2024-07-19T10:20:58.198+0000] {dag.py:3954} INFO - Setting next_dagrun for dataset_consumes_1_never_scheduled to None, run_after=None
[2024-07-19T10:20:58.199+0000] {logging_mixin.py:188} INFO - [2024-07-19T10:20:58.199+0000] {dag.py:3954} INFO - Setting next_dagrun for dataset_consumes_unknown_never_scheduled to None, run_after=None
[2024-07-19T10:20:58.200+0000] {logging_mixin.py:188} INFO - [2024-07-19T10:20:58.200+0000] {dag.py:3954} INFO - Setting next_dagrun for dataset_produces_1 to 2024-07-18 00:00:00+00:00, run_after=2024-07-19 00:00:00+00:00
[2024-07-19T10:20:58.200+0000] {logging_mixin.py:188} INFO - [2024-07-19T10:20:58.200+0000] {dag.py:3954} INFO - Setting next_dagrun for dataset_produces_2 to None, run_after=None
[2024-07-19T10:20:58.222+0000] {processor.py:183} INFO - Processing /home/airflow/.local/lib/python3.12/site-packages/airflow/example_dags/example_datasets.py took 0.080 seconds
[2024-07-19T10:21:28.313+0000] {processor.py:161} INFO - Started process (PID=280) to work on /home/airflow/.local/lib/python3.12/site-packages/airflow/example_dags/example_datasets.py
[2024-07-19T10:21:28.314+0000] {processor.py:830} INFO - Processing file /home/airflow/.local/lib/python3.12/site-packages/airflow/example_dags/example_datasets.py for tasks to queue
[2024-07-19T10:21:28.315+0000] {logging_mixin.py:188} INFO - [2024-07-19T10:21:28.315+0000] {dagbag.py:545} INFO - Filling up the DagBag from /home/airflow/.local/lib/python3.12/site-packages/airflow/example_dags/example_datasets.py
[2024-07-19T10:21:28.322+0000] {processor.py:840} INFO - DAG(s) 'conditional_dataset_and_time_based_timetable', 'dataset_consumes_1', 'dataset_consumes_1_never_scheduled', 'dataset_produces_1', 'dataset_produces_2', 'consume_1_and_2_with_dataset_expressions', 'consume_1_or_both_2_and_3_with_dataset_expressions', 'dataset_consumes_unknown_never_scheduled', 'dataset_consumes_1_and_2', 'consume_1_or_2_with_dataset_expressions' retrieved from /home/airflow/.local/lib/python3.12/site-packages/airflow/example_dags/example_datasets.py
[2024-07-19T10:21:28.346+0000] {logging_mixin.py:188} INFO - [2024-07-19T10:21:28.346+0000] {dag.py:3096} INFO - Sync 10 DAGs
[2024-07-19T10:21:28.364+0000] {logging_mixin.py:188} INFO - [2024-07-19T10:21:28.364+0000] {dag.py:3954} INFO - Setting next_dagrun for conditional_dataset_and_time_based_timetable to 2024-07-17 01:00:00+00:00, run_after=2024-07-17 01:00:00+00:00
[2024-07-19T10:21:28.367+0000] {logging_mixin.py:188} INFO - [2024-07-19T10:21:28.367+0000] {dag.py:3954} INFO - Setting next_dagrun for consume_1_and_2_with_dataset_expressions to None, run_after=None
[2024-07-19T10:21:28.367+0000] {logging_mixin.py:188} INFO - [2024-07-19T10:21:28.367+0000] {dag.py:3954} INFO - Setting next_dagrun for consume_1_or_2_with_dataset_expressions to None, run_after=None
[2024-07-19T10:21:28.368+0000] {logging_mixin.py:188} INFO - [2024-07-19T10:21:28.368+0000] {dag.py:3954} INFO - Setting next_dagrun for consume_1_or_both_2_and_3_with_dataset_expressions to None, run_after=None
[2024-07-19T10:21:28.369+0000] {logging_mixin.py:188} INFO - [2024-07-19T10:21:28.369+0000] {dag.py:3954} INFO - Setting next_dagrun for dataset_consumes_1 to None, run_after=None
[2024-07-19T10:21:28.371+0000] {logging_mixin.py:188} INFO - [2024-07-19T10:21:28.371+0000] {dag.py:3954} INFO - Setting next_dagrun for dataset_consumes_1_and_2 to None, run_after=None
[2024-07-19T10:21:28.373+0000] {logging_mixin.py:188} INFO - [2024-07-19T10:21:28.373+0000] {dag.py:3954} INFO - Setting next_dagrun for dataset_consumes_1_never_scheduled to None, run_after=None
[2024-07-19T10:21:28.374+0000] {logging_mixin.py:188} INFO - [2024-07-19T10:21:28.374+0000] {dag.py:3954} INFO - Setting next_dagrun for dataset_consumes_unknown_never_scheduled to None, run_after=None
[2024-07-19T10:21:28.375+0000] {logging_mixin.py:188} INFO - [2024-07-19T10:21:28.375+0000] {dag.py:3954} INFO - Setting next_dagrun for dataset_produces_1 to 2024-07-18 00:00:00+00:00, run_after=2024-07-19 00:00:00+00:00
[2024-07-19T10:21:28.376+0000] {logging_mixin.py:188} INFO - [2024-07-19T10:21:28.376+0000] {dag.py:3954} INFO - Setting next_dagrun for dataset_produces_2 to None, run_after=None
[2024-07-19T10:21:28.393+0000] {processor.py:183} INFO - Processing /home/airflow/.local/lib/python3.12/site-packages/airflow/example_dags/example_datasets.py took 0.083 seconds
[2024-07-19T10:21:58.598+0000] {processor.py:161} INFO - Started process (PID=339) to work on /home/airflow/.local/lib/python3.12/site-packages/airflow/example_dags/example_datasets.py
[2024-07-19T10:21:58.599+0000] {processor.py:830} INFO - Processing file /home/airflow/.local/lib/python3.12/site-packages/airflow/example_dags/example_datasets.py for tasks to queue
[2024-07-19T10:21:58.600+0000] {logging_mixin.py:188} INFO - [2024-07-19T10:21:58.600+0000] {dagbag.py:545} INFO - Filling up the DagBag from /home/airflow/.local/lib/python3.12/site-packages/airflow/example_dags/example_datasets.py
[2024-07-19T10:21:58.607+0000] {processor.py:840} INFO - DAG(s) 'dataset_produces_2', 'consume_1_and_2_with_dataset_expressions', 'dataset_consumes_1_never_scheduled', 'dataset_consumes_unknown_never_scheduled', 'dataset_produces_1', 'consume_1_or_2_with_dataset_expressions', 'consume_1_or_both_2_and_3_with_dataset_expressions', 'conditional_dataset_and_time_based_timetable', 'dataset_consumes_1_and_2', 'dataset_consumes_1' retrieved from /home/airflow/.local/lib/python3.12/site-packages/airflow/example_dags/example_datasets.py
[2024-07-19T10:21:58.642+0000] {logging_mixin.py:188} INFO - [2024-07-19T10:21:58.641+0000] {dag.py:3096} INFO - Sync 10 DAGs
[2024-07-19T10:21:58.666+0000] {logging_mixin.py:188} INFO - [2024-07-19T10:21:58.665+0000] {dag.py:3954} INFO - Setting next_dagrun for conditional_dataset_and_time_based_timetable to 2024-07-17 01:00:00+00:00, run_after=2024-07-17 01:00:00+00:00
[2024-07-19T10:21:58.672+0000] {logging_mixin.py:188} INFO - [2024-07-19T10:21:58.671+0000] {dag.py:3954} INFO - Setting next_dagrun for consume_1_and_2_with_dataset_expressions to None, run_after=None
[2024-07-19T10:21:58.673+0000] {logging_mixin.py:188} INFO - [2024-07-19T10:21:58.673+0000] {dag.py:3954} INFO - Setting next_dagrun for consume_1_or_2_with_dataset_expressions to None, run_after=None
[2024-07-19T10:21:58.674+0000] {logging_mixin.py:188} INFO - [2024-07-19T10:21:58.674+0000] {dag.py:3954} INFO - Setting next_dagrun for consume_1_or_both_2_and_3_with_dataset_expressions to None, run_after=None
[2024-07-19T10:21:58.676+0000] {logging_mixin.py:188} INFO - [2024-07-19T10:21:58.675+0000] {dag.py:3954} INFO - Setting next_dagrun for dataset_consumes_1 to None, run_after=None
[2024-07-19T10:21:58.677+0000] {logging_mixin.py:188} INFO - [2024-07-19T10:21:58.676+0000] {dag.py:3954} INFO - Setting next_dagrun for dataset_consumes_1_and_2 to None, run_after=None
[2024-07-19T10:21:58.678+0000] {logging_mixin.py:188} INFO - [2024-07-19T10:21:58.677+0000] {dag.py:3954} INFO - Setting next_dagrun for dataset_consumes_1_never_scheduled to None, run_after=None
[2024-07-19T10:21:58.681+0000] {logging_mixin.py:188} INFO - [2024-07-19T10:21:58.681+0000] {dag.py:3954} INFO - Setting next_dagrun for dataset_consumes_unknown_never_scheduled to None, run_after=None
[2024-07-19T10:21:58.684+0000] {logging_mixin.py:188} INFO - [2024-07-19T10:21:58.683+0000] {dag.py:3954} INFO - Setting next_dagrun for dataset_produces_1 to 2024-07-18 00:00:00+00:00, run_after=2024-07-19 00:00:00+00:00
[2024-07-19T10:21:58.687+0000] {logging_mixin.py:188} INFO - [2024-07-19T10:21:58.686+0000] {dag.py:3954} INFO - Setting next_dagrun for dataset_produces_2 to None, run_after=None
[2024-07-19T10:21:58.708+0000] {processor.py:183} INFO - Processing /home/airflow/.local/lib/python3.12/site-packages/airflow/example_dags/example_datasets.py took 0.113 seconds
[2024-07-19T10:22:29.140+0000] {processor.py:161} INFO - Started process (PID=397) to work on /home/airflow/.local/lib/python3.12/site-packages/airflow/example_dags/example_datasets.py
[2024-07-19T10:22:29.142+0000] {processor.py:830} INFO - Processing file /home/airflow/.local/lib/python3.12/site-packages/airflow/example_dags/example_datasets.py for tasks to queue
[2024-07-19T10:22:29.144+0000] {logging_mixin.py:188} INFO - [2024-07-19T10:22:29.143+0000] {dagbag.py:545} INFO - Filling up the DagBag from /home/airflow/.local/lib/python3.12/site-packages/airflow/example_dags/example_datasets.py
[2024-07-19T10:22:29.152+0000] {processor.py:840} INFO - DAG(s) 'dataset_produces_1', 'consume_1_or_both_2_and_3_with_dataset_expressions', 'conditional_dataset_and_time_based_timetable', 'consume_1_or_2_with_dataset_expressions', 'dataset_consumes_1_never_scheduled', 'consume_1_and_2_with_dataset_expressions', 'dataset_produces_2', 'dataset_consumes_unknown_never_scheduled', 'dataset_consumes_1_and_2', 'dataset_consumes_1' retrieved from /home/airflow/.local/lib/python3.12/site-packages/airflow/example_dags/example_datasets.py
[2024-07-19T10:22:29.183+0000] {logging_mixin.py:188} INFO - [2024-07-19T10:22:29.183+0000] {dag.py:3096} INFO - Sync 10 DAGs
[2024-07-19T10:22:29.198+0000] {logging_mixin.py:188} INFO - [2024-07-19T10:22:29.198+0000] {dag.py:3954} INFO - Setting next_dagrun for conditional_dataset_and_time_based_timetable to 2024-07-17 01:00:00+00:00, run_after=2024-07-17 01:00:00+00:00
[2024-07-19T10:22:29.201+0000] {logging_mixin.py:188} INFO - [2024-07-19T10:22:29.201+0000] {dag.py:3954} INFO - Setting next_dagrun for consume_1_and_2_with_dataset_expressions to None, run_after=None
[2024-07-19T10:22:29.202+0000] {logging_mixin.py:188} INFO - [2024-07-19T10:22:29.202+0000] {dag.py:3954} INFO - Setting next_dagrun for consume_1_or_2_with_dataset_expressions to None, run_after=None
[2024-07-19T10:22:29.202+0000] {logging_mixin.py:188} INFO - [2024-07-19T10:22:29.202+0000] {dag.py:3954} INFO - Setting next_dagrun for consume_1_or_both_2_and_3_with_dataset_expressions to None, run_after=None
[2024-07-19T10:22:29.203+0000] {logging_mixin.py:188} INFO - [2024-07-19T10:22:29.203+0000] {dag.py:3954} INFO - Setting next_dagrun for dataset_consumes_1 to None, run_after=None
[2024-07-19T10:22:29.203+0000] {logging_mixin.py:188} INFO - [2024-07-19T10:22:29.203+0000] {dag.py:3954} INFO - Setting next_dagrun for dataset_consumes_1_and_2 to None, run_after=None
[2024-07-19T10:22:29.204+0000] {logging_mixin.py:188} INFO - [2024-07-19T10:22:29.204+0000] {dag.py:3954} INFO - Setting next_dagrun for dataset_consumes_1_never_scheduled to None, run_after=None
[2024-07-19T10:22:29.204+0000] {logging_mixin.py:188} INFO - [2024-07-19T10:22:29.204+0000] {dag.py:3954} INFO - Setting next_dagrun for dataset_consumes_unknown_never_scheduled to None, run_after=None
[2024-07-19T10:22:29.205+0000] {logging_mixin.py:188} INFO - [2024-07-19T10:22:29.205+0000] {dag.py:3954} INFO - Setting next_dagrun for dataset_produces_1 to 2024-07-18 00:00:00+00:00, run_after=2024-07-19 00:00:00+00:00
[2024-07-19T10:22:29.207+0000] {logging_mixin.py:188} INFO - [2024-07-19T10:22:29.207+0000] {dag.py:3954} INFO - Setting next_dagrun for dataset_produces_2 to None, run_after=None
[2024-07-19T10:22:29.236+0000] {processor.py:183} INFO - Processing /home/airflow/.local/lib/python3.12/site-packages/airflow/example_dags/example_datasets.py took 0.099 seconds
[2024-07-19T10:28:19.137+0000] {processor.py:161} INFO - Started process (PID=80) to work on /home/airflow/.local/lib/python3.12/site-packages/airflow/example_dags/example_datasets.py
[2024-07-19T10:28:19.146+0000] {processor.py:830} INFO - Processing file /home/airflow/.local/lib/python3.12/site-packages/airflow/example_dags/example_datasets.py for tasks to queue
[2024-07-19T10:28:19.150+0000] {logging_mixin.py:188} INFO - [2024-07-19T10:28:19.150+0000] {dagbag.py:545} INFO - Filling up the DagBag from /home/airflow/.local/lib/python3.12/site-packages/airflow/example_dags/example_datasets.py
[2024-07-19T10:28:19.168+0000] {processor.py:840} INFO - DAG(s) 'dataset_consumes_1_never_scheduled', 'conditional_dataset_and_time_based_timetable', 'dataset_produces_2', 'consume_1_or_2_with_dataset_expressions', 'dataset_consumes_1', 'dataset_consumes_1_and_2', 'consume_1_or_both_2_and_3_with_dataset_expressions', 'dataset_produces_1', 'dataset_consumes_unknown_never_scheduled', 'consume_1_and_2_with_dataset_expressions' retrieved from /home/airflow/.local/lib/python3.12/site-packages/airflow/example_dags/example_datasets.py
[2024-07-19T10:28:19.218+0000] {logging_mixin.py:188} INFO - [2024-07-19T10:28:19.217+0000] {dag.py:3096} INFO - Sync 10 DAGs
[2024-07-19T10:28:19.255+0000] {logging_mixin.py:188} INFO - [2024-07-19T10:28:19.255+0000] {dag.py:3954} INFO - Setting next_dagrun for conditional_dataset_and_time_based_timetable to 2024-07-17 01:00:00+00:00, run_after=2024-07-17 01:00:00+00:00
[2024-07-19T10:28:19.257+0000] {logging_mixin.py:188} INFO - [2024-07-19T10:28:19.257+0000] {dag.py:3954} INFO - Setting next_dagrun for consume_1_and_2_with_dataset_expressions to None, run_after=None
[2024-07-19T10:28:19.259+0000] {logging_mixin.py:188} INFO - [2024-07-19T10:28:19.259+0000] {dag.py:3954} INFO - Setting next_dagrun for consume_1_or_2_with_dataset_expressions to None, run_after=None
[2024-07-19T10:28:19.260+0000] {logging_mixin.py:188} INFO - [2024-07-19T10:28:19.260+0000] {dag.py:3954} INFO - Setting next_dagrun for consume_1_or_both_2_and_3_with_dataset_expressions to None, run_after=None
[2024-07-19T10:28:19.261+0000] {logging_mixin.py:188} INFO - [2024-07-19T10:28:19.261+0000] {dag.py:3954} INFO - Setting next_dagrun for dataset_consumes_1 to None, run_after=None
[2024-07-19T10:28:19.262+0000] {logging_mixin.py:188} INFO - [2024-07-19T10:28:19.262+0000] {dag.py:3954} INFO - Setting next_dagrun for dataset_consumes_1_and_2 to None, run_after=None
[2024-07-19T10:28:19.263+0000] {logging_mixin.py:188} INFO - [2024-07-19T10:28:19.263+0000] {dag.py:3954} INFO - Setting next_dagrun for dataset_consumes_1_never_scheduled to None, run_after=None
[2024-07-19T10:28:19.264+0000] {logging_mixin.py:188} INFO - [2024-07-19T10:28:19.264+0000] {dag.py:3954} INFO - Setting next_dagrun for dataset_consumes_unknown_never_scheduled to None, run_after=None
[2024-07-19T10:28:19.265+0000] {logging_mixin.py:188} INFO - [2024-07-19T10:28:19.265+0000] {dag.py:3954} INFO - Setting next_dagrun for dataset_produces_1 to 2024-07-18 00:00:00+00:00, run_after=2024-07-19 00:00:00+00:00
[2024-07-19T10:28:19.268+0000] {logging_mixin.py:188} INFO - [2024-07-19T10:28:19.268+0000] {dag.py:3954} INFO - Setting next_dagrun for dataset_produces_2 to None, run_after=None
[2024-07-19T10:28:19.308+0000] {processor.py:183} INFO - Processing /home/airflow/.local/lib/python3.12/site-packages/airflow/example_dags/example_datasets.py took 0.174 seconds
[2024-07-19T10:28:49.648+0000] {processor.py:161} INFO - Started process (PID=139) to work on /home/airflow/.local/lib/python3.12/site-packages/airflow/example_dags/example_datasets.py
[2024-07-19T10:28:49.649+0000] {processor.py:830} INFO - Processing file /home/airflow/.local/lib/python3.12/site-packages/airflow/example_dags/example_datasets.py for tasks to queue
[2024-07-19T10:28:49.652+0000] {logging_mixin.py:188} INFO - [2024-07-19T10:28:49.651+0000] {dagbag.py:545} INFO - Filling up the DagBag from /home/airflow/.local/lib/python3.12/site-packages/airflow/example_dags/example_datasets.py
[2024-07-19T10:28:49.663+0000] {processor.py:840} INFO - DAG(s) 'dataset_consumes_1', 'dataset_produces_2', 'dataset_consumes_1_never_scheduled', 'dataset_produces_1', 'conditional_dataset_and_time_based_timetable', 'dataset_consumes_unknown_never_scheduled', 'consume_1_or_both_2_and_3_with_dataset_expressions', 'consume_1_or_2_with_dataset_expressions', 'consume_1_and_2_with_dataset_expressions', 'dataset_consumes_1_and_2' retrieved from /home/airflow/.local/lib/python3.12/site-packages/airflow/example_dags/example_datasets.py
[2024-07-19T10:28:49.692+0000] {logging_mixin.py:188} INFO - [2024-07-19T10:28:49.692+0000] {dag.py:3096} INFO - Sync 10 DAGs
[2024-07-19T10:28:49.705+0000] {logging_mixin.py:188} INFO - [2024-07-19T10:28:49.705+0000] {dag.py:3954} INFO - Setting next_dagrun for conditional_dataset_and_time_based_timetable to 2024-07-17 01:00:00+00:00, run_after=2024-07-17 01:00:00+00:00
[2024-07-19T10:28:49.707+0000] {logging_mixin.py:188} INFO - [2024-07-19T10:28:49.707+0000] {dag.py:3954} INFO - Setting next_dagrun for consume_1_and_2_with_dataset_expressions to None, run_after=None
[2024-07-19T10:28:49.709+0000] {logging_mixin.py:188} INFO - [2024-07-19T10:28:49.709+0000] {dag.py:3954} INFO - Setting next_dagrun for consume_1_or_2_with_dataset_expressions to None, run_after=None
[2024-07-19T10:28:49.711+0000] {logging_mixin.py:188} INFO - [2024-07-19T10:28:49.711+0000] {dag.py:3954} INFO - Setting next_dagrun for consume_1_or_both_2_and_3_with_dataset_expressions to None, run_after=None
[2024-07-19T10:28:49.711+0000] {logging_mixin.py:188} INFO - [2024-07-19T10:28:49.711+0000] {dag.py:3954} INFO - Setting next_dagrun for dataset_consumes_1 to None, run_after=None
[2024-07-19T10:28:49.712+0000] {logging_mixin.py:188} INFO - [2024-07-19T10:28:49.712+0000] {dag.py:3954} INFO - Setting next_dagrun for dataset_consumes_1_and_2 to None, run_after=None
[2024-07-19T10:28:49.713+0000] {logging_mixin.py:188} INFO - [2024-07-19T10:28:49.713+0000] {dag.py:3954} INFO - Setting next_dagrun for dataset_consumes_1_never_scheduled to None, run_after=None
[2024-07-19T10:28:49.713+0000] {logging_mixin.py:188} INFO - [2024-07-19T10:28:49.713+0000] {dag.py:3954} INFO - Setting next_dagrun for dataset_consumes_unknown_never_scheduled to None, run_after=None
[2024-07-19T10:28:49.714+0000] {logging_mixin.py:188} INFO - [2024-07-19T10:28:49.714+0000] {dag.py:3954} INFO - Setting next_dagrun for dataset_produces_1 to 2024-07-18 00:00:00+00:00, run_after=2024-07-19 00:00:00+00:00
[2024-07-19T10:28:49.715+0000] {logging_mixin.py:188} INFO - [2024-07-19T10:28:49.715+0000] {dag.py:3954} INFO - Setting next_dagrun for dataset_produces_2 to None, run_after=None
[2024-07-19T10:28:49.728+0000] {processor.py:183} INFO - Processing /home/airflow/.local/lib/python3.12/site-packages/airflow/example_dags/example_datasets.py took 0.082 seconds
[2024-07-19T10:33:03.908+0000] {processor.py:161} INFO - Started process (PID=86) to work on /home/airflow/.local/lib/python3.12/site-packages/airflow/example_dags/example_datasets.py
[2024-07-19T10:33:03.912+0000] {processor.py:830} INFO - Processing file /home/airflow/.local/lib/python3.12/site-packages/airflow/example_dags/example_datasets.py for tasks to queue
[2024-07-19T10:33:03.914+0000] {logging_mixin.py:188} INFO - [2024-07-19T10:33:03.914+0000] {dagbag.py:545} INFO - Filling up the DagBag from /home/airflow/.local/lib/python3.12/site-packages/airflow/example_dags/example_datasets.py
[2024-07-19T10:33:03.949+0000] {processor.py:840} INFO - DAG(s) 'dataset_produces_1', 'dataset_consumes_1_and_2', 'dataset_consumes_unknown_never_scheduled', 'consume_1_or_both_2_and_3_with_dataset_expressions', 'dataset_consumes_1', 'consume_1_or_2_with_dataset_expressions', 'dataset_produces_2', 'conditional_dataset_and_time_based_timetable', 'consume_1_and_2_with_dataset_expressions', 'dataset_consumes_1_never_scheduled' retrieved from /home/airflow/.local/lib/python3.12/site-packages/airflow/example_dags/example_datasets.py
[2024-07-19T10:33:03.985+0000] {logging_mixin.py:188} INFO - [2024-07-19T10:33:03.985+0000] {dag.py:3096} INFO - Sync 10 DAGs
[2024-07-19T10:33:04.022+0000] {logging_mixin.py:188} INFO - [2024-07-19T10:33:04.022+0000] {dag.py:3954} INFO - Setting next_dagrun for conditional_dataset_and_time_based_timetable to 2024-07-17 01:00:00+00:00, run_after=2024-07-17 01:00:00+00:00
[2024-07-19T10:33:04.033+0000] {logging_mixin.py:188} INFO - [2024-07-19T10:33:04.033+0000] {dag.py:3954} INFO - Setting next_dagrun for consume_1_and_2_with_dataset_expressions to None, run_after=None
[2024-07-19T10:33:04.035+0000] {logging_mixin.py:188} INFO - [2024-07-19T10:33:04.035+0000] {dag.py:3954} INFO - Setting next_dagrun for consume_1_or_2_with_dataset_expressions to None, run_after=None
[2024-07-19T10:33:04.036+0000] {logging_mixin.py:188} INFO - [2024-07-19T10:33:04.036+0000] {dag.py:3954} INFO - Setting next_dagrun for consume_1_or_both_2_and_3_with_dataset_expressions to None, run_after=None
[2024-07-19T10:33:04.037+0000] {logging_mixin.py:188} INFO - [2024-07-19T10:33:04.037+0000] {dag.py:3954} INFO - Setting next_dagrun for dataset_consumes_1 to None, run_after=None
[2024-07-19T10:33:04.038+0000] {logging_mixin.py:188} INFO - [2024-07-19T10:33:04.038+0000] {dag.py:3954} INFO - Setting next_dagrun for dataset_consumes_1_and_2 to None, run_after=None
[2024-07-19T10:33:04.039+0000] {logging_mixin.py:188} INFO - [2024-07-19T10:33:04.039+0000] {dag.py:3954} INFO - Setting next_dagrun for dataset_consumes_1_never_scheduled to None, run_after=None
[2024-07-19T10:33:04.040+0000] {logging_mixin.py:188} INFO - [2024-07-19T10:33:04.040+0000] {dag.py:3954} INFO - Setting next_dagrun for dataset_consumes_unknown_never_scheduled to None, run_after=None
[2024-07-19T10:33:04.042+0000] {logging_mixin.py:188} INFO - [2024-07-19T10:33:04.042+0000] {dag.py:3954} INFO - Setting next_dagrun for dataset_produces_1 to 2024-07-18 00:00:00+00:00, run_after=2024-07-19 00:00:00+00:00
[2024-07-19T10:33:04.043+0000] {logging_mixin.py:188} INFO - [2024-07-19T10:33:04.043+0000] {dag.py:3954} INFO - Setting next_dagrun for dataset_produces_2 to None, run_after=None
[2024-07-19T10:33:04.091+0000] {processor.py:183} INFO - Processing /home/airflow/.local/lib/python3.12/site-packages/airflow/example_dags/example_datasets.py took 0.203 seconds
[2024-07-19T10:33:34.932+0000] {processor.py:161} INFO - Started process (PID=145) to work on /home/airflow/.local/lib/python3.12/site-packages/airflow/example_dags/example_datasets.py
[2024-07-19T10:33:34.935+0000] {processor.py:830} INFO - Processing file /home/airflow/.local/lib/python3.12/site-packages/airflow/example_dags/example_datasets.py for tasks to queue
[2024-07-19T10:33:34.937+0000] {logging_mixin.py:188} INFO - [2024-07-19T10:33:34.937+0000] {dagbag.py:545} INFO - Filling up the DagBag from /home/airflow/.local/lib/python3.12/site-packages/airflow/example_dags/example_datasets.py
[2024-07-19T10:33:34.958+0000] {processor.py:840} INFO - DAG(s) 'dataset_consumes_1_never_scheduled', 'dataset_produces_1', 'consume_1_or_2_with_dataset_expressions', 'consume_1_and_2_with_dataset_expressions', 'dataset_consumes_1_and_2', 'dataset_produces_2', 'dataset_consumes_unknown_never_scheduled', 'conditional_dataset_and_time_based_timetable', 'dataset_consumes_1', 'consume_1_or_both_2_and_3_with_dataset_expressions' retrieved from /home/airflow/.local/lib/python3.12/site-packages/airflow/example_dags/example_datasets.py
[2024-07-19T10:33:35.152+0000] {logging_mixin.py:188} INFO - [2024-07-19T10:33:35.152+0000] {dag.py:3096} INFO - Sync 10 DAGs
[2024-07-19T10:33:35.169+0000] {logging_mixin.py:188} INFO - [2024-07-19T10:33:35.169+0000] {dag.py:3954} INFO - Setting next_dagrun for conditional_dataset_and_time_based_timetable to 2024-07-17 01:00:00+00:00, run_after=2024-07-17 01:00:00+00:00
[2024-07-19T10:33:35.171+0000] {logging_mixin.py:188} INFO - [2024-07-19T10:33:35.171+0000] {dag.py:3954} INFO - Setting next_dagrun for consume_1_and_2_with_dataset_expressions to None, run_after=None
[2024-07-19T10:33:35.172+0000] {logging_mixin.py:188} INFO - [2024-07-19T10:33:35.171+0000] {dag.py:3954} INFO - Setting next_dagrun for consume_1_or_2_with_dataset_expressions to None, run_after=None
[2024-07-19T10:33:35.172+0000] {logging_mixin.py:188} INFO - [2024-07-19T10:33:35.172+0000] {dag.py:3954} INFO - Setting next_dagrun for consume_1_or_both_2_and_3_with_dataset_expressions to None, run_after=None
[2024-07-19T10:33:35.173+0000] {logging_mixin.py:188} INFO - [2024-07-19T10:33:35.173+0000] {dag.py:3954} INFO - Setting next_dagrun for dataset_consumes_1 to None, run_after=None
[2024-07-19T10:33:35.174+0000] {logging_mixin.py:188} INFO - [2024-07-19T10:33:35.174+0000] {dag.py:3954} INFO - Setting next_dagrun for dataset_consumes_1_and_2 to None, run_after=None
[2024-07-19T10:33:35.179+0000] {logging_mixin.py:188} INFO - [2024-07-19T10:33:35.179+0000] {dag.py:3954} INFO - Setting next_dagrun for dataset_consumes_1_never_scheduled to None, run_after=None
[2024-07-19T10:33:35.179+0000] {logging_mixin.py:188} INFO - [2024-07-19T10:33:35.179+0000] {dag.py:3954} INFO - Setting next_dagrun for dataset_consumes_unknown_never_scheduled to None, run_after=None
[2024-07-19T10:33:35.180+0000] {logging_mixin.py:188} INFO - [2024-07-19T10:33:35.180+0000] {dag.py:3954} INFO - Setting next_dagrun for dataset_produces_1 to 2024-07-18 00:00:00+00:00, run_after=2024-07-19 00:00:00+00:00
[2024-07-19T10:33:35.181+0000] {logging_mixin.py:188} INFO - [2024-07-19T10:33:35.181+0000] {dag.py:3954} INFO - Setting next_dagrun for dataset_produces_2 to None, run_after=None
[2024-07-19T10:33:35.199+0000] {processor.py:183} INFO - Processing /home/airflow/.local/lib/python3.12/site-packages/airflow/example_dags/example_datasets.py took 0.273 seconds
[2024-07-19T10:34:05.528+0000] {processor.py:161} INFO - Started process (PID=204) to work on /home/airflow/.local/lib/python3.12/site-packages/airflow/example_dags/example_datasets.py
[2024-07-19T10:34:05.537+0000] {processor.py:830} INFO - Processing file /home/airflow/.local/lib/python3.12/site-packages/airflow/example_dags/example_datasets.py for tasks to queue
[2024-07-19T10:34:05.549+0000] {logging_mixin.py:188} INFO - [2024-07-19T10:34:05.547+0000] {dagbag.py:545} INFO - Filling up the DagBag from /home/airflow/.local/lib/python3.12/site-packages/airflow/example_dags/example_datasets.py
[2024-07-19T10:34:05.577+0000] {processor.py:840} INFO - DAG(s) 'consume_1_and_2_with_dataset_expressions', 'dataset_produces_1', 'dataset_produces_2', 'dataset_consumes_1', 'consume_1_or_2_with_dataset_expressions', 'dataset_consumes_1_and_2', 'dataset_consumes_1_never_scheduled', 'conditional_dataset_and_time_based_timetable', 'consume_1_or_both_2_and_3_with_dataset_expressions', 'dataset_consumes_unknown_never_scheduled' retrieved from /home/airflow/.local/lib/python3.12/site-packages/airflow/example_dags/example_datasets.py
[2024-07-19T10:34:05.645+0000] {logging_mixin.py:188} INFO - [2024-07-19T10:34:05.645+0000] {dag.py:3096} INFO - Sync 10 DAGs
[2024-07-19T10:34:05.694+0000] {logging_mixin.py:188} INFO - [2024-07-19T10:34:05.692+0000] {dag.py:3954} INFO - Setting next_dagrun for conditional_dataset_and_time_based_timetable to 2024-07-17 01:00:00+00:00, run_after=2024-07-17 01:00:00+00:00
[2024-07-19T10:34:05.710+0000] {logging_mixin.py:188} INFO - [2024-07-19T10:34:05.709+0000] {dag.py:3954} INFO - Setting next_dagrun for consume_1_and_2_with_dataset_expressions to None, run_after=None
[2024-07-19T10:34:05.716+0000] {logging_mixin.py:188} INFO - [2024-07-19T10:34:05.715+0000] {dag.py:3954} INFO - Setting next_dagrun for consume_1_or_2_with_dataset_expressions to None, run_after=None
[2024-07-19T10:34:05.719+0000] {logging_mixin.py:188} INFO - [2024-07-19T10:34:05.719+0000] {dag.py:3954} INFO - Setting next_dagrun for consume_1_or_both_2_and_3_with_dataset_expressions to None, run_after=None
[2024-07-19T10:34:05.727+0000] {logging_mixin.py:188} INFO - [2024-07-19T10:34:05.726+0000] {dag.py:3954} INFO - Setting next_dagrun for dataset_consumes_1 to None, run_after=None
[2024-07-19T10:34:05.733+0000] {logging_mixin.py:188} INFO - [2024-07-19T10:34:05.733+0000] {dag.py:3954} INFO - Setting next_dagrun for dataset_consumes_1_and_2 to None, run_after=None
[2024-07-19T10:34:05.738+0000] {logging_mixin.py:188} INFO - [2024-07-19T10:34:05.738+0000] {dag.py:3954} INFO - Setting next_dagrun for dataset_consumes_1_never_scheduled to None, run_after=None
[2024-07-19T10:34:05.742+0000] {logging_mixin.py:188} INFO - [2024-07-19T10:34:05.741+0000] {dag.py:3954} INFO - Setting next_dagrun for dataset_consumes_unknown_never_scheduled to None, run_after=None
[2024-07-19T10:34:05.749+0000] {logging_mixin.py:188} INFO - [2024-07-19T10:34:05.749+0000] {dag.py:3954} INFO - Setting next_dagrun for dataset_produces_1 to 2024-07-18 00:00:00+00:00, run_after=2024-07-19 00:00:00+00:00
[2024-07-19T10:34:05.753+0000] {logging_mixin.py:188} INFO - [2024-07-19T10:34:05.753+0000] {dag.py:3954} INFO - Setting next_dagrun for dataset_produces_2 to None, run_after=None
[2024-07-19T10:34:05.795+0000] {processor.py:183} INFO - Processing /home/airflow/.local/lib/python3.12/site-packages/airflow/example_dags/example_datasets.py took 0.281 seconds
[2024-07-19T10:34:36.235+0000] {processor.py:161} INFO - Started process (PID=263) to work on /home/airflow/.local/lib/python3.12/site-packages/airflow/example_dags/example_datasets.py
[2024-07-19T10:34:36.238+0000] {processor.py:830} INFO - Processing file /home/airflow/.local/lib/python3.12/site-packages/airflow/example_dags/example_datasets.py for tasks to queue
[2024-07-19T10:34:36.242+0000] {logging_mixin.py:188} INFO - [2024-07-19T10:34:36.241+0000] {dagbag.py:545} INFO - Filling up the DagBag from /home/airflow/.local/lib/python3.12/site-packages/airflow/example_dags/example_datasets.py
[2024-07-19T10:34:36.270+0000] {processor.py:840} INFO - DAG(s) 'dataset_consumes_1_and_2', 'dataset_consumes_unknown_never_scheduled', 'consume_1_and_2_with_dataset_expressions', 'dataset_consumes_1', 'dataset_produces_1', 'conditional_dataset_and_time_based_timetable', 'dataset_consumes_1_never_scheduled', 'dataset_produces_2', 'consume_1_or_2_with_dataset_expressions', 'consume_1_or_both_2_and_3_with_dataset_expressions' retrieved from /home/airflow/.local/lib/python3.12/site-packages/airflow/example_dags/example_datasets.py
[2024-07-19T10:34:36.314+0000] {logging_mixin.py:188} INFO - [2024-07-19T10:34:36.314+0000] {dag.py:3096} INFO - Sync 10 DAGs
[2024-07-19T10:34:36.345+0000] {logging_mixin.py:188} INFO - [2024-07-19T10:34:36.345+0000] {dag.py:3954} INFO - Setting next_dagrun for conditional_dataset_and_time_based_timetable to 2024-07-17 01:00:00+00:00, run_after=2024-07-17 01:00:00+00:00
[2024-07-19T10:34:36.352+0000] {logging_mixin.py:188} INFO - [2024-07-19T10:34:36.352+0000] {dag.py:3954} INFO - Setting next_dagrun for consume_1_and_2_with_dataset_expressions to None, run_after=None
[2024-07-19T10:34:36.353+0000] {logging_mixin.py:188} INFO - [2024-07-19T10:34:36.353+0000] {dag.py:3954} INFO - Setting next_dagrun for consume_1_or_2_with_dataset_expressions to None, run_after=None
[2024-07-19T10:34:36.357+0000] {logging_mixin.py:188} INFO - [2024-07-19T10:34:36.357+0000] {dag.py:3954} INFO - Setting next_dagrun for consume_1_or_both_2_and_3_with_dataset_expressions to None, run_after=None
[2024-07-19T10:34:36.359+0000] {logging_mixin.py:188} INFO - [2024-07-19T10:34:36.359+0000] {dag.py:3954} INFO - Setting next_dagrun for dataset_consumes_1 to None, run_after=None
[2024-07-19T10:34:36.362+0000] {logging_mixin.py:188} INFO - [2024-07-19T10:34:36.362+0000] {dag.py:3954} INFO - Setting next_dagrun for dataset_consumes_1_and_2 to None, run_after=None
[2024-07-19T10:34:36.367+0000] {logging_mixin.py:188} INFO - [2024-07-19T10:34:36.367+0000] {dag.py:3954} INFO - Setting next_dagrun for dataset_consumes_1_never_scheduled to None, run_after=None
[2024-07-19T10:34:36.368+0000] {logging_mixin.py:188} INFO - [2024-07-19T10:34:36.368+0000] {dag.py:3954} INFO - Setting next_dagrun for dataset_consumes_unknown_never_scheduled to None, run_after=None
[2024-07-19T10:34:36.369+0000] {logging_mixin.py:188} INFO - [2024-07-19T10:34:36.369+0000] {dag.py:3954} INFO - Setting next_dagrun for dataset_produces_1 to 2024-07-18 00:00:00+00:00, run_after=2024-07-19 00:00:00+00:00
[2024-07-19T10:34:36.370+0000] {logging_mixin.py:188} INFO - [2024-07-19T10:34:36.370+0000] {dag.py:3954} INFO - Setting next_dagrun for dataset_produces_2 to None, run_after=None
[2024-07-19T10:34:36.407+0000] {processor.py:183} INFO - Processing /home/airflow/.local/lib/python3.12/site-packages/airflow/example_dags/example_datasets.py took 0.176 seconds
[2024-07-19T10:35:42.397+0000] {processor.py:161} INFO - Started process (PID=79) to work on /home/airflow/.local/lib/python3.12/site-packages/airflow/example_dags/example_datasets.py
[2024-07-19T10:35:42.398+0000] {processor.py:830} INFO - Processing file /home/airflow/.local/lib/python3.12/site-packages/airflow/example_dags/example_datasets.py for tasks to queue
[2024-07-19T10:35:42.399+0000] {logging_mixin.py:188} INFO - [2024-07-19T10:35:42.399+0000] {dagbag.py:545} INFO - Filling up the DagBag from /home/airflow/.local/lib/python3.12/site-packages/airflow/example_dags/example_datasets.py
[2024-07-19T10:35:42.456+0000] {processor.py:840} INFO - DAG(s) 'dataset_produces_1', 'dataset_consumes_unknown_never_scheduled', 'conditional_dataset_and_time_based_timetable', 'dataset_produces_2', 'consume_1_or_2_with_dataset_expressions', 'dataset_consumes_1_never_scheduled', 'consume_1_or_both_2_and_3_with_dataset_expressions', 'dataset_consumes_1_and_2', 'consume_1_and_2_with_dataset_expressions', 'dataset_consumes_1' retrieved from /home/airflow/.local/lib/python3.12/site-packages/airflow/example_dags/example_datasets.py
[2024-07-19T10:35:42.531+0000] {logging_mixin.py:188} INFO - [2024-07-19T10:35:42.529+0000] {dag.py:3096} INFO - Sync 10 DAGs
[2024-07-19T10:35:42.601+0000] {logging_mixin.py:188} INFO - [2024-07-19T10:35:42.601+0000] {dag.py:3954} INFO - Setting next_dagrun for conditional_dataset_and_time_based_timetable to 2024-07-17 01:00:00+00:00, run_after=2024-07-17 01:00:00+00:00
[2024-07-19T10:35:42.605+0000] {logging_mixin.py:188} INFO - [2024-07-19T10:35:42.605+0000] {dag.py:3954} INFO - Setting next_dagrun for consume_1_and_2_with_dataset_expressions to None, run_after=None
[2024-07-19T10:35:42.606+0000] {logging_mixin.py:188} INFO - [2024-07-19T10:35:42.606+0000] {dag.py:3954} INFO - Setting next_dagrun for consume_1_or_2_with_dataset_expressions to None, run_after=None
[2024-07-19T10:35:42.607+0000] {logging_mixin.py:188} INFO - [2024-07-19T10:35:42.607+0000] {dag.py:3954} INFO - Setting next_dagrun for consume_1_or_both_2_and_3_with_dataset_expressions to None, run_after=None
[2024-07-19T10:35:42.610+0000] {logging_mixin.py:188} INFO - [2024-07-19T10:35:42.610+0000] {dag.py:3954} INFO - Setting next_dagrun for dataset_consumes_1 to None, run_after=None
[2024-07-19T10:35:42.614+0000] {logging_mixin.py:188} INFO - [2024-07-19T10:35:42.613+0000] {dag.py:3954} INFO - Setting next_dagrun for dataset_consumes_1_and_2 to None, run_after=None
[2024-07-19T10:35:42.617+0000] {logging_mixin.py:188} INFO - [2024-07-19T10:35:42.617+0000] {dag.py:3954} INFO - Setting next_dagrun for dataset_consumes_1_never_scheduled to None, run_after=None
[2024-07-19T10:35:42.620+0000] {logging_mixin.py:188} INFO - [2024-07-19T10:35:42.619+0000] {dag.py:3954} INFO - Setting next_dagrun for dataset_consumes_unknown_never_scheduled to None, run_after=None
[2024-07-19T10:35:42.623+0000] {logging_mixin.py:188} INFO - [2024-07-19T10:35:42.623+0000] {dag.py:3954} INFO - Setting next_dagrun for dataset_produces_1 to 2024-07-18 00:00:00+00:00, run_after=2024-07-19 00:00:00+00:00
[2024-07-19T10:35:42.624+0000] {logging_mixin.py:188} INFO - [2024-07-19T10:35:42.624+0000] {dag.py:3954} INFO - Setting next_dagrun for dataset_produces_2 to None, run_after=None
[2024-07-19T10:35:42.666+0000] {processor.py:183} INFO - Processing /home/airflow/.local/lib/python3.12/site-packages/airflow/example_dags/example_datasets.py took 0.274 seconds
[2024-07-19T10:36:12.740+0000] {processor.py:161} INFO - Started process (PID=138) to work on /home/airflow/.local/lib/python3.12/site-packages/airflow/example_dags/example_datasets.py
[2024-07-19T10:36:12.741+0000] {processor.py:830} INFO - Processing file /home/airflow/.local/lib/python3.12/site-packages/airflow/example_dags/example_datasets.py for tasks to queue
[2024-07-19T10:36:12.742+0000] {logging_mixin.py:188} INFO - [2024-07-19T10:36:12.742+0000] {dagbag.py:545} INFO - Filling up the DagBag from /home/airflow/.local/lib/python3.12/site-packages/airflow/example_dags/example_datasets.py
[2024-07-19T10:36:12.751+0000] {processor.py:840} INFO - DAG(s) 'dataset_produces_1', 'dataset_produces_2', 'consume_1_or_both_2_and_3_with_dataset_expressions', 'conditional_dataset_and_time_based_timetable', 'consume_1_and_2_with_dataset_expressions', 'dataset_consumes_1_and_2', 'dataset_consumes_1', 'consume_1_or_2_with_dataset_expressions', 'dataset_consumes_1_never_scheduled', 'dataset_consumes_unknown_never_scheduled' retrieved from /home/airflow/.local/lib/python3.12/site-packages/airflow/example_dags/example_datasets.py
[2024-07-19T10:36:12.876+0000] {logging_mixin.py:188} INFO - [2024-07-19T10:36:12.876+0000] {dag.py:3096} INFO - Sync 10 DAGs
[2024-07-19T10:36:12.895+0000] {logging_mixin.py:188} INFO - [2024-07-19T10:36:12.895+0000] {dag.py:3954} INFO - Setting next_dagrun for conditional_dataset_and_time_based_timetable to 2024-07-17 01:00:00+00:00, run_after=2024-07-17 01:00:00+00:00
[2024-07-19T10:36:12.898+0000] {logging_mixin.py:188} INFO - [2024-07-19T10:36:12.898+0000] {dag.py:3954} INFO - Setting next_dagrun for consume_1_and_2_with_dataset_expressions to None, run_after=None
[2024-07-19T10:36:12.899+0000] {logging_mixin.py:188} INFO - [2024-07-19T10:36:12.899+0000] {dag.py:3954} INFO - Setting next_dagrun for consume_1_or_2_with_dataset_expressions to None, run_after=None
[2024-07-19T10:36:12.900+0000] {logging_mixin.py:188} INFO - [2024-07-19T10:36:12.900+0000] {dag.py:3954} INFO - Setting next_dagrun for consume_1_or_both_2_and_3_with_dataset_expressions to None, run_after=None
[2024-07-19T10:36:12.902+0000] {logging_mixin.py:188} INFO - [2024-07-19T10:36:12.901+0000] {dag.py:3954} INFO - Setting next_dagrun for dataset_consumes_1 to None, run_after=None
[2024-07-19T10:36:12.904+0000] {logging_mixin.py:188} INFO - [2024-07-19T10:36:12.903+0000] {dag.py:3954} INFO - Setting next_dagrun for dataset_consumes_1_and_2 to None, run_after=None
[2024-07-19T10:36:12.905+0000] {logging_mixin.py:188} INFO - [2024-07-19T10:36:12.904+0000] {dag.py:3954} INFO - Setting next_dagrun for dataset_consumes_1_never_scheduled to None, run_after=None
[2024-07-19T10:36:12.906+0000] {logging_mixin.py:188} INFO - [2024-07-19T10:36:12.906+0000] {dag.py:3954} INFO - Setting next_dagrun for dataset_consumes_unknown_never_scheduled to None, run_after=None
[2024-07-19T10:36:12.908+0000] {logging_mixin.py:188} INFO - [2024-07-19T10:36:12.907+0000] {dag.py:3954} INFO - Setting next_dagrun for dataset_produces_1 to 2024-07-18 00:00:00+00:00, run_after=2024-07-19 00:00:00+00:00
[2024-07-19T10:36:12.909+0000] {logging_mixin.py:188} INFO - [2024-07-19T10:36:12.909+0000] {dag.py:3954} INFO - Setting next_dagrun for dataset_produces_2 to None, run_after=None
[2024-07-19T10:36:12.940+0000] {processor.py:183} INFO - Processing /home/airflow/.local/lib/python3.12/site-packages/airflow/example_dags/example_datasets.py took 0.203 seconds
[2024-07-19T10:41:31.555+0000] {processor.py:161} INFO - Started process (PID=124) to work on /home/airflow/.local/lib/python3.12/site-packages/airflow/example_dags/example_datasets.py
[2024-07-19T10:41:31.565+0000] {processor.py:830} INFO - Processing file /home/airflow/.local/lib/python3.12/site-packages/airflow/example_dags/example_datasets.py for tasks to queue
[2024-07-19T10:41:31.568+0000] {logging_mixin.py:188} INFO - [2024-07-19T10:41:31.567+0000] {dagbag.py:545} INFO - Filling up the DagBag from /home/airflow/.local/lib/python3.12/site-packages/airflow/example_dags/example_datasets.py
[2024-07-19T10:41:31.735+0000] {processor.py:840} INFO - DAG(s) 'dataset_consumes_unknown_never_scheduled', 'dataset_produces_1', 'dataset_consumes_1', 'consume_1_or_both_2_and_3_with_dataset_expressions', 'consume_1_or_2_with_dataset_expressions', 'consume_1_and_2_with_dataset_expressions', 'conditional_dataset_and_time_based_timetable', 'dataset_consumes_1_never_scheduled', 'dataset_consumes_1_and_2', 'dataset_produces_2' retrieved from /home/airflow/.local/lib/python3.12/site-packages/airflow/example_dags/example_datasets.py
[2024-07-19T10:41:32.012+0000] {logging_mixin.py:188} INFO - [2024-07-19T10:41:32.012+0000] {dag.py:3089} INFO - Sync 10 DAGs
[2024-07-19T10:41:32.064+0000] {logging_mixin.py:188} INFO - [2024-07-19T10:41:32.064+0000] {dag.py:3947} INFO - Setting next_dagrun for conditional_dataset_and_time_based_timetable to 2024-07-17 01:00:00+00:00, run_after=2024-07-17 01:00:00+00:00
[2024-07-19T10:41:32.072+0000] {logging_mixin.py:188} INFO - [2024-07-19T10:41:32.072+0000] {dag.py:3947} INFO - Setting next_dagrun for consume_1_and_2_with_dataset_expressions to None, run_after=None
[2024-07-19T10:41:32.074+0000] {logging_mixin.py:188} INFO - [2024-07-19T10:41:32.074+0000] {dag.py:3947} INFO - Setting next_dagrun for consume_1_or_2_with_dataset_expressions to None, run_after=None
[2024-07-19T10:41:32.076+0000] {logging_mixin.py:188} INFO - [2024-07-19T10:41:32.076+0000] {dag.py:3947} INFO - Setting next_dagrun for consume_1_or_both_2_and_3_with_dataset_expressions to None, run_after=None
[2024-07-19T10:41:32.077+0000] {logging_mixin.py:188} INFO - [2024-07-19T10:41:32.077+0000] {dag.py:3947} INFO - Setting next_dagrun for dataset_consumes_1 to None, run_after=None
[2024-07-19T10:41:32.085+0000] {logging_mixin.py:188} INFO - [2024-07-19T10:41:32.084+0000] {dag.py:3947} INFO - Setting next_dagrun for dataset_consumes_1_and_2 to None, run_after=None
[2024-07-19T10:41:32.086+0000] {logging_mixin.py:188} INFO - [2024-07-19T10:41:32.086+0000] {dag.py:3947} INFO - Setting next_dagrun for dataset_consumes_1_never_scheduled to None, run_after=None
[2024-07-19T10:41:32.088+0000] {logging_mixin.py:188} INFO - [2024-07-19T10:41:32.088+0000] {dag.py:3947} INFO - Setting next_dagrun for dataset_consumes_unknown_never_scheduled to None, run_after=None
[2024-07-19T10:41:32.096+0000] {logging_mixin.py:188} INFO - [2024-07-19T10:41:32.096+0000] {dag.py:3947} INFO - Setting next_dagrun for dataset_produces_1 to 2024-07-18 00:00:00+00:00, run_after=2024-07-19 00:00:00+00:00
[2024-07-19T10:41:32.102+0000] {logging_mixin.py:188} INFO - [2024-07-19T10:41:32.100+0000] {dag.py:3947} INFO - Setting next_dagrun for dataset_produces_2 to None, run_after=None
[2024-07-19T10:41:32.215+0000] {processor.py:183} INFO - Processing /home/airflow/.local/lib/python3.12/site-packages/airflow/example_dags/example_datasets.py took 0.667 seconds
[2024-07-19T10:42:03.189+0000] {processor.py:161} INFO - Started process (PID=192) to work on /home/airflow/.local/lib/python3.12/site-packages/airflow/example_dags/example_datasets.py
[2024-07-19T10:42:03.193+0000] {processor.py:830} INFO - Processing file /home/airflow/.local/lib/python3.12/site-packages/airflow/example_dags/example_datasets.py for tasks to queue
[2024-07-19T10:42:03.200+0000] {logging_mixin.py:188} INFO - [2024-07-19T10:42:03.199+0000] {dagbag.py:545} INFO - Filling up the DagBag from /home/airflow/.local/lib/python3.12/site-packages/airflow/example_dags/example_datasets.py
[2024-07-19T10:42:03.325+0000] {processor.py:840} INFO - DAG(s) 'dataset_consumes_1', 'conditional_dataset_and_time_based_timetable', 'dataset_consumes_unknown_never_scheduled', 'dataset_consumes_1_never_scheduled', 'dataset_consumes_1_and_2', 'consume_1_and_2_with_dataset_expressions', 'consume_1_or_2_with_dataset_expressions', 'dataset_produces_1', 'dataset_produces_2', 'consume_1_or_both_2_and_3_with_dataset_expressions' retrieved from /home/airflow/.local/lib/python3.12/site-packages/airflow/example_dags/example_datasets.py
[2024-07-19T10:42:03.404+0000] {logging_mixin.py:188} INFO - [2024-07-19T10:42:03.403+0000] {dag.py:3089} INFO - Sync 10 DAGs
[2024-07-19T10:42:03.435+0000] {logging_mixin.py:188} INFO - [2024-07-19T10:42:03.435+0000] {dag.py:3947} INFO - Setting next_dagrun for conditional_dataset_and_time_based_timetable to 2024-07-17 01:00:00+00:00, run_after=2024-07-17 01:00:00+00:00
[2024-07-19T10:42:03.440+0000] {logging_mixin.py:188} INFO - [2024-07-19T10:42:03.440+0000] {dag.py:3947} INFO - Setting next_dagrun for consume_1_and_2_with_dataset_expressions to None, run_after=None
[2024-07-19T10:42:03.442+0000] {logging_mixin.py:188} INFO - [2024-07-19T10:42:03.442+0000] {dag.py:3947} INFO - Setting next_dagrun for consume_1_or_2_with_dataset_expressions to None, run_after=None
[2024-07-19T10:42:03.444+0000] {logging_mixin.py:188} INFO - [2024-07-19T10:42:03.443+0000] {dag.py:3947} INFO - Setting next_dagrun for consume_1_or_both_2_and_3_with_dataset_expressions to None, run_after=None
[2024-07-19T10:42:03.446+0000] {logging_mixin.py:188} INFO - [2024-07-19T10:42:03.446+0000] {dag.py:3947} INFO - Setting next_dagrun for dataset_consumes_1 to None, run_after=None
[2024-07-19T10:42:03.447+0000] {logging_mixin.py:188} INFO - [2024-07-19T10:42:03.447+0000] {dag.py:3947} INFO - Setting next_dagrun for dataset_consumes_1_and_2 to None, run_after=None
[2024-07-19T10:42:03.449+0000] {logging_mixin.py:188} INFO - [2024-07-19T10:42:03.448+0000] {dag.py:3947} INFO - Setting next_dagrun for dataset_consumes_1_never_scheduled to None, run_after=None
[2024-07-19T10:42:03.450+0000] {logging_mixin.py:188} INFO - [2024-07-19T10:42:03.450+0000] {dag.py:3947} INFO - Setting next_dagrun for dataset_consumes_unknown_never_scheduled to None, run_after=None
[2024-07-19T10:42:03.453+0000] {logging_mixin.py:188} INFO - [2024-07-19T10:42:03.453+0000] {dag.py:3947} INFO - Setting next_dagrun for dataset_produces_1 to 2024-07-18 00:00:00+00:00, run_after=2024-07-19 00:00:00+00:00
[2024-07-19T10:42:03.454+0000] {logging_mixin.py:188} INFO - [2024-07-19T10:42:03.454+0000] {dag.py:3947} INFO - Setting next_dagrun for dataset_produces_2 to None, run_after=None
[2024-07-19T10:42:03.536+0000] {processor.py:183} INFO - Processing /home/airflow/.local/lib/python3.12/site-packages/airflow/example_dags/example_datasets.py took 0.358 seconds
[2024-07-19T10:49:32.683+0000] {processor.py:161} INFO - Started process (PID=90) to work on /home/airflow/.local/lib/python3.12/site-packages/airflow/example_dags/example_datasets.py
[2024-07-19T10:49:32.684+0000] {processor.py:830} INFO - Processing file /home/airflow/.local/lib/python3.12/site-packages/airflow/example_dags/example_datasets.py for tasks to queue
[2024-07-19T10:49:32.686+0000] {logging_mixin.py:188} INFO - [2024-07-19T10:49:32.686+0000] {dagbag.py:545} INFO - Filling up the DagBag from /home/airflow/.local/lib/python3.12/site-packages/airflow/example_dags/example_datasets.py
[2024-07-19T10:49:32.707+0000] {processor.py:840} INFO - DAG(s) 'consume_1_and_2_with_dataset_expressions', 'dataset_consumes_1', 'consume_1_or_2_with_dataset_expressions', 'consume_1_or_both_2_and_3_with_dataset_expressions', 'dataset_consumes_1_and_2', 'dataset_consumes_1_never_scheduled', 'dataset_consumes_unknown_never_scheduled', 'dataset_produces_2', 'dataset_produces_1', 'conditional_dataset_and_time_based_timetable' retrieved from /home/airflow/.local/lib/python3.12/site-packages/airflow/example_dags/example_datasets.py
[2024-07-19T10:49:32.756+0000] {logging_mixin.py:188} INFO - [2024-07-19T10:49:32.756+0000] {dag.py:3089} INFO - Sync 10 DAGs
[2024-07-19T10:49:32.780+0000] {logging_mixin.py:188} INFO - [2024-07-19T10:49:32.780+0000] {dag.py:3947} INFO - Setting next_dagrun for conditional_dataset_and_time_based_timetable to 2024-07-17 01:00:00+00:00, run_after=2024-07-17 01:00:00+00:00
[2024-07-19T10:49:32.784+0000] {logging_mixin.py:188} INFO - [2024-07-19T10:49:32.784+0000] {dag.py:3947} INFO - Setting next_dagrun for consume_1_and_2_with_dataset_expressions to None, run_after=None
[2024-07-19T10:49:32.786+0000] {logging_mixin.py:188} INFO - [2024-07-19T10:49:32.786+0000] {dag.py:3947} INFO - Setting next_dagrun for consume_1_or_2_with_dataset_expressions to None, run_after=None
[2024-07-19T10:49:32.787+0000] {logging_mixin.py:188} INFO - [2024-07-19T10:49:32.786+0000] {dag.py:3947} INFO - Setting next_dagrun for consume_1_or_both_2_and_3_with_dataset_expressions to None, run_after=None
[2024-07-19T10:49:32.788+0000] {logging_mixin.py:188} INFO - [2024-07-19T10:49:32.788+0000] {dag.py:3947} INFO - Setting next_dagrun for dataset_consumes_1 to None, run_after=None
[2024-07-19T10:49:32.789+0000] {logging_mixin.py:188} INFO - [2024-07-19T10:49:32.789+0000] {dag.py:3947} INFO - Setting next_dagrun for dataset_consumes_1_and_2 to None, run_after=None
[2024-07-19T10:49:32.790+0000] {logging_mixin.py:188} INFO - [2024-07-19T10:49:32.790+0000] {dag.py:3947} INFO - Setting next_dagrun for dataset_consumes_1_never_scheduled to None, run_after=None
[2024-07-19T10:49:32.794+0000] {logging_mixin.py:188} INFO - [2024-07-19T10:49:32.794+0000] {dag.py:3947} INFO - Setting next_dagrun for dataset_consumes_unknown_never_scheduled to None, run_after=None
[2024-07-19T10:49:32.796+0000] {logging_mixin.py:188} INFO - [2024-07-19T10:49:32.796+0000] {dag.py:3947} INFO - Setting next_dagrun for dataset_produces_1 to 2024-07-18 00:00:00+00:00, run_after=2024-07-19 00:00:00+00:00
[2024-07-19T10:49:32.797+0000] {logging_mixin.py:188} INFO - [2024-07-19T10:49:32.796+0000] {dag.py:3947} INFO - Setting next_dagrun for dataset_produces_2 to None, run_after=None
[2024-07-19T10:49:32.825+0000] {processor.py:183} INFO - Processing /home/airflow/.local/lib/python3.12/site-packages/airflow/example_dags/example_datasets.py took 0.146 seconds
[2024-07-19T10:50:04.468+0000] {processor.py:161} INFO - Started process (PID=157) to work on /home/airflow/.local/lib/python3.12/site-packages/airflow/example_dags/example_datasets.py
[2024-07-19T10:50:04.471+0000] {processor.py:830} INFO - Processing file /home/airflow/.local/lib/python3.12/site-packages/airflow/example_dags/example_datasets.py for tasks to queue
[2024-07-19T10:50:04.492+0000] {logging_mixin.py:188} INFO - [2024-07-19T10:50:04.492+0000] {dagbag.py:545} INFO - Filling up the DagBag from /home/airflow/.local/lib/python3.12/site-packages/airflow/example_dags/example_datasets.py
[2024-07-19T10:50:04.522+0000] {processor.py:840} INFO - DAG(s) 'consume_1_or_2_with_dataset_expressions', 'dataset_produces_2', 'conditional_dataset_and_time_based_timetable', 'dataset_consumes_1_never_scheduled', 'consume_1_or_both_2_and_3_with_dataset_expressions', 'dataset_consumes_1', 'dataset_consumes_unknown_never_scheduled', 'consume_1_and_2_with_dataset_expressions', 'dataset_produces_1', 'dataset_consumes_1_and_2' retrieved from /home/airflow/.local/lib/python3.12/site-packages/airflow/example_dags/example_datasets.py
[2024-07-19T10:50:04.672+0000] {logging_mixin.py:188} INFO - [2024-07-19T10:50:04.671+0000] {dag.py:3089} INFO - Sync 10 DAGs
[2024-07-19T10:50:04.731+0000] {logging_mixin.py:188} INFO - [2024-07-19T10:50:04.730+0000] {dag.py:3947} INFO - Setting next_dagrun for conditional_dataset_and_time_based_timetable to 2024-07-17 01:00:00+00:00, run_after=2024-07-17 01:00:00+00:00
[2024-07-19T10:50:04.739+0000] {logging_mixin.py:188} INFO - [2024-07-19T10:50:04.738+0000] {dag.py:3947} INFO - Setting next_dagrun for consume_1_and_2_with_dataset_expressions to None, run_after=None
[2024-07-19T10:50:04.744+0000] {logging_mixin.py:188} INFO - [2024-07-19T10:50:04.744+0000] {dag.py:3947} INFO - Setting next_dagrun for consume_1_or_2_with_dataset_expressions to None, run_after=None
[2024-07-19T10:50:04.781+0000] {logging_mixin.py:188} INFO - [2024-07-19T10:50:04.776+0000] {dag.py:3947} INFO - Setting next_dagrun for consume_1_or_both_2_and_3_with_dataset_expressions to None, run_after=None
[2024-07-19T10:50:04.797+0000] {logging_mixin.py:188} INFO - [2024-07-19T10:50:04.797+0000] {dag.py:3947} INFO - Setting next_dagrun for dataset_consumes_1 to None, run_after=None
[2024-07-19T10:50:04.808+0000] {logging_mixin.py:188} INFO - [2024-07-19T10:50:04.808+0000] {dag.py:3947} INFO - Setting next_dagrun for dataset_consumes_1_and_2 to None, run_after=None
[2024-07-19T10:50:04.833+0000] {logging_mixin.py:188} INFO - [2024-07-19T10:50:04.831+0000] {dag.py:3947} INFO - Setting next_dagrun for dataset_consumes_1_never_scheduled to None, run_after=None
[2024-07-19T10:50:04.839+0000] {logging_mixin.py:188} INFO - [2024-07-19T10:50:04.838+0000] {dag.py:3947} INFO - Setting next_dagrun for dataset_consumes_unknown_never_scheduled to None, run_after=None
[2024-07-19T10:50:04.847+0000] {logging_mixin.py:188} INFO - [2024-07-19T10:50:04.847+0000] {dag.py:3947} INFO - Setting next_dagrun for dataset_produces_1 to 2024-07-18 00:00:00+00:00, run_after=2024-07-19 00:00:00+00:00
[2024-07-19T10:50:04.853+0000] {logging_mixin.py:188} INFO - [2024-07-19T10:50:04.852+0000] {dag.py:3947} INFO - Setting next_dagrun for dataset_produces_2 to None, run_after=None
[2024-07-19T10:50:04.952+0000] {processor.py:183} INFO - Processing /home/airflow/.local/lib/python3.12/site-packages/airflow/example_dags/example_datasets.py took 0.492 seconds
