[2024-07-19T10:19:54.217+0000] {processor.py:161} INFO - Started process (PID=87) to work on /home/airflow/.local/lib/python3.12/site-packages/airflow/example_dags/example_xcomargs.py
[2024-07-19T10:19:54.228+0000] {processor.py:830} INFO - Processing file /home/airflow/.local/lib/python3.12/site-packages/airflow/example_dags/example_xcomargs.py for tasks to queue
[2024-07-19T10:19:54.255+0000] {logging_mixin.py:188} INFO - [2024-07-19T10:19:54.253+0000] {dagbag.py:545} INFO - Filling up the DagBag from /home/airflow/.local/lib/python3.12/site-packages/airflow/example_dags/example_xcomargs.py
[2024-07-19T10:19:54.338+0000] {processor.py:840} INFO - DAG(s) 'example_xcom_args', 'example_xcom_args_with_operators' retrieved from /home/airflow/.local/lib/python3.12/site-packages/airflow/example_dags/example_xcomargs.py
[2024-07-19T10:19:54.666+0000] {logging_mixin.py:188} INFO - [2024-07-19T10:19:54.666+0000] {dag.py:3096} INFO - Sync 2 DAGs
[2024-07-19T10:19:54.711+0000] {logging_mixin.py:188} INFO - [2024-07-19T10:19:54.711+0000] {dag.py:3954} INFO - Setting next_dagrun for example_xcom_args to None, run_after=None
[2024-07-19T10:19:54.717+0000] {logging_mixin.py:188} INFO - [2024-07-19T10:19:54.717+0000] {dag.py:3954} INFO - Setting next_dagrun for example_xcom_args_with_operators to None, run_after=None
[2024-07-19T10:19:54.759+0000] {processor.py:183} INFO - Processing /home/airflow/.local/lib/python3.12/site-packages/airflow/example_dags/example_xcomargs.py took 0.574 seconds
[2024-07-19T10:20:25.317+0000] {processor.py:161} INFO - Started process (PID=146) to work on /home/airflow/.local/lib/python3.12/site-packages/airflow/example_dags/example_xcomargs.py
[2024-07-19T10:20:25.319+0000] {processor.py:830} INFO - Processing file /home/airflow/.local/lib/python3.12/site-packages/airflow/example_dags/example_xcomargs.py for tasks to queue
[2024-07-19T10:20:25.321+0000] {logging_mixin.py:188} INFO - [2024-07-19T10:20:25.321+0000] {dagbag.py:545} INFO - Filling up the DagBag from /home/airflow/.local/lib/python3.12/site-packages/airflow/example_dags/example_xcomargs.py
[2024-07-19T10:20:25.335+0000] {processor.py:840} INFO - DAG(s) 'example_xcom_args', 'example_xcom_args_with_operators' retrieved from /home/airflow/.local/lib/python3.12/site-packages/airflow/example_dags/example_xcomargs.py
[2024-07-19T10:20:25.360+0000] {logging_mixin.py:188} INFO - [2024-07-19T10:20:25.359+0000] {dag.py:3096} INFO - Sync 2 DAGs
[2024-07-19T10:20:25.375+0000] {logging_mixin.py:188} INFO - [2024-07-19T10:20:25.375+0000] {dag.py:3954} INFO - Setting next_dagrun for example_xcom_args to None, run_after=None
[2024-07-19T10:20:25.378+0000] {logging_mixin.py:188} INFO - [2024-07-19T10:20:25.378+0000] {dag.py:3954} INFO - Setting next_dagrun for example_xcom_args_with_operators to None, run_after=None
[2024-07-19T10:20:25.391+0000] {processor.py:183} INFO - Processing /home/airflow/.local/lib/python3.12/site-packages/airflow/example_dags/example_xcomargs.py took 0.086 seconds
[2024-07-19T10:20:55.530+0000] {processor.py:161} INFO - Started process (PID=205) to work on /home/airflow/.local/lib/python3.12/site-packages/airflow/example_dags/example_xcomargs.py
[2024-07-19T10:20:55.532+0000] {processor.py:830} INFO - Processing file /home/airflow/.local/lib/python3.12/site-packages/airflow/example_dags/example_xcomargs.py for tasks to queue
[2024-07-19T10:20:55.534+0000] {logging_mixin.py:188} INFO - [2024-07-19T10:20:55.534+0000] {dagbag.py:545} INFO - Filling up the DagBag from /home/airflow/.local/lib/python3.12/site-packages/airflow/example_dags/example_xcomargs.py
[2024-07-19T10:20:55.544+0000] {processor.py:840} INFO - DAG(s) 'example_xcom_args', 'example_xcom_args_with_operators' retrieved from /home/airflow/.local/lib/python3.12/site-packages/airflow/example_dags/example_xcomargs.py
[2024-07-19T10:20:55.564+0000] {logging_mixin.py:188} INFO - [2024-07-19T10:20:55.563+0000] {dag.py:3096} INFO - Sync 2 DAGs
[2024-07-19T10:20:55.575+0000] {logging_mixin.py:188} INFO - [2024-07-19T10:20:55.575+0000] {dag.py:3954} INFO - Setting next_dagrun for example_xcom_args to None, run_after=None
[2024-07-19T10:20:55.578+0000] {logging_mixin.py:188} INFO - [2024-07-19T10:20:55.578+0000] {dag.py:3954} INFO - Setting next_dagrun for example_xcom_args_with_operators to None, run_after=None
[2024-07-19T10:20:55.590+0000] {processor.py:183} INFO - Processing /home/airflow/.local/lib/python3.12/site-packages/airflow/example_dags/example_xcomargs.py took 0.068 seconds
[2024-07-19T10:21:25.755+0000] {processor.py:161} INFO - Started process (PID=264) to work on /home/airflow/.local/lib/python3.12/site-packages/airflow/example_dags/example_xcomargs.py
[2024-07-19T10:21:25.758+0000] {processor.py:830} INFO - Processing file /home/airflow/.local/lib/python3.12/site-packages/airflow/example_dags/example_xcomargs.py for tasks to queue
[2024-07-19T10:21:25.760+0000] {logging_mixin.py:188} INFO - [2024-07-19T10:21:25.760+0000] {dagbag.py:545} INFO - Filling up the DagBag from /home/airflow/.local/lib/python3.12/site-packages/airflow/example_dags/example_xcomargs.py
[2024-07-19T10:21:25.768+0000] {processor.py:840} INFO - DAG(s) 'example_xcom_args_with_operators', 'example_xcom_args' retrieved from /home/airflow/.local/lib/python3.12/site-packages/airflow/example_dags/example_xcomargs.py
[2024-07-19T10:21:25.790+0000] {logging_mixin.py:188} INFO - [2024-07-19T10:21:25.790+0000] {dag.py:3096} INFO - Sync 2 DAGs
[2024-07-19T10:21:25.798+0000] {logging_mixin.py:188} INFO - [2024-07-19T10:21:25.798+0000] {dag.py:3954} INFO - Setting next_dagrun for example_xcom_args to None, run_after=None
[2024-07-19T10:21:25.801+0000] {logging_mixin.py:188} INFO - [2024-07-19T10:21:25.801+0000] {dag.py:3954} INFO - Setting next_dagrun for example_xcom_args_with_operators to None, run_after=None
[2024-07-19T10:21:25.814+0000] {processor.py:183} INFO - Processing /home/airflow/.local/lib/python3.12/site-packages/airflow/example_dags/example_xcomargs.py took 0.065 seconds
[2024-07-19T10:21:56.662+0000] {processor.py:161} INFO - Started process (PID=323) to work on /home/airflow/.local/lib/python3.12/site-packages/airflow/example_dags/example_xcomargs.py
[2024-07-19T10:21:56.664+0000] {processor.py:830} INFO - Processing file /home/airflow/.local/lib/python3.12/site-packages/airflow/example_dags/example_xcomargs.py for tasks to queue
[2024-07-19T10:21:56.665+0000] {logging_mixin.py:188} INFO - [2024-07-19T10:21:56.665+0000] {dagbag.py:545} INFO - Filling up the DagBag from /home/airflow/.local/lib/python3.12/site-packages/airflow/example_dags/example_xcomargs.py
[2024-07-19T10:21:56.671+0000] {processor.py:840} INFO - DAG(s) 'example_xcom_args_with_operators', 'example_xcom_args' retrieved from /home/airflow/.local/lib/python3.12/site-packages/airflow/example_dags/example_xcomargs.py
[2024-07-19T10:21:56.687+0000] {logging_mixin.py:188} INFO - [2024-07-19T10:21:56.687+0000] {dag.py:3096} INFO - Sync 2 DAGs
[2024-07-19T10:21:56.701+0000] {logging_mixin.py:188} INFO - [2024-07-19T10:21:56.701+0000] {dag.py:3954} INFO - Setting next_dagrun for example_xcom_args to None, run_after=None
[2024-07-19T10:21:56.707+0000] {logging_mixin.py:188} INFO - [2024-07-19T10:21:56.707+0000] {dag.py:3954} INFO - Setting next_dagrun for example_xcom_args_with_operators to None, run_after=None
[2024-07-19T10:21:56.736+0000] {processor.py:183} INFO - Processing /home/airflow/.local/lib/python3.12/site-packages/airflow/example_dags/example_xcomargs.py took 0.078 seconds
[2024-07-19T10:22:27.642+0000] {processor.py:161} INFO - Started process (PID=381) to work on /home/airflow/.local/lib/python3.12/site-packages/airflow/example_dags/example_xcomargs.py
[2024-07-19T10:22:27.644+0000] {processor.py:830} INFO - Processing file /home/airflow/.local/lib/python3.12/site-packages/airflow/example_dags/example_xcomargs.py for tasks to queue
[2024-07-19T10:22:27.646+0000] {logging_mixin.py:188} INFO - [2024-07-19T10:22:27.645+0000] {dagbag.py:545} INFO - Filling up the DagBag from /home/airflow/.local/lib/python3.12/site-packages/airflow/example_dags/example_xcomargs.py
[2024-07-19T10:22:27.655+0000] {processor.py:840} INFO - DAG(s) 'example_xcom_args', 'example_xcom_args_with_operators' retrieved from /home/airflow/.local/lib/python3.12/site-packages/airflow/example_dags/example_xcomargs.py
[2024-07-19T10:22:27.679+0000] {logging_mixin.py:188} INFO - [2024-07-19T10:22:27.678+0000] {dag.py:3096} INFO - Sync 2 DAGs
[2024-07-19T10:22:27.686+0000] {logging_mixin.py:188} INFO - [2024-07-19T10:22:27.686+0000] {dag.py:3954} INFO - Setting next_dagrun for example_xcom_args to None, run_after=None
[2024-07-19T10:22:27.692+0000] {logging_mixin.py:188} INFO - [2024-07-19T10:22:27.692+0000] {dag.py:3954} INFO - Setting next_dagrun for example_xcom_args_with_operators to None, run_after=None
[2024-07-19T10:22:27.703+0000] {processor.py:183} INFO - Processing /home/airflow/.local/lib/python3.12/site-packages/airflow/example_dags/example_xcomargs.py took 0.068 seconds
[2024-07-19T10:28:17.456+0000] {processor.py:161} INFO - Started process (PID=64) to work on /home/airflow/.local/lib/python3.12/site-packages/airflow/example_dags/example_xcomargs.py
[2024-07-19T10:28:17.464+0000] {processor.py:830} INFO - Processing file /home/airflow/.local/lib/python3.12/site-packages/airflow/example_dags/example_xcomargs.py for tasks to queue
[2024-07-19T10:28:17.470+0000] {logging_mixin.py:188} INFO - [2024-07-19T10:28:17.469+0000] {dagbag.py:545} INFO - Filling up the DagBag from /home/airflow/.local/lib/python3.12/site-packages/airflow/example_dags/example_xcomargs.py
[2024-07-19T10:28:17.483+0000] {processor.py:840} INFO - DAG(s) 'example_xcom_args_with_operators', 'example_xcom_args' retrieved from /home/airflow/.local/lib/python3.12/site-packages/airflow/example_dags/example_xcomargs.py
[2024-07-19T10:28:17.532+0000] {logging_mixin.py:188} INFO - [2024-07-19T10:28:17.532+0000] {dag.py:3096} INFO - Sync 2 DAGs
[2024-07-19T10:28:17.567+0000] {logging_mixin.py:188} INFO - [2024-07-19T10:28:17.567+0000] {dag.py:3954} INFO - Setting next_dagrun for example_xcom_args to None, run_after=None
[2024-07-19T10:28:17.576+0000] {logging_mixin.py:188} INFO - [2024-07-19T10:28:17.576+0000] {dag.py:3954} INFO - Setting next_dagrun for example_xcom_args_with_operators to None, run_after=None
[2024-07-19T10:28:17.604+0000] {processor.py:183} INFO - Processing /home/airflow/.local/lib/python3.12/site-packages/airflow/example_dags/example_xcomargs.py took 0.162 seconds
[2024-07-19T10:28:47.843+0000] {processor.py:161} INFO - Started process (PID=123) to work on /home/airflow/.local/lib/python3.12/site-packages/airflow/example_dags/example_xcomargs.py
[2024-07-19T10:28:47.845+0000] {processor.py:830} INFO - Processing file /home/airflow/.local/lib/python3.12/site-packages/airflow/example_dags/example_xcomargs.py for tasks to queue
[2024-07-19T10:28:47.847+0000] {logging_mixin.py:188} INFO - [2024-07-19T10:28:47.847+0000] {dagbag.py:545} INFO - Filling up the DagBag from /home/airflow/.local/lib/python3.12/site-packages/airflow/example_dags/example_xcomargs.py
[2024-07-19T10:28:47.854+0000] {processor.py:840} INFO - DAG(s) 'example_xcom_args_with_operators', 'example_xcom_args' retrieved from /home/airflow/.local/lib/python3.12/site-packages/airflow/example_dags/example_xcomargs.py
[2024-07-19T10:28:47.872+0000] {logging_mixin.py:188} INFO - [2024-07-19T10:28:47.872+0000] {dag.py:3096} INFO - Sync 2 DAGs
[2024-07-19T10:28:47.887+0000] {logging_mixin.py:188} INFO - [2024-07-19T10:28:47.886+0000] {dag.py:3954} INFO - Setting next_dagrun for example_xcom_args to None, run_after=None
[2024-07-19T10:28:47.893+0000] {logging_mixin.py:188} INFO - [2024-07-19T10:28:47.893+0000] {dag.py:3954} INFO - Setting next_dagrun for example_xcom_args_with_operators to None, run_after=None
[2024-07-19T10:28:47.928+0000] {processor.py:183} INFO - Processing /home/airflow/.local/lib/python3.12/site-packages/airflow/example_dags/example_xcomargs.py took 0.089 seconds
[2024-07-19T10:33:01.454+0000] {processor.py:161} INFO - Started process (PID=70) to work on /home/airflow/.local/lib/python3.12/site-packages/airflow/example_dags/example_xcomargs.py
[2024-07-19T10:33:01.465+0000] {processor.py:830} INFO - Processing file /home/airflow/.local/lib/python3.12/site-packages/airflow/example_dags/example_xcomargs.py for tasks to queue
[2024-07-19T10:33:01.569+0000] {logging_mixin.py:188} INFO - [2024-07-19T10:33:01.568+0000] {dagbag.py:545} INFO - Filling up the DagBag from /home/airflow/.local/lib/python3.12/site-packages/airflow/example_dags/example_xcomargs.py
[2024-07-19T10:33:01.619+0000] {processor.py:840} INFO - DAG(s) 'example_xcom_args_with_operators', 'example_xcom_args' retrieved from /home/airflow/.local/lib/python3.12/site-packages/airflow/example_dags/example_xcomargs.py
[2024-07-19T10:33:01.676+0000] {logging_mixin.py:188} INFO - [2024-07-19T10:33:01.675+0000] {dag.py:3096} INFO - Sync 2 DAGs
[2024-07-19T10:33:01.727+0000] {logging_mixin.py:188} INFO - [2024-07-19T10:33:01.726+0000] {dag.py:3954} INFO - Setting next_dagrun for example_xcom_args to None, run_after=None
[2024-07-19T10:33:01.734+0000] {logging_mixin.py:188} INFO - [2024-07-19T10:33:01.734+0000] {dag.py:3954} INFO - Setting next_dagrun for example_xcom_args_with_operators to None, run_after=None
[2024-07-19T10:33:01.769+0000] {processor.py:183} INFO - Processing /home/airflow/.local/lib/python3.12/site-packages/airflow/example_dags/example_xcomargs.py took 0.400 seconds
[2024-07-19T10:33:32.663+0000] {processor.py:161} INFO - Started process (PID=129) to work on /home/airflow/.local/lib/python3.12/site-packages/airflow/example_dags/example_xcomargs.py
[2024-07-19T10:33:32.666+0000] {processor.py:830} INFO - Processing file /home/airflow/.local/lib/python3.12/site-packages/airflow/example_dags/example_xcomargs.py for tasks to queue
[2024-07-19T10:33:32.670+0000] {logging_mixin.py:188} INFO - [2024-07-19T10:33:32.669+0000] {dagbag.py:545} INFO - Filling up the DagBag from /home/airflow/.local/lib/python3.12/site-packages/airflow/example_dags/example_xcomargs.py
[2024-07-19T10:33:32.684+0000] {processor.py:840} INFO - DAG(s) 'example_xcom_args_with_operators', 'example_xcom_args' retrieved from /home/airflow/.local/lib/python3.12/site-packages/airflow/example_dags/example_xcomargs.py
[2024-07-19T10:33:32.861+0000] {logging_mixin.py:188} INFO - [2024-07-19T10:33:32.861+0000] {dag.py:3096} INFO - Sync 2 DAGs
[2024-07-19T10:33:32.872+0000] {logging_mixin.py:188} INFO - [2024-07-19T10:33:32.872+0000] {dag.py:3954} INFO - Setting next_dagrun for example_xcom_args to None, run_after=None
[2024-07-19T10:33:32.886+0000] {logging_mixin.py:188} INFO - [2024-07-19T10:33:32.886+0000] {dag.py:3954} INFO - Setting next_dagrun for example_xcom_args_with_operators to None, run_after=None
[2024-07-19T10:33:32.917+0000] {processor.py:183} INFO - Processing /home/airflow/.local/lib/python3.12/site-packages/airflow/example_dags/example_xcomargs.py took 0.277 seconds
[2024-07-19T10:34:03.324+0000] {processor.py:161} INFO - Started process (PID=188) to work on /home/airflow/.local/lib/python3.12/site-packages/airflow/example_dags/example_xcomargs.py
[2024-07-19T10:34:03.325+0000] {processor.py:830} INFO - Processing file /home/airflow/.local/lib/python3.12/site-packages/airflow/example_dags/example_xcomargs.py for tasks to queue
[2024-07-19T10:34:03.329+0000] {logging_mixin.py:188} INFO - [2024-07-19T10:34:03.329+0000] {dagbag.py:545} INFO - Filling up the DagBag from /home/airflow/.local/lib/python3.12/site-packages/airflow/example_dags/example_xcomargs.py
[2024-07-19T10:34:03.335+0000] {processor.py:840} INFO - DAG(s) 'example_xcom_args', 'example_xcom_args_with_operators' retrieved from /home/airflow/.local/lib/python3.12/site-packages/airflow/example_dags/example_xcomargs.py
[2024-07-19T10:34:03.360+0000] {logging_mixin.py:188} INFO - [2024-07-19T10:34:03.360+0000] {dag.py:3096} INFO - Sync 2 DAGs
[2024-07-19T10:34:03.370+0000] {logging_mixin.py:188} INFO - [2024-07-19T10:34:03.370+0000] {dag.py:3954} INFO - Setting next_dagrun for example_xcom_args to None, run_after=None
[2024-07-19T10:34:03.377+0000] {logging_mixin.py:188} INFO - [2024-07-19T10:34:03.377+0000] {dag.py:3954} INFO - Setting next_dagrun for example_xcom_args_with_operators to None, run_after=None
[2024-07-19T10:34:03.402+0000] {processor.py:183} INFO - Processing /home/airflow/.local/lib/python3.12/site-packages/airflow/example_dags/example_xcomargs.py took 0.083 seconds
[2024-07-19T10:34:33.447+0000] {processor.py:161} INFO - Started process (PID=247) to work on /home/airflow/.local/lib/python3.12/site-packages/airflow/example_dags/example_xcomargs.py
[2024-07-19T10:34:33.450+0000] {processor.py:830} INFO - Processing file /home/airflow/.local/lib/python3.12/site-packages/airflow/example_dags/example_xcomargs.py for tasks to queue
[2024-07-19T10:34:33.452+0000] {logging_mixin.py:188} INFO - [2024-07-19T10:34:33.452+0000] {dagbag.py:545} INFO - Filling up the DagBag from /home/airflow/.local/lib/python3.12/site-packages/airflow/example_dags/example_xcomargs.py
[2024-07-19T10:34:33.462+0000] {processor.py:840} INFO - DAG(s) 'example_xcom_args_with_operators', 'example_xcom_args' retrieved from /home/airflow/.local/lib/python3.12/site-packages/airflow/example_dags/example_xcomargs.py
[2024-07-19T10:34:33.480+0000] {logging_mixin.py:188} INFO - [2024-07-19T10:34:33.480+0000] {dag.py:3096} INFO - Sync 2 DAGs
[2024-07-19T10:34:33.488+0000] {logging_mixin.py:188} INFO - [2024-07-19T10:34:33.488+0000] {dag.py:3954} INFO - Setting next_dagrun for example_xcom_args to None, run_after=None
[2024-07-19T10:34:33.492+0000] {logging_mixin.py:188} INFO - [2024-07-19T10:34:33.492+0000] {dag.py:3954} INFO - Setting next_dagrun for example_xcom_args_with_operators to None, run_after=None
[2024-07-19T10:34:33.509+0000] {processor.py:183} INFO - Processing /home/airflow/.local/lib/python3.12/site-packages/airflow/example_dags/example_xcomargs.py took 0.067 seconds
[2024-07-19T10:35:41.436+0000] {processor.py:161} INFO - Started process (PID=63) to work on /home/airflow/.local/lib/python3.12/site-packages/airflow/example_dags/example_xcomargs.py
[2024-07-19T10:35:41.440+0000] {processor.py:830} INFO - Processing file /home/airflow/.local/lib/python3.12/site-packages/airflow/example_dags/example_xcomargs.py for tasks to queue
[2024-07-19T10:35:41.443+0000] {logging_mixin.py:188} INFO - [2024-07-19T10:35:41.443+0000] {dagbag.py:545} INFO - Filling up the DagBag from /home/airflow/.local/lib/python3.12/site-packages/airflow/example_dags/example_xcomargs.py
[2024-07-19T10:35:41.474+0000] {processor.py:840} INFO - DAG(s) 'example_xcom_args', 'example_xcom_args_with_operators' retrieved from /home/airflow/.local/lib/python3.12/site-packages/airflow/example_dags/example_xcomargs.py
[2024-07-19T10:35:41.491+0000] {logging_mixin.py:188} INFO - [2024-07-19T10:35:41.491+0000] {dag.py:3096} INFO - Sync 2 DAGs
[2024-07-19T10:35:41.502+0000] {logging_mixin.py:188} INFO - [2024-07-19T10:35:41.501+0000] {dag.py:3954} INFO - Setting next_dagrun for example_xcom_args to None, run_after=None
[2024-07-19T10:35:41.507+0000] {logging_mixin.py:188} INFO - [2024-07-19T10:35:41.507+0000] {dag.py:3954} INFO - Setting next_dagrun for example_xcom_args_with_operators to None, run_after=None
[2024-07-19T10:35:41.531+0000] {processor.py:183} INFO - Processing /home/airflow/.local/lib/python3.12/site-packages/airflow/example_dags/example_xcomargs.py took 0.103 seconds
[2024-07-19T10:36:11.995+0000] {processor.py:161} INFO - Started process (PID=122) to work on /home/airflow/.local/lib/python3.12/site-packages/airflow/example_dags/example_xcomargs.py
[2024-07-19T10:36:11.997+0000] {processor.py:830} INFO - Processing file /home/airflow/.local/lib/python3.12/site-packages/airflow/example_dags/example_xcomargs.py for tasks to queue
[2024-07-19T10:36:11.998+0000] {logging_mixin.py:188} INFO - [2024-07-19T10:36:11.998+0000] {dagbag.py:545} INFO - Filling up the DagBag from /home/airflow/.local/lib/python3.12/site-packages/airflow/example_dags/example_xcomargs.py
[2024-07-19T10:36:12.003+0000] {processor.py:840} INFO - DAG(s) 'example_xcom_args', 'example_xcom_args_with_operators' retrieved from /home/airflow/.local/lib/python3.12/site-packages/airflow/example_dags/example_xcomargs.py
[2024-07-19T10:36:12.066+0000] {logging_mixin.py:188} INFO - [2024-07-19T10:36:12.065+0000] {dag.py:3096} INFO - Sync 2 DAGs
[2024-07-19T10:36:12.071+0000] {logging_mixin.py:188} INFO - [2024-07-19T10:36:12.071+0000] {dag.py:3954} INFO - Setting next_dagrun for example_xcom_args to None, run_after=None
[2024-07-19T10:36:12.075+0000] {logging_mixin.py:188} INFO - [2024-07-19T10:36:12.075+0000] {dag.py:3954} INFO - Setting next_dagrun for example_xcom_args_with_operators to None, run_after=None
[2024-07-19T10:36:12.089+0000] {processor.py:183} INFO - Processing /home/airflow/.local/lib/python3.12/site-packages/airflow/example_dags/example_xcomargs.py took 0.097 seconds
[2024-07-19T10:41:22.328+0000] {processor.py:161} INFO - Started process (PID=102) to work on /home/airflow/.local/lib/python3.12/site-packages/airflow/example_dags/example_xcomargs.py
[2024-07-19T10:41:22.344+0000] {processor.py:830} INFO - Processing file /home/airflow/.local/lib/python3.12/site-packages/airflow/example_dags/example_xcomargs.py for tasks to queue
[2024-07-19T10:41:22.433+0000] {logging_mixin.py:188} INFO - [2024-07-19T10:41:22.426+0000] {dagbag.py:545} INFO - Filling up the DagBag from /home/airflow/.local/lib/python3.12/site-packages/airflow/example_dags/example_xcomargs.py
[2024-07-19T10:41:22.635+0000] {processor.py:840} INFO - DAG(s) 'example_xcom_args_with_operators', 'example_xcom_args' retrieved from /home/airflow/.local/lib/python3.12/site-packages/airflow/example_dags/example_xcomargs.py
[2024-07-19T10:41:23.225+0000] {logging_mixin.py:188} INFO - [2024-07-19T10:41:23.224+0000] {dag.py:3089} INFO - Sync 2 DAGs
[2024-07-19T10:41:23.245+0000] {logging_mixin.py:188} INFO - [2024-07-19T10:41:23.245+0000] {dag.py:3947} INFO - Setting next_dagrun for example_xcom_args to None, run_after=None
[2024-07-19T10:41:23.247+0000] {logging_mixin.py:188} INFO - [2024-07-19T10:41:23.247+0000] {dag.py:3947} INFO - Setting next_dagrun for example_xcom_args_with_operators to None, run_after=None
[2024-07-19T10:41:23.321+0000] {processor.py:183} INFO - Processing /home/airflow/.local/lib/python3.12/site-packages/airflow/example_dags/example_xcomargs.py took 1.023 seconds
[2024-07-19T10:41:55.029+0000] {processor.py:161} INFO - Started process (PID=175) to work on /home/airflow/.local/lib/python3.12/site-packages/airflow/example_dags/example_xcomargs.py
[2024-07-19T10:41:55.040+0000] {processor.py:830} INFO - Processing file /home/airflow/.local/lib/python3.12/site-packages/airflow/example_dags/example_xcomargs.py for tasks to queue
[2024-07-19T10:41:55.059+0000] {logging_mixin.py:188} INFO - [2024-07-19T10:41:55.057+0000] {dagbag.py:545} INFO - Filling up the DagBag from /home/airflow/.local/lib/python3.12/site-packages/airflow/example_dags/example_xcomargs.py
[2024-07-19T10:41:55.169+0000] {processor.py:840} INFO - DAG(s) 'example_xcom_args', 'example_xcom_args_with_operators' retrieved from /home/airflow/.local/lib/python3.12/site-packages/airflow/example_dags/example_xcomargs.py
[2024-07-19T10:41:55.541+0000] {logging_mixin.py:188} INFO - [2024-07-19T10:41:55.539+0000] {dag.py:3089} INFO - Sync 2 DAGs
[2024-07-19T10:41:55.659+0000] {logging_mixin.py:188} INFO - [2024-07-19T10:41:55.659+0000] {dag.py:3947} INFO - Setting next_dagrun for example_xcom_args to None, run_after=None
[2024-07-19T10:41:55.691+0000] {logging_mixin.py:188} INFO - [2024-07-19T10:41:55.689+0000] {dag.py:3947} INFO - Setting next_dagrun for example_xcom_args_with_operators to None, run_after=None
[2024-07-19T10:41:55.804+0000] {processor.py:183} INFO - Processing /home/airflow/.local/lib/python3.12/site-packages/airflow/example_dags/example_xcomargs.py took 0.836 seconds
[2024-07-19T10:49:31.594+0000] {processor.py:161} INFO - Started process (PID=74) to work on /home/airflow/.local/lib/python3.12/site-packages/airflow/example_dags/example_xcomargs.py
[2024-07-19T10:49:31.596+0000] {processor.py:830} INFO - Processing file /home/airflow/.local/lib/python3.12/site-packages/airflow/example_dags/example_xcomargs.py for tasks to queue
[2024-07-19T10:49:31.597+0000] {logging_mixin.py:188} INFO - [2024-07-19T10:49:31.597+0000] {dagbag.py:545} INFO - Filling up the DagBag from /home/airflow/.local/lib/python3.12/site-packages/airflow/example_dags/example_xcomargs.py
[2024-07-19T10:49:31.604+0000] {processor.py:840} INFO - DAG(s) 'example_xcom_args', 'example_xcom_args_with_operators' retrieved from /home/airflow/.local/lib/python3.12/site-packages/airflow/example_dags/example_xcomargs.py
[2024-07-19T10:49:31.634+0000] {logging_mixin.py:188} INFO - [2024-07-19T10:49:31.634+0000] {dag.py:3089} INFO - Sync 2 DAGs
[2024-07-19T10:49:31.656+0000] {logging_mixin.py:188} INFO - [2024-07-19T10:49:31.656+0000] {dag.py:3947} INFO - Setting next_dagrun for example_xcom_args to None, run_after=None
[2024-07-19T10:49:31.662+0000] {logging_mixin.py:188} INFO - [2024-07-19T10:49:31.662+0000] {dag.py:3947} INFO - Setting next_dagrun for example_xcom_args_with_operators to None, run_after=None
[2024-07-19T10:49:31.681+0000] {processor.py:183} INFO - Processing /home/airflow/.local/lib/python3.12/site-packages/airflow/example_dags/example_xcomargs.py took 0.090 seconds
[2024-07-19T10:50:01.975+0000] {processor.py:161} INFO - Started process (PID=141) to work on /home/airflow/.local/lib/python3.12/site-packages/airflow/example_dags/example_xcomargs.py
[2024-07-19T10:50:01.978+0000] {processor.py:830} INFO - Processing file /home/airflow/.local/lib/python3.12/site-packages/airflow/example_dags/example_xcomargs.py for tasks to queue
[2024-07-19T10:50:01.979+0000] {logging_mixin.py:188} INFO - [2024-07-19T10:50:01.979+0000] {dagbag.py:545} INFO - Filling up the DagBag from /home/airflow/.local/lib/python3.12/site-packages/airflow/example_dags/example_xcomargs.py
[2024-07-19T10:50:01.984+0000] {processor.py:840} INFO - DAG(s) 'example_xcom_args', 'example_xcom_args_with_operators' retrieved from /home/airflow/.local/lib/python3.12/site-packages/airflow/example_dags/example_xcomargs.py
[2024-07-19T10:50:02.000+0000] {logging_mixin.py:188} INFO - [2024-07-19T10:50:02.000+0000] {dag.py:3089} INFO - Sync 2 DAGs
[2024-07-19T10:50:02.008+0000] {logging_mixin.py:188} INFO - [2024-07-19T10:50:02.008+0000] {dag.py:3947} INFO - Setting next_dagrun for example_xcom_args to None, run_after=None
[2024-07-19T10:50:02.011+0000] {logging_mixin.py:188} INFO - [2024-07-19T10:50:02.011+0000] {dag.py:3947} INFO - Setting next_dagrun for example_xcom_args_with_operators to None, run_after=None
[2024-07-19T10:50:02.027+0000] {processor.py:183} INFO - Processing /home/airflow/.local/lib/python3.12/site-packages/airflow/example_dags/example_xcomargs.py took 0.055 seconds
