[2024-07-19T10:19:56.965+0000] {processor.py:161} INFO - Started process (PID=102) to work on /home/airflow/.local/lib/python3.12/site-packages/airflow/example_dags/example_subdag_operator.py
[2024-07-19T10:19:56.971+0000] {processor.py:830} INFO - Processing file /home/airflow/.local/lib/python3.12/site-packages/airflow/example_dags/example_subdag_operator.py for tasks to queue
[2024-07-19T10:19:56.972+0000] {logging_mixin.py:188} INFO - [2024-07-19T10:19:56.972+0000] {dagbag.py:545} INFO - Filling up the DagBag from /home/airflow/.local/lib/python3.12/site-packages/airflow/example_dags/example_subdag_operator.py
[2024-07-19T10:19:57.014+0000] {processor.py:840} INFO - DAG(s) 'example_subdag_operator.section-1', 'example_subdag_operator.section-2', 'example_subdag_operator' retrieved from /home/airflow/.local/lib/python3.12/site-packages/airflow/example_dags/example_subdag_operator.py
[2024-07-19T10:19:57.152+0000] {logging_mixin.py:188} INFO - [2024-07-19T10:19:57.151+0000] {dag.py:3096} INFO - Sync 3 DAGs
[2024-07-19T10:19:57.167+0000] {logging_mixin.py:188} INFO - [2024-07-19T10:19:57.167+0000] {dag.py:3954} INFO - Setting next_dagrun for example_subdag_operator to 2022-01-01 00:00:00+00:00, run_after=2022-01-01 00:00:00+00:00
[2024-07-19T10:19:57.173+0000] {logging_mixin.py:188} INFO - [2024-07-19T10:19:57.173+0000] {dag.py:3954} INFO - Setting next_dagrun for example_subdag_operator.section-1 to None, run_after=None
[2024-07-19T10:19:57.176+0000] {logging_mixin.py:188} INFO - [2024-07-19T10:19:57.175+0000] {dag.py:3954} INFO - Setting next_dagrun for example_subdag_operator.section-2 to None, run_after=None
[2024-07-19T10:19:57.215+0000] {logging_mixin.py:188} INFO - [2024-07-19T10:19:57.211+0000] {dag.py:3096} INFO - Sync 2 DAGs
[2024-07-19T10:19:57.237+0000] {logging_mixin.py:188} INFO - [2024-07-19T10:19:57.236+0000] {dag.py:3954} INFO - Setting next_dagrun for example_subdag_operator.section-1 to None, run_after=None
[2024-07-19T10:19:57.238+0000] {logging_mixin.py:188} INFO - [2024-07-19T10:19:57.237+0000] {dag.py:3954} INFO - Setting next_dagrun for example_subdag_operator.section-2 to None, run_after=None
[2024-07-19T10:19:57.259+0000] {processor.py:183} INFO - Processing /home/airflow/.local/lib/python3.12/site-packages/airflow/example_dags/example_subdag_operator.py took 0.297 seconds
[2024-07-19T10:20:27.999+0000] {processor.py:161} INFO - Started process (PID=161) to work on /home/airflow/.local/lib/python3.12/site-packages/airflow/example_dags/example_subdag_operator.py
[2024-07-19T10:20:27.999+0000] {processor.py:830} INFO - Processing file /home/airflow/.local/lib/python3.12/site-packages/airflow/example_dags/example_subdag_operator.py for tasks to queue
[2024-07-19T10:20:28.000+0000] {logging_mixin.py:188} INFO - [2024-07-19T10:20:28.000+0000] {dagbag.py:545} INFO - Filling up the DagBag from /home/airflow/.local/lib/python3.12/site-packages/airflow/example_dags/example_subdag_operator.py
[2024-07-19T10:20:28.016+0000] {processor.py:840} INFO - DAG(s) 'example_subdag_operator.section-1', 'example_subdag_operator.section-2', 'example_subdag_operator' retrieved from /home/airflow/.local/lib/python3.12/site-packages/airflow/example_dags/example_subdag_operator.py
[2024-07-19T10:20:28.026+0000] {logging_mixin.py:188} INFO - [2024-07-19T10:20:28.026+0000] {dag.py:3096} INFO - Sync 3 DAGs
[2024-07-19T10:20:28.036+0000] {logging_mixin.py:188} INFO - [2024-07-19T10:20:28.036+0000] {dag.py:3954} INFO - Setting next_dagrun for example_subdag_operator to 2022-01-01 00:00:00+00:00, run_after=2022-01-01 00:00:00+00:00
[2024-07-19T10:20:28.038+0000] {logging_mixin.py:188} INFO - [2024-07-19T10:20:28.038+0000] {dag.py:3954} INFO - Setting next_dagrun for example_subdag_operator.section-1 to None, run_after=None
[2024-07-19T10:20:28.039+0000] {logging_mixin.py:188} INFO - [2024-07-19T10:20:28.039+0000] {dag.py:3954} INFO - Setting next_dagrun for example_subdag_operator.section-2 to None, run_after=None
[2024-07-19T10:20:28.044+0000] {logging_mixin.py:188} INFO - [2024-07-19T10:20:28.044+0000] {dag.py:3096} INFO - Sync 2 DAGs
[2024-07-19T10:20:28.050+0000] {logging_mixin.py:188} INFO - [2024-07-19T10:20:28.049+0000] {dag.py:3954} INFO - Setting next_dagrun for example_subdag_operator.section-1 to None, run_after=None
[2024-07-19T10:20:28.050+0000] {logging_mixin.py:188} INFO - [2024-07-19T10:20:28.050+0000] {dag.py:3954} INFO - Setting next_dagrun for example_subdag_operator.section-2 to None, run_after=None
[2024-07-19T10:20:28.057+0000] {processor.py:183} INFO - Processing /home/airflow/.local/lib/python3.12/site-packages/airflow/example_dags/example_subdag_operator.py took 0.061 seconds
[2024-07-19T10:20:58.094+0000] {processor.py:161} INFO - Started process (PID=220) to work on /home/airflow/.local/lib/python3.12/site-packages/airflow/example_dags/example_subdag_operator.py
[2024-07-19T10:20:58.095+0000] {processor.py:830} INFO - Processing file /home/airflow/.local/lib/python3.12/site-packages/airflow/example_dags/example_subdag_operator.py for tasks to queue
[2024-07-19T10:20:58.096+0000] {logging_mixin.py:188} INFO - [2024-07-19T10:20:58.095+0000] {dagbag.py:545} INFO - Filling up the DagBag from /home/airflow/.local/lib/python3.12/site-packages/airflow/example_dags/example_subdag_operator.py
[2024-07-19T10:20:58.107+0000] {processor.py:840} INFO - DAG(s) 'example_subdag_operator.section-1', 'example_subdag_operator.section-2', 'example_subdag_operator' retrieved from /home/airflow/.local/lib/python3.12/site-packages/airflow/example_dags/example_subdag_operator.py
[2024-07-19T10:20:58.113+0000] {logging_mixin.py:188} INFO - [2024-07-19T10:20:58.113+0000] {dag.py:3096} INFO - Sync 3 DAGs
[2024-07-19T10:20:58.122+0000] {logging_mixin.py:188} INFO - [2024-07-19T10:20:58.122+0000] {dag.py:3954} INFO - Setting next_dagrun for example_subdag_operator to 2022-01-01 00:00:00+00:00, run_after=2022-01-01 00:00:00+00:00
[2024-07-19T10:20:58.124+0000] {logging_mixin.py:188} INFO - [2024-07-19T10:20:58.123+0000] {dag.py:3954} INFO - Setting next_dagrun for example_subdag_operator.section-1 to None, run_after=None
[2024-07-19T10:20:58.124+0000] {logging_mixin.py:188} INFO - [2024-07-19T10:20:58.124+0000] {dag.py:3954} INFO - Setting next_dagrun for example_subdag_operator.section-2 to None, run_after=None
[2024-07-19T10:20:58.127+0000] {logging_mixin.py:188} INFO - [2024-07-19T10:20:58.127+0000] {dag.py:3096} INFO - Sync 2 DAGs
[2024-07-19T10:20:58.129+0000] {logging_mixin.py:188} INFO - [2024-07-19T10:20:58.129+0000] {dag.py:3954} INFO - Setting next_dagrun for example_subdag_operator.section-1 to None, run_after=None
[2024-07-19T10:20:58.129+0000] {logging_mixin.py:188} INFO - [2024-07-19T10:20:58.129+0000] {dag.py:3954} INFO - Setting next_dagrun for example_subdag_operator.section-2 to None, run_after=None
[2024-07-19T10:20:58.133+0000] {processor.py:183} INFO - Processing /home/airflow/.local/lib/python3.12/site-packages/airflow/example_dags/example_subdag_operator.py took 0.042 seconds
[2024-07-19T10:21:28.268+0000] {processor.py:161} INFO - Started process (PID=279) to work on /home/airflow/.local/lib/python3.12/site-packages/airflow/example_dags/example_subdag_operator.py
[2024-07-19T10:21:28.269+0000] {processor.py:830} INFO - Processing file /home/airflow/.local/lib/python3.12/site-packages/airflow/example_dags/example_subdag_operator.py for tasks to queue
[2024-07-19T10:21:28.270+0000] {logging_mixin.py:188} INFO - [2024-07-19T10:21:28.270+0000] {dagbag.py:545} INFO - Filling up the DagBag from /home/airflow/.local/lib/python3.12/site-packages/airflow/example_dags/example_subdag_operator.py
[2024-07-19T10:21:28.285+0000] {processor.py:840} INFO - DAG(s) 'example_subdag_operator.section-1', 'example_subdag_operator.section-2', 'example_subdag_operator' retrieved from /home/airflow/.local/lib/python3.12/site-packages/airflow/example_dags/example_subdag_operator.py
[2024-07-19T10:21:28.292+0000] {logging_mixin.py:188} INFO - [2024-07-19T10:21:28.292+0000] {dag.py:3096} INFO - Sync 3 DAGs
[2024-07-19T10:21:28.302+0000] {logging_mixin.py:188} INFO - [2024-07-19T10:21:28.302+0000] {dag.py:3954} INFO - Setting next_dagrun for example_subdag_operator to 2022-01-01 00:00:00+00:00, run_after=2022-01-01 00:00:00+00:00
[2024-07-19T10:21:28.304+0000] {logging_mixin.py:188} INFO - [2024-07-19T10:21:28.304+0000] {dag.py:3954} INFO - Setting next_dagrun for example_subdag_operator.section-1 to None, run_after=None
[2024-07-19T10:21:28.305+0000] {logging_mixin.py:188} INFO - [2024-07-19T10:21:28.305+0000] {dag.py:3954} INFO - Setting next_dagrun for example_subdag_operator.section-2 to None, run_after=None
[2024-07-19T10:21:28.309+0000] {logging_mixin.py:188} INFO - [2024-07-19T10:21:28.309+0000] {dag.py:3096} INFO - Sync 2 DAGs
[2024-07-19T10:21:28.312+0000] {logging_mixin.py:188} INFO - [2024-07-19T10:21:28.312+0000] {dag.py:3954} INFO - Setting next_dagrun for example_subdag_operator.section-1 to None, run_after=None
[2024-07-19T10:21:28.312+0000] {logging_mixin.py:188} INFO - [2024-07-19T10:21:28.312+0000] {dag.py:3954} INFO - Setting next_dagrun for example_subdag_operator.section-2 to None, run_after=None
[2024-07-19T10:21:28.317+0000] {processor.py:183} INFO - Processing /home/airflow/.local/lib/python3.12/site-packages/airflow/example_dags/example_subdag_operator.py took 0.053 seconds
[2024-07-19T10:21:58.546+0000] {processor.py:161} INFO - Started process (PID=338) to work on /home/airflow/.local/lib/python3.12/site-packages/airflow/example_dags/example_subdag_operator.py
[2024-07-19T10:21:58.548+0000] {processor.py:830} INFO - Processing file /home/airflow/.local/lib/python3.12/site-packages/airflow/example_dags/example_subdag_operator.py for tasks to queue
[2024-07-19T10:21:58.549+0000] {logging_mixin.py:188} INFO - [2024-07-19T10:21:58.549+0000] {dagbag.py:545} INFO - Filling up the DagBag from /home/airflow/.local/lib/python3.12/site-packages/airflow/example_dags/example_subdag_operator.py
[2024-07-19T10:21:58.566+0000] {processor.py:840} INFO - DAG(s) 'example_subdag_operator.section-1', 'example_subdag_operator.section-2', 'example_subdag_operator' retrieved from /home/airflow/.local/lib/python3.12/site-packages/airflow/example_dags/example_subdag_operator.py
[2024-07-19T10:21:58.575+0000] {logging_mixin.py:188} INFO - [2024-07-19T10:21:58.574+0000] {dag.py:3096} INFO - Sync 3 DAGs
[2024-07-19T10:21:58.587+0000] {logging_mixin.py:188} INFO - [2024-07-19T10:21:58.587+0000] {dag.py:3954} INFO - Setting next_dagrun for example_subdag_operator to 2022-01-01 00:00:00+00:00, run_after=2022-01-01 00:00:00+00:00
[2024-07-19T10:21:58.589+0000] {logging_mixin.py:188} INFO - [2024-07-19T10:21:58.588+0000] {dag.py:3954} INFO - Setting next_dagrun for example_subdag_operator.section-1 to None, run_after=None
[2024-07-19T10:21:58.589+0000] {logging_mixin.py:188} INFO - [2024-07-19T10:21:58.589+0000] {dag.py:3954} INFO - Setting next_dagrun for example_subdag_operator.section-2 to None, run_after=None
[2024-07-19T10:21:58.593+0000] {logging_mixin.py:188} INFO - [2024-07-19T10:21:58.593+0000] {dag.py:3096} INFO - Sync 2 DAGs
[2024-07-19T10:21:58.595+0000] {logging_mixin.py:188} INFO - [2024-07-19T10:21:58.595+0000] {dag.py:3954} INFO - Setting next_dagrun for example_subdag_operator.section-1 to None, run_after=None
[2024-07-19T10:21:58.595+0000] {logging_mixin.py:188} INFO - [2024-07-19T10:21:58.595+0000] {dag.py:3954} INFO - Setting next_dagrun for example_subdag_operator.section-2 to None, run_after=None
[2024-07-19T10:21:58.600+0000] {processor.py:183} INFO - Processing /home/airflow/.local/lib/python3.12/site-packages/airflow/example_dags/example_subdag_operator.py took 0.056 seconds
[2024-07-19T10:22:29.128+0000] {processor.py:161} INFO - Started process (PID=396) to work on /home/airflow/.local/lib/python3.12/site-packages/airflow/example_dags/example_subdag_operator.py
[2024-07-19T10:22:29.130+0000] {processor.py:830} INFO - Processing file /home/airflow/.local/lib/python3.12/site-packages/airflow/example_dags/example_subdag_operator.py for tasks to queue
[2024-07-19T10:22:29.131+0000] {logging_mixin.py:188} INFO - [2024-07-19T10:22:29.131+0000] {dagbag.py:545} INFO - Filling up the DagBag from /home/airflow/.local/lib/python3.12/site-packages/airflow/example_dags/example_subdag_operator.py
[2024-07-19T10:22:29.144+0000] {processor.py:840} INFO - DAG(s) 'example_subdag_operator.section-1', 'example_subdag_operator.section-2', 'example_subdag_operator' retrieved from /home/airflow/.local/lib/python3.12/site-packages/airflow/example_dags/example_subdag_operator.py
[2024-07-19T10:22:29.152+0000] {logging_mixin.py:188} INFO - [2024-07-19T10:22:29.152+0000] {dag.py:3096} INFO - Sync 3 DAGs
[2024-07-19T10:22:29.165+0000] {logging_mixin.py:188} INFO - [2024-07-19T10:22:29.164+0000] {dag.py:3954} INFO - Setting next_dagrun for example_subdag_operator to 2022-01-01 00:00:00+00:00, run_after=2022-01-01 00:00:00+00:00
[2024-07-19T10:22:29.169+0000] {logging_mixin.py:188} INFO - [2024-07-19T10:22:29.169+0000] {dag.py:3954} INFO - Setting next_dagrun for example_subdag_operator.section-1 to None, run_after=None
[2024-07-19T10:22:29.171+0000] {logging_mixin.py:188} INFO - [2024-07-19T10:22:29.171+0000] {dag.py:3954} INFO - Setting next_dagrun for example_subdag_operator.section-2 to None, run_after=None
[2024-07-19T10:22:29.177+0000] {logging_mixin.py:188} INFO - [2024-07-19T10:22:29.177+0000] {dag.py:3096} INFO - Sync 2 DAGs
[2024-07-19T10:22:29.182+0000] {logging_mixin.py:188} INFO - [2024-07-19T10:22:29.181+0000] {dag.py:3954} INFO - Setting next_dagrun for example_subdag_operator.section-1 to None, run_after=None
[2024-07-19T10:22:29.183+0000] {logging_mixin.py:188} INFO - [2024-07-19T10:22:29.183+0000] {dag.py:3954} INFO - Setting next_dagrun for example_subdag_operator.section-2 to None, run_after=None
[2024-07-19T10:22:29.192+0000] {processor.py:183} INFO - Processing /home/airflow/.local/lib/python3.12/site-packages/airflow/example_dags/example_subdag_operator.py took 0.067 seconds
[2024-07-19T10:28:19.028+0000] {processor.py:161} INFO - Started process (PID=79) to work on /home/airflow/.local/lib/python3.12/site-packages/airflow/example_dags/example_subdag_operator.py
[2024-07-19T10:28:19.030+0000] {processor.py:830} INFO - Processing file /home/airflow/.local/lib/python3.12/site-packages/airflow/example_dags/example_subdag_operator.py for tasks to queue
[2024-07-19T10:28:19.033+0000] {logging_mixin.py:188} INFO - [2024-07-19T10:28:19.033+0000] {dagbag.py:545} INFO - Filling up the DagBag from /home/airflow/.local/lib/python3.12/site-packages/airflow/example_dags/example_subdag_operator.py
[2024-07-19T10:28:19.072+0000] {processor.py:840} INFO - DAG(s) 'example_subdag_operator.section-1', 'example_subdag_operator.section-2', 'example_subdag_operator' retrieved from /home/airflow/.local/lib/python3.12/site-packages/airflow/example_dags/example_subdag_operator.py
[2024-07-19T10:28:19.086+0000] {logging_mixin.py:188} INFO - [2024-07-19T10:28:19.086+0000] {dag.py:3096} INFO - Sync 3 DAGs
[2024-07-19T10:28:19.101+0000] {logging_mixin.py:188} INFO - [2024-07-19T10:28:19.101+0000] {dag.py:3954} INFO - Setting next_dagrun for example_subdag_operator to 2022-01-01 00:00:00+00:00, run_after=2022-01-01 00:00:00+00:00
[2024-07-19T10:28:19.104+0000] {logging_mixin.py:188} INFO - [2024-07-19T10:28:19.104+0000] {dag.py:3954} INFO - Setting next_dagrun for example_subdag_operator.section-1 to None, run_after=None
[2024-07-19T10:28:19.105+0000] {logging_mixin.py:188} INFO - [2024-07-19T10:28:19.105+0000] {dag.py:3954} INFO - Setting next_dagrun for example_subdag_operator.section-2 to None, run_after=None
[2024-07-19T10:28:19.110+0000] {logging_mixin.py:188} INFO - [2024-07-19T10:28:19.110+0000] {dag.py:3096} INFO - Sync 2 DAGs
[2024-07-19T10:28:19.114+0000] {logging_mixin.py:188} INFO - [2024-07-19T10:28:19.113+0000] {dag.py:3954} INFO - Setting next_dagrun for example_subdag_operator.section-1 to None, run_after=None
[2024-07-19T10:28:19.114+0000] {logging_mixin.py:188} INFO - [2024-07-19T10:28:19.114+0000] {dag.py:3954} INFO - Setting next_dagrun for example_subdag_operator.section-2 to None, run_after=None
[2024-07-19T10:28:19.120+0000] {processor.py:183} INFO - Processing /home/airflow/.local/lib/python3.12/site-packages/airflow/example_dags/example_subdag_operator.py took 0.105 seconds
[2024-07-19T10:28:49.646+0000] {processor.py:161} INFO - Started process (PID=138) to work on /home/airflow/.local/lib/python3.12/site-packages/airflow/example_dags/example_subdag_operator.py
[2024-07-19T10:28:49.649+0000] {processor.py:830} INFO - Processing file /home/airflow/.local/lib/python3.12/site-packages/airflow/example_dags/example_subdag_operator.py for tasks to queue
[2024-07-19T10:28:49.650+0000] {logging_mixin.py:188} INFO - [2024-07-19T10:28:49.650+0000] {dagbag.py:545} INFO - Filling up the DagBag from /home/airflow/.local/lib/python3.12/site-packages/airflow/example_dags/example_subdag_operator.py
[2024-07-19T10:28:49.667+0000] {processor.py:840} INFO - DAG(s) 'example_subdag_operator.section-1', 'example_subdag_operator.section-2', 'example_subdag_operator' retrieved from /home/airflow/.local/lib/python3.12/site-packages/airflow/example_dags/example_subdag_operator.py
[2024-07-19T10:28:49.675+0000] {logging_mixin.py:188} INFO - [2024-07-19T10:28:49.675+0000] {dag.py:3096} INFO - Sync 3 DAGs
[2024-07-19T10:28:49.684+0000] {logging_mixin.py:188} INFO - [2024-07-19T10:28:49.684+0000] {dag.py:3954} INFO - Setting next_dagrun for example_subdag_operator to 2022-01-01 00:00:00+00:00, run_after=2022-01-01 00:00:00+00:00
[2024-07-19T10:28:49.686+0000] {logging_mixin.py:188} INFO - [2024-07-19T10:28:49.686+0000] {dag.py:3954} INFO - Setting next_dagrun for example_subdag_operator.section-1 to None, run_after=None
[2024-07-19T10:28:49.687+0000] {logging_mixin.py:188} INFO - [2024-07-19T10:28:49.687+0000] {dag.py:3954} INFO - Setting next_dagrun for example_subdag_operator.section-2 to None, run_after=None
[2024-07-19T10:28:49.693+0000] {logging_mixin.py:188} INFO - [2024-07-19T10:28:49.693+0000] {dag.py:3096} INFO - Sync 2 DAGs
[2024-07-19T10:28:49.697+0000] {logging_mixin.py:188} INFO - [2024-07-19T10:28:49.697+0000] {dag.py:3954} INFO - Setting next_dagrun for example_subdag_operator.section-1 to None, run_after=None
[2024-07-19T10:28:49.698+0000] {logging_mixin.py:188} INFO - [2024-07-19T10:28:49.698+0000] {dag.py:3954} INFO - Setting next_dagrun for example_subdag_operator.section-2 to None, run_after=None
[2024-07-19T10:28:49.708+0000] {processor.py:183} INFO - Processing /home/airflow/.local/lib/python3.12/site-packages/airflow/example_dags/example_subdag_operator.py took 0.065 seconds
[2024-07-19T10:33:03.694+0000] {processor.py:161} INFO - Started process (PID=85) to work on /home/airflow/.local/lib/python3.12/site-packages/airflow/example_dags/example_subdag_operator.py
[2024-07-19T10:33:03.696+0000] {processor.py:830} INFO - Processing file /home/airflow/.local/lib/python3.12/site-packages/airflow/example_dags/example_subdag_operator.py for tasks to queue
[2024-07-19T10:33:03.712+0000] {logging_mixin.py:188} INFO - [2024-07-19T10:33:03.710+0000] {dagbag.py:545} INFO - Filling up the DagBag from /home/airflow/.local/lib/python3.12/site-packages/airflow/example_dags/example_subdag_operator.py
[2024-07-19T10:33:03.751+0000] {processor.py:840} INFO - DAG(s) 'example_subdag_operator.section-1', 'example_subdag_operator.section-2', 'example_subdag_operator' retrieved from /home/airflow/.local/lib/python3.12/site-packages/airflow/example_dags/example_subdag_operator.py
[2024-07-19T10:33:03.761+0000] {logging_mixin.py:188} INFO - [2024-07-19T10:33:03.760+0000] {dag.py:3096} INFO - Sync 3 DAGs
[2024-07-19T10:33:03.816+0000] {logging_mixin.py:188} INFO - [2024-07-19T10:33:03.815+0000] {dag.py:3954} INFO - Setting next_dagrun for example_subdag_operator to 2022-01-01 00:00:00+00:00, run_after=2022-01-01 00:00:00+00:00
[2024-07-19T10:33:03.825+0000] {logging_mixin.py:188} INFO - [2024-07-19T10:33:03.825+0000] {dag.py:3954} INFO - Setting next_dagrun for example_subdag_operator.section-1 to None, run_after=None
[2024-07-19T10:33:03.827+0000] {logging_mixin.py:188} INFO - [2024-07-19T10:33:03.827+0000] {dag.py:3954} INFO - Setting next_dagrun for example_subdag_operator.section-2 to None, run_after=None
[2024-07-19T10:33:03.849+0000] {logging_mixin.py:188} INFO - [2024-07-19T10:33:03.848+0000] {dag.py:3096} INFO - Sync 2 DAGs
[2024-07-19T10:33:03.855+0000] {logging_mixin.py:188} INFO - [2024-07-19T10:33:03.854+0000] {dag.py:3954} INFO - Setting next_dagrun for example_subdag_operator.section-1 to None, run_after=None
[2024-07-19T10:33:03.855+0000] {logging_mixin.py:188} INFO - [2024-07-19T10:33:03.855+0000] {dag.py:3954} INFO - Setting next_dagrun for example_subdag_operator.section-2 to None, run_after=None
[2024-07-19T10:33:03.864+0000] {processor.py:183} INFO - Processing /home/airflow/.local/lib/python3.12/site-packages/airflow/example_dags/example_subdag_operator.py took 0.192 seconds
[2024-07-19T10:33:34.932+0000] {processor.py:161} INFO - Started process (PID=144) to work on /home/airflow/.local/lib/python3.12/site-packages/airflow/example_dags/example_subdag_operator.py
[2024-07-19T10:33:34.934+0000] {processor.py:830} INFO - Processing file /home/airflow/.local/lib/python3.12/site-packages/airflow/example_dags/example_subdag_operator.py for tasks to queue
[2024-07-19T10:33:34.937+0000] {logging_mixin.py:188} INFO - [2024-07-19T10:33:34.936+0000] {dagbag.py:545} INFO - Filling up the DagBag from /home/airflow/.local/lib/python3.12/site-packages/airflow/example_dags/example_subdag_operator.py
[2024-07-19T10:33:35.003+0000] {processor.py:840} INFO - DAG(s) 'example_subdag_operator.section-1', 'example_subdag_operator.section-2', 'example_subdag_operator' retrieved from /home/airflow/.local/lib/python3.12/site-packages/airflow/example_dags/example_subdag_operator.py
[2024-07-19T10:33:35.087+0000] {logging_mixin.py:188} INFO - [2024-07-19T10:33:35.087+0000] {dag.py:3096} INFO - Sync 3 DAGs
[2024-07-19T10:33:35.109+0000] {logging_mixin.py:188} INFO - [2024-07-19T10:33:35.107+0000] {dag.py:3954} INFO - Setting next_dagrun for example_subdag_operator to 2022-01-01 00:00:00+00:00, run_after=2022-01-01 00:00:00+00:00
[2024-07-19T10:33:35.111+0000] {logging_mixin.py:188} INFO - [2024-07-19T10:33:35.111+0000] {dag.py:3954} INFO - Setting next_dagrun for example_subdag_operator.section-1 to None, run_after=None
[2024-07-19T10:33:35.112+0000] {logging_mixin.py:188} INFO - [2024-07-19T10:33:35.112+0000] {dag.py:3954} INFO - Setting next_dagrun for example_subdag_operator.section-2 to None, run_after=None
[2024-07-19T10:33:35.127+0000] {logging_mixin.py:188} INFO - [2024-07-19T10:33:35.127+0000] {dag.py:3096} INFO - Sync 2 DAGs
[2024-07-19T10:33:35.130+0000] {logging_mixin.py:188} INFO - [2024-07-19T10:33:35.130+0000] {dag.py:3954} INFO - Setting next_dagrun for example_subdag_operator.section-1 to None, run_after=None
[2024-07-19T10:33:35.131+0000] {logging_mixin.py:188} INFO - [2024-07-19T10:33:35.131+0000] {dag.py:3954} INFO - Setting next_dagrun for example_subdag_operator.section-2 to None, run_after=None
[2024-07-19T10:33:35.138+0000] {processor.py:183} INFO - Processing /home/airflow/.local/lib/python3.12/site-packages/airflow/example_dags/example_subdag_operator.py took 0.215 seconds
[2024-07-19T10:34:05.517+0000] {processor.py:161} INFO - Started process (PID=203) to work on /home/airflow/.local/lib/python3.12/site-packages/airflow/example_dags/example_subdag_operator.py
[2024-07-19T10:34:05.525+0000] {processor.py:830} INFO - Processing file /home/airflow/.local/lib/python3.12/site-packages/airflow/example_dags/example_subdag_operator.py for tasks to queue
[2024-07-19T10:34:05.542+0000] {logging_mixin.py:188} INFO - [2024-07-19T10:34:05.541+0000] {dagbag.py:545} INFO - Filling up the DagBag from /home/airflow/.local/lib/python3.12/site-packages/airflow/example_dags/example_subdag_operator.py
[2024-07-19T10:34:05.600+0000] {processor.py:840} INFO - DAG(s) 'example_subdag_operator.section-1', 'example_subdag_operator.section-2', 'example_subdag_operator' retrieved from /home/airflow/.local/lib/python3.12/site-packages/airflow/example_dags/example_subdag_operator.py
[2024-07-19T10:34:05.624+0000] {logging_mixin.py:188} INFO - [2024-07-19T10:34:05.623+0000] {dag.py:3096} INFO - Sync 3 DAGs
[2024-07-19T10:34:05.664+0000] {logging_mixin.py:188} INFO - [2024-07-19T10:34:05.663+0000] {dag.py:3954} INFO - Setting next_dagrun for example_subdag_operator to 2022-01-01 00:00:00+00:00, run_after=2022-01-01 00:00:00+00:00
[2024-07-19T10:34:05.668+0000] {logging_mixin.py:188} INFO - [2024-07-19T10:34:05.668+0000] {dag.py:3954} INFO - Setting next_dagrun for example_subdag_operator.section-1 to None, run_after=None
[2024-07-19T10:34:05.673+0000] {logging_mixin.py:188} INFO - [2024-07-19T10:34:05.673+0000] {dag.py:3954} INFO - Setting next_dagrun for example_subdag_operator.section-2 to None, run_after=None
[2024-07-19T10:34:05.693+0000] {logging_mixin.py:188} INFO - [2024-07-19T10:34:05.693+0000] {dag.py:3096} INFO - Sync 2 DAGs
[2024-07-19T10:34:05.711+0000] {logging_mixin.py:188} INFO - [2024-07-19T10:34:05.711+0000] {dag.py:3954} INFO - Setting next_dagrun for example_subdag_operator.section-1 to None, run_after=None
[2024-07-19T10:34:05.714+0000] {logging_mixin.py:188} INFO - [2024-07-19T10:34:05.714+0000] {dag.py:3954} INFO - Setting next_dagrun for example_subdag_operator.section-2 to None, run_after=None
[2024-07-19T10:34:05.750+0000] {processor.py:183} INFO - Processing /home/airflow/.local/lib/python3.12/site-packages/airflow/example_dags/example_subdag_operator.py took 0.256 seconds
[2024-07-19T10:34:36.235+0000] {processor.py:161} INFO - Started process (PID=262) to work on /home/airflow/.local/lib/python3.12/site-packages/airflow/example_dags/example_subdag_operator.py
[2024-07-19T10:34:36.238+0000] {processor.py:830} INFO - Processing file /home/airflow/.local/lib/python3.12/site-packages/airflow/example_dags/example_subdag_operator.py for tasks to queue
[2024-07-19T10:34:36.241+0000] {logging_mixin.py:188} INFO - [2024-07-19T10:34:36.241+0000] {dagbag.py:545} INFO - Filling up the DagBag from /home/airflow/.local/lib/python3.12/site-packages/airflow/example_dags/example_subdag_operator.py
[2024-07-19T10:34:36.282+0000] {processor.py:840} INFO - DAG(s) 'example_subdag_operator.section-1', 'example_subdag_operator.section-2', 'example_subdag_operator' retrieved from /home/airflow/.local/lib/python3.12/site-packages/airflow/example_dags/example_subdag_operator.py
[2024-07-19T10:34:36.293+0000] {logging_mixin.py:188} INFO - [2024-07-19T10:34:36.293+0000] {dag.py:3096} INFO - Sync 3 DAGs
[2024-07-19T10:34:36.310+0000] {logging_mixin.py:188} INFO - [2024-07-19T10:34:36.310+0000] {dag.py:3954} INFO - Setting next_dagrun for example_subdag_operator to 2022-01-01 00:00:00+00:00, run_after=2022-01-01 00:00:00+00:00
[2024-07-19T10:34:36.316+0000] {logging_mixin.py:188} INFO - [2024-07-19T10:34:36.316+0000] {dag.py:3954} INFO - Setting next_dagrun for example_subdag_operator.section-1 to None, run_after=None
[2024-07-19T10:34:36.319+0000] {logging_mixin.py:188} INFO - [2024-07-19T10:34:36.319+0000] {dag.py:3954} INFO - Setting next_dagrun for example_subdag_operator.section-2 to None, run_after=None
[2024-07-19T10:34:36.326+0000] {logging_mixin.py:188} INFO - [2024-07-19T10:34:36.326+0000] {dag.py:3096} INFO - Sync 2 DAGs
[2024-07-19T10:34:36.335+0000] {logging_mixin.py:188} INFO - [2024-07-19T10:34:36.335+0000] {dag.py:3954} INFO - Setting next_dagrun for example_subdag_operator.section-1 to None, run_after=None
[2024-07-19T10:34:36.341+0000] {logging_mixin.py:188} INFO - [2024-07-19T10:34:36.340+0000] {dag.py:3954} INFO - Setting next_dagrun for example_subdag_operator.section-2 to None, run_after=None
[2024-07-19T10:34:36.361+0000] {processor.py:183} INFO - Processing /home/airflow/.local/lib/python3.12/site-packages/airflow/example_dags/example_subdag_operator.py took 0.133 seconds
[2024-07-19T10:35:42.375+0000] {processor.py:161} INFO - Started process (PID=78) to work on /home/airflow/.local/lib/python3.12/site-packages/airflow/example_dags/example_subdag_operator.py
[2024-07-19T10:35:42.379+0000] {processor.py:830} INFO - Processing file /home/airflow/.local/lib/python3.12/site-packages/airflow/example_dags/example_subdag_operator.py for tasks to queue
[2024-07-19T10:35:42.381+0000] {logging_mixin.py:188} INFO - [2024-07-19T10:35:42.381+0000] {dagbag.py:545} INFO - Filling up the DagBag from /home/airflow/.local/lib/python3.12/site-packages/airflow/example_dags/example_subdag_operator.py
[2024-07-19T10:35:42.402+0000] {processor.py:840} INFO - DAG(s) 'example_subdag_operator.section-1', 'example_subdag_operator.section-2', 'example_subdag_operator' retrieved from /home/airflow/.local/lib/python3.12/site-packages/airflow/example_dags/example_subdag_operator.py
[2024-07-19T10:35:42.423+0000] {logging_mixin.py:188} INFO - [2024-07-19T10:35:42.419+0000] {dag.py:3096} INFO - Sync 3 DAGs
[2024-07-19T10:35:42.483+0000] {logging_mixin.py:188} INFO - [2024-07-19T10:35:42.483+0000] {dag.py:3954} INFO - Setting next_dagrun for example_subdag_operator to 2022-01-01 00:00:00+00:00, run_after=2022-01-01 00:00:00+00:00
[2024-07-19T10:35:42.488+0000] {logging_mixin.py:188} INFO - [2024-07-19T10:35:42.488+0000] {dag.py:3954} INFO - Setting next_dagrun for example_subdag_operator.section-1 to None, run_after=None
[2024-07-19T10:35:42.491+0000] {logging_mixin.py:188} INFO - [2024-07-19T10:35:42.490+0000] {dag.py:3954} INFO - Setting next_dagrun for example_subdag_operator.section-2 to None, run_after=None
[2024-07-19T10:35:42.531+0000] {logging_mixin.py:188} INFO - [2024-07-19T10:35:42.531+0000] {dag.py:3096} INFO - Sync 2 DAGs
[2024-07-19T10:35:42.540+0000] {logging_mixin.py:188} INFO - [2024-07-19T10:35:42.539+0000] {dag.py:3954} INFO - Setting next_dagrun for example_subdag_operator.section-1 to None, run_after=None
[2024-07-19T10:35:42.545+0000] {logging_mixin.py:188} INFO - [2024-07-19T10:35:42.545+0000] {dag.py:3954} INFO - Setting next_dagrun for example_subdag_operator.section-2 to None, run_after=None
[2024-07-19T10:35:42.583+0000] {processor.py:183} INFO - Processing /home/airflow/.local/lib/python3.12/site-packages/airflow/example_dags/example_subdag_operator.py took 0.215 seconds
[2024-07-19T10:36:12.662+0000] {processor.py:161} INFO - Started process (PID=137) to work on /home/airflow/.local/lib/python3.12/site-packages/airflow/example_dags/example_subdag_operator.py
[2024-07-19T10:36:12.667+0000] {processor.py:830} INFO - Processing file /home/airflow/.local/lib/python3.12/site-packages/airflow/example_dags/example_subdag_operator.py for tasks to queue
[2024-07-19T10:36:12.668+0000] {logging_mixin.py:188} INFO - [2024-07-19T10:36:12.668+0000] {dagbag.py:545} INFO - Filling up the DagBag from /home/airflow/.local/lib/python3.12/site-packages/airflow/example_dags/example_subdag_operator.py
[2024-07-19T10:36:12.680+0000] {processor.py:840} INFO - DAG(s) 'example_subdag_operator.section-1', 'example_subdag_operator.section-2', 'example_subdag_operator' retrieved from /home/airflow/.local/lib/python3.12/site-packages/airflow/example_dags/example_subdag_operator.py
[2024-07-19T10:36:12.727+0000] {logging_mixin.py:188} INFO - [2024-07-19T10:36:12.727+0000] {dag.py:3096} INFO - Sync 3 DAGs
[2024-07-19T10:36:12.737+0000] {logging_mixin.py:188} INFO - [2024-07-19T10:36:12.737+0000] {dag.py:3954} INFO - Setting next_dagrun for example_subdag_operator to 2022-01-01 00:00:00+00:00, run_after=2022-01-01 00:00:00+00:00
[2024-07-19T10:36:12.739+0000] {logging_mixin.py:188} INFO - [2024-07-19T10:36:12.739+0000] {dag.py:3954} INFO - Setting next_dagrun for example_subdag_operator.section-1 to None, run_after=None
[2024-07-19T10:36:12.740+0000] {logging_mixin.py:188} INFO - [2024-07-19T10:36:12.740+0000] {dag.py:3954} INFO - Setting next_dagrun for example_subdag_operator.section-2 to None, run_after=None
[2024-07-19T10:36:12.749+0000] {logging_mixin.py:188} INFO - [2024-07-19T10:36:12.749+0000] {dag.py:3096} INFO - Sync 2 DAGs
[2024-07-19T10:36:12.754+0000] {logging_mixin.py:188} INFO - [2024-07-19T10:36:12.754+0000] {dag.py:3954} INFO - Setting next_dagrun for example_subdag_operator.section-1 to None, run_after=None
[2024-07-19T10:36:12.755+0000] {logging_mixin.py:188} INFO - [2024-07-19T10:36:12.755+0000] {dag.py:3954} INFO - Setting next_dagrun for example_subdag_operator.section-2 to None, run_after=None
[2024-07-19T10:36:12.767+0000] {processor.py:183} INFO - Processing /home/airflow/.local/lib/python3.12/site-packages/airflow/example_dags/example_subdag_operator.py took 0.108 seconds
[2024-07-19T10:41:31.000+0000] {processor.py:161} INFO - Started process (PID=123) to work on /home/airflow/.local/lib/python3.12/site-packages/airflow/example_dags/example_subdag_operator.py
[2024-07-19T10:41:31.003+0000] {processor.py:830} INFO - Processing file /home/airflow/.local/lib/python3.12/site-packages/airflow/example_dags/example_subdag_operator.py for tasks to queue
[2024-07-19T10:41:31.005+0000] {logging_mixin.py:188} INFO - [2024-07-19T10:41:31.005+0000] {dagbag.py:545} INFO - Filling up the DagBag from /home/airflow/.local/lib/python3.12/site-packages/airflow/example_dags/example_subdag_operator.py
[2024-07-19T10:41:31.042+0000] {processor.py:840} INFO - DAG(s) 'example_subdag_operator.section-1', 'example_subdag_operator.section-2', 'example_subdag_operator' retrieved from /home/airflow/.local/lib/python3.12/site-packages/airflow/example_dags/example_subdag_operator.py
[2024-07-19T10:41:31.244+0000] {logging_mixin.py:188} INFO - [2024-07-19T10:41:31.243+0000] {dag.py:3089} INFO - Sync 3 DAGs
[2024-07-19T10:41:31.297+0000] {logging_mixin.py:188} INFO - [2024-07-19T10:41:31.296+0000] {dag.py:3947} INFO - Setting next_dagrun for example_subdag_operator to 2022-01-01 00:00:00+00:00, run_after=2022-01-01 00:00:00+00:00
[2024-07-19T10:41:31.301+0000] {logging_mixin.py:188} INFO - [2024-07-19T10:41:31.301+0000] {dag.py:3947} INFO - Setting next_dagrun for example_subdag_operator.section-1 to None, run_after=None
[2024-07-19T10:41:31.302+0000] {logging_mixin.py:188} INFO - [2024-07-19T10:41:31.302+0000] {dag.py:3947} INFO - Setting next_dagrun for example_subdag_operator.section-2 to None, run_after=None
[2024-07-19T10:41:31.370+0000] {logging_mixin.py:188} INFO - [2024-07-19T10:41:31.370+0000] {dag.py:3089} INFO - Sync 2 DAGs
[2024-07-19T10:41:31.376+0000] {logging_mixin.py:188} INFO - [2024-07-19T10:41:31.376+0000] {dag.py:3947} INFO - Setting next_dagrun for example_subdag_operator.section-1 to None, run_after=None
[2024-07-19T10:41:31.376+0000] {logging_mixin.py:188} INFO - [2024-07-19T10:41:31.376+0000] {dag.py:3947} INFO - Setting next_dagrun for example_subdag_operator.section-2 to None, run_after=None
[2024-07-19T10:41:31.408+0000] {processor.py:183} INFO - Processing /home/airflow/.local/lib/python3.12/site-packages/airflow/example_dags/example_subdag_operator.py took 0.414 seconds
[2024-07-19T10:42:02.484+0000] {processor.py:161} INFO - Started process (PID=190) to work on /home/airflow/.local/lib/python3.12/site-packages/airflow/example_dags/example_subdag_operator.py
[2024-07-19T10:42:02.485+0000] {processor.py:830} INFO - Processing file /home/airflow/.local/lib/python3.12/site-packages/airflow/example_dags/example_subdag_operator.py for tasks to queue
[2024-07-19T10:42:02.488+0000] {logging_mixin.py:188} INFO - [2024-07-19T10:42:02.487+0000] {dagbag.py:545} INFO - Filling up the DagBag from /home/airflow/.local/lib/python3.12/site-packages/airflow/example_dags/example_subdag_operator.py
[2024-07-19T10:42:02.552+0000] {processor.py:840} INFO - DAG(s) 'example_subdag_operator.section-1', 'example_subdag_operator.section-2', 'example_subdag_operator' retrieved from /home/airflow/.local/lib/python3.12/site-packages/airflow/example_dags/example_subdag_operator.py
[2024-07-19T10:42:02.723+0000] {logging_mixin.py:188} INFO - [2024-07-19T10:42:02.720+0000] {dag.py:3089} INFO - Sync 3 DAGs
[2024-07-19T10:42:02.935+0000] {logging_mixin.py:188} INFO - [2024-07-19T10:42:02.933+0000] {dag.py:3947} INFO - Setting next_dagrun for example_subdag_operator to 2022-01-01 00:00:00+00:00, run_after=2022-01-01 00:00:00+00:00
[2024-07-19T10:42:02.946+0000] {logging_mixin.py:188} INFO - [2024-07-19T10:42:02.945+0000] {dag.py:3947} INFO - Setting next_dagrun for example_subdag_operator.section-1 to None, run_after=None
[2024-07-19T10:42:02.948+0000] {logging_mixin.py:188} INFO - [2024-07-19T10:42:02.948+0000] {dag.py:3947} INFO - Setting next_dagrun for example_subdag_operator.section-2 to None, run_after=None
[2024-07-19T10:42:03.001+0000] {logging_mixin.py:188} INFO - [2024-07-19T10:42:03.001+0000] {dag.py:3089} INFO - Sync 2 DAGs
[2024-07-19T10:42:03.018+0000] {logging_mixin.py:188} INFO - [2024-07-19T10:42:03.017+0000] {dag.py:3947} INFO - Setting next_dagrun for example_subdag_operator.section-1 to None, run_after=None
[2024-07-19T10:42:03.019+0000] {logging_mixin.py:188} INFO - [2024-07-19T10:42:03.019+0000] {dag.py:3947} INFO - Setting next_dagrun for example_subdag_operator.section-2 to None, run_after=None
[2024-07-19T10:42:03.076+0000] {processor.py:183} INFO - Processing /home/airflow/.local/lib/python3.12/site-packages/airflow/example_dags/example_subdag_operator.py took 0.598 seconds
[2024-07-19T10:49:32.589+0000] {processor.py:161} INFO - Started process (PID=89) to work on /home/airflow/.local/lib/python3.12/site-packages/airflow/example_dags/example_subdag_operator.py
[2024-07-19T10:49:32.590+0000] {processor.py:830} INFO - Processing file /home/airflow/.local/lib/python3.12/site-packages/airflow/example_dags/example_subdag_operator.py for tasks to queue
[2024-07-19T10:49:32.592+0000] {logging_mixin.py:188} INFO - [2024-07-19T10:49:32.592+0000] {dagbag.py:545} INFO - Filling up the DagBag from /home/airflow/.local/lib/python3.12/site-packages/airflow/example_dags/example_subdag_operator.py
[2024-07-19T10:49:32.619+0000] {processor.py:840} INFO - DAG(s) 'example_subdag_operator.section-1', 'example_subdag_operator.section-2', 'example_subdag_operator' retrieved from /home/airflow/.local/lib/python3.12/site-packages/airflow/example_dags/example_subdag_operator.py
[2024-07-19T10:49:32.640+0000] {logging_mixin.py:188} INFO - [2024-07-19T10:49:32.639+0000] {dag.py:3089} INFO - Sync 3 DAGs
[2024-07-19T10:49:32.662+0000] {logging_mixin.py:188} INFO - [2024-07-19T10:49:32.662+0000] {dag.py:3947} INFO - Setting next_dagrun for example_subdag_operator to 2022-01-01 00:00:00+00:00, run_after=2022-01-01 00:00:00+00:00
[2024-07-19T10:49:32.667+0000] {logging_mixin.py:188} INFO - [2024-07-19T10:49:32.666+0000] {dag.py:3947} INFO - Setting next_dagrun for example_subdag_operator.section-1 to None, run_after=None
[2024-07-19T10:49:32.668+0000] {logging_mixin.py:188} INFO - [2024-07-19T10:49:32.668+0000] {dag.py:3947} INFO - Setting next_dagrun for example_subdag_operator.section-2 to None, run_after=None
[2024-07-19T10:49:32.674+0000] {logging_mixin.py:188} INFO - [2024-07-19T10:49:32.674+0000] {dag.py:3089} INFO - Sync 2 DAGs
[2024-07-19T10:49:32.678+0000] {logging_mixin.py:188} INFO - [2024-07-19T10:49:32.678+0000] {dag.py:3947} INFO - Setting next_dagrun for example_subdag_operator.section-1 to None, run_after=None
[2024-07-19T10:49:32.678+0000] {logging_mixin.py:188} INFO - [2024-07-19T10:49:32.678+0000] {dag.py:3947} INFO - Setting next_dagrun for example_subdag_operator.section-2 to None, run_after=None
[2024-07-19T10:49:32.688+0000] {processor.py:183} INFO - Processing /home/airflow/.local/lib/python3.12/site-packages/airflow/example_dags/example_subdag_operator.py took 0.103 seconds
[2024-07-19T10:50:04.452+0000] {processor.py:161} INFO - Started process (PID=156) to work on /home/airflow/.local/lib/python3.12/site-packages/airflow/example_dags/example_subdag_operator.py
[2024-07-19T10:50:04.455+0000] {processor.py:830} INFO - Processing file /home/airflow/.local/lib/python3.12/site-packages/airflow/example_dags/example_subdag_operator.py for tasks to queue
[2024-07-19T10:50:04.459+0000] {logging_mixin.py:188} INFO - [2024-07-19T10:50:04.459+0000] {dagbag.py:545} INFO - Filling up the DagBag from /home/airflow/.local/lib/python3.12/site-packages/airflow/example_dags/example_subdag_operator.py
[2024-07-19T10:50:04.534+0000] {processor.py:840} INFO - DAG(s) 'example_subdag_operator.section-1', 'example_subdag_operator.section-2', 'example_subdag_operator' retrieved from /home/airflow/.local/lib/python3.12/site-packages/airflow/example_dags/example_subdag_operator.py
[2024-07-19T10:50:04.616+0000] {logging_mixin.py:188} INFO - [2024-07-19T10:50:04.615+0000] {dag.py:3089} INFO - Sync 3 DAGs
[2024-07-19T10:50:04.655+0000] {logging_mixin.py:188} INFO - [2024-07-19T10:50:04.655+0000] {dag.py:3947} INFO - Setting next_dagrun for example_subdag_operator to 2022-01-01 00:00:00+00:00, run_after=2022-01-01 00:00:00+00:00
[2024-07-19T10:50:04.663+0000] {logging_mixin.py:188} INFO - [2024-07-19T10:50:04.662+0000] {dag.py:3947} INFO - Setting next_dagrun for example_subdag_operator.section-1 to None, run_after=None
[2024-07-19T10:50:04.665+0000] {logging_mixin.py:188} INFO - [2024-07-19T10:50:04.665+0000] {dag.py:3947} INFO - Setting next_dagrun for example_subdag_operator.section-2 to None, run_after=None
[2024-07-19T10:50:04.679+0000] {logging_mixin.py:188} INFO - [2024-07-19T10:50:04.679+0000] {dag.py:3089} INFO - Sync 2 DAGs
[2024-07-19T10:50:04.713+0000] {logging_mixin.py:188} INFO - [2024-07-19T10:50:04.712+0000] {dag.py:3947} INFO - Setting next_dagrun for example_subdag_operator.section-1 to None, run_after=None
[2024-07-19T10:50:04.715+0000] {logging_mixin.py:188} INFO - [2024-07-19T10:50:04.714+0000] {dag.py:3947} INFO - Setting next_dagrun for example_subdag_operator.section-2 to None, run_after=None
[2024-07-19T10:50:04.760+0000] {processor.py:183} INFO - Processing /home/airflow/.local/lib/python3.12/site-packages/airflow/example_dags/example_subdag_operator.py took 0.317 seconds
