[2024-07-19T12:32:03.876+0000] {local_task_job_runner.py:120} INFO - ::group::Pre task execution logs
[2024-07-19T12:32:04.204+0000] {taskinstance.py:2076} INFO - Dependencies all met for dep_context=non-requeueable deps ti=<TaskInstance: example_dag.print_hello scheduled__2023-09-05T00:00:00+00:00 [queued]>
[2024-07-19T12:32:04.314+0000] {taskinstance.py:2076} INFO - Dependencies all met for dep_context=requeueable deps ti=<TaskInstance: example_dag.print_hello scheduled__2023-09-05T00:00:00+00:00 [queued]>
[2024-07-19T12:32:04.319+0000] {taskinstance.py:2306} INFO - Starting attempt 1 of 2
[2024-07-19T12:32:04.541+0000] {taskinstance.py:2330} INFO - Executing <Task(PythonOperator): print_hello> on 2023-09-05 00:00:00+00:00
[2024-07-19T12:32:04.673+0000] {warnings.py:112} WARNING - /home/***/.local/lib/python3.12/site-packages/***/task/task_runner/standard_task_runner.py:62: DeprecationWarning: This process (pid=336) is multi-threaded, use of fork() may lead to deadlocks in the child.
  pid = os.fork()

[2024-07-19T12:32:04.697+0000] {standard_task_runner.py:64} INFO - Started process 347 to run task
[2024-07-19T12:32:04.701+0000] {standard_task_runner.py:90} INFO - Running: ['***', 'tasks', 'run', 'example_dag', 'print_hello', 'scheduled__2023-09-05T00:00:00+00:00', '--job-id', '113', '--raw', '--subdir', 'DAGS_FOLDER/hello_dag.py', '--cfg-path', '/tmp/tmp0rxswpa0']
[2024-07-19T12:32:04.723+0000] {standard_task_runner.py:91} INFO - Job 113: Subtask print_hello
[2024-07-19T12:32:05.164+0000] {task_command.py:426} INFO - Running <TaskInstance: example_dag.print_hello scheduled__2023-09-05T00:00:00+00:00 [running]> on host 6e10856c4017
[2024-07-19T12:32:05.846+0000] {taskinstance.py:2648} INFO - Exporting env vars: AIRFLOW_CTX_DAG_OWNER='***' AIRFLOW_CTX_DAG_ID='example_dag' AIRFLOW_CTX_TASK_ID='print_hello' AIRFLOW_CTX_EXECUTION_DATE='2023-09-05T00:00:00+00:00' AIRFLOW_CTX_TRY_NUMBER='1' AIRFLOW_CTX_DAG_RUN_ID='scheduled__2023-09-05T00:00:00+00:00'
[2024-07-19T12:32:05.893+0000] {taskinstance.py:430} INFO - ::endgroup::
[2024-07-19T12:32:06.122+0000] {logging_mixin.py:188} INFO - Hello, World!
[2024-07-19T12:32:06.151+0000] {python.py:237} INFO - Done. Returned value was: None
[2024-07-19T12:32:06.258+0000] {taskinstance.py:441} INFO - ::group::Post task execution logs
[2024-07-19T12:32:06.481+0000] {taskinstance.py:1206} INFO - Marking task as SUCCESS. dag_id=example_dag, task_id=print_hello, run_id=scheduled__2023-09-05T00:00:00+00:00, execution_date=20230905T000000, start_date=20240719T123204, end_date=20240719T123206
[2024-07-19T12:32:06.621+0000] {local_task_job_runner.py:243} INFO - Task exited with return code 0
[2024-07-19T12:32:07.217+0000] {taskinstance.py:3503} INFO - 0 downstream tasks scheduled from follow-on schedule check
[2024-07-19T12:32:07.261+0000] {local_task_job_runner.py:222} INFO - ::endgroup::
