[2024-07-19T12:41:57.996+0000] {local_task_job_runner.py:120} INFO - ::group::Pre task execution logs
[2024-07-19T12:41:58.092+0000] {taskinstance.py:2076} INFO - Dependencies all met for dep_context=non-requeueable deps ti=<TaskInstance: example_dag.print_hello scheduled__2024-05-17T00:00:00+00:00 [queued]>
[2024-07-19T12:41:58.125+0000] {taskinstance.py:2076} INFO - Dependencies all met for dep_context=requeueable deps ti=<TaskInstance: example_dag.print_hello scheduled__2024-05-17T00:00:00+00:00 [queued]>
[2024-07-19T12:41:58.126+0000] {taskinstance.py:2306} INFO - Starting attempt 1 of 2
[2024-07-19T12:41:58.194+0000] {taskinstance.py:2330} INFO - Executing <Task(PythonOperator): print_hello> on 2024-05-17 00:00:00+00:00
[2024-07-19T12:41:58.213+0000] {warnings.py:112} WARNING - /home/***/.local/lib/python3.12/site-packages/***/task/task_runner/standard_task_runner.py:62: DeprecationWarning: This process (pid=1056) is multi-threaded, use of fork() may lead to deadlocks in the child.
  pid = os.fork()

[2024-07-19T12:41:58.219+0000] {standard_task_runner.py:64} INFO - Started process 1062 to run task
[2024-07-19T12:41:58.217+0000] {standard_task_runner.py:90} INFO - Running: ['***', 'tasks', 'run', 'example_dag', 'print_hello', 'scheduled__2024-05-17T00:00:00+00:00', '--job-id', '364', '--raw', '--subdir', 'DAGS_FOLDER/hello_dag.py', '--cfg-path', '/tmp/tmpt7qewytu']
[2024-07-19T12:41:58.224+0000] {standard_task_runner.py:91} INFO - Job 364: Subtask print_hello
[2024-07-19T12:41:58.506+0000] {task_command.py:426} INFO - Running <TaskInstance: example_dag.print_hello scheduled__2024-05-17T00:00:00+00:00 [running]> on host 6e10856c4017
[2024-07-19T12:41:59.035+0000] {taskinstance.py:2648} INFO - Exporting env vars: AIRFLOW_CTX_DAG_OWNER='***' AIRFLOW_CTX_DAG_ID='example_dag' AIRFLOW_CTX_TASK_ID='print_hello' AIRFLOW_CTX_EXECUTION_DATE='2024-05-17T00:00:00+00:00' AIRFLOW_CTX_TRY_NUMBER='1' AIRFLOW_CTX_DAG_RUN_ID='scheduled__2024-05-17T00:00:00+00:00'
[2024-07-19T12:41:59.096+0000] {taskinstance.py:430} INFO - ::endgroup::
[2024-07-19T12:41:59.231+0000] {logging_mixin.py:188} INFO - Hello, World!
[2024-07-19T12:41:59.239+0000] {python.py:237} INFO - Done. Returned value was: None
[2024-07-19T12:41:59.247+0000] {taskinstance.py:441} INFO - ::group::Post task execution logs
[2024-07-19T12:41:59.334+0000] {taskinstance.py:1206} INFO - Marking task as SUCCESS. dag_id=example_dag, task_id=print_hello, run_id=scheduled__2024-05-17T00:00:00+00:00, execution_date=20240517T000000, start_date=20240719T124158, end_date=20240719T124159
[2024-07-19T12:41:59.579+0000] {local_task_job_runner.py:243} INFO - Task exited with return code 0
[2024-07-19T12:41:59.657+0000] {taskinstance.py:3503} INFO - 0 downstream tasks scheduled from follow-on schedule check
[2024-07-19T12:41:59.661+0000] {local_task_job_runner.py:222} INFO - ::endgroup::
