[2024-07-19T12:38:17.794+0000] {local_task_job_runner.py:120} INFO - ::group::Pre task execution logs
[2024-07-19T12:38:18.087+0000] {taskinstance.py:2076} INFO - Dependencies all met for dep_context=non-requeueable deps ti=<TaskInstance: example_dag.print_hello scheduled__2024-02-08T00:00:00+00:00 [queued]>
[2024-07-19T12:38:18.145+0000] {taskinstance.py:2076} INFO - Dependencies all met for dep_context=requeueable deps ti=<TaskInstance: example_dag.print_hello scheduled__2024-02-08T00:00:00+00:00 [queued]>
[2024-07-19T12:38:18.146+0000] {taskinstance.py:2306} INFO - Starting attempt 1 of 2
[2024-07-19T12:38:18.276+0000] {taskinstance.py:2330} INFO - Executing <Task(PythonOperator): print_hello> on 2024-02-08 00:00:00+00:00
[2024-07-19T12:38:18.375+0000] {warnings.py:112} WARNING - /home/***/.local/lib/python3.12/site-packages/***/task/task_runner/standard_task_runner.py:62: DeprecationWarning: This process (pid=771) is multi-threaded, use of fork() may lead to deadlocks in the child.
  pid = os.fork()

[2024-07-19T12:38:18.395+0000] {standard_task_runner.py:90} INFO - Running: ['***', 'tasks', 'run', 'example_dag', 'print_hello', 'scheduled__2024-02-08T00:00:00+00:00', '--job-id', '266', '--raw', '--subdir', 'DAGS_FOLDER/hello_dag.py', '--cfg-path', '/tmp/tmp0x_9tchx']
[2024-07-19T12:38:18.418+0000] {standard_task_runner.py:91} INFO - Job 266: Subtask print_hello
[2024-07-19T12:38:18.395+0000] {standard_task_runner.py:64} INFO - Started process 779 to run task
[2024-07-19T12:38:19.055+0000] {task_command.py:426} INFO - Running <TaskInstance: example_dag.print_hello scheduled__2024-02-08T00:00:00+00:00 [running]> on host 6e10856c4017
[2024-07-19T12:38:20.090+0000] {taskinstance.py:2648} INFO - Exporting env vars: AIRFLOW_CTX_DAG_OWNER='***' AIRFLOW_CTX_DAG_ID='example_dag' AIRFLOW_CTX_TASK_ID='print_hello' AIRFLOW_CTX_EXECUTION_DATE='2024-02-08T00:00:00+00:00' AIRFLOW_CTX_TRY_NUMBER='1' AIRFLOW_CTX_DAG_RUN_ID='scheduled__2024-02-08T00:00:00+00:00'
[2024-07-19T12:38:20.179+0000] {taskinstance.py:430} INFO - ::endgroup::
[2024-07-19T12:38:20.271+0000] {logging_mixin.py:188} INFO - Hello, World!
[2024-07-19T12:38:20.289+0000] {python.py:237} INFO - Done. Returned value was: None
[2024-07-19T12:38:20.325+0000] {taskinstance.py:441} INFO - ::group::Post task execution logs
[2024-07-19T12:38:20.387+0000] {taskinstance.py:1206} INFO - Marking task as SUCCESS. dag_id=example_dag, task_id=print_hello, run_id=scheduled__2024-02-08T00:00:00+00:00, execution_date=20240208T000000, start_date=20240719T123818, end_date=20240719T123820
[2024-07-19T12:38:20.522+0000] {local_task_job_runner.py:243} INFO - Task exited with return code 0
[2024-07-19T12:38:20.673+0000] {taskinstance.py:3503} INFO - 0 downstream tasks scheduled from follow-on schedule check
[2024-07-19T12:38:20.688+0000] {local_task_job_runner.py:222} INFO - ::endgroup::
