[2024-07-19T12:41:15.475+0000] {local_task_job_runner.py:120} INFO - ::group::Pre task execution logs
[2024-07-19T12:41:16.031+0000] {taskinstance.py:2076} INFO - Dependencies all met for dep_context=non-requeueable deps ti=<TaskInstance: example_dag.print_hello scheduled__2024-04-09T00:00:00+00:00 [queued]>
[2024-07-19T12:41:16.095+0000] {taskinstance.py:2076} INFO - Dependencies all met for dep_context=requeueable deps ti=<TaskInstance: example_dag.print_hello scheduled__2024-04-09T00:00:00+00:00 [queued]>
[2024-07-19T12:41:16.114+0000] {taskinstance.py:2306} INFO - Starting attempt 1 of 2
[2024-07-19T12:41:16.397+0000] {taskinstance.py:2330} INFO - Executing <Task(PythonOperator): print_hello> on 2024-04-09 00:00:00+00:00
[2024-07-19T12:41:16.444+0000] {warnings.py:112} WARNING - /home/***/.local/lib/python3.12/site-packages/***/task/task_runner/standard_task_runner.py:62: DeprecationWarning: This process (pid=945) is multi-threaded, use of fork() may lead to deadlocks in the child.
  pid = os.fork()

[2024-07-19T12:41:16.460+0000] {standard_task_runner.py:64} INFO - Started process 971 to run task
[2024-07-19T12:41:16.543+0000] {standard_task_runner.py:90} INFO - Running: ['***', 'tasks', 'run', 'example_dag', 'print_hello', 'scheduled__2024-04-09T00:00:00+00:00', '--job-id', '332', '--raw', '--subdir', 'DAGS_FOLDER/hello_dag.py', '--cfg-path', '/tmp/tmprpxacw2i']
[2024-07-19T12:41:16.567+0000] {standard_task_runner.py:91} INFO - Job 332: Subtask print_hello
[2024-07-19T12:41:16.897+0000] {task_command.py:426} INFO - Running <TaskInstance: example_dag.print_hello scheduled__2024-04-09T00:00:00+00:00 [running]> on host 6e10856c4017
[2024-07-19T12:41:17.525+0000] {taskinstance.py:2648} INFO - Exporting env vars: AIRFLOW_CTX_DAG_OWNER='***' AIRFLOW_CTX_DAG_ID='example_dag' AIRFLOW_CTX_TASK_ID='print_hello' AIRFLOW_CTX_EXECUTION_DATE='2024-04-09T00:00:00+00:00' AIRFLOW_CTX_TRY_NUMBER='1' AIRFLOW_CTX_DAG_RUN_ID='scheduled__2024-04-09T00:00:00+00:00'
[2024-07-19T12:41:17.585+0000] {taskinstance.py:430} INFO - ::endgroup::
[2024-07-19T12:41:17.725+0000] {logging_mixin.py:188} INFO - Hello, World!
[2024-07-19T12:41:17.727+0000] {python.py:237} INFO - Done. Returned value was: None
[2024-07-19T12:41:17.759+0000] {taskinstance.py:441} INFO - ::group::Post task execution logs
[2024-07-19T12:41:17.844+0000] {taskinstance.py:1206} INFO - Marking task as SUCCESS. dag_id=example_dag, task_id=print_hello, run_id=scheduled__2024-04-09T00:00:00+00:00, execution_date=20240409T000000, start_date=20240719T124116, end_date=20240719T124117
[2024-07-19T12:41:17.994+0000] {local_task_job_runner.py:243} INFO - Task exited with return code 0
[2024-07-19T12:41:18.159+0000] {taskinstance.py:3503} INFO - 0 downstream tasks scheduled from follow-on schedule check
[2024-07-19T12:41:18.161+0000] {local_task_job_runner.py:222} INFO - ::endgroup::
