[2024-07-19T12:42:14.253+0000] {local_task_job_runner.py:120} INFO - ::group::Pre task execution logs
[2024-07-19T12:42:14.405+0000] {taskinstance.py:2076} INFO - Dependencies all met for dep_context=non-requeueable deps ti=<TaskInstance: example_dag.print_hello scheduled__2024-06-15T00:00:00+00:00 [queued]>
[2024-07-19T12:42:14.432+0000] {taskinstance.py:2076} INFO - Dependencies all met for dep_context=requeueable deps ti=<TaskInstance: example_dag.print_hello scheduled__2024-06-15T00:00:00+00:00 [queued]>
[2024-07-19T12:42:14.433+0000] {taskinstance.py:2306} INFO - Starting attempt 1 of 2
[2024-07-19T12:42:14.624+0000] {taskinstance.py:2330} INFO - Executing <Task(PythonOperator): print_hello> on 2024-06-15 00:00:00+00:00
[2024-07-19T12:42:14.663+0000] {warnings.py:112} WARNING - /home/***/.local/lib/python3.12/site-packages/***/task/task_runner/standard_task_runner.py:62: DeprecationWarning: This process (pid=1114) is multi-threaded, use of fork() may lead to deadlocks in the child.
  pid = os.fork()

[2024-07-19T12:42:14.687+0000] {standard_task_runner.py:64} INFO - Started process 1120 to run task
[2024-07-19T12:42:14.736+0000] {standard_task_runner.py:90} INFO - Running: ['***', 'tasks', 'run', 'example_dag', 'print_hello', 'scheduled__2024-06-15T00:00:00+00:00', '--job-id', '394', '--raw', '--subdir', 'DAGS_FOLDER/hello_dag.py', '--cfg-path', '/tmp/tmplxaycdd7']
[2024-07-19T12:42:14.759+0000] {standard_task_runner.py:91} INFO - Job 394: Subtask print_hello
[2024-07-19T12:42:15.222+0000] {task_command.py:426} INFO - Running <TaskInstance: example_dag.print_hello scheduled__2024-06-15T00:00:00+00:00 [running]> on host 6e10856c4017
[2024-07-19T12:42:15.867+0000] {taskinstance.py:2648} INFO - Exporting env vars: AIRFLOW_CTX_DAG_OWNER='***' AIRFLOW_CTX_DAG_ID='example_dag' AIRFLOW_CTX_TASK_ID='print_hello' AIRFLOW_CTX_EXECUTION_DATE='2024-06-15T00:00:00+00:00' AIRFLOW_CTX_TRY_NUMBER='1' AIRFLOW_CTX_DAG_RUN_ID='scheduled__2024-06-15T00:00:00+00:00'
[2024-07-19T12:42:15.870+0000] {taskinstance.py:430} INFO - ::endgroup::
[2024-07-19T12:42:16.107+0000] {logging_mixin.py:188} INFO - Hello, World!
[2024-07-19T12:42:16.205+0000] {python.py:237} INFO - Done. Returned value was: None
[2024-07-19T12:42:16.216+0000] {taskinstance.py:441} INFO - ::group::Post task execution logs
[2024-07-19T12:42:16.529+0000] {taskinstance.py:1206} INFO - Marking task as SUCCESS. dag_id=example_dag, task_id=print_hello, run_id=scheduled__2024-06-15T00:00:00+00:00, execution_date=20240615T000000, start_date=20240719T124214, end_date=20240719T124216
[2024-07-19T12:42:16.841+0000] {local_task_job_runner.py:243} INFO - Task exited with return code 0
[2024-07-19T12:42:17.275+0000] {taskinstance.py:3503} INFO - 0 downstream tasks scheduled from follow-on schedule check
[2024-07-19T12:42:17.298+0000] {local_task_job_runner.py:222} INFO - ::endgroup::
