[2024-07-19T12:36:42.744+0000] {local_task_job_runner.py:120} INFO - ::group::Pre task execution logs
[2024-07-19T12:36:43.249+0000] {taskinstance.py:2076} INFO - Dependencies all met for dep_context=non-requeueable deps ti=<TaskInstance: example_dag.print_hello scheduled__2023-12-15T00:00:00+00:00 [queued]>
[2024-07-19T12:36:43.425+0000] {taskinstance.py:2076} INFO - Dependencies all met for dep_context=requeueable deps ti=<TaskInstance: example_dag.print_hello scheduled__2023-12-15T00:00:00+00:00 [queued]>
[2024-07-19T12:36:43.434+0000] {taskinstance.py:2306} INFO - Starting attempt 1 of 2
[2024-07-19T12:36:44.318+0000] {taskinstance.py:2330} INFO - Executing <Task(PythonOperator): print_hello> on 2023-12-15 00:00:00+00:00
[2024-07-19T12:36:44.421+0000] {warnings.py:112} WARNING - /home/***/.local/lib/python3.12/site-packages/***/task/task_runner/standard_task_runner.py:62: DeprecationWarning: This process (pid=636) is multi-threaded, use of fork() may lead to deadlocks in the child.
  pid = os.fork()

[2024-07-19T12:36:44.410+0000] {standard_task_runner.py:90} INFO - Running: ['***', 'tasks', 'run', 'example_dag', 'print_hello', 'scheduled__2023-12-15T00:00:00+00:00', '--job-id', '211', '--raw', '--subdir', 'DAGS_FOLDER/hello_dag.py', '--cfg-path', '/tmp/tmprrf_e1yr']
[2024-07-19T12:36:44.538+0000] {standard_task_runner.py:91} INFO - Job 211: Subtask print_hello
[2024-07-19T12:36:44.486+0000] {standard_task_runner.py:64} INFO - Started process 649 to run task
[2024-07-19T12:36:46.605+0000] {task_command.py:426} INFO - Running <TaskInstance: example_dag.print_hello scheduled__2023-12-15T00:00:00+00:00 [running]> on host 6e10856c4017
[2024-07-19T12:36:48.625+0000] {taskinstance.py:2648} INFO - Exporting env vars: AIRFLOW_CTX_DAG_OWNER='***' AIRFLOW_CTX_DAG_ID='example_dag' AIRFLOW_CTX_TASK_ID='print_hello' AIRFLOW_CTX_EXECUTION_DATE='2023-12-15T00:00:00+00:00' AIRFLOW_CTX_TRY_NUMBER='1' AIRFLOW_CTX_DAG_RUN_ID='scheduled__2023-12-15T00:00:00+00:00'
[2024-07-19T12:36:48.694+0000] {taskinstance.py:430} INFO - ::endgroup::
[2024-07-19T12:36:48.956+0000] {logging_mixin.py:188} INFO - Hello, World!
[2024-07-19T12:36:48.963+0000] {python.py:237} INFO - Done. Returned value was: None
[2024-07-19T12:36:49.016+0000] {taskinstance.py:441} INFO - ::group::Post task execution logs
[2024-07-19T12:36:49.131+0000] {taskinstance.py:1206} INFO - Marking task as SUCCESS. dag_id=example_dag, task_id=print_hello, run_id=scheduled__2023-12-15T00:00:00+00:00, execution_date=20231215T000000, start_date=20240719T123643, end_date=20240719T123649
[2024-07-19T12:36:49.376+0000] {local_task_job_runner.py:243} INFO - Task exited with return code 0
[2024-07-19T12:36:49.557+0000] {taskinstance.py:3503} INFO - 0 downstream tasks scheduled from follow-on schedule check
[2024-07-19T12:36:49.563+0000] {local_task_job_runner.py:222} INFO - ::endgroup::
