[2024-07-05T14:09:19.102+0000] {processor.py:161} INFO - Started process (PID=58) to work on /home/airflow/.local/lib/python3.12/site-packages/airflow/example_dags/example_task_group.py
[2024-07-05T14:09:19.103+0000] {processor.py:830} INFO - Processing file /home/airflow/.local/lib/python3.12/site-packages/airflow/example_dags/example_task_group.py for tasks to queue
[2024-07-05T14:09:19.105+0000] {logging_mixin.py:188} INFO - [2024-07-05T14:09:19.105+0000] {dagbag.py:545} INFO - Filling up the DagBag from /home/airflow/.local/lib/python3.12/site-packages/airflow/example_dags/example_task_group.py
[2024-07-05T14:09:19.113+0000] {processor.py:840} INFO - DAG(s) 'example_task_group' retrieved from /home/airflow/.local/lib/python3.12/site-packages/airflow/example_dags/example_task_group.py
[2024-07-05T14:09:19.124+0000] {logging_mixin.py:188} INFO - [2024-07-05T14:09:19.123+0000] {dag.py:3096} INFO - Sync 1 DAGs
[2024-07-05T14:09:19.175+0000] {logging_mixin.py:188} INFO - [2024-07-05T14:09:19.175+0000] {dag.py:3954} INFO - Setting next_dagrun for example_task_group to 2024-07-04 00:00:00+00:00, run_after=2024-07-05 00:00:00+00:00
[2024-07-05T14:09:19.199+0000] {processor.py:183} INFO - Processing /home/airflow/.local/lib/python3.12/site-packages/airflow/example_dags/example_task_group.py took 0.101 seconds
[2024-07-05T14:09:49.325+0000] {processor.py:161} INFO - Started process (PID=116) to work on /home/airflow/.local/lib/python3.12/site-packages/airflow/example_dags/example_task_group.py
[2024-07-05T14:09:49.326+0000] {processor.py:830} INFO - Processing file /home/airflow/.local/lib/python3.12/site-packages/airflow/example_dags/example_task_group.py for tasks to queue
[2024-07-05T14:09:49.328+0000] {logging_mixin.py:188} INFO - [2024-07-05T14:09:49.327+0000] {dagbag.py:545} INFO - Filling up the DagBag from /home/airflow/.local/lib/python3.12/site-packages/airflow/example_dags/example_task_group.py
[2024-07-05T14:09:49.337+0000] {processor.py:840} INFO - DAG(s) 'example_task_group' retrieved from /home/airflow/.local/lib/python3.12/site-packages/airflow/example_dags/example_task_group.py
[2024-07-05T14:09:49.385+0000] {logging_mixin.py:188} INFO - [2024-07-05T14:09:49.385+0000] {dag.py:3096} INFO - Sync 1 DAGs
[2024-07-05T14:09:49.393+0000] {logging_mixin.py:188} INFO - [2024-07-05T14:09:49.393+0000] {dag.py:3954} INFO - Setting next_dagrun for example_task_group to 2024-07-04 00:00:00+00:00, run_after=2024-07-05 00:00:00+00:00
[2024-07-05T14:09:49.402+0000] {processor.py:183} INFO - Processing /home/airflow/.local/lib/python3.12/site-packages/airflow/example_dags/example_task_group.py took 0.082 seconds
[2024-07-05T14:10:20.786+0000] {processor.py:161} INFO - Started process (PID=174) to work on /home/airflow/.local/lib/python3.12/site-packages/airflow/example_dags/example_task_group.py
[2024-07-05T14:10:20.787+0000] {processor.py:830} INFO - Processing file /home/airflow/.local/lib/python3.12/site-packages/airflow/example_dags/example_task_group.py for tasks to queue
[2024-07-05T14:10:20.788+0000] {logging_mixin.py:188} INFO - [2024-07-05T14:10:20.788+0000] {dagbag.py:545} INFO - Filling up the DagBag from /home/airflow/.local/lib/python3.12/site-packages/airflow/example_dags/example_task_group.py
[2024-07-05T14:10:20.792+0000] {processor.py:840} INFO - DAG(s) 'example_task_group' retrieved from /home/airflow/.local/lib/python3.12/site-packages/airflow/example_dags/example_task_group.py
[2024-07-05T14:10:20.809+0000] {logging_mixin.py:188} INFO - [2024-07-05T14:10:20.809+0000] {dag.py:3096} INFO - Sync 1 DAGs
[2024-07-05T14:10:20.821+0000] {logging_mixin.py:188} INFO - [2024-07-05T14:10:20.821+0000] {dag.py:3954} INFO - Setting next_dagrun for example_task_group to 2024-07-04 00:00:00+00:00, run_after=2024-07-05 00:00:00+00:00
[2024-07-05T14:10:20.830+0000] {processor.py:183} INFO - Processing /home/airflow/.local/lib/python3.12/site-packages/airflow/example_dags/example_task_group.py took 0.048 seconds
[2024-07-05T14:10:51.405+0000] {processor.py:161} INFO - Started process (PID=232) to work on /home/airflow/.local/lib/python3.12/site-packages/airflow/example_dags/example_task_group.py
[2024-07-05T14:10:51.406+0000] {processor.py:830} INFO - Processing file /home/airflow/.local/lib/python3.12/site-packages/airflow/example_dags/example_task_group.py for tasks to queue
[2024-07-05T14:10:51.407+0000] {logging_mixin.py:188} INFO - [2024-07-05T14:10:51.407+0000] {dagbag.py:545} INFO - Filling up the DagBag from /home/airflow/.local/lib/python3.12/site-packages/airflow/example_dags/example_task_group.py
[2024-07-05T14:10:51.411+0000] {processor.py:840} INFO - DAG(s) 'example_task_group' retrieved from /home/airflow/.local/lib/python3.12/site-packages/airflow/example_dags/example_task_group.py
[2024-07-05T14:10:51.422+0000] {logging_mixin.py:188} INFO - [2024-07-05T14:10:51.421+0000] {dag.py:3096} INFO - Sync 1 DAGs
[2024-07-05T14:10:51.432+0000] {logging_mixin.py:188} INFO - [2024-07-05T14:10:51.432+0000] {dag.py:3954} INFO - Setting next_dagrun for example_task_group to 2024-07-04 00:00:00+00:00, run_after=2024-07-05 00:00:00+00:00
[2024-07-05T14:10:51.441+0000] {processor.py:183} INFO - Processing /home/airflow/.local/lib/python3.12/site-packages/airflow/example_dags/example_task_group.py took 0.038 seconds
[2024-07-05T14:11:21.577+0000] {processor.py:161} INFO - Started process (PID=290) to work on /home/airflow/.local/lib/python3.12/site-packages/airflow/example_dags/example_task_group.py
[2024-07-05T14:11:21.578+0000] {processor.py:830} INFO - Processing file /home/airflow/.local/lib/python3.12/site-packages/airflow/example_dags/example_task_group.py for tasks to queue
[2024-07-05T14:11:21.579+0000] {logging_mixin.py:188} INFO - [2024-07-05T14:11:21.579+0000] {dagbag.py:545} INFO - Filling up the DagBag from /home/airflow/.local/lib/python3.12/site-packages/airflow/example_dags/example_task_group.py
[2024-07-05T14:11:21.583+0000] {processor.py:840} INFO - DAG(s) 'example_task_group' retrieved from /home/airflow/.local/lib/python3.12/site-packages/airflow/example_dags/example_task_group.py
[2024-07-05T14:11:21.594+0000] {logging_mixin.py:188} INFO - [2024-07-05T14:11:21.594+0000] {dag.py:3096} INFO - Sync 1 DAGs
[2024-07-05T14:11:21.605+0000] {logging_mixin.py:188} INFO - [2024-07-05T14:11:21.605+0000] {dag.py:3954} INFO - Setting next_dagrun for example_task_group to 2024-07-04 00:00:00+00:00, run_after=2024-07-05 00:00:00+00:00
[2024-07-05T14:11:21.613+0000] {processor.py:183} INFO - Processing /home/airflow/.local/lib/python3.12/site-packages/airflow/example_dags/example_task_group.py took 0.040 seconds
[2024-07-05T14:11:51.985+0000] {processor.py:161} INFO - Started process (PID=348) to work on /home/airflow/.local/lib/python3.12/site-packages/airflow/example_dags/example_task_group.py
[2024-07-05T14:11:51.992+0000] {processor.py:830} INFO - Processing file /home/airflow/.local/lib/python3.12/site-packages/airflow/example_dags/example_task_group.py for tasks to queue
[2024-07-05T14:11:51.996+0000] {logging_mixin.py:188} INFO - [2024-07-05T14:11:51.995+0000] {dagbag.py:545} INFO - Filling up the DagBag from /home/airflow/.local/lib/python3.12/site-packages/airflow/example_dags/example_task_group.py
[2024-07-05T14:11:52.033+0000] {processor.py:840} INFO - DAG(s) 'example_task_group' retrieved from /home/airflow/.local/lib/python3.12/site-packages/airflow/example_dags/example_task_group.py
[2024-07-05T14:11:52.047+0000] {logging_mixin.py:188} INFO - [2024-07-05T14:11:52.047+0000] {dag.py:3096} INFO - Sync 1 DAGs
[2024-07-05T14:11:52.060+0000] {logging_mixin.py:188} INFO - [2024-07-05T14:11:52.060+0000] {dag.py:3954} INFO - Setting next_dagrun for example_task_group to 2024-07-04 00:00:00+00:00, run_after=2024-07-05 00:00:00+00:00
[2024-07-05T14:11:52.070+0000] {processor.py:183} INFO - Processing /home/airflow/.local/lib/python3.12/site-packages/airflow/example_dags/example_task_group.py took 0.093 seconds
[2024-07-05T14:12:22.896+0000] {processor.py:161} INFO - Started process (PID=406) to work on /home/airflow/.local/lib/python3.12/site-packages/airflow/example_dags/example_task_group.py
[2024-07-05T14:12:22.897+0000] {processor.py:830} INFO - Processing file /home/airflow/.local/lib/python3.12/site-packages/airflow/example_dags/example_task_group.py for tasks to queue
[2024-07-05T14:12:22.898+0000] {logging_mixin.py:188} INFO - [2024-07-05T14:12:22.898+0000] {dagbag.py:545} INFO - Filling up the DagBag from /home/airflow/.local/lib/python3.12/site-packages/airflow/example_dags/example_task_group.py
[2024-07-05T14:12:22.902+0000] {processor.py:840} INFO - DAG(s) 'example_task_group' retrieved from /home/airflow/.local/lib/python3.12/site-packages/airflow/example_dags/example_task_group.py
[2024-07-05T14:12:22.920+0000] {logging_mixin.py:188} INFO - [2024-07-05T14:12:22.919+0000] {dag.py:3096} INFO - Sync 1 DAGs
[2024-07-05T14:12:22.934+0000] {logging_mixin.py:188} INFO - [2024-07-05T14:12:22.934+0000] {dag.py:3954} INFO - Setting next_dagrun for example_task_group to 2024-07-04 00:00:00+00:00, run_after=2024-07-05 00:00:00+00:00
[2024-07-05T14:12:22.946+0000] {processor.py:183} INFO - Processing /home/airflow/.local/lib/python3.12/site-packages/airflow/example_dags/example_task_group.py took 0.054 seconds
[2024-07-05T14:12:53.795+0000] {processor.py:161} INFO - Started process (PID=464) to work on /home/airflow/.local/lib/python3.12/site-packages/airflow/example_dags/example_task_group.py
[2024-07-05T14:12:53.796+0000] {processor.py:830} INFO - Processing file /home/airflow/.local/lib/python3.12/site-packages/airflow/example_dags/example_task_group.py for tasks to queue
[2024-07-05T14:12:53.797+0000] {logging_mixin.py:188} INFO - [2024-07-05T14:12:53.797+0000] {dagbag.py:545} INFO - Filling up the DagBag from /home/airflow/.local/lib/python3.12/site-packages/airflow/example_dags/example_task_group.py
[2024-07-05T14:12:53.801+0000] {processor.py:840} INFO - DAG(s) 'example_task_group' retrieved from /home/airflow/.local/lib/python3.12/site-packages/airflow/example_dags/example_task_group.py
[2024-07-05T14:12:53.812+0000] {logging_mixin.py:188} INFO - [2024-07-05T14:12:53.812+0000] {dag.py:3096} INFO - Sync 1 DAGs
[2024-07-05T14:12:53.823+0000] {logging_mixin.py:188} INFO - [2024-07-05T14:12:53.823+0000] {dag.py:3954} INFO - Setting next_dagrun for example_task_group to 2024-07-04 00:00:00+00:00, run_after=2024-07-05 00:00:00+00:00
[2024-07-05T14:12:53.834+0000] {processor.py:183} INFO - Processing /home/airflow/.local/lib/python3.12/site-packages/airflow/example_dags/example_task_group.py took 0.043 seconds
[2024-07-05T14:13:24.707+0000] {processor.py:161} INFO - Started process (PID=522) to work on /home/airflow/.local/lib/python3.12/site-packages/airflow/example_dags/example_task_group.py
[2024-07-05T14:13:24.708+0000] {processor.py:830} INFO - Processing file /home/airflow/.local/lib/python3.12/site-packages/airflow/example_dags/example_task_group.py for tasks to queue
[2024-07-05T14:13:24.709+0000] {logging_mixin.py:188} INFO - [2024-07-05T14:13:24.709+0000] {dagbag.py:545} INFO - Filling up the DagBag from /home/airflow/.local/lib/python3.12/site-packages/airflow/example_dags/example_task_group.py
[2024-07-05T14:13:24.712+0000] {processor.py:840} INFO - DAG(s) 'example_task_group' retrieved from /home/airflow/.local/lib/python3.12/site-packages/airflow/example_dags/example_task_group.py
[2024-07-05T14:13:24.723+0000] {logging_mixin.py:188} INFO - [2024-07-05T14:13:24.722+0000] {dag.py:3096} INFO - Sync 1 DAGs
[2024-07-05T14:13:24.733+0000] {logging_mixin.py:188} INFO - [2024-07-05T14:13:24.733+0000] {dag.py:3954} INFO - Setting next_dagrun for example_task_group to 2024-07-04 00:00:00+00:00, run_after=2024-07-05 00:00:00+00:00
[2024-07-05T14:13:24.742+0000] {processor.py:183} INFO - Processing /home/airflow/.local/lib/python3.12/site-packages/airflow/example_dags/example_task_group.py took 0.038 seconds
[2024-07-05T14:13:55.062+0000] {processor.py:161} INFO - Started process (PID=580) to work on /home/airflow/.local/lib/python3.12/site-packages/airflow/example_dags/example_task_group.py
[2024-07-05T14:13:55.063+0000] {processor.py:830} INFO - Processing file /home/airflow/.local/lib/python3.12/site-packages/airflow/example_dags/example_task_group.py for tasks to queue
[2024-07-05T14:13:55.065+0000] {logging_mixin.py:188} INFO - [2024-07-05T14:13:55.065+0000] {dagbag.py:545} INFO - Filling up the DagBag from /home/airflow/.local/lib/python3.12/site-packages/airflow/example_dags/example_task_group.py
[2024-07-05T14:13:55.070+0000] {processor.py:840} INFO - DAG(s) 'example_task_group' retrieved from /home/airflow/.local/lib/python3.12/site-packages/airflow/example_dags/example_task_group.py
[2024-07-05T14:13:55.090+0000] {logging_mixin.py:188} INFO - [2024-07-05T14:13:55.089+0000] {dag.py:3096} INFO - Sync 1 DAGs
[2024-07-05T14:13:55.102+0000] {logging_mixin.py:188} INFO - [2024-07-05T14:13:55.102+0000] {dag.py:3954} INFO - Setting next_dagrun for example_task_group to 2024-07-04 00:00:00+00:00, run_after=2024-07-05 00:00:00+00:00
[2024-07-05T14:13:55.116+0000] {processor.py:183} INFO - Processing /home/airflow/.local/lib/python3.12/site-packages/airflow/example_dags/example_task_group.py took 0.058 seconds
[2024-07-05T14:14:25.559+0000] {processor.py:161} INFO - Started process (PID=638) to work on /home/airflow/.local/lib/python3.12/site-packages/airflow/example_dags/example_task_group.py
[2024-07-05T14:14:25.560+0000] {processor.py:830} INFO - Processing file /home/airflow/.local/lib/python3.12/site-packages/airflow/example_dags/example_task_group.py for tasks to queue
[2024-07-05T14:14:25.561+0000] {logging_mixin.py:188} INFO - [2024-07-05T14:14:25.561+0000] {dagbag.py:545} INFO - Filling up the DagBag from /home/airflow/.local/lib/python3.12/site-packages/airflow/example_dags/example_task_group.py
[2024-07-05T14:14:25.567+0000] {processor.py:840} INFO - DAG(s) 'example_task_group' retrieved from /home/airflow/.local/lib/python3.12/site-packages/airflow/example_dags/example_task_group.py
[2024-07-05T14:14:25.581+0000] {logging_mixin.py:188} INFO - [2024-07-05T14:14:25.581+0000] {dag.py:3096} INFO - Sync 1 DAGs
[2024-07-05T14:14:25.593+0000] {logging_mixin.py:188} INFO - [2024-07-05T14:14:25.593+0000] {dag.py:3954} INFO - Setting next_dagrun for example_task_group to 2024-07-04 00:00:00+00:00, run_after=2024-07-05 00:00:00+00:00
[2024-07-05T14:14:25.606+0000] {processor.py:183} INFO - Processing /home/airflow/.local/lib/python3.12/site-packages/airflow/example_dags/example_task_group.py took 0.051 seconds
[2024-07-05T14:14:55.827+0000] {processor.py:161} INFO - Started process (PID=696) to work on /home/airflow/.local/lib/python3.12/site-packages/airflow/example_dags/example_task_group.py
[2024-07-05T14:14:55.828+0000] {processor.py:830} INFO - Processing file /home/airflow/.local/lib/python3.12/site-packages/airflow/example_dags/example_task_group.py for tasks to queue
[2024-07-05T14:14:55.829+0000] {logging_mixin.py:188} INFO - [2024-07-05T14:14:55.829+0000] {dagbag.py:545} INFO - Filling up the DagBag from /home/airflow/.local/lib/python3.12/site-packages/airflow/example_dags/example_task_group.py
[2024-07-05T14:14:55.833+0000] {processor.py:840} INFO - DAG(s) 'example_task_group' retrieved from /home/airflow/.local/lib/python3.12/site-packages/airflow/example_dags/example_task_group.py
[2024-07-05T14:14:55.844+0000] {logging_mixin.py:188} INFO - [2024-07-05T14:14:55.844+0000] {dag.py:3096} INFO - Sync 1 DAGs
[2024-07-05T14:14:55.855+0000] {logging_mixin.py:188} INFO - [2024-07-05T14:14:55.855+0000] {dag.py:3954} INFO - Setting next_dagrun for example_task_group to 2024-07-04 00:00:00+00:00, run_after=2024-07-05 00:00:00+00:00
[2024-07-05T14:14:55.866+0000] {processor.py:183} INFO - Processing /home/airflow/.local/lib/python3.12/site-packages/airflow/example_dags/example_task_group.py took 0.043 seconds
[2024-07-05T14:15:26.208+0000] {processor.py:161} INFO - Started process (PID=754) to work on /home/airflow/.local/lib/python3.12/site-packages/airflow/example_dags/example_task_group.py
[2024-07-05T14:15:26.208+0000] {processor.py:830} INFO - Processing file /home/airflow/.local/lib/python3.12/site-packages/airflow/example_dags/example_task_group.py for tasks to queue
[2024-07-05T14:15:26.209+0000] {logging_mixin.py:188} INFO - [2024-07-05T14:15:26.209+0000] {dagbag.py:545} INFO - Filling up the DagBag from /home/airflow/.local/lib/python3.12/site-packages/airflow/example_dags/example_task_group.py
[2024-07-05T14:15:26.213+0000] {processor.py:840} INFO - DAG(s) 'example_task_group' retrieved from /home/airflow/.local/lib/python3.12/site-packages/airflow/example_dags/example_task_group.py
[2024-07-05T14:15:26.225+0000] {logging_mixin.py:188} INFO - [2024-07-05T14:15:26.225+0000] {dag.py:3096} INFO - Sync 1 DAGs
[2024-07-05T14:15:26.240+0000] {logging_mixin.py:188} INFO - [2024-07-05T14:15:26.240+0000] {dag.py:3954} INFO - Setting next_dagrun for example_task_group to 2024-07-04 00:00:00+00:00, run_after=2024-07-05 00:00:00+00:00
[2024-07-05T14:15:26.249+0000] {processor.py:183} INFO - Processing /home/airflow/.local/lib/python3.12/site-packages/airflow/example_dags/example_task_group.py took 0.045 seconds
[2024-07-05T14:15:56.561+0000] {processor.py:161} INFO - Started process (PID=812) to work on /home/airflow/.local/lib/python3.12/site-packages/airflow/example_dags/example_task_group.py
[2024-07-05T14:15:56.562+0000] {processor.py:830} INFO - Processing file /home/airflow/.local/lib/python3.12/site-packages/airflow/example_dags/example_task_group.py for tasks to queue
[2024-07-05T14:15:56.563+0000] {logging_mixin.py:188} INFO - [2024-07-05T14:15:56.563+0000] {dagbag.py:545} INFO - Filling up the DagBag from /home/airflow/.local/lib/python3.12/site-packages/airflow/example_dags/example_task_group.py
[2024-07-05T14:15:56.567+0000] {processor.py:840} INFO - DAG(s) 'example_task_group' retrieved from /home/airflow/.local/lib/python3.12/site-packages/airflow/example_dags/example_task_group.py
[2024-07-05T14:15:56.577+0000] {logging_mixin.py:188} INFO - [2024-07-05T14:15:56.577+0000] {dag.py:3096} INFO - Sync 1 DAGs
[2024-07-05T14:15:56.586+0000] {logging_mixin.py:188} INFO - [2024-07-05T14:15:56.586+0000] {dag.py:3954} INFO - Setting next_dagrun for example_task_group to 2024-07-04 00:00:00+00:00, run_after=2024-07-05 00:00:00+00:00
[2024-07-05T14:15:56.595+0000] {processor.py:183} INFO - Processing /home/airflow/.local/lib/python3.12/site-packages/airflow/example_dags/example_task_group.py took 0.037 seconds
[2024-07-05T14:16:27.000+0000] {processor.py:161} INFO - Started process (PID=870) to work on /home/airflow/.local/lib/python3.12/site-packages/airflow/example_dags/example_task_group.py
[2024-07-05T14:16:27.001+0000] {processor.py:830} INFO - Processing file /home/airflow/.local/lib/python3.12/site-packages/airflow/example_dags/example_task_group.py for tasks to queue
[2024-07-05T14:16:27.002+0000] {logging_mixin.py:188} INFO - [2024-07-05T14:16:27.002+0000] {dagbag.py:545} INFO - Filling up the DagBag from /home/airflow/.local/lib/python3.12/site-packages/airflow/example_dags/example_task_group.py
[2024-07-05T14:16:27.006+0000] {processor.py:840} INFO - DAG(s) 'example_task_group' retrieved from /home/airflow/.local/lib/python3.12/site-packages/airflow/example_dags/example_task_group.py
[2024-07-05T14:16:27.017+0000] {logging_mixin.py:188} INFO - [2024-07-05T14:16:27.017+0000] {dag.py:3096} INFO - Sync 1 DAGs
[2024-07-05T14:16:27.027+0000] {logging_mixin.py:188} INFO - [2024-07-05T14:16:27.027+0000] {dag.py:3954} INFO - Setting next_dagrun for example_task_group to 2024-07-04 00:00:00+00:00, run_after=2024-07-05 00:00:00+00:00
[2024-07-05T14:16:27.035+0000] {processor.py:183} INFO - Processing /home/airflow/.local/lib/python3.12/site-packages/airflow/example_dags/example_task_group.py took 0.038 seconds
[2024-07-05T14:16:57.333+0000] {processor.py:161} INFO - Started process (PID=928) to work on /home/airflow/.local/lib/python3.12/site-packages/airflow/example_dags/example_task_group.py
[2024-07-05T14:16:57.333+0000] {processor.py:830} INFO - Processing file /home/airflow/.local/lib/python3.12/site-packages/airflow/example_dags/example_task_group.py for tasks to queue
[2024-07-05T14:16:57.335+0000] {logging_mixin.py:188} INFO - [2024-07-05T14:16:57.334+0000] {dagbag.py:545} INFO - Filling up the DagBag from /home/airflow/.local/lib/python3.12/site-packages/airflow/example_dags/example_task_group.py
[2024-07-05T14:16:57.338+0000] {processor.py:840} INFO - DAG(s) 'example_task_group' retrieved from /home/airflow/.local/lib/python3.12/site-packages/airflow/example_dags/example_task_group.py
[2024-07-05T14:16:57.350+0000] {logging_mixin.py:188} INFO - [2024-07-05T14:16:57.350+0000] {dag.py:3096} INFO - Sync 1 DAGs
[2024-07-05T14:16:57.361+0000] {logging_mixin.py:188} INFO - [2024-07-05T14:16:57.361+0000] {dag.py:3954} INFO - Setting next_dagrun for example_task_group to 2024-07-04 00:00:00+00:00, run_after=2024-07-05 00:00:00+00:00
[2024-07-05T14:16:57.369+0000] {processor.py:183} INFO - Processing /home/airflow/.local/lib/python3.12/site-packages/airflow/example_dags/example_task_group.py took 0.039 seconds
[2024-07-05T14:17:27.737+0000] {processor.py:161} INFO - Started process (PID=986) to work on /home/airflow/.local/lib/python3.12/site-packages/airflow/example_dags/example_task_group.py
[2024-07-05T14:17:27.737+0000] {processor.py:830} INFO - Processing file /home/airflow/.local/lib/python3.12/site-packages/airflow/example_dags/example_task_group.py for tasks to queue
[2024-07-05T14:17:27.738+0000] {logging_mixin.py:188} INFO - [2024-07-05T14:17:27.738+0000] {dagbag.py:545} INFO - Filling up the DagBag from /home/airflow/.local/lib/python3.12/site-packages/airflow/example_dags/example_task_group.py
[2024-07-05T14:17:27.742+0000] {processor.py:840} INFO - DAG(s) 'example_task_group' retrieved from /home/airflow/.local/lib/python3.12/site-packages/airflow/example_dags/example_task_group.py
[2024-07-05T14:17:27.753+0000] {logging_mixin.py:188} INFO - [2024-07-05T14:17:27.753+0000] {dag.py:3096} INFO - Sync 1 DAGs
[2024-07-05T14:17:27.764+0000] {logging_mixin.py:188} INFO - [2024-07-05T14:17:27.764+0000] {dag.py:3954} INFO - Setting next_dagrun for example_task_group to 2024-07-04 00:00:00+00:00, run_after=2024-07-05 00:00:00+00:00
[2024-07-05T14:17:27.776+0000] {processor.py:183} INFO - Processing /home/airflow/.local/lib/python3.12/site-packages/airflow/example_dags/example_task_group.py took 0.043 seconds
[2024-07-05T14:17:58.168+0000] {processor.py:161} INFO - Started process (PID=1044) to work on /home/airflow/.local/lib/python3.12/site-packages/airflow/example_dags/example_task_group.py
[2024-07-05T14:17:58.169+0000] {processor.py:830} INFO - Processing file /home/airflow/.local/lib/python3.12/site-packages/airflow/example_dags/example_task_group.py for tasks to queue
[2024-07-05T14:17:58.170+0000] {logging_mixin.py:188} INFO - [2024-07-05T14:17:58.170+0000] {dagbag.py:545} INFO - Filling up the DagBag from /home/airflow/.local/lib/python3.12/site-packages/airflow/example_dags/example_task_group.py
[2024-07-05T14:17:58.174+0000] {processor.py:840} INFO - DAG(s) 'example_task_group' retrieved from /home/airflow/.local/lib/python3.12/site-packages/airflow/example_dags/example_task_group.py
[2024-07-05T14:17:58.185+0000] {logging_mixin.py:188} INFO - [2024-07-05T14:17:58.185+0000] {dag.py:3096} INFO - Sync 1 DAGs
[2024-07-05T14:17:58.196+0000] {logging_mixin.py:188} INFO - [2024-07-05T14:17:58.196+0000] {dag.py:3954} INFO - Setting next_dagrun for example_task_group to 2024-07-04 00:00:00+00:00, run_after=2024-07-05 00:00:00+00:00
[2024-07-05T14:17:58.206+0000] {processor.py:183} INFO - Processing /home/airflow/.local/lib/python3.12/site-packages/airflow/example_dags/example_task_group.py took 0.041 seconds
[2024-07-05T14:18:28.851+0000] {processor.py:161} INFO - Started process (PID=1102) to work on /home/airflow/.local/lib/python3.12/site-packages/airflow/example_dags/example_task_group.py
[2024-07-05T14:18:28.852+0000] {processor.py:830} INFO - Processing file /home/airflow/.local/lib/python3.12/site-packages/airflow/example_dags/example_task_group.py for tasks to queue
[2024-07-05T14:18:28.854+0000] {logging_mixin.py:188} INFO - [2024-07-05T14:18:28.854+0000] {dagbag.py:545} INFO - Filling up the DagBag from /home/airflow/.local/lib/python3.12/site-packages/airflow/example_dags/example_task_group.py
[2024-07-05T14:18:28.858+0000] {processor.py:840} INFO - DAG(s) 'example_task_group' retrieved from /home/airflow/.local/lib/python3.12/site-packages/airflow/example_dags/example_task_group.py
[2024-07-05T14:18:28.871+0000] {logging_mixin.py:188} INFO - [2024-07-05T14:18:28.871+0000] {dag.py:3096} INFO - Sync 1 DAGs
[2024-07-05T14:18:28.883+0000] {logging_mixin.py:188} INFO - [2024-07-05T14:18:28.883+0000] {dag.py:3954} INFO - Setting next_dagrun for example_task_group to 2024-07-04 00:00:00+00:00, run_after=2024-07-05 00:00:00+00:00
[2024-07-05T14:18:28.896+0000] {processor.py:183} INFO - Processing /home/airflow/.local/lib/python3.12/site-packages/airflow/example_dags/example_task_group.py took 0.050 seconds
[2024-07-05T14:18:59.304+0000] {processor.py:161} INFO - Started process (PID=1159) to work on /home/airflow/.local/lib/python3.12/site-packages/airflow/example_dags/example_task_group.py
[2024-07-05T14:18:59.305+0000] {processor.py:830} INFO - Processing file /home/airflow/.local/lib/python3.12/site-packages/airflow/example_dags/example_task_group.py for tasks to queue
[2024-07-05T14:18:59.306+0000] {logging_mixin.py:188} INFO - [2024-07-05T14:18:59.306+0000] {dagbag.py:545} INFO - Filling up the DagBag from /home/airflow/.local/lib/python3.12/site-packages/airflow/example_dags/example_task_group.py
[2024-07-05T14:18:59.309+0000] {processor.py:840} INFO - DAG(s) 'example_task_group' retrieved from /home/airflow/.local/lib/python3.12/site-packages/airflow/example_dags/example_task_group.py
[2024-07-05T14:18:59.319+0000] {logging_mixin.py:188} INFO - [2024-07-05T14:18:59.319+0000] {dag.py:3096} INFO - Sync 1 DAGs
[2024-07-05T14:18:59.328+0000] {logging_mixin.py:188} INFO - [2024-07-05T14:18:59.328+0000] {dag.py:3954} INFO - Setting next_dagrun for example_task_group to 2024-07-04 00:00:00+00:00, run_after=2024-07-05 00:00:00+00:00
[2024-07-05T14:18:59.337+0000] {processor.py:183} INFO - Processing /home/airflow/.local/lib/python3.12/site-packages/airflow/example_dags/example_task_group.py took 0.036 seconds
[2024-07-05T14:19:29.529+0000] {processor.py:161} INFO - Started process (PID=1217) to work on /home/airflow/.local/lib/python3.12/site-packages/airflow/example_dags/example_task_group.py
[2024-07-05T14:19:29.530+0000] {processor.py:830} INFO - Processing file /home/airflow/.local/lib/python3.12/site-packages/airflow/example_dags/example_task_group.py for tasks to queue
[2024-07-05T14:19:29.531+0000] {logging_mixin.py:188} INFO - [2024-07-05T14:19:29.530+0000] {dagbag.py:545} INFO - Filling up the DagBag from /home/airflow/.local/lib/python3.12/site-packages/airflow/example_dags/example_task_group.py
[2024-07-05T14:19:29.534+0000] {processor.py:840} INFO - DAG(s) 'example_task_group' retrieved from /home/airflow/.local/lib/python3.12/site-packages/airflow/example_dags/example_task_group.py
[2024-07-05T14:19:29.543+0000] {logging_mixin.py:188} INFO - [2024-07-05T14:19:29.543+0000] {dag.py:3096} INFO - Sync 1 DAGs
[2024-07-05T14:19:29.552+0000] {logging_mixin.py:188} INFO - [2024-07-05T14:19:29.552+0000] {dag.py:3954} INFO - Setting next_dagrun for example_task_group to 2024-07-04 00:00:00+00:00, run_after=2024-07-05 00:00:00+00:00
[2024-07-05T14:19:29.561+0000] {processor.py:183} INFO - Processing /home/airflow/.local/lib/python3.12/site-packages/airflow/example_dags/example_task_group.py took 0.035 seconds
[2024-07-05T14:19:59.873+0000] {processor.py:161} INFO - Started process (PID=1275) to work on /home/airflow/.local/lib/python3.12/site-packages/airflow/example_dags/example_task_group.py
[2024-07-05T14:19:59.874+0000] {processor.py:830} INFO - Processing file /home/airflow/.local/lib/python3.12/site-packages/airflow/example_dags/example_task_group.py for tasks to queue
[2024-07-05T14:19:59.876+0000] {logging_mixin.py:188} INFO - [2024-07-05T14:19:59.875+0000] {dagbag.py:545} INFO - Filling up the DagBag from /home/airflow/.local/lib/python3.12/site-packages/airflow/example_dags/example_task_group.py
[2024-07-05T14:19:59.884+0000] {processor.py:840} INFO - DAG(s) 'example_task_group' retrieved from /home/airflow/.local/lib/python3.12/site-packages/airflow/example_dags/example_task_group.py
[2024-07-05T14:19:59.893+0000] {logging_mixin.py:188} INFO - [2024-07-05T14:19:59.893+0000] {dag.py:3096} INFO - Sync 1 DAGs
[2024-07-05T14:19:59.907+0000] {logging_mixin.py:188} INFO - [2024-07-05T14:19:59.907+0000] {dag.py:3954} INFO - Setting next_dagrun for example_task_group to 2024-07-04 00:00:00+00:00, run_after=2024-07-05 00:00:00+00:00
[2024-07-05T14:19:59.916+0000] {processor.py:183} INFO - Processing /home/airflow/.local/lib/python3.12/site-packages/airflow/example_dags/example_task_group.py took 0.050 seconds
[2024-07-05T14:20:30.755+0000] {processor.py:161} INFO - Started process (PID=1333) to work on /home/airflow/.local/lib/python3.12/site-packages/airflow/example_dags/example_task_group.py
[2024-07-05T14:20:30.755+0000] {processor.py:830} INFO - Processing file /home/airflow/.local/lib/python3.12/site-packages/airflow/example_dags/example_task_group.py for tasks to queue
[2024-07-05T14:20:30.756+0000] {logging_mixin.py:188} INFO - [2024-07-05T14:20:30.756+0000] {dagbag.py:545} INFO - Filling up the DagBag from /home/airflow/.local/lib/python3.12/site-packages/airflow/example_dags/example_task_group.py
[2024-07-05T14:20:30.760+0000] {processor.py:840} INFO - DAG(s) 'example_task_group' retrieved from /home/airflow/.local/lib/python3.12/site-packages/airflow/example_dags/example_task_group.py
[2024-07-05T14:20:30.803+0000] {logging_mixin.py:188} INFO - [2024-07-05T14:20:30.803+0000] {dag.py:3096} INFO - Sync 1 DAGs
[2024-07-05T14:20:30.811+0000] {logging_mixin.py:188} INFO - [2024-07-05T14:20:30.811+0000] {dag.py:3954} INFO - Setting next_dagrun for example_task_group to 2024-07-04 00:00:00+00:00, run_after=2024-07-05 00:00:00+00:00
[2024-07-05T14:20:30.819+0000] {processor.py:183} INFO - Processing /home/airflow/.local/lib/python3.12/site-packages/airflow/example_dags/example_task_group.py took 0.067 seconds
[2024-07-05T14:21:01.229+0000] {processor.py:161} INFO - Started process (PID=1391) to work on /home/airflow/.local/lib/python3.12/site-packages/airflow/example_dags/example_task_group.py
[2024-07-05T14:21:01.230+0000] {processor.py:830} INFO - Processing file /home/airflow/.local/lib/python3.12/site-packages/airflow/example_dags/example_task_group.py for tasks to queue
[2024-07-05T14:21:01.231+0000] {logging_mixin.py:188} INFO - [2024-07-05T14:21:01.231+0000] {dagbag.py:545} INFO - Filling up the DagBag from /home/airflow/.local/lib/python3.12/site-packages/airflow/example_dags/example_task_group.py
[2024-07-05T14:21:01.235+0000] {processor.py:840} INFO - DAG(s) 'example_task_group' retrieved from /home/airflow/.local/lib/python3.12/site-packages/airflow/example_dags/example_task_group.py
[2024-07-05T14:21:01.246+0000] {logging_mixin.py:188} INFO - [2024-07-05T14:21:01.246+0000] {dag.py:3096} INFO - Sync 1 DAGs
[2024-07-05T14:21:01.256+0000] {logging_mixin.py:188} INFO - [2024-07-05T14:21:01.256+0000] {dag.py:3954} INFO - Setting next_dagrun for example_task_group to 2024-07-04 00:00:00+00:00, run_after=2024-07-05 00:00:00+00:00
[2024-07-05T14:21:01.264+0000] {processor.py:183} INFO - Processing /home/airflow/.local/lib/python3.12/site-packages/airflow/example_dags/example_task_group.py took 0.038 seconds
[2024-07-05T14:21:31.521+0000] {processor.py:161} INFO - Started process (PID=1449) to work on /home/airflow/.local/lib/python3.12/site-packages/airflow/example_dags/example_task_group.py
[2024-07-05T14:21:31.522+0000] {processor.py:830} INFO - Processing file /home/airflow/.local/lib/python3.12/site-packages/airflow/example_dags/example_task_group.py for tasks to queue
[2024-07-05T14:21:31.523+0000] {logging_mixin.py:188} INFO - [2024-07-05T14:21:31.523+0000] {dagbag.py:545} INFO - Filling up the DagBag from /home/airflow/.local/lib/python3.12/site-packages/airflow/example_dags/example_task_group.py
[2024-07-05T14:21:31.527+0000] {processor.py:840} INFO - DAG(s) 'example_task_group' retrieved from /home/airflow/.local/lib/python3.12/site-packages/airflow/example_dags/example_task_group.py
[2024-07-05T14:21:31.540+0000] {logging_mixin.py:188} INFO - [2024-07-05T14:21:31.540+0000] {dag.py:3096} INFO - Sync 1 DAGs
[2024-07-05T14:21:31.550+0000] {logging_mixin.py:188} INFO - [2024-07-05T14:21:31.550+0000] {dag.py:3954} INFO - Setting next_dagrun for example_task_group to 2024-07-04 00:00:00+00:00, run_after=2024-07-05 00:00:00+00:00
[2024-07-05T14:21:31.559+0000] {processor.py:183} INFO - Processing /home/airflow/.local/lib/python3.12/site-packages/airflow/example_dags/example_task_group.py took 0.041 seconds
[2024-07-05T14:22:02.060+0000] {processor.py:161} INFO - Started process (PID=1507) to work on /home/airflow/.local/lib/python3.12/site-packages/airflow/example_dags/example_task_group.py
[2024-07-05T14:22:02.061+0000] {processor.py:830} INFO - Processing file /home/airflow/.local/lib/python3.12/site-packages/airflow/example_dags/example_task_group.py for tasks to queue
[2024-07-05T14:22:02.062+0000] {logging_mixin.py:188} INFO - [2024-07-05T14:22:02.062+0000] {dagbag.py:545} INFO - Filling up the DagBag from /home/airflow/.local/lib/python3.12/site-packages/airflow/example_dags/example_task_group.py
[2024-07-05T14:22:02.066+0000] {processor.py:840} INFO - DAG(s) 'example_task_group' retrieved from /home/airflow/.local/lib/python3.12/site-packages/airflow/example_dags/example_task_group.py
[2024-07-05T14:22:02.077+0000] {logging_mixin.py:188} INFO - [2024-07-05T14:22:02.077+0000] {dag.py:3096} INFO - Sync 1 DAGs
[2024-07-05T14:22:02.087+0000] {logging_mixin.py:188} INFO - [2024-07-05T14:22:02.087+0000] {dag.py:3954} INFO - Setting next_dagrun for example_task_group to 2024-07-04 00:00:00+00:00, run_after=2024-07-05 00:00:00+00:00
[2024-07-05T14:22:02.096+0000] {processor.py:183} INFO - Processing /home/airflow/.local/lib/python3.12/site-packages/airflow/example_dags/example_task_group.py took 0.038 seconds
[2024-07-05T14:22:32.866+0000] {processor.py:161} INFO - Started process (PID=1565) to work on /home/airflow/.local/lib/python3.12/site-packages/airflow/example_dags/example_task_group.py
[2024-07-05T14:22:32.867+0000] {processor.py:830} INFO - Processing file /home/airflow/.local/lib/python3.12/site-packages/airflow/example_dags/example_task_group.py for tasks to queue
[2024-07-05T14:22:32.868+0000] {logging_mixin.py:188} INFO - [2024-07-05T14:22:32.867+0000] {dagbag.py:545} INFO - Filling up the DagBag from /home/airflow/.local/lib/python3.12/site-packages/airflow/example_dags/example_task_group.py
[2024-07-05T14:22:32.872+0000] {processor.py:840} INFO - DAG(s) 'example_task_group' retrieved from /home/airflow/.local/lib/python3.12/site-packages/airflow/example_dags/example_task_group.py
[2024-07-05T14:22:32.887+0000] {logging_mixin.py:188} INFO - [2024-07-05T14:22:32.887+0000] {dag.py:3096} INFO - Sync 1 DAGs
[2024-07-05T14:22:32.899+0000] {logging_mixin.py:188} INFO - [2024-07-05T14:22:32.899+0000] {dag.py:3954} INFO - Setting next_dagrun for example_task_group to 2024-07-04 00:00:00+00:00, run_after=2024-07-05 00:00:00+00:00
[2024-07-05T14:22:32.909+0000] {processor.py:183} INFO - Processing /home/airflow/.local/lib/python3.12/site-packages/airflow/example_dags/example_task_group.py took 0.046 seconds
[2024-07-05T14:23:03.062+0000] {processor.py:161} INFO - Started process (PID=1623) to work on /home/airflow/.local/lib/python3.12/site-packages/airflow/example_dags/example_task_group.py
[2024-07-05T14:23:03.063+0000] {processor.py:830} INFO - Processing file /home/airflow/.local/lib/python3.12/site-packages/airflow/example_dags/example_task_group.py for tasks to queue
[2024-07-05T14:23:03.064+0000] {logging_mixin.py:188} INFO - [2024-07-05T14:23:03.063+0000] {dagbag.py:545} INFO - Filling up the DagBag from /home/airflow/.local/lib/python3.12/site-packages/airflow/example_dags/example_task_group.py
[2024-07-05T14:23:03.067+0000] {processor.py:840} INFO - DAG(s) 'example_task_group' retrieved from /home/airflow/.local/lib/python3.12/site-packages/airflow/example_dags/example_task_group.py
[2024-07-05T14:23:03.078+0000] {logging_mixin.py:188} INFO - [2024-07-05T14:23:03.078+0000] {dag.py:3096} INFO - Sync 1 DAGs
[2024-07-05T14:23:03.087+0000] {logging_mixin.py:188} INFO - [2024-07-05T14:23:03.087+0000] {dag.py:3954} INFO - Setting next_dagrun for example_task_group to 2024-07-04 00:00:00+00:00, run_after=2024-07-05 00:00:00+00:00
[2024-07-05T14:23:03.096+0000] {processor.py:183} INFO - Processing /home/airflow/.local/lib/python3.12/site-packages/airflow/example_dags/example_task_group.py took 0.037 seconds
[2024-07-05T14:23:33.959+0000] {processor.py:161} INFO - Started process (PID=1681) to work on /home/airflow/.local/lib/python3.12/site-packages/airflow/example_dags/example_task_group.py
[2024-07-05T14:23:33.959+0000] {processor.py:830} INFO - Processing file /home/airflow/.local/lib/python3.12/site-packages/airflow/example_dags/example_task_group.py for tasks to queue
[2024-07-05T14:23:33.961+0000] {logging_mixin.py:188} INFO - [2024-07-05T14:23:33.960+0000] {dagbag.py:545} INFO - Filling up the DagBag from /home/airflow/.local/lib/python3.12/site-packages/airflow/example_dags/example_task_group.py
[2024-07-05T14:23:33.965+0000] {processor.py:840} INFO - DAG(s) 'example_task_group' retrieved from /home/airflow/.local/lib/python3.12/site-packages/airflow/example_dags/example_task_group.py
[2024-07-05T14:23:33.976+0000] {logging_mixin.py:188} INFO - [2024-07-05T14:23:33.976+0000] {dag.py:3096} INFO - Sync 1 DAGs
[2024-07-05T14:23:33.988+0000] {logging_mixin.py:188} INFO - [2024-07-05T14:23:33.988+0000] {dag.py:3954} INFO - Setting next_dagrun for example_task_group to 2024-07-04 00:00:00+00:00, run_after=2024-07-05 00:00:00+00:00
[2024-07-05T14:23:34.084+0000] {processor.py:183} INFO - Processing /home/airflow/.local/lib/python3.12/site-packages/airflow/example_dags/example_task_group.py took 0.129 seconds
[2024-07-05T14:24:04.164+0000] {processor.py:161} INFO - Started process (PID=1739) to work on /home/airflow/.local/lib/python3.12/site-packages/airflow/example_dags/example_task_group.py
[2024-07-05T14:24:04.165+0000] {processor.py:830} INFO - Processing file /home/airflow/.local/lib/python3.12/site-packages/airflow/example_dags/example_task_group.py for tasks to queue
[2024-07-05T14:24:04.166+0000] {logging_mixin.py:188} INFO - [2024-07-05T14:24:04.166+0000] {dagbag.py:545} INFO - Filling up the DagBag from /home/airflow/.local/lib/python3.12/site-packages/airflow/example_dags/example_task_group.py
[2024-07-05T14:24:04.170+0000] {processor.py:840} INFO - DAG(s) 'example_task_group' retrieved from /home/airflow/.local/lib/python3.12/site-packages/airflow/example_dags/example_task_group.py
[2024-07-05T14:24:04.182+0000] {logging_mixin.py:188} INFO - [2024-07-05T14:24:04.181+0000] {dag.py:3096} INFO - Sync 1 DAGs
[2024-07-05T14:24:04.191+0000] {logging_mixin.py:188} INFO - [2024-07-05T14:24:04.191+0000] {dag.py:3954} INFO - Setting next_dagrun for example_task_group to 2024-07-04 00:00:00+00:00, run_after=2024-07-05 00:00:00+00:00
[2024-07-05T14:24:04.294+0000] {processor.py:183} INFO - Processing /home/airflow/.local/lib/python3.12/site-packages/airflow/example_dags/example_task_group.py took 0.133 seconds
[2024-07-05T14:24:35.271+0000] {processor.py:161} INFO - Started process (PID=1796) to work on /home/airflow/.local/lib/python3.12/site-packages/airflow/example_dags/example_task_group.py
[2024-07-05T14:24:35.272+0000] {processor.py:830} INFO - Processing file /home/airflow/.local/lib/python3.12/site-packages/airflow/example_dags/example_task_group.py for tasks to queue
[2024-07-05T14:24:35.273+0000] {logging_mixin.py:188} INFO - [2024-07-05T14:24:35.273+0000] {dagbag.py:545} INFO - Filling up the DagBag from /home/airflow/.local/lib/python3.12/site-packages/airflow/example_dags/example_task_group.py
[2024-07-05T14:24:35.277+0000] {processor.py:840} INFO - DAG(s) 'example_task_group' retrieved from /home/airflow/.local/lib/python3.12/site-packages/airflow/example_dags/example_task_group.py
[2024-07-05T14:24:35.287+0000] {logging_mixin.py:188} INFO - [2024-07-05T14:24:35.287+0000] {dag.py:3096} INFO - Sync 1 DAGs
[2024-07-05T14:24:35.298+0000] {logging_mixin.py:188} INFO - [2024-07-05T14:24:35.298+0000] {dag.py:3954} INFO - Setting next_dagrun for example_task_group to 2024-07-04 00:00:00+00:00, run_after=2024-07-05 00:00:00+00:00
[2024-07-05T14:24:35.396+0000] {processor.py:183} INFO - Processing /home/airflow/.local/lib/python3.12/site-packages/airflow/example_dags/example_task_group.py took 0.128 seconds
[2024-07-05T14:25:05.430+0000] {processor.py:161} INFO - Started process (PID=1854) to work on /home/airflow/.local/lib/python3.12/site-packages/airflow/example_dags/example_task_group.py
[2024-07-05T14:25:05.430+0000] {processor.py:830} INFO - Processing file /home/airflow/.local/lib/python3.12/site-packages/airflow/example_dags/example_task_group.py for tasks to queue
[2024-07-05T14:25:05.431+0000] {logging_mixin.py:188} INFO - [2024-07-05T14:25:05.431+0000] {dagbag.py:545} INFO - Filling up the DagBag from /home/airflow/.local/lib/python3.12/site-packages/airflow/example_dags/example_task_group.py
[2024-07-05T14:25:05.435+0000] {processor.py:840} INFO - DAG(s) 'example_task_group' retrieved from /home/airflow/.local/lib/python3.12/site-packages/airflow/example_dags/example_task_group.py
[2024-07-05T14:25:05.445+0000] {logging_mixin.py:188} INFO - [2024-07-05T14:25:05.445+0000] {dag.py:3096} INFO - Sync 1 DAGs
[2024-07-05T14:25:05.455+0000] {logging_mixin.py:188} INFO - [2024-07-05T14:25:05.455+0000] {dag.py:3954} INFO - Setting next_dagrun for example_task_group to 2024-07-04 00:00:00+00:00, run_after=2024-07-05 00:00:00+00:00
[2024-07-05T14:25:05.464+0000] {processor.py:183} INFO - Processing /home/airflow/.local/lib/python3.12/site-packages/airflow/example_dags/example_task_group.py took 0.037 seconds
[2024-07-05T14:25:35.835+0000] {processor.py:161} INFO - Started process (PID=1912) to work on /home/airflow/.local/lib/python3.12/site-packages/airflow/example_dags/example_task_group.py
[2024-07-05T14:25:35.835+0000] {processor.py:830} INFO - Processing file /home/airflow/.local/lib/python3.12/site-packages/airflow/example_dags/example_task_group.py for tasks to queue
[2024-07-05T14:25:35.836+0000] {logging_mixin.py:188} INFO - [2024-07-05T14:25:35.836+0000] {dagbag.py:545} INFO - Filling up the DagBag from /home/airflow/.local/lib/python3.12/site-packages/airflow/example_dags/example_task_group.py
[2024-07-05T14:25:35.840+0000] {processor.py:840} INFO - DAG(s) 'example_task_group' retrieved from /home/airflow/.local/lib/python3.12/site-packages/airflow/example_dags/example_task_group.py
[2024-07-05T14:25:35.850+0000] {logging_mixin.py:188} INFO - [2024-07-05T14:25:35.850+0000] {dag.py:3096} INFO - Sync 1 DAGs
[2024-07-05T14:25:35.860+0000] {logging_mixin.py:188} INFO - [2024-07-05T14:25:35.860+0000] {dag.py:3954} INFO - Setting next_dagrun for example_task_group to 2024-07-04 00:00:00+00:00, run_after=2024-07-05 00:00:00+00:00
[2024-07-05T14:25:35.869+0000] {processor.py:183} INFO - Processing /home/airflow/.local/lib/python3.12/site-packages/airflow/example_dags/example_task_group.py took 0.037 seconds
[2024-07-05T14:26:06.777+0000] {processor.py:161} INFO - Started process (PID=1970) to work on /home/airflow/.local/lib/python3.12/site-packages/airflow/example_dags/example_task_group.py
[2024-07-05T14:26:06.778+0000] {processor.py:830} INFO - Processing file /home/airflow/.local/lib/python3.12/site-packages/airflow/example_dags/example_task_group.py for tasks to queue
[2024-07-05T14:26:06.779+0000] {logging_mixin.py:188} INFO - [2024-07-05T14:26:06.778+0000] {dagbag.py:545} INFO - Filling up the DagBag from /home/airflow/.local/lib/python3.12/site-packages/airflow/example_dags/example_task_group.py
[2024-07-05T14:26:06.783+0000] {processor.py:840} INFO - DAG(s) 'example_task_group' retrieved from /home/airflow/.local/lib/python3.12/site-packages/airflow/example_dags/example_task_group.py
[2024-07-05T14:26:06.793+0000] {logging_mixin.py:188} INFO - [2024-07-05T14:26:06.793+0000] {dag.py:3096} INFO - Sync 1 DAGs
[2024-07-05T14:26:06.804+0000] {logging_mixin.py:188} INFO - [2024-07-05T14:26:06.804+0000] {dag.py:3954} INFO - Setting next_dagrun for example_task_group to 2024-07-04 00:00:00+00:00, run_after=2024-07-05 00:00:00+00:00
[2024-07-05T14:26:06.812+0000] {processor.py:183} INFO - Processing /home/airflow/.local/lib/python3.12/site-packages/airflow/example_dags/example_task_group.py took 0.039 seconds
[2024-07-05T14:28:05.412+0000] {processor.py:161} INFO - Started process (PID=57) to work on /home/airflow/.local/lib/python3.12/site-packages/airflow/example_dags/example_task_group.py
[2024-07-05T14:28:05.413+0000] {processor.py:830} INFO - Processing file /home/airflow/.local/lib/python3.12/site-packages/airflow/example_dags/example_task_group.py for tasks to queue
[2024-07-05T14:28:05.418+0000] {logging_mixin.py:188} INFO - [2024-07-05T14:28:05.417+0000] {dagbag.py:545} INFO - Filling up the DagBag from /home/airflow/.local/lib/python3.12/site-packages/airflow/example_dags/example_task_group.py
[2024-07-05T14:28:05.434+0000] {processor.py:840} INFO - DAG(s) 'example_task_group' retrieved from /home/airflow/.local/lib/python3.12/site-packages/airflow/example_dags/example_task_group.py
[2024-07-05T14:28:05.452+0000] {logging_mixin.py:188} INFO - [2024-07-05T14:28:05.452+0000] {dag.py:3096} INFO - Sync 1 DAGs
[2024-07-05T14:28:05.475+0000] {logging_mixin.py:188} INFO - [2024-07-05T14:28:05.475+0000] {dag.py:3954} INFO - Setting next_dagrun for example_task_group to 2024-07-04 00:00:00+00:00, run_after=2024-07-05 00:00:00+00:00
[2024-07-05T14:28:05.497+0000] {processor.py:183} INFO - Processing /home/airflow/.local/lib/python3.12/site-packages/airflow/example_dags/example_task_group.py took 0.091 seconds
[2024-07-05T14:28:36.443+0000] {processor.py:161} INFO - Started process (PID=115) to work on /home/airflow/.local/lib/python3.12/site-packages/airflow/example_dags/example_task_group.py
[2024-07-05T14:28:36.445+0000] {processor.py:830} INFO - Processing file /home/airflow/.local/lib/python3.12/site-packages/airflow/example_dags/example_task_group.py for tasks to queue
[2024-07-05T14:28:36.447+0000] {logging_mixin.py:188} INFO - [2024-07-05T14:28:36.446+0000] {dagbag.py:545} INFO - Filling up the DagBag from /home/airflow/.local/lib/python3.12/site-packages/airflow/example_dags/example_task_group.py
[2024-07-05T14:28:36.455+0000] {processor.py:840} INFO - DAG(s) 'example_task_group' retrieved from /home/airflow/.local/lib/python3.12/site-packages/airflow/example_dags/example_task_group.py
[2024-07-05T14:28:36.465+0000] {logging_mixin.py:188} INFO - [2024-07-05T14:28:36.465+0000] {dag.py:3096} INFO - Sync 1 DAGs
[2024-07-05T14:28:36.481+0000] {logging_mixin.py:188} INFO - [2024-07-05T14:28:36.480+0000] {dag.py:3954} INFO - Setting next_dagrun for example_task_group to 2024-07-04 00:00:00+00:00, run_after=2024-07-05 00:00:00+00:00
[2024-07-05T14:28:36.490+0000] {processor.py:183} INFO - Processing /home/airflow/.local/lib/python3.12/site-packages/airflow/example_dags/example_task_group.py took 0.055 seconds
[2024-07-05T14:29:06.514+0000] {processor.py:161} INFO - Started process (PID=173) to work on /home/airflow/.local/lib/python3.12/site-packages/airflow/example_dags/example_task_group.py
[2024-07-05T14:29:06.515+0000] {processor.py:830} INFO - Processing file /home/airflow/.local/lib/python3.12/site-packages/airflow/example_dags/example_task_group.py for tasks to queue
[2024-07-05T14:29:06.515+0000] {logging_mixin.py:188} INFO - [2024-07-05T14:29:06.515+0000] {dagbag.py:545} INFO - Filling up the DagBag from /home/airflow/.local/lib/python3.12/site-packages/airflow/example_dags/example_task_group.py
[2024-07-05T14:29:06.519+0000] {processor.py:840} INFO - DAG(s) 'example_task_group' retrieved from /home/airflow/.local/lib/python3.12/site-packages/airflow/example_dags/example_task_group.py
[2024-07-05T14:29:06.560+0000] {logging_mixin.py:188} INFO - [2024-07-05T14:29:06.560+0000] {dag.py:3096} INFO - Sync 1 DAGs
[2024-07-05T14:29:06.568+0000] {logging_mixin.py:188} INFO - [2024-07-05T14:29:06.568+0000] {dag.py:3954} INFO - Setting next_dagrun for example_task_group to 2024-07-04 00:00:00+00:00, run_after=2024-07-05 00:00:00+00:00
[2024-07-05T14:29:06.576+0000] {processor.py:183} INFO - Processing /home/airflow/.local/lib/python3.12/site-packages/airflow/example_dags/example_task_group.py took 0.065 seconds
[2024-07-05T14:29:37.560+0000] {processor.py:161} INFO - Started process (PID=231) to work on /home/airflow/.local/lib/python3.12/site-packages/airflow/example_dags/example_task_group.py
[2024-07-05T14:29:37.563+0000] {processor.py:830} INFO - Processing file /home/airflow/.local/lib/python3.12/site-packages/airflow/example_dags/example_task_group.py for tasks to queue
[2024-07-05T14:29:37.567+0000] {logging_mixin.py:188} INFO - [2024-07-05T14:29:37.567+0000] {dagbag.py:545} INFO - Filling up the DagBag from /home/airflow/.local/lib/python3.12/site-packages/airflow/example_dags/example_task_group.py
[2024-07-05T14:29:37.574+0000] {processor.py:840} INFO - DAG(s) 'example_task_group' retrieved from /home/airflow/.local/lib/python3.12/site-packages/airflow/example_dags/example_task_group.py
[2024-07-05T14:29:37.589+0000] {logging_mixin.py:188} INFO - [2024-07-05T14:29:37.589+0000] {dag.py:3096} INFO - Sync 1 DAGs
[2024-07-05T14:29:37.601+0000] {logging_mixin.py:188} INFO - [2024-07-05T14:29:37.601+0000] {dag.py:3954} INFO - Setting next_dagrun for example_task_group to 2024-07-04 00:00:00+00:00, run_after=2024-07-05 00:00:00+00:00
[2024-07-05T14:29:37.610+0000] {processor.py:183} INFO - Processing /home/airflow/.local/lib/python3.12/site-packages/airflow/example_dags/example_task_group.py took 0.056 seconds
[2024-07-05T14:30:07.670+0000] {processor.py:161} INFO - Started process (PID=289) to work on /home/airflow/.local/lib/python3.12/site-packages/airflow/example_dags/example_task_group.py
[2024-07-05T14:30:07.671+0000] {processor.py:830} INFO - Processing file /home/airflow/.local/lib/python3.12/site-packages/airflow/example_dags/example_task_group.py for tasks to queue
[2024-07-05T14:30:07.673+0000] {logging_mixin.py:188} INFO - [2024-07-05T14:30:07.673+0000] {dagbag.py:545} INFO - Filling up the DagBag from /home/airflow/.local/lib/python3.12/site-packages/airflow/example_dags/example_task_group.py
[2024-07-05T14:30:07.679+0000] {processor.py:840} INFO - DAG(s) 'example_task_group' retrieved from /home/airflow/.local/lib/python3.12/site-packages/airflow/example_dags/example_task_group.py
[2024-07-05T14:30:07.697+0000] {logging_mixin.py:188} INFO - [2024-07-05T14:30:07.696+0000] {dag.py:3096} INFO - Sync 1 DAGs
[2024-07-05T14:30:07.709+0000] {logging_mixin.py:188} INFO - [2024-07-05T14:30:07.709+0000] {dag.py:3954} INFO - Setting next_dagrun for example_task_group to 2024-07-04 00:00:00+00:00, run_after=2024-07-05 00:00:00+00:00
[2024-07-05T14:30:07.719+0000] {processor.py:183} INFO - Processing /home/airflow/.local/lib/python3.12/site-packages/airflow/example_dags/example_task_group.py took 0.055 seconds
[2024-07-05T14:30:38.234+0000] {processor.py:161} INFO - Started process (PID=347) to work on /home/airflow/.local/lib/python3.12/site-packages/airflow/example_dags/example_task_group.py
[2024-07-05T14:30:38.235+0000] {processor.py:830} INFO - Processing file /home/airflow/.local/lib/python3.12/site-packages/airflow/example_dags/example_task_group.py for tasks to queue
[2024-07-05T14:30:38.236+0000] {logging_mixin.py:188} INFO - [2024-07-05T14:30:38.236+0000] {dagbag.py:545} INFO - Filling up the DagBag from /home/airflow/.local/lib/python3.12/site-packages/airflow/example_dags/example_task_group.py
[2024-07-05T14:30:38.239+0000] {processor.py:840} INFO - DAG(s) 'example_task_group' retrieved from /home/airflow/.local/lib/python3.12/site-packages/airflow/example_dags/example_task_group.py
[2024-07-05T14:30:38.252+0000] {logging_mixin.py:188} INFO - [2024-07-05T14:30:38.252+0000] {dag.py:3096} INFO - Sync 1 DAGs
[2024-07-05T14:30:38.264+0000] {logging_mixin.py:188} INFO - [2024-07-05T14:30:38.264+0000] {dag.py:3954} INFO - Setting next_dagrun for example_task_group to 2024-07-04 00:00:00+00:00, run_after=2024-07-05 00:00:00+00:00
[2024-07-05T14:30:38.276+0000] {processor.py:183} INFO - Processing /home/airflow/.local/lib/python3.12/site-packages/airflow/example_dags/example_task_group.py took 0.045 seconds
[2024-07-05T14:31:08.887+0000] {processor.py:161} INFO - Started process (PID=405) to work on /home/airflow/.local/lib/python3.12/site-packages/airflow/example_dags/example_task_group.py
[2024-07-05T14:31:08.888+0000] {processor.py:830} INFO - Processing file /home/airflow/.local/lib/python3.12/site-packages/airflow/example_dags/example_task_group.py for tasks to queue
[2024-07-05T14:31:08.890+0000] {logging_mixin.py:188} INFO - [2024-07-05T14:31:08.890+0000] {dagbag.py:545} INFO - Filling up the DagBag from /home/airflow/.local/lib/python3.12/site-packages/airflow/example_dags/example_task_group.py
[2024-07-05T14:31:08.898+0000] {processor.py:840} INFO - DAG(s) 'example_task_group' retrieved from /home/airflow/.local/lib/python3.12/site-packages/airflow/example_dags/example_task_group.py
[2024-07-05T14:31:08.916+0000] {logging_mixin.py:188} INFO - [2024-07-05T14:31:08.915+0000] {dag.py:3096} INFO - Sync 1 DAGs
[2024-07-05T14:31:08.930+0000] {logging_mixin.py:188} INFO - [2024-07-05T14:31:08.929+0000] {dag.py:3954} INFO - Setting next_dagrun for example_task_group to 2024-07-04 00:00:00+00:00, run_after=2024-07-05 00:00:00+00:00
[2024-07-05T14:31:08.940+0000] {processor.py:183} INFO - Processing /home/airflow/.local/lib/python3.12/site-packages/airflow/example_dags/example_task_group.py took 0.058 seconds
[2024-07-05T14:31:39.515+0000] {processor.py:161} INFO - Started process (PID=463) to work on /home/airflow/.local/lib/python3.12/site-packages/airflow/example_dags/example_task_group.py
[2024-07-05T14:31:39.516+0000] {processor.py:830} INFO - Processing file /home/airflow/.local/lib/python3.12/site-packages/airflow/example_dags/example_task_group.py for tasks to queue
[2024-07-05T14:31:39.517+0000] {logging_mixin.py:188} INFO - [2024-07-05T14:31:39.517+0000] {dagbag.py:545} INFO - Filling up the DagBag from /home/airflow/.local/lib/python3.12/site-packages/airflow/example_dags/example_task_group.py
[2024-07-05T14:31:39.523+0000] {processor.py:840} INFO - DAG(s) 'example_task_group' retrieved from /home/airflow/.local/lib/python3.12/site-packages/airflow/example_dags/example_task_group.py
[2024-07-05T14:31:39.539+0000] {logging_mixin.py:188} INFO - [2024-07-05T14:31:39.539+0000] {dag.py:3096} INFO - Sync 1 DAGs
[2024-07-05T14:31:39.552+0000] {logging_mixin.py:188} INFO - [2024-07-05T14:31:39.551+0000] {dag.py:3954} INFO - Setting next_dagrun for example_task_group to 2024-07-04 00:00:00+00:00, run_after=2024-07-05 00:00:00+00:00
[2024-07-05T14:31:39.561+0000] {processor.py:183} INFO - Processing /home/airflow/.local/lib/python3.12/site-packages/airflow/example_dags/example_task_group.py took 0.052 seconds
[2024-07-05T14:32:10.185+0000] {processor.py:161} INFO - Started process (PID=521) to work on /home/airflow/.local/lib/python3.12/site-packages/airflow/example_dags/example_task_group.py
[2024-07-05T14:32:10.187+0000] {processor.py:830} INFO - Processing file /home/airflow/.local/lib/python3.12/site-packages/airflow/example_dags/example_task_group.py for tasks to queue
[2024-07-05T14:32:10.188+0000] {logging_mixin.py:188} INFO - [2024-07-05T14:32:10.188+0000] {dagbag.py:545} INFO - Filling up the DagBag from /home/airflow/.local/lib/python3.12/site-packages/airflow/example_dags/example_task_group.py
[2024-07-05T14:32:10.194+0000] {processor.py:840} INFO - DAG(s) 'example_task_group' retrieved from /home/airflow/.local/lib/python3.12/site-packages/airflow/example_dags/example_task_group.py
[2024-07-05T14:32:10.209+0000] {logging_mixin.py:188} INFO - [2024-07-05T14:32:10.209+0000] {dag.py:3096} INFO - Sync 1 DAGs
[2024-07-05T14:32:10.221+0000] {logging_mixin.py:188} INFO - [2024-07-05T14:32:10.221+0000] {dag.py:3954} INFO - Setting next_dagrun for example_task_group to 2024-07-04 00:00:00+00:00, run_after=2024-07-05 00:00:00+00:00
[2024-07-05T14:32:10.231+0000] {processor.py:183} INFO - Processing /home/airflow/.local/lib/python3.12/site-packages/airflow/example_dags/example_task_group.py took 0.051 seconds
[2024-07-05T14:32:41.067+0000] {processor.py:161} INFO - Started process (PID=579) to work on /home/airflow/.local/lib/python3.12/site-packages/airflow/example_dags/example_task_group.py
[2024-07-05T14:32:41.068+0000] {processor.py:830} INFO - Processing file /home/airflow/.local/lib/python3.12/site-packages/airflow/example_dags/example_task_group.py for tasks to queue
[2024-07-05T14:32:41.069+0000] {logging_mixin.py:188} INFO - [2024-07-05T14:32:41.069+0000] {dagbag.py:545} INFO - Filling up the DagBag from /home/airflow/.local/lib/python3.12/site-packages/airflow/example_dags/example_task_group.py
[2024-07-05T14:32:41.072+0000] {processor.py:840} INFO - DAG(s) 'example_task_group' retrieved from /home/airflow/.local/lib/python3.12/site-packages/airflow/example_dags/example_task_group.py
[2024-07-05T14:32:41.084+0000] {logging_mixin.py:188} INFO - [2024-07-05T14:32:41.084+0000] {dag.py:3096} INFO - Sync 1 DAGs
[2024-07-05T14:32:41.096+0000] {logging_mixin.py:188} INFO - [2024-07-05T14:32:41.096+0000] {dag.py:3954} INFO - Setting next_dagrun for example_task_group to 2024-07-04 00:00:00+00:00, run_after=2024-07-05 00:00:00+00:00
[2024-07-05T14:32:41.105+0000] {processor.py:183} INFO - Processing /home/airflow/.local/lib/python3.12/site-packages/airflow/example_dags/example_task_group.py took 0.042 seconds
[2024-07-05T14:33:11.442+0000] {processor.py:161} INFO - Started process (PID=637) to work on /home/airflow/.local/lib/python3.12/site-packages/airflow/example_dags/example_task_group.py
[2024-07-05T14:33:11.443+0000] {processor.py:830} INFO - Processing file /home/airflow/.local/lib/python3.12/site-packages/airflow/example_dags/example_task_group.py for tasks to queue
[2024-07-05T14:33:11.445+0000] {logging_mixin.py:188} INFO - [2024-07-05T14:33:11.445+0000] {dagbag.py:545} INFO - Filling up the DagBag from /home/airflow/.local/lib/python3.12/site-packages/airflow/example_dags/example_task_group.py
[2024-07-05T14:33:11.452+0000] {processor.py:840} INFO - DAG(s) 'example_task_group' retrieved from /home/airflow/.local/lib/python3.12/site-packages/airflow/example_dags/example_task_group.py
[2024-07-05T14:33:11.469+0000] {logging_mixin.py:188} INFO - [2024-07-05T14:33:11.469+0000] {dag.py:3096} INFO - Sync 1 DAGs
[2024-07-05T14:33:11.482+0000] {logging_mixin.py:188} INFO - [2024-07-05T14:33:11.482+0000] {dag.py:3954} INFO - Setting next_dagrun for example_task_group to 2024-07-04 00:00:00+00:00, run_after=2024-07-05 00:00:00+00:00
[2024-07-05T14:33:11.492+0000] {processor.py:183} INFO - Processing /home/airflow/.local/lib/python3.12/site-packages/airflow/example_dags/example_task_group.py took 0.057 seconds
[2024-07-05T14:33:42.522+0000] {processor.py:161} INFO - Started process (PID=695) to work on /home/airflow/.local/lib/python3.12/site-packages/airflow/example_dags/example_task_group.py
[2024-07-05T14:33:42.524+0000] {processor.py:830} INFO - Processing file /home/airflow/.local/lib/python3.12/site-packages/airflow/example_dags/example_task_group.py for tasks to queue
[2024-07-05T14:33:42.528+0000] {logging_mixin.py:188} INFO - [2024-07-05T14:33:42.527+0000] {dagbag.py:545} INFO - Filling up the DagBag from /home/airflow/.local/lib/python3.12/site-packages/airflow/example_dags/example_task_group.py
[2024-07-05T14:33:42.538+0000] {processor.py:840} INFO - DAG(s) 'example_task_group' retrieved from /home/airflow/.local/lib/python3.12/site-packages/airflow/example_dags/example_task_group.py
[2024-07-05T14:33:42.548+0000] {logging_mixin.py:188} INFO - [2024-07-05T14:33:42.548+0000] {dag.py:3096} INFO - Sync 1 DAGs
[2024-07-05T14:33:42.558+0000] {logging_mixin.py:188} INFO - [2024-07-05T14:33:42.558+0000] {dag.py:3954} INFO - Setting next_dagrun for example_task_group to 2024-07-04 00:00:00+00:00, run_after=2024-07-05 00:00:00+00:00
[2024-07-05T14:33:42.566+0000] {processor.py:183} INFO - Processing /home/airflow/.local/lib/python3.12/site-packages/airflow/example_dags/example_task_group.py took 0.053 seconds
[2024-07-05T14:34:13.083+0000] {processor.py:161} INFO - Started process (PID=753) to work on /home/airflow/.local/lib/python3.12/site-packages/airflow/example_dags/example_task_group.py
[2024-07-05T14:34:13.084+0000] {processor.py:830} INFO - Processing file /home/airflow/.local/lib/python3.12/site-packages/airflow/example_dags/example_task_group.py for tasks to queue
[2024-07-05T14:34:13.085+0000] {logging_mixin.py:188} INFO - [2024-07-05T14:34:13.085+0000] {dagbag.py:545} INFO - Filling up the DagBag from /home/airflow/.local/lib/python3.12/site-packages/airflow/example_dags/example_task_group.py
[2024-07-05T14:34:13.091+0000] {processor.py:840} INFO - DAG(s) 'example_task_group' retrieved from /home/airflow/.local/lib/python3.12/site-packages/airflow/example_dags/example_task_group.py
[2024-07-05T14:34:13.104+0000] {logging_mixin.py:188} INFO - [2024-07-05T14:34:13.104+0000] {dag.py:3096} INFO - Sync 1 DAGs
[2024-07-05T14:34:13.115+0000] {logging_mixin.py:188} INFO - [2024-07-05T14:34:13.114+0000] {dag.py:3954} INFO - Setting next_dagrun for example_task_group to 2024-07-04 00:00:00+00:00, run_after=2024-07-05 00:00:00+00:00
[2024-07-05T14:34:13.124+0000] {processor.py:183} INFO - Processing /home/airflow/.local/lib/python3.12/site-packages/airflow/example_dags/example_task_group.py took 0.044 seconds
[2024-07-05T14:34:43.928+0000] {processor.py:161} INFO - Started process (PID=811) to work on /home/airflow/.local/lib/python3.12/site-packages/airflow/example_dags/example_task_group.py
[2024-07-05T14:34:43.929+0000] {processor.py:830} INFO - Processing file /home/airflow/.local/lib/python3.12/site-packages/airflow/example_dags/example_task_group.py for tasks to queue
[2024-07-05T14:34:43.930+0000] {logging_mixin.py:188} INFO - [2024-07-05T14:34:43.930+0000] {dagbag.py:545} INFO - Filling up the DagBag from /home/airflow/.local/lib/python3.12/site-packages/airflow/example_dags/example_task_group.py
[2024-07-05T14:34:43.934+0000] {processor.py:840} INFO - DAG(s) 'example_task_group' retrieved from /home/airflow/.local/lib/python3.12/site-packages/airflow/example_dags/example_task_group.py
[2024-07-05T14:34:43.945+0000] {logging_mixin.py:188} INFO - [2024-07-05T14:34:43.945+0000] {dag.py:3096} INFO - Sync 1 DAGs
[2024-07-05T14:34:43.957+0000] {logging_mixin.py:188} INFO - [2024-07-05T14:34:43.956+0000] {dag.py:3954} INFO - Setting next_dagrun for example_task_group to 2024-07-04 00:00:00+00:00, run_after=2024-07-05 00:00:00+00:00
[2024-07-05T14:34:43.966+0000] {processor.py:183} INFO - Processing /home/airflow/.local/lib/python3.12/site-packages/airflow/example_dags/example_task_group.py took 0.041 seconds
[2024-07-05T14:35:14.092+0000] {processor.py:161} INFO - Started process (PID=869) to work on /home/airflow/.local/lib/python3.12/site-packages/airflow/example_dags/example_task_group.py
[2024-07-05T14:35:14.094+0000] {processor.py:830} INFO - Processing file /home/airflow/.local/lib/python3.12/site-packages/airflow/example_dags/example_task_group.py for tasks to queue
[2024-07-05T14:35:14.098+0000] {logging_mixin.py:188} INFO - [2024-07-05T14:35:14.097+0000] {dagbag.py:545} INFO - Filling up the DagBag from /home/airflow/.local/lib/python3.12/site-packages/airflow/example_dags/example_task_group.py
[2024-07-05T14:35:14.119+0000] {processor.py:840} INFO - DAG(s) 'example_task_group' retrieved from /home/airflow/.local/lib/python3.12/site-packages/airflow/example_dags/example_task_group.py
[2024-07-05T14:35:14.176+0000] {logging_mixin.py:188} INFO - [2024-07-05T14:35:14.176+0000] {dag.py:3096} INFO - Sync 1 DAGs
[2024-07-05T14:35:14.218+0000] {logging_mixin.py:188} INFO - [2024-07-05T14:35:14.217+0000] {dag.py:3954} INFO - Setting next_dagrun for example_task_group to 2024-07-04 00:00:00+00:00, run_after=2024-07-05 00:00:00+00:00
[2024-07-05T14:35:14.278+0000] {processor.py:183} INFO - Processing /home/airflow/.local/lib/python3.12/site-packages/airflow/example_dags/example_task_group.py took 0.198 seconds
[2024-07-05T14:35:45.141+0000] {processor.py:161} INFO - Started process (PID=927) to work on /home/airflow/.local/lib/python3.12/site-packages/airflow/example_dags/example_task_group.py
[2024-07-05T14:35:45.176+0000] {processor.py:830} INFO - Processing file /home/airflow/.local/lib/python3.12/site-packages/airflow/example_dags/example_task_group.py for tasks to queue
[2024-07-05T14:35:45.246+0000] {logging_mixin.py:188} INFO - [2024-07-05T14:35:45.245+0000] {dagbag.py:545} INFO - Filling up the DagBag from /home/airflow/.local/lib/python3.12/site-packages/airflow/example_dags/example_task_group.py
[2024-07-05T14:35:45.376+0000] {processor.py:840} INFO - DAG(s) 'example_task_group' retrieved from /home/airflow/.local/lib/python3.12/site-packages/airflow/example_dags/example_task_group.py
[2024-07-05T14:35:45.586+0000] {logging_mixin.py:188} INFO - [2024-07-05T14:35:45.583+0000] {dag.py:3096} INFO - Sync 1 DAGs
[2024-07-05T14:35:45.785+0000] {logging_mixin.py:188} INFO - [2024-07-05T14:35:45.784+0000] {dag.py:3954} INFO - Setting next_dagrun for example_task_group to 2024-07-04 00:00:00+00:00, run_after=2024-07-05 00:00:00+00:00
[2024-07-05T14:35:46.189+0000] {processor.py:183} INFO - Processing /home/airflow/.local/lib/python3.12/site-packages/airflow/example_dags/example_task_group.py took 1.182 seconds
[2024-07-05T14:36:16.292+0000] {processor.py:161} INFO - Started process (PID=984) to work on /home/airflow/.local/lib/python3.12/site-packages/airflow/example_dags/example_task_group.py
[2024-07-05T14:36:16.294+0000] {processor.py:830} INFO - Processing file /home/airflow/.local/lib/python3.12/site-packages/airflow/example_dags/example_task_group.py for tasks to queue
[2024-07-05T14:36:16.296+0000] {logging_mixin.py:188} INFO - [2024-07-05T14:36:16.296+0000] {dagbag.py:545} INFO - Filling up the DagBag from /home/airflow/.local/lib/python3.12/site-packages/airflow/example_dags/example_task_group.py
[2024-07-05T14:36:16.304+0000] {processor.py:840} INFO - DAG(s) 'example_task_group' retrieved from /home/airflow/.local/lib/python3.12/site-packages/airflow/example_dags/example_task_group.py
[2024-07-05T14:36:16.323+0000] {logging_mixin.py:188} INFO - [2024-07-05T14:36:16.322+0000] {dag.py:3096} INFO - Sync 1 DAGs
[2024-07-05T14:36:16.337+0000] {logging_mixin.py:188} INFO - [2024-07-05T14:36:16.337+0000] {dag.py:3954} INFO - Setting next_dagrun for example_task_group to 2024-07-04 00:00:00+00:00, run_after=2024-07-05 00:00:00+00:00
[2024-07-05T14:36:16.346+0000] {processor.py:183} INFO - Processing /home/airflow/.local/lib/python3.12/site-packages/airflow/example_dags/example_task_group.py took 0.060 seconds
[2024-07-05T14:36:46.874+0000] {processor.py:161} INFO - Started process (PID=1042) to work on /home/airflow/.local/lib/python3.12/site-packages/airflow/example_dags/example_task_group.py
[2024-07-05T14:36:46.875+0000] {processor.py:830} INFO - Processing file /home/airflow/.local/lib/python3.12/site-packages/airflow/example_dags/example_task_group.py for tasks to queue
[2024-07-05T14:36:46.877+0000] {logging_mixin.py:188} INFO - [2024-07-05T14:36:46.877+0000] {dagbag.py:545} INFO - Filling up the DagBag from /home/airflow/.local/lib/python3.12/site-packages/airflow/example_dags/example_task_group.py
[2024-07-05T14:36:46.885+0000] {processor.py:840} INFO - DAG(s) 'example_task_group' retrieved from /home/airflow/.local/lib/python3.12/site-packages/airflow/example_dags/example_task_group.py
[2024-07-05T14:36:46.903+0000] {logging_mixin.py:188} INFO - [2024-07-05T14:36:46.903+0000] {dag.py:3096} INFO - Sync 1 DAGs
[2024-07-05T14:36:46.917+0000] {logging_mixin.py:188} INFO - [2024-07-05T14:36:46.916+0000] {dag.py:3954} INFO - Setting next_dagrun for example_task_group to 2024-07-04 00:00:00+00:00, run_after=2024-07-05 00:00:00+00:00
[2024-07-05T14:36:46.926+0000] {processor.py:183} INFO - Processing /home/airflow/.local/lib/python3.12/site-packages/airflow/example_dags/example_task_group.py took 0.059 seconds
[2024-07-05T14:37:17.483+0000] {processor.py:161} INFO - Started process (PID=1100) to work on /home/airflow/.local/lib/python3.12/site-packages/airflow/example_dags/example_task_group.py
[2024-07-05T14:37:17.486+0000] {processor.py:830} INFO - Processing file /home/airflow/.local/lib/python3.12/site-packages/airflow/example_dags/example_task_group.py for tasks to queue
[2024-07-05T14:37:17.502+0000] {logging_mixin.py:188} INFO - [2024-07-05T14:37:17.498+0000] {dagbag.py:545} INFO - Filling up the DagBag from /home/airflow/.local/lib/python3.12/site-packages/airflow/example_dags/example_task_group.py
[2024-07-05T14:37:17.527+0000] {processor.py:840} INFO - DAG(s) 'example_task_group' retrieved from /home/airflow/.local/lib/python3.12/site-packages/airflow/example_dags/example_task_group.py
[2024-07-05T14:37:17.552+0000] {logging_mixin.py:188} INFO - [2024-07-05T14:37:17.552+0000] {dag.py:3096} INFO - Sync 1 DAGs
[2024-07-05T14:37:17.579+0000] {logging_mixin.py:188} INFO - [2024-07-05T14:37:17.579+0000] {dag.py:3954} INFO - Setting next_dagrun for example_task_group to 2024-07-04 00:00:00+00:00, run_after=2024-07-05 00:00:00+00:00
[2024-07-05T14:37:17.591+0000] {processor.py:183} INFO - Processing /home/airflow/.local/lib/python3.12/site-packages/airflow/example_dags/example_task_group.py took 0.122 seconds
[2024-07-05T14:37:48.129+0000] {processor.py:161} INFO - Started process (PID=1158) to work on /home/airflow/.local/lib/python3.12/site-packages/airflow/example_dags/example_task_group.py
[2024-07-05T14:37:48.130+0000] {processor.py:830} INFO - Processing file /home/airflow/.local/lib/python3.12/site-packages/airflow/example_dags/example_task_group.py for tasks to queue
[2024-07-05T14:37:48.132+0000] {logging_mixin.py:188} INFO - [2024-07-05T14:37:48.132+0000] {dagbag.py:545} INFO - Filling up the DagBag from /home/airflow/.local/lib/python3.12/site-packages/airflow/example_dags/example_task_group.py
[2024-07-05T14:37:48.140+0000] {processor.py:840} INFO - DAG(s) 'example_task_group' retrieved from /home/airflow/.local/lib/python3.12/site-packages/airflow/example_dags/example_task_group.py
[2024-07-05T14:37:48.159+0000] {logging_mixin.py:188} INFO - [2024-07-05T14:37:48.159+0000] {dag.py:3096} INFO - Sync 1 DAGs
[2024-07-05T14:37:48.173+0000] {logging_mixin.py:188} INFO - [2024-07-05T14:37:48.173+0000] {dag.py:3954} INFO - Setting next_dagrun for example_task_group to 2024-07-04 00:00:00+00:00, run_after=2024-07-05 00:00:00+00:00
[2024-07-05T14:37:48.183+0000] {processor.py:183} INFO - Processing /home/airflow/.local/lib/python3.12/site-packages/airflow/example_dags/example_task_group.py took 0.060 seconds
[2024-07-05T14:38:18.874+0000] {processor.py:161} INFO - Started process (PID=1216) to work on /home/airflow/.local/lib/python3.12/site-packages/airflow/example_dags/example_task_group.py
[2024-07-05T14:38:18.875+0000] {processor.py:830} INFO - Processing file /home/airflow/.local/lib/python3.12/site-packages/airflow/example_dags/example_task_group.py for tasks to queue
[2024-07-05T14:38:18.877+0000] {logging_mixin.py:188} INFO - [2024-07-05T14:38:18.877+0000] {dagbag.py:545} INFO - Filling up the DagBag from /home/airflow/.local/lib/python3.12/site-packages/airflow/example_dags/example_task_group.py
[2024-07-05T14:38:18.884+0000] {processor.py:840} INFO - DAG(s) 'example_task_group' retrieved from /home/airflow/.local/lib/python3.12/site-packages/airflow/example_dags/example_task_group.py
[2024-07-05T14:38:18.903+0000] {logging_mixin.py:188} INFO - [2024-07-05T14:38:18.903+0000] {dag.py:3096} INFO - Sync 1 DAGs
[2024-07-05T14:38:18.917+0000] {logging_mixin.py:188} INFO - [2024-07-05T14:38:18.917+0000] {dag.py:3954} INFO - Setting next_dagrun for example_task_group to 2024-07-04 00:00:00+00:00, run_after=2024-07-05 00:00:00+00:00
[2024-07-05T14:38:18.927+0000] {processor.py:183} INFO - Processing /home/airflow/.local/lib/python3.12/site-packages/airflow/example_dags/example_task_group.py took 0.059 seconds
[2024-07-05T14:38:49.413+0000] {processor.py:161} INFO - Started process (PID=1274) to work on /home/airflow/.local/lib/python3.12/site-packages/airflow/example_dags/example_task_group.py
[2024-07-05T14:38:49.414+0000] {processor.py:830} INFO - Processing file /home/airflow/.local/lib/python3.12/site-packages/airflow/example_dags/example_task_group.py for tasks to queue
[2024-07-05T14:38:49.416+0000] {logging_mixin.py:188} INFO - [2024-07-05T14:38:49.416+0000] {dagbag.py:545} INFO - Filling up the DagBag from /home/airflow/.local/lib/python3.12/site-packages/airflow/example_dags/example_task_group.py
[2024-07-05T14:38:49.422+0000] {processor.py:840} INFO - DAG(s) 'example_task_group' retrieved from /home/airflow/.local/lib/python3.12/site-packages/airflow/example_dags/example_task_group.py
[2024-07-05T14:38:49.438+0000] {logging_mixin.py:188} INFO - [2024-07-05T14:38:49.438+0000] {dag.py:3096} INFO - Sync 1 DAGs
[2024-07-05T14:38:49.450+0000] {logging_mixin.py:188} INFO - [2024-07-05T14:38:49.450+0000] {dag.py:3954} INFO - Setting next_dagrun for example_task_group to 2024-07-04 00:00:00+00:00, run_after=2024-07-05 00:00:00+00:00
[2024-07-05T14:38:49.459+0000] {processor.py:183} INFO - Processing /home/airflow/.local/lib/python3.12/site-packages/airflow/example_dags/example_task_group.py took 0.051 seconds
[2024-07-05T14:39:19.971+0000] {processor.py:161} INFO - Started process (PID=1332) to work on /home/airflow/.local/lib/python3.12/site-packages/airflow/example_dags/example_task_group.py
[2024-07-05T14:39:19.972+0000] {processor.py:830} INFO - Processing file /home/airflow/.local/lib/python3.12/site-packages/airflow/example_dags/example_task_group.py for tasks to queue
[2024-07-05T14:39:19.974+0000] {logging_mixin.py:188} INFO - [2024-07-05T14:39:19.973+0000] {dagbag.py:545} INFO - Filling up the DagBag from /home/airflow/.local/lib/python3.12/site-packages/airflow/example_dags/example_task_group.py
[2024-07-05T14:39:19.980+0000] {processor.py:840} INFO - DAG(s) 'example_task_group' retrieved from /home/airflow/.local/lib/python3.12/site-packages/airflow/example_dags/example_task_group.py
[2024-07-05T14:39:19.996+0000] {logging_mixin.py:188} INFO - [2024-07-05T14:39:19.995+0000] {dag.py:3096} INFO - Sync 1 DAGs
[2024-07-05T14:39:20.007+0000] {logging_mixin.py:188} INFO - [2024-07-05T14:39:20.007+0000] {dag.py:3954} INFO - Setting next_dagrun for example_task_group to 2024-07-04 00:00:00+00:00, run_after=2024-07-05 00:00:00+00:00
[2024-07-05T14:39:20.016+0000] {processor.py:183} INFO - Processing /home/airflow/.local/lib/python3.12/site-packages/airflow/example_dags/example_task_group.py took 0.051 seconds
[2024-07-05T14:39:50.704+0000] {processor.py:161} INFO - Started process (PID=1390) to work on /home/airflow/.local/lib/python3.12/site-packages/airflow/example_dags/example_task_group.py
[2024-07-05T14:39:50.705+0000] {processor.py:830} INFO - Processing file /home/airflow/.local/lib/python3.12/site-packages/airflow/example_dags/example_task_group.py for tasks to queue
[2024-07-05T14:39:50.707+0000] {logging_mixin.py:188} INFO - [2024-07-05T14:39:50.707+0000] {dagbag.py:545} INFO - Filling up the DagBag from /home/airflow/.local/lib/python3.12/site-packages/airflow/example_dags/example_task_group.py
[2024-07-05T14:39:50.715+0000] {processor.py:840} INFO - DAG(s) 'example_task_group' retrieved from /home/airflow/.local/lib/python3.12/site-packages/airflow/example_dags/example_task_group.py
[2024-07-05T14:39:50.733+0000] {logging_mixin.py:188} INFO - [2024-07-05T14:39:50.733+0000] {dag.py:3096} INFO - Sync 1 DAGs
[2024-07-05T14:39:50.748+0000] {logging_mixin.py:188} INFO - [2024-07-05T14:39:50.748+0000] {dag.py:3954} INFO - Setting next_dagrun for example_task_group to 2024-07-04 00:00:00+00:00, run_after=2024-07-05 00:00:00+00:00
[2024-07-05T14:39:50.757+0000] {processor.py:183} INFO - Processing /home/airflow/.local/lib/python3.12/site-packages/airflow/example_dags/example_task_group.py took 0.061 seconds
[2024-07-05T14:40:21.493+0000] {processor.py:161} INFO - Started process (PID=1448) to work on /home/airflow/.local/lib/python3.12/site-packages/airflow/example_dags/example_task_group.py
[2024-07-05T14:40:21.494+0000] {processor.py:830} INFO - Processing file /home/airflow/.local/lib/python3.12/site-packages/airflow/example_dags/example_task_group.py for tasks to queue
[2024-07-05T14:40:21.496+0000] {logging_mixin.py:188} INFO - [2024-07-05T14:40:21.496+0000] {dagbag.py:545} INFO - Filling up the DagBag from /home/airflow/.local/lib/python3.12/site-packages/airflow/example_dags/example_task_group.py
[2024-07-05T14:40:21.502+0000] {processor.py:840} INFO - DAG(s) 'example_task_group' retrieved from /home/airflow/.local/lib/python3.12/site-packages/airflow/example_dags/example_task_group.py
[2024-07-05T14:40:21.515+0000] {logging_mixin.py:188} INFO - [2024-07-05T14:40:21.514+0000] {dag.py:3096} INFO - Sync 1 DAGs
[2024-07-05T14:40:21.526+0000] {logging_mixin.py:188} INFO - [2024-07-05T14:40:21.526+0000] {dag.py:3954} INFO - Setting next_dagrun for example_task_group to 2024-07-04 00:00:00+00:00, run_after=2024-07-05 00:00:00+00:00
[2024-07-05T14:40:21.537+0000] {processor.py:183} INFO - Processing /home/airflow/.local/lib/python3.12/site-packages/airflow/example_dags/example_task_group.py took 0.051 seconds
[2024-07-05T14:40:52.219+0000] {processor.py:161} INFO - Started process (PID=1505) to work on /home/airflow/.local/lib/python3.12/site-packages/airflow/example_dags/example_task_group.py
[2024-07-05T14:40:52.221+0000] {processor.py:830} INFO - Processing file /home/airflow/.local/lib/python3.12/site-packages/airflow/example_dags/example_task_group.py for tasks to queue
[2024-07-05T14:40:52.223+0000] {logging_mixin.py:188} INFO - [2024-07-05T14:40:52.222+0000] {dagbag.py:545} INFO - Filling up the DagBag from /home/airflow/.local/lib/python3.12/site-packages/airflow/example_dags/example_task_group.py
[2024-07-05T14:40:52.230+0000] {processor.py:840} INFO - DAG(s) 'example_task_group' retrieved from /home/airflow/.local/lib/python3.12/site-packages/airflow/example_dags/example_task_group.py
[2024-07-05T14:40:52.250+0000] {logging_mixin.py:188} INFO - [2024-07-05T14:40:52.250+0000] {dag.py:3096} INFO - Sync 1 DAGs
[2024-07-05T14:40:52.265+0000] {logging_mixin.py:188} INFO - [2024-07-05T14:40:52.265+0000] {dag.py:3954} INFO - Setting next_dagrun for example_task_group to 2024-07-04 00:00:00+00:00, run_after=2024-07-05 00:00:00+00:00
[2024-07-05T14:40:52.275+0000] {processor.py:183} INFO - Processing /home/airflow/.local/lib/python3.12/site-packages/airflow/example_dags/example_task_group.py took 0.064 seconds
[2024-07-05T14:41:22.955+0000] {processor.py:161} INFO - Started process (PID=1563) to work on /home/airflow/.local/lib/python3.12/site-packages/airflow/example_dags/example_task_group.py
[2024-07-05T14:41:22.957+0000] {processor.py:830} INFO - Processing file /home/airflow/.local/lib/python3.12/site-packages/airflow/example_dags/example_task_group.py for tasks to queue
[2024-07-05T14:41:22.959+0000] {logging_mixin.py:188} INFO - [2024-07-05T14:41:22.959+0000] {dagbag.py:545} INFO - Filling up the DagBag from /home/airflow/.local/lib/python3.12/site-packages/airflow/example_dags/example_task_group.py
[2024-07-05T14:41:22.967+0000] {processor.py:840} INFO - DAG(s) 'example_task_group' retrieved from /home/airflow/.local/lib/python3.12/site-packages/airflow/example_dags/example_task_group.py
[2024-07-05T14:41:22.986+0000] {logging_mixin.py:188} INFO - [2024-07-05T14:41:22.985+0000] {dag.py:3096} INFO - Sync 1 DAGs
[2024-07-05T14:41:22.999+0000] {logging_mixin.py:188} INFO - [2024-07-05T14:41:22.999+0000] {dag.py:3954} INFO - Setting next_dagrun for example_task_group to 2024-07-04 00:00:00+00:00, run_after=2024-07-05 00:00:00+00:00
[2024-07-05T14:41:23.009+0000] {processor.py:183} INFO - Processing /home/airflow/.local/lib/python3.12/site-packages/airflow/example_dags/example_task_group.py took 0.061 seconds
[2024-07-05T14:41:53.204+0000] {processor.py:161} INFO - Started process (PID=1621) to work on /home/airflow/.local/lib/python3.12/site-packages/airflow/example_dags/example_task_group.py
[2024-07-05T14:41:53.205+0000] {processor.py:830} INFO - Processing file /home/airflow/.local/lib/python3.12/site-packages/airflow/example_dags/example_task_group.py for tasks to queue
[2024-07-05T14:41:53.207+0000] {logging_mixin.py:188} INFO - [2024-07-05T14:41:53.206+0000] {dagbag.py:545} INFO - Filling up the DagBag from /home/airflow/.local/lib/python3.12/site-packages/airflow/example_dags/example_task_group.py
[2024-07-05T14:41:53.211+0000] {processor.py:840} INFO - DAG(s) 'example_task_group' retrieved from /home/airflow/.local/lib/python3.12/site-packages/airflow/example_dags/example_task_group.py
[2024-07-05T14:41:53.223+0000] {logging_mixin.py:188} INFO - [2024-07-05T14:41:53.223+0000] {dag.py:3096} INFO - Sync 1 DAGs
[2024-07-05T14:41:53.235+0000] {logging_mixin.py:188} INFO - [2024-07-05T14:41:53.235+0000] {dag.py:3954} INFO - Setting next_dagrun for example_task_group to 2024-07-04 00:00:00+00:00, run_after=2024-07-05 00:00:00+00:00
[2024-07-05T14:41:53.245+0000] {processor.py:183} INFO - Processing /home/airflow/.local/lib/python3.12/site-packages/airflow/example_dags/example_task_group.py took 0.044 seconds
[2024-07-05T14:42:23.305+0000] {processor.py:161} INFO - Started process (PID=1679) to work on /home/airflow/.local/lib/python3.12/site-packages/airflow/example_dags/example_task_group.py
[2024-07-05T14:42:23.309+0000] {processor.py:830} INFO - Processing file /home/airflow/.local/lib/python3.12/site-packages/airflow/example_dags/example_task_group.py for tasks to queue
[2024-07-05T14:42:23.313+0000] {logging_mixin.py:188} INFO - [2024-07-05T14:42:23.312+0000] {dagbag.py:545} INFO - Filling up the DagBag from /home/airflow/.local/lib/python3.12/site-packages/airflow/example_dags/example_task_group.py
[2024-07-05T14:42:23.323+0000] {processor.py:840} INFO - DAG(s) 'example_task_group' retrieved from /home/airflow/.local/lib/python3.12/site-packages/airflow/example_dags/example_task_group.py
[2024-07-05T14:42:23.346+0000] {logging_mixin.py:188} INFO - [2024-07-05T14:42:23.346+0000] {dag.py:3096} INFO - Sync 1 DAGs
[2024-07-05T14:42:23.361+0000] {logging_mixin.py:188} INFO - [2024-07-05T14:42:23.360+0000] {dag.py:3954} INFO - Setting next_dagrun for example_task_group to 2024-07-04 00:00:00+00:00, run_after=2024-07-05 00:00:00+00:00
[2024-07-05T14:42:23.372+0000] {processor.py:183} INFO - Processing /home/airflow/.local/lib/python3.12/site-packages/airflow/example_dags/example_task_group.py took 0.081 seconds
[2024-07-05T14:42:53.639+0000] {processor.py:161} INFO - Started process (PID=1736) to work on /home/airflow/.local/lib/python3.12/site-packages/airflow/example_dags/example_task_group.py
[2024-07-05T14:42:53.640+0000] {processor.py:830} INFO - Processing file /home/airflow/.local/lib/python3.12/site-packages/airflow/example_dags/example_task_group.py for tasks to queue
[2024-07-05T14:42:53.643+0000] {logging_mixin.py:188} INFO - [2024-07-05T14:42:53.642+0000] {dagbag.py:545} INFO - Filling up the DagBag from /home/airflow/.local/lib/python3.12/site-packages/airflow/example_dags/example_task_group.py
[2024-07-05T14:42:53.651+0000] {processor.py:840} INFO - DAG(s) 'example_task_group' retrieved from /home/airflow/.local/lib/python3.12/site-packages/airflow/example_dags/example_task_group.py
[2024-07-05T14:42:53.671+0000] {logging_mixin.py:188} INFO - [2024-07-05T14:42:53.671+0000] {dag.py:3096} INFO - Sync 1 DAGs
[2024-07-05T14:42:53.683+0000] {logging_mixin.py:188} INFO - [2024-07-05T14:42:53.683+0000] {dag.py:3954} INFO - Setting next_dagrun for example_task_group to 2024-07-04 00:00:00+00:00, run_after=2024-07-05 00:00:00+00:00
[2024-07-05T14:42:53.692+0000] {processor.py:183} INFO - Processing /home/airflow/.local/lib/python3.12/site-packages/airflow/example_dags/example_task_group.py took 0.061 seconds
[2024-07-05T14:43:23.722+0000] {processor.py:161} INFO - Started process (PID=1794) to work on /home/airflow/.local/lib/python3.12/site-packages/airflow/example_dags/example_task_group.py
[2024-07-05T14:43:23.723+0000] {processor.py:830} INFO - Processing file /home/airflow/.local/lib/python3.12/site-packages/airflow/example_dags/example_task_group.py for tasks to queue
[2024-07-05T14:43:23.725+0000] {logging_mixin.py:188} INFO - [2024-07-05T14:43:23.725+0000] {dagbag.py:545} INFO - Filling up the DagBag from /home/airflow/.local/lib/python3.12/site-packages/airflow/example_dags/example_task_group.py
[2024-07-05T14:43:23.730+0000] {processor.py:840} INFO - DAG(s) 'example_task_group' retrieved from /home/airflow/.local/lib/python3.12/site-packages/airflow/example_dags/example_task_group.py
[2024-07-05T14:43:23.742+0000] {logging_mixin.py:188} INFO - [2024-07-05T14:43:23.742+0000] {dag.py:3096} INFO - Sync 1 DAGs
[2024-07-05T14:43:23.752+0000] {logging_mixin.py:188} INFO - [2024-07-05T14:43:23.752+0000] {dag.py:3954} INFO - Setting next_dagrun for example_task_group to 2024-07-04 00:00:00+00:00, run_after=2024-07-05 00:00:00+00:00
[2024-07-05T14:43:23.759+0000] {processor.py:183} INFO - Processing /home/airflow/.local/lib/python3.12/site-packages/airflow/example_dags/example_task_group.py took 0.041 seconds
[2024-07-05T14:43:54.458+0000] {processor.py:161} INFO - Started process (PID=1852) to work on /home/airflow/.local/lib/python3.12/site-packages/airflow/example_dags/example_task_group.py
[2024-07-05T14:43:54.460+0000] {processor.py:830} INFO - Processing file /home/airflow/.local/lib/python3.12/site-packages/airflow/example_dags/example_task_group.py for tasks to queue
[2024-07-05T14:43:54.462+0000] {logging_mixin.py:188} INFO - [2024-07-05T14:43:54.462+0000] {dagbag.py:545} INFO - Filling up the DagBag from /home/airflow/.local/lib/python3.12/site-packages/airflow/example_dags/example_task_group.py
[2024-07-05T14:43:54.470+0000] {processor.py:840} INFO - DAG(s) 'example_task_group' retrieved from /home/airflow/.local/lib/python3.12/site-packages/airflow/example_dags/example_task_group.py
[2024-07-05T14:43:54.488+0000] {logging_mixin.py:188} INFO - [2024-07-05T14:43:54.488+0000] {dag.py:3096} INFO - Sync 1 DAGs
[2024-07-05T14:43:54.501+0000] {logging_mixin.py:188} INFO - [2024-07-05T14:43:54.501+0000] {dag.py:3954} INFO - Setting next_dagrun for example_task_group to 2024-07-04 00:00:00+00:00, run_after=2024-07-05 00:00:00+00:00
[2024-07-05T14:43:54.511+0000] {processor.py:183} INFO - Processing /home/airflow/.local/lib/python3.12/site-packages/airflow/example_dags/example_task_group.py took 0.059 seconds
[2024-07-05T14:44:24.551+0000] {processor.py:161} INFO - Started process (PID=1909) to work on /home/airflow/.local/lib/python3.12/site-packages/airflow/example_dags/example_task_group.py
[2024-07-05T14:44:24.552+0000] {processor.py:830} INFO - Processing file /home/airflow/.local/lib/python3.12/site-packages/airflow/example_dags/example_task_group.py for tasks to queue
[2024-07-05T14:44:24.553+0000] {logging_mixin.py:188} INFO - [2024-07-05T14:44:24.552+0000] {dagbag.py:545} INFO - Filling up the DagBag from /home/airflow/.local/lib/python3.12/site-packages/airflow/example_dags/example_task_group.py
[2024-07-05T14:44:24.556+0000] {processor.py:840} INFO - DAG(s) 'example_task_group' retrieved from /home/airflow/.local/lib/python3.12/site-packages/airflow/example_dags/example_task_group.py
[2024-07-05T14:44:24.565+0000] {logging_mixin.py:188} INFO - [2024-07-05T14:44:24.565+0000] {dag.py:3096} INFO - Sync 1 DAGs
[2024-07-05T14:44:24.574+0000] {logging_mixin.py:188} INFO - [2024-07-05T14:44:24.574+0000] {dag.py:3954} INFO - Setting next_dagrun for example_task_group to 2024-07-04 00:00:00+00:00, run_after=2024-07-05 00:00:00+00:00
[2024-07-05T14:44:24.581+0000] {processor.py:183} INFO - Processing /home/airflow/.local/lib/python3.12/site-packages/airflow/example_dags/example_task_group.py took 0.032 seconds
