[2024-07-05T14:09:17.810+0000] {processor.py:161} INFO - Started process (PID=43) to work on /home/airflow/.local/lib/python3.12/site-packages/airflow/example_dags/example_trigger_target_dag.py
[2024-07-05T14:09:17.810+0000] {processor.py:830} INFO - Processing file /home/airflow/.local/lib/python3.12/site-packages/airflow/example_dags/example_trigger_target_dag.py for tasks to queue
[2024-07-05T14:09:17.812+0000] {logging_mixin.py:188} INFO - [2024-07-05T14:09:17.811+0000] {dagbag.py:545} INFO - Filling up the DagBag from /home/airflow/.local/lib/python3.12/site-packages/airflow/example_dags/example_trigger_target_dag.py
[2024-07-05T14:09:17.816+0000] {processor.py:840} INFO - DAG(s) 'example_trigger_target_dag' retrieved from /home/airflow/.local/lib/python3.12/site-packages/airflow/example_dags/example_trigger_target_dag.py
[2024-07-05T14:09:17.826+0000] {logging_mixin.py:188} INFO - [2024-07-05T14:09:17.825+0000] {dag.py:3096} INFO - Sync 1 DAGs
[2024-07-05T14:09:17.837+0000] {logging_mixin.py:188} INFO - [2024-07-05T14:09:17.837+0000] {dag.py:3954} INFO - Setting next_dagrun for example_trigger_target_dag to None, run_after=None
[2024-07-05T14:09:17.849+0000] {processor.py:183} INFO - Processing /home/airflow/.local/lib/python3.12/site-packages/airflow/example_dags/example_trigger_target_dag.py took 0.042 seconds
[2024-07-05T14:09:48.652+0000] {processor.py:161} INFO - Started process (PID=101) to work on /home/airflow/.local/lib/python3.12/site-packages/airflow/example_dags/example_trigger_target_dag.py
[2024-07-05T14:09:48.652+0000] {processor.py:830} INFO - Processing file /home/airflow/.local/lib/python3.12/site-packages/airflow/example_dags/example_trigger_target_dag.py for tasks to queue
[2024-07-05T14:09:48.655+0000] {logging_mixin.py:188} INFO - [2024-07-05T14:09:48.654+0000] {dagbag.py:545} INFO - Filling up the DagBag from /home/airflow/.local/lib/python3.12/site-packages/airflow/example_dags/example_trigger_target_dag.py
[2024-07-05T14:09:48.660+0000] {processor.py:840} INFO - DAG(s) 'example_trigger_target_dag' retrieved from /home/airflow/.local/lib/python3.12/site-packages/airflow/example_dags/example_trigger_target_dag.py
[2024-07-05T14:09:48.724+0000] {logging_mixin.py:188} INFO - [2024-07-05T14:09:48.724+0000] {dag.py:3096} INFO - Sync 1 DAGs
[2024-07-05T14:09:48.729+0000] {logging_mixin.py:188} INFO - [2024-07-05T14:09:48.729+0000] {dag.py:3954} INFO - Setting next_dagrun for example_trigger_target_dag to None, run_after=None
[2024-07-05T14:09:48.737+0000] {processor.py:183} INFO - Processing /home/airflow/.local/lib/python3.12/site-packages/airflow/example_dags/example_trigger_target_dag.py took 0.089 seconds
[2024-07-05T14:10:19.517+0000] {processor.py:161} INFO - Started process (PID=159) to work on /home/airflow/.local/lib/python3.12/site-packages/airflow/example_dags/example_trigger_target_dag.py
[2024-07-05T14:10:19.518+0000] {processor.py:830} INFO - Processing file /home/airflow/.local/lib/python3.12/site-packages/airflow/example_dags/example_trigger_target_dag.py for tasks to queue
[2024-07-05T14:10:19.519+0000] {logging_mixin.py:188} INFO - [2024-07-05T14:10:19.519+0000] {dagbag.py:545} INFO - Filling up the DagBag from /home/airflow/.local/lib/python3.12/site-packages/airflow/example_dags/example_trigger_target_dag.py
[2024-07-05T14:10:19.523+0000] {processor.py:840} INFO - DAG(s) 'example_trigger_target_dag' retrieved from /home/airflow/.local/lib/python3.12/site-packages/airflow/example_dags/example_trigger_target_dag.py
[2024-07-05T14:10:19.534+0000] {logging_mixin.py:188} INFO - [2024-07-05T14:10:19.533+0000] {dag.py:3096} INFO - Sync 1 DAGs
[2024-07-05T14:10:19.540+0000] {logging_mixin.py:188} INFO - [2024-07-05T14:10:19.540+0000] {dag.py:3954} INFO - Setting next_dagrun for example_trigger_target_dag to None, run_after=None
[2024-07-05T14:10:19.548+0000] {processor.py:183} INFO - Processing /home/airflow/.local/lib/python3.12/site-packages/airflow/example_dags/example_trigger_target_dag.py took 0.034 seconds
[2024-07-05T14:10:49.924+0000] {processor.py:161} INFO - Started process (PID=217) to work on /home/airflow/.local/lib/python3.12/site-packages/airflow/example_dags/example_trigger_target_dag.py
[2024-07-05T14:10:49.925+0000] {processor.py:830} INFO - Processing file /home/airflow/.local/lib/python3.12/site-packages/airflow/example_dags/example_trigger_target_dag.py for tasks to queue
[2024-07-05T14:10:49.926+0000] {logging_mixin.py:188} INFO - [2024-07-05T14:10:49.926+0000] {dagbag.py:545} INFO - Filling up the DagBag from /home/airflow/.local/lib/python3.12/site-packages/airflow/example_dags/example_trigger_target_dag.py
[2024-07-05T14:10:49.929+0000] {processor.py:840} INFO - DAG(s) 'example_trigger_target_dag' retrieved from /home/airflow/.local/lib/python3.12/site-packages/airflow/example_dags/example_trigger_target_dag.py
[2024-07-05T14:10:49.939+0000] {logging_mixin.py:188} INFO - [2024-07-05T14:10:49.939+0000] {dag.py:3096} INFO - Sync 1 DAGs
[2024-07-05T14:10:49.945+0000] {logging_mixin.py:188} INFO - [2024-07-05T14:10:49.945+0000] {dag.py:3954} INFO - Setting next_dagrun for example_trigger_target_dag to None, run_after=None
[2024-07-05T14:10:49.954+0000] {processor.py:183} INFO - Processing /home/airflow/.local/lib/python3.12/site-packages/airflow/example_dags/example_trigger_target_dag.py took 0.032 seconds
[2024-07-05T14:11:20.104+0000] {processor.py:161} INFO - Started process (PID=275) to work on /home/airflow/.local/lib/python3.12/site-packages/airflow/example_dags/example_trigger_target_dag.py
[2024-07-05T14:11:20.105+0000] {processor.py:830} INFO - Processing file /home/airflow/.local/lib/python3.12/site-packages/airflow/example_dags/example_trigger_target_dag.py for tasks to queue
[2024-07-05T14:11:20.105+0000] {logging_mixin.py:188} INFO - [2024-07-05T14:11:20.105+0000] {dagbag.py:545} INFO - Filling up the DagBag from /home/airflow/.local/lib/python3.12/site-packages/airflow/example_dags/example_trigger_target_dag.py
[2024-07-05T14:11:20.108+0000] {processor.py:840} INFO - DAG(s) 'example_trigger_target_dag' retrieved from /home/airflow/.local/lib/python3.12/site-packages/airflow/example_dags/example_trigger_target_dag.py
[2024-07-05T14:11:20.117+0000] {logging_mixin.py:188} INFO - [2024-07-05T14:11:20.117+0000] {dag.py:3096} INFO - Sync 1 DAGs
[2024-07-05T14:11:20.123+0000] {logging_mixin.py:188} INFO - [2024-07-05T14:11:20.122+0000] {dag.py:3954} INFO - Setting next_dagrun for example_trigger_target_dag to None, run_after=None
[2024-07-05T14:11:20.130+0000] {processor.py:183} INFO - Processing /home/airflow/.local/lib/python3.12/site-packages/airflow/example_dags/example_trigger_target_dag.py took 0.029 seconds
[2024-07-05T14:11:51.279+0000] {processor.py:161} INFO - Started process (PID=333) to work on /home/airflow/.local/lib/python3.12/site-packages/airflow/example_dags/example_trigger_target_dag.py
[2024-07-05T14:11:51.280+0000] {processor.py:830} INFO - Processing file /home/airflow/.local/lib/python3.12/site-packages/airflow/example_dags/example_trigger_target_dag.py for tasks to queue
[2024-07-05T14:11:51.281+0000] {logging_mixin.py:188} INFO - [2024-07-05T14:11:51.281+0000] {dagbag.py:545} INFO - Filling up the DagBag from /home/airflow/.local/lib/python3.12/site-packages/airflow/example_dags/example_trigger_target_dag.py
[2024-07-05T14:11:51.288+0000] {processor.py:840} INFO - DAG(s) 'example_trigger_target_dag' retrieved from /home/airflow/.local/lib/python3.12/site-packages/airflow/example_dags/example_trigger_target_dag.py
[2024-07-05T14:11:51.301+0000] {logging_mixin.py:188} INFO - [2024-07-05T14:11:51.301+0000] {dag.py:3096} INFO - Sync 1 DAGs
[2024-07-05T14:11:51.310+0000] {logging_mixin.py:188} INFO - [2024-07-05T14:11:51.309+0000] {dag.py:3954} INFO - Setting next_dagrun for example_trigger_target_dag to None, run_after=None
[2024-07-05T14:11:51.325+0000] {processor.py:183} INFO - Processing /home/airflow/.local/lib/python3.12/site-packages/airflow/example_dags/example_trigger_target_dag.py took 0.050 seconds
[2024-07-05T14:12:22.372+0000] {processor.py:161} INFO - Started process (PID=391) to work on /home/airflow/.local/lib/python3.12/site-packages/airflow/example_dags/example_trigger_target_dag.py
[2024-07-05T14:12:22.372+0000] {processor.py:830} INFO - Processing file /home/airflow/.local/lib/python3.12/site-packages/airflow/example_dags/example_trigger_target_dag.py for tasks to queue
[2024-07-05T14:12:22.375+0000] {logging_mixin.py:188} INFO - [2024-07-05T14:12:22.374+0000] {dagbag.py:545} INFO - Filling up the DagBag from /home/airflow/.local/lib/python3.12/site-packages/airflow/example_dags/example_trigger_target_dag.py
[2024-07-05T14:12:22.379+0000] {processor.py:840} INFO - DAG(s) 'example_trigger_target_dag' retrieved from /home/airflow/.local/lib/python3.12/site-packages/airflow/example_dags/example_trigger_target_dag.py
[2024-07-05T14:12:22.391+0000] {logging_mixin.py:188} INFO - [2024-07-05T14:12:22.390+0000] {dag.py:3096} INFO - Sync 1 DAGs
[2024-07-05T14:12:22.399+0000] {logging_mixin.py:188} INFO - [2024-07-05T14:12:22.399+0000] {dag.py:3954} INFO - Setting next_dagrun for example_trigger_target_dag to None, run_after=None
[2024-07-05T14:12:22.411+0000] {processor.py:183} INFO - Processing /home/airflow/.local/lib/python3.12/site-packages/airflow/example_dags/example_trigger_target_dag.py took 0.043 seconds
[2024-07-05T14:12:53.323+0000] {processor.py:161} INFO - Started process (PID=449) to work on /home/airflow/.local/lib/python3.12/site-packages/airflow/example_dags/example_trigger_target_dag.py
[2024-07-05T14:12:53.324+0000] {processor.py:830} INFO - Processing file /home/airflow/.local/lib/python3.12/site-packages/airflow/example_dags/example_trigger_target_dag.py for tasks to queue
[2024-07-05T14:12:53.325+0000] {logging_mixin.py:188} INFO - [2024-07-05T14:12:53.325+0000] {dagbag.py:545} INFO - Filling up the DagBag from /home/airflow/.local/lib/python3.12/site-packages/airflow/example_dags/example_trigger_target_dag.py
[2024-07-05T14:12:53.331+0000] {processor.py:840} INFO - DAG(s) 'example_trigger_target_dag' retrieved from /home/airflow/.local/lib/python3.12/site-packages/airflow/example_dags/example_trigger_target_dag.py
[2024-07-05T14:12:53.344+0000] {logging_mixin.py:188} INFO - [2024-07-05T14:12:53.344+0000] {dag.py:3096} INFO - Sync 1 DAGs
[2024-07-05T14:12:53.351+0000] {logging_mixin.py:188} INFO - [2024-07-05T14:12:53.351+0000] {dag.py:3954} INFO - Setting next_dagrun for example_trigger_target_dag to None, run_after=None
[2024-07-05T14:12:53.363+0000] {processor.py:183} INFO - Processing /home/airflow/.local/lib/python3.12/site-packages/airflow/example_dags/example_trigger_target_dag.py took 0.044 seconds
[2024-07-05T14:13:24.265+0000] {processor.py:161} INFO - Started process (PID=507) to work on /home/airflow/.local/lib/python3.12/site-packages/airflow/example_dags/example_trigger_target_dag.py
[2024-07-05T14:13:24.266+0000] {processor.py:830} INFO - Processing file /home/airflow/.local/lib/python3.12/site-packages/airflow/example_dags/example_trigger_target_dag.py for tasks to queue
[2024-07-05T14:13:24.268+0000] {logging_mixin.py:188} INFO - [2024-07-05T14:13:24.268+0000] {dagbag.py:545} INFO - Filling up the DagBag from /home/airflow/.local/lib/python3.12/site-packages/airflow/example_dags/example_trigger_target_dag.py
[2024-07-05T14:13:24.272+0000] {processor.py:840} INFO - DAG(s) 'example_trigger_target_dag' retrieved from /home/airflow/.local/lib/python3.12/site-packages/airflow/example_dags/example_trigger_target_dag.py
[2024-07-05T14:13:24.284+0000] {logging_mixin.py:188} INFO - [2024-07-05T14:13:24.284+0000] {dag.py:3096} INFO - Sync 1 DAGs
[2024-07-05T14:13:24.291+0000] {logging_mixin.py:188} INFO - [2024-07-05T14:13:24.291+0000] {dag.py:3954} INFO - Setting next_dagrun for example_trigger_target_dag to None, run_after=None
[2024-07-05T14:13:24.302+0000] {processor.py:183} INFO - Processing /home/airflow/.local/lib/python3.12/site-packages/airflow/example_dags/example_trigger_target_dag.py took 0.042 seconds
[2024-07-05T14:13:54.447+0000] {processor.py:161} INFO - Started process (PID=565) to work on /home/airflow/.local/lib/python3.12/site-packages/airflow/example_dags/example_trigger_target_dag.py
[2024-07-05T14:13:54.448+0000] {processor.py:830} INFO - Processing file /home/airflow/.local/lib/python3.12/site-packages/airflow/example_dags/example_trigger_target_dag.py for tasks to queue
[2024-07-05T14:13:54.449+0000] {logging_mixin.py:188} INFO - [2024-07-05T14:13:54.449+0000] {dagbag.py:545} INFO - Filling up the DagBag from /home/airflow/.local/lib/python3.12/site-packages/airflow/example_dags/example_trigger_target_dag.py
[2024-07-05T14:13:54.453+0000] {processor.py:840} INFO - DAG(s) 'example_trigger_target_dag' retrieved from /home/airflow/.local/lib/python3.12/site-packages/airflow/example_dags/example_trigger_target_dag.py
[2024-07-05T14:13:54.465+0000] {logging_mixin.py:188} INFO - [2024-07-05T14:13:54.464+0000] {dag.py:3096} INFO - Sync 1 DAGs
[2024-07-05T14:13:54.472+0000] {logging_mixin.py:188} INFO - [2024-07-05T14:13:54.472+0000] {dag.py:3954} INFO - Setting next_dagrun for example_trigger_target_dag to None, run_after=None
[2024-07-05T14:13:54.482+0000] {processor.py:183} INFO - Processing /home/airflow/.local/lib/python3.12/site-packages/airflow/example_dags/example_trigger_target_dag.py took 0.041 seconds
[2024-07-05T14:14:24.819+0000] {processor.py:161} INFO - Started process (PID=623) to work on /home/airflow/.local/lib/python3.12/site-packages/airflow/example_dags/example_trigger_target_dag.py
[2024-07-05T14:14:24.820+0000] {processor.py:830} INFO - Processing file /home/airflow/.local/lib/python3.12/site-packages/airflow/example_dags/example_trigger_target_dag.py for tasks to queue
[2024-07-05T14:14:24.821+0000] {logging_mixin.py:188} INFO - [2024-07-05T14:14:24.821+0000] {dagbag.py:545} INFO - Filling up the DagBag from /home/airflow/.local/lib/python3.12/site-packages/airflow/example_dags/example_trigger_target_dag.py
[2024-07-05T14:14:24.825+0000] {processor.py:840} INFO - DAG(s) 'example_trigger_target_dag' retrieved from /home/airflow/.local/lib/python3.12/site-packages/airflow/example_dags/example_trigger_target_dag.py
[2024-07-05T14:14:24.842+0000] {logging_mixin.py:188} INFO - [2024-07-05T14:14:24.842+0000] {dag.py:3096} INFO - Sync 1 DAGs
[2024-07-05T14:14:24.850+0000] {logging_mixin.py:188} INFO - [2024-07-05T14:14:24.849+0000] {dag.py:3954} INFO - Setting next_dagrun for example_trigger_target_dag to None, run_after=None
[2024-07-05T14:14:24.859+0000] {processor.py:183} INFO - Processing /home/airflow/.local/lib/python3.12/site-packages/airflow/example_dags/example_trigger_target_dag.py took 0.044 seconds
[2024-07-05T14:14:55.268+0000] {processor.py:161} INFO - Started process (PID=681) to work on /home/airflow/.local/lib/python3.12/site-packages/airflow/example_dags/example_trigger_target_dag.py
[2024-07-05T14:14:55.269+0000] {processor.py:830} INFO - Processing file /home/airflow/.local/lib/python3.12/site-packages/airflow/example_dags/example_trigger_target_dag.py for tasks to queue
[2024-07-05T14:14:55.270+0000] {logging_mixin.py:188} INFO - [2024-07-05T14:14:55.270+0000] {dagbag.py:545} INFO - Filling up the DagBag from /home/airflow/.local/lib/python3.12/site-packages/airflow/example_dags/example_trigger_target_dag.py
[2024-07-05T14:14:55.273+0000] {processor.py:840} INFO - DAG(s) 'example_trigger_target_dag' retrieved from /home/airflow/.local/lib/python3.12/site-packages/airflow/example_dags/example_trigger_target_dag.py
[2024-07-05T14:14:55.284+0000] {logging_mixin.py:188} INFO - [2024-07-05T14:14:55.283+0000] {dag.py:3096} INFO - Sync 1 DAGs
[2024-07-05T14:14:55.290+0000] {logging_mixin.py:188} INFO - [2024-07-05T14:14:55.290+0000] {dag.py:3954} INFO - Setting next_dagrun for example_trigger_target_dag to None, run_after=None
[2024-07-05T14:14:55.301+0000] {processor.py:183} INFO - Processing /home/airflow/.local/lib/python3.12/site-packages/airflow/example_dags/example_trigger_target_dag.py took 0.035 seconds
[2024-07-05T14:15:25.704+0000] {processor.py:161} INFO - Started process (PID=739) to work on /home/airflow/.local/lib/python3.12/site-packages/airflow/example_dags/example_trigger_target_dag.py
[2024-07-05T14:15:25.705+0000] {processor.py:830} INFO - Processing file /home/airflow/.local/lib/python3.12/site-packages/airflow/example_dags/example_trigger_target_dag.py for tasks to queue
[2024-07-05T14:15:25.706+0000] {logging_mixin.py:188} INFO - [2024-07-05T14:15:25.706+0000] {dagbag.py:545} INFO - Filling up the DagBag from /home/airflow/.local/lib/python3.12/site-packages/airflow/example_dags/example_trigger_target_dag.py
[2024-07-05T14:15:25.709+0000] {processor.py:840} INFO - DAG(s) 'example_trigger_target_dag' retrieved from /home/airflow/.local/lib/python3.12/site-packages/airflow/example_dags/example_trigger_target_dag.py
[2024-07-05T14:15:25.720+0000] {logging_mixin.py:188} INFO - [2024-07-05T14:15:25.720+0000] {dag.py:3096} INFO - Sync 1 DAGs
[2024-07-05T14:15:25.726+0000] {logging_mixin.py:188} INFO - [2024-07-05T14:15:25.726+0000] {dag.py:3954} INFO - Setting next_dagrun for example_trigger_target_dag to None, run_after=None
[2024-07-05T14:15:25.735+0000] {processor.py:183} INFO - Processing /home/airflow/.local/lib/python3.12/site-packages/airflow/example_dags/example_trigger_target_dag.py took 0.034 seconds
[2024-07-05T14:15:56.089+0000] {processor.py:161} INFO - Started process (PID=797) to work on /home/airflow/.local/lib/python3.12/site-packages/airflow/example_dags/example_trigger_target_dag.py
[2024-07-05T14:15:56.090+0000] {processor.py:830} INFO - Processing file /home/airflow/.local/lib/python3.12/site-packages/airflow/example_dags/example_trigger_target_dag.py for tasks to queue
[2024-07-05T14:15:56.091+0000] {logging_mixin.py:188} INFO - [2024-07-05T14:15:56.090+0000] {dagbag.py:545} INFO - Filling up the DagBag from /home/airflow/.local/lib/python3.12/site-packages/airflow/example_dags/example_trigger_target_dag.py
[2024-07-05T14:15:56.094+0000] {processor.py:840} INFO - DAG(s) 'example_trigger_target_dag' retrieved from /home/airflow/.local/lib/python3.12/site-packages/airflow/example_dags/example_trigger_target_dag.py
[2024-07-05T14:15:56.104+0000] {logging_mixin.py:188} INFO - [2024-07-05T14:15:56.103+0000] {dag.py:3096} INFO - Sync 1 DAGs
[2024-07-05T14:15:56.110+0000] {logging_mixin.py:188} INFO - [2024-07-05T14:15:56.110+0000] {dag.py:3954} INFO - Setting next_dagrun for example_trigger_target_dag to None, run_after=None
[2024-07-05T14:15:56.119+0000] {processor.py:183} INFO - Processing /home/airflow/.local/lib/python3.12/site-packages/airflow/example_dags/example_trigger_target_dag.py took 0.033 seconds
[2024-07-05T14:16:26.391+0000] {processor.py:161} INFO - Started process (PID=855) to work on /home/airflow/.local/lib/python3.12/site-packages/airflow/example_dags/example_trigger_target_dag.py
[2024-07-05T14:16:26.392+0000] {processor.py:830} INFO - Processing file /home/airflow/.local/lib/python3.12/site-packages/airflow/example_dags/example_trigger_target_dag.py for tasks to queue
[2024-07-05T14:16:26.393+0000] {logging_mixin.py:188} INFO - [2024-07-05T14:16:26.393+0000] {dagbag.py:545} INFO - Filling up the DagBag from /home/airflow/.local/lib/python3.12/site-packages/airflow/example_dags/example_trigger_target_dag.py
[2024-07-05T14:16:26.396+0000] {processor.py:840} INFO - DAG(s) 'example_trigger_target_dag' retrieved from /home/airflow/.local/lib/python3.12/site-packages/airflow/example_dags/example_trigger_target_dag.py
[2024-07-05T14:16:26.406+0000] {logging_mixin.py:188} INFO - [2024-07-05T14:16:26.406+0000] {dag.py:3096} INFO - Sync 1 DAGs
[2024-07-05T14:16:26.412+0000] {logging_mixin.py:188} INFO - [2024-07-05T14:16:26.412+0000] {dag.py:3954} INFO - Setting next_dagrun for example_trigger_target_dag to None, run_after=None
[2024-07-05T14:16:26.422+0000] {processor.py:183} INFO - Processing /home/airflow/.local/lib/python3.12/site-packages/airflow/example_dags/example_trigger_target_dag.py took 0.034 seconds
[2024-07-05T14:16:56.887+0000] {processor.py:161} INFO - Started process (PID=913) to work on /home/airflow/.local/lib/python3.12/site-packages/airflow/example_dags/example_trigger_target_dag.py
[2024-07-05T14:16:56.887+0000] {processor.py:830} INFO - Processing file /home/airflow/.local/lib/python3.12/site-packages/airflow/example_dags/example_trigger_target_dag.py for tasks to queue
[2024-07-05T14:16:56.888+0000] {logging_mixin.py:188} INFO - [2024-07-05T14:16:56.888+0000] {dagbag.py:545} INFO - Filling up the DagBag from /home/airflow/.local/lib/python3.12/site-packages/airflow/example_dags/example_trigger_target_dag.py
[2024-07-05T14:16:56.892+0000] {processor.py:840} INFO - DAG(s) 'example_trigger_target_dag' retrieved from /home/airflow/.local/lib/python3.12/site-packages/airflow/example_dags/example_trigger_target_dag.py
[2024-07-05T14:16:56.901+0000] {logging_mixin.py:188} INFO - [2024-07-05T14:16:56.901+0000] {dag.py:3096} INFO - Sync 1 DAGs
[2024-07-05T14:16:56.909+0000] {logging_mixin.py:188} INFO - [2024-07-05T14:16:56.909+0000] {dag.py:3954} INFO - Setting next_dagrun for example_trigger_target_dag to None, run_after=None
[2024-07-05T14:16:56.920+0000] {processor.py:183} INFO - Processing /home/airflow/.local/lib/python3.12/site-packages/airflow/example_dags/example_trigger_target_dag.py took 0.036 seconds
[2024-07-05T14:17:27.219+0000] {processor.py:161} INFO - Started process (PID=971) to work on /home/airflow/.local/lib/python3.12/site-packages/airflow/example_dags/example_trigger_target_dag.py
[2024-07-05T14:17:27.220+0000] {processor.py:830} INFO - Processing file /home/airflow/.local/lib/python3.12/site-packages/airflow/example_dags/example_trigger_target_dag.py for tasks to queue
[2024-07-05T14:17:27.221+0000] {logging_mixin.py:188} INFO - [2024-07-05T14:17:27.221+0000] {dagbag.py:545} INFO - Filling up the DagBag from /home/airflow/.local/lib/python3.12/site-packages/airflow/example_dags/example_trigger_target_dag.py
[2024-07-05T14:17:27.224+0000] {processor.py:840} INFO - DAG(s) 'example_trigger_target_dag' retrieved from /home/airflow/.local/lib/python3.12/site-packages/airflow/example_dags/example_trigger_target_dag.py
[2024-07-05T14:17:27.233+0000] {logging_mixin.py:188} INFO - [2024-07-05T14:17:27.233+0000] {dag.py:3096} INFO - Sync 1 DAGs
[2024-07-05T14:17:27.239+0000] {logging_mixin.py:188} INFO - [2024-07-05T14:17:27.239+0000] {dag.py:3954} INFO - Setting next_dagrun for example_trigger_target_dag to None, run_after=None
[2024-07-05T14:17:27.248+0000] {processor.py:183} INFO - Processing /home/airflow/.local/lib/python3.12/site-packages/airflow/example_dags/example_trigger_target_dag.py took 0.032 seconds
[2024-07-05T14:17:57.653+0000] {processor.py:161} INFO - Started process (PID=1029) to work on /home/airflow/.local/lib/python3.12/site-packages/airflow/example_dags/example_trigger_target_dag.py
[2024-07-05T14:17:57.653+0000] {processor.py:830} INFO - Processing file /home/airflow/.local/lib/python3.12/site-packages/airflow/example_dags/example_trigger_target_dag.py for tasks to queue
[2024-07-05T14:17:57.655+0000] {logging_mixin.py:188} INFO - [2024-07-05T14:17:57.654+0000] {dagbag.py:545} INFO - Filling up the DagBag from /home/airflow/.local/lib/python3.12/site-packages/airflow/example_dags/example_trigger_target_dag.py
[2024-07-05T14:17:57.658+0000] {processor.py:840} INFO - DAG(s) 'example_trigger_target_dag' retrieved from /home/airflow/.local/lib/python3.12/site-packages/airflow/example_dags/example_trigger_target_dag.py
[2024-07-05T14:17:57.669+0000] {logging_mixin.py:188} INFO - [2024-07-05T14:17:57.669+0000] {dag.py:3096} INFO - Sync 1 DAGs
[2024-07-05T14:17:57.676+0000] {logging_mixin.py:188} INFO - [2024-07-05T14:17:57.675+0000] {dag.py:3954} INFO - Setting next_dagrun for example_trigger_target_dag to None, run_after=None
[2024-07-05T14:17:57.685+0000] {processor.py:183} INFO - Processing /home/airflow/.local/lib/python3.12/site-packages/airflow/example_dags/example_trigger_target_dag.py took 0.036 seconds
[2024-07-05T14:18:28.304+0000] {processor.py:161} INFO - Started process (PID=1087) to work on /home/airflow/.local/lib/python3.12/site-packages/airflow/example_dags/example_trigger_target_dag.py
[2024-07-05T14:18:28.305+0000] {processor.py:830} INFO - Processing file /home/airflow/.local/lib/python3.12/site-packages/airflow/example_dags/example_trigger_target_dag.py for tasks to queue
[2024-07-05T14:18:28.306+0000] {logging_mixin.py:188} INFO - [2024-07-05T14:18:28.305+0000] {dagbag.py:545} INFO - Filling up the DagBag from /home/airflow/.local/lib/python3.12/site-packages/airflow/example_dags/example_trigger_target_dag.py
[2024-07-05T14:18:28.309+0000] {processor.py:840} INFO - DAG(s) 'example_trigger_target_dag' retrieved from /home/airflow/.local/lib/python3.12/site-packages/airflow/example_dags/example_trigger_target_dag.py
[2024-07-05T14:18:28.318+0000] {logging_mixin.py:188} INFO - [2024-07-05T14:18:28.318+0000] {dag.py:3096} INFO - Sync 1 DAGs
[2024-07-05T14:18:28.325+0000] {logging_mixin.py:188} INFO - [2024-07-05T14:18:28.325+0000] {dag.py:3954} INFO - Setting next_dagrun for example_trigger_target_dag to None, run_after=None
[2024-07-05T14:18:28.334+0000] {processor.py:183} INFO - Processing /home/airflow/.local/lib/python3.12/site-packages/airflow/example_dags/example_trigger_target_dag.py took 0.033 seconds
[2024-07-05T14:18:58.784+0000] {processor.py:161} INFO - Started process (PID=1144) to work on /home/airflow/.local/lib/python3.12/site-packages/airflow/example_dags/example_trigger_target_dag.py
[2024-07-05T14:18:58.784+0000] {processor.py:830} INFO - Processing file /home/airflow/.local/lib/python3.12/site-packages/airflow/example_dags/example_trigger_target_dag.py for tasks to queue
[2024-07-05T14:18:58.785+0000] {logging_mixin.py:188} INFO - [2024-07-05T14:18:58.785+0000] {dagbag.py:545} INFO - Filling up the DagBag from /home/airflow/.local/lib/python3.12/site-packages/airflow/example_dags/example_trigger_target_dag.py
[2024-07-05T14:18:58.788+0000] {processor.py:840} INFO - DAG(s) 'example_trigger_target_dag' retrieved from /home/airflow/.local/lib/python3.12/site-packages/airflow/example_dags/example_trigger_target_dag.py
[2024-07-05T14:18:58.800+0000] {logging_mixin.py:188} INFO - [2024-07-05T14:18:58.799+0000] {dag.py:3096} INFO - Sync 1 DAGs
[2024-07-05T14:18:58.806+0000] {logging_mixin.py:188} INFO - [2024-07-05T14:18:58.806+0000] {dag.py:3954} INFO - Setting next_dagrun for example_trigger_target_dag to None, run_after=None
[2024-07-05T14:18:58.818+0000] {processor.py:183} INFO - Processing /home/airflow/.local/lib/python3.12/site-packages/airflow/example_dags/example_trigger_target_dag.py took 0.037 seconds
[2024-07-05T14:19:29.015+0000] {processor.py:161} INFO - Started process (PID=1202) to work on /home/airflow/.local/lib/python3.12/site-packages/airflow/example_dags/example_trigger_target_dag.py
[2024-07-05T14:19:29.016+0000] {processor.py:830} INFO - Processing file /home/airflow/.local/lib/python3.12/site-packages/airflow/example_dags/example_trigger_target_dag.py for tasks to queue
[2024-07-05T14:19:29.017+0000] {logging_mixin.py:188} INFO - [2024-07-05T14:19:29.017+0000] {dagbag.py:545} INFO - Filling up the DagBag from /home/airflow/.local/lib/python3.12/site-packages/airflow/example_dags/example_trigger_target_dag.py
[2024-07-05T14:19:29.020+0000] {processor.py:840} INFO - DAG(s) 'example_trigger_target_dag' retrieved from /home/airflow/.local/lib/python3.12/site-packages/airflow/example_dags/example_trigger_target_dag.py
[2024-07-05T14:19:29.030+0000] {logging_mixin.py:188} INFO - [2024-07-05T14:19:29.030+0000] {dag.py:3096} INFO - Sync 1 DAGs
[2024-07-05T14:19:29.038+0000] {logging_mixin.py:188} INFO - [2024-07-05T14:19:29.038+0000] {dag.py:3954} INFO - Setting next_dagrun for example_trigger_target_dag to None, run_after=None
[2024-07-05T14:19:29.047+0000] {processor.py:183} INFO - Processing /home/airflow/.local/lib/python3.12/site-packages/airflow/example_dags/example_trigger_target_dag.py took 0.035 seconds
[2024-07-05T14:19:59.378+0000] {processor.py:161} INFO - Started process (PID=1260) to work on /home/airflow/.local/lib/python3.12/site-packages/airflow/example_dags/example_trigger_target_dag.py
[2024-07-05T14:19:59.378+0000] {processor.py:830} INFO - Processing file /home/airflow/.local/lib/python3.12/site-packages/airflow/example_dags/example_trigger_target_dag.py for tasks to queue
[2024-07-05T14:19:59.379+0000] {logging_mixin.py:188} INFO - [2024-07-05T14:19:59.379+0000] {dagbag.py:545} INFO - Filling up the DagBag from /home/airflow/.local/lib/python3.12/site-packages/airflow/example_dags/example_trigger_target_dag.py
[2024-07-05T14:19:59.383+0000] {processor.py:840} INFO - DAG(s) 'example_trigger_target_dag' retrieved from /home/airflow/.local/lib/python3.12/site-packages/airflow/example_dags/example_trigger_target_dag.py
[2024-07-05T14:19:59.389+0000] {logging_mixin.py:188} INFO - [2024-07-05T14:19:59.389+0000] {dag.py:3096} INFO - Sync 1 DAGs
[2024-07-05T14:19:59.395+0000] {logging_mixin.py:188} INFO - [2024-07-05T14:19:59.395+0000] {dag.py:3954} INFO - Setting next_dagrun for example_trigger_target_dag to None, run_after=None
[2024-07-05T14:19:59.404+0000] {processor.py:183} INFO - Processing /home/airflow/.local/lib/python3.12/site-packages/airflow/example_dags/example_trigger_target_dag.py took 0.029 seconds
[2024-07-05T14:20:30.102+0000] {processor.py:161} INFO - Started process (PID=1318) to work on /home/airflow/.local/lib/python3.12/site-packages/airflow/example_dags/example_trigger_target_dag.py
[2024-07-05T14:20:30.103+0000] {processor.py:830} INFO - Processing file /home/airflow/.local/lib/python3.12/site-packages/airflow/example_dags/example_trigger_target_dag.py for tasks to queue
[2024-07-05T14:20:30.104+0000] {logging_mixin.py:188} INFO - [2024-07-05T14:20:30.104+0000] {dagbag.py:545} INFO - Filling up the DagBag from /home/airflow/.local/lib/python3.12/site-packages/airflow/example_dags/example_trigger_target_dag.py
[2024-07-05T14:20:30.108+0000] {processor.py:840} INFO - DAG(s) 'example_trigger_target_dag' retrieved from /home/airflow/.local/lib/python3.12/site-packages/airflow/example_dags/example_trigger_target_dag.py
[2024-07-05T14:20:30.156+0000] {logging_mixin.py:188} INFO - [2024-07-05T14:20:30.156+0000] {dag.py:3096} INFO - Sync 1 DAGs
[2024-07-05T14:20:30.161+0000] {logging_mixin.py:188} INFO - [2024-07-05T14:20:30.161+0000] {dag.py:3954} INFO - Setting next_dagrun for example_trigger_target_dag to None, run_after=None
[2024-07-05T14:20:30.170+0000] {processor.py:183} INFO - Processing /home/airflow/.local/lib/python3.12/site-packages/airflow/example_dags/example_trigger_target_dag.py took 0.071 seconds
[2024-07-05T14:21:00.626+0000] {processor.py:161} INFO - Started process (PID=1376) to work on /home/airflow/.local/lib/python3.12/site-packages/airflow/example_dags/example_trigger_target_dag.py
[2024-07-05T14:21:00.627+0000] {processor.py:830} INFO - Processing file /home/airflow/.local/lib/python3.12/site-packages/airflow/example_dags/example_trigger_target_dag.py for tasks to queue
[2024-07-05T14:21:00.628+0000] {logging_mixin.py:188} INFO - [2024-07-05T14:21:00.628+0000] {dagbag.py:545} INFO - Filling up the DagBag from /home/airflow/.local/lib/python3.12/site-packages/airflow/example_dags/example_trigger_target_dag.py
[2024-07-05T14:21:00.631+0000] {processor.py:840} INFO - DAG(s) 'example_trigger_target_dag' retrieved from /home/airflow/.local/lib/python3.12/site-packages/airflow/example_dags/example_trigger_target_dag.py
[2024-07-05T14:21:00.641+0000] {logging_mixin.py:188} INFO - [2024-07-05T14:21:00.641+0000] {dag.py:3096} INFO - Sync 1 DAGs
[2024-07-05T14:21:00.648+0000] {logging_mixin.py:188} INFO - [2024-07-05T14:21:00.648+0000] {dag.py:3954} INFO - Setting next_dagrun for example_trigger_target_dag to None, run_after=None
[2024-07-05T14:21:00.659+0000] {processor.py:183} INFO - Processing /home/airflow/.local/lib/python3.12/site-packages/airflow/example_dags/example_trigger_target_dag.py took 0.039 seconds
[2024-07-05T14:21:31.018+0000] {processor.py:161} INFO - Started process (PID=1434) to work on /home/airflow/.local/lib/python3.12/site-packages/airflow/example_dags/example_trigger_target_dag.py
[2024-07-05T14:21:31.019+0000] {processor.py:830} INFO - Processing file /home/airflow/.local/lib/python3.12/site-packages/airflow/example_dags/example_trigger_target_dag.py for tasks to queue
[2024-07-05T14:21:31.021+0000] {logging_mixin.py:188} INFO - [2024-07-05T14:21:31.020+0000] {dagbag.py:545} INFO - Filling up the DagBag from /home/airflow/.local/lib/python3.12/site-packages/airflow/example_dags/example_trigger_target_dag.py
[2024-07-05T14:21:31.024+0000] {processor.py:840} INFO - DAG(s) 'example_trigger_target_dag' retrieved from /home/airflow/.local/lib/python3.12/site-packages/airflow/example_dags/example_trigger_target_dag.py
[2024-07-05T14:21:31.034+0000] {logging_mixin.py:188} INFO - [2024-07-05T14:21:31.033+0000] {dag.py:3096} INFO - Sync 1 DAGs
[2024-07-05T14:21:31.040+0000] {logging_mixin.py:188} INFO - [2024-07-05T14:21:31.039+0000] {dag.py:3954} INFO - Setting next_dagrun for example_trigger_target_dag to None, run_after=None
[2024-07-05T14:21:31.049+0000] {processor.py:183} INFO - Processing /home/airflow/.local/lib/python3.12/site-packages/airflow/example_dags/example_trigger_target_dag.py took 0.034 seconds
[2024-07-05T14:22:01.544+0000] {processor.py:161} INFO - Started process (PID=1492) to work on /home/airflow/.local/lib/python3.12/site-packages/airflow/example_dags/example_trigger_target_dag.py
[2024-07-05T14:22:01.546+0000] {processor.py:830} INFO - Processing file /home/airflow/.local/lib/python3.12/site-packages/airflow/example_dags/example_trigger_target_dag.py for tasks to queue
[2024-07-05T14:22:01.547+0000] {logging_mixin.py:188} INFO - [2024-07-05T14:22:01.547+0000] {dagbag.py:545} INFO - Filling up the DagBag from /home/airflow/.local/lib/python3.12/site-packages/airflow/example_dags/example_trigger_target_dag.py
[2024-07-05T14:22:01.552+0000] {processor.py:840} INFO - DAG(s) 'example_trigger_target_dag' retrieved from /home/airflow/.local/lib/python3.12/site-packages/airflow/example_dags/example_trigger_target_dag.py
[2024-07-05T14:22:01.563+0000] {logging_mixin.py:188} INFO - [2024-07-05T14:22:01.563+0000] {dag.py:3096} INFO - Sync 1 DAGs
[2024-07-05T14:22:01.570+0000] {logging_mixin.py:188} INFO - [2024-07-05T14:22:01.570+0000] {dag.py:3954} INFO - Setting next_dagrun for example_trigger_target_dag to None, run_after=None
[2024-07-05T14:22:01.580+0000] {processor.py:183} INFO - Processing /home/airflow/.local/lib/python3.12/site-packages/airflow/example_dags/example_trigger_target_dag.py took 0.039 seconds
[2024-07-05T14:22:32.220+0000] {processor.py:161} INFO - Started process (PID=1550) to work on /home/airflow/.local/lib/python3.12/site-packages/airflow/example_dags/example_trigger_target_dag.py
[2024-07-05T14:22:32.221+0000] {processor.py:830} INFO - Processing file /home/airflow/.local/lib/python3.12/site-packages/airflow/example_dags/example_trigger_target_dag.py for tasks to queue
[2024-07-05T14:22:32.222+0000] {logging_mixin.py:188} INFO - [2024-07-05T14:22:32.222+0000] {dagbag.py:545} INFO - Filling up the DagBag from /home/airflow/.local/lib/python3.12/site-packages/airflow/example_dags/example_trigger_target_dag.py
[2024-07-05T14:22:32.227+0000] {processor.py:840} INFO - DAG(s) 'example_trigger_target_dag' retrieved from /home/airflow/.local/lib/python3.12/site-packages/airflow/example_dags/example_trigger_target_dag.py
[2024-07-05T14:22:32.238+0000] {logging_mixin.py:188} INFO - [2024-07-05T14:22:32.238+0000] {dag.py:3096} INFO - Sync 1 DAGs
[2024-07-05T14:22:32.246+0000] {logging_mixin.py:188} INFO - [2024-07-05T14:22:32.246+0000] {dag.py:3954} INFO - Setting next_dagrun for example_trigger_target_dag to None, run_after=None
[2024-07-05T14:22:32.258+0000] {processor.py:183} INFO - Processing /home/airflow/.local/lib/python3.12/site-packages/airflow/example_dags/example_trigger_target_dag.py took 0.042 seconds
[2024-07-05T14:23:02.567+0000] {processor.py:161} INFO - Started process (PID=1608) to work on /home/airflow/.local/lib/python3.12/site-packages/airflow/example_dags/example_trigger_target_dag.py
[2024-07-05T14:23:02.568+0000] {processor.py:830} INFO - Processing file /home/airflow/.local/lib/python3.12/site-packages/airflow/example_dags/example_trigger_target_dag.py for tasks to queue
[2024-07-05T14:23:02.569+0000] {logging_mixin.py:188} INFO - [2024-07-05T14:23:02.569+0000] {dagbag.py:545} INFO - Filling up the DagBag from /home/airflow/.local/lib/python3.12/site-packages/airflow/example_dags/example_trigger_target_dag.py
[2024-07-05T14:23:02.574+0000] {processor.py:840} INFO - DAG(s) 'example_trigger_target_dag' retrieved from /home/airflow/.local/lib/python3.12/site-packages/airflow/example_dags/example_trigger_target_dag.py
[2024-07-05T14:23:02.599+0000] {logging_mixin.py:188} INFO - [2024-07-05T14:23:02.598+0000] {dag.py:3096} INFO - Sync 1 DAGs
[2024-07-05T14:23:02.611+0000] {logging_mixin.py:188} INFO - [2024-07-05T14:23:02.611+0000] {dag.py:3954} INFO - Setting next_dagrun for example_trigger_target_dag to None, run_after=None
[2024-07-05T14:23:02.623+0000] {processor.py:183} INFO - Processing /home/airflow/.local/lib/python3.12/site-packages/airflow/example_dags/example_trigger_target_dag.py took 0.062 seconds
[2024-07-05T14:23:33.125+0000] {processor.py:161} INFO - Started process (PID=1666) to work on /home/airflow/.local/lib/python3.12/site-packages/airflow/example_dags/example_trigger_target_dag.py
[2024-07-05T14:23:33.126+0000] {processor.py:830} INFO - Processing file /home/airflow/.local/lib/python3.12/site-packages/airflow/example_dags/example_trigger_target_dag.py for tasks to queue
[2024-07-05T14:23:33.127+0000] {logging_mixin.py:188} INFO - [2024-07-05T14:23:33.127+0000] {dagbag.py:545} INFO - Filling up the DagBag from /home/airflow/.local/lib/python3.12/site-packages/airflow/example_dags/example_trigger_target_dag.py
[2024-07-05T14:23:33.131+0000] {processor.py:840} INFO - DAG(s) 'example_trigger_target_dag' retrieved from /home/airflow/.local/lib/python3.12/site-packages/airflow/example_dags/example_trigger_target_dag.py
[2024-07-05T14:23:33.143+0000] {logging_mixin.py:188} INFO - [2024-07-05T14:23:33.143+0000] {dag.py:3096} INFO - Sync 1 DAGs
[2024-07-05T14:23:33.151+0000] {logging_mixin.py:188} INFO - [2024-07-05T14:23:33.151+0000] {dag.py:3954} INFO - Setting next_dagrun for example_trigger_target_dag to None, run_after=None
[2024-07-05T14:23:33.163+0000] {processor.py:183} INFO - Processing /home/airflow/.local/lib/python3.12/site-packages/airflow/example_dags/example_trigger_target_dag.py took 0.041 seconds
[2024-07-05T14:24:03.429+0000] {processor.py:161} INFO - Started process (PID=1724) to work on /home/airflow/.local/lib/python3.12/site-packages/airflow/example_dags/example_trigger_target_dag.py
[2024-07-05T14:24:03.432+0000] {processor.py:830} INFO - Processing file /home/airflow/.local/lib/python3.12/site-packages/airflow/example_dags/example_trigger_target_dag.py for tasks to queue
[2024-07-05T14:24:03.434+0000] {logging_mixin.py:188} INFO - [2024-07-05T14:24:03.434+0000] {dagbag.py:545} INFO - Filling up the DagBag from /home/airflow/.local/lib/python3.12/site-packages/airflow/example_dags/example_trigger_target_dag.py
[2024-07-05T14:24:03.439+0000] {processor.py:840} INFO - DAG(s) 'example_trigger_target_dag' retrieved from /home/airflow/.local/lib/python3.12/site-packages/airflow/example_dags/example_trigger_target_dag.py
[2024-07-05T14:24:03.451+0000] {logging_mixin.py:188} INFO - [2024-07-05T14:24:03.451+0000] {dag.py:3096} INFO - Sync 1 DAGs
[2024-07-05T14:24:03.458+0000] {logging_mixin.py:188} INFO - [2024-07-05T14:24:03.458+0000] {dag.py:3954} INFO - Setting next_dagrun for example_trigger_target_dag to None, run_after=None
[2024-07-05T14:24:03.469+0000] {processor.py:183} INFO - Processing /home/airflow/.local/lib/python3.12/site-packages/airflow/example_dags/example_trigger_target_dag.py took 0.045 seconds
[2024-07-05T14:24:33.625+0000] {processor.py:161} INFO - Started process (PID=1781) to work on /home/airflow/.local/lib/python3.12/site-packages/airflow/example_dags/example_trigger_target_dag.py
[2024-07-05T14:24:33.627+0000] {processor.py:830} INFO - Processing file /home/airflow/.local/lib/python3.12/site-packages/airflow/example_dags/example_trigger_target_dag.py for tasks to queue
[2024-07-05T14:24:33.628+0000] {logging_mixin.py:188} INFO - [2024-07-05T14:24:33.628+0000] {dagbag.py:545} INFO - Filling up the DagBag from /home/airflow/.local/lib/python3.12/site-packages/airflow/example_dags/example_trigger_target_dag.py
[2024-07-05T14:24:33.631+0000] {processor.py:840} INFO - DAG(s) 'example_trigger_target_dag' retrieved from /home/airflow/.local/lib/python3.12/site-packages/airflow/example_dags/example_trigger_target_dag.py
[2024-07-05T14:24:33.641+0000] {logging_mixin.py:188} INFO - [2024-07-05T14:24:33.641+0000] {dag.py:3096} INFO - Sync 1 DAGs
[2024-07-05T14:24:33.649+0000] {logging_mixin.py:188} INFO - [2024-07-05T14:24:33.649+0000] {dag.py:3954} INFO - Setting next_dagrun for example_trigger_target_dag to None, run_after=None
[2024-07-05T14:24:33.660+0000] {processor.py:183} INFO - Processing /home/airflow/.local/lib/python3.12/site-packages/airflow/example_dags/example_trigger_target_dag.py took 0.038 seconds
[2024-07-05T14:25:03.864+0000] {processor.py:161} INFO - Started process (PID=1839) to work on /home/airflow/.local/lib/python3.12/site-packages/airflow/example_dags/example_trigger_target_dag.py
[2024-07-05T14:25:03.865+0000] {processor.py:830} INFO - Processing file /home/airflow/.local/lib/python3.12/site-packages/airflow/example_dags/example_trigger_target_dag.py for tasks to queue
[2024-07-05T14:25:03.866+0000] {logging_mixin.py:188} INFO - [2024-07-05T14:25:03.866+0000] {dagbag.py:545} INFO - Filling up the DagBag from /home/airflow/.local/lib/python3.12/site-packages/airflow/example_dags/example_trigger_target_dag.py
[2024-07-05T14:25:03.869+0000] {processor.py:840} INFO - DAG(s) 'example_trigger_target_dag' retrieved from /home/airflow/.local/lib/python3.12/site-packages/airflow/example_dags/example_trigger_target_dag.py
[2024-07-05T14:25:03.879+0000] {logging_mixin.py:188} INFO - [2024-07-05T14:25:03.879+0000] {dag.py:3096} INFO - Sync 1 DAGs
[2024-07-05T14:25:03.886+0000] {logging_mixin.py:188} INFO - [2024-07-05T14:25:03.886+0000] {dag.py:3954} INFO - Setting next_dagrun for example_trigger_target_dag to None, run_after=None
[2024-07-05T14:25:03.895+0000] {processor.py:183} INFO - Processing /home/airflow/.local/lib/python3.12/site-packages/airflow/example_dags/example_trigger_target_dag.py took 0.033 seconds
[2024-07-05T14:25:34.291+0000] {processor.py:161} INFO - Started process (PID=1897) to work on /home/airflow/.local/lib/python3.12/site-packages/airflow/example_dags/example_trigger_target_dag.py
[2024-07-05T14:25:34.292+0000] {processor.py:830} INFO - Processing file /home/airflow/.local/lib/python3.12/site-packages/airflow/example_dags/example_trigger_target_dag.py for tasks to queue
[2024-07-05T14:25:34.293+0000] {logging_mixin.py:188} INFO - [2024-07-05T14:25:34.293+0000] {dagbag.py:545} INFO - Filling up the DagBag from /home/airflow/.local/lib/python3.12/site-packages/airflow/example_dags/example_trigger_target_dag.py
[2024-07-05T14:25:34.296+0000] {processor.py:840} INFO - DAG(s) 'example_trigger_target_dag' retrieved from /home/airflow/.local/lib/python3.12/site-packages/airflow/example_dags/example_trigger_target_dag.py
[2024-07-05T14:25:34.305+0000] {logging_mixin.py:188} INFO - [2024-07-05T14:25:34.305+0000] {dag.py:3096} INFO - Sync 1 DAGs
[2024-07-05T14:25:34.312+0000] {logging_mixin.py:188} INFO - [2024-07-05T14:25:34.312+0000] {dag.py:3954} INFO - Setting next_dagrun for example_trigger_target_dag to None, run_after=None
[2024-07-05T14:25:34.321+0000] {processor.py:183} INFO - Processing /home/airflow/.local/lib/python3.12/site-packages/airflow/example_dags/example_trigger_target_dag.py took 0.033 seconds
[2024-07-05T14:26:05.263+0000] {processor.py:161} INFO - Started process (PID=1955) to work on /home/airflow/.local/lib/python3.12/site-packages/airflow/example_dags/example_trigger_target_dag.py
[2024-07-05T14:26:05.267+0000] {processor.py:830} INFO - Processing file /home/airflow/.local/lib/python3.12/site-packages/airflow/example_dags/example_trigger_target_dag.py for tasks to queue
[2024-07-05T14:26:05.273+0000] {logging_mixin.py:188} INFO - [2024-07-05T14:26:05.272+0000] {dagbag.py:545} INFO - Filling up the DagBag from /home/airflow/.local/lib/python3.12/site-packages/airflow/example_dags/example_trigger_target_dag.py
[2024-07-05T14:26:05.280+0000] {processor.py:840} INFO - DAG(s) 'example_trigger_target_dag' retrieved from /home/airflow/.local/lib/python3.12/site-packages/airflow/example_dags/example_trigger_target_dag.py
[2024-07-05T14:26:05.296+0000] {logging_mixin.py:188} INFO - [2024-07-05T14:26:05.296+0000] {dag.py:3096} INFO - Sync 1 DAGs
[2024-07-05T14:26:05.304+0000] {logging_mixin.py:188} INFO - [2024-07-05T14:26:05.304+0000] {dag.py:3954} INFO - Setting next_dagrun for example_trigger_target_dag to None, run_after=None
[2024-07-05T14:26:05.313+0000] {processor.py:183} INFO - Processing /home/airflow/.local/lib/python3.12/site-packages/airflow/example_dags/example_trigger_target_dag.py took 0.069 seconds
[2024-07-05T14:28:04.101+0000] {processor.py:161} INFO - Started process (PID=42) to work on /home/airflow/.local/lib/python3.12/site-packages/airflow/example_dags/example_trigger_target_dag.py
[2024-07-05T14:28:04.101+0000] {processor.py:830} INFO - Processing file /home/airflow/.local/lib/python3.12/site-packages/airflow/example_dags/example_trigger_target_dag.py for tasks to queue
[2024-07-05T14:28:04.103+0000] {logging_mixin.py:188} INFO - [2024-07-05T14:28:04.103+0000] {dagbag.py:545} INFO - Filling up the DagBag from /home/airflow/.local/lib/python3.12/site-packages/airflow/example_dags/example_trigger_target_dag.py
[2024-07-05T14:28:04.109+0000] {processor.py:840} INFO - DAG(s) 'example_trigger_target_dag' retrieved from /home/airflow/.local/lib/python3.12/site-packages/airflow/example_dags/example_trigger_target_dag.py
[2024-07-05T14:28:04.122+0000] {logging_mixin.py:188} INFO - [2024-07-05T14:28:04.122+0000] {dag.py:3096} INFO - Sync 1 DAGs
[2024-07-05T14:28:04.129+0000] {logging_mixin.py:188} INFO - [2024-07-05T14:28:04.129+0000] {dag.py:3954} INFO - Setting next_dagrun for example_trigger_target_dag to None, run_after=None
[2024-07-05T14:28:04.140+0000] {processor.py:183} INFO - Processing /home/airflow/.local/lib/python3.12/site-packages/airflow/example_dags/example_trigger_target_dag.py took 0.045 seconds
[2024-07-05T14:28:35.040+0000] {processor.py:161} INFO - Started process (PID=100) to work on /home/airflow/.local/lib/python3.12/site-packages/airflow/example_dags/example_trigger_target_dag.py
[2024-07-05T14:28:35.041+0000] {processor.py:830} INFO - Processing file /home/airflow/.local/lib/python3.12/site-packages/airflow/example_dags/example_trigger_target_dag.py for tasks to queue
[2024-07-05T14:28:35.042+0000] {logging_mixin.py:188} INFO - [2024-07-05T14:28:35.042+0000] {dagbag.py:545} INFO - Filling up the DagBag from /home/airflow/.local/lib/python3.12/site-packages/airflow/example_dags/example_trigger_target_dag.py
[2024-07-05T14:28:35.046+0000] {processor.py:840} INFO - DAG(s) 'example_trigger_target_dag' retrieved from /home/airflow/.local/lib/python3.12/site-packages/airflow/example_dags/example_trigger_target_dag.py
[2024-07-05T14:28:35.051+0000] {logging_mixin.py:188} INFO - [2024-07-05T14:28:35.051+0000] {dag.py:3096} INFO - Sync 1 DAGs
[2024-07-05T14:28:35.059+0000] {logging_mixin.py:188} INFO - [2024-07-05T14:28:35.059+0000] {dag.py:3954} INFO - Setting next_dagrun for example_trigger_target_dag to None, run_after=None
[2024-07-05T14:28:35.068+0000] {processor.py:183} INFO - Processing /home/airflow/.local/lib/python3.12/site-packages/airflow/example_dags/example_trigger_target_dag.py took 0.032 seconds
[2024-07-05T14:29:05.884+0000] {processor.py:161} INFO - Started process (PID=158) to work on /home/airflow/.local/lib/python3.12/site-packages/airflow/example_dags/example_trigger_target_dag.py
[2024-07-05T14:29:05.885+0000] {processor.py:830} INFO - Processing file /home/airflow/.local/lib/python3.12/site-packages/airflow/example_dags/example_trigger_target_dag.py for tasks to queue
[2024-07-05T14:29:05.886+0000] {logging_mixin.py:188} INFO - [2024-07-05T14:29:05.885+0000] {dagbag.py:545} INFO - Filling up the DagBag from /home/airflow/.local/lib/python3.12/site-packages/airflow/example_dags/example_trigger_target_dag.py
[2024-07-05T14:29:05.888+0000] {processor.py:840} INFO - DAG(s) 'example_trigger_target_dag' retrieved from /home/airflow/.local/lib/python3.12/site-packages/airflow/example_dags/example_trigger_target_dag.py
[2024-07-05T14:29:05.935+0000] {logging_mixin.py:188} INFO - [2024-07-05T14:29:05.935+0000] {dag.py:3096} INFO - Sync 1 DAGs
[2024-07-05T14:29:05.940+0000] {logging_mixin.py:188} INFO - [2024-07-05T14:29:05.940+0000] {dag.py:3954} INFO - Setting next_dagrun for example_trigger_target_dag to None, run_after=None
[2024-07-05T14:29:05.950+0000] {processor.py:183} INFO - Processing /home/airflow/.local/lib/python3.12/site-packages/airflow/example_dags/example_trigger_target_dag.py took 0.069 seconds
[2024-07-05T14:29:36.134+0000] {processor.py:161} INFO - Started process (PID=216) to work on /home/airflow/.local/lib/python3.12/site-packages/airflow/example_dags/example_trigger_target_dag.py
[2024-07-05T14:29:36.135+0000] {processor.py:830} INFO - Processing file /home/airflow/.local/lib/python3.12/site-packages/airflow/example_dags/example_trigger_target_dag.py for tasks to queue
[2024-07-05T14:29:36.136+0000] {logging_mixin.py:188} INFO - [2024-07-05T14:29:36.135+0000] {dagbag.py:545} INFO - Filling up the DagBag from /home/airflow/.local/lib/python3.12/site-packages/airflow/example_dags/example_trigger_target_dag.py
[2024-07-05T14:29:36.138+0000] {processor.py:840} INFO - DAG(s) 'example_trigger_target_dag' retrieved from /home/airflow/.local/lib/python3.12/site-packages/airflow/example_dags/example_trigger_target_dag.py
[2024-07-05T14:29:36.148+0000] {logging_mixin.py:188} INFO - [2024-07-05T14:29:36.148+0000] {dag.py:3096} INFO - Sync 1 DAGs
[2024-07-05T14:29:36.153+0000] {logging_mixin.py:188} INFO - [2024-07-05T14:29:36.153+0000] {dag.py:3954} INFO - Setting next_dagrun for example_trigger_target_dag to None, run_after=None
[2024-07-05T14:29:36.162+0000] {processor.py:183} INFO - Processing /home/airflow/.local/lib/python3.12/site-packages/airflow/example_dags/example_trigger_target_dag.py took 0.031 seconds
[2024-07-05T14:30:06.321+0000] {processor.py:161} INFO - Started process (PID=274) to work on /home/airflow/.local/lib/python3.12/site-packages/airflow/example_dags/example_trigger_target_dag.py
[2024-07-05T14:30:06.321+0000] {processor.py:830} INFO - Processing file /home/airflow/.local/lib/python3.12/site-packages/airflow/example_dags/example_trigger_target_dag.py for tasks to queue
[2024-07-05T14:30:06.322+0000] {logging_mixin.py:188} INFO - [2024-07-05T14:30:06.322+0000] {dagbag.py:545} INFO - Filling up the DagBag from /home/airflow/.local/lib/python3.12/site-packages/airflow/example_dags/example_trigger_target_dag.py
[2024-07-05T14:30:06.326+0000] {processor.py:840} INFO - DAG(s) 'example_trigger_target_dag' retrieved from /home/airflow/.local/lib/python3.12/site-packages/airflow/example_dags/example_trigger_target_dag.py
[2024-07-05T14:30:06.335+0000] {logging_mixin.py:188} INFO - [2024-07-05T14:30:06.335+0000] {dag.py:3096} INFO - Sync 1 DAGs
[2024-07-05T14:30:06.341+0000] {logging_mixin.py:188} INFO - [2024-07-05T14:30:06.341+0000] {dag.py:3954} INFO - Setting next_dagrun for example_trigger_target_dag to None, run_after=None
[2024-07-05T14:30:06.348+0000] {processor.py:183} INFO - Processing /home/airflow/.local/lib/python3.12/site-packages/airflow/example_dags/example_trigger_target_dag.py took 0.030 seconds
[2024-07-05T14:30:36.886+0000] {processor.py:161} INFO - Started process (PID=332) to work on /home/airflow/.local/lib/python3.12/site-packages/airflow/example_dags/example_trigger_target_dag.py
[2024-07-05T14:30:36.887+0000] {processor.py:830} INFO - Processing file /home/airflow/.local/lib/python3.12/site-packages/airflow/example_dags/example_trigger_target_dag.py for tasks to queue
[2024-07-05T14:30:36.888+0000] {logging_mixin.py:188} INFO - [2024-07-05T14:30:36.888+0000] {dagbag.py:545} INFO - Filling up the DagBag from /home/airflow/.local/lib/python3.12/site-packages/airflow/example_dags/example_trigger_target_dag.py
[2024-07-05T14:30:36.891+0000] {processor.py:840} INFO - DAG(s) 'example_trigger_target_dag' retrieved from /home/airflow/.local/lib/python3.12/site-packages/airflow/example_dags/example_trigger_target_dag.py
[2024-07-05T14:30:36.900+0000] {logging_mixin.py:188} INFO - [2024-07-05T14:30:36.900+0000] {dag.py:3096} INFO - Sync 1 DAGs
[2024-07-05T14:30:36.906+0000] {logging_mixin.py:188} INFO - [2024-07-05T14:30:36.906+0000] {dag.py:3954} INFO - Setting next_dagrun for example_trigger_target_dag to None, run_after=None
[2024-07-05T14:30:36.914+0000] {processor.py:183} INFO - Processing /home/airflow/.local/lib/python3.12/site-packages/airflow/example_dags/example_trigger_target_dag.py took 0.031 seconds
[2024-07-05T14:31:07.526+0000] {processor.py:161} INFO - Started process (PID=390) to work on /home/airflow/.local/lib/python3.12/site-packages/airflow/example_dags/example_trigger_target_dag.py
[2024-07-05T14:31:07.527+0000] {processor.py:830} INFO - Processing file /home/airflow/.local/lib/python3.12/site-packages/airflow/example_dags/example_trigger_target_dag.py for tasks to queue
[2024-07-05T14:31:07.528+0000] {logging_mixin.py:188} INFO - [2024-07-05T14:31:07.528+0000] {dagbag.py:545} INFO - Filling up the DagBag from /home/airflow/.local/lib/python3.12/site-packages/airflow/example_dags/example_trigger_target_dag.py
[2024-07-05T14:31:07.531+0000] {processor.py:840} INFO - DAG(s) 'example_trigger_target_dag' retrieved from /home/airflow/.local/lib/python3.12/site-packages/airflow/example_dags/example_trigger_target_dag.py
[2024-07-05T14:31:07.541+0000] {logging_mixin.py:188} INFO - [2024-07-05T14:31:07.541+0000] {dag.py:3096} INFO - Sync 1 DAGs
[2024-07-05T14:31:07.547+0000] {logging_mixin.py:188} INFO - [2024-07-05T14:31:07.547+0000] {dag.py:3954} INFO - Setting next_dagrun for example_trigger_target_dag to None, run_after=None
[2024-07-05T14:31:07.555+0000] {processor.py:183} INFO - Processing /home/airflow/.local/lib/python3.12/site-packages/airflow/example_dags/example_trigger_target_dag.py took 0.032 seconds
[2024-07-05T14:31:38.101+0000] {processor.py:161} INFO - Started process (PID=448) to work on /home/airflow/.local/lib/python3.12/site-packages/airflow/example_dags/example_trigger_target_dag.py
[2024-07-05T14:31:38.101+0000] {processor.py:830} INFO - Processing file /home/airflow/.local/lib/python3.12/site-packages/airflow/example_dags/example_trigger_target_dag.py for tasks to queue
[2024-07-05T14:31:38.103+0000] {logging_mixin.py:188} INFO - [2024-07-05T14:31:38.102+0000] {dagbag.py:545} INFO - Filling up the DagBag from /home/airflow/.local/lib/python3.12/site-packages/airflow/example_dags/example_trigger_target_dag.py
[2024-07-05T14:31:38.106+0000] {processor.py:840} INFO - DAG(s) 'example_trigger_target_dag' retrieved from /home/airflow/.local/lib/python3.12/site-packages/airflow/example_dags/example_trigger_target_dag.py
[2024-07-05T14:31:38.116+0000] {logging_mixin.py:188} INFO - [2024-07-05T14:31:38.116+0000] {dag.py:3096} INFO - Sync 1 DAGs
[2024-07-05T14:31:38.123+0000] {logging_mixin.py:188} INFO - [2024-07-05T14:31:38.123+0000] {dag.py:3954} INFO - Setting next_dagrun for example_trigger_target_dag to None, run_after=None
[2024-07-05T14:31:38.133+0000] {processor.py:183} INFO - Processing /home/airflow/.local/lib/python3.12/site-packages/airflow/example_dags/example_trigger_target_dag.py took 0.037 seconds
[2024-07-05T14:32:08.788+0000] {processor.py:161} INFO - Started process (PID=506) to work on /home/airflow/.local/lib/python3.12/site-packages/airflow/example_dags/example_trigger_target_dag.py
[2024-07-05T14:32:08.788+0000] {processor.py:830} INFO - Processing file /home/airflow/.local/lib/python3.12/site-packages/airflow/example_dags/example_trigger_target_dag.py for tasks to queue
[2024-07-05T14:32:08.789+0000] {logging_mixin.py:188} INFO - [2024-07-05T14:32:08.789+0000] {dagbag.py:545} INFO - Filling up the DagBag from /home/airflow/.local/lib/python3.12/site-packages/airflow/example_dags/example_trigger_target_dag.py
[2024-07-05T14:32:08.792+0000] {processor.py:840} INFO - DAG(s) 'example_trigger_target_dag' retrieved from /home/airflow/.local/lib/python3.12/site-packages/airflow/example_dags/example_trigger_target_dag.py
[2024-07-05T14:32:08.802+0000] {logging_mixin.py:188} INFO - [2024-07-05T14:32:08.802+0000] {dag.py:3096} INFO - Sync 1 DAGs
[2024-07-05T14:32:08.808+0000] {logging_mixin.py:188} INFO - [2024-07-05T14:32:08.808+0000] {dag.py:3954} INFO - Setting next_dagrun for example_trigger_target_dag to None, run_after=None
[2024-07-05T14:32:08.817+0000] {processor.py:183} INFO - Processing /home/airflow/.local/lib/python3.12/site-packages/airflow/example_dags/example_trigger_target_dag.py took 0.032 seconds
[2024-07-05T14:32:39.652+0000] {processor.py:161} INFO - Started process (PID=564) to work on /home/airflow/.local/lib/python3.12/site-packages/airflow/example_dags/example_trigger_target_dag.py
[2024-07-05T14:32:39.653+0000] {processor.py:830} INFO - Processing file /home/airflow/.local/lib/python3.12/site-packages/airflow/example_dags/example_trigger_target_dag.py for tasks to queue
[2024-07-05T14:32:39.654+0000] {logging_mixin.py:188} INFO - [2024-07-05T14:32:39.654+0000] {dagbag.py:545} INFO - Filling up the DagBag from /home/airflow/.local/lib/python3.12/site-packages/airflow/example_dags/example_trigger_target_dag.py
[2024-07-05T14:32:39.658+0000] {processor.py:840} INFO - DAG(s) 'example_trigger_target_dag' retrieved from /home/airflow/.local/lib/python3.12/site-packages/airflow/example_dags/example_trigger_target_dag.py
[2024-07-05T14:32:39.669+0000] {logging_mixin.py:188} INFO - [2024-07-05T14:32:39.669+0000] {dag.py:3096} INFO - Sync 1 DAGs
[2024-07-05T14:32:39.676+0000] {logging_mixin.py:188} INFO - [2024-07-05T14:32:39.676+0000] {dag.py:3954} INFO - Setting next_dagrun for example_trigger_target_dag to None, run_after=None
[2024-07-05T14:32:39.686+0000] {processor.py:183} INFO - Processing /home/airflow/.local/lib/python3.12/site-packages/airflow/example_dags/example_trigger_target_dag.py took 0.038 seconds
[2024-07-05T14:33:09.765+0000] {processor.py:161} INFO - Started process (PID=622) to work on /home/airflow/.local/lib/python3.12/site-packages/airflow/example_dags/example_trigger_target_dag.py
[2024-07-05T14:33:09.766+0000] {processor.py:830} INFO - Processing file /home/airflow/.local/lib/python3.12/site-packages/airflow/example_dags/example_trigger_target_dag.py for tasks to queue
[2024-07-05T14:33:09.767+0000] {logging_mixin.py:188} INFO - [2024-07-05T14:33:09.767+0000] {dagbag.py:545} INFO - Filling up the DagBag from /home/airflow/.local/lib/python3.12/site-packages/airflow/example_dags/example_trigger_target_dag.py
[2024-07-05T14:33:09.770+0000] {processor.py:840} INFO - DAG(s) 'example_trigger_target_dag' retrieved from /home/airflow/.local/lib/python3.12/site-packages/airflow/example_dags/example_trigger_target_dag.py
[2024-07-05T14:33:09.780+0000] {logging_mixin.py:188} INFO - [2024-07-05T14:33:09.780+0000] {dag.py:3096} INFO - Sync 1 DAGs
[2024-07-05T14:33:09.786+0000] {logging_mixin.py:188} INFO - [2024-07-05T14:33:09.786+0000] {dag.py:3954} INFO - Setting next_dagrun for example_trigger_target_dag to None, run_after=None
[2024-07-05T14:33:09.794+0000] {processor.py:183} INFO - Processing /home/airflow/.local/lib/python3.12/site-packages/airflow/example_dags/example_trigger_target_dag.py took 0.031 seconds
[2024-07-05T14:33:40.067+0000] {processor.py:161} INFO - Started process (PID=680) to work on /home/airflow/.local/lib/python3.12/site-packages/airflow/example_dags/example_trigger_target_dag.py
[2024-07-05T14:33:40.067+0000] {processor.py:830} INFO - Processing file /home/airflow/.local/lib/python3.12/site-packages/airflow/example_dags/example_trigger_target_dag.py for tasks to queue
[2024-07-05T14:33:40.068+0000] {logging_mixin.py:188} INFO - [2024-07-05T14:33:40.068+0000] {dagbag.py:545} INFO - Filling up the DagBag from /home/airflow/.local/lib/python3.12/site-packages/airflow/example_dags/example_trigger_target_dag.py
[2024-07-05T14:33:40.072+0000] {processor.py:840} INFO - DAG(s) 'example_trigger_target_dag' retrieved from /home/airflow/.local/lib/python3.12/site-packages/airflow/example_dags/example_trigger_target_dag.py
[2024-07-05T14:33:40.082+0000] {logging_mixin.py:188} INFO - [2024-07-05T14:33:40.082+0000] {dag.py:3096} INFO - Sync 1 DAGs
[2024-07-05T14:33:40.088+0000] {logging_mixin.py:188} INFO - [2024-07-05T14:33:40.088+0000] {dag.py:3954} INFO - Setting next_dagrun for example_trigger_target_dag to None, run_after=None
[2024-07-05T14:33:40.096+0000] {processor.py:183} INFO - Processing /home/airflow/.local/lib/python3.12/site-packages/airflow/example_dags/example_trigger_target_dag.py took 0.033 seconds
[2024-07-05T14:34:10.703+0000] {processor.py:161} INFO - Started process (PID=738) to work on /home/airflow/.local/lib/python3.12/site-packages/airflow/example_dags/example_trigger_target_dag.py
[2024-07-05T14:34:10.704+0000] {processor.py:830} INFO - Processing file /home/airflow/.local/lib/python3.12/site-packages/airflow/example_dags/example_trigger_target_dag.py for tasks to queue
[2024-07-05T14:34:10.705+0000] {logging_mixin.py:188} INFO - [2024-07-05T14:34:10.705+0000] {dagbag.py:545} INFO - Filling up the DagBag from /home/airflow/.local/lib/python3.12/site-packages/airflow/example_dags/example_trigger_target_dag.py
[2024-07-05T14:34:10.708+0000] {processor.py:840} INFO - DAG(s) 'example_trigger_target_dag' retrieved from /home/airflow/.local/lib/python3.12/site-packages/airflow/example_dags/example_trigger_target_dag.py
[2024-07-05T14:34:10.717+0000] {logging_mixin.py:188} INFO - [2024-07-05T14:34:10.717+0000] {dag.py:3096} INFO - Sync 1 DAGs
[2024-07-05T14:34:10.723+0000] {logging_mixin.py:188} INFO - [2024-07-05T14:34:10.723+0000] {dag.py:3954} INFO - Setting next_dagrun for example_trigger_target_dag to None, run_after=None
[2024-07-05T14:34:10.732+0000] {processor.py:183} INFO - Processing /home/airflow/.local/lib/python3.12/site-packages/airflow/example_dags/example_trigger_target_dag.py took 0.031 seconds
[2024-07-05T14:34:41.412+0000] {processor.py:161} INFO - Started process (PID=796) to work on /home/airflow/.local/lib/python3.12/site-packages/airflow/example_dags/example_trigger_target_dag.py
[2024-07-05T14:34:41.412+0000] {processor.py:830} INFO - Processing file /home/airflow/.local/lib/python3.12/site-packages/airflow/example_dags/example_trigger_target_dag.py for tasks to queue
[2024-07-05T14:34:41.413+0000] {logging_mixin.py:188} INFO - [2024-07-05T14:34:41.413+0000] {dagbag.py:545} INFO - Filling up the DagBag from /home/airflow/.local/lib/python3.12/site-packages/airflow/example_dags/example_trigger_target_dag.py
[2024-07-05T14:34:41.416+0000] {processor.py:840} INFO - DAG(s) 'example_trigger_target_dag' retrieved from /home/airflow/.local/lib/python3.12/site-packages/airflow/example_dags/example_trigger_target_dag.py
[2024-07-05T14:34:41.426+0000] {logging_mixin.py:188} INFO - [2024-07-05T14:34:41.426+0000] {dag.py:3096} INFO - Sync 1 DAGs
[2024-07-05T14:34:41.432+0000] {logging_mixin.py:188} INFO - [2024-07-05T14:34:41.432+0000] {dag.py:3954} INFO - Setting next_dagrun for example_trigger_target_dag to None, run_after=None
[2024-07-05T14:34:41.441+0000] {processor.py:183} INFO - Processing /home/airflow/.local/lib/python3.12/site-packages/airflow/example_dags/example_trigger_target_dag.py took 0.032 seconds
[2024-07-05T14:35:11.592+0000] {processor.py:161} INFO - Started process (PID=854) to work on /home/airflow/.local/lib/python3.12/site-packages/airflow/example_dags/example_trigger_target_dag.py
[2024-07-05T14:35:11.593+0000] {processor.py:830} INFO - Processing file /home/airflow/.local/lib/python3.12/site-packages/airflow/example_dags/example_trigger_target_dag.py for tasks to queue
[2024-07-05T14:35:11.594+0000] {logging_mixin.py:188} INFO - [2024-07-05T14:35:11.593+0000] {dagbag.py:545} INFO - Filling up the DagBag from /home/airflow/.local/lib/python3.12/site-packages/airflow/example_dags/example_trigger_target_dag.py
[2024-07-05T14:35:11.597+0000] {processor.py:840} INFO - DAG(s) 'example_trigger_target_dag' retrieved from /home/airflow/.local/lib/python3.12/site-packages/airflow/example_dags/example_trigger_target_dag.py
[2024-07-05T14:35:11.607+0000] {logging_mixin.py:188} INFO - [2024-07-05T14:35:11.607+0000] {dag.py:3096} INFO - Sync 1 DAGs
[2024-07-05T14:35:11.613+0000] {logging_mixin.py:188} INFO - [2024-07-05T14:35:11.613+0000] {dag.py:3954} INFO - Setting next_dagrun for example_trigger_target_dag to None, run_after=None
[2024-07-05T14:35:11.622+0000] {processor.py:183} INFO - Processing /home/airflow/.local/lib/python3.12/site-packages/airflow/example_dags/example_trigger_target_dag.py took 0.033 seconds
[2024-07-05T14:35:41.774+0000] {processor.py:161} INFO - Started process (PID=912) to work on /home/airflow/.local/lib/python3.12/site-packages/airflow/example_dags/example_trigger_target_dag.py
[2024-07-05T14:35:41.775+0000] {processor.py:830} INFO - Processing file /home/airflow/.local/lib/python3.12/site-packages/airflow/example_dags/example_trigger_target_dag.py for tasks to queue
[2024-07-05T14:35:41.776+0000] {logging_mixin.py:188} INFO - [2024-07-05T14:35:41.775+0000] {dagbag.py:545} INFO - Filling up the DagBag from /home/airflow/.local/lib/python3.12/site-packages/airflow/example_dags/example_trigger_target_dag.py
[2024-07-05T14:35:41.779+0000] {processor.py:840} INFO - DAG(s) 'example_trigger_target_dag' retrieved from /home/airflow/.local/lib/python3.12/site-packages/airflow/example_dags/example_trigger_target_dag.py
[2024-07-05T14:35:41.788+0000] {logging_mixin.py:188} INFO - [2024-07-05T14:35:41.788+0000] {dag.py:3096} INFO - Sync 1 DAGs
[2024-07-05T14:35:41.794+0000] {logging_mixin.py:188} INFO - [2024-07-05T14:35:41.794+0000] {dag.py:3954} INFO - Setting next_dagrun for example_trigger_target_dag to None, run_after=None
[2024-07-05T14:35:41.803+0000] {processor.py:183} INFO - Processing /home/airflow/.local/lib/python3.12/site-packages/airflow/example_dags/example_trigger_target_dag.py took 0.032 seconds
[2024-07-05T14:36:11.854+0000] {processor.py:161} INFO - Started process (PID=970) to work on /home/airflow/.local/lib/python3.12/site-packages/airflow/example_dags/example_trigger_target_dag.py
[2024-07-05T14:36:11.855+0000] {processor.py:830} INFO - Processing file /home/airflow/.local/lib/python3.12/site-packages/airflow/example_dags/example_trigger_target_dag.py for tasks to queue
[2024-07-05T14:36:11.856+0000] {logging_mixin.py:188} INFO - [2024-07-05T14:36:11.856+0000] {dagbag.py:545} INFO - Filling up the DagBag from /home/airflow/.local/lib/python3.12/site-packages/airflow/example_dags/example_trigger_target_dag.py
[2024-07-05T14:36:11.859+0000] {processor.py:840} INFO - DAG(s) 'example_trigger_target_dag' retrieved from /home/airflow/.local/lib/python3.12/site-packages/airflow/example_dags/example_trigger_target_dag.py
[2024-07-05T14:36:11.868+0000] {logging_mixin.py:188} INFO - [2024-07-05T14:36:11.868+0000] {dag.py:3096} INFO - Sync 1 DAGs
[2024-07-05T14:36:11.874+0000] {logging_mixin.py:188} INFO - [2024-07-05T14:36:11.874+0000] {dag.py:3954} INFO - Setting next_dagrun for example_trigger_target_dag to None, run_after=None
[2024-07-05T14:36:11.883+0000] {processor.py:183} INFO - Processing /home/airflow/.local/lib/python3.12/site-packages/airflow/example_dags/example_trigger_target_dag.py took 0.031 seconds
[2024-07-05T14:36:42.420+0000] {processor.py:161} INFO - Started process (PID=1028) to work on /home/airflow/.local/lib/python3.12/site-packages/airflow/example_dags/example_trigger_target_dag.py
[2024-07-05T14:36:42.421+0000] {processor.py:830} INFO - Processing file /home/airflow/.local/lib/python3.12/site-packages/airflow/example_dags/example_trigger_target_dag.py for tasks to queue
[2024-07-05T14:36:42.421+0000] {logging_mixin.py:188} INFO - [2024-07-05T14:36:42.421+0000] {dagbag.py:545} INFO - Filling up the DagBag from /home/airflow/.local/lib/python3.12/site-packages/airflow/example_dags/example_trigger_target_dag.py
[2024-07-05T14:36:42.425+0000] {processor.py:840} INFO - DAG(s) 'example_trigger_target_dag' retrieved from /home/airflow/.local/lib/python3.12/site-packages/airflow/example_dags/example_trigger_target_dag.py
[2024-07-05T14:36:42.433+0000] {logging_mixin.py:188} INFO - [2024-07-05T14:36:42.433+0000] {dag.py:3096} INFO - Sync 1 DAGs
[2024-07-05T14:36:42.439+0000] {logging_mixin.py:188} INFO - [2024-07-05T14:36:42.439+0000] {dag.py:3954} INFO - Setting next_dagrun for example_trigger_target_dag to None, run_after=None
[2024-07-05T14:36:42.447+0000] {processor.py:183} INFO - Processing /home/airflow/.local/lib/python3.12/site-packages/airflow/example_dags/example_trigger_target_dag.py took 0.030 seconds
[2024-07-05T14:37:12.986+0000] {processor.py:161} INFO - Started process (PID=1086) to work on /home/airflow/.local/lib/python3.12/site-packages/airflow/example_dags/example_trigger_target_dag.py
[2024-07-05T14:37:12.988+0000] {processor.py:830} INFO - Processing file /home/airflow/.local/lib/python3.12/site-packages/airflow/example_dags/example_trigger_target_dag.py for tasks to queue
[2024-07-05T14:37:12.989+0000] {logging_mixin.py:188} INFO - [2024-07-05T14:37:12.989+0000] {dagbag.py:545} INFO - Filling up the DagBag from /home/airflow/.local/lib/python3.12/site-packages/airflow/example_dags/example_trigger_target_dag.py
[2024-07-05T14:37:12.993+0000] {processor.py:840} INFO - DAG(s) 'example_trigger_target_dag' retrieved from /home/airflow/.local/lib/python3.12/site-packages/airflow/example_dags/example_trigger_target_dag.py
[2024-07-05T14:37:13.002+0000] {logging_mixin.py:188} INFO - [2024-07-05T14:37:13.002+0000] {dag.py:3096} INFO - Sync 1 DAGs
[2024-07-05T14:37:13.007+0000] {logging_mixin.py:188} INFO - [2024-07-05T14:37:13.007+0000] {dag.py:3954} INFO - Setting next_dagrun for example_trigger_target_dag to None, run_after=None
[2024-07-05T14:37:13.016+0000] {processor.py:183} INFO - Processing /home/airflow/.local/lib/python3.12/site-packages/airflow/example_dags/example_trigger_target_dag.py took 0.033 seconds
[2024-07-05T14:37:43.650+0000] {processor.py:161} INFO - Started process (PID=1144) to work on /home/airflow/.local/lib/python3.12/site-packages/airflow/example_dags/example_trigger_target_dag.py
[2024-07-05T14:37:43.651+0000] {processor.py:830} INFO - Processing file /home/airflow/.local/lib/python3.12/site-packages/airflow/example_dags/example_trigger_target_dag.py for tasks to queue
[2024-07-05T14:37:43.652+0000] {logging_mixin.py:188} INFO - [2024-07-05T14:37:43.652+0000] {dagbag.py:545} INFO - Filling up the DagBag from /home/airflow/.local/lib/python3.12/site-packages/airflow/example_dags/example_trigger_target_dag.py
[2024-07-05T14:37:43.654+0000] {processor.py:840} INFO - DAG(s) 'example_trigger_target_dag' retrieved from /home/airflow/.local/lib/python3.12/site-packages/airflow/example_dags/example_trigger_target_dag.py
[2024-07-05T14:37:43.663+0000] {logging_mixin.py:188} INFO - [2024-07-05T14:37:43.663+0000] {dag.py:3096} INFO - Sync 1 DAGs
[2024-07-05T14:37:43.668+0000] {logging_mixin.py:188} INFO - [2024-07-05T14:37:43.668+0000] {dag.py:3954} INFO - Setting next_dagrun for example_trigger_target_dag to None, run_after=None
[2024-07-05T14:37:43.675+0000] {processor.py:183} INFO - Processing /home/airflow/.local/lib/python3.12/site-packages/airflow/example_dags/example_trigger_target_dag.py took 0.028 seconds
[2024-07-05T14:38:14.356+0000] {processor.py:161} INFO - Started process (PID=1202) to work on /home/airflow/.local/lib/python3.12/site-packages/airflow/example_dags/example_trigger_target_dag.py
[2024-07-05T14:38:14.356+0000] {processor.py:830} INFO - Processing file /home/airflow/.local/lib/python3.12/site-packages/airflow/example_dags/example_trigger_target_dag.py for tasks to queue
[2024-07-05T14:38:14.357+0000] {logging_mixin.py:188} INFO - [2024-07-05T14:38:14.357+0000] {dagbag.py:545} INFO - Filling up the DagBag from /home/airflow/.local/lib/python3.12/site-packages/airflow/example_dags/example_trigger_target_dag.py
[2024-07-05T14:38:14.360+0000] {processor.py:840} INFO - DAG(s) 'example_trigger_target_dag' retrieved from /home/airflow/.local/lib/python3.12/site-packages/airflow/example_dags/example_trigger_target_dag.py
[2024-07-05T14:38:14.369+0000] {logging_mixin.py:188} INFO - [2024-07-05T14:38:14.368+0000] {dag.py:3096} INFO - Sync 1 DAGs
[2024-07-05T14:38:14.374+0000] {logging_mixin.py:188} INFO - [2024-07-05T14:38:14.374+0000] {dag.py:3954} INFO - Setting next_dagrun for example_trigger_target_dag to None, run_after=None
[2024-07-05T14:38:14.381+0000] {processor.py:183} INFO - Processing /home/airflow/.local/lib/python3.12/site-packages/airflow/example_dags/example_trigger_target_dag.py took 0.027 seconds
[2024-07-05T14:38:44.964+0000] {processor.py:161} INFO - Started process (PID=1260) to work on /home/airflow/.local/lib/python3.12/site-packages/airflow/example_dags/example_trigger_target_dag.py
[2024-07-05T14:38:44.965+0000] {processor.py:830} INFO - Processing file /home/airflow/.local/lib/python3.12/site-packages/airflow/example_dags/example_trigger_target_dag.py for tasks to queue
[2024-07-05T14:38:44.965+0000] {logging_mixin.py:188} INFO - [2024-07-05T14:38:44.965+0000] {dagbag.py:545} INFO - Filling up the DagBag from /home/airflow/.local/lib/python3.12/site-packages/airflow/example_dags/example_trigger_target_dag.py
[2024-07-05T14:38:44.968+0000] {processor.py:840} INFO - DAG(s) 'example_trigger_target_dag' retrieved from /home/airflow/.local/lib/python3.12/site-packages/airflow/example_dags/example_trigger_target_dag.py
[2024-07-05T14:38:44.976+0000] {logging_mixin.py:188} INFO - [2024-07-05T14:38:44.976+0000] {dag.py:3096} INFO - Sync 1 DAGs
[2024-07-05T14:38:44.982+0000] {logging_mixin.py:188} INFO - [2024-07-05T14:38:44.981+0000] {dag.py:3954} INFO - Setting next_dagrun for example_trigger_target_dag to None, run_after=None
[2024-07-05T14:38:44.989+0000] {processor.py:183} INFO - Processing /home/airflow/.local/lib/python3.12/site-packages/airflow/example_dags/example_trigger_target_dag.py took 0.027 seconds
[2024-07-05T14:39:15.518+0000] {processor.py:161} INFO - Started process (PID=1318) to work on /home/airflow/.local/lib/python3.12/site-packages/airflow/example_dags/example_trigger_target_dag.py
[2024-07-05T14:39:15.519+0000] {processor.py:830} INFO - Processing file /home/airflow/.local/lib/python3.12/site-packages/airflow/example_dags/example_trigger_target_dag.py for tasks to queue
[2024-07-05T14:39:15.520+0000] {logging_mixin.py:188} INFO - [2024-07-05T14:39:15.520+0000] {dagbag.py:545} INFO - Filling up the DagBag from /home/airflow/.local/lib/python3.12/site-packages/airflow/example_dags/example_trigger_target_dag.py
[2024-07-05T14:39:15.523+0000] {processor.py:840} INFO - DAG(s) 'example_trigger_target_dag' retrieved from /home/airflow/.local/lib/python3.12/site-packages/airflow/example_dags/example_trigger_target_dag.py
[2024-07-05T14:39:15.532+0000] {logging_mixin.py:188} INFO - [2024-07-05T14:39:15.532+0000] {dag.py:3096} INFO - Sync 1 DAGs
[2024-07-05T14:39:15.538+0000] {logging_mixin.py:188} INFO - [2024-07-05T14:39:15.538+0000] {dag.py:3954} INFO - Setting next_dagrun for example_trigger_target_dag to None, run_after=None
[2024-07-05T14:39:15.547+0000] {processor.py:183} INFO - Processing /home/airflow/.local/lib/python3.12/site-packages/airflow/example_dags/example_trigger_target_dag.py took 0.031 seconds
[2024-07-05T14:39:46.161+0000] {processor.py:161} INFO - Started process (PID=1376) to work on /home/airflow/.local/lib/python3.12/site-packages/airflow/example_dags/example_trigger_target_dag.py
[2024-07-05T14:39:46.162+0000] {processor.py:830} INFO - Processing file /home/airflow/.local/lib/python3.12/site-packages/airflow/example_dags/example_trigger_target_dag.py for tasks to queue
[2024-07-05T14:39:46.162+0000] {logging_mixin.py:188} INFO - [2024-07-05T14:39:46.162+0000] {dagbag.py:545} INFO - Filling up the DagBag from /home/airflow/.local/lib/python3.12/site-packages/airflow/example_dags/example_trigger_target_dag.py
[2024-07-05T14:39:46.165+0000] {processor.py:840} INFO - DAG(s) 'example_trigger_target_dag' retrieved from /home/airflow/.local/lib/python3.12/site-packages/airflow/example_dags/example_trigger_target_dag.py
[2024-07-05T14:39:46.174+0000] {logging_mixin.py:188} INFO - [2024-07-05T14:39:46.174+0000] {dag.py:3096} INFO - Sync 1 DAGs
[2024-07-05T14:39:46.179+0000] {logging_mixin.py:188} INFO - [2024-07-05T14:39:46.179+0000] {dag.py:3954} INFO - Setting next_dagrun for example_trigger_target_dag to None, run_after=None
[2024-07-05T14:39:46.186+0000] {processor.py:183} INFO - Processing /home/airflow/.local/lib/python3.12/site-packages/airflow/example_dags/example_trigger_target_dag.py took 0.028 seconds
[2024-07-05T14:40:16.941+0000] {processor.py:161} INFO - Started process (PID=1434) to work on /home/airflow/.local/lib/python3.12/site-packages/airflow/example_dags/example_trigger_target_dag.py
[2024-07-05T14:40:16.941+0000] {processor.py:830} INFO - Processing file /home/airflow/.local/lib/python3.12/site-packages/airflow/example_dags/example_trigger_target_dag.py for tasks to queue
[2024-07-05T14:40:16.943+0000] {logging_mixin.py:188} INFO - [2024-07-05T14:40:16.942+0000] {dagbag.py:545} INFO - Filling up the DagBag from /home/airflow/.local/lib/python3.12/site-packages/airflow/example_dags/example_trigger_target_dag.py
[2024-07-05T14:40:16.947+0000] {processor.py:840} INFO - DAG(s) 'example_trigger_target_dag' retrieved from /home/airflow/.local/lib/python3.12/site-packages/airflow/example_dags/example_trigger_target_dag.py
[2024-07-05T14:40:16.957+0000] {logging_mixin.py:188} INFO - [2024-07-05T14:40:16.957+0000] {dag.py:3096} INFO - Sync 1 DAGs
[2024-07-05T14:40:16.963+0000] {logging_mixin.py:188} INFO - [2024-07-05T14:40:16.963+0000] {dag.py:3954} INFO - Setting next_dagrun for example_trigger_target_dag to None, run_after=None
[2024-07-05T14:40:16.973+0000] {processor.py:183} INFO - Processing /home/airflow/.local/lib/python3.12/site-packages/airflow/example_dags/example_trigger_target_dag.py took 0.036 seconds
[2024-07-05T14:40:47.717+0000] {processor.py:161} INFO - Started process (PID=1491) to work on /home/airflow/.local/lib/python3.12/site-packages/airflow/example_dags/example_trigger_target_dag.py
[2024-07-05T14:40:47.718+0000] {processor.py:830} INFO - Processing file /home/airflow/.local/lib/python3.12/site-packages/airflow/example_dags/example_trigger_target_dag.py for tasks to queue
[2024-07-05T14:40:47.719+0000] {logging_mixin.py:188} INFO - [2024-07-05T14:40:47.719+0000] {dagbag.py:545} INFO - Filling up the DagBag from /home/airflow/.local/lib/python3.12/site-packages/airflow/example_dags/example_trigger_target_dag.py
[2024-07-05T14:40:47.722+0000] {processor.py:840} INFO - DAG(s) 'example_trigger_target_dag' retrieved from /home/airflow/.local/lib/python3.12/site-packages/airflow/example_dags/example_trigger_target_dag.py
[2024-07-05T14:40:47.733+0000] {logging_mixin.py:188} INFO - [2024-07-05T14:40:47.733+0000] {dag.py:3096} INFO - Sync 1 DAGs
[2024-07-05T14:40:47.739+0000] {logging_mixin.py:188} INFO - [2024-07-05T14:40:47.739+0000] {dag.py:3954} INFO - Setting next_dagrun for example_trigger_target_dag to None, run_after=None
[2024-07-05T14:40:47.748+0000] {processor.py:183} INFO - Processing /home/airflow/.local/lib/python3.12/site-packages/airflow/example_dags/example_trigger_target_dag.py took 0.033 seconds
[2024-07-05T14:41:18.462+0000] {processor.py:161} INFO - Started process (PID=1549) to work on /home/airflow/.local/lib/python3.12/site-packages/airflow/example_dags/example_trigger_target_dag.py
[2024-07-05T14:41:18.463+0000] {processor.py:830} INFO - Processing file /home/airflow/.local/lib/python3.12/site-packages/airflow/example_dags/example_trigger_target_dag.py for tasks to queue
[2024-07-05T14:41:18.464+0000] {logging_mixin.py:188} INFO - [2024-07-05T14:41:18.464+0000] {dagbag.py:545} INFO - Filling up the DagBag from /home/airflow/.local/lib/python3.12/site-packages/airflow/example_dags/example_trigger_target_dag.py
[2024-07-05T14:41:18.468+0000] {processor.py:840} INFO - DAG(s) 'example_trigger_target_dag' retrieved from /home/airflow/.local/lib/python3.12/site-packages/airflow/example_dags/example_trigger_target_dag.py
[2024-07-05T14:41:18.478+0000] {logging_mixin.py:188} INFO - [2024-07-05T14:41:18.477+0000] {dag.py:3096} INFO - Sync 1 DAGs
[2024-07-05T14:41:18.484+0000] {logging_mixin.py:188} INFO - [2024-07-05T14:41:18.484+0000] {dag.py:3954} INFO - Setting next_dagrun for example_trigger_target_dag to None, run_after=None
[2024-07-05T14:41:18.493+0000] {processor.py:183} INFO - Processing /home/airflow/.local/lib/python3.12/site-packages/airflow/example_dags/example_trigger_target_dag.py took 0.033 seconds
[2024-07-05T14:41:48.545+0000] {processor.py:161} INFO - Started process (PID=1607) to work on /home/airflow/.local/lib/python3.12/site-packages/airflow/example_dags/example_trigger_target_dag.py
[2024-07-05T14:41:48.546+0000] {processor.py:830} INFO - Processing file /home/airflow/.local/lib/python3.12/site-packages/airflow/example_dags/example_trigger_target_dag.py for tasks to queue
[2024-07-05T14:41:48.547+0000] {logging_mixin.py:188} INFO - [2024-07-05T14:41:48.547+0000] {dagbag.py:545} INFO - Filling up the DagBag from /home/airflow/.local/lib/python3.12/site-packages/airflow/example_dags/example_trigger_target_dag.py
[2024-07-05T14:41:48.550+0000] {processor.py:840} INFO - DAG(s) 'example_trigger_target_dag' retrieved from /home/airflow/.local/lib/python3.12/site-packages/airflow/example_dags/example_trigger_target_dag.py
[2024-07-05T14:41:48.559+0000] {logging_mixin.py:188} INFO - [2024-07-05T14:41:48.559+0000] {dag.py:3096} INFO - Sync 1 DAGs
[2024-07-05T14:41:48.565+0000] {logging_mixin.py:188} INFO - [2024-07-05T14:41:48.565+0000] {dag.py:3954} INFO - Setting next_dagrun for example_trigger_target_dag to None, run_after=None
[2024-07-05T14:41:48.573+0000] {processor.py:183} INFO - Processing /home/airflow/.local/lib/python3.12/site-packages/airflow/example_dags/example_trigger_target_dag.py took 0.031 seconds
[2024-07-05T14:42:18.854+0000] {processor.py:161} INFO - Started process (PID=1665) to work on /home/airflow/.local/lib/python3.12/site-packages/airflow/example_dags/example_trigger_target_dag.py
[2024-07-05T14:42:18.854+0000] {processor.py:830} INFO - Processing file /home/airflow/.local/lib/python3.12/site-packages/airflow/example_dags/example_trigger_target_dag.py for tasks to queue
[2024-07-05T14:42:18.855+0000] {logging_mixin.py:188} INFO - [2024-07-05T14:42:18.855+0000] {dagbag.py:545} INFO - Filling up the DagBag from /home/airflow/.local/lib/python3.12/site-packages/airflow/example_dags/example_trigger_target_dag.py
[2024-07-05T14:42:18.858+0000] {processor.py:840} INFO - DAG(s) 'example_trigger_target_dag' retrieved from /home/airflow/.local/lib/python3.12/site-packages/airflow/example_dags/example_trigger_target_dag.py
[2024-07-05T14:42:18.870+0000] {logging_mixin.py:188} INFO - [2024-07-05T14:42:18.869+0000] {dag.py:3096} INFO - Sync 1 DAGs
[2024-07-05T14:42:18.876+0000] {logging_mixin.py:188} INFO - [2024-07-05T14:42:18.876+0000] {dag.py:3954} INFO - Setting next_dagrun for example_trigger_target_dag to None, run_after=None
[2024-07-05T14:42:18.885+0000] {processor.py:183} INFO - Processing /home/airflow/.local/lib/python3.12/site-packages/airflow/example_dags/example_trigger_target_dag.py took 0.035 seconds
[2024-07-05T14:42:48.989+0000] {processor.py:161} INFO - Started process (PID=1722) to work on /home/airflow/.local/lib/python3.12/site-packages/airflow/example_dags/example_trigger_target_dag.py
[2024-07-05T14:42:48.989+0000] {processor.py:830} INFO - Processing file /home/airflow/.local/lib/python3.12/site-packages/airflow/example_dags/example_trigger_target_dag.py for tasks to queue
[2024-07-05T14:42:48.990+0000] {logging_mixin.py:188} INFO - [2024-07-05T14:42:48.990+0000] {dagbag.py:545} INFO - Filling up the DagBag from /home/airflow/.local/lib/python3.12/site-packages/airflow/example_dags/example_trigger_target_dag.py
[2024-07-05T14:42:48.993+0000] {processor.py:840} INFO - DAG(s) 'example_trigger_target_dag' retrieved from /home/airflow/.local/lib/python3.12/site-packages/airflow/example_dags/example_trigger_target_dag.py
[2024-07-05T14:42:49.001+0000] {logging_mixin.py:188} INFO - [2024-07-05T14:42:49.001+0000] {dag.py:3096} INFO - Sync 1 DAGs
[2024-07-05T14:42:49.006+0000] {logging_mixin.py:188} INFO - [2024-07-05T14:42:49.006+0000] {dag.py:3954} INFO - Setting next_dagrun for example_trigger_target_dag to None, run_after=None
[2024-07-05T14:42:49.014+0000] {processor.py:183} INFO - Processing /home/airflow/.local/lib/python3.12/site-packages/airflow/example_dags/example_trigger_target_dag.py took 0.028 seconds
[2024-07-05T14:43:19.345+0000] {processor.py:161} INFO - Started process (PID=1780) to work on /home/airflow/.local/lib/python3.12/site-packages/airflow/example_dags/example_trigger_target_dag.py
[2024-07-05T14:43:19.346+0000] {processor.py:830} INFO - Processing file /home/airflow/.local/lib/python3.12/site-packages/airflow/example_dags/example_trigger_target_dag.py for tasks to queue
[2024-07-05T14:43:19.346+0000] {logging_mixin.py:188} INFO - [2024-07-05T14:43:19.346+0000] {dagbag.py:545} INFO - Filling up the DagBag from /home/airflow/.local/lib/python3.12/site-packages/airflow/example_dags/example_trigger_target_dag.py
[2024-07-05T14:43:19.349+0000] {processor.py:840} INFO - DAG(s) 'example_trigger_target_dag' retrieved from /home/airflow/.local/lib/python3.12/site-packages/airflow/example_dags/example_trigger_target_dag.py
[2024-07-05T14:43:19.358+0000] {logging_mixin.py:188} INFO - [2024-07-05T14:43:19.358+0000] {dag.py:3096} INFO - Sync 1 DAGs
[2024-07-05T14:43:19.364+0000] {logging_mixin.py:188} INFO - [2024-07-05T14:43:19.364+0000] {dag.py:3954} INFO - Setting next_dagrun for example_trigger_target_dag to None, run_after=None
[2024-07-05T14:43:19.373+0000] {processor.py:183} INFO - Processing /home/airflow/.local/lib/python3.12/site-packages/airflow/example_dags/example_trigger_target_dag.py took 0.031 seconds
[2024-07-05T14:43:50.059+0000] {processor.py:161} INFO - Started process (PID=1838) to work on /home/airflow/.local/lib/python3.12/site-packages/airflow/example_dags/example_trigger_target_dag.py
[2024-07-05T14:43:50.059+0000] {processor.py:830} INFO - Processing file /home/airflow/.local/lib/python3.12/site-packages/airflow/example_dags/example_trigger_target_dag.py for tasks to queue
[2024-07-05T14:43:50.060+0000] {logging_mixin.py:188} INFO - [2024-07-05T14:43:50.060+0000] {dagbag.py:545} INFO - Filling up the DagBag from /home/airflow/.local/lib/python3.12/site-packages/airflow/example_dags/example_trigger_target_dag.py
[2024-07-05T14:43:50.063+0000] {processor.py:840} INFO - DAG(s) 'example_trigger_target_dag' retrieved from /home/airflow/.local/lib/python3.12/site-packages/airflow/example_dags/example_trigger_target_dag.py
[2024-07-05T14:43:50.072+0000] {logging_mixin.py:188} INFO - [2024-07-05T14:43:50.072+0000] {dag.py:3096} INFO - Sync 1 DAGs
[2024-07-05T14:43:50.077+0000] {logging_mixin.py:188} INFO - [2024-07-05T14:43:50.077+0000] {dag.py:3954} INFO - Setting next_dagrun for example_trigger_target_dag to None, run_after=None
[2024-07-05T14:43:50.084+0000] {processor.py:183} INFO - Processing /home/airflow/.local/lib/python3.12/site-packages/airflow/example_dags/example_trigger_target_dag.py took 0.028 seconds
[2024-07-05T14:44:20.958+0000] {processor.py:161} INFO - Started process (PID=1895) to work on /home/airflow/.local/lib/python3.12/site-packages/airflow/example_dags/example_trigger_target_dag.py
[2024-07-05T14:44:20.959+0000] {processor.py:830} INFO - Processing file /home/airflow/.local/lib/python3.12/site-packages/airflow/example_dags/example_trigger_target_dag.py for tasks to queue
[2024-07-05T14:44:20.960+0000] {logging_mixin.py:188} INFO - [2024-07-05T14:44:20.960+0000] {dagbag.py:545} INFO - Filling up the DagBag from /home/airflow/.local/lib/python3.12/site-packages/airflow/example_dags/example_trigger_target_dag.py
[2024-07-05T14:44:20.963+0000] {processor.py:840} INFO - DAG(s) 'example_trigger_target_dag' retrieved from /home/airflow/.local/lib/python3.12/site-packages/airflow/example_dags/example_trigger_target_dag.py
[2024-07-05T14:44:20.973+0000] {logging_mixin.py:188} INFO - [2024-07-05T14:44:20.973+0000] {dag.py:3096} INFO - Sync 1 DAGs
[2024-07-05T14:44:20.979+0000] {logging_mixin.py:188} INFO - [2024-07-05T14:44:20.979+0000] {dag.py:3954} INFO - Setting next_dagrun for example_trigger_target_dag to None, run_after=None
[2024-07-05T14:44:20.988+0000] {processor.py:183} INFO - Processing /home/airflow/.local/lib/python3.12/site-packages/airflow/example_dags/example_trigger_target_dag.py took 0.032 seconds
[2024-07-05T14:44:58.647+0000] {processor.py:161} INFO - Started process (PID=1959) to work on /home/airflow/.local/lib/python3.12/site-packages/airflow/example_dags/example_trigger_target_dag.py
[2024-07-05T14:44:58.649+0000] {processor.py:830} INFO - Processing file /home/airflow/.local/lib/python3.12/site-packages/airflow/example_dags/example_trigger_target_dag.py for tasks to queue
[2024-07-05T14:44:58.653+0000] {logging_mixin.py:188} INFO - [2024-07-05T14:44:58.653+0000] {dagbag.py:545} INFO - Filling up the DagBag from /home/airflow/.local/lib/python3.12/site-packages/airflow/example_dags/example_trigger_target_dag.py
[2024-07-05T14:44:58.666+0000] {processor.py:840} INFO - DAG(s) 'example_trigger_target_dag' retrieved from /home/airflow/.local/lib/python3.12/site-packages/airflow/example_dags/example_trigger_target_dag.py
[2024-07-05T14:44:58.726+0000] {logging_mixin.py:188} INFO - [2024-07-05T14:44:58.725+0000] {dag.py:3096} INFO - Sync 1 DAGs
[2024-07-05T14:44:58.772+0000] {logging_mixin.py:188} INFO - [2024-07-05T14:44:58.772+0000] {dag.py:3954} INFO - Setting next_dagrun for example_trigger_target_dag to None, run_after=None
[2024-07-05T14:44:58.853+0000] {processor.py:183} INFO - Processing /home/airflow/.local/lib/python3.12/site-packages/airflow/example_dags/example_trigger_target_dag.py took 0.218 seconds
