[2024-07-05T14:09:17.490+0000] {processor.py:161} INFO - Started process (PID=36) to work on /home/airflow/.local/lib/python3.12/site-packages/airflow/example_dags/example_branch_operator.py
[2024-07-05T14:09:17.490+0000] {processor.py:830} INFO - Processing file /home/airflow/.local/lib/python3.12/site-packages/airflow/example_dags/example_branch_operator.py for tasks to queue
[2024-07-05T14:09:17.491+0000] {logging_mixin.py:188} INFO - [2024-07-05T14:09:17.491+0000] {dagbag.py:545} INFO - Filling up the DagBag from /home/airflow/.local/lib/python3.12/site-packages/airflow/example_dags/example_branch_operator.py
[2024-07-05T14:09:17.502+0000] {processor.py:840} INFO - DAG(s) 'example_branch_operator' retrieved from /home/airflow/.local/lib/python3.12/site-packages/airflow/example_dags/example_branch_operator.py
[2024-07-05T14:09:17.509+0000] {logging_mixin.py:188} INFO - [2024-07-05T14:09:17.509+0000] {dag.py:3096} INFO - Sync 1 DAGs
[2024-07-05T14:09:17.524+0000] {logging_mixin.py:188} INFO - [2024-07-05T14:09:17.524+0000] {dag.py:3954} INFO - Setting next_dagrun for example_branch_operator to 2024-07-04 00:00:00+00:00, run_after=2024-07-05 00:00:00+00:00
[2024-07-05T14:09:17.534+0000] {processor.py:183} INFO - Processing /home/airflow/.local/lib/python3.12/site-packages/airflow/example_dags/example_branch_operator.py took 0.048 seconds
[2024-07-05T14:09:48.307+0000] {processor.py:161} INFO - Started process (PID=94) to work on /home/airflow/.local/lib/python3.12/site-packages/airflow/example_dags/example_branch_operator.py
[2024-07-05T14:09:48.308+0000] {processor.py:830} INFO - Processing file /home/airflow/.local/lib/python3.12/site-packages/airflow/example_dags/example_branch_operator.py for tasks to queue
[2024-07-05T14:09:48.309+0000] {logging_mixin.py:188} INFO - [2024-07-05T14:09:48.308+0000] {dagbag.py:545} INFO - Filling up the DagBag from /home/airflow/.local/lib/python3.12/site-packages/airflow/example_dags/example_branch_operator.py
[2024-07-05T14:09:48.317+0000] {processor.py:840} INFO - DAG(s) 'example_branch_operator' retrieved from /home/airflow/.local/lib/python3.12/site-packages/airflow/example_dags/example_branch_operator.py
[2024-07-05T14:09:48.373+0000] {logging_mixin.py:188} INFO - [2024-07-05T14:09:48.373+0000] {dag.py:3096} INFO - Sync 1 DAGs
[2024-07-05T14:09:48.382+0000] {logging_mixin.py:188} INFO - [2024-07-05T14:09:48.382+0000] {dag.py:3954} INFO - Setting next_dagrun for example_branch_operator to 2024-07-04 00:00:00+00:00, run_after=2024-07-05 00:00:00+00:00
[2024-07-05T14:09:48.392+0000] {processor.py:183} INFO - Processing /home/airflow/.local/lib/python3.12/site-packages/airflow/example_dags/example_branch_operator.py took 0.088 seconds
[2024-07-05T14:10:19.288+0000] {processor.py:161} INFO - Started process (PID=152) to work on /home/airflow/.local/lib/python3.12/site-packages/airflow/example_dags/example_branch_operator.py
[2024-07-05T14:10:19.289+0000] {processor.py:830} INFO - Processing file /home/airflow/.local/lib/python3.12/site-packages/airflow/example_dags/example_branch_operator.py for tasks to queue
[2024-07-05T14:10:19.290+0000] {logging_mixin.py:188} INFO - [2024-07-05T14:10:19.290+0000] {dagbag.py:545} INFO - Filling up the DagBag from /home/airflow/.local/lib/python3.12/site-packages/airflow/example_dags/example_branch_operator.py
[2024-07-05T14:10:19.299+0000] {processor.py:840} INFO - DAG(s) 'example_branch_operator' retrieved from /home/airflow/.local/lib/python3.12/site-packages/airflow/example_dags/example_branch_operator.py
[2024-07-05T14:10:19.315+0000] {logging_mixin.py:188} INFO - [2024-07-05T14:10:19.315+0000] {dag.py:3096} INFO - Sync 1 DAGs
[2024-07-05T14:10:19.333+0000] {logging_mixin.py:188} INFO - [2024-07-05T14:10:19.333+0000] {dag.py:3954} INFO - Setting next_dagrun for example_branch_operator to 2024-07-04 00:00:00+00:00, run_after=2024-07-05 00:00:00+00:00
[2024-07-05T14:10:19.345+0000] {processor.py:183} INFO - Processing /home/airflow/.local/lib/python3.12/site-packages/airflow/example_dags/example_branch_operator.py took 0.060 seconds
[2024-07-05T14:10:49.742+0000] {processor.py:161} INFO - Started process (PID=210) to work on /home/airflow/.local/lib/python3.12/site-packages/airflow/example_dags/example_branch_operator.py
[2024-07-05T14:10:49.742+0000] {processor.py:830} INFO - Processing file /home/airflow/.local/lib/python3.12/site-packages/airflow/example_dags/example_branch_operator.py for tasks to queue
[2024-07-05T14:10:49.743+0000] {logging_mixin.py:188} INFO - [2024-07-05T14:10:49.743+0000] {dagbag.py:545} INFO - Filling up the DagBag from /home/airflow/.local/lib/python3.12/site-packages/airflow/example_dags/example_branch_operator.py
[2024-07-05T14:10:49.753+0000] {processor.py:840} INFO - DAG(s) 'example_branch_operator' retrieved from /home/airflow/.local/lib/python3.12/site-packages/airflow/example_dags/example_branch_operator.py
[2024-07-05T14:10:49.766+0000] {logging_mixin.py:188} INFO - [2024-07-05T14:10:49.766+0000] {dag.py:3096} INFO - Sync 1 DAGs
[2024-07-05T14:10:49.776+0000] {logging_mixin.py:188} INFO - [2024-07-05T14:10:49.776+0000] {dag.py:3954} INFO - Setting next_dagrun for example_branch_operator to 2024-07-04 00:00:00+00:00, run_after=2024-07-05 00:00:00+00:00
[2024-07-05T14:10:49.784+0000] {processor.py:183} INFO - Processing /home/airflow/.local/lib/python3.12/site-packages/airflow/example_dags/example_branch_operator.py took 0.045 seconds
[2024-07-05T14:11:19.921+0000] {processor.py:161} INFO - Started process (PID=268) to work on /home/airflow/.local/lib/python3.12/site-packages/airflow/example_dags/example_branch_operator.py
[2024-07-05T14:11:19.921+0000] {processor.py:830} INFO - Processing file /home/airflow/.local/lib/python3.12/site-packages/airflow/example_dags/example_branch_operator.py for tasks to queue
[2024-07-05T14:11:19.922+0000] {logging_mixin.py:188} INFO - [2024-07-05T14:11:19.922+0000] {dagbag.py:545} INFO - Filling up the DagBag from /home/airflow/.local/lib/python3.12/site-packages/airflow/example_dags/example_branch_operator.py
[2024-07-05T14:11:19.931+0000] {processor.py:840} INFO - DAG(s) 'example_branch_operator' retrieved from /home/airflow/.local/lib/python3.12/site-packages/airflow/example_dags/example_branch_operator.py
[2024-07-05T14:11:19.944+0000] {logging_mixin.py:188} INFO - [2024-07-05T14:11:19.944+0000] {dag.py:3096} INFO - Sync 1 DAGs
[2024-07-05T14:11:19.954+0000] {logging_mixin.py:188} INFO - [2024-07-05T14:11:19.954+0000] {dag.py:3954} INFO - Setting next_dagrun for example_branch_operator to 2024-07-04 00:00:00+00:00, run_after=2024-07-05 00:00:00+00:00
[2024-07-05T14:11:19.963+0000] {processor.py:183} INFO - Processing /home/airflow/.local/lib/python3.12/site-packages/airflow/example_dags/example_branch_operator.py took 0.046 seconds
[2024-07-05T14:11:50.880+0000] {processor.py:161} INFO - Started process (PID=326) to work on /home/airflow/.local/lib/python3.12/site-packages/airflow/example_dags/example_branch_operator.py
[2024-07-05T14:11:50.882+0000] {processor.py:830} INFO - Processing file /home/airflow/.local/lib/python3.12/site-packages/airflow/example_dags/example_branch_operator.py for tasks to queue
[2024-07-05T14:11:50.885+0000] {logging_mixin.py:188} INFO - [2024-07-05T14:11:50.885+0000] {dagbag.py:545} INFO - Filling up the DagBag from /home/airflow/.local/lib/python3.12/site-packages/airflow/example_dags/example_branch_operator.py
[2024-07-05T14:11:50.894+0000] {processor.py:840} INFO - DAG(s) 'example_branch_operator' retrieved from /home/airflow/.local/lib/python3.12/site-packages/airflow/example_dags/example_branch_operator.py
[2024-07-05T14:11:50.911+0000] {logging_mixin.py:188} INFO - [2024-07-05T14:11:50.911+0000] {dag.py:3096} INFO - Sync 1 DAGs
[2024-07-05T14:11:50.923+0000] {logging_mixin.py:188} INFO - [2024-07-05T14:11:50.923+0000] {dag.py:3954} INFO - Setting next_dagrun for example_branch_operator to 2024-07-04 00:00:00+00:00, run_after=2024-07-05 00:00:00+00:00
[2024-07-05T14:11:50.937+0000] {processor.py:183} INFO - Processing /home/airflow/.local/lib/python3.12/site-packages/airflow/example_dags/example_branch_operator.py took 0.066 seconds
[2024-07-05T14:12:21.076+0000] {processor.py:161} INFO - Started process (PID=384) to work on /home/airflow/.local/lib/python3.12/site-packages/airflow/example_dags/example_branch_operator.py
[2024-07-05T14:12:21.077+0000] {processor.py:830} INFO - Processing file /home/airflow/.local/lib/python3.12/site-packages/airflow/example_dags/example_branch_operator.py for tasks to queue
[2024-07-05T14:12:21.078+0000] {logging_mixin.py:188} INFO - [2024-07-05T14:12:21.078+0000] {dagbag.py:545} INFO - Filling up the DagBag from /home/airflow/.local/lib/python3.12/site-packages/airflow/example_dags/example_branch_operator.py
[2024-07-05T14:12:21.087+0000] {processor.py:840} INFO - DAG(s) 'example_branch_operator' retrieved from /home/airflow/.local/lib/python3.12/site-packages/airflow/example_dags/example_branch_operator.py
[2024-07-05T14:12:21.102+0000] {logging_mixin.py:188} INFO - [2024-07-05T14:12:21.101+0000] {dag.py:3096} INFO - Sync 1 DAGs
[2024-07-05T14:12:21.113+0000] {logging_mixin.py:188} INFO - [2024-07-05T14:12:21.113+0000] {dag.py:3954} INFO - Setting next_dagrun for example_branch_operator to 2024-07-04 00:00:00+00:00, run_after=2024-07-05 00:00:00+00:00
[2024-07-05T14:12:21.122+0000] {processor.py:183} INFO - Processing /home/airflow/.local/lib/python3.12/site-packages/airflow/example_dags/example_branch_operator.py took 0.051 seconds
[2024-07-05T14:12:51.976+0000] {processor.py:161} INFO - Started process (PID=442) to work on /home/airflow/.local/lib/python3.12/site-packages/airflow/example_dags/example_branch_operator.py
[2024-07-05T14:12:51.977+0000] {processor.py:830} INFO - Processing file /home/airflow/.local/lib/python3.12/site-packages/airflow/example_dags/example_branch_operator.py for tasks to queue
[2024-07-05T14:12:51.980+0000] {logging_mixin.py:188} INFO - [2024-07-05T14:12:51.979+0000] {dagbag.py:545} INFO - Filling up the DagBag from /home/airflow/.local/lib/python3.12/site-packages/airflow/example_dags/example_branch_operator.py
[2024-07-05T14:12:52.007+0000] {processor.py:840} INFO - DAG(s) 'example_branch_operator' retrieved from /home/airflow/.local/lib/python3.12/site-packages/airflow/example_dags/example_branch_operator.py
[2024-07-05T14:12:52.060+0000] {logging_mixin.py:188} INFO - [2024-07-05T14:12:52.059+0000] {dag.py:3096} INFO - Sync 1 DAGs
[2024-07-05T14:12:52.084+0000] {logging_mixin.py:188} INFO - [2024-07-05T14:12:52.084+0000] {dag.py:3954} INFO - Setting next_dagrun for example_branch_operator to 2024-07-04 00:00:00+00:00, run_after=2024-07-05 00:00:00+00:00
[2024-07-05T14:12:52.098+0000] {processor.py:183} INFO - Processing /home/airflow/.local/lib/python3.12/site-packages/airflow/example_dags/example_branch_operator.py took 0.131 seconds
[2024-07-05T14:13:22.980+0000] {processor.py:161} INFO - Started process (PID=500) to work on /home/airflow/.local/lib/python3.12/site-packages/airflow/example_dags/example_branch_operator.py
[2024-07-05T14:13:22.981+0000] {processor.py:830} INFO - Processing file /home/airflow/.local/lib/python3.12/site-packages/airflow/example_dags/example_branch_operator.py for tasks to queue
[2024-07-05T14:13:22.982+0000] {logging_mixin.py:188} INFO - [2024-07-05T14:13:22.982+0000] {dagbag.py:545} INFO - Filling up the DagBag from /home/airflow/.local/lib/python3.12/site-packages/airflow/example_dags/example_branch_operator.py
[2024-07-05T14:13:22.992+0000] {processor.py:840} INFO - DAG(s) 'example_branch_operator' retrieved from /home/airflow/.local/lib/python3.12/site-packages/airflow/example_dags/example_branch_operator.py
[2024-07-05T14:13:23.009+0000] {logging_mixin.py:188} INFO - [2024-07-05T14:13:23.009+0000] {dag.py:3096} INFO - Sync 1 DAGs
[2024-07-05T14:13:23.023+0000] {logging_mixin.py:188} INFO - [2024-07-05T14:13:23.022+0000] {dag.py:3954} INFO - Setting next_dagrun for example_branch_operator to 2024-07-04 00:00:00+00:00, run_after=2024-07-05 00:00:00+00:00
[2024-07-05T14:13:23.035+0000] {processor.py:183} INFO - Processing /home/airflow/.local/lib/python3.12/site-packages/airflow/example_dags/example_branch_operator.py took 0.060 seconds
[2024-07-05T14:13:53.172+0000] {processor.py:161} INFO - Started process (PID=558) to work on /home/airflow/.local/lib/python3.12/site-packages/airflow/example_dags/example_branch_operator.py
[2024-07-05T14:13:53.173+0000] {processor.py:830} INFO - Processing file /home/airflow/.local/lib/python3.12/site-packages/airflow/example_dags/example_branch_operator.py for tasks to queue
[2024-07-05T14:13:53.175+0000] {logging_mixin.py:188} INFO - [2024-07-05T14:13:53.174+0000] {dagbag.py:545} INFO - Filling up the DagBag from /home/airflow/.local/lib/python3.12/site-packages/airflow/example_dags/example_branch_operator.py
[2024-07-05T14:13:53.183+0000] {processor.py:840} INFO - DAG(s) 'example_branch_operator' retrieved from /home/airflow/.local/lib/python3.12/site-packages/airflow/example_dags/example_branch_operator.py
[2024-07-05T14:13:53.202+0000] {logging_mixin.py:188} INFO - [2024-07-05T14:13:53.202+0000] {dag.py:3096} INFO - Sync 1 DAGs
[2024-07-05T14:13:53.214+0000] {logging_mixin.py:188} INFO - [2024-07-05T14:13:53.214+0000] {dag.py:3954} INFO - Setting next_dagrun for example_branch_operator to 2024-07-04 00:00:00+00:00, run_after=2024-07-05 00:00:00+00:00
[2024-07-05T14:13:53.224+0000] {processor.py:183} INFO - Processing /home/airflow/.local/lib/python3.12/site-packages/airflow/example_dags/example_branch_operator.py took 0.056 seconds
[2024-07-05T14:14:23.599+0000] {processor.py:161} INFO - Started process (PID=616) to work on /home/airflow/.local/lib/python3.12/site-packages/airflow/example_dags/example_branch_operator.py
[2024-07-05T14:14:23.600+0000] {processor.py:830} INFO - Processing file /home/airflow/.local/lib/python3.12/site-packages/airflow/example_dags/example_branch_operator.py for tasks to queue
[2024-07-05T14:14:23.601+0000] {logging_mixin.py:188} INFO - [2024-07-05T14:14:23.601+0000] {dagbag.py:545} INFO - Filling up the DagBag from /home/airflow/.local/lib/python3.12/site-packages/airflow/example_dags/example_branch_operator.py
[2024-07-05T14:14:23.611+0000] {processor.py:840} INFO - DAG(s) 'example_branch_operator' retrieved from /home/airflow/.local/lib/python3.12/site-packages/airflow/example_dags/example_branch_operator.py
[2024-07-05T14:14:23.624+0000] {logging_mixin.py:188} INFO - [2024-07-05T14:14:23.624+0000] {dag.py:3096} INFO - Sync 1 DAGs
[2024-07-05T14:14:23.636+0000] {logging_mixin.py:188} INFO - [2024-07-05T14:14:23.636+0000] {dag.py:3954} INFO - Setting next_dagrun for example_branch_operator to 2024-07-04 00:00:00+00:00, run_after=2024-07-05 00:00:00+00:00
[2024-07-05T14:14:23.646+0000] {processor.py:183} INFO - Processing /home/airflow/.local/lib/python3.12/site-packages/airflow/example_dags/example_branch_operator.py took 0.051 seconds
[2024-07-05T14:14:54.054+0000] {processor.py:161} INFO - Started process (PID=674) to work on /home/airflow/.local/lib/python3.12/site-packages/airflow/example_dags/example_branch_operator.py
[2024-07-05T14:14:54.054+0000] {processor.py:830} INFO - Processing file /home/airflow/.local/lib/python3.12/site-packages/airflow/example_dags/example_branch_operator.py for tasks to queue
[2024-07-05T14:14:54.055+0000] {logging_mixin.py:188} INFO - [2024-07-05T14:14:54.055+0000] {dagbag.py:545} INFO - Filling up the DagBag from /home/airflow/.local/lib/python3.12/site-packages/airflow/example_dags/example_branch_operator.py
[2024-07-05T14:14:54.066+0000] {processor.py:840} INFO - DAG(s) 'example_branch_operator' retrieved from /home/airflow/.local/lib/python3.12/site-packages/airflow/example_dags/example_branch_operator.py
[2024-07-05T14:14:54.080+0000] {logging_mixin.py:188} INFO - [2024-07-05T14:14:54.080+0000] {dag.py:3096} INFO - Sync 1 DAGs
[2024-07-05T14:14:54.090+0000] {logging_mixin.py:188} INFO - [2024-07-05T14:14:54.090+0000] {dag.py:3954} INFO - Setting next_dagrun for example_branch_operator to 2024-07-04 00:00:00+00:00, run_after=2024-07-05 00:00:00+00:00
[2024-07-05T14:14:54.100+0000] {processor.py:183} INFO - Processing /home/airflow/.local/lib/python3.12/site-packages/airflow/example_dags/example_branch_operator.py took 0.049 seconds
[2024-07-05T14:15:24.495+0000] {processor.py:161} INFO - Started process (PID=732) to work on /home/airflow/.local/lib/python3.12/site-packages/airflow/example_dags/example_branch_operator.py
[2024-07-05T14:15:24.496+0000] {processor.py:830} INFO - Processing file /home/airflow/.local/lib/python3.12/site-packages/airflow/example_dags/example_branch_operator.py for tasks to queue
[2024-07-05T14:15:24.497+0000] {logging_mixin.py:188} INFO - [2024-07-05T14:15:24.496+0000] {dagbag.py:545} INFO - Filling up the DagBag from /home/airflow/.local/lib/python3.12/site-packages/airflow/example_dags/example_branch_operator.py
[2024-07-05T14:15:24.504+0000] {processor.py:840} INFO - DAG(s) 'example_branch_operator' retrieved from /home/airflow/.local/lib/python3.12/site-packages/airflow/example_dags/example_branch_operator.py
[2024-07-05T14:15:24.516+0000] {logging_mixin.py:188} INFO - [2024-07-05T14:15:24.516+0000] {dag.py:3096} INFO - Sync 1 DAGs
[2024-07-05T14:15:24.525+0000] {logging_mixin.py:188} INFO - [2024-07-05T14:15:24.525+0000] {dag.py:3954} INFO - Setting next_dagrun for example_branch_operator to 2024-07-04 00:00:00+00:00, run_after=2024-07-05 00:00:00+00:00
[2024-07-05T14:15:24.533+0000] {processor.py:183} INFO - Processing /home/airflow/.local/lib/python3.12/site-packages/airflow/example_dags/example_branch_operator.py took 0.041 seconds
[2024-07-05T14:15:54.871+0000] {processor.py:161} INFO - Started process (PID=790) to work on /home/airflow/.local/lib/python3.12/site-packages/airflow/example_dags/example_branch_operator.py
[2024-07-05T14:15:54.872+0000] {processor.py:830} INFO - Processing file /home/airflow/.local/lib/python3.12/site-packages/airflow/example_dags/example_branch_operator.py for tasks to queue
[2024-07-05T14:15:54.872+0000] {logging_mixin.py:188} INFO - [2024-07-05T14:15:54.872+0000] {dagbag.py:545} INFO - Filling up the DagBag from /home/airflow/.local/lib/python3.12/site-packages/airflow/example_dags/example_branch_operator.py
[2024-07-05T14:15:54.881+0000] {processor.py:840} INFO - DAG(s) 'example_branch_operator' retrieved from /home/airflow/.local/lib/python3.12/site-packages/airflow/example_dags/example_branch_operator.py
[2024-07-05T14:15:54.894+0000] {logging_mixin.py:188} INFO - [2024-07-05T14:15:54.893+0000] {dag.py:3096} INFO - Sync 1 DAGs
[2024-07-05T14:15:54.903+0000] {logging_mixin.py:188} INFO - [2024-07-05T14:15:54.902+0000] {dag.py:3954} INFO - Setting next_dagrun for example_branch_operator to 2024-07-04 00:00:00+00:00, run_after=2024-07-05 00:00:00+00:00
[2024-07-05T14:15:54.911+0000] {processor.py:183} INFO - Processing /home/airflow/.local/lib/python3.12/site-packages/airflow/example_dags/example_branch_operator.py took 0.043 seconds
[2024-07-05T14:16:25.186+0000] {processor.py:161} INFO - Started process (PID=848) to work on /home/airflow/.local/lib/python3.12/site-packages/airflow/example_dags/example_branch_operator.py
[2024-07-05T14:16:25.187+0000] {processor.py:830} INFO - Processing file /home/airflow/.local/lib/python3.12/site-packages/airflow/example_dags/example_branch_operator.py for tasks to queue
[2024-07-05T14:16:25.188+0000] {logging_mixin.py:188} INFO - [2024-07-05T14:16:25.188+0000] {dagbag.py:545} INFO - Filling up the DagBag from /home/airflow/.local/lib/python3.12/site-packages/airflow/example_dags/example_branch_operator.py
[2024-07-05T14:16:25.196+0000] {processor.py:840} INFO - DAG(s) 'example_branch_operator' retrieved from /home/airflow/.local/lib/python3.12/site-packages/airflow/example_dags/example_branch_operator.py
[2024-07-05T14:16:25.208+0000] {logging_mixin.py:188} INFO - [2024-07-05T14:16:25.208+0000] {dag.py:3096} INFO - Sync 1 DAGs
[2024-07-05T14:16:25.217+0000] {logging_mixin.py:188} INFO - [2024-07-05T14:16:25.217+0000] {dag.py:3954} INFO - Setting next_dagrun for example_branch_operator to 2024-07-04 00:00:00+00:00, run_after=2024-07-05 00:00:00+00:00
[2024-07-05T14:16:25.224+0000] {processor.py:183} INFO - Processing /home/airflow/.local/lib/python3.12/site-packages/airflow/example_dags/example_branch_operator.py took 0.041 seconds
[2024-07-05T14:16:55.677+0000] {processor.py:161} INFO - Started process (PID=906) to work on /home/airflow/.local/lib/python3.12/site-packages/airflow/example_dags/example_branch_operator.py
[2024-07-05T14:16:55.682+0000] {processor.py:830} INFO - Processing file /home/airflow/.local/lib/python3.12/site-packages/airflow/example_dags/example_branch_operator.py for tasks to queue
[2024-07-05T14:16:55.683+0000] {logging_mixin.py:188} INFO - [2024-07-05T14:16:55.683+0000] {dagbag.py:545} INFO - Filling up the DagBag from /home/airflow/.local/lib/python3.12/site-packages/airflow/example_dags/example_branch_operator.py
[2024-07-05T14:16:55.691+0000] {processor.py:840} INFO - DAG(s) 'example_branch_operator' retrieved from /home/airflow/.local/lib/python3.12/site-packages/airflow/example_dags/example_branch_operator.py
[2024-07-05T14:16:55.705+0000] {logging_mixin.py:188} INFO - [2024-07-05T14:16:55.705+0000] {dag.py:3096} INFO - Sync 1 DAGs
[2024-07-05T14:16:55.714+0000] {logging_mixin.py:188} INFO - [2024-07-05T14:16:55.714+0000] {dag.py:3954} INFO - Setting next_dagrun for example_branch_operator to 2024-07-04 00:00:00+00:00, run_after=2024-07-05 00:00:00+00:00
[2024-07-05T14:16:55.723+0000] {processor.py:183} INFO - Processing /home/airflow/.local/lib/python3.12/site-packages/airflow/example_dags/example_branch_operator.py took 0.049 seconds
[2024-07-05T14:17:25.994+0000] {processor.py:161} INFO - Started process (PID=964) to work on /home/airflow/.local/lib/python3.12/site-packages/airflow/example_dags/example_branch_operator.py
[2024-07-05T14:17:25.995+0000] {processor.py:830} INFO - Processing file /home/airflow/.local/lib/python3.12/site-packages/airflow/example_dags/example_branch_operator.py for tasks to queue
[2024-07-05T14:17:25.996+0000] {logging_mixin.py:188} INFO - [2024-07-05T14:17:25.996+0000] {dagbag.py:545} INFO - Filling up the DagBag from /home/airflow/.local/lib/python3.12/site-packages/airflow/example_dags/example_branch_operator.py
[2024-07-05T14:17:26.004+0000] {processor.py:840} INFO - DAG(s) 'example_branch_operator' retrieved from /home/airflow/.local/lib/python3.12/site-packages/airflow/example_dags/example_branch_operator.py
[2024-07-05T14:17:26.018+0000] {logging_mixin.py:188} INFO - [2024-07-05T14:17:26.018+0000] {dag.py:3096} INFO - Sync 1 DAGs
[2024-07-05T14:17:26.028+0000] {logging_mixin.py:188} INFO - [2024-07-05T14:17:26.027+0000] {dag.py:3954} INFO - Setting next_dagrun for example_branch_operator to 2024-07-04 00:00:00+00:00, run_after=2024-07-05 00:00:00+00:00
[2024-07-05T14:17:26.035+0000] {processor.py:183} INFO - Processing /home/airflow/.local/lib/python3.12/site-packages/airflow/example_dags/example_branch_operator.py took 0.046 seconds
[2024-07-05T14:17:56.440+0000] {processor.py:161} INFO - Started process (PID=1022) to work on /home/airflow/.local/lib/python3.12/site-packages/airflow/example_dags/example_branch_operator.py
[2024-07-05T14:17:56.440+0000] {processor.py:830} INFO - Processing file /home/airflow/.local/lib/python3.12/site-packages/airflow/example_dags/example_branch_operator.py for tasks to queue
[2024-07-05T14:17:56.441+0000] {logging_mixin.py:188} INFO - [2024-07-05T14:17:56.441+0000] {dagbag.py:545} INFO - Filling up the DagBag from /home/airflow/.local/lib/python3.12/site-packages/airflow/example_dags/example_branch_operator.py
[2024-07-05T14:17:56.449+0000] {processor.py:840} INFO - DAG(s) 'example_branch_operator' retrieved from /home/airflow/.local/lib/python3.12/site-packages/airflow/example_dags/example_branch_operator.py
[2024-07-05T14:17:56.461+0000] {logging_mixin.py:188} INFO - [2024-07-05T14:17:56.461+0000] {dag.py:3096} INFO - Sync 1 DAGs
[2024-07-05T14:17:56.470+0000] {logging_mixin.py:188} INFO - [2024-07-05T14:17:56.470+0000] {dag.py:3954} INFO - Setting next_dagrun for example_branch_operator to 2024-07-04 00:00:00+00:00, run_after=2024-07-05 00:00:00+00:00
[2024-07-05T14:17:56.478+0000] {processor.py:183} INFO - Processing /home/airflow/.local/lib/python3.12/site-packages/airflow/example_dags/example_branch_operator.py took 0.041 seconds
[2024-07-05T14:18:27.091+0000] {processor.py:161} INFO - Started process (PID=1080) to work on /home/airflow/.local/lib/python3.12/site-packages/airflow/example_dags/example_branch_operator.py
[2024-07-05T14:18:27.092+0000] {processor.py:830} INFO - Processing file /home/airflow/.local/lib/python3.12/site-packages/airflow/example_dags/example_branch_operator.py for tasks to queue
[2024-07-05T14:18:27.093+0000] {logging_mixin.py:188} INFO - [2024-07-05T14:18:27.092+0000] {dagbag.py:545} INFO - Filling up the DagBag from /home/airflow/.local/lib/python3.12/site-packages/airflow/example_dags/example_branch_operator.py
[2024-07-05T14:18:27.101+0000] {processor.py:840} INFO - DAG(s) 'example_branch_operator' retrieved from /home/airflow/.local/lib/python3.12/site-packages/airflow/example_dags/example_branch_operator.py
[2024-07-05T14:18:27.116+0000] {logging_mixin.py:188} INFO - [2024-07-05T14:18:27.116+0000] {dag.py:3096} INFO - Sync 1 DAGs
[2024-07-05T14:18:27.127+0000] {logging_mixin.py:188} INFO - [2024-07-05T14:18:27.127+0000] {dag.py:3954} INFO - Setting next_dagrun for example_branch_operator to 2024-07-04 00:00:00+00:00, run_after=2024-07-05 00:00:00+00:00
[2024-07-05T14:18:27.135+0000] {processor.py:183} INFO - Processing /home/airflow/.local/lib/python3.12/site-packages/airflow/example_dags/example_branch_operator.py took 0.047 seconds
[2024-07-05T14:18:57.533+0000] {processor.py:161} INFO - Started process (PID=1137) to work on /home/airflow/.local/lib/python3.12/site-packages/airflow/example_dags/example_branch_operator.py
[2024-07-05T14:18:57.534+0000] {processor.py:830} INFO - Processing file /home/airflow/.local/lib/python3.12/site-packages/airflow/example_dags/example_branch_operator.py for tasks to queue
[2024-07-05T14:18:57.535+0000] {logging_mixin.py:188} INFO - [2024-07-05T14:18:57.534+0000] {dagbag.py:545} INFO - Filling up the DagBag from /home/airflow/.local/lib/python3.12/site-packages/airflow/example_dags/example_branch_operator.py
[2024-07-05T14:18:57.544+0000] {processor.py:840} INFO - DAG(s) 'example_branch_operator' retrieved from /home/airflow/.local/lib/python3.12/site-packages/airflow/example_dags/example_branch_operator.py
[2024-07-05T14:18:57.559+0000] {logging_mixin.py:188} INFO - [2024-07-05T14:18:57.559+0000] {dag.py:3096} INFO - Sync 1 DAGs
[2024-07-05T14:18:57.571+0000] {logging_mixin.py:188} INFO - [2024-07-05T14:18:57.570+0000] {dag.py:3954} INFO - Setting next_dagrun for example_branch_operator to 2024-07-04 00:00:00+00:00, run_after=2024-07-05 00:00:00+00:00
[2024-07-05T14:18:57.582+0000] {processor.py:183} INFO - Processing /home/airflow/.local/lib/python3.12/site-packages/airflow/example_dags/example_branch_operator.py took 0.052 seconds
[2024-07-05T14:19:27.807+0000] {processor.py:161} INFO - Started process (PID=1195) to work on /home/airflow/.local/lib/python3.12/site-packages/airflow/example_dags/example_branch_operator.py
[2024-07-05T14:19:27.808+0000] {processor.py:830} INFO - Processing file /home/airflow/.local/lib/python3.12/site-packages/airflow/example_dags/example_branch_operator.py for tasks to queue
[2024-07-05T14:19:27.808+0000] {logging_mixin.py:188} INFO - [2024-07-05T14:19:27.808+0000] {dagbag.py:545} INFO - Filling up the DagBag from /home/airflow/.local/lib/python3.12/site-packages/airflow/example_dags/example_branch_operator.py
[2024-07-05T14:19:27.816+0000] {processor.py:840} INFO - DAG(s) 'example_branch_operator' retrieved from /home/airflow/.local/lib/python3.12/site-packages/airflow/example_dags/example_branch_operator.py
[2024-07-05T14:19:27.829+0000] {logging_mixin.py:188} INFO - [2024-07-05T14:19:27.829+0000] {dag.py:3096} INFO - Sync 1 DAGs
[2024-07-05T14:19:27.838+0000] {logging_mixin.py:188} INFO - [2024-07-05T14:19:27.838+0000] {dag.py:3954} INFO - Setting next_dagrun for example_branch_operator to 2024-07-04 00:00:00+00:00, run_after=2024-07-05 00:00:00+00:00
[2024-07-05T14:19:27.846+0000] {processor.py:183} INFO - Processing /home/airflow/.local/lib/python3.12/site-packages/airflow/example_dags/example_branch_operator.py took 0.041 seconds
[2024-07-05T14:19:58.164+0000] {processor.py:161} INFO - Started process (PID=1253) to work on /home/airflow/.local/lib/python3.12/site-packages/airflow/example_dags/example_branch_operator.py
[2024-07-05T14:19:58.165+0000] {processor.py:830} INFO - Processing file /home/airflow/.local/lib/python3.12/site-packages/airflow/example_dags/example_branch_operator.py for tasks to queue
[2024-07-05T14:19:58.166+0000] {logging_mixin.py:188} INFO - [2024-07-05T14:19:58.166+0000] {dagbag.py:545} INFO - Filling up the DagBag from /home/airflow/.local/lib/python3.12/site-packages/airflow/example_dags/example_branch_operator.py
[2024-07-05T14:19:58.175+0000] {processor.py:840} INFO - DAG(s) 'example_branch_operator' retrieved from /home/airflow/.local/lib/python3.12/site-packages/airflow/example_dags/example_branch_operator.py
[2024-07-05T14:19:58.181+0000] {logging_mixin.py:188} INFO - [2024-07-05T14:19:58.180+0000] {dag.py:3096} INFO - Sync 1 DAGs
[2024-07-05T14:19:58.192+0000] {logging_mixin.py:188} INFO - [2024-07-05T14:19:58.192+0000] {dag.py:3954} INFO - Setting next_dagrun for example_branch_operator to 2024-07-04 00:00:00+00:00, run_after=2024-07-05 00:00:00+00:00
[2024-07-05T14:19:58.201+0000] {processor.py:183} INFO - Processing /home/airflow/.local/lib/python3.12/site-packages/airflow/example_dags/example_branch_operator.py took 0.039 seconds
[2024-07-05T14:20:28.778+0000] {processor.py:161} INFO - Started process (PID=1311) to work on /home/airflow/.local/lib/python3.12/site-packages/airflow/example_dags/example_branch_operator.py
[2024-07-05T14:20:28.779+0000] {processor.py:830} INFO - Processing file /home/airflow/.local/lib/python3.12/site-packages/airflow/example_dags/example_branch_operator.py for tasks to queue
[2024-07-05T14:20:28.781+0000] {logging_mixin.py:188} INFO - [2024-07-05T14:20:28.780+0000] {dagbag.py:545} INFO - Filling up the DagBag from /home/airflow/.local/lib/python3.12/site-packages/airflow/example_dags/example_branch_operator.py
[2024-07-05T14:20:28.789+0000] {processor.py:840} INFO - DAG(s) 'example_branch_operator' retrieved from /home/airflow/.local/lib/python3.12/site-packages/airflow/example_dags/example_branch_operator.py
[2024-07-05T14:20:28.848+0000] {logging_mixin.py:188} INFO - [2024-07-05T14:20:28.848+0000] {dag.py:3096} INFO - Sync 1 DAGs
[2024-07-05T14:20:28.857+0000] {logging_mixin.py:188} INFO - [2024-07-05T14:20:28.857+0000] {dag.py:3954} INFO - Setting next_dagrun for example_branch_operator to 2024-07-04 00:00:00+00:00, run_after=2024-07-05 00:00:00+00:00
[2024-07-05T14:20:28.867+0000] {processor.py:183} INFO - Processing /home/airflow/.local/lib/python3.12/site-packages/airflow/example_dags/example_branch_operator.py took 0.092 seconds
[2024-07-05T14:20:59.359+0000] {processor.py:161} INFO - Started process (PID=1369) to work on /home/airflow/.local/lib/python3.12/site-packages/airflow/example_dags/example_branch_operator.py
[2024-07-05T14:20:59.360+0000] {processor.py:830} INFO - Processing file /home/airflow/.local/lib/python3.12/site-packages/airflow/example_dags/example_branch_operator.py for tasks to queue
[2024-07-05T14:20:59.360+0000] {logging_mixin.py:188} INFO - [2024-07-05T14:20:59.360+0000] {dagbag.py:545} INFO - Filling up the DagBag from /home/airflow/.local/lib/python3.12/site-packages/airflow/example_dags/example_branch_operator.py
[2024-07-05T14:20:59.368+0000] {processor.py:840} INFO - DAG(s) 'example_branch_operator' retrieved from /home/airflow/.local/lib/python3.12/site-packages/airflow/example_dags/example_branch_operator.py
[2024-07-05T14:20:59.385+0000] {logging_mixin.py:188} INFO - [2024-07-05T14:20:59.385+0000] {dag.py:3096} INFO - Sync 1 DAGs
[2024-07-05T14:20:59.397+0000] {logging_mixin.py:188} INFO - [2024-07-05T14:20:59.396+0000] {dag.py:3954} INFO - Setting next_dagrun for example_branch_operator to 2024-07-04 00:00:00+00:00, run_after=2024-07-05 00:00:00+00:00
[2024-07-05T14:20:59.406+0000] {processor.py:183} INFO - Processing /home/airflow/.local/lib/python3.12/site-packages/airflow/example_dags/example_branch_operator.py took 0.049 seconds
[2024-07-05T14:21:29.760+0000] {processor.py:161} INFO - Started process (PID=1427) to work on /home/airflow/.local/lib/python3.12/site-packages/airflow/example_dags/example_branch_operator.py
[2024-07-05T14:21:29.761+0000] {processor.py:830} INFO - Processing file /home/airflow/.local/lib/python3.12/site-packages/airflow/example_dags/example_branch_operator.py for tasks to queue
[2024-07-05T14:21:29.762+0000] {logging_mixin.py:188} INFO - [2024-07-05T14:21:29.761+0000] {dagbag.py:545} INFO - Filling up the DagBag from /home/airflow/.local/lib/python3.12/site-packages/airflow/example_dags/example_branch_operator.py
[2024-07-05T14:21:29.772+0000] {processor.py:840} INFO - DAG(s) 'example_branch_operator' retrieved from /home/airflow/.local/lib/python3.12/site-packages/airflow/example_dags/example_branch_operator.py
[2024-07-05T14:21:29.786+0000] {logging_mixin.py:188} INFO - [2024-07-05T14:21:29.786+0000] {dag.py:3096} INFO - Sync 1 DAGs
[2024-07-05T14:21:29.799+0000] {logging_mixin.py:188} INFO - [2024-07-05T14:21:29.799+0000] {dag.py:3954} INFO - Setting next_dagrun for example_branch_operator to 2024-07-04 00:00:00+00:00, run_after=2024-07-05 00:00:00+00:00
[2024-07-05T14:21:29.806+0000] {processor.py:183} INFO - Processing /home/airflow/.local/lib/python3.12/site-packages/airflow/example_dags/example_branch_operator.py took 0.049 seconds
[2024-07-05T14:22:00.253+0000] {processor.py:161} INFO - Started process (PID=1485) to work on /home/airflow/.local/lib/python3.12/site-packages/airflow/example_dags/example_branch_operator.py
[2024-07-05T14:22:00.254+0000] {processor.py:830} INFO - Processing file /home/airflow/.local/lib/python3.12/site-packages/airflow/example_dags/example_branch_operator.py for tasks to queue
[2024-07-05T14:22:00.255+0000] {logging_mixin.py:188} INFO - [2024-07-05T14:22:00.254+0000] {dagbag.py:545} INFO - Filling up the DagBag from /home/airflow/.local/lib/python3.12/site-packages/airflow/example_dags/example_branch_operator.py
[2024-07-05T14:22:00.263+0000] {processor.py:840} INFO - DAG(s) 'example_branch_operator' retrieved from /home/airflow/.local/lib/python3.12/site-packages/airflow/example_dags/example_branch_operator.py
[2024-07-05T14:22:00.282+0000] {logging_mixin.py:188} INFO - [2024-07-05T14:22:00.281+0000] {dag.py:3096} INFO - Sync 1 DAGs
[2024-07-05T14:22:00.294+0000] {logging_mixin.py:188} INFO - [2024-07-05T14:22:00.294+0000] {dag.py:3954} INFO - Setting next_dagrun for example_branch_operator to 2024-07-04 00:00:00+00:00, run_after=2024-07-05 00:00:00+00:00
[2024-07-05T14:22:00.306+0000] {processor.py:183} INFO - Processing /home/airflow/.local/lib/python3.12/site-packages/airflow/example_dags/example_branch_operator.py took 0.056 seconds
[2024-07-05T14:22:30.811+0000] {processor.py:161} INFO - Started process (PID=1543) to work on /home/airflow/.local/lib/python3.12/site-packages/airflow/example_dags/example_branch_operator.py
[2024-07-05T14:22:30.812+0000] {processor.py:830} INFO - Processing file /home/airflow/.local/lib/python3.12/site-packages/airflow/example_dags/example_branch_operator.py for tasks to queue
[2024-07-05T14:22:30.813+0000] {logging_mixin.py:188} INFO - [2024-07-05T14:22:30.813+0000] {dagbag.py:545} INFO - Filling up the DagBag from /home/airflow/.local/lib/python3.12/site-packages/airflow/example_dags/example_branch_operator.py
[2024-07-05T14:22:30.823+0000] {processor.py:840} INFO - DAG(s) 'example_branch_operator' retrieved from /home/airflow/.local/lib/python3.12/site-packages/airflow/example_dags/example_branch_operator.py
[2024-07-05T14:22:30.868+0000] {logging_mixin.py:188} INFO - [2024-07-05T14:22:30.868+0000] {dag.py:3096} INFO - Sync 1 DAGs
[2024-07-05T14:22:30.882+0000] {logging_mixin.py:188} INFO - [2024-07-05T14:22:30.882+0000] {dag.py:3954} INFO - Setting next_dagrun for example_branch_operator to 2024-07-04 00:00:00+00:00, run_after=2024-07-05 00:00:00+00:00
[2024-07-05T14:22:30.896+0000] {processor.py:183} INFO - Processing /home/airflow/.local/lib/python3.12/site-packages/airflow/example_dags/example_branch_operator.py took 0.089 seconds
[2024-07-05T14:23:01.115+0000] {processor.py:161} INFO - Started process (PID=1601) to work on /home/airflow/.local/lib/python3.12/site-packages/airflow/example_dags/example_branch_operator.py
[2024-07-05T14:23:01.116+0000] {processor.py:830} INFO - Processing file /home/airflow/.local/lib/python3.12/site-packages/airflow/example_dags/example_branch_operator.py for tasks to queue
[2024-07-05T14:23:01.116+0000] {logging_mixin.py:188} INFO - [2024-07-05T14:23:01.116+0000] {dagbag.py:545} INFO - Filling up the DagBag from /home/airflow/.local/lib/python3.12/site-packages/airflow/example_dags/example_branch_operator.py
[2024-07-05T14:23:01.125+0000] {processor.py:840} INFO - DAG(s) 'example_branch_operator' retrieved from /home/airflow/.local/lib/python3.12/site-packages/airflow/example_dags/example_branch_operator.py
[2024-07-05T14:23:01.138+0000] {logging_mixin.py:188} INFO - [2024-07-05T14:23:01.137+0000] {dag.py:3096} INFO - Sync 1 DAGs
[2024-07-05T14:23:01.147+0000] {logging_mixin.py:188} INFO - [2024-07-05T14:23:01.147+0000] {dag.py:3954} INFO - Setting next_dagrun for example_branch_operator to 2024-07-04 00:00:00+00:00, run_after=2024-07-05 00:00:00+00:00
[2024-07-05T14:23:01.229+0000] {processor.py:183} INFO - Processing /home/airflow/.local/lib/python3.12/site-packages/airflow/example_dags/example_branch_operator.py took 0.117 seconds
[2024-07-05T14:23:31.708+0000] {processor.py:161} INFO - Started process (PID=1659) to work on /home/airflow/.local/lib/python3.12/site-packages/airflow/example_dags/example_branch_operator.py
[2024-07-05T14:23:31.708+0000] {processor.py:830} INFO - Processing file /home/airflow/.local/lib/python3.12/site-packages/airflow/example_dags/example_branch_operator.py for tasks to queue
[2024-07-05T14:23:31.709+0000] {logging_mixin.py:188} INFO - [2024-07-05T14:23:31.709+0000] {dagbag.py:545} INFO - Filling up the DagBag from /home/airflow/.local/lib/python3.12/site-packages/airflow/example_dags/example_branch_operator.py
[2024-07-05T14:23:31.717+0000] {processor.py:840} INFO - DAG(s) 'example_branch_operator' retrieved from /home/airflow/.local/lib/python3.12/site-packages/airflow/example_dags/example_branch_operator.py
[2024-07-05T14:23:31.729+0000] {logging_mixin.py:188} INFO - [2024-07-05T14:23:31.729+0000] {dag.py:3096} INFO - Sync 1 DAGs
[2024-07-05T14:23:31.738+0000] {logging_mixin.py:188} INFO - [2024-07-05T14:23:31.738+0000] {dag.py:3954} INFO - Setting next_dagrun for example_branch_operator to 2024-07-04 00:00:00+00:00, run_after=2024-07-05 00:00:00+00:00
[2024-07-05T14:23:31.900+0000] {processor.py:183} INFO - Processing /home/airflow/.local/lib/python3.12/site-packages/airflow/example_dags/example_branch_operator.py took 0.195 seconds
[2024-07-05T14:24:02.175+0000] {processor.py:161} INFO - Started process (PID=1717) to work on /home/airflow/.local/lib/python3.12/site-packages/airflow/example_dags/example_branch_operator.py
[2024-07-05T14:24:02.176+0000] {processor.py:830} INFO - Processing file /home/airflow/.local/lib/python3.12/site-packages/airflow/example_dags/example_branch_operator.py for tasks to queue
[2024-07-05T14:24:02.178+0000] {logging_mixin.py:188} INFO - [2024-07-05T14:24:02.177+0000] {dagbag.py:545} INFO - Filling up the DagBag from /home/airflow/.local/lib/python3.12/site-packages/airflow/example_dags/example_branch_operator.py
[2024-07-05T14:24:02.186+0000] {processor.py:840} INFO - DAG(s) 'example_branch_operator' retrieved from /home/airflow/.local/lib/python3.12/site-packages/airflow/example_dags/example_branch_operator.py
[2024-07-05T14:24:02.202+0000] {logging_mixin.py:188} INFO - [2024-07-05T14:24:02.202+0000] {dag.py:3096} INFO - Sync 1 DAGs
[2024-07-05T14:24:02.213+0000] {logging_mixin.py:188} INFO - [2024-07-05T14:24:02.212+0000] {dag.py:3954} INFO - Setting next_dagrun for example_branch_operator to 2024-07-04 00:00:00+00:00, run_after=2024-07-05 00:00:00+00:00
[2024-07-05T14:24:02.221+0000] {processor.py:183} INFO - Processing /home/airflow/.local/lib/python3.12/site-packages/airflow/example_dags/example_branch_operator.py took 0.050 seconds
[2024-07-05T14:24:32.399+0000] {processor.py:161} INFO - Started process (PID=1774) to work on /home/airflow/.local/lib/python3.12/site-packages/airflow/example_dags/example_branch_operator.py
[2024-07-05T14:24:32.399+0000] {processor.py:830} INFO - Processing file /home/airflow/.local/lib/python3.12/site-packages/airflow/example_dags/example_branch_operator.py for tasks to queue
[2024-07-05T14:24:32.400+0000] {logging_mixin.py:188} INFO - [2024-07-05T14:24:32.400+0000] {dagbag.py:545} INFO - Filling up the DagBag from /home/airflow/.local/lib/python3.12/site-packages/airflow/example_dags/example_branch_operator.py
[2024-07-05T14:24:32.408+0000] {processor.py:840} INFO - DAG(s) 'example_branch_operator' retrieved from /home/airflow/.local/lib/python3.12/site-packages/airflow/example_dags/example_branch_operator.py
[2024-07-05T14:24:32.421+0000] {logging_mixin.py:188} INFO - [2024-07-05T14:24:32.420+0000] {dag.py:3096} INFO - Sync 1 DAGs
[2024-07-05T14:24:32.430+0000] {logging_mixin.py:188} INFO - [2024-07-05T14:24:32.430+0000] {dag.py:3954} INFO - Setting next_dagrun for example_branch_operator to 2024-07-04 00:00:00+00:00, run_after=2024-07-05 00:00:00+00:00
[2024-07-05T14:24:32.438+0000] {processor.py:183} INFO - Processing /home/airflow/.local/lib/python3.12/site-packages/airflow/example_dags/example_branch_operator.py took 0.042 seconds
[2024-07-05T14:25:02.656+0000] {processor.py:161} INFO - Started process (PID=1832) to work on /home/airflow/.local/lib/python3.12/site-packages/airflow/example_dags/example_branch_operator.py
[2024-07-05T14:25:02.657+0000] {processor.py:830} INFO - Processing file /home/airflow/.local/lib/python3.12/site-packages/airflow/example_dags/example_branch_operator.py for tasks to queue
[2024-07-05T14:25:02.658+0000] {logging_mixin.py:188} INFO - [2024-07-05T14:25:02.658+0000] {dagbag.py:545} INFO - Filling up the DagBag from /home/airflow/.local/lib/python3.12/site-packages/airflow/example_dags/example_branch_operator.py
[2024-07-05T14:25:02.667+0000] {processor.py:840} INFO - DAG(s) 'example_branch_operator' retrieved from /home/airflow/.local/lib/python3.12/site-packages/airflow/example_dags/example_branch_operator.py
[2024-07-05T14:25:02.680+0000] {logging_mixin.py:188} INFO - [2024-07-05T14:25:02.680+0000] {dag.py:3096} INFO - Sync 1 DAGs
[2024-07-05T14:25:02.690+0000] {logging_mixin.py:188} INFO - [2024-07-05T14:25:02.690+0000] {dag.py:3954} INFO - Setting next_dagrun for example_branch_operator to 2024-07-04 00:00:00+00:00, run_after=2024-07-05 00:00:00+00:00
[2024-07-05T14:25:02.699+0000] {processor.py:183} INFO - Processing /home/airflow/.local/lib/python3.12/site-packages/airflow/example_dags/example_branch_operator.py took 0.046 seconds
[2024-07-05T14:25:33.043+0000] {processor.py:161} INFO - Started process (PID=1890) to work on /home/airflow/.local/lib/python3.12/site-packages/airflow/example_dags/example_branch_operator.py
[2024-07-05T14:25:33.044+0000] {processor.py:830} INFO - Processing file /home/airflow/.local/lib/python3.12/site-packages/airflow/example_dags/example_branch_operator.py for tasks to queue
[2024-07-05T14:25:33.045+0000] {logging_mixin.py:188} INFO - [2024-07-05T14:25:33.045+0000] {dagbag.py:545} INFO - Filling up the DagBag from /home/airflow/.local/lib/python3.12/site-packages/airflow/example_dags/example_branch_operator.py
[2024-07-05T14:25:33.056+0000] {processor.py:840} INFO - DAG(s) 'example_branch_operator' retrieved from /home/airflow/.local/lib/python3.12/site-packages/airflow/example_dags/example_branch_operator.py
[2024-07-05T14:25:33.073+0000] {logging_mixin.py:188} INFO - [2024-07-05T14:25:33.073+0000] {dag.py:3096} INFO - Sync 1 DAGs
[2024-07-05T14:25:33.085+0000] {logging_mixin.py:188} INFO - [2024-07-05T14:25:33.084+0000] {dag.py:3954} INFO - Setting next_dagrun for example_branch_operator to 2024-07-04 00:00:00+00:00, run_after=2024-07-05 00:00:00+00:00
[2024-07-05T14:25:33.094+0000] {processor.py:183} INFO - Processing /home/airflow/.local/lib/python3.12/site-packages/airflow/example_dags/example_branch_operator.py took 0.056 seconds
[2024-07-05T14:26:03.815+0000] {processor.py:161} INFO - Started process (PID=1948) to work on /home/airflow/.local/lib/python3.12/site-packages/airflow/example_dags/example_branch_operator.py
[2024-07-05T14:26:03.817+0000] {processor.py:830} INFO - Processing file /home/airflow/.local/lib/python3.12/site-packages/airflow/example_dags/example_branch_operator.py for tasks to queue
[2024-07-05T14:26:03.818+0000] {logging_mixin.py:188} INFO - [2024-07-05T14:26:03.818+0000] {dagbag.py:545} INFO - Filling up the DagBag from /home/airflow/.local/lib/python3.12/site-packages/airflow/example_dags/example_branch_operator.py
[2024-07-05T14:26:03.830+0000] {processor.py:840} INFO - DAG(s) 'example_branch_operator' retrieved from /home/airflow/.local/lib/python3.12/site-packages/airflow/example_dags/example_branch_operator.py
[2024-07-05T14:26:03.848+0000] {logging_mixin.py:188} INFO - [2024-07-05T14:26:03.848+0000] {dag.py:3096} INFO - Sync 1 DAGs
[2024-07-05T14:26:03.861+0000] {logging_mixin.py:188} INFO - [2024-07-05T14:26:03.861+0000] {dag.py:3954} INFO - Setting next_dagrun for example_branch_operator to 2024-07-04 00:00:00+00:00, run_after=2024-07-05 00:00:00+00:00
[2024-07-05T14:26:03.871+0000] {processor.py:183} INFO - Processing /home/airflow/.local/lib/python3.12/site-packages/airflow/example_dags/example_branch_operator.py took 0.060 seconds
[2024-07-05T14:28:03.671+0000] {processor.py:161} INFO - Started process (PID=35) to work on /home/airflow/.local/lib/python3.12/site-packages/airflow/example_dags/example_branch_operator.py
[2024-07-05T14:28:03.673+0000] {processor.py:830} INFO - Processing file /home/airflow/.local/lib/python3.12/site-packages/airflow/example_dags/example_branch_operator.py for tasks to queue
[2024-07-05T14:28:03.674+0000] {logging_mixin.py:188} INFO - [2024-07-05T14:28:03.674+0000] {dagbag.py:545} INFO - Filling up the DagBag from /home/airflow/.local/lib/python3.12/site-packages/airflow/example_dags/example_branch_operator.py
[2024-07-05T14:28:03.685+0000] {processor.py:840} INFO - DAG(s) 'example_branch_operator' retrieved from /home/airflow/.local/lib/python3.12/site-packages/airflow/example_dags/example_branch_operator.py
[2024-07-05T14:28:03.786+0000] {logging_mixin.py:188} INFO - [2024-07-05T14:28:03.786+0000] {dag.py:3096} INFO - Sync 1 DAGs
[2024-07-05T14:28:03.799+0000] {logging_mixin.py:188} INFO - [2024-07-05T14:28:03.799+0000] {dag.py:3954} INFO - Setting next_dagrun for example_branch_operator to 2024-07-04 00:00:00+00:00, run_after=2024-07-05 00:00:00+00:00
[2024-07-05T14:28:03.816+0000] {processor.py:183} INFO - Processing /home/airflow/.local/lib/python3.12/site-packages/airflow/example_dags/example_branch_operator.py took 0.151 seconds
[2024-07-05T14:28:33.859+0000] {processor.py:161} INFO - Started process (PID=93) to work on /home/airflow/.local/lib/python3.12/site-packages/airflow/example_dags/example_branch_operator.py
[2024-07-05T14:28:33.860+0000] {processor.py:830} INFO - Processing file /home/airflow/.local/lib/python3.12/site-packages/airflow/example_dags/example_branch_operator.py for tasks to queue
[2024-07-05T14:28:33.860+0000] {logging_mixin.py:188} INFO - [2024-07-05T14:28:33.860+0000] {dagbag.py:545} INFO - Filling up the DagBag from /home/airflow/.local/lib/python3.12/site-packages/airflow/example_dags/example_branch_operator.py
[2024-07-05T14:28:33.868+0000] {processor.py:840} INFO - DAG(s) 'example_branch_operator' retrieved from /home/airflow/.local/lib/python3.12/site-packages/airflow/example_dags/example_branch_operator.py
[2024-07-05T14:28:33.874+0000] {logging_mixin.py:188} INFO - [2024-07-05T14:28:33.874+0000] {dag.py:3096} INFO - Sync 1 DAGs
[2024-07-05T14:28:33.885+0000] {logging_mixin.py:188} INFO - [2024-07-05T14:28:33.885+0000] {dag.py:3954} INFO - Setting next_dagrun for example_branch_operator to 2024-07-04 00:00:00+00:00, run_after=2024-07-05 00:00:00+00:00
[2024-07-05T14:28:33.894+0000] {processor.py:183} INFO - Processing /home/airflow/.local/lib/python3.12/site-packages/airflow/example_dags/example_branch_operator.py took 0.038 seconds
[2024-07-05T14:29:04.588+0000] {processor.py:161} INFO - Started process (PID=151) to work on /home/airflow/.local/lib/python3.12/site-packages/airflow/example_dags/example_branch_operator.py
[2024-07-05T14:29:04.589+0000] {processor.py:830} INFO - Processing file /home/airflow/.local/lib/python3.12/site-packages/airflow/example_dags/example_branch_operator.py for tasks to queue
[2024-07-05T14:29:04.591+0000] {logging_mixin.py:188} INFO - [2024-07-05T14:29:04.590+0000] {dagbag.py:545} INFO - Filling up the DagBag from /home/airflow/.local/lib/python3.12/site-packages/airflow/example_dags/example_branch_operator.py
[2024-07-05T14:29:04.598+0000] {processor.py:840} INFO - DAG(s) 'example_branch_operator' retrieved from /home/airflow/.local/lib/python3.12/site-packages/airflow/example_dags/example_branch_operator.py
[2024-07-05T14:29:04.644+0000] {logging_mixin.py:188} INFO - [2024-07-05T14:29:04.644+0000] {dag.py:3096} INFO - Sync 1 DAGs
[2024-07-05T14:29:04.652+0000] {logging_mixin.py:188} INFO - [2024-07-05T14:29:04.652+0000] {dag.py:3954} INFO - Setting next_dagrun for example_branch_operator to 2024-07-04 00:00:00+00:00, run_after=2024-07-05 00:00:00+00:00
[2024-07-05T14:29:04.661+0000] {processor.py:183} INFO - Processing /home/airflow/.local/lib/python3.12/site-packages/airflow/example_dags/example_branch_operator.py took 0.075 seconds
[2024-07-05T14:29:34.929+0000] {processor.py:161} INFO - Started process (PID=209) to work on /home/airflow/.local/lib/python3.12/site-packages/airflow/example_dags/example_branch_operator.py
[2024-07-05T14:29:34.929+0000] {processor.py:830} INFO - Processing file /home/airflow/.local/lib/python3.12/site-packages/airflow/example_dags/example_branch_operator.py for tasks to queue
[2024-07-05T14:29:34.930+0000] {logging_mixin.py:188} INFO - [2024-07-05T14:29:34.930+0000] {dagbag.py:545} INFO - Filling up the DagBag from /home/airflow/.local/lib/python3.12/site-packages/airflow/example_dags/example_branch_operator.py
[2024-07-05T14:29:34.938+0000] {processor.py:840} INFO - DAG(s) 'example_branch_operator' retrieved from /home/airflow/.local/lib/python3.12/site-packages/airflow/example_dags/example_branch_operator.py
[2024-07-05T14:29:34.951+0000] {logging_mixin.py:188} INFO - [2024-07-05T14:29:34.951+0000] {dag.py:3096} INFO - Sync 1 DAGs
[2024-07-05T14:29:34.961+0000] {logging_mixin.py:188} INFO - [2024-07-05T14:29:34.961+0000] {dag.py:3954} INFO - Setting next_dagrun for example_branch_operator to 2024-07-04 00:00:00+00:00, run_after=2024-07-05 00:00:00+00:00
[2024-07-05T14:29:34.970+0000] {processor.py:183} INFO - Processing /home/airflow/.local/lib/python3.12/site-packages/airflow/example_dags/example_branch_operator.py took 0.044 seconds
[2024-07-05T14:30:05.091+0000] {processor.py:161} INFO - Started process (PID=267) to work on /home/airflow/.local/lib/python3.12/site-packages/airflow/example_dags/example_branch_operator.py
[2024-07-05T14:30:05.092+0000] {processor.py:830} INFO - Processing file /home/airflow/.local/lib/python3.12/site-packages/airflow/example_dags/example_branch_operator.py for tasks to queue
[2024-07-05T14:30:05.093+0000] {logging_mixin.py:188} INFO - [2024-07-05T14:30:05.093+0000] {dagbag.py:545} INFO - Filling up the DagBag from /home/airflow/.local/lib/python3.12/site-packages/airflow/example_dags/example_branch_operator.py
[2024-07-05T14:30:05.101+0000] {processor.py:840} INFO - DAG(s) 'example_branch_operator' retrieved from /home/airflow/.local/lib/python3.12/site-packages/airflow/example_dags/example_branch_operator.py
[2024-07-05T14:30:05.116+0000] {logging_mixin.py:188} INFO - [2024-07-05T14:30:05.115+0000] {dag.py:3096} INFO - Sync 1 DAGs
[2024-07-05T14:30:05.127+0000] {logging_mixin.py:188} INFO - [2024-07-05T14:30:05.127+0000] {dag.py:3954} INFO - Setting next_dagrun for example_branch_operator to 2024-07-04 00:00:00+00:00, run_after=2024-07-05 00:00:00+00:00
[2024-07-05T14:30:05.134+0000] {processor.py:183} INFO - Processing /home/airflow/.local/lib/python3.12/site-packages/airflow/example_dags/example_branch_operator.py took 0.045 seconds
[2024-07-05T14:30:35.662+0000] {processor.py:161} INFO - Started process (PID=325) to work on /home/airflow/.local/lib/python3.12/site-packages/airflow/example_dags/example_branch_operator.py
[2024-07-05T14:30:35.663+0000] {processor.py:830} INFO - Processing file /home/airflow/.local/lib/python3.12/site-packages/airflow/example_dags/example_branch_operator.py for tasks to queue
[2024-07-05T14:30:35.663+0000] {logging_mixin.py:188} INFO - [2024-07-05T14:30:35.663+0000] {dagbag.py:545} INFO - Filling up the DagBag from /home/airflow/.local/lib/python3.12/site-packages/airflow/example_dags/example_branch_operator.py
[2024-07-05T14:30:35.671+0000] {processor.py:840} INFO - DAG(s) 'example_branch_operator' retrieved from /home/airflow/.local/lib/python3.12/site-packages/airflow/example_dags/example_branch_operator.py
[2024-07-05T14:30:35.684+0000] {logging_mixin.py:188} INFO - [2024-07-05T14:30:35.684+0000] {dag.py:3096} INFO - Sync 1 DAGs
[2024-07-05T14:30:35.693+0000] {logging_mixin.py:188} INFO - [2024-07-05T14:30:35.693+0000] {dag.py:3954} INFO - Setting next_dagrun for example_branch_operator to 2024-07-04 00:00:00+00:00, run_after=2024-07-05 00:00:00+00:00
[2024-07-05T14:30:35.701+0000] {processor.py:183} INFO - Processing /home/airflow/.local/lib/python3.12/site-packages/airflow/example_dags/example_branch_operator.py took 0.041 seconds
[2024-07-05T14:31:06.310+0000] {processor.py:161} INFO - Started process (PID=383) to work on /home/airflow/.local/lib/python3.12/site-packages/airflow/example_dags/example_branch_operator.py
[2024-07-05T14:31:06.311+0000] {processor.py:830} INFO - Processing file /home/airflow/.local/lib/python3.12/site-packages/airflow/example_dags/example_branch_operator.py for tasks to queue
[2024-07-05T14:31:06.312+0000] {logging_mixin.py:188} INFO - [2024-07-05T14:31:06.311+0000] {dagbag.py:545} INFO - Filling up the DagBag from /home/airflow/.local/lib/python3.12/site-packages/airflow/example_dags/example_branch_operator.py
[2024-07-05T14:31:06.319+0000] {processor.py:840} INFO - DAG(s) 'example_branch_operator' retrieved from /home/airflow/.local/lib/python3.12/site-packages/airflow/example_dags/example_branch_operator.py
[2024-07-05T14:31:06.330+0000] {logging_mixin.py:188} INFO - [2024-07-05T14:31:06.330+0000] {dag.py:3096} INFO - Sync 1 DAGs
[2024-07-05T14:31:06.339+0000] {logging_mixin.py:188} INFO - [2024-07-05T14:31:06.339+0000] {dag.py:3954} INFO - Setting next_dagrun for example_branch_operator to 2024-07-04 00:00:00+00:00, run_after=2024-07-05 00:00:00+00:00
[2024-07-05T14:31:06.346+0000] {processor.py:183} INFO - Processing /home/airflow/.local/lib/python3.12/site-packages/airflow/example_dags/example_branch_operator.py took 0.039 seconds
[2024-07-05T14:31:36.873+0000] {processor.py:161} INFO - Started process (PID=441) to work on /home/airflow/.local/lib/python3.12/site-packages/airflow/example_dags/example_branch_operator.py
[2024-07-05T14:31:36.874+0000] {processor.py:830} INFO - Processing file /home/airflow/.local/lib/python3.12/site-packages/airflow/example_dags/example_branch_operator.py for tasks to queue
[2024-07-05T14:31:36.875+0000] {logging_mixin.py:188} INFO - [2024-07-05T14:31:36.875+0000] {dagbag.py:545} INFO - Filling up the DagBag from /home/airflow/.local/lib/python3.12/site-packages/airflow/example_dags/example_branch_operator.py
[2024-07-05T14:31:36.882+0000] {processor.py:840} INFO - DAG(s) 'example_branch_operator' retrieved from /home/airflow/.local/lib/python3.12/site-packages/airflow/example_dags/example_branch_operator.py
[2024-07-05T14:31:36.895+0000] {logging_mixin.py:188} INFO - [2024-07-05T14:31:36.894+0000] {dag.py:3096} INFO - Sync 1 DAGs
[2024-07-05T14:31:36.904+0000] {logging_mixin.py:188} INFO - [2024-07-05T14:31:36.904+0000] {dag.py:3954} INFO - Setting next_dagrun for example_branch_operator to 2024-07-04 00:00:00+00:00, run_after=2024-07-05 00:00:00+00:00
[2024-07-05T14:31:36.912+0000] {processor.py:183} INFO - Processing /home/airflow/.local/lib/python3.12/site-packages/airflow/example_dags/example_branch_operator.py took 0.042 seconds
[2024-07-05T14:32:07.562+0000] {processor.py:161} INFO - Started process (PID=499) to work on /home/airflow/.local/lib/python3.12/site-packages/airflow/example_dags/example_branch_operator.py
[2024-07-05T14:32:07.562+0000] {processor.py:830} INFO - Processing file /home/airflow/.local/lib/python3.12/site-packages/airflow/example_dags/example_branch_operator.py for tasks to queue
[2024-07-05T14:32:07.563+0000] {logging_mixin.py:188} INFO - [2024-07-05T14:32:07.563+0000] {dagbag.py:545} INFO - Filling up the DagBag from /home/airflow/.local/lib/python3.12/site-packages/airflow/example_dags/example_branch_operator.py
[2024-07-05T14:32:07.571+0000] {processor.py:840} INFO - DAG(s) 'example_branch_operator' retrieved from /home/airflow/.local/lib/python3.12/site-packages/airflow/example_dags/example_branch_operator.py
[2024-07-05T14:32:07.583+0000] {logging_mixin.py:188} INFO - [2024-07-05T14:32:07.583+0000] {dag.py:3096} INFO - Sync 1 DAGs
[2024-07-05T14:32:07.593+0000] {logging_mixin.py:188} INFO - [2024-07-05T14:32:07.593+0000] {dag.py:3954} INFO - Setting next_dagrun for example_branch_operator to 2024-07-04 00:00:00+00:00, run_after=2024-07-05 00:00:00+00:00
[2024-07-05T14:32:07.602+0000] {processor.py:183} INFO - Processing /home/airflow/.local/lib/python3.12/site-packages/airflow/example_dags/example_branch_operator.py took 0.043 seconds
[2024-07-05T14:32:38.406+0000] {processor.py:161} INFO - Started process (PID=557) to work on /home/airflow/.local/lib/python3.12/site-packages/airflow/example_dags/example_branch_operator.py
[2024-07-05T14:32:38.409+0000] {processor.py:830} INFO - Processing file /home/airflow/.local/lib/python3.12/site-packages/airflow/example_dags/example_branch_operator.py for tasks to queue
[2024-07-05T14:32:38.411+0000] {logging_mixin.py:188} INFO - [2024-07-05T14:32:38.410+0000] {dagbag.py:545} INFO - Filling up the DagBag from /home/airflow/.local/lib/python3.12/site-packages/airflow/example_dags/example_branch_operator.py
[2024-07-05T14:32:38.422+0000] {processor.py:840} INFO - DAG(s) 'example_branch_operator' retrieved from /home/airflow/.local/lib/python3.12/site-packages/airflow/example_dags/example_branch_operator.py
[2024-07-05T14:32:38.446+0000] {logging_mixin.py:188} INFO - [2024-07-05T14:32:38.446+0000] {dag.py:3096} INFO - Sync 1 DAGs
[2024-07-05T14:32:38.460+0000] {logging_mixin.py:188} INFO - [2024-07-05T14:32:38.460+0000] {dag.py:3954} INFO - Setting next_dagrun for example_branch_operator to 2024-07-04 00:00:00+00:00, run_after=2024-07-05 00:00:00+00:00
[2024-07-05T14:32:38.475+0000] {processor.py:183} INFO - Processing /home/airflow/.local/lib/python3.12/site-packages/airflow/example_dags/example_branch_operator.py took 0.073 seconds
[2024-07-05T14:33:08.526+0000] {processor.py:161} INFO - Started process (PID=615) to work on /home/airflow/.local/lib/python3.12/site-packages/airflow/example_dags/example_branch_operator.py
[2024-07-05T14:33:08.528+0000] {processor.py:830} INFO - Processing file /home/airflow/.local/lib/python3.12/site-packages/airflow/example_dags/example_branch_operator.py for tasks to queue
[2024-07-05T14:33:08.530+0000] {logging_mixin.py:188} INFO - [2024-07-05T14:33:08.530+0000] {dagbag.py:545} INFO - Filling up the DagBag from /home/airflow/.local/lib/python3.12/site-packages/airflow/example_dags/example_branch_operator.py
[2024-07-05T14:33:08.539+0000] {processor.py:840} INFO - DAG(s) 'example_branch_operator' retrieved from /home/airflow/.local/lib/python3.12/site-packages/airflow/example_dags/example_branch_operator.py
[2024-07-05T14:33:08.554+0000] {logging_mixin.py:188} INFO - [2024-07-05T14:33:08.554+0000] {dag.py:3096} INFO - Sync 1 DAGs
[2024-07-05T14:33:08.564+0000] {logging_mixin.py:188} INFO - [2024-07-05T14:33:08.564+0000] {dag.py:3954} INFO - Setting next_dagrun for example_branch_operator to 2024-07-04 00:00:00+00:00, run_after=2024-07-05 00:00:00+00:00
[2024-07-05T14:33:08.575+0000] {processor.py:183} INFO - Processing /home/airflow/.local/lib/python3.12/site-packages/airflow/example_dags/example_branch_operator.py took 0.053 seconds
[2024-07-05T14:33:38.855+0000] {processor.py:161} INFO - Started process (PID=673) to work on /home/airflow/.local/lib/python3.12/site-packages/airflow/example_dags/example_branch_operator.py
[2024-07-05T14:33:38.856+0000] {processor.py:830} INFO - Processing file /home/airflow/.local/lib/python3.12/site-packages/airflow/example_dags/example_branch_operator.py for tasks to queue
[2024-07-05T14:33:38.856+0000] {logging_mixin.py:188} INFO - [2024-07-05T14:33:38.856+0000] {dagbag.py:545} INFO - Filling up the DagBag from /home/airflow/.local/lib/python3.12/site-packages/airflow/example_dags/example_branch_operator.py
[2024-07-05T14:33:38.868+0000] {processor.py:840} INFO - DAG(s) 'example_branch_operator' retrieved from /home/airflow/.local/lib/python3.12/site-packages/airflow/example_dags/example_branch_operator.py
[2024-07-05T14:33:38.882+0000] {logging_mixin.py:188} INFO - [2024-07-05T14:33:38.882+0000] {dag.py:3096} INFO - Sync 1 DAGs
[2024-07-05T14:33:38.891+0000] {logging_mixin.py:188} INFO - [2024-07-05T14:33:38.891+0000] {dag.py:3954} INFO - Setting next_dagrun for example_branch_operator to 2024-07-04 00:00:00+00:00, run_after=2024-07-05 00:00:00+00:00
[2024-07-05T14:33:38.899+0000] {processor.py:183} INFO - Processing /home/airflow/.local/lib/python3.12/site-packages/airflow/example_dags/example_branch_operator.py took 0.046 seconds
[2024-07-05T14:34:09.502+0000] {processor.py:161} INFO - Started process (PID=731) to work on /home/airflow/.local/lib/python3.12/site-packages/airflow/example_dags/example_branch_operator.py
[2024-07-05T14:34:09.502+0000] {processor.py:830} INFO - Processing file /home/airflow/.local/lib/python3.12/site-packages/airflow/example_dags/example_branch_operator.py for tasks to queue
[2024-07-05T14:34:09.503+0000] {logging_mixin.py:188} INFO - [2024-07-05T14:34:09.503+0000] {dagbag.py:545} INFO - Filling up the DagBag from /home/airflow/.local/lib/python3.12/site-packages/airflow/example_dags/example_branch_operator.py
[2024-07-05T14:34:09.511+0000] {processor.py:840} INFO - DAG(s) 'example_branch_operator' retrieved from /home/airflow/.local/lib/python3.12/site-packages/airflow/example_dags/example_branch_operator.py
[2024-07-05T14:34:09.524+0000] {logging_mixin.py:188} INFO - [2024-07-05T14:34:09.524+0000] {dag.py:3096} INFO - Sync 1 DAGs
[2024-07-05T14:34:09.534+0000] {logging_mixin.py:188} INFO - [2024-07-05T14:34:09.533+0000] {dag.py:3954} INFO - Setting next_dagrun for example_branch_operator to 2024-07-04 00:00:00+00:00, run_after=2024-07-05 00:00:00+00:00
[2024-07-05T14:34:09.542+0000] {processor.py:183} INFO - Processing /home/airflow/.local/lib/python3.12/site-packages/airflow/example_dags/example_branch_operator.py took 0.043 seconds
[2024-07-05T14:34:40.191+0000] {processor.py:161} INFO - Started process (PID=789) to work on /home/airflow/.local/lib/python3.12/site-packages/airflow/example_dags/example_branch_operator.py
[2024-07-05T14:34:40.192+0000] {processor.py:830} INFO - Processing file /home/airflow/.local/lib/python3.12/site-packages/airflow/example_dags/example_branch_operator.py for tasks to queue
[2024-07-05T14:34:40.192+0000] {logging_mixin.py:188} INFO - [2024-07-05T14:34:40.192+0000] {dagbag.py:545} INFO - Filling up the DagBag from /home/airflow/.local/lib/python3.12/site-packages/airflow/example_dags/example_branch_operator.py
[2024-07-05T14:34:40.200+0000] {processor.py:840} INFO - DAG(s) 'example_branch_operator' retrieved from /home/airflow/.local/lib/python3.12/site-packages/airflow/example_dags/example_branch_operator.py
[2024-07-05T14:34:40.211+0000] {logging_mixin.py:188} INFO - [2024-07-05T14:34:40.211+0000] {dag.py:3096} INFO - Sync 1 DAGs
[2024-07-05T14:34:40.221+0000] {logging_mixin.py:188} INFO - [2024-07-05T14:34:40.221+0000] {dag.py:3954} INFO - Setting next_dagrun for example_branch_operator to 2024-07-04 00:00:00+00:00, run_after=2024-07-05 00:00:00+00:00
[2024-07-05T14:34:40.228+0000] {processor.py:183} INFO - Processing /home/airflow/.local/lib/python3.12/site-packages/airflow/example_dags/example_branch_operator.py took 0.040 seconds
[2024-07-05T14:35:10.384+0000] {processor.py:161} INFO - Started process (PID=847) to work on /home/airflow/.local/lib/python3.12/site-packages/airflow/example_dags/example_branch_operator.py
[2024-07-05T14:35:10.385+0000] {processor.py:830} INFO - Processing file /home/airflow/.local/lib/python3.12/site-packages/airflow/example_dags/example_branch_operator.py for tasks to queue
[2024-07-05T14:35:10.385+0000] {logging_mixin.py:188} INFO - [2024-07-05T14:35:10.385+0000] {dagbag.py:545} INFO - Filling up the DagBag from /home/airflow/.local/lib/python3.12/site-packages/airflow/example_dags/example_branch_operator.py
[2024-07-05T14:35:10.397+0000] {processor.py:840} INFO - DAG(s) 'example_branch_operator' retrieved from /home/airflow/.local/lib/python3.12/site-packages/airflow/example_dags/example_branch_operator.py
[2024-07-05T14:35:10.411+0000] {logging_mixin.py:188} INFO - [2024-07-05T14:35:10.410+0000] {dag.py:3096} INFO - Sync 1 DAGs
[2024-07-05T14:35:10.420+0000] {logging_mixin.py:188} INFO - [2024-07-05T14:35:10.420+0000] {dag.py:3954} INFO - Setting next_dagrun for example_branch_operator to 2024-07-04 00:00:00+00:00, run_after=2024-07-05 00:00:00+00:00
[2024-07-05T14:35:10.427+0000] {processor.py:183} INFO - Processing /home/airflow/.local/lib/python3.12/site-packages/airflow/example_dags/example_branch_operator.py took 0.046 seconds
[2024-07-05T14:35:41.555+0000] {processor.py:161} INFO - Started process (PID=905) to work on /home/airflow/.local/lib/python3.12/site-packages/airflow/example_dags/example_branch_operator.py
[2024-07-05T14:35:41.556+0000] {processor.py:830} INFO - Processing file /home/airflow/.local/lib/python3.12/site-packages/airflow/example_dags/example_branch_operator.py for tasks to queue
[2024-07-05T14:35:41.556+0000] {logging_mixin.py:188} INFO - [2024-07-05T14:35:41.556+0000] {dagbag.py:545} INFO - Filling up the DagBag from /home/airflow/.local/lib/python3.12/site-packages/airflow/example_dags/example_branch_operator.py
[2024-07-05T14:35:41.564+0000] {processor.py:840} INFO - DAG(s) 'example_branch_operator' retrieved from /home/airflow/.local/lib/python3.12/site-packages/airflow/example_dags/example_branch_operator.py
[2024-07-05T14:35:41.577+0000] {logging_mixin.py:188} INFO - [2024-07-05T14:35:41.577+0000] {dag.py:3096} INFO - Sync 1 DAGs
[2024-07-05T14:35:41.586+0000] {logging_mixin.py:188} INFO - [2024-07-05T14:35:41.586+0000] {dag.py:3954} INFO - Setting next_dagrun for example_branch_operator to 2024-07-04 00:00:00+00:00, run_after=2024-07-05 00:00:00+00:00
[2024-07-05T14:35:41.594+0000] {processor.py:183} INFO - Processing /home/airflow/.local/lib/python3.12/site-packages/airflow/example_dags/example_branch_operator.py took 0.042 seconds
[2024-07-05T14:36:11.667+0000] {processor.py:161} INFO - Started process (PID=963) to work on /home/airflow/.local/lib/python3.12/site-packages/airflow/example_dags/example_branch_operator.py
[2024-07-05T14:36:11.668+0000] {processor.py:830} INFO - Processing file /home/airflow/.local/lib/python3.12/site-packages/airflow/example_dags/example_branch_operator.py for tasks to queue
[2024-07-05T14:36:11.669+0000] {logging_mixin.py:188} INFO - [2024-07-05T14:36:11.669+0000] {dagbag.py:545} INFO - Filling up the DagBag from /home/airflow/.local/lib/python3.12/site-packages/airflow/example_dags/example_branch_operator.py
[2024-07-05T14:36:11.677+0000] {processor.py:840} INFO - DAG(s) 'example_branch_operator' retrieved from /home/airflow/.local/lib/python3.12/site-packages/airflow/example_dags/example_branch_operator.py
[2024-07-05T14:36:11.689+0000] {logging_mixin.py:188} INFO - [2024-07-05T14:36:11.689+0000] {dag.py:3096} INFO - Sync 1 DAGs
[2024-07-05T14:36:11.699+0000] {logging_mixin.py:188} INFO - [2024-07-05T14:36:11.699+0000] {dag.py:3954} INFO - Setting next_dagrun for example_branch_operator to 2024-07-04 00:00:00+00:00, run_after=2024-07-05 00:00:00+00:00
[2024-07-05T14:36:11.707+0000] {processor.py:183} INFO - Processing /home/airflow/.local/lib/python3.12/site-packages/airflow/example_dags/example_branch_operator.py took 0.042 seconds
[2024-07-05T14:36:42.245+0000] {processor.py:161} INFO - Started process (PID=1021) to work on /home/airflow/.local/lib/python3.12/site-packages/airflow/example_dags/example_branch_operator.py
[2024-07-05T14:36:42.246+0000] {processor.py:830} INFO - Processing file /home/airflow/.local/lib/python3.12/site-packages/airflow/example_dags/example_branch_operator.py for tasks to queue
[2024-07-05T14:36:42.247+0000] {logging_mixin.py:188} INFO - [2024-07-05T14:36:42.246+0000] {dagbag.py:545} INFO - Filling up the DagBag from /home/airflow/.local/lib/python3.12/site-packages/airflow/example_dags/example_branch_operator.py
[2024-07-05T14:36:42.254+0000] {processor.py:840} INFO - DAG(s) 'example_branch_operator' retrieved from /home/airflow/.local/lib/python3.12/site-packages/airflow/example_dags/example_branch_operator.py
[2024-07-05T14:36:42.266+0000] {logging_mixin.py:188} INFO - [2024-07-05T14:36:42.266+0000] {dag.py:3096} INFO - Sync 1 DAGs
[2024-07-05T14:36:42.277+0000] {logging_mixin.py:188} INFO - [2024-07-05T14:36:42.276+0000] {dag.py:3954} INFO - Setting next_dagrun for example_branch_operator to 2024-07-04 00:00:00+00:00, run_after=2024-07-05 00:00:00+00:00
[2024-07-05T14:36:42.284+0000] {processor.py:183} INFO - Processing /home/airflow/.local/lib/python3.12/site-packages/airflow/example_dags/example_branch_operator.py took 0.042 seconds
[2024-07-05T14:37:12.807+0000] {processor.py:161} INFO - Started process (PID=1079) to work on /home/airflow/.local/lib/python3.12/site-packages/airflow/example_dags/example_branch_operator.py
[2024-07-05T14:37:12.807+0000] {processor.py:830} INFO - Processing file /home/airflow/.local/lib/python3.12/site-packages/airflow/example_dags/example_branch_operator.py for tasks to queue
[2024-07-05T14:37:12.808+0000] {logging_mixin.py:188} INFO - [2024-07-05T14:37:12.808+0000] {dagbag.py:545} INFO - Filling up the DagBag from /home/airflow/.local/lib/python3.12/site-packages/airflow/example_dags/example_branch_operator.py
[2024-07-05T14:37:12.816+0000] {processor.py:840} INFO - DAG(s) 'example_branch_operator' retrieved from /home/airflow/.local/lib/python3.12/site-packages/airflow/example_dags/example_branch_operator.py
[2024-07-05T14:37:12.828+0000] {logging_mixin.py:188} INFO - [2024-07-05T14:37:12.828+0000] {dag.py:3096} INFO - Sync 1 DAGs
[2024-07-05T14:37:12.838+0000] {logging_mixin.py:188} INFO - [2024-07-05T14:37:12.838+0000] {dag.py:3954} INFO - Setting next_dagrun for example_branch_operator to 2024-07-04 00:00:00+00:00, run_after=2024-07-05 00:00:00+00:00
[2024-07-05T14:37:12.847+0000] {processor.py:183} INFO - Processing /home/airflow/.local/lib/python3.12/site-packages/airflow/example_dags/example_branch_operator.py took 0.043 seconds
[2024-07-05T14:37:43.475+0000] {processor.py:161} INFO - Started process (PID=1137) to work on /home/airflow/.local/lib/python3.12/site-packages/airflow/example_dags/example_branch_operator.py
[2024-07-05T14:37:43.476+0000] {processor.py:830} INFO - Processing file /home/airflow/.local/lib/python3.12/site-packages/airflow/example_dags/example_branch_operator.py for tasks to queue
[2024-07-05T14:37:43.477+0000] {logging_mixin.py:188} INFO - [2024-07-05T14:37:43.477+0000] {dagbag.py:545} INFO - Filling up the DagBag from /home/airflow/.local/lib/python3.12/site-packages/airflow/example_dags/example_branch_operator.py
[2024-07-05T14:37:43.484+0000] {processor.py:840} INFO - DAG(s) 'example_branch_operator' retrieved from /home/airflow/.local/lib/python3.12/site-packages/airflow/example_dags/example_branch_operator.py
[2024-07-05T14:37:43.496+0000] {logging_mixin.py:188} INFO - [2024-07-05T14:37:43.496+0000] {dag.py:3096} INFO - Sync 1 DAGs
[2024-07-05T14:37:43.506+0000] {logging_mixin.py:188} INFO - [2024-07-05T14:37:43.506+0000] {dag.py:3954} INFO - Setting next_dagrun for example_branch_operator to 2024-07-04 00:00:00+00:00, run_after=2024-07-05 00:00:00+00:00
[2024-07-05T14:37:43.514+0000] {processor.py:183} INFO - Processing /home/airflow/.local/lib/python3.12/site-packages/airflow/example_dags/example_branch_operator.py took 0.042 seconds
[2024-07-05T14:38:14.177+0000] {processor.py:161} INFO - Started process (PID=1195) to work on /home/airflow/.local/lib/python3.12/site-packages/airflow/example_dags/example_branch_operator.py
[2024-07-05T14:38:14.178+0000] {processor.py:830} INFO - Processing file /home/airflow/.local/lib/python3.12/site-packages/airflow/example_dags/example_branch_operator.py for tasks to queue
[2024-07-05T14:38:14.179+0000] {logging_mixin.py:188} INFO - [2024-07-05T14:38:14.179+0000] {dagbag.py:545} INFO - Filling up the DagBag from /home/airflow/.local/lib/python3.12/site-packages/airflow/example_dags/example_branch_operator.py
[2024-07-05T14:38:14.186+0000] {processor.py:840} INFO - DAG(s) 'example_branch_operator' retrieved from /home/airflow/.local/lib/python3.12/site-packages/airflow/example_dags/example_branch_operator.py
[2024-07-05T14:38:14.198+0000] {logging_mixin.py:188} INFO - [2024-07-05T14:38:14.198+0000] {dag.py:3096} INFO - Sync 1 DAGs
[2024-07-05T14:38:14.209+0000] {logging_mixin.py:188} INFO - [2024-07-05T14:38:14.209+0000] {dag.py:3954} INFO - Setting next_dagrun for example_branch_operator to 2024-07-04 00:00:00+00:00, run_after=2024-07-05 00:00:00+00:00
[2024-07-05T14:38:14.217+0000] {processor.py:183} INFO - Processing /home/airflow/.local/lib/python3.12/site-packages/airflow/example_dags/example_branch_operator.py took 0.043 seconds
[2024-07-05T14:38:44.792+0000] {processor.py:161} INFO - Started process (PID=1253) to work on /home/airflow/.local/lib/python3.12/site-packages/airflow/example_dags/example_branch_operator.py
[2024-07-05T14:38:44.793+0000] {processor.py:830} INFO - Processing file /home/airflow/.local/lib/python3.12/site-packages/airflow/example_dags/example_branch_operator.py for tasks to queue
[2024-07-05T14:38:44.794+0000] {logging_mixin.py:188} INFO - [2024-07-05T14:38:44.793+0000] {dagbag.py:545} INFO - Filling up the DagBag from /home/airflow/.local/lib/python3.12/site-packages/airflow/example_dags/example_branch_operator.py
[2024-07-05T14:38:44.801+0000] {processor.py:840} INFO - DAG(s) 'example_branch_operator' retrieved from /home/airflow/.local/lib/python3.12/site-packages/airflow/example_dags/example_branch_operator.py
[2024-07-05T14:38:44.813+0000] {logging_mixin.py:188} INFO - [2024-07-05T14:38:44.813+0000] {dag.py:3096} INFO - Sync 1 DAGs
[2024-07-05T14:38:44.823+0000] {logging_mixin.py:188} INFO - [2024-07-05T14:38:44.823+0000] {dag.py:3954} INFO - Setting next_dagrun for example_branch_operator to 2024-07-04 00:00:00+00:00, run_after=2024-07-05 00:00:00+00:00
[2024-07-05T14:38:44.832+0000] {processor.py:183} INFO - Processing /home/airflow/.local/lib/python3.12/site-packages/airflow/example_dags/example_branch_operator.py took 0.042 seconds
[2024-07-05T14:39:15.372+0000] {processor.py:161} INFO - Started process (PID=1311) to work on /home/airflow/.local/lib/python3.12/site-packages/airflow/example_dags/example_branch_operator.py
[2024-07-05T14:39:15.372+0000] {processor.py:830} INFO - Processing file /home/airflow/.local/lib/python3.12/site-packages/airflow/example_dags/example_branch_operator.py for tasks to queue
[2024-07-05T14:39:15.373+0000] {logging_mixin.py:188} INFO - [2024-07-05T14:39:15.373+0000] {dagbag.py:545} INFO - Filling up the DagBag from /home/airflow/.local/lib/python3.12/site-packages/airflow/example_dags/example_branch_operator.py
[2024-07-05T14:39:15.381+0000] {processor.py:840} INFO - DAG(s) 'example_branch_operator' retrieved from /home/airflow/.local/lib/python3.12/site-packages/airflow/example_dags/example_branch_operator.py
[2024-07-05T14:39:15.392+0000] {logging_mixin.py:188} INFO - [2024-07-05T14:39:15.392+0000] {dag.py:3096} INFO - Sync 1 DAGs
[2024-07-05T14:39:15.401+0000] {logging_mixin.py:188} INFO - [2024-07-05T14:39:15.401+0000] {dag.py:3954} INFO - Setting next_dagrun for example_branch_operator to 2024-07-04 00:00:00+00:00, run_after=2024-07-05 00:00:00+00:00
[2024-07-05T14:39:15.409+0000] {processor.py:183} INFO - Processing /home/airflow/.local/lib/python3.12/site-packages/airflow/example_dags/example_branch_operator.py took 0.040 seconds
[2024-07-05T14:39:45.980+0000] {processor.py:161} INFO - Started process (PID=1369) to work on /home/airflow/.local/lib/python3.12/site-packages/airflow/example_dags/example_branch_operator.py
[2024-07-05T14:39:45.981+0000] {processor.py:830} INFO - Processing file /home/airflow/.local/lib/python3.12/site-packages/airflow/example_dags/example_branch_operator.py for tasks to queue
[2024-07-05T14:39:45.982+0000] {logging_mixin.py:188} INFO - [2024-07-05T14:39:45.982+0000] {dagbag.py:545} INFO - Filling up the DagBag from /home/airflow/.local/lib/python3.12/site-packages/airflow/example_dags/example_branch_operator.py
[2024-07-05T14:39:45.990+0000] {processor.py:840} INFO - DAG(s) 'example_branch_operator' retrieved from /home/airflow/.local/lib/python3.12/site-packages/airflow/example_dags/example_branch_operator.py
[2024-07-05T14:39:46.002+0000] {logging_mixin.py:188} INFO - [2024-07-05T14:39:46.002+0000] {dag.py:3096} INFO - Sync 1 DAGs
[2024-07-05T14:39:46.013+0000] {logging_mixin.py:188} INFO - [2024-07-05T14:39:46.013+0000] {dag.py:3954} INFO - Setting next_dagrun for example_branch_operator to 2024-07-04 00:00:00+00:00, run_after=2024-07-05 00:00:00+00:00
[2024-07-05T14:39:46.021+0000] {processor.py:183} INFO - Processing /home/airflow/.local/lib/python3.12/site-packages/airflow/example_dags/example_branch_operator.py took 0.044 seconds
[2024-07-05T14:40:16.747+0000] {processor.py:161} INFO - Started process (PID=1427) to work on /home/airflow/.local/lib/python3.12/site-packages/airflow/example_dags/example_branch_operator.py
[2024-07-05T14:40:16.748+0000] {processor.py:830} INFO - Processing file /home/airflow/.local/lib/python3.12/site-packages/airflow/example_dags/example_branch_operator.py for tasks to queue
[2024-07-05T14:40:16.748+0000] {logging_mixin.py:188} INFO - [2024-07-05T14:40:16.748+0000] {dagbag.py:545} INFO - Filling up the DagBag from /home/airflow/.local/lib/python3.12/site-packages/airflow/example_dags/example_branch_operator.py
[2024-07-05T14:40:16.756+0000] {processor.py:840} INFO - DAG(s) 'example_branch_operator' retrieved from /home/airflow/.local/lib/python3.12/site-packages/airflow/example_dags/example_branch_operator.py
[2024-07-05T14:40:16.767+0000] {logging_mixin.py:188} INFO - [2024-07-05T14:40:16.767+0000] {dag.py:3096} INFO - Sync 1 DAGs
[2024-07-05T14:40:16.776+0000] {logging_mixin.py:188} INFO - [2024-07-05T14:40:16.776+0000] {dag.py:3954} INFO - Setting next_dagrun for example_branch_operator to 2024-07-04 00:00:00+00:00, run_after=2024-07-05 00:00:00+00:00
[2024-07-05T14:40:16.783+0000] {processor.py:183} INFO - Processing /home/airflow/.local/lib/python3.12/site-packages/airflow/example_dags/example_branch_operator.py took 0.039 seconds
[2024-07-05T14:40:47.535+0000] {processor.py:161} INFO - Started process (PID=1484) to work on /home/airflow/.local/lib/python3.12/site-packages/airflow/example_dags/example_branch_operator.py
[2024-07-05T14:40:47.536+0000] {processor.py:830} INFO - Processing file /home/airflow/.local/lib/python3.12/site-packages/airflow/example_dags/example_branch_operator.py for tasks to queue
[2024-07-05T14:40:47.536+0000] {logging_mixin.py:188} INFO - [2024-07-05T14:40:47.536+0000] {dagbag.py:545} INFO - Filling up the DagBag from /home/airflow/.local/lib/python3.12/site-packages/airflow/example_dags/example_branch_operator.py
[2024-07-05T14:40:47.543+0000] {processor.py:840} INFO - DAG(s) 'example_branch_operator' retrieved from /home/airflow/.local/lib/python3.12/site-packages/airflow/example_dags/example_branch_operator.py
[2024-07-05T14:40:47.555+0000] {logging_mixin.py:188} INFO - [2024-07-05T14:40:47.555+0000] {dag.py:3096} INFO - Sync 1 DAGs
[2024-07-05T14:40:47.564+0000] {logging_mixin.py:188} INFO - [2024-07-05T14:40:47.564+0000] {dag.py:3954} INFO - Setting next_dagrun for example_branch_operator to 2024-07-04 00:00:00+00:00, run_after=2024-07-05 00:00:00+00:00
[2024-07-05T14:40:47.571+0000] {processor.py:183} INFO - Processing /home/airflow/.local/lib/python3.12/site-packages/airflow/example_dags/example_branch_operator.py took 0.039 seconds
[2024-07-05T14:41:18.259+0000] {processor.py:161} INFO - Started process (PID=1542) to work on /home/airflow/.local/lib/python3.12/site-packages/airflow/example_dags/example_branch_operator.py
[2024-07-05T14:41:18.260+0000] {processor.py:830} INFO - Processing file /home/airflow/.local/lib/python3.12/site-packages/airflow/example_dags/example_branch_operator.py for tasks to queue
[2024-07-05T14:41:18.260+0000] {logging_mixin.py:188} INFO - [2024-07-05T14:41:18.260+0000] {dagbag.py:545} INFO - Filling up the DagBag from /home/airflow/.local/lib/python3.12/site-packages/airflow/example_dags/example_branch_operator.py
[2024-07-05T14:41:18.268+0000] {processor.py:840} INFO - DAG(s) 'example_branch_operator' retrieved from /home/airflow/.local/lib/python3.12/site-packages/airflow/example_dags/example_branch_operator.py
[2024-07-05T14:41:18.282+0000] {logging_mixin.py:188} INFO - [2024-07-05T14:41:18.282+0000] {dag.py:3096} INFO - Sync 1 DAGs
[2024-07-05T14:41:18.292+0000] {logging_mixin.py:188} INFO - [2024-07-05T14:41:18.292+0000] {dag.py:3954} INFO - Setting next_dagrun for example_branch_operator to 2024-07-04 00:00:00+00:00, run_after=2024-07-05 00:00:00+00:00
[2024-07-05T14:41:18.300+0000] {processor.py:183} INFO - Processing /home/airflow/.local/lib/python3.12/site-packages/airflow/example_dags/example_branch_operator.py took 0.044 seconds
[2024-07-05T14:41:48.364+0000] {processor.py:161} INFO - Started process (PID=1600) to work on /home/airflow/.local/lib/python3.12/site-packages/airflow/example_dags/example_branch_operator.py
[2024-07-05T14:41:48.365+0000] {processor.py:830} INFO - Processing file /home/airflow/.local/lib/python3.12/site-packages/airflow/example_dags/example_branch_operator.py for tasks to queue
[2024-07-05T14:41:48.366+0000] {logging_mixin.py:188} INFO - [2024-07-05T14:41:48.365+0000] {dagbag.py:545} INFO - Filling up the DagBag from /home/airflow/.local/lib/python3.12/site-packages/airflow/example_dags/example_branch_operator.py
[2024-07-05T14:41:48.373+0000] {processor.py:840} INFO - DAG(s) 'example_branch_operator' retrieved from /home/airflow/.local/lib/python3.12/site-packages/airflow/example_dags/example_branch_operator.py
[2024-07-05T14:41:48.386+0000] {logging_mixin.py:188} INFO - [2024-07-05T14:41:48.386+0000] {dag.py:3096} INFO - Sync 1 DAGs
[2024-07-05T14:41:48.396+0000] {logging_mixin.py:188} INFO - [2024-07-05T14:41:48.396+0000] {dag.py:3954} INFO - Setting next_dagrun for example_branch_operator to 2024-07-04 00:00:00+00:00, run_after=2024-07-05 00:00:00+00:00
[2024-07-05T14:41:48.404+0000] {processor.py:183} INFO - Processing /home/airflow/.local/lib/python3.12/site-packages/airflow/example_dags/example_branch_operator.py took 0.043 seconds
[2024-07-05T14:42:18.665+0000] {processor.py:161} INFO - Started process (PID=1658) to work on /home/airflow/.local/lib/python3.12/site-packages/airflow/example_dags/example_branch_operator.py
[2024-07-05T14:42:18.666+0000] {processor.py:830} INFO - Processing file /home/airflow/.local/lib/python3.12/site-packages/airflow/example_dags/example_branch_operator.py for tasks to queue
[2024-07-05T14:42:18.667+0000] {logging_mixin.py:188} INFO - [2024-07-05T14:42:18.666+0000] {dagbag.py:545} INFO - Filling up the DagBag from /home/airflow/.local/lib/python3.12/site-packages/airflow/example_dags/example_branch_operator.py
[2024-07-05T14:42:18.674+0000] {processor.py:840} INFO - DAG(s) 'example_branch_operator' retrieved from /home/airflow/.local/lib/python3.12/site-packages/airflow/example_dags/example_branch_operator.py
[2024-07-05T14:42:18.687+0000] {logging_mixin.py:188} INFO - [2024-07-05T14:42:18.687+0000] {dag.py:3096} INFO - Sync 1 DAGs
[2024-07-05T14:42:18.696+0000] {logging_mixin.py:188} INFO - [2024-07-05T14:42:18.696+0000] {dag.py:3954} INFO - Setting next_dagrun for example_branch_operator to 2024-07-04 00:00:00+00:00, run_after=2024-07-05 00:00:00+00:00
[2024-07-05T14:42:18.704+0000] {processor.py:183} INFO - Processing /home/airflow/.local/lib/python3.12/site-packages/airflow/example_dags/example_branch_operator.py took 0.041 seconds
[2024-07-05T14:42:48.801+0000] {processor.py:161} INFO - Started process (PID=1715) to work on /home/airflow/.local/lib/python3.12/site-packages/airflow/example_dags/example_branch_operator.py
[2024-07-05T14:42:48.802+0000] {processor.py:830} INFO - Processing file /home/airflow/.local/lib/python3.12/site-packages/airflow/example_dags/example_branch_operator.py for tasks to queue
[2024-07-05T14:42:48.803+0000] {logging_mixin.py:188} INFO - [2024-07-05T14:42:48.803+0000] {dagbag.py:545} INFO - Filling up the DagBag from /home/airflow/.local/lib/python3.12/site-packages/airflow/example_dags/example_branch_operator.py
[2024-07-05T14:42:48.811+0000] {processor.py:840} INFO - DAG(s) 'example_branch_operator' retrieved from /home/airflow/.local/lib/python3.12/site-packages/airflow/example_dags/example_branch_operator.py
[2024-07-05T14:42:48.823+0000] {logging_mixin.py:188} INFO - [2024-07-05T14:42:48.823+0000] {dag.py:3096} INFO - Sync 1 DAGs
[2024-07-05T14:42:48.832+0000] {logging_mixin.py:188} INFO - [2024-07-05T14:42:48.832+0000] {dag.py:3954} INFO - Setting next_dagrun for example_branch_operator to 2024-07-04 00:00:00+00:00, run_after=2024-07-05 00:00:00+00:00
[2024-07-05T14:42:48.839+0000] {processor.py:183} INFO - Processing /home/airflow/.local/lib/python3.12/site-packages/airflow/example_dags/example_branch_operator.py took 0.041 seconds
[2024-07-05T14:43:19.148+0000] {processor.py:161} INFO - Started process (PID=1773) to work on /home/airflow/.local/lib/python3.12/site-packages/airflow/example_dags/example_branch_operator.py
[2024-07-05T14:43:19.149+0000] {processor.py:830} INFO - Processing file /home/airflow/.local/lib/python3.12/site-packages/airflow/example_dags/example_branch_operator.py for tasks to queue
[2024-07-05T14:43:19.149+0000] {logging_mixin.py:188} INFO - [2024-07-05T14:43:19.149+0000] {dagbag.py:545} INFO - Filling up the DagBag from /home/airflow/.local/lib/python3.12/site-packages/airflow/example_dags/example_branch_operator.py
[2024-07-05T14:43:19.157+0000] {processor.py:840} INFO - DAG(s) 'example_branch_operator' retrieved from /home/airflow/.local/lib/python3.12/site-packages/airflow/example_dags/example_branch_operator.py
[2024-07-05T14:43:19.168+0000] {logging_mixin.py:188} INFO - [2024-07-05T14:43:19.168+0000] {dag.py:3096} INFO - Sync 1 DAGs
[2024-07-05T14:43:19.177+0000] {logging_mixin.py:188} INFO - [2024-07-05T14:43:19.177+0000] {dag.py:3954} INFO - Setting next_dagrun for example_branch_operator to 2024-07-04 00:00:00+00:00, run_after=2024-07-05 00:00:00+00:00
[2024-07-05T14:43:19.184+0000] {processor.py:183} INFO - Processing /home/airflow/.local/lib/python3.12/site-packages/airflow/example_dags/example_branch_operator.py took 0.039 seconds
[2024-07-05T14:43:49.876+0000] {processor.py:161} INFO - Started process (PID=1831) to work on /home/airflow/.local/lib/python3.12/site-packages/airflow/example_dags/example_branch_operator.py
[2024-07-05T14:43:49.877+0000] {processor.py:830} INFO - Processing file /home/airflow/.local/lib/python3.12/site-packages/airflow/example_dags/example_branch_operator.py for tasks to queue
[2024-07-05T14:43:49.878+0000] {logging_mixin.py:188} INFO - [2024-07-05T14:43:49.877+0000] {dagbag.py:545} INFO - Filling up the DagBag from /home/airflow/.local/lib/python3.12/site-packages/airflow/example_dags/example_branch_operator.py
[2024-07-05T14:43:49.885+0000] {processor.py:840} INFO - DAG(s) 'example_branch_operator' retrieved from /home/airflow/.local/lib/python3.12/site-packages/airflow/example_dags/example_branch_operator.py
[2024-07-05T14:43:49.897+0000] {logging_mixin.py:188} INFO - [2024-07-05T14:43:49.897+0000] {dag.py:3096} INFO - Sync 1 DAGs
[2024-07-05T14:43:49.907+0000] {logging_mixin.py:188} INFO - [2024-07-05T14:43:49.907+0000] {dag.py:3954} INFO - Setting next_dagrun for example_branch_operator to 2024-07-04 00:00:00+00:00, run_after=2024-07-05 00:00:00+00:00
[2024-07-05T14:43:49.916+0000] {processor.py:183} INFO - Processing /home/airflow/.local/lib/python3.12/site-packages/airflow/example_dags/example_branch_operator.py took 0.043 seconds
[2024-07-05T14:44:20.770+0000] {processor.py:161} INFO - Started process (PID=1888) to work on /home/airflow/.local/lib/python3.12/site-packages/airflow/example_dags/example_branch_operator.py
[2024-07-05T14:44:20.772+0000] {processor.py:830} INFO - Processing file /home/airflow/.local/lib/python3.12/site-packages/airflow/example_dags/example_branch_operator.py for tasks to queue
[2024-07-05T14:44:20.774+0000] {logging_mixin.py:188} INFO - [2024-07-05T14:44:20.773+0000] {dagbag.py:545} INFO - Filling up the DagBag from /home/airflow/.local/lib/python3.12/site-packages/airflow/example_dags/example_branch_operator.py
[2024-07-05T14:44:20.782+0000] {processor.py:840} INFO - DAG(s) 'example_branch_operator' retrieved from /home/airflow/.local/lib/python3.12/site-packages/airflow/example_dags/example_branch_operator.py
[2024-07-05T14:44:20.795+0000] {logging_mixin.py:188} INFO - [2024-07-05T14:44:20.795+0000] {dag.py:3096} INFO - Sync 1 DAGs
[2024-07-05T14:44:20.806+0000] {logging_mixin.py:188} INFO - [2024-07-05T14:44:20.806+0000] {dag.py:3954} INFO - Setting next_dagrun for example_branch_operator to 2024-07-04 00:00:00+00:00, run_after=2024-07-05 00:00:00+00:00
[2024-07-05T14:44:20.815+0000] {processor.py:183} INFO - Processing /home/airflow/.local/lib/python3.12/site-packages/airflow/example_dags/example_branch_operator.py took 0.051 seconds
[2024-07-05T14:44:55.252+0000] {processor.py:161} INFO - Started process (PID=1946) to work on /home/airflow/.local/lib/python3.12/site-packages/airflow/example_dags/example_branch_operator.py
[2024-07-05T14:44:55.258+0000] {processor.py:830} INFO - Processing file /home/airflow/.local/lib/python3.12/site-packages/airflow/example_dags/example_branch_operator.py for tasks to queue
[2024-07-05T14:44:55.267+0000] {logging_mixin.py:188} INFO - [2024-07-05T14:44:55.265+0000] {dagbag.py:545} INFO - Filling up the DagBag from /home/airflow/.local/lib/python3.12/site-packages/airflow/example_dags/example_branch_operator.py
[2024-07-05T14:44:55.342+0000] {processor.py:840} INFO - DAG(s) 'example_branch_operator' retrieved from /home/airflow/.local/lib/python3.12/site-packages/airflow/example_dags/example_branch_operator.py
[2024-07-05T14:44:56.293+0000] {logging_mixin.py:188} INFO - [2024-07-05T14:44:56.291+0000] {dag.py:3096} INFO - Sync 1 DAGs
[2024-07-05T14:44:56.358+0000] {logging_mixin.py:188} INFO - [2024-07-05T14:44:56.357+0000] {dag.py:3954} INFO - Setting next_dagrun for example_branch_operator to 2024-07-04 00:00:00+00:00, run_after=2024-07-05 00:00:00+00:00
[2024-07-05T14:44:56.410+0000] {processor.py:183} INFO - Processing /home/airflow/.local/lib/python3.12/site-packages/airflow/example_dags/example_branch_operator.py took 1.182 seconds
