[2024-07-05T14:09:17.543+0000] {processor.py:161} INFO - Started process (PID=37) to work on /home/airflow/.local/lib/python3.12/site-packages/airflow/example_dags/example_sensors.py
[2024-07-05T14:09:17.544+0000] {processor.py:830} INFO - Processing file /home/airflow/.local/lib/python3.12/site-packages/airflow/example_dags/example_sensors.py for tasks to queue
[2024-07-05T14:09:17.545+0000] {logging_mixin.py:188} INFO - [2024-07-05T14:09:17.545+0000] {dagbag.py:545} INFO - Filling up the DagBag from /home/airflow/.local/lib/python3.12/site-packages/airflow/example_dags/example_sensors.py
[2024-07-05T14:09:17.552+0000] {processor.py:840} INFO - DAG(s) 'example_sensors' retrieved from /home/airflow/.local/lib/python3.12/site-packages/airflow/example_dags/example_sensors.py
[2024-07-05T14:09:17.560+0000] {logging_mixin.py:188} INFO - [2024-07-05T14:09:17.560+0000] {dag.py:3096} INFO - Sync 1 DAGs
[2024-07-05T14:09:17.575+0000] {logging_mixin.py:188} INFO - [2024-07-05T14:09:17.574+0000] {dag.py:3954} INFO - Setting next_dagrun for example_sensors to None, run_after=None
[2024-07-05T14:09:17.606+0000] {processor.py:183} INFO - Processing /home/airflow/.local/lib/python3.12/site-packages/airflow/example_dags/example_sensors.py took 0.065 seconds
[2024-07-05T14:09:48.393+0000] {processor.py:161} INFO - Started process (PID=95) to work on /home/airflow/.local/lib/python3.12/site-packages/airflow/example_dags/example_sensors.py
[2024-07-05T14:09:48.394+0000] {processor.py:830} INFO - Processing file /home/airflow/.local/lib/python3.12/site-packages/airflow/example_dags/example_sensors.py for tasks to queue
[2024-07-05T14:09:48.395+0000] {logging_mixin.py:188} INFO - [2024-07-05T14:09:48.395+0000] {dagbag.py:545} INFO - Filling up the DagBag from /home/airflow/.local/lib/python3.12/site-packages/airflow/example_dags/example_sensors.py
[2024-07-05T14:09:48.400+0000] {processor.py:840} INFO - DAG(s) 'example_sensors' retrieved from /home/airflow/.local/lib/python3.12/site-packages/airflow/example_dags/example_sensors.py
[2024-07-05T14:09:48.459+0000] {logging_mixin.py:188} INFO - [2024-07-05T14:09:48.458+0000] {dag.py:3096} INFO - Sync 1 DAGs
[2024-07-05T14:09:48.464+0000] {logging_mixin.py:188} INFO - [2024-07-05T14:09:48.464+0000] {dag.py:3954} INFO - Setting next_dagrun for example_sensors to None, run_after=None
[2024-07-05T14:09:48.472+0000] {processor.py:183} INFO - Processing /home/airflow/.local/lib/python3.12/site-packages/airflow/example_dags/example_sensors.py took 0.082 seconds
[2024-07-05T14:10:19.340+0000] {processor.py:161} INFO - Started process (PID=153) to work on /home/airflow/.local/lib/python3.12/site-packages/airflow/example_dags/example_sensors.py
[2024-07-05T14:10:19.341+0000] {processor.py:830} INFO - Processing file /home/airflow/.local/lib/python3.12/site-packages/airflow/example_dags/example_sensors.py for tasks to queue
[2024-07-05T14:10:19.342+0000] {logging_mixin.py:188} INFO - [2024-07-05T14:10:19.342+0000] {dagbag.py:545} INFO - Filling up the DagBag from /home/airflow/.local/lib/python3.12/site-packages/airflow/example_dags/example_sensors.py
[2024-07-05T14:10:19.347+0000] {processor.py:840} INFO - DAG(s) 'example_sensors' retrieved from /home/airflow/.local/lib/python3.12/site-packages/airflow/example_dags/example_sensors.py
[2024-07-05T14:10:19.363+0000] {logging_mixin.py:188} INFO - [2024-07-05T14:10:19.363+0000] {dag.py:3096} INFO - Sync 1 DAGs
[2024-07-05T14:10:19.370+0000] {logging_mixin.py:188} INFO - [2024-07-05T14:10:19.370+0000] {dag.py:3954} INFO - Setting next_dagrun for example_sensors to None, run_after=None
[2024-07-05T14:10:19.379+0000] {processor.py:183} INFO - Processing /home/airflow/.local/lib/python3.12/site-packages/airflow/example_dags/example_sensors.py took 0.043 seconds
[2024-07-05T14:10:49.749+0000] {processor.py:161} INFO - Started process (PID=211) to work on /home/airflow/.local/lib/python3.12/site-packages/airflow/example_dags/example_sensors.py
[2024-07-05T14:10:49.751+0000] {processor.py:830} INFO - Processing file /home/airflow/.local/lib/python3.12/site-packages/airflow/example_dags/example_sensors.py for tasks to queue
[2024-07-05T14:10:49.752+0000] {logging_mixin.py:188} INFO - [2024-07-05T14:10:49.752+0000] {dagbag.py:545} INFO - Filling up the DagBag from /home/airflow/.local/lib/python3.12/site-packages/airflow/example_dags/example_sensors.py
[2024-07-05T14:10:49.757+0000] {processor.py:840} INFO - DAG(s) 'example_sensors' retrieved from /home/airflow/.local/lib/python3.12/site-packages/airflow/example_dags/example_sensors.py
[2024-07-05T14:10:49.768+0000] {logging_mixin.py:188} INFO - [2024-07-05T14:10:49.768+0000] {dag.py:3096} INFO - Sync 1 DAGs
[2024-07-05T14:10:49.774+0000] {logging_mixin.py:188} INFO - [2024-07-05T14:10:49.773+0000] {dag.py:3954} INFO - Setting next_dagrun for example_sensors to None, run_after=None
[2024-07-05T14:10:49.781+0000] {processor.py:183} INFO - Processing /home/airflow/.local/lib/python3.12/site-packages/airflow/example_dags/example_sensors.py took 0.035 seconds
[2024-07-05T14:11:19.958+0000] {processor.py:161} INFO - Started process (PID=269) to work on /home/airflow/.local/lib/python3.12/site-packages/airflow/example_dags/example_sensors.py
[2024-07-05T14:11:19.959+0000] {processor.py:830} INFO - Processing file /home/airflow/.local/lib/python3.12/site-packages/airflow/example_dags/example_sensors.py for tasks to queue
[2024-07-05T14:11:19.960+0000] {logging_mixin.py:188} INFO - [2024-07-05T14:11:19.960+0000] {dagbag.py:545} INFO - Filling up the DagBag from /home/airflow/.local/lib/python3.12/site-packages/airflow/example_dags/example_sensors.py
[2024-07-05T14:11:19.965+0000] {processor.py:840} INFO - DAG(s) 'example_sensors' retrieved from /home/airflow/.local/lib/python3.12/site-packages/airflow/example_dags/example_sensors.py
[2024-07-05T14:11:19.977+0000] {logging_mixin.py:188} INFO - [2024-07-05T14:11:19.977+0000] {dag.py:3096} INFO - Sync 1 DAGs
[2024-07-05T14:11:19.983+0000] {logging_mixin.py:188} INFO - [2024-07-05T14:11:19.983+0000] {dag.py:3954} INFO - Setting next_dagrun for example_sensors to None, run_after=None
[2024-07-05T14:11:19.992+0000] {processor.py:183} INFO - Processing /home/airflow/.local/lib/python3.12/site-packages/airflow/example_dags/example_sensors.py took 0.036 seconds
[2024-07-05T14:11:50.981+0000] {processor.py:161} INFO - Started process (PID=327) to work on /home/airflow/.local/lib/python3.12/site-packages/airflow/example_dags/example_sensors.py
[2024-07-05T14:11:50.982+0000] {processor.py:830} INFO - Processing file /home/airflow/.local/lib/python3.12/site-packages/airflow/example_dags/example_sensors.py for tasks to queue
[2024-07-05T14:11:50.985+0000] {logging_mixin.py:188} INFO - [2024-07-05T14:11:50.985+0000] {dagbag.py:545} INFO - Filling up the DagBag from /home/airflow/.local/lib/python3.12/site-packages/airflow/example_dags/example_sensors.py
[2024-07-05T14:11:50.997+0000] {processor.py:840} INFO - DAG(s) 'example_sensors' retrieved from /home/airflow/.local/lib/python3.12/site-packages/airflow/example_dags/example_sensors.py
[2024-07-05T14:11:51.016+0000] {logging_mixin.py:188} INFO - [2024-07-05T14:11:51.016+0000] {dag.py:3096} INFO - Sync 1 DAGs
[2024-07-05T14:11:51.036+0000] {logging_mixin.py:188} INFO - [2024-07-05T14:11:51.036+0000] {dag.py:3954} INFO - Setting next_dagrun for example_sensors to None, run_after=None
[2024-07-05T14:11:51.048+0000] {processor.py:183} INFO - Processing /home/airflow/.local/lib/python3.12/site-packages/airflow/example_dags/example_sensors.py took 0.075 seconds
[2024-07-05T14:12:21.119+0000] {processor.py:161} INFO - Started process (PID=385) to work on /home/airflow/.local/lib/python3.12/site-packages/airflow/example_dags/example_sensors.py
[2024-07-05T14:12:21.120+0000] {processor.py:830} INFO - Processing file /home/airflow/.local/lib/python3.12/site-packages/airflow/example_dags/example_sensors.py for tasks to queue
[2024-07-05T14:12:21.121+0000] {logging_mixin.py:188} INFO - [2024-07-05T14:12:21.121+0000] {dagbag.py:545} INFO - Filling up the DagBag from /home/airflow/.local/lib/python3.12/site-packages/airflow/example_dags/example_sensors.py
[2024-07-05T14:12:21.126+0000] {processor.py:840} INFO - DAG(s) 'example_sensors' retrieved from /home/airflow/.local/lib/python3.12/site-packages/airflow/example_dags/example_sensors.py
[2024-07-05T14:12:21.140+0000] {logging_mixin.py:188} INFO - [2024-07-05T14:12:21.139+0000] {dag.py:3096} INFO - Sync 1 DAGs
[2024-07-05T14:12:21.148+0000] {logging_mixin.py:188} INFO - [2024-07-05T14:12:21.147+0000] {dag.py:3954} INFO - Setting next_dagrun for example_sensors to None, run_after=None
[2024-07-05T14:12:21.156+0000] {processor.py:183} INFO - Processing /home/airflow/.local/lib/python3.12/site-packages/airflow/example_dags/example_sensors.py took 0.039 seconds
[2024-07-05T14:12:52.127+0000] {processor.py:161} INFO - Started process (PID=443) to work on /home/airflow/.local/lib/python3.12/site-packages/airflow/example_dags/example_sensors.py
[2024-07-05T14:12:52.128+0000] {processor.py:830} INFO - Processing file /home/airflow/.local/lib/python3.12/site-packages/airflow/example_dags/example_sensors.py for tasks to queue
[2024-07-05T14:12:52.131+0000] {logging_mixin.py:188} INFO - [2024-07-05T14:12:52.131+0000] {dagbag.py:545} INFO - Filling up the DagBag from /home/airflow/.local/lib/python3.12/site-packages/airflow/example_dags/example_sensors.py
[2024-07-05T14:12:52.142+0000] {processor.py:840} INFO - DAG(s) 'example_sensors' retrieved from /home/airflow/.local/lib/python3.12/site-packages/airflow/example_dags/example_sensors.py
[2024-07-05T14:12:52.167+0000] {logging_mixin.py:188} INFO - [2024-07-05T14:12:52.167+0000] {dag.py:3096} INFO - Sync 1 DAGs
[2024-07-05T14:12:52.176+0000] {logging_mixin.py:188} INFO - [2024-07-05T14:12:52.176+0000] {dag.py:3954} INFO - Setting next_dagrun for example_sensors to None, run_after=None
[2024-07-05T14:12:52.187+0000] {processor.py:183} INFO - Processing /home/airflow/.local/lib/python3.12/site-packages/airflow/example_dags/example_sensors.py took 0.067 seconds
[2024-07-05T14:13:23.051+0000] {processor.py:161} INFO - Started process (PID=501) to work on /home/airflow/.local/lib/python3.12/site-packages/airflow/example_dags/example_sensors.py
[2024-07-05T14:13:23.052+0000] {processor.py:830} INFO - Processing file /home/airflow/.local/lib/python3.12/site-packages/airflow/example_dags/example_sensors.py for tasks to queue
[2024-07-05T14:13:23.054+0000] {logging_mixin.py:188} INFO - [2024-07-05T14:13:23.053+0000] {dagbag.py:545} INFO - Filling up the DagBag from /home/airflow/.local/lib/python3.12/site-packages/airflow/example_dags/example_sensors.py
[2024-07-05T14:13:23.060+0000] {processor.py:840} INFO - DAG(s) 'example_sensors' retrieved from /home/airflow/.local/lib/python3.12/site-packages/airflow/example_dags/example_sensors.py
[2024-07-05T14:13:23.077+0000] {logging_mixin.py:188} INFO - [2024-07-05T14:13:23.077+0000] {dag.py:3096} INFO - Sync 1 DAGs
[2024-07-05T14:13:23.087+0000] {logging_mixin.py:188} INFO - [2024-07-05T14:13:23.087+0000] {dag.py:3954} INFO - Setting next_dagrun for example_sensors to None, run_after=None
[2024-07-05T14:13:23.098+0000] {processor.py:183} INFO - Processing /home/airflow/.local/lib/python3.12/site-packages/airflow/example_dags/example_sensors.py took 0.052 seconds
[2024-07-05T14:13:53.246+0000] {processor.py:161} INFO - Started process (PID=559) to work on /home/airflow/.local/lib/python3.12/site-packages/airflow/example_dags/example_sensors.py
[2024-07-05T14:13:53.247+0000] {processor.py:830} INFO - Processing file /home/airflow/.local/lib/python3.12/site-packages/airflow/example_dags/example_sensors.py for tasks to queue
[2024-07-05T14:13:53.248+0000] {logging_mixin.py:188} INFO - [2024-07-05T14:13:53.248+0000] {dagbag.py:545} INFO - Filling up the DagBag from /home/airflow/.local/lib/python3.12/site-packages/airflow/example_dags/example_sensors.py
[2024-07-05T14:13:53.258+0000] {processor.py:840} INFO - DAG(s) 'example_sensors' retrieved from /home/airflow/.local/lib/python3.12/site-packages/airflow/example_dags/example_sensors.py
[2024-07-05T14:13:53.283+0000] {logging_mixin.py:188} INFO - [2024-07-05T14:13:53.283+0000] {dag.py:3096} INFO - Sync 1 DAGs
[2024-07-05T14:13:53.292+0000] {logging_mixin.py:188} INFO - [2024-07-05T14:13:53.292+0000] {dag.py:3954} INFO - Setting next_dagrun for example_sensors to None, run_after=None
[2024-07-05T14:13:53.306+0000] {processor.py:183} INFO - Processing /home/airflow/.local/lib/python3.12/site-packages/airflow/example_dags/example_sensors.py took 0.064 seconds
[2024-07-05T14:14:23.660+0000] {processor.py:161} INFO - Started process (PID=617) to work on /home/airflow/.local/lib/python3.12/site-packages/airflow/example_dags/example_sensors.py
[2024-07-05T14:14:23.661+0000] {processor.py:830} INFO - Processing file /home/airflow/.local/lib/python3.12/site-packages/airflow/example_dags/example_sensors.py for tasks to queue
[2024-07-05T14:14:23.662+0000] {logging_mixin.py:188} INFO - [2024-07-05T14:14:23.662+0000] {dagbag.py:545} INFO - Filling up the DagBag from /home/airflow/.local/lib/python3.12/site-packages/airflow/example_dags/example_sensors.py
[2024-07-05T14:14:23.667+0000] {processor.py:840} INFO - DAG(s) 'example_sensors' retrieved from /home/airflow/.local/lib/python3.12/site-packages/airflow/example_dags/example_sensors.py
[2024-07-05T14:14:23.681+0000] {logging_mixin.py:188} INFO - [2024-07-05T14:14:23.681+0000] {dag.py:3096} INFO - Sync 1 DAGs
[2024-07-05T14:14:23.687+0000] {logging_mixin.py:188} INFO - [2024-07-05T14:14:23.687+0000] {dag.py:3954} INFO - Setting next_dagrun for example_sensors to None, run_after=None
[2024-07-05T14:14:23.698+0000] {processor.py:183} INFO - Processing /home/airflow/.local/lib/python3.12/site-packages/airflow/example_dags/example_sensors.py took 0.043 seconds
[2024-07-05T14:14:54.115+0000] {processor.py:161} INFO - Started process (PID=675) to work on /home/airflow/.local/lib/python3.12/site-packages/airflow/example_dags/example_sensors.py
[2024-07-05T14:14:54.116+0000] {processor.py:830} INFO - Processing file /home/airflow/.local/lib/python3.12/site-packages/airflow/example_dags/example_sensors.py for tasks to queue
[2024-07-05T14:14:54.117+0000] {logging_mixin.py:188} INFO - [2024-07-05T14:14:54.117+0000] {dagbag.py:545} INFO - Filling up the DagBag from /home/airflow/.local/lib/python3.12/site-packages/airflow/example_dags/example_sensors.py
[2024-07-05T14:14:54.122+0000] {processor.py:840} INFO - DAG(s) 'example_sensors' retrieved from /home/airflow/.local/lib/python3.12/site-packages/airflow/example_dags/example_sensors.py
[2024-07-05T14:14:54.136+0000] {logging_mixin.py:188} INFO - [2024-07-05T14:14:54.136+0000] {dag.py:3096} INFO - Sync 1 DAGs
[2024-07-05T14:14:54.144+0000] {logging_mixin.py:188} INFO - [2024-07-05T14:14:54.144+0000] {dag.py:3954} INFO - Setting next_dagrun for example_sensors to None, run_after=None
[2024-07-05T14:14:54.153+0000] {processor.py:183} INFO - Processing /home/airflow/.local/lib/python3.12/site-packages/airflow/example_dags/example_sensors.py took 0.042 seconds
[2024-07-05T14:15:24.544+0000] {processor.py:161} INFO - Started process (PID=733) to work on /home/airflow/.local/lib/python3.12/site-packages/airflow/example_dags/example_sensors.py
[2024-07-05T14:15:24.545+0000] {processor.py:830} INFO - Processing file /home/airflow/.local/lib/python3.12/site-packages/airflow/example_dags/example_sensors.py for tasks to queue
[2024-07-05T14:15:24.546+0000] {logging_mixin.py:188} INFO - [2024-07-05T14:15:24.546+0000] {dagbag.py:545} INFO - Filling up the DagBag from /home/airflow/.local/lib/python3.12/site-packages/airflow/example_dags/example_sensors.py
[2024-07-05T14:15:24.551+0000] {processor.py:840} INFO - DAG(s) 'example_sensors' retrieved from /home/airflow/.local/lib/python3.12/site-packages/airflow/example_dags/example_sensors.py
[2024-07-05T14:15:24.563+0000] {logging_mixin.py:188} INFO - [2024-07-05T14:15:24.562+0000] {dag.py:3096} INFO - Sync 1 DAGs
[2024-07-05T14:15:24.568+0000] {logging_mixin.py:188} INFO - [2024-07-05T14:15:24.568+0000] {dag.py:3954} INFO - Setting next_dagrun for example_sensors to None, run_after=None
[2024-07-05T14:15:24.575+0000] {processor.py:183} INFO - Processing /home/airflow/.local/lib/python3.12/site-packages/airflow/example_dags/example_sensors.py took 0.034 seconds
[2024-07-05T14:15:54.924+0000] {processor.py:161} INFO - Started process (PID=791) to work on /home/airflow/.local/lib/python3.12/site-packages/airflow/example_dags/example_sensors.py
[2024-07-05T14:15:54.927+0000] {processor.py:830} INFO - Processing file /home/airflow/.local/lib/python3.12/site-packages/airflow/example_dags/example_sensors.py for tasks to queue
[2024-07-05T14:15:54.928+0000] {logging_mixin.py:188} INFO - [2024-07-05T14:15:54.928+0000] {dagbag.py:545} INFO - Filling up the DagBag from /home/airflow/.local/lib/python3.12/site-packages/airflow/example_dags/example_sensors.py
[2024-07-05T14:15:54.933+0000] {processor.py:840} INFO - DAG(s) 'example_sensors' retrieved from /home/airflow/.local/lib/python3.12/site-packages/airflow/example_dags/example_sensors.py
[2024-07-05T14:15:54.946+0000] {logging_mixin.py:188} INFO - [2024-07-05T14:15:54.945+0000] {dag.py:3096} INFO - Sync 1 DAGs
[2024-07-05T14:15:54.955+0000] {logging_mixin.py:188} INFO - [2024-07-05T14:15:54.954+0000] {dag.py:3954} INFO - Setting next_dagrun for example_sensors to None, run_after=None
[2024-07-05T14:15:54.964+0000] {processor.py:183} INFO - Processing /home/airflow/.local/lib/python3.12/site-packages/airflow/example_dags/example_sensors.py took 0.043 seconds
[2024-07-05T14:16:25.236+0000] {processor.py:161} INFO - Started process (PID=849) to work on /home/airflow/.local/lib/python3.12/site-packages/airflow/example_dags/example_sensors.py
[2024-07-05T14:16:25.236+0000] {processor.py:830} INFO - Processing file /home/airflow/.local/lib/python3.12/site-packages/airflow/example_dags/example_sensors.py for tasks to queue
[2024-07-05T14:16:25.237+0000] {logging_mixin.py:188} INFO - [2024-07-05T14:16:25.237+0000] {dagbag.py:545} INFO - Filling up the DagBag from /home/airflow/.local/lib/python3.12/site-packages/airflow/example_dags/example_sensors.py
[2024-07-05T14:16:25.242+0000] {processor.py:840} INFO - DAG(s) 'example_sensors' retrieved from /home/airflow/.local/lib/python3.12/site-packages/airflow/example_dags/example_sensors.py
[2024-07-05T14:16:25.254+0000] {logging_mixin.py:188} INFO - [2024-07-05T14:16:25.254+0000] {dag.py:3096} INFO - Sync 1 DAGs
[2024-07-05T14:16:25.259+0000] {logging_mixin.py:188} INFO - [2024-07-05T14:16:25.259+0000] {dag.py:3954} INFO - Setting next_dagrun for example_sensors to None, run_after=None
[2024-07-05T14:16:25.267+0000] {processor.py:183} INFO - Processing /home/airflow/.local/lib/python3.12/site-packages/airflow/example_dags/example_sensors.py took 0.034 seconds
[2024-07-05T14:16:55.687+0000] {processor.py:161} INFO - Started process (PID=907) to work on /home/airflow/.local/lib/python3.12/site-packages/airflow/example_dags/example_sensors.py
[2024-07-05T14:16:55.687+0000] {processor.py:830} INFO - Processing file /home/airflow/.local/lib/python3.12/site-packages/airflow/example_dags/example_sensors.py for tasks to queue
[2024-07-05T14:16:55.688+0000] {logging_mixin.py:188} INFO - [2024-07-05T14:16:55.688+0000] {dagbag.py:545} INFO - Filling up the DagBag from /home/airflow/.local/lib/python3.12/site-packages/airflow/example_dags/example_sensors.py
[2024-07-05T14:16:55.693+0000] {processor.py:840} INFO - DAG(s) 'example_sensors' retrieved from /home/airflow/.local/lib/python3.12/site-packages/airflow/example_dags/example_sensors.py
[2024-07-05T14:16:55.704+0000] {logging_mixin.py:188} INFO - [2024-07-05T14:16:55.704+0000] {dag.py:3096} INFO - Sync 1 DAGs
[2024-07-05T14:16:55.710+0000] {logging_mixin.py:188} INFO - [2024-07-05T14:16:55.710+0000] {dag.py:3954} INFO - Setting next_dagrun for example_sensors to None, run_after=None
[2024-07-05T14:16:55.718+0000] {processor.py:183} INFO - Processing /home/airflow/.local/lib/python3.12/site-packages/airflow/example_dags/example_sensors.py took 0.035 seconds
[2024-07-05T14:17:26.047+0000] {processor.py:161} INFO - Started process (PID=965) to work on /home/airflow/.local/lib/python3.12/site-packages/airflow/example_dags/example_sensors.py
[2024-07-05T14:17:26.048+0000] {processor.py:830} INFO - Processing file /home/airflow/.local/lib/python3.12/site-packages/airflow/example_dags/example_sensors.py for tasks to queue
[2024-07-05T14:17:26.049+0000] {logging_mixin.py:188} INFO - [2024-07-05T14:17:26.049+0000] {dagbag.py:545} INFO - Filling up the DagBag from /home/airflow/.local/lib/python3.12/site-packages/airflow/example_dags/example_sensors.py
[2024-07-05T14:17:26.055+0000] {processor.py:840} INFO - DAG(s) 'example_sensors' retrieved from /home/airflow/.local/lib/python3.12/site-packages/airflow/example_dags/example_sensors.py
[2024-07-05T14:17:26.072+0000] {logging_mixin.py:188} INFO - [2024-07-05T14:17:26.072+0000] {dag.py:3096} INFO - Sync 1 DAGs
[2024-07-05T14:17:26.078+0000] {logging_mixin.py:188} INFO - [2024-07-05T14:17:26.078+0000] {dag.py:3954} INFO - Setting next_dagrun for example_sensors to None, run_after=None
[2024-07-05T14:17:26.087+0000] {processor.py:183} INFO - Processing /home/airflow/.local/lib/python3.12/site-packages/airflow/example_dags/example_sensors.py took 0.043 seconds
[2024-07-05T14:17:56.489+0000] {processor.py:161} INFO - Started process (PID=1023) to work on /home/airflow/.local/lib/python3.12/site-packages/airflow/example_dags/example_sensors.py
[2024-07-05T14:17:56.490+0000] {processor.py:830} INFO - Processing file /home/airflow/.local/lib/python3.12/site-packages/airflow/example_dags/example_sensors.py for tasks to queue
[2024-07-05T14:17:56.491+0000] {logging_mixin.py:188} INFO - [2024-07-05T14:17:56.491+0000] {dagbag.py:545} INFO - Filling up the DagBag from /home/airflow/.local/lib/python3.12/site-packages/airflow/example_dags/example_sensors.py
[2024-07-05T14:17:56.495+0000] {processor.py:840} INFO - DAG(s) 'example_sensors' retrieved from /home/airflow/.local/lib/python3.12/site-packages/airflow/example_dags/example_sensors.py
[2024-07-05T14:17:56.507+0000] {logging_mixin.py:188} INFO - [2024-07-05T14:17:56.507+0000] {dag.py:3096} INFO - Sync 1 DAGs
[2024-07-05T14:17:56.513+0000] {logging_mixin.py:188} INFO - [2024-07-05T14:17:56.512+0000] {dag.py:3954} INFO - Setting next_dagrun for example_sensors to None, run_after=None
[2024-07-05T14:17:56.521+0000] {processor.py:183} INFO - Processing /home/airflow/.local/lib/python3.12/site-packages/airflow/example_dags/example_sensors.py took 0.035 seconds
[2024-07-05T14:18:27.147+0000] {processor.py:161} INFO - Started process (PID=1081) to work on /home/airflow/.local/lib/python3.12/site-packages/airflow/example_dags/example_sensors.py
[2024-07-05T14:18:27.148+0000] {processor.py:830} INFO - Processing file /home/airflow/.local/lib/python3.12/site-packages/airflow/example_dags/example_sensors.py for tasks to queue
[2024-07-05T14:18:27.149+0000] {logging_mixin.py:188} INFO - [2024-07-05T14:18:27.149+0000] {dagbag.py:545} INFO - Filling up the DagBag from /home/airflow/.local/lib/python3.12/site-packages/airflow/example_dags/example_sensors.py
[2024-07-05T14:18:27.154+0000] {processor.py:840} INFO - DAG(s) 'example_sensors' retrieved from /home/airflow/.local/lib/python3.12/site-packages/airflow/example_dags/example_sensors.py
[2024-07-05T14:18:27.167+0000] {logging_mixin.py:188} INFO - [2024-07-05T14:18:27.166+0000] {dag.py:3096} INFO - Sync 1 DAGs
[2024-07-05T14:18:27.174+0000] {logging_mixin.py:188} INFO - [2024-07-05T14:18:27.174+0000] {dag.py:3954} INFO - Setting next_dagrun for example_sensors to None, run_after=None
[2024-07-05T14:18:27.182+0000] {processor.py:183} INFO - Processing /home/airflow/.local/lib/python3.12/site-packages/airflow/example_dags/example_sensors.py took 0.038 seconds
[2024-07-05T14:18:57.596+0000] {processor.py:161} INFO - Started process (PID=1138) to work on /home/airflow/.local/lib/python3.12/site-packages/airflow/example_dags/example_sensors.py
[2024-07-05T14:18:57.597+0000] {processor.py:830} INFO - Processing file /home/airflow/.local/lib/python3.12/site-packages/airflow/example_dags/example_sensors.py for tasks to queue
[2024-07-05T14:18:57.600+0000] {logging_mixin.py:188} INFO - [2024-07-05T14:18:57.599+0000] {dagbag.py:545} INFO - Filling up the DagBag from /home/airflow/.local/lib/python3.12/site-packages/airflow/example_dags/example_sensors.py
[2024-07-05T14:18:57.625+0000] {processor.py:840} INFO - DAG(s) 'example_sensors' retrieved from /home/airflow/.local/lib/python3.12/site-packages/airflow/example_dags/example_sensors.py
[2024-07-05T14:18:57.640+0000] {logging_mixin.py:188} INFO - [2024-07-05T14:18:57.640+0000] {dag.py:3096} INFO - Sync 1 DAGs
[2024-07-05T14:18:57.645+0000] {logging_mixin.py:188} INFO - [2024-07-05T14:18:57.645+0000] {dag.py:3954} INFO - Setting next_dagrun for example_sensors to None, run_after=None
[2024-07-05T14:18:57.654+0000] {processor.py:183} INFO - Processing /home/airflow/.local/lib/python3.12/site-packages/airflow/example_dags/example_sensors.py took 0.061 seconds
[2024-07-05T14:19:27.857+0000] {processor.py:161} INFO - Started process (PID=1196) to work on /home/airflow/.local/lib/python3.12/site-packages/airflow/example_dags/example_sensors.py
[2024-07-05T14:19:27.858+0000] {processor.py:830} INFO - Processing file /home/airflow/.local/lib/python3.12/site-packages/airflow/example_dags/example_sensors.py for tasks to queue
[2024-07-05T14:19:27.859+0000] {logging_mixin.py:188} INFO - [2024-07-05T14:19:27.859+0000] {dagbag.py:545} INFO - Filling up the DagBag from /home/airflow/.local/lib/python3.12/site-packages/airflow/example_dags/example_sensors.py
[2024-07-05T14:19:27.864+0000] {processor.py:840} INFO - DAG(s) 'example_sensors' retrieved from /home/airflow/.local/lib/python3.12/site-packages/airflow/example_dags/example_sensors.py
[2024-07-05T14:19:27.876+0000] {logging_mixin.py:188} INFO - [2024-07-05T14:19:27.876+0000] {dag.py:3096} INFO - Sync 1 DAGs
[2024-07-05T14:19:27.881+0000] {logging_mixin.py:188} INFO - [2024-07-05T14:19:27.881+0000] {dag.py:3954} INFO - Setting next_dagrun for example_sensors to None, run_after=None
[2024-07-05T14:19:27.889+0000] {processor.py:183} INFO - Processing /home/airflow/.local/lib/python3.12/site-packages/airflow/example_dags/example_sensors.py took 0.035 seconds
[2024-07-05T14:19:58.172+0000] {processor.py:161} INFO - Started process (PID=1254) to work on /home/airflow/.local/lib/python3.12/site-packages/airflow/example_dags/example_sensors.py
[2024-07-05T14:19:58.172+0000] {processor.py:830} INFO - Processing file /home/airflow/.local/lib/python3.12/site-packages/airflow/example_dags/example_sensors.py for tasks to queue
[2024-07-05T14:19:58.173+0000] {logging_mixin.py:188} INFO - [2024-07-05T14:19:58.173+0000] {dagbag.py:545} INFO - Filling up the DagBag from /home/airflow/.local/lib/python3.12/site-packages/airflow/example_dags/example_sensors.py
[2024-07-05T14:19:58.178+0000] {processor.py:840} INFO - DAG(s) 'example_sensors' retrieved from /home/airflow/.local/lib/python3.12/site-packages/airflow/example_dags/example_sensors.py
[2024-07-05T14:19:58.184+0000] {logging_mixin.py:188} INFO - [2024-07-05T14:19:58.183+0000] {dag.py:3096} INFO - Sync 1 DAGs
[2024-07-05T14:19:58.190+0000] {logging_mixin.py:188} INFO - [2024-07-05T14:19:58.190+0000] {dag.py:3954} INFO - Setting next_dagrun for example_sensors to None, run_after=None
[2024-07-05T14:19:58.199+0000] {processor.py:183} INFO - Processing /home/airflow/.local/lib/python3.12/site-packages/airflow/example_dags/example_sensors.py took 0.031 seconds
[2024-07-05T14:20:28.865+0000] {processor.py:161} INFO - Started process (PID=1312) to work on /home/airflow/.local/lib/python3.12/site-packages/airflow/example_dags/example_sensors.py
[2024-07-05T14:20:28.866+0000] {processor.py:830} INFO - Processing file /home/airflow/.local/lib/python3.12/site-packages/airflow/example_dags/example_sensors.py for tasks to queue
[2024-07-05T14:20:28.867+0000] {logging_mixin.py:188} INFO - [2024-07-05T14:20:28.867+0000] {dagbag.py:545} INFO - Filling up the DagBag from /home/airflow/.local/lib/python3.12/site-packages/airflow/example_dags/example_sensors.py
[2024-07-05T14:20:28.872+0000] {processor.py:840} INFO - DAG(s) 'example_sensors' retrieved from /home/airflow/.local/lib/python3.12/site-packages/airflow/example_dags/example_sensors.py
[2024-07-05T14:20:28.920+0000] {logging_mixin.py:188} INFO - [2024-07-05T14:20:28.920+0000] {dag.py:3096} INFO - Sync 1 DAGs
[2024-07-05T14:20:28.925+0000] {logging_mixin.py:188} INFO - [2024-07-05T14:20:28.925+0000] {dag.py:3954} INFO - Setting next_dagrun for example_sensors to None, run_after=None
[2024-07-05T14:20:28.933+0000] {processor.py:183} INFO - Processing /home/airflow/.local/lib/python3.12/site-packages/airflow/example_dags/example_sensors.py took 0.071 seconds
[2024-07-05T14:20:59.433+0000] {processor.py:161} INFO - Started process (PID=1370) to work on /home/airflow/.local/lib/python3.12/site-packages/airflow/example_dags/example_sensors.py
[2024-07-05T14:20:59.434+0000] {processor.py:830} INFO - Processing file /home/airflow/.local/lib/python3.12/site-packages/airflow/example_dags/example_sensors.py for tasks to queue
[2024-07-05T14:20:59.435+0000] {logging_mixin.py:188} INFO - [2024-07-05T14:20:59.434+0000] {dagbag.py:545} INFO - Filling up the DagBag from /home/airflow/.local/lib/python3.12/site-packages/airflow/example_dags/example_sensors.py
[2024-07-05T14:20:59.441+0000] {processor.py:840} INFO - DAG(s) 'example_sensors' retrieved from /home/airflow/.local/lib/python3.12/site-packages/airflow/example_dags/example_sensors.py
[2024-07-05T14:20:59.463+0000] {logging_mixin.py:188} INFO - [2024-07-05T14:20:59.462+0000] {dag.py:3096} INFO - Sync 1 DAGs
[2024-07-05T14:20:59.468+0000] {logging_mixin.py:188} INFO - [2024-07-05T14:20:59.468+0000] {dag.py:3954} INFO - Setting next_dagrun for example_sensors to None, run_after=None
[2024-07-05T14:20:59.478+0000] {processor.py:183} INFO - Processing /home/airflow/.local/lib/python3.12/site-packages/airflow/example_dags/example_sensors.py took 0.048 seconds
[2024-07-05T14:21:29.820+0000] {processor.py:161} INFO - Started process (PID=1428) to work on /home/airflow/.local/lib/python3.12/site-packages/airflow/example_dags/example_sensors.py
[2024-07-05T14:21:29.821+0000] {processor.py:830} INFO - Processing file /home/airflow/.local/lib/python3.12/site-packages/airflow/example_dags/example_sensors.py for tasks to queue
[2024-07-05T14:21:29.822+0000] {logging_mixin.py:188} INFO - [2024-07-05T14:21:29.821+0000] {dagbag.py:545} INFO - Filling up the DagBag from /home/airflow/.local/lib/python3.12/site-packages/airflow/example_dags/example_sensors.py
[2024-07-05T14:21:29.826+0000] {processor.py:840} INFO - DAG(s) 'example_sensors' retrieved from /home/airflow/.local/lib/python3.12/site-packages/airflow/example_dags/example_sensors.py
[2024-07-05T14:21:29.838+0000] {logging_mixin.py:188} INFO - [2024-07-05T14:21:29.838+0000] {dag.py:3096} INFO - Sync 1 DAGs
[2024-07-05T14:21:29.843+0000] {logging_mixin.py:188} INFO - [2024-07-05T14:21:29.843+0000] {dag.py:3954} INFO - Setting next_dagrun for example_sensors to None, run_after=None
[2024-07-05T14:21:29.852+0000] {processor.py:183} INFO - Processing /home/airflow/.local/lib/python3.12/site-packages/airflow/example_dags/example_sensors.py took 0.035 seconds
[2024-07-05T14:22:00.320+0000] {processor.py:161} INFO - Started process (PID=1486) to work on /home/airflow/.local/lib/python3.12/site-packages/airflow/example_dags/example_sensors.py
[2024-07-05T14:22:00.322+0000] {processor.py:830} INFO - Processing file /home/airflow/.local/lib/python3.12/site-packages/airflow/example_dags/example_sensors.py for tasks to queue
[2024-07-05T14:22:00.324+0000] {logging_mixin.py:188} INFO - [2024-07-05T14:22:00.324+0000] {dagbag.py:545} INFO - Filling up the DagBag from /home/airflow/.local/lib/python3.12/site-packages/airflow/example_dags/example_sensors.py
[2024-07-05T14:22:00.330+0000] {processor.py:840} INFO - DAG(s) 'example_sensors' retrieved from /home/airflow/.local/lib/python3.12/site-packages/airflow/example_dags/example_sensors.py
[2024-07-05T14:22:00.350+0000] {logging_mixin.py:188} INFO - [2024-07-05T14:22:00.349+0000] {dag.py:3096} INFO - Sync 1 DAGs
[2024-07-05T14:22:00.358+0000] {logging_mixin.py:188} INFO - [2024-07-05T14:22:00.358+0000] {dag.py:3954} INFO - Setting next_dagrun for example_sensors to None, run_after=None
[2024-07-05T14:22:00.372+0000] {processor.py:183} INFO - Processing /home/airflow/.local/lib/python3.12/site-packages/airflow/example_dags/example_sensors.py took 0.055 seconds
[2024-07-05T14:22:30.816+0000] {processor.py:161} INFO - Started process (PID=1544) to work on /home/airflow/.local/lib/python3.12/site-packages/airflow/example_dags/example_sensors.py
[2024-07-05T14:22:30.817+0000] {processor.py:830} INFO - Processing file /home/airflow/.local/lib/python3.12/site-packages/airflow/example_dags/example_sensors.py for tasks to queue
[2024-07-05T14:22:30.819+0000] {logging_mixin.py:188} INFO - [2024-07-05T14:22:30.819+0000] {dagbag.py:545} INFO - Filling up the DagBag from /home/airflow/.local/lib/python3.12/site-packages/airflow/example_dags/example_sensors.py
[2024-07-05T14:22:30.824+0000] {processor.py:840} INFO - DAG(s) 'example_sensors' retrieved from /home/airflow/.local/lib/python3.12/site-packages/airflow/example_dags/example_sensors.py
[2024-07-05T14:22:30.871+0000] {logging_mixin.py:188} INFO - [2024-07-05T14:22:30.871+0000] {dag.py:3096} INFO - Sync 1 DAGs
[2024-07-05T14:22:30.880+0000] {logging_mixin.py:188} INFO - [2024-07-05T14:22:30.880+0000] {dag.py:3954} INFO - Setting next_dagrun for example_sensors to None, run_after=None
[2024-07-05T14:22:30.891+0000] {processor.py:183} INFO - Processing /home/airflow/.local/lib/python3.12/site-packages/airflow/example_dags/example_sensors.py took 0.080 seconds
[2024-07-05T14:23:01.242+0000] {processor.py:161} INFO - Started process (PID=1602) to work on /home/airflow/.local/lib/python3.12/site-packages/airflow/example_dags/example_sensors.py
[2024-07-05T14:23:01.242+0000] {processor.py:830} INFO - Processing file /home/airflow/.local/lib/python3.12/site-packages/airflow/example_dags/example_sensors.py for tasks to queue
[2024-07-05T14:23:01.243+0000] {logging_mixin.py:188} INFO - [2024-07-05T14:23:01.243+0000] {dagbag.py:545} INFO - Filling up the DagBag from /home/airflow/.local/lib/python3.12/site-packages/airflow/example_dags/example_sensors.py
[2024-07-05T14:23:01.247+0000] {processor.py:840} INFO - DAG(s) 'example_sensors' retrieved from /home/airflow/.local/lib/python3.12/site-packages/airflow/example_dags/example_sensors.py
[2024-07-05T14:23:01.259+0000] {logging_mixin.py:188} INFO - [2024-07-05T14:23:01.259+0000] {dag.py:3096} INFO - Sync 1 DAGs
[2024-07-05T14:23:01.264+0000] {logging_mixin.py:188} INFO - [2024-07-05T14:23:01.264+0000] {dag.py:3954} INFO - Setting next_dagrun for example_sensors to None, run_after=None
[2024-07-05T14:23:01.272+0000] {processor.py:183} INFO - Processing /home/airflow/.local/lib/python3.12/site-packages/airflow/example_dags/example_sensors.py took 0.033 seconds
[2024-07-05T14:23:31.916+0000] {processor.py:161} INFO - Started process (PID=1660) to work on /home/airflow/.local/lib/python3.12/site-packages/airflow/example_dags/example_sensors.py
[2024-07-05T14:23:31.916+0000] {processor.py:830} INFO - Processing file /home/airflow/.local/lib/python3.12/site-packages/airflow/example_dags/example_sensors.py for tasks to queue
[2024-07-05T14:23:31.918+0000] {logging_mixin.py:188} INFO - [2024-07-05T14:23:31.918+0000] {dagbag.py:545} INFO - Filling up the DagBag from /home/airflow/.local/lib/python3.12/site-packages/airflow/example_dags/example_sensors.py
[2024-07-05T14:23:31.922+0000] {processor.py:840} INFO - DAG(s) 'example_sensors' retrieved from /home/airflow/.local/lib/python3.12/site-packages/airflow/example_dags/example_sensors.py
[2024-07-05T14:23:31.941+0000] {logging_mixin.py:188} INFO - [2024-07-05T14:23:31.941+0000] {dag.py:3096} INFO - Sync 1 DAGs
[2024-07-05T14:23:31.947+0000] {logging_mixin.py:188} INFO - [2024-07-05T14:23:31.947+0000] {dag.py:3954} INFO - Setting next_dagrun for example_sensors to None, run_after=None
[2024-07-05T14:23:31.956+0000] {processor.py:183} INFO - Processing /home/airflow/.local/lib/python3.12/site-packages/airflow/example_dags/example_sensors.py took 0.043 seconds
[2024-07-05T14:24:02.236+0000] {processor.py:161} INFO - Started process (PID=1718) to work on /home/airflow/.local/lib/python3.12/site-packages/airflow/example_dags/example_sensors.py
[2024-07-05T14:24:02.237+0000] {processor.py:830} INFO - Processing file /home/airflow/.local/lib/python3.12/site-packages/airflow/example_dags/example_sensors.py for tasks to queue
[2024-07-05T14:24:02.238+0000] {logging_mixin.py:188} INFO - [2024-07-05T14:24:02.238+0000] {dagbag.py:545} INFO - Filling up the DagBag from /home/airflow/.local/lib/python3.12/site-packages/airflow/example_dags/example_sensors.py
[2024-07-05T14:24:02.245+0000] {processor.py:840} INFO - DAG(s) 'example_sensors' retrieved from /home/airflow/.local/lib/python3.12/site-packages/airflow/example_dags/example_sensors.py
[2024-07-05T14:24:02.261+0000] {logging_mixin.py:188} INFO - [2024-07-05T14:24:02.261+0000] {dag.py:3096} INFO - Sync 1 DAGs
[2024-07-05T14:24:02.269+0000] {logging_mixin.py:188} INFO - [2024-07-05T14:24:02.268+0000] {dag.py:3954} INFO - Setting next_dagrun for example_sensors to None, run_after=None
[2024-07-05T14:24:02.278+0000] {processor.py:183} INFO - Processing /home/airflow/.local/lib/python3.12/site-packages/airflow/example_dags/example_sensors.py took 0.046 seconds
[2024-07-05T14:24:32.449+0000] {processor.py:161} INFO - Started process (PID=1775) to work on /home/airflow/.local/lib/python3.12/site-packages/airflow/example_dags/example_sensors.py
[2024-07-05T14:24:32.450+0000] {processor.py:830} INFO - Processing file /home/airflow/.local/lib/python3.12/site-packages/airflow/example_dags/example_sensors.py for tasks to queue
[2024-07-05T14:24:32.451+0000] {logging_mixin.py:188} INFO - [2024-07-05T14:24:32.451+0000] {dagbag.py:545} INFO - Filling up the DagBag from /home/airflow/.local/lib/python3.12/site-packages/airflow/example_dags/example_sensors.py
[2024-07-05T14:24:32.456+0000] {processor.py:840} INFO - DAG(s) 'example_sensors' retrieved from /home/airflow/.local/lib/python3.12/site-packages/airflow/example_dags/example_sensors.py
[2024-07-05T14:24:32.468+0000] {logging_mixin.py:188} INFO - [2024-07-05T14:24:32.468+0000] {dag.py:3096} INFO - Sync 1 DAGs
[2024-07-05T14:24:32.473+0000] {logging_mixin.py:188} INFO - [2024-07-05T14:24:32.473+0000] {dag.py:3954} INFO - Setting next_dagrun for example_sensors to None, run_after=None
[2024-07-05T14:24:32.481+0000] {processor.py:183} INFO - Processing /home/airflow/.local/lib/python3.12/site-packages/airflow/example_dags/example_sensors.py took 0.035 seconds
[2024-07-05T14:25:02.665+0000] {processor.py:161} INFO - Started process (PID=1833) to work on /home/airflow/.local/lib/python3.12/site-packages/airflow/example_dags/example_sensors.py
[2024-07-05T14:25:02.666+0000] {processor.py:830} INFO - Processing file /home/airflow/.local/lib/python3.12/site-packages/airflow/example_dags/example_sensors.py for tasks to queue
[2024-07-05T14:25:02.667+0000] {logging_mixin.py:188} INFO - [2024-07-05T14:25:02.666+0000] {dagbag.py:545} INFO - Filling up the DagBag from /home/airflow/.local/lib/python3.12/site-packages/airflow/example_dags/example_sensors.py
[2024-07-05T14:25:02.671+0000] {processor.py:840} INFO - DAG(s) 'example_sensors' retrieved from /home/airflow/.local/lib/python3.12/site-packages/airflow/example_dags/example_sensors.py
[2024-07-05T14:25:02.683+0000] {logging_mixin.py:188} INFO - [2024-07-05T14:25:02.683+0000] {dag.py:3096} INFO - Sync 1 DAGs
[2024-07-05T14:25:02.689+0000] {logging_mixin.py:188} INFO - [2024-07-05T14:25:02.689+0000] {dag.py:3954} INFO - Setting next_dagrun for example_sensors to None, run_after=None
[2024-07-05T14:25:02.698+0000] {processor.py:183} INFO - Processing /home/airflow/.local/lib/python3.12/site-packages/airflow/example_dags/example_sensors.py took 0.036 seconds
[2024-07-05T14:25:33.107+0000] {processor.py:161} INFO - Started process (PID=1891) to work on /home/airflow/.local/lib/python3.12/site-packages/airflow/example_dags/example_sensors.py
[2024-07-05T14:25:33.108+0000] {processor.py:830} INFO - Processing file /home/airflow/.local/lib/python3.12/site-packages/airflow/example_dags/example_sensors.py for tasks to queue
[2024-07-05T14:25:33.109+0000] {logging_mixin.py:188} INFO - [2024-07-05T14:25:33.109+0000] {dagbag.py:545} INFO - Filling up the DagBag from /home/airflow/.local/lib/python3.12/site-packages/airflow/example_dags/example_sensors.py
[2024-07-05T14:25:33.115+0000] {processor.py:840} INFO - DAG(s) 'example_sensors' retrieved from /home/airflow/.local/lib/python3.12/site-packages/airflow/example_dags/example_sensors.py
[2024-07-05T14:25:33.128+0000] {logging_mixin.py:188} INFO - [2024-07-05T14:25:33.128+0000] {dag.py:3096} INFO - Sync 1 DAGs
[2024-07-05T14:25:33.136+0000] {logging_mixin.py:188} INFO - [2024-07-05T14:25:33.135+0000] {dag.py:3954} INFO - Setting next_dagrun for example_sensors to None, run_after=None
[2024-07-05T14:25:33.151+0000] {processor.py:183} INFO - Processing /home/airflow/.local/lib/python3.12/site-packages/airflow/example_dags/example_sensors.py took 0.047 seconds
[2024-07-05T14:26:03.887+0000] {processor.py:161} INFO - Started process (PID=1949) to work on /home/airflow/.local/lib/python3.12/site-packages/airflow/example_dags/example_sensors.py
[2024-07-05T14:26:03.888+0000] {processor.py:830} INFO - Processing file /home/airflow/.local/lib/python3.12/site-packages/airflow/example_dags/example_sensors.py for tasks to queue
[2024-07-05T14:26:03.889+0000] {logging_mixin.py:188} INFO - [2024-07-05T14:26:03.889+0000] {dagbag.py:545} INFO - Filling up the DagBag from /home/airflow/.local/lib/python3.12/site-packages/airflow/example_dags/example_sensors.py
[2024-07-05T14:26:03.894+0000] {processor.py:840} INFO - DAG(s) 'example_sensors' retrieved from /home/airflow/.local/lib/python3.12/site-packages/airflow/example_dags/example_sensors.py
[2024-07-05T14:26:03.908+0000] {logging_mixin.py:188} INFO - [2024-07-05T14:26:03.908+0000] {dag.py:3096} INFO - Sync 1 DAGs
[2024-07-05T14:26:03.914+0000] {logging_mixin.py:188} INFO - [2024-07-05T14:26:03.914+0000] {dag.py:3954} INFO - Setting next_dagrun for example_sensors to None, run_after=None
[2024-07-05T14:26:03.924+0000] {processor.py:183} INFO - Processing /home/airflow/.local/lib/python3.12/site-packages/airflow/example_dags/example_sensors.py took 0.041 seconds
[2024-07-05T14:28:03.771+0000] {processor.py:161} INFO - Started process (PID=36) to work on /home/airflow/.local/lib/python3.12/site-packages/airflow/example_dags/example_sensors.py
[2024-07-05T14:28:03.773+0000] {processor.py:830} INFO - Processing file /home/airflow/.local/lib/python3.12/site-packages/airflow/example_dags/example_sensors.py for tasks to queue
[2024-07-05T14:28:03.774+0000] {logging_mixin.py:188} INFO - [2024-07-05T14:28:03.774+0000] {dagbag.py:545} INFO - Filling up the DagBag from /home/airflow/.local/lib/python3.12/site-packages/airflow/example_dags/example_sensors.py
[2024-07-05T14:28:03.781+0000] {processor.py:840} INFO - DAG(s) 'example_sensors' retrieved from /home/airflow/.local/lib/python3.12/site-packages/airflow/example_dags/example_sensors.py
[2024-07-05T14:28:03.805+0000] {logging_mixin.py:188} INFO - [2024-07-05T14:28:03.804+0000] {dag.py:3096} INFO - Sync 1 DAGs
[2024-07-05T14:28:03.815+0000] {logging_mixin.py:188} INFO - [2024-07-05T14:28:03.815+0000] {dag.py:3954} INFO - Setting next_dagrun for example_sensors to None, run_after=None
[2024-07-05T14:28:03.836+0000] {processor.py:183} INFO - Processing /home/airflow/.local/lib/python3.12/site-packages/airflow/example_dags/example_sensors.py took 0.068 seconds
[2024-07-05T14:28:33.862+0000] {processor.py:161} INFO - Started process (PID=94) to work on /home/airflow/.local/lib/python3.12/site-packages/airflow/example_dags/example_sensors.py
[2024-07-05T14:28:33.863+0000] {processor.py:830} INFO - Processing file /home/airflow/.local/lib/python3.12/site-packages/airflow/example_dags/example_sensors.py for tasks to queue
[2024-07-05T14:28:33.863+0000] {logging_mixin.py:188} INFO - [2024-07-05T14:28:33.863+0000] {dagbag.py:545} INFO - Filling up the DagBag from /home/airflow/.local/lib/python3.12/site-packages/airflow/example_dags/example_sensors.py
[2024-07-05T14:28:33.867+0000] {processor.py:840} INFO - DAG(s) 'example_sensors' retrieved from /home/airflow/.local/lib/python3.12/site-packages/airflow/example_dags/example_sensors.py
[2024-07-05T14:28:33.874+0000] {logging_mixin.py:188} INFO - [2024-07-05T14:28:33.874+0000] {dag.py:3096} INFO - Sync 1 DAGs
[2024-07-05T14:28:33.881+0000] {logging_mixin.py:188} INFO - [2024-07-05T14:28:33.880+0000] {dag.py:3954} INFO - Setting next_dagrun for example_sensors to None, run_after=None
[2024-07-05T14:28:33.889+0000] {processor.py:183} INFO - Processing /home/airflow/.local/lib/python3.12/site-packages/airflow/example_dags/example_sensors.py took 0.030 seconds
[2024-07-05T14:29:04.673+0000] {processor.py:161} INFO - Started process (PID=152) to work on /home/airflow/.local/lib/python3.12/site-packages/airflow/example_dags/example_sensors.py
[2024-07-05T14:29:04.673+0000] {processor.py:830} INFO - Processing file /home/airflow/.local/lib/python3.12/site-packages/airflow/example_dags/example_sensors.py for tasks to queue
[2024-07-05T14:29:04.674+0000] {logging_mixin.py:188} INFO - [2024-07-05T14:29:04.674+0000] {dagbag.py:545} INFO - Filling up the DagBag from /home/airflow/.local/lib/python3.12/site-packages/airflow/example_dags/example_sensors.py
[2024-07-05T14:29:04.679+0000] {processor.py:840} INFO - DAG(s) 'example_sensors' retrieved from /home/airflow/.local/lib/python3.12/site-packages/airflow/example_dags/example_sensors.py
[2024-07-05T14:29:04.721+0000] {logging_mixin.py:188} INFO - [2024-07-05T14:29:04.721+0000] {dag.py:3096} INFO - Sync 1 DAGs
[2024-07-05T14:29:04.726+0000] {logging_mixin.py:188} INFO - [2024-07-05T14:29:04.726+0000] {dag.py:3954} INFO - Setting next_dagrun for example_sensors to None, run_after=None
[2024-07-05T14:29:04.733+0000] {processor.py:183} INFO - Processing /home/airflow/.local/lib/python3.12/site-packages/airflow/example_dags/example_sensors.py took 0.063 seconds
[2024-07-05T14:29:34.970+0000] {processor.py:161} INFO - Started process (PID=210) to work on /home/airflow/.local/lib/python3.12/site-packages/airflow/example_dags/example_sensors.py
[2024-07-05T14:29:34.971+0000] {processor.py:830} INFO - Processing file /home/airflow/.local/lib/python3.12/site-packages/airflow/example_dags/example_sensors.py for tasks to queue
[2024-07-05T14:29:34.972+0000] {logging_mixin.py:188} INFO - [2024-07-05T14:29:34.972+0000] {dagbag.py:545} INFO - Filling up the DagBag from /home/airflow/.local/lib/python3.12/site-packages/airflow/example_dags/example_sensors.py
[2024-07-05T14:29:34.977+0000] {processor.py:840} INFO - DAG(s) 'example_sensors' retrieved from /home/airflow/.local/lib/python3.12/site-packages/airflow/example_dags/example_sensors.py
[2024-07-05T14:29:34.988+0000] {logging_mixin.py:188} INFO - [2024-07-05T14:29:34.987+0000] {dag.py:3096} INFO - Sync 1 DAGs
[2024-07-05T14:29:34.993+0000] {logging_mixin.py:188} INFO - [2024-07-05T14:29:34.993+0000] {dag.py:3954} INFO - Setting next_dagrun for example_sensors to None, run_after=None
[2024-07-05T14:29:35.001+0000] {processor.py:183} INFO - Processing /home/airflow/.local/lib/python3.12/site-packages/airflow/example_dags/example_sensors.py took 0.033 seconds
[2024-07-05T14:30:05.148+0000] {processor.py:161} INFO - Started process (PID=268) to work on /home/airflow/.local/lib/python3.12/site-packages/airflow/example_dags/example_sensors.py
[2024-07-05T14:30:05.149+0000] {processor.py:830} INFO - Processing file /home/airflow/.local/lib/python3.12/site-packages/airflow/example_dags/example_sensors.py for tasks to queue
[2024-07-05T14:30:05.150+0000] {logging_mixin.py:188} INFO - [2024-07-05T14:30:05.150+0000] {dagbag.py:545} INFO - Filling up the DagBag from /home/airflow/.local/lib/python3.12/site-packages/airflow/example_dags/example_sensors.py
[2024-07-05T14:30:05.154+0000] {processor.py:840} INFO - DAG(s) 'example_sensors' retrieved from /home/airflow/.local/lib/python3.12/site-packages/airflow/example_dags/example_sensors.py
[2024-07-05T14:30:05.165+0000] {logging_mixin.py:188} INFO - [2024-07-05T14:30:05.165+0000] {dag.py:3096} INFO - Sync 1 DAGs
[2024-07-05T14:30:05.170+0000] {logging_mixin.py:188} INFO - [2024-07-05T14:30:05.170+0000] {dag.py:3954} INFO - Setting next_dagrun for example_sensors to None, run_after=None
[2024-07-05T14:30:05.178+0000] {processor.py:183} INFO - Processing /home/airflow/.local/lib/python3.12/site-packages/airflow/example_dags/example_sensors.py took 0.033 seconds
[2024-07-05T14:30:35.711+0000] {processor.py:161} INFO - Started process (PID=326) to work on /home/airflow/.local/lib/python3.12/site-packages/airflow/example_dags/example_sensors.py
[2024-07-05T14:30:35.711+0000] {processor.py:830} INFO - Processing file /home/airflow/.local/lib/python3.12/site-packages/airflow/example_dags/example_sensors.py for tasks to queue
[2024-07-05T14:30:35.712+0000] {logging_mixin.py:188} INFO - [2024-07-05T14:30:35.712+0000] {dagbag.py:545} INFO - Filling up the DagBag from /home/airflow/.local/lib/python3.12/site-packages/airflow/example_dags/example_sensors.py
[2024-07-05T14:30:35.717+0000] {processor.py:840} INFO - DAG(s) 'example_sensors' retrieved from /home/airflow/.local/lib/python3.12/site-packages/airflow/example_dags/example_sensors.py
[2024-07-05T14:30:35.727+0000] {logging_mixin.py:188} INFO - [2024-07-05T14:30:35.727+0000] {dag.py:3096} INFO - Sync 1 DAGs
[2024-07-05T14:30:35.733+0000] {logging_mixin.py:188} INFO - [2024-07-05T14:30:35.733+0000] {dag.py:3954} INFO - Setting next_dagrun for example_sensors to None, run_after=None
[2024-07-05T14:30:35.740+0000] {processor.py:183} INFO - Processing /home/airflow/.local/lib/python3.12/site-packages/airflow/example_dags/example_sensors.py took 0.032 seconds
[2024-07-05T14:31:06.356+0000] {processor.py:161} INFO - Started process (PID=384) to work on /home/airflow/.local/lib/python3.12/site-packages/airflow/example_dags/example_sensors.py
[2024-07-05T14:31:06.357+0000] {processor.py:830} INFO - Processing file /home/airflow/.local/lib/python3.12/site-packages/airflow/example_dags/example_sensors.py for tasks to queue
[2024-07-05T14:31:06.357+0000] {logging_mixin.py:188} INFO - [2024-07-05T14:31:06.357+0000] {dagbag.py:545} INFO - Filling up the DagBag from /home/airflow/.local/lib/python3.12/site-packages/airflow/example_dags/example_sensors.py
[2024-07-05T14:31:06.361+0000] {processor.py:840} INFO - DAG(s) 'example_sensors' retrieved from /home/airflow/.local/lib/python3.12/site-packages/airflow/example_dags/example_sensors.py
[2024-07-05T14:31:06.372+0000] {logging_mixin.py:188} INFO - [2024-07-05T14:31:06.372+0000] {dag.py:3096} INFO - Sync 1 DAGs
[2024-07-05T14:31:06.377+0000] {logging_mixin.py:188} INFO - [2024-07-05T14:31:06.377+0000] {dag.py:3954} INFO - Setting next_dagrun for example_sensors to None, run_after=None
[2024-07-05T14:31:06.384+0000] {processor.py:183} INFO - Processing /home/airflow/.local/lib/python3.12/site-packages/airflow/example_dags/example_sensors.py took 0.031 seconds
[2024-07-05T14:31:36.914+0000] {processor.py:161} INFO - Started process (PID=442) to work on /home/airflow/.local/lib/python3.12/site-packages/airflow/example_dags/example_sensors.py
[2024-07-05T14:31:36.915+0000] {processor.py:830} INFO - Processing file /home/airflow/.local/lib/python3.12/site-packages/airflow/example_dags/example_sensors.py for tasks to queue
[2024-07-05T14:31:36.916+0000] {logging_mixin.py:188} INFO - [2024-07-05T14:31:36.916+0000] {dagbag.py:545} INFO - Filling up the DagBag from /home/airflow/.local/lib/python3.12/site-packages/airflow/example_dags/example_sensors.py
[2024-07-05T14:31:36.920+0000] {processor.py:840} INFO - DAG(s) 'example_sensors' retrieved from /home/airflow/.local/lib/python3.12/site-packages/airflow/example_dags/example_sensors.py
[2024-07-05T14:31:36.930+0000] {logging_mixin.py:188} INFO - [2024-07-05T14:31:36.930+0000] {dag.py:3096} INFO - Sync 1 DAGs
[2024-07-05T14:31:36.936+0000] {logging_mixin.py:188} INFO - [2024-07-05T14:31:36.936+0000] {dag.py:3954} INFO - Setting next_dagrun for example_sensors to None, run_after=None
[2024-07-05T14:31:36.943+0000] {processor.py:183} INFO - Processing /home/airflow/.local/lib/python3.12/site-packages/airflow/example_dags/example_sensors.py took 0.032 seconds
[2024-07-05T14:32:07.602+0000] {processor.py:161} INFO - Started process (PID=500) to work on /home/airflow/.local/lib/python3.12/site-packages/airflow/example_dags/example_sensors.py
[2024-07-05T14:32:07.605+0000] {processor.py:830} INFO - Processing file /home/airflow/.local/lib/python3.12/site-packages/airflow/example_dags/example_sensors.py for tasks to queue
[2024-07-05T14:32:07.606+0000] {logging_mixin.py:188} INFO - [2024-07-05T14:32:07.606+0000] {dagbag.py:545} INFO - Filling up the DagBag from /home/airflow/.local/lib/python3.12/site-packages/airflow/example_dags/example_sensors.py
[2024-07-05T14:32:07.610+0000] {processor.py:840} INFO - DAG(s) 'example_sensors' retrieved from /home/airflow/.local/lib/python3.12/site-packages/airflow/example_dags/example_sensors.py
[2024-07-05T14:32:07.621+0000] {logging_mixin.py:188} INFO - [2024-07-05T14:32:07.621+0000] {dag.py:3096} INFO - Sync 1 DAGs
[2024-07-05T14:32:07.626+0000] {logging_mixin.py:188} INFO - [2024-07-05T14:32:07.626+0000] {dag.py:3954} INFO - Setting next_dagrun for example_sensors to None, run_after=None
[2024-07-05T14:32:07.634+0000] {processor.py:183} INFO - Processing /home/airflow/.local/lib/python3.12/site-packages/airflow/example_dags/example_sensors.py took 0.034 seconds
[2024-07-05T14:32:38.505+0000] {processor.py:161} INFO - Started process (PID=558) to work on /home/airflow/.local/lib/python3.12/site-packages/airflow/example_dags/example_sensors.py
[2024-07-05T14:32:38.506+0000] {processor.py:830} INFO - Processing file /home/airflow/.local/lib/python3.12/site-packages/airflow/example_dags/example_sensors.py for tasks to queue
[2024-07-05T14:32:38.507+0000] {logging_mixin.py:188} INFO - [2024-07-05T14:32:38.507+0000] {dagbag.py:545} INFO - Filling up the DagBag from /home/airflow/.local/lib/python3.12/site-packages/airflow/example_dags/example_sensors.py
[2024-07-05T14:32:38.513+0000] {processor.py:840} INFO - DAG(s) 'example_sensors' retrieved from /home/airflow/.local/lib/python3.12/site-packages/airflow/example_dags/example_sensors.py
[2024-07-05T14:32:38.530+0000] {logging_mixin.py:188} INFO - [2024-07-05T14:32:38.530+0000] {dag.py:3096} INFO - Sync 1 DAGs
[2024-07-05T14:32:38.538+0000] {logging_mixin.py:188} INFO - [2024-07-05T14:32:38.538+0000] {dag.py:3954} INFO - Setting next_dagrun for example_sensors to None, run_after=None
[2024-07-05T14:32:38.551+0000] {processor.py:183} INFO - Processing /home/airflow/.local/lib/python3.12/site-packages/airflow/example_dags/example_sensors.py took 0.051 seconds
[2024-07-05T14:33:08.589+0000] {processor.py:161} INFO - Started process (PID=616) to work on /home/airflow/.local/lib/python3.12/site-packages/airflow/example_dags/example_sensors.py
[2024-07-05T14:33:08.590+0000] {processor.py:830} INFO - Processing file /home/airflow/.local/lib/python3.12/site-packages/airflow/example_dags/example_sensors.py for tasks to queue
[2024-07-05T14:33:08.591+0000] {logging_mixin.py:188} INFO - [2024-07-05T14:33:08.591+0000] {dagbag.py:545} INFO - Filling up the DagBag from /home/airflow/.local/lib/python3.12/site-packages/airflow/example_dags/example_sensors.py
[2024-07-05T14:33:08.595+0000] {processor.py:840} INFO - DAG(s) 'example_sensors' retrieved from /home/airflow/.local/lib/python3.12/site-packages/airflow/example_dags/example_sensors.py
[2024-07-05T14:33:08.608+0000] {logging_mixin.py:188} INFO - [2024-07-05T14:33:08.607+0000] {dag.py:3096} INFO - Sync 1 DAGs
[2024-07-05T14:33:08.613+0000] {logging_mixin.py:188} INFO - [2024-07-05T14:33:08.613+0000] {dag.py:3954} INFO - Setting next_dagrun for example_sensors to None, run_after=None
[2024-07-05T14:33:08.622+0000] {processor.py:183} INFO - Processing /home/airflow/.local/lib/python3.12/site-packages/airflow/example_dags/example_sensors.py took 0.036 seconds
[2024-07-05T14:33:38.909+0000] {processor.py:161} INFO - Started process (PID=674) to work on /home/airflow/.local/lib/python3.12/site-packages/airflow/example_dags/example_sensors.py
[2024-07-05T14:33:38.910+0000] {processor.py:830} INFO - Processing file /home/airflow/.local/lib/python3.12/site-packages/airflow/example_dags/example_sensors.py for tasks to queue
[2024-07-05T14:33:38.911+0000] {logging_mixin.py:188} INFO - [2024-07-05T14:33:38.911+0000] {dagbag.py:545} INFO - Filling up the DagBag from /home/airflow/.local/lib/python3.12/site-packages/airflow/example_dags/example_sensors.py
[2024-07-05T14:33:38.915+0000] {processor.py:840} INFO - DAG(s) 'example_sensors' retrieved from /home/airflow/.local/lib/python3.12/site-packages/airflow/example_dags/example_sensors.py
[2024-07-05T14:33:38.926+0000] {logging_mixin.py:188} INFO - [2024-07-05T14:33:38.926+0000] {dag.py:3096} INFO - Sync 1 DAGs
[2024-07-05T14:33:38.931+0000] {logging_mixin.py:188} INFO - [2024-07-05T14:33:38.931+0000] {dag.py:3954} INFO - Setting next_dagrun for example_sensors to None, run_after=None
[2024-07-05T14:33:38.938+0000] {processor.py:183} INFO - Processing /home/airflow/.local/lib/python3.12/site-packages/airflow/example_dags/example_sensors.py took 0.032 seconds
[2024-07-05T14:34:09.543+0000] {processor.py:161} INFO - Started process (PID=732) to work on /home/airflow/.local/lib/python3.12/site-packages/airflow/example_dags/example_sensors.py
[2024-07-05T14:34:09.544+0000] {processor.py:830} INFO - Processing file /home/airflow/.local/lib/python3.12/site-packages/airflow/example_dags/example_sensors.py for tasks to queue
[2024-07-05T14:34:09.545+0000] {logging_mixin.py:188} INFO - [2024-07-05T14:34:09.545+0000] {dagbag.py:545} INFO - Filling up the DagBag from /home/airflow/.local/lib/python3.12/site-packages/airflow/example_dags/example_sensors.py
[2024-07-05T14:34:09.550+0000] {processor.py:840} INFO - DAG(s) 'example_sensors' retrieved from /home/airflow/.local/lib/python3.12/site-packages/airflow/example_dags/example_sensors.py
[2024-07-05T14:34:09.561+0000] {logging_mixin.py:188} INFO - [2024-07-05T14:34:09.561+0000] {dag.py:3096} INFO - Sync 1 DAGs
[2024-07-05T14:34:09.567+0000] {logging_mixin.py:188} INFO - [2024-07-05T14:34:09.567+0000] {dag.py:3954} INFO - Setting next_dagrun for example_sensors to None, run_after=None
[2024-07-05T14:34:09.576+0000] {processor.py:183} INFO - Processing /home/airflow/.local/lib/python3.12/site-packages/airflow/example_dags/example_sensors.py took 0.036 seconds
[2024-07-05T14:34:40.238+0000] {processor.py:161} INFO - Started process (PID=790) to work on /home/airflow/.local/lib/python3.12/site-packages/airflow/example_dags/example_sensors.py
[2024-07-05T14:34:40.239+0000] {processor.py:830} INFO - Processing file /home/airflow/.local/lib/python3.12/site-packages/airflow/example_dags/example_sensors.py for tasks to queue
[2024-07-05T14:34:40.240+0000] {logging_mixin.py:188} INFO - [2024-07-05T14:34:40.239+0000] {dagbag.py:545} INFO - Filling up the DagBag from /home/airflow/.local/lib/python3.12/site-packages/airflow/example_dags/example_sensors.py
[2024-07-05T14:34:40.244+0000] {processor.py:840} INFO - DAG(s) 'example_sensors' retrieved from /home/airflow/.local/lib/python3.12/site-packages/airflow/example_dags/example_sensors.py
[2024-07-05T14:34:40.254+0000] {logging_mixin.py:188} INFO - [2024-07-05T14:34:40.254+0000] {dag.py:3096} INFO - Sync 1 DAGs
[2024-07-05T14:34:40.260+0000] {logging_mixin.py:188} INFO - [2024-07-05T14:34:40.259+0000] {dag.py:3954} INFO - Setting next_dagrun for example_sensors to None, run_after=None
[2024-07-05T14:34:40.267+0000] {processor.py:183} INFO - Processing /home/airflow/.local/lib/python3.12/site-packages/airflow/example_dags/example_sensors.py took 0.032 seconds
[2024-07-05T14:35:10.438+0000] {processor.py:161} INFO - Started process (PID=848) to work on /home/airflow/.local/lib/python3.12/site-packages/airflow/example_dags/example_sensors.py
[2024-07-05T14:35:10.439+0000] {processor.py:830} INFO - Processing file /home/airflow/.local/lib/python3.12/site-packages/airflow/example_dags/example_sensors.py for tasks to queue
[2024-07-05T14:35:10.440+0000] {logging_mixin.py:188} INFO - [2024-07-05T14:35:10.439+0000] {dagbag.py:545} INFO - Filling up the DagBag from /home/airflow/.local/lib/python3.12/site-packages/airflow/example_dags/example_sensors.py
[2024-07-05T14:35:10.444+0000] {processor.py:840} INFO - DAG(s) 'example_sensors' retrieved from /home/airflow/.local/lib/python3.12/site-packages/airflow/example_dags/example_sensors.py
[2024-07-05T14:35:10.455+0000] {logging_mixin.py:188} INFO - [2024-07-05T14:35:10.455+0000] {dag.py:3096} INFO - Sync 1 DAGs
[2024-07-05T14:35:10.461+0000] {logging_mixin.py:188} INFO - [2024-07-05T14:35:10.461+0000] {dag.py:3954} INFO - Setting next_dagrun for example_sensors to None, run_after=None
[2024-07-05T14:35:10.468+0000] {processor.py:183} INFO - Processing /home/airflow/.local/lib/python3.12/site-packages/airflow/example_dags/example_sensors.py took 0.032 seconds
[2024-07-05T14:35:41.604+0000] {processor.py:161} INFO - Started process (PID=906) to work on /home/airflow/.local/lib/python3.12/site-packages/airflow/example_dags/example_sensors.py
[2024-07-05T14:35:41.605+0000] {processor.py:830} INFO - Processing file /home/airflow/.local/lib/python3.12/site-packages/airflow/example_dags/example_sensors.py for tasks to queue
[2024-07-05T14:35:41.606+0000] {logging_mixin.py:188} INFO - [2024-07-05T14:35:41.606+0000] {dagbag.py:545} INFO - Filling up the DagBag from /home/airflow/.local/lib/python3.12/site-packages/airflow/example_dags/example_sensors.py
[2024-07-05T14:35:41.611+0000] {processor.py:840} INFO - DAG(s) 'example_sensors' retrieved from /home/airflow/.local/lib/python3.12/site-packages/airflow/example_dags/example_sensors.py
[2024-07-05T14:35:41.622+0000] {logging_mixin.py:188} INFO - [2024-07-05T14:35:41.622+0000] {dag.py:3096} INFO - Sync 1 DAGs
[2024-07-05T14:35:41.627+0000] {logging_mixin.py:188} INFO - [2024-07-05T14:35:41.627+0000] {dag.py:3954} INFO - Setting next_dagrun for example_sensors to None, run_after=None
[2024-07-05T14:35:41.635+0000] {processor.py:183} INFO - Processing /home/airflow/.local/lib/python3.12/site-packages/airflow/example_dags/example_sensors.py took 0.033 seconds
[2024-07-05T14:36:11.674+0000] {processor.py:161} INFO - Started process (PID=964) to work on /home/airflow/.local/lib/python3.12/site-packages/airflow/example_dags/example_sensors.py
[2024-07-05T14:36:11.675+0000] {processor.py:830} INFO - Processing file /home/airflow/.local/lib/python3.12/site-packages/airflow/example_dags/example_sensors.py for tasks to queue
[2024-07-05T14:36:11.676+0000] {logging_mixin.py:188} INFO - [2024-07-05T14:36:11.676+0000] {dagbag.py:545} INFO - Filling up the DagBag from /home/airflow/.local/lib/python3.12/site-packages/airflow/example_dags/example_sensors.py
[2024-07-05T14:36:11.680+0000] {processor.py:840} INFO - DAG(s) 'example_sensors' retrieved from /home/airflow/.local/lib/python3.12/site-packages/airflow/example_dags/example_sensors.py
[2024-07-05T14:36:11.691+0000] {logging_mixin.py:188} INFO - [2024-07-05T14:36:11.691+0000] {dag.py:3096} INFO - Sync 1 DAGs
[2024-07-05T14:36:11.696+0000] {logging_mixin.py:188} INFO - [2024-07-05T14:36:11.696+0000] {dag.py:3954} INFO - Setting next_dagrun for example_sensors to None, run_after=None
[2024-07-05T14:36:11.704+0000] {processor.py:183} INFO - Processing /home/airflow/.local/lib/python3.12/site-packages/airflow/example_dags/example_sensors.py took 0.032 seconds
[2024-07-05T14:36:42.286+0000] {processor.py:161} INFO - Started process (PID=1022) to work on /home/airflow/.local/lib/python3.12/site-packages/airflow/example_dags/example_sensors.py
[2024-07-05T14:36:42.286+0000] {processor.py:830} INFO - Processing file /home/airflow/.local/lib/python3.12/site-packages/airflow/example_dags/example_sensors.py for tasks to queue
[2024-07-05T14:36:42.287+0000] {logging_mixin.py:188} INFO - [2024-07-05T14:36:42.287+0000] {dagbag.py:545} INFO - Filling up the DagBag from /home/airflow/.local/lib/python3.12/site-packages/airflow/example_dags/example_sensors.py
[2024-07-05T14:36:42.292+0000] {processor.py:840} INFO - DAG(s) 'example_sensors' retrieved from /home/airflow/.local/lib/python3.12/site-packages/airflow/example_dags/example_sensors.py
[2024-07-05T14:36:42.303+0000] {logging_mixin.py:188} INFO - [2024-07-05T14:36:42.303+0000] {dag.py:3096} INFO - Sync 1 DAGs
[2024-07-05T14:36:42.309+0000] {logging_mixin.py:188} INFO - [2024-07-05T14:36:42.309+0000] {dag.py:3954} INFO - Setting next_dagrun for example_sensors to None, run_after=None
[2024-07-05T14:36:42.317+0000] {processor.py:183} INFO - Processing /home/airflow/.local/lib/python3.12/site-packages/airflow/example_dags/example_sensors.py took 0.034 seconds
[2024-07-05T14:37:12.847+0000] {processor.py:161} INFO - Started process (PID=1080) to work on /home/airflow/.local/lib/python3.12/site-packages/airflow/example_dags/example_sensors.py
[2024-07-05T14:37:12.847+0000] {processor.py:830} INFO - Processing file /home/airflow/.local/lib/python3.12/site-packages/airflow/example_dags/example_sensors.py for tasks to queue
[2024-07-05T14:37:12.848+0000] {logging_mixin.py:188} INFO - [2024-07-05T14:37:12.848+0000] {dagbag.py:545} INFO - Filling up the DagBag from /home/airflow/.local/lib/python3.12/site-packages/airflow/example_dags/example_sensors.py
[2024-07-05T14:37:12.853+0000] {processor.py:840} INFO - DAG(s) 'example_sensors' retrieved from /home/airflow/.local/lib/python3.12/site-packages/airflow/example_dags/example_sensors.py
[2024-07-05T14:37:12.866+0000] {logging_mixin.py:188} INFO - [2024-07-05T14:37:12.866+0000] {dag.py:3096} INFO - Sync 1 DAGs
[2024-07-05T14:37:12.871+0000] {logging_mixin.py:188} INFO - [2024-07-05T14:37:12.871+0000] {dag.py:3954} INFO - Setting next_dagrun for example_sensors to None, run_after=None
[2024-07-05T14:37:12.879+0000] {processor.py:183} INFO - Processing /home/airflow/.local/lib/python3.12/site-packages/airflow/example_dags/example_sensors.py took 0.035 seconds
[2024-07-05T14:37:43.514+0000] {processor.py:161} INFO - Started process (PID=1138) to work on /home/airflow/.local/lib/python3.12/site-packages/airflow/example_dags/example_sensors.py
[2024-07-05T14:37:43.515+0000] {processor.py:830} INFO - Processing file /home/airflow/.local/lib/python3.12/site-packages/airflow/example_dags/example_sensors.py for tasks to queue
[2024-07-05T14:37:43.516+0000] {logging_mixin.py:188} INFO - [2024-07-05T14:37:43.516+0000] {dagbag.py:545} INFO - Filling up the DagBag from /home/airflow/.local/lib/python3.12/site-packages/airflow/example_dags/example_sensors.py
[2024-07-05T14:37:43.520+0000] {processor.py:840} INFO - DAG(s) 'example_sensors' retrieved from /home/airflow/.local/lib/python3.12/site-packages/airflow/example_dags/example_sensors.py
[2024-07-05T14:37:43.532+0000] {logging_mixin.py:188} INFO - [2024-07-05T14:37:43.532+0000] {dag.py:3096} INFO - Sync 1 DAGs
[2024-07-05T14:37:43.538+0000] {logging_mixin.py:188} INFO - [2024-07-05T14:37:43.538+0000] {dag.py:3954} INFO - Setting next_dagrun for example_sensors to None, run_after=None
[2024-07-05T14:37:43.546+0000] {processor.py:183} INFO - Processing /home/airflow/.local/lib/python3.12/site-packages/airflow/example_dags/example_sensors.py took 0.035 seconds
[2024-07-05T14:38:14.213+0000] {processor.py:161} INFO - Started process (PID=1196) to work on /home/airflow/.local/lib/python3.12/site-packages/airflow/example_dags/example_sensors.py
[2024-07-05T14:38:14.213+0000] {processor.py:830} INFO - Processing file /home/airflow/.local/lib/python3.12/site-packages/airflow/example_dags/example_sensors.py for tasks to queue
[2024-07-05T14:38:14.214+0000] {logging_mixin.py:188} INFO - [2024-07-05T14:38:14.214+0000] {dagbag.py:545} INFO - Filling up the DagBag from /home/airflow/.local/lib/python3.12/site-packages/airflow/example_dags/example_sensors.py
[2024-07-05T14:38:14.219+0000] {processor.py:840} INFO - DAG(s) 'example_sensors' retrieved from /home/airflow/.local/lib/python3.12/site-packages/airflow/example_dags/example_sensors.py
[2024-07-05T14:38:14.230+0000] {logging_mixin.py:188} INFO - [2024-07-05T14:38:14.230+0000] {dag.py:3096} INFO - Sync 1 DAGs
[2024-07-05T14:38:14.236+0000] {logging_mixin.py:188} INFO - [2024-07-05T14:38:14.236+0000] {dag.py:3954} INFO - Setting next_dagrun for example_sensors to None, run_after=None
[2024-07-05T14:38:14.244+0000] {processor.py:183} INFO - Processing /home/airflow/.local/lib/python3.12/site-packages/airflow/example_dags/example_sensors.py took 0.034 seconds
[2024-07-05T14:38:44.827+0000] {processor.py:161} INFO - Started process (PID=1254) to work on /home/airflow/.local/lib/python3.12/site-packages/airflow/example_dags/example_sensors.py
[2024-07-05T14:38:44.828+0000] {processor.py:830} INFO - Processing file /home/airflow/.local/lib/python3.12/site-packages/airflow/example_dags/example_sensors.py for tasks to queue
[2024-07-05T14:38:44.829+0000] {logging_mixin.py:188} INFO - [2024-07-05T14:38:44.829+0000] {dagbag.py:545} INFO - Filling up the DagBag from /home/airflow/.local/lib/python3.12/site-packages/airflow/example_dags/example_sensors.py
[2024-07-05T14:38:44.833+0000] {processor.py:840} INFO - DAG(s) 'example_sensors' retrieved from /home/airflow/.local/lib/python3.12/site-packages/airflow/example_dags/example_sensors.py
[2024-07-05T14:38:44.845+0000] {logging_mixin.py:188} INFO - [2024-07-05T14:38:44.845+0000] {dag.py:3096} INFO - Sync 1 DAGs
[2024-07-05T14:38:44.851+0000] {logging_mixin.py:188} INFO - [2024-07-05T14:38:44.851+0000] {dag.py:3954} INFO - Setting next_dagrun for example_sensors to None, run_after=None
[2024-07-05T14:38:44.859+0000] {processor.py:183} INFO - Processing /home/airflow/.local/lib/python3.12/site-packages/airflow/example_dags/example_sensors.py took 0.034 seconds
[2024-07-05T14:39:15.374+0000] {processor.py:161} INFO - Started process (PID=1312) to work on /home/airflow/.local/lib/python3.12/site-packages/airflow/example_dags/example_sensors.py
[2024-07-05T14:39:15.375+0000] {processor.py:830} INFO - Processing file /home/airflow/.local/lib/python3.12/site-packages/airflow/example_dags/example_sensors.py for tasks to queue
[2024-07-05T14:39:15.375+0000] {logging_mixin.py:188} INFO - [2024-07-05T14:39:15.375+0000] {dagbag.py:545} INFO - Filling up the DagBag from /home/airflow/.local/lib/python3.12/site-packages/airflow/example_dags/example_sensors.py
[2024-07-05T14:39:15.379+0000] {processor.py:840} INFO - DAG(s) 'example_sensors' retrieved from /home/airflow/.local/lib/python3.12/site-packages/airflow/example_dags/example_sensors.py
[2024-07-05T14:39:15.391+0000] {logging_mixin.py:188} INFO - [2024-07-05T14:39:15.390+0000] {dag.py:3096} INFO - Sync 1 DAGs
[2024-07-05T14:39:15.396+0000] {logging_mixin.py:188} INFO - [2024-07-05T14:39:15.396+0000] {dag.py:3954} INFO - Setting next_dagrun for example_sensors to None, run_after=None
[2024-07-05T14:39:15.404+0000] {processor.py:183} INFO - Processing /home/airflow/.local/lib/python3.12/site-packages/airflow/example_dags/example_sensors.py took 0.033 seconds
[2024-07-05T14:39:46.019+0000] {processor.py:161} INFO - Started process (PID=1370) to work on /home/airflow/.local/lib/python3.12/site-packages/airflow/example_dags/example_sensors.py
[2024-07-05T14:39:46.020+0000] {processor.py:830} INFO - Processing file /home/airflow/.local/lib/python3.12/site-packages/airflow/example_dags/example_sensors.py for tasks to queue
[2024-07-05T14:39:46.020+0000] {logging_mixin.py:188} INFO - [2024-07-05T14:39:46.020+0000] {dagbag.py:545} INFO - Filling up the DagBag from /home/airflow/.local/lib/python3.12/site-packages/airflow/example_dags/example_sensors.py
[2024-07-05T14:39:46.025+0000] {processor.py:840} INFO - DAG(s) 'example_sensors' retrieved from /home/airflow/.local/lib/python3.12/site-packages/airflow/example_dags/example_sensors.py
[2024-07-05T14:39:46.038+0000] {logging_mixin.py:188} INFO - [2024-07-05T14:39:46.037+0000] {dag.py:3096} INFO - Sync 1 DAGs
[2024-07-05T14:39:46.043+0000] {logging_mixin.py:188} INFO - [2024-07-05T14:39:46.043+0000] {dag.py:3954} INFO - Setting next_dagrun for example_sensors to None, run_after=None
[2024-07-05T14:39:46.052+0000] {processor.py:183} INFO - Processing /home/airflow/.local/lib/python3.12/site-packages/airflow/example_dags/example_sensors.py took 0.035 seconds
[2024-07-05T14:40:16.794+0000] {processor.py:161} INFO - Started process (PID=1428) to work on /home/airflow/.local/lib/python3.12/site-packages/airflow/example_dags/example_sensors.py
[2024-07-05T14:40:16.794+0000] {processor.py:830} INFO - Processing file /home/airflow/.local/lib/python3.12/site-packages/airflow/example_dags/example_sensors.py for tasks to queue
[2024-07-05T14:40:16.795+0000] {logging_mixin.py:188} INFO - [2024-07-05T14:40:16.795+0000] {dagbag.py:545} INFO - Filling up the DagBag from /home/airflow/.local/lib/python3.12/site-packages/airflow/example_dags/example_sensors.py
[2024-07-05T14:40:16.800+0000] {processor.py:840} INFO - DAG(s) 'example_sensors' retrieved from /home/airflow/.local/lib/python3.12/site-packages/airflow/example_dags/example_sensors.py
[2024-07-05T14:40:16.811+0000] {logging_mixin.py:188} INFO - [2024-07-05T14:40:16.810+0000] {dag.py:3096} INFO - Sync 1 DAGs
[2024-07-05T14:40:16.816+0000] {logging_mixin.py:188} INFO - [2024-07-05T14:40:16.815+0000] {dag.py:3954} INFO - Setting next_dagrun for example_sensors to None, run_after=None
[2024-07-05T14:40:16.823+0000] {processor.py:183} INFO - Processing /home/airflow/.local/lib/python3.12/site-packages/airflow/example_dags/example_sensors.py took 0.032 seconds
[2024-07-05T14:40:47.581+0000] {processor.py:161} INFO - Started process (PID=1485) to work on /home/airflow/.local/lib/python3.12/site-packages/airflow/example_dags/example_sensors.py
[2024-07-05T14:40:47.582+0000] {processor.py:830} INFO - Processing file /home/airflow/.local/lib/python3.12/site-packages/airflow/example_dags/example_sensors.py for tasks to queue
[2024-07-05T14:40:47.583+0000] {logging_mixin.py:188} INFO - [2024-07-05T14:40:47.583+0000] {dagbag.py:545} INFO - Filling up the DagBag from /home/airflow/.local/lib/python3.12/site-packages/airflow/example_dags/example_sensors.py
[2024-07-05T14:40:47.587+0000] {processor.py:840} INFO - DAG(s) 'example_sensors' retrieved from /home/airflow/.local/lib/python3.12/site-packages/airflow/example_dags/example_sensors.py
[2024-07-05T14:40:47.599+0000] {logging_mixin.py:188} INFO - [2024-07-05T14:40:47.599+0000] {dag.py:3096} INFO - Sync 1 DAGs
[2024-07-05T14:40:47.604+0000] {logging_mixin.py:188} INFO - [2024-07-05T14:40:47.604+0000] {dag.py:3954} INFO - Setting next_dagrun for example_sensors to None, run_after=None
[2024-07-05T14:40:47.612+0000] {processor.py:183} INFO - Processing /home/airflow/.local/lib/python3.12/site-packages/airflow/example_dags/example_sensors.py took 0.033 seconds
[2024-07-05T14:41:18.312+0000] {processor.py:161} INFO - Started process (PID=1543) to work on /home/airflow/.local/lib/python3.12/site-packages/airflow/example_dags/example_sensors.py
[2024-07-05T14:41:18.313+0000] {processor.py:830} INFO - Processing file /home/airflow/.local/lib/python3.12/site-packages/airflow/example_dags/example_sensors.py for tasks to queue
[2024-07-05T14:41:18.314+0000] {logging_mixin.py:188} INFO - [2024-07-05T14:41:18.314+0000] {dagbag.py:545} INFO - Filling up the DagBag from /home/airflow/.local/lib/python3.12/site-packages/airflow/example_dags/example_sensors.py
[2024-07-05T14:41:18.318+0000] {processor.py:840} INFO - DAG(s) 'example_sensors' retrieved from /home/airflow/.local/lib/python3.12/site-packages/airflow/example_dags/example_sensors.py
[2024-07-05T14:41:18.331+0000] {logging_mixin.py:188} INFO - [2024-07-05T14:41:18.331+0000] {dag.py:3096} INFO - Sync 1 DAGs
[2024-07-05T14:41:18.338+0000] {logging_mixin.py:188} INFO - [2024-07-05T14:41:18.337+0000] {dag.py:3954} INFO - Setting next_dagrun for example_sensors to None, run_after=None
[2024-07-05T14:41:18.346+0000] {processor.py:183} INFO - Processing /home/airflow/.local/lib/python3.12/site-packages/airflow/example_dags/example_sensors.py took 0.038 seconds
[2024-07-05T14:41:48.405+0000] {processor.py:161} INFO - Started process (PID=1601) to work on /home/airflow/.local/lib/python3.12/site-packages/airflow/example_dags/example_sensors.py
[2024-07-05T14:41:48.407+0000] {processor.py:830} INFO - Processing file /home/airflow/.local/lib/python3.12/site-packages/airflow/example_dags/example_sensors.py for tasks to queue
[2024-07-05T14:41:48.408+0000] {logging_mixin.py:188} INFO - [2024-07-05T14:41:48.408+0000] {dagbag.py:545} INFO - Filling up the DagBag from /home/airflow/.local/lib/python3.12/site-packages/airflow/example_dags/example_sensors.py
[2024-07-05T14:41:48.413+0000] {processor.py:840} INFO - DAG(s) 'example_sensors' retrieved from /home/airflow/.local/lib/python3.12/site-packages/airflow/example_dags/example_sensors.py
[2024-07-05T14:41:48.425+0000] {logging_mixin.py:188} INFO - [2024-07-05T14:41:48.425+0000] {dag.py:3096} INFO - Sync 1 DAGs
[2024-07-05T14:41:48.431+0000] {logging_mixin.py:188} INFO - [2024-07-05T14:41:48.430+0000] {dag.py:3954} INFO - Setting next_dagrun for example_sensors to None, run_after=None
[2024-07-05T14:41:48.439+0000] {processor.py:183} INFO - Processing /home/airflow/.local/lib/python3.12/site-packages/airflow/example_dags/example_sensors.py took 0.036 seconds
[2024-07-05T14:42:18.715+0000] {processor.py:161} INFO - Started process (PID=1659) to work on /home/airflow/.local/lib/python3.12/site-packages/airflow/example_dags/example_sensors.py
[2024-07-05T14:42:18.715+0000] {processor.py:830} INFO - Processing file /home/airflow/.local/lib/python3.12/site-packages/airflow/example_dags/example_sensors.py for tasks to queue
[2024-07-05T14:42:18.716+0000] {logging_mixin.py:188} INFO - [2024-07-05T14:42:18.716+0000] {dagbag.py:545} INFO - Filling up the DagBag from /home/airflow/.local/lib/python3.12/site-packages/airflow/example_dags/example_sensors.py
[2024-07-05T14:42:18.721+0000] {processor.py:840} INFO - DAG(s) 'example_sensors' retrieved from /home/airflow/.local/lib/python3.12/site-packages/airflow/example_dags/example_sensors.py
[2024-07-05T14:42:18.732+0000] {logging_mixin.py:188} INFO - [2024-07-05T14:42:18.732+0000] {dag.py:3096} INFO - Sync 1 DAGs
[2024-07-05T14:42:18.737+0000] {logging_mixin.py:188} INFO - [2024-07-05T14:42:18.737+0000] {dag.py:3954} INFO - Setting next_dagrun for example_sensors to None, run_after=None
[2024-07-05T14:42:18.745+0000] {processor.py:183} INFO - Processing /home/airflow/.local/lib/python3.12/site-packages/airflow/example_dags/example_sensors.py took 0.034 seconds
[2024-07-05T14:42:48.850+0000] {processor.py:161} INFO - Started process (PID=1716) to work on /home/airflow/.local/lib/python3.12/site-packages/airflow/example_dags/example_sensors.py
[2024-07-05T14:42:48.851+0000] {processor.py:830} INFO - Processing file /home/airflow/.local/lib/python3.12/site-packages/airflow/example_dags/example_sensors.py for tasks to queue
[2024-07-05T14:42:48.852+0000] {logging_mixin.py:188} INFO - [2024-07-05T14:42:48.852+0000] {dagbag.py:545} INFO - Filling up the DagBag from /home/airflow/.local/lib/python3.12/site-packages/airflow/example_dags/example_sensors.py
[2024-07-05T14:42:48.857+0000] {processor.py:840} INFO - DAG(s) 'example_sensors' retrieved from /home/airflow/.local/lib/python3.12/site-packages/airflow/example_dags/example_sensors.py
[2024-07-05T14:42:48.868+0000] {logging_mixin.py:188} INFO - [2024-07-05T14:42:48.868+0000] {dag.py:3096} INFO - Sync 1 DAGs
[2024-07-05T14:42:48.874+0000] {logging_mixin.py:188} INFO - [2024-07-05T14:42:48.874+0000] {dag.py:3954} INFO - Setting next_dagrun for example_sensors to None, run_after=None
[2024-07-05T14:42:48.882+0000] {processor.py:183} INFO - Processing /home/airflow/.local/lib/python3.12/site-packages/airflow/example_dags/example_sensors.py took 0.035 seconds
[2024-07-05T14:43:19.195+0000] {processor.py:161} INFO - Started process (PID=1774) to work on /home/airflow/.local/lib/python3.12/site-packages/airflow/example_dags/example_sensors.py
[2024-07-05T14:43:19.195+0000] {processor.py:830} INFO - Processing file /home/airflow/.local/lib/python3.12/site-packages/airflow/example_dags/example_sensors.py for tasks to queue
[2024-07-05T14:43:19.196+0000] {logging_mixin.py:188} INFO - [2024-07-05T14:43:19.196+0000] {dagbag.py:545} INFO - Filling up the DagBag from /home/airflow/.local/lib/python3.12/site-packages/airflow/example_dags/example_sensors.py
[2024-07-05T14:43:19.201+0000] {processor.py:840} INFO - DAG(s) 'example_sensors' retrieved from /home/airflow/.local/lib/python3.12/site-packages/airflow/example_dags/example_sensors.py
[2024-07-05T14:43:19.212+0000] {logging_mixin.py:188} INFO - [2024-07-05T14:43:19.212+0000] {dag.py:3096} INFO - Sync 1 DAGs
[2024-07-05T14:43:19.217+0000] {logging_mixin.py:188} INFO - [2024-07-05T14:43:19.217+0000] {dag.py:3954} INFO - Setting next_dagrun for example_sensors to None, run_after=None
[2024-07-05T14:43:19.226+0000] {processor.py:183} INFO - Processing /home/airflow/.local/lib/python3.12/site-packages/airflow/example_dags/example_sensors.py took 0.034 seconds
[2024-07-05T14:43:49.917+0000] {processor.py:161} INFO - Started process (PID=1832) to work on /home/airflow/.local/lib/python3.12/site-packages/airflow/example_dags/example_sensors.py
[2024-07-05T14:43:49.919+0000] {processor.py:830} INFO - Processing file /home/airflow/.local/lib/python3.12/site-packages/airflow/example_dags/example_sensors.py for tasks to queue
[2024-07-05T14:43:49.920+0000] {logging_mixin.py:188} INFO - [2024-07-05T14:43:49.920+0000] {dagbag.py:545} INFO - Filling up the DagBag from /home/airflow/.local/lib/python3.12/site-packages/airflow/example_dags/example_sensors.py
[2024-07-05T14:43:49.925+0000] {processor.py:840} INFO - DAG(s) 'example_sensors' retrieved from /home/airflow/.local/lib/python3.12/site-packages/airflow/example_dags/example_sensors.py
[2024-07-05T14:43:49.937+0000] {logging_mixin.py:188} INFO - [2024-07-05T14:43:49.937+0000] {dag.py:3096} INFO - Sync 1 DAGs
[2024-07-05T14:43:49.942+0000] {logging_mixin.py:188} INFO - [2024-07-05T14:43:49.942+0000] {dag.py:3954} INFO - Setting next_dagrun for example_sensors to None, run_after=None
[2024-07-05T14:43:49.950+0000] {processor.py:183} INFO - Processing /home/airflow/.local/lib/python3.12/site-packages/airflow/example_dags/example_sensors.py took 0.036 seconds
[2024-07-05T14:44:20.808+0000] {processor.py:161} INFO - Started process (PID=1889) to work on /home/airflow/.local/lib/python3.12/site-packages/airflow/example_dags/example_sensors.py
[2024-07-05T14:44:20.809+0000] {processor.py:830} INFO - Processing file /home/airflow/.local/lib/python3.12/site-packages/airflow/example_dags/example_sensors.py for tasks to queue
[2024-07-05T14:44:20.810+0000] {logging_mixin.py:188} INFO - [2024-07-05T14:44:20.810+0000] {dagbag.py:545} INFO - Filling up the DagBag from /home/airflow/.local/lib/python3.12/site-packages/airflow/example_dags/example_sensors.py
[2024-07-05T14:44:20.814+0000] {processor.py:840} INFO - DAG(s) 'example_sensors' retrieved from /home/airflow/.local/lib/python3.12/site-packages/airflow/example_dags/example_sensors.py
[2024-07-05T14:44:20.827+0000] {logging_mixin.py:188} INFO - [2024-07-05T14:44:20.827+0000] {dag.py:3096} INFO - Sync 1 DAGs
[2024-07-05T14:44:20.834+0000] {logging_mixin.py:188} INFO - [2024-07-05T14:44:20.834+0000] {dag.py:3954} INFO - Setting next_dagrun for example_sensors to None, run_after=None
[2024-07-05T14:44:20.845+0000] {processor.py:183} INFO - Processing /home/airflow/.local/lib/python3.12/site-packages/airflow/example_dags/example_sensors.py took 0.039 seconds
[2024-07-05T14:44:56.054+0000] {processor.py:161} INFO - Started process (PID=1953) to work on /home/airflow/.local/lib/python3.12/site-packages/airflow/example_dags/example_sensors.py
[2024-07-05T14:44:56.058+0000] {processor.py:830} INFO - Processing file /home/airflow/.local/lib/python3.12/site-packages/airflow/example_dags/example_sensors.py for tasks to queue
[2024-07-05T14:44:56.069+0000] {logging_mixin.py:188} INFO - [2024-07-05T14:44:56.068+0000] {dagbag.py:545} INFO - Filling up the DagBag from /home/airflow/.local/lib/python3.12/site-packages/airflow/example_dags/example_sensors.py
[2024-07-05T14:44:56.105+0000] {processor.py:840} INFO - DAG(s) 'example_sensors' retrieved from /home/airflow/.local/lib/python3.12/site-packages/airflow/example_dags/example_sensors.py
[2024-07-05T14:44:56.209+0000] {logging_mixin.py:188} INFO - [2024-07-05T14:44:56.208+0000] {dag.py:3096} INFO - Sync 1 DAGs
[2024-07-05T14:44:56.822+0000] {logging_mixin.py:188} INFO - [2024-07-05T14:44:56.821+0000] {dag.py:3954} INFO - Setting next_dagrun for example_sensors to None, run_after=None
[2024-07-05T14:44:56.867+0000] {processor.py:183} INFO - Processing /home/airflow/.local/lib/python3.12/site-packages/airflow/example_dags/example_sensors.py took 0.834 seconds
