[2024-07-05T14:09:18.921+0000] {processor.py:161} INFO - Started process (PID=55) to work on /home/airflow/.local/lib/python3.12/site-packages/airflow/example_dags/example_nested_branch_dag.py
[2024-07-05T14:09:18.925+0000] {processor.py:830} INFO - Processing file /home/airflow/.local/lib/python3.12/site-packages/airflow/example_dags/example_nested_branch_dag.py for tasks to queue
[2024-07-05T14:09:18.930+0000] {logging_mixin.py:188} INFO - [2024-07-05T14:09:18.929+0000] {dagbag.py:545} INFO - Filling up the DagBag from /home/airflow/.local/lib/python3.12/site-packages/airflow/example_dags/example_nested_branch_dag.py
[2024-07-05T14:09:18.959+0000] {processor.py:840} INFO - DAG(s) 'example_nested_branch_dag' retrieved from /home/airflow/.local/lib/python3.12/site-packages/airflow/example_dags/example_nested_branch_dag.py
[2024-07-05T14:09:18.976+0000] {logging_mixin.py:188} INFO - [2024-07-05T14:09:18.975+0000] {dag.py:3096} INFO - Sync 1 DAGs
[2024-07-05T14:09:19.025+0000] {logging_mixin.py:188} INFO - [2024-07-05T14:09:19.025+0000] {dag.py:3954} INFO - Setting next_dagrun for example_nested_branch_dag to 2024-07-04 00:00:00+00:00, run_after=2024-07-05 00:00:00+00:00
[2024-07-05T14:09:19.065+0000] {processor.py:183} INFO - Processing /home/airflow/.local/lib/python3.12/site-packages/airflow/example_dags/example_nested_branch_dag.py took 0.152 seconds
[2024-07-05T14:09:49.172+0000] {processor.py:161} INFO - Started process (PID=113) to work on /home/airflow/.local/lib/python3.12/site-packages/airflow/example_dags/example_nested_branch_dag.py
[2024-07-05T14:09:49.172+0000] {processor.py:830} INFO - Processing file /home/airflow/.local/lib/python3.12/site-packages/airflow/example_dags/example_nested_branch_dag.py for tasks to queue
[2024-07-05T14:09:49.173+0000] {logging_mixin.py:188} INFO - [2024-07-05T14:09:49.173+0000] {dagbag.py:545} INFO - Filling up the DagBag from /home/airflow/.local/lib/python3.12/site-packages/airflow/example_dags/example_nested_branch_dag.py
[2024-07-05T14:09:49.178+0000] {processor.py:840} INFO - DAG(s) 'example_nested_branch_dag' retrieved from /home/airflow/.local/lib/python3.12/site-packages/airflow/example_dags/example_nested_branch_dag.py
[2024-07-05T14:09:49.221+0000] {logging_mixin.py:188} INFO - [2024-07-05T14:09:49.221+0000] {dag.py:3096} INFO - Sync 1 DAGs
[2024-07-05T14:09:49.230+0000] {logging_mixin.py:188} INFO - [2024-07-05T14:09:49.230+0000] {dag.py:3954} INFO - Setting next_dagrun for example_nested_branch_dag to 2024-07-04 00:00:00+00:00, run_after=2024-07-05 00:00:00+00:00
[2024-07-05T14:09:49.247+0000] {processor.py:183} INFO - Processing /home/airflow/.local/lib/python3.12/site-packages/airflow/example_dags/example_nested_branch_dag.py took 0.078 seconds
[2024-07-05T14:10:20.512+0000] {processor.py:161} INFO - Started process (PID=171) to work on /home/airflow/.local/lib/python3.12/site-packages/airflow/example_dags/example_nested_branch_dag.py
[2024-07-05T14:10:20.519+0000] {processor.py:830} INFO - Processing file /home/airflow/.local/lib/python3.12/site-packages/airflow/example_dags/example_nested_branch_dag.py for tasks to queue
[2024-07-05T14:10:20.528+0000] {logging_mixin.py:188} INFO - [2024-07-05T14:10:20.527+0000] {dagbag.py:545} INFO - Filling up the DagBag from /home/airflow/.local/lib/python3.12/site-packages/airflow/example_dags/example_nested_branch_dag.py
[2024-07-05T14:10:20.556+0000] {processor.py:840} INFO - DAG(s) 'example_nested_branch_dag' retrieved from /home/airflow/.local/lib/python3.12/site-packages/airflow/example_dags/example_nested_branch_dag.py
[2024-07-05T14:10:20.617+0000] {logging_mixin.py:188} INFO - [2024-07-05T14:10:20.616+0000] {dag.py:3096} INFO - Sync 1 DAGs
[2024-07-05T14:10:20.666+0000] {logging_mixin.py:188} INFO - [2024-07-05T14:10:20.665+0000] {dag.py:3954} INFO - Setting next_dagrun for example_nested_branch_dag to 2024-07-04 00:00:00+00:00, run_after=2024-07-05 00:00:00+00:00
[2024-07-05T14:10:20.688+0000] {processor.py:183} INFO - Processing /home/airflow/.local/lib/python3.12/site-packages/airflow/example_dags/example_nested_branch_dag.py took 0.185 seconds
[2024-07-05T14:10:51.320+0000] {processor.py:161} INFO - Started process (PID=229) to work on /home/airflow/.local/lib/python3.12/site-packages/airflow/example_dags/example_nested_branch_dag.py
[2024-07-05T14:10:51.322+0000] {processor.py:830} INFO - Processing file /home/airflow/.local/lib/python3.12/site-packages/airflow/example_dags/example_nested_branch_dag.py for tasks to queue
[2024-07-05T14:10:51.323+0000] {logging_mixin.py:188} INFO - [2024-07-05T14:10:51.323+0000] {dagbag.py:545} INFO - Filling up the DagBag from /home/airflow/.local/lib/python3.12/site-packages/airflow/example_dags/example_nested_branch_dag.py
[2024-07-05T14:10:51.328+0000] {processor.py:840} INFO - DAG(s) 'example_nested_branch_dag' retrieved from /home/airflow/.local/lib/python3.12/site-packages/airflow/example_dags/example_nested_branch_dag.py
[2024-07-05T14:10:51.338+0000] {logging_mixin.py:188} INFO - [2024-07-05T14:10:51.338+0000] {dag.py:3096} INFO - Sync 1 DAGs
[2024-07-05T14:10:51.348+0000] {logging_mixin.py:188} INFO - [2024-07-05T14:10:51.348+0000] {dag.py:3954} INFO - Setting next_dagrun for example_nested_branch_dag to 2024-07-04 00:00:00+00:00, run_after=2024-07-05 00:00:00+00:00
[2024-07-05T14:10:51.357+0000] {processor.py:183} INFO - Processing /home/airflow/.local/lib/python3.12/site-packages/airflow/example_dags/example_nested_branch_dag.py took 0.039 seconds
[2024-07-05T14:11:21.491+0000] {processor.py:161} INFO - Started process (PID=287) to work on /home/airflow/.local/lib/python3.12/site-packages/airflow/example_dags/example_nested_branch_dag.py
[2024-07-05T14:11:21.492+0000] {processor.py:830} INFO - Processing file /home/airflow/.local/lib/python3.12/site-packages/airflow/example_dags/example_nested_branch_dag.py for tasks to queue
[2024-07-05T14:11:21.493+0000] {logging_mixin.py:188} INFO - [2024-07-05T14:11:21.493+0000] {dagbag.py:545} INFO - Filling up the DagBag from /home/airflow/.local/lib/python3.12/site-packages/airflow/example_dags/example_nested_branch_dag.py
[2024-07-05T14:11:21.498+0000] {processor.py:840} INFO - DAG(s) 'example_nested_branch_dag' retrieved from /home/airflow/.local/lib/python3.12/site-packages/airflow/example_dags/example_nested_branch_dag.py
[2024-07-05T14:11:21.508+0000] {logging_mixin.py:188} INFO - [2024-07-05T14:11:21.508+0000] {dag.py:3096} INFO - Sync 1 DAGs
[2024-07-05T14:11:21.518+0000] {logging_mixin.py:188} INFO - [2024-07-05T14:11:21.518+0000] {dag.py:3954} INFO - Setting next_dagrun for example_nested_branch_dag to 2024-07-04 00:00:00+00:00, run_after=2024-07-05 00:00:00+00:00
[2024-07-05T14:11:21.527+0000] {processor.py:183} INFO - Processing /home/airflow/.local/lib/python3.12/site-packages/airflow/example_dags/example_nested_branch_dag.py took 0.039 seconds
[2024-07-05T14:11:51.717+0000] {processor.py:161} INFO - Started process (PID=345) to work on /home/airflow/.local/lib/python3.12/site-packages/airflow/example_dags/example_nested_branch_dag.py
[2024-07-05T14:11:51.718+0000] {processor.py:830} INFO - Processing file /home/airflow/.local/lib/python3.12/site-packages/airflow/example_dags/example_nested_branch_dag.py for tasks to queue
[2024-07-05T14:11:51.720+0000] {logging_mixin.py:188} INFO - [2024-07-05T14:11:51.720+0000] {dagbag.py:545} INFO - Filling up the DagBag from /home/airflow/.local/lib/python3.12/site-packages/airflow/example_dags/example_nested_branch_dag.py
[2024-07-05T14:11:51.731+0000] {processor.py:840} INFO - DAG(s) 'example_nested_branch_dag' retrieved from /home/airflow/.local/lib/python3.12/site-packages/airflow/example_dags/example_nested_branch_dag.py
[2024-07-05T14:11:51.768+0000] {logging_mixin.py:188} INFO - [2024-07-05T14:11:51.768+0000] {dag.py:3096} INFO - Sync 1 DAGs
[2024-07-05T14:11:51.793+0000] {logging_mixin.py:188} INFO - [2024-07-05T14:11:51.793+0000] {dag.py:3954} INFO - Setting next_dagrun for example_nested_branch_dag to 2024-07-04 00:00:00+00:00, run_after=2024-07-05 00:00:00+00:00
[2024-07-05T14:11:51.854+0000] {processor.py:183} INFO - Processing /home/airflow/.local/lib/python3.12/site-packages/airflow/example_dags/example_nested_branch_dag.py took 0.144 seconds
[2024-07-05T14:12:22.809+0000] {processor.py:161} INFO - Started process (PID=403) to work on /home/airflow/.local/lib/python3.12/site-packages/airflow/example_dags/example_nested_branch_dag.py
[2024-07-05T14:12:22.811+0000] {processor.py:830} INFO - Processing file /home/airflow/.local/lib/python3.12/site-packages/airflow/example_dags/example_nested_branch_dag.py for tasks to queue
[2024-07-05T14:12:22.812+0000] {logging_mixin.py:188} INFO - [2024-07-05T14:12:22.812+0000] {dagbag.py:545} INFO - Filling up the DagBag from /home/airflow/.local/lib/python3.12/site-packages/airflow/example_dags/example_nested_branch_dag.py
[2024-07-05T14:12:22.817+0000] {processor.py:840} INFO - DAG(s) 'example_nested_branch_dag' retrieved from /home/airflow/.local/lib/python3.12/site-packages/airflow/example_dags/example_nested_branch_dag.py
[2024-07-05T14:12:22.830+0000] {logging_mixin.py:188} INFO - [2024-07-05T14:12:22.830+0000] {dag.py:3096} INFO - Sync 1 DAGs
[2024-07-05T14:12:22.844+0000] {logging_mixin.py:188} INFO - [2024-07-05T14:12:22.844+0000] {dag.py:3954} INFO - Setting next_dagrun for example_nested_branch_dag to 2024-07-04 00:00:00+00:00, run_after=2024-07-05 00:00:00+00:00
[2024-07-05T14:12:22.854+0000] {processor.py:183} INFO - Processing /home/airflow/.local/lib/python3.12/site-packages/airflow/example_dags/example_nested_branch_dag.py took 0.049 seconds
[2024-07-05T14:12:53.720+0000] {processor.py:161} INFO - Started process (PID=461) to work on /home/airflow/.local/lib/python3.12/site-packages/airflow/example_dags/example_nested_branch_dag.py
[2024-07-05T14:12:53.721+0000] {processor.py:830} INFO - Processing file /home/airflow/.local/lib/python3.12/site-packages/airflow/example_dags/example_nested_branch_dag.py for tasks to queue
[2024-07-05T14:12:53.722+0000] {logging_mixin.py:188} INFO - [2024-07-05T14:12:53.722+0000] {dagbag.py:545} INFO - Filling up the DagBag from /home/airflow/.local/lib/python3.12/site-packages/airflow/example_dags/example_nested_branch_dag.py
[2024-07-05T14:12:53.729+0000] {processor.py:840} INFO - DAG(s) 'example_nested_branch_dag' retrieved from /home/airflow/.local/lib/python3.12/site-packages/airflow/example_dags/example_nested_branch_dag.py
[2024-07-05T14:12:53.739+0000] {logging_mixin.py:188} INFO - [2024-07-05T14:12:53.739+0000] {dag.py:3096} INFO - Sync 1 DAGs
[2024-07-05T14:12:53.754+0000] {logging_mixin.py:188} INFO - [2024-07-05T14:12:53.754+0000] {dag.py:3954} INFO - Setting next_dagrun for example_nested_branch_dag to 2024-07-04 00:00:00+00:00, run_after=2024-07-05 00:00:00+00:00
[2024-07-05T14:12:53.765+0000] {processor.py:183} INFO - Processing /home/airflow/.local/lib/python3.12/site-packages/airflow/example_dags/example_nested_branch_dag.py took 0.048 seconds
[2024-07-05T14:13:24.632+0000] {processor.py:161} INFO - Started process (PID=519) to work on /home/airflow/.local/lib/python3.12/site-packages/airflow/example_dags/example_nested_branch_dag.py
[2024-07-05T14:13:24.633+0000] {processor.py:830} INFO - Processing file /home/airflow/.local/lib/python3.12/site-packages/airflow/example_dags/example_nested_branch_dag.py for tasks to queue
[2024-07-05T14:13:24.634+0000] {logging_mixin.py:188} INFO - [2024-07-05T14:13:24.634+0000] {dagbag.py:545} INFO - Filling up the DagBag from /home/airflow/.local/lib/python3.12/site-packages/airflow/example_dags/example_nested_branch_dag.py
[2024-07-05T14:13:24.639+0000] {processor.py:840} INFO - DAG(s) 'example_nested_branch_dag' retrieved from /home/airflow/.local/lib/python3.12/site-packages/airflow/example_dags/example_nested_branch_dag.py
[2024-07-05T14:13:24.650+0000] {logging_mixin.py:188} INFO - [2024-07-05T14:13:24.650+0000] {dag.py:3096} INFO - Sync 1 DAGs
[2024-07-05T14:13:24.661+0000] {logging_mixin.py:188} INFO - [2024-07-05T14:13:24.661+0000] {dag.py:3954} INFO - Setting next_dagrun for example_nested_branch_dag to 2024-07-04 00:00:00+00:00, run_after=2024-07-05 00:00:00+00:00
[2024-07-05T14:13:24.670+0000] {processor.py:183} INFO - Processing /home/airflow/.local/lib/python3.12/site-packages/airflow/example_dags/example_nested_branch_dag.py took 0.041 seconds
[2024-07-05T14:13:54.951+0000] {processor.py:161} INFO - Started process (PID=577) to work on /home/airflow/.local/lib/python3.12/site-packages/airflow/example_dags/example_nested_branch_dag.py
[2024-07-05T14:13:54.952+0000] {processor.py:830} INFO - Processing file /home/airflow/.local/lib/python3.12/site-packages/airflow/example_dags/example_nested_branch_dag.py for tasks to queue
[2024-07-05T14:13:54.953+0000] {logging_mixin.py:188} INFO - [2024-07-05T14:13:54.953+0000] {dagbag.py:545} INFO - Filling up the DagBag from /home/airflow/.local/lib/python3.12/site-packages/airflow/example_dags/example_nested_branch_dag.py
[2024-07-05T14:13:54.960+0000] {processor.py:840} INFO - DAG(s) 'example_nested_branch_dag' retrieved from /home/airflow/.local/lib/python3.12/site-packages/airflow/example_dags/example_nested_branch_dag.py
[2024-07-05T14:13:54.973+0000] {logging_mixin.py:188} INFO - [2024-07-05T14:13:54.973+0000] {dag.py:3096} INFO - Sync 1 DAGs
[2024-07-05T14:13:54.985+0000] {logging_mixin.py:188} INFO - [2024-07-05T14:13:54.985+0000] {dag.py:3954} INFO - Setting next_dagrun for example_nested_branch_dag to 2024-07-04 00:00:00+00:00, run_after=2024-07-05 00:00:00+00:00
[2024-07-05T14:13:54.998+0000] {processor.py:183} INFO - Processing /home/airflow/.local/lib/python3.12/site-packages/airflow/example_dags/example_nested_branch_dag.py took 0.051 seconds
[2024-07-05T14:14:25.472+0000] {processor.py:161} INFO - Started process (PID=635) to work on /home/airflow/.local/lib/python3.12/site-packages/airflow/example_dags/example_nested_branch_dag.py
[2024-07-05T14:14:25.473+0000] {processor.py:830} INFO - Processing file /home/airflow/.local/lib/python3.12/site-packages/airflow/example_dags/example_nested_branch_dag.py for tasks to queue
[2024-07-05T14:14:25.474+0000] {logging_mixin.py:188} INFO - [2024-07-05T14:14:25.474+0000] {dagbag.py:545} INFO - Filling up the DagBag from /home/airflow/.local/lib/python3.12/site-packages/airflow/example_dags/example_nested_branch_dag.py
[2024-07-05T14:14:25.480+0000] {processor.py:840} INFO - DAG(s) 'example_nested_branch_dag' retrieved from /home/airflow/.local/lib/python3.12/site-packages/airflow/example_dags/example_nested_branch_dag.py
[2024-07-05T14:14:25.494+0000] {logging_mixin.py:188} INFO - [2024-07-05T14:14:25.493+0000] {dag.py:3096} INFO - Sync 1 DAGs
[2024-07-05T14:14:25.509+0000] {logging_mixin.py:188} INFO - [2024-07-05T14:14:25.509+0000] {dag.py:3954} INFO - Setting next_dagrun for example_nested_branch_dag to 2024-07-04 00:00:00+00:00, run_after=2024-07-05 00:00:00+00:00
[2024-07-05T14:14:25.523+0000] {processor.py:183} INFO - Processing /home/airflow/.local/lib/python3.12/site-packages/airflow/example_dags/example_nested_branch_dag.py took 0.054 seconds
[2024-07-05T14:14:55.744+0000] {processor.py:161} INFO - Started process (PID=693) to work on /home/airflow/.local/lib/python3.12/site-packages/airflow/example_dags/example_nested_branch_dag.py
[2024-07-05T14:14:55.745+0000] {processor.py:830} INFO - Processing file /home/airflow/.local/lib/python3.12/site-packages/airflow/example_dags/example_nested_branch_dag.py for tasks to queue
[2024-07-05T14:14:55.746+0000] {logging_mixin.py:188} INFO - [2024-07-05T14:14:55.745+0000] {dagbag.py:545} INFO - Filling up the DagBag from /home/airflow/.local/lib/python3.12/site-packages/airflow/example_dags/example_nested_branch_dag.py
[2024-07-05T14:14:55.750+0000] {processor.py:840} INFO - DAG(s) 'example_nested_branch_dag' retrieved from /home/airflow/.local/lib/python3.12/site-packages/airflow/example_dags/example_nested_branch_dag.py
[2024-07-05T14:14:55.761+0000] {logging_mixin.py:188} INFO - [2024-07-05T14:14:55.761+0000] {dag.py:3096} INFO - Sync 1 DAGs
[2024-07-05T14:14:55.772+0000] {logging_mixin.py:188} INFO - [2024-07-05T14:14:55.772+0000] {dag.py:3954} INFO - Setting next_dagrun for example_nested_branch_dag to 2024-07-04 00:00:00+00:00, run_after=2024-07-05 00:00:00+00:00
[2024-07-05T14:14:55.782+0000] {processor.py:183} INFO - Processing /home/airflow/.local/lib/python3.12/site-packages/airflow/example_dags/example_nested_branch_dag.py took 0.044 seconds
[2024-07-05T14:15:26.111+0000] {processor.py:161} INFO - Started process (PID=751) to work on /home/airflow/.local/lib/python3.12/site-packages/airflow/example_dags/example_nested_branch_dag.py
[2024-07-05T14:15:26.112+0000] {processor.py:830} INFO - Processing file /home/airflow/.local/lib/python3.12/site-packages/airflow/example_dags/example_nested_branch_dag.py for tasks to queue
[2024-07-05T14:15:26.113+0000] {logging_mixin.py:188} INFO - [2024-07-05T14:15:26.113+0000] {dagbag.py:545} INFO - Filling up the DagBag from /home/airflow/.local/lib/python3.12/site-packages/airflow/example_dags/example_nested_branch_dag.py
[2024-07-05T14:15:26.118+0000] {processor.py:840} INFO - DAG(s) 'example_nested_branch_dag' retrieved from /home/airflow/.local/lib/python3.12/site-packages/airflow/example_dags/example_nested_branch_dag.py
[2024-07-05T14:15:26.130+0000] {logging_mixin.py:188} INFO - [2024-07-05T14:15:26.130+0000] {dag.py:3096} INFO - Sync 1 DAGs
[2024-07-05T14:15:26.141+0000] {logging_mixin.py:188} INFO - [2024-07-05T14:15:26.141+0000] {dag.py:3954} INFO - Setting next_dagrun for example_nested_branch_dag to 2024-07-04 00:00:00+00:00, run_after=2024-07-05 00:00:00+00:00
[2024-07-05T14:15:26.151+0000] {processor.py:183} INFO - Processing /home/airflow/.local/lib/python3.12/site-packages/airflow/example_dags/example_nested_branch_dag.py took 0.044 seconds
[2024-07-05T14:15:56.455+0000] {processor.py:161} INFO - Started process (PID=809) to work on /home/airflow/.local/lib/python3.12/site-packages/airflow/example_dags/example_nested_branch_dag.py
[2024-07-05T14:15:56.456+0000] {processor.py:830} INFO - Processing file /home/airflow/.local/lib/python3.12/site-packages/airflow/example_dags/example_nested_branch_dag.py for tasks to queue
[2024-07-05T14:15:56.457+0000] {logging_mixin.py:188} INFO - [2024-07-05T14:15:56.457+0000] {dagbag.py:545} INFO - Filling up the DagBag from /home/airflow/.local/lib/python3.12/site-packages/airflow/example_dags/example_nested_branch_dag.py
[2024-07-05T14:15:56.463+0000] {processor.py:840} INFO - DAG(s) 'example_nested_branch_dag' retrieved from /home/airflow/.local/lib/python3.12/site-packages/airflow/example_dags/example_nested_branch_dag.py
[2024-07-05T14:15:56.480+0000] {logging_mixin.py:188} INFO - [2024-07-05T14:15:56.479+0000] {dag.py:3096} INFO - Sync 1 DAGs
[2024-07-05T14:15:56.493+0000] {logging_mixin.py:188} INFO - [2024-07-05T14:15:56.492+0000] {dag.py:3954} INFO - Setting next_dagrun for example_nested_branch_dag to 2024-07-04 00:00:00+00:00, run_after=2024-07-05 00:00:00+00:00
[2024-07-05T14:15:56.502+0000] {processor.py:183} INFO - Processing /home/airflow/.local/lib/python3.12/site-packages/airflow/example_dags/example_nested_branch_dag.py took 0.050 seconds
[2024-07-05T14:16:26.907+0000] {processor.py:161} INFO - Started process (PID=867) to work on /home/airflow/.local/lib/python3.12/site-packages/airflow/example_dags/example_nested_branch_dag.py
[2024-07-05T14:16:26.908+0000] {processor.py:830} INFO - Processing file /home/airflow/.local/lib/python3.12/site-packages/airflow/example_dags/example_nested_branch_dag.py for tasks to queue
[2024-07-05T14:16:26.910+0000] {logging_mixin.py:188} INFO - [2024-07-05T14:16:26.910+0000] {dagbag.py:545} INFO - Filling up the DagBag from /home/airflow/.local/lib/python3.12/site-packages/airflow/example_dags/example_nested_branch_dag.py
[2024-07-05T14:16:26.918+0000] {processor.py:840} INFO - DAG(s) 'example_nested_branch_dag' retrieved from /home/airflow/.local/lib/python3.12/site-packages/airflow/example_dags/example_nested_branch_dag.py
[2024-07-05T14:16:26.930+0000] {logging_mixin.py:188} INFO - [2024-07-05T14:16:26.930+0000] {dag.py:3096} INFO - Sync 1 DAGs
[2024-07-05T14:16:26.942+0000] {logging_mixin.py:188} INFO - [2024-07-05T14:16:26.942+0000] {dag.py:3954} INFO - Setting next_dagrun for example_nested_branch_dag to 2024-07-04 00:00:00+00:00, run_after=2024-07-05 00:00:00+00:00
[2024-07-05T14:16:26.952+0000] {processor.py:183} INFO - Processing /home/airflow/.local/lib/python3.12/site-packages/airflow/example_dags/example_nested_branch_dag.py took 0.048 seconds
[2024-07-05T14:16:57.249+0000] {processor.py:161} INFO - Started process (PID=925) to work on /home/airflow/.local/lib/python3.12/site-packages/airflow/example_dags/example_nested_branch_dag.py
[2024-07-05T14:16:57.250+0000] {processor.py:830} INFO - Processing file /home/airflow/.local/lib/python3.12/site-packages/airflow/example_dags/example_nested_branch_dag.py for tasks to queue
[2024-07-05T14:16:57.251+0000] {logging_mixin.py:188} INFO - [2024-07-05T14:16:57.251+0000] {dagbag.py:545} INFO - Filling up the DagBag from /home/airflow/.local/lib/python3.12/site-packages/airflow/example_dags/example_nested_branch_dag.py
[2024-07-05T14:16:57.256+0000] {processor.py:840} INFO - DAG(s) 'example_nested_branch_dag' retrieved from /home/airflow/.local/lib/python3.12/site-packages/airflow/example_dags/example_nested_branch_dag.py
[2024-07-05T14:16:57.267+0000] {logging_mixin.py:188} INFO - [2024-07-05T14:16:57.267+0000] {dag.py:3096} INFO - Sync 1 DAGs
[2024-07-05T14:16:57.277+0000] {logging_mixin.py:188} INFO - [2024-07-05T14:16:57.277+0000] {dag.py:3954} INFO - Setting next_dagrun for example_nested_branch_dag to 2024-07-04 00:00:00+00:00, run_after=2024-07-05 00:00:00+00:00
[2024-07-05T14:16:57.286+0000] {processor.py:183} INFO - Processing /home/airflow/.local/lib/python3.12/site-packages/airflow/example_dags/example_nested_branch_dag.py took 0.040 seconds
[2024-07-05T14:17:27.661+0000] {processor.py:161} INFO - Started process (PID=983) to work on /home/airflow/.local/lib/python3.12/site-packages/airflow/example_dags/example_nested_branch_dag.py
[2024-07-05T14:17:27.662+0000] {processor.py:830} INFO - Processing file /home/airflow/.local/lib/python3.12/site-packages/airflow/example_dags/example_nested_branch_dag.py for tasks to queue
[2024-07-05T14:17:27.663+0000] {logging_mixin.py:188} INFO - [2024-07-05T14:17:27.663+0000] {dagbag.py:545} INFO - Filling up the DagBag from /home/airflow/.local/lib/python3.12/site-packages/airflow/example_dags/example_nested_branch_dag.py
[2024-07-05T14:17:27.669+0000] {processor.py:840} INFO - DAG(s) 'example_nested_branch_dag' retrieved from /home/airflow/.local/lib/python3.12/site-packages/airflow/example_dags/example_nested_branch_dag.py
[2024-07-05T14:17:27.679+0000] {logging_mixin.py:188} INFO - [2024-07-05T14:17:27.679+0000] {dag.py:3096} INFO - Sync 1 DAGs
[2024-07-05T14:17:27.695+0000] {logging_mixin.py:188} INFO - [2024-07-05T14:17:27.695+0000] {dag.py:3954} INFO - Setting next_dagrun for example_nested_branch_dag to 2024-07-04 00:00:00+00:00, run_after=2024-07-05 00:00:00+00:00
[2024-07-05T14:17:27.706+0000] {processor.py:183} INFO - Processing /home/airflow/.local/lib/python3.12/site-packages/airflow/example_dags/example_nested_branch_dag.py took 0.048 seconds
[2024-07-05T14:17:58.068+0000] {processor.py:161} INFO - Started process (PID=1041) to work on /home/airflow/.local/lib/python3.12/site-packages/airflow/example_dags/example_nested_branch_dag.py
[2024-07-05T14:17:58.069+0000] {processor.py:830} INFO - Processing file /home/airflow/.local/lib/python3.12/site-packages/airflow/example_dags/example_nested_branch_dag.py for tasks to queue
[2024-07-05T14:17:58.071+0000] {logging_mixin.py:188} INFO - [2024-07-05T14:17:58.070+0000] {dagbag.py:545} INFO - Filling up the DagBag from /home/airflow/.local/lib/python3.12/site-packages/airflow/example_dags/example_nested_branch_dag.py
[2024-07-05T14:17:58.076+0000] {processor.py:840} INFO - DAG(s) 'example_nested_branch_dag' retrieved from /home/airflow/.local/lib/python3.12/site-packages/airflow/example_dags/example_nested_branch_dag.py
[2024-07-05T14:17:58.089+0000] {logging_mixin.py:188} INFO - [2024-07-05T14:17:58.089+0000] {dag.py:3096} INFO - Sync 1 DAGs
[2024-07-05T14:17:58.101+0000] {logging_mixin.py:188} INFO - [2024-07-05T14:17:58.101+0000] {dag.py:3954} INFO - Setting next_dagrun for example_nested_branch_dag to 2024-07-04 00:00:00+00:00, run_after=2024-07-05 00:00:00+00:00
[2024-07-05T14:17:58.111+0000] {processor.py:183} INFO - Processing /home/airflow/.local/lib/python3.12/site-packages/airflow/example_dags/example_nested_branch_dag.py took 0.048 seconds
[2024-07-05T14:18:28.749+0000] {processor.py:161} INFO - Started process (PID=1099) to work on /home/airflow/.local/lib/python3.12/site-packages/airflow/example_dags/example_nested_branch_dag.py
[2024-07-05T14:18:28.749+0000] {processor.py:830} INFO - Processing file /home/airflow/.local/lib/python3.12/site-packages/airflow/example_dags/example_nested_branch_dag.py for tasks to queue
[2024-07-05T14:18:28.750+0000] {logging_mixin.py:188} INFO - [2024-07-05T14:18:28.750+0000] {dagbag.py:545} INFO - Filling up the DagBag from /home/airflow/.local/lib/python3.12/site-packages/airflow/example_dags/example_nested_branch_dag.py
[2024-07-05T14:18:28.755+0000] {processor.py:840} INFO - DAG(s) 'example_nested_branch_dag' retrieved from /home/airflow/.local/lib/python3.12/site-packages/airflow/example_dags/example_nested_branch_dag.py
[2024-07-05T14:18:28.765+0000] {logging_mixin.py:188} INFO - [2024-07-05T14:18:28.765+0000] {dag.py:3096} INFO - Sync 1 DAGs
[2024-07-05T14:18:28.779+0000] {logging_mixin.py:188} INFO - [2024-07-05T14:18:28.778+0000] {dag.py:3954} INFO - Setting next_dagrun for example_nested_branch_dag to 2024-07-04 00:00:00+00:00, run_after=2024-07-05 00:00:00+00:00
[2024-07-05T14:18:28.786+0000] {processor.py:183} INFO - Processing /home/airflow/.local/lib/python3.12/site-packages/airflow/example_dags/example_nested_branch_dag.py took 0.040 seconds
[2024-07-05T14:18:59.252+0000] {processor.py:161} INFO - Started process (PID=1156) to work on /home/airflow/.local/lib/python3.12/site-packages/airflow/example_dags/example_nested_branch_dag.py
[2024-07-05T14:18:59.253+0000] {processor.py:830} INFO - Processing file /home/airflow/.local/lib/python3.12/site-packages/airflow/example_dags/example_nested_branch_dag.py for tasks to queue
[2024-07-05T14:18:59.255+0000] {logging_mixin.py:188} INFO - [2024-07-05T14:18:59.255+0000] {dagbag.py:545} INFO - Filling up the DagBag from /home/airflow/.local/lib/python3.12/site-packages/airflow/example_dags/example_nested_branch_dag.py
[2024-07-05T14:18:59.261+0000] {processor.py:840} INFO - DAG(s) 'example_nested_branch_dag' retrieved from /home/airflow/.local/lib/python3.12/site-packages/airflow/example_dags/example_nested_branch_dag.py
[2024-07-05T14:18:59.271+0000] {logging_mixin.py:188} INFO - [2024-07-05T14:18:59.271+0000] {dag.py:3096} INFO - Sync 1 DAGs
[2024-07-05T14:18:59.283+0000] {logging_mixin.py:188} INFO - [2024-07-05T14:18:59.283+0000] {dag.py:3954} INFO - Setting next_dagrun for example_nested_branch_dag to 2024-07-04 00:00:00+00:00, run_after=2024-07-05 00:00:00+00:00
[2024-07-05T14:18:59.292+0000] {processor.py:183} INFO - Processing /home/airflow/.local/lib/python3.12/site-packages/airflow/example_dags/example_nested_branch_dag.py took 0.043 seconds
[2024-07-05T14:19:29.449+0000] {processor.py:161} INFO - Started process (PID=1214) to work on /home/airflow/.local/lib/python3.12/site-packages/airflow/example_dags/example_nested_branch_dag.py
[2024-07-05T14:19:29.450+0000] {processor.py:830} INFO - Processing file /home/airflow/.local/lib/python3.12/site-packages/airflow/example_dags/example_nested_branch_dag.py for tasks to queue
[2024-07-05T14:19:29.451+0000] {logging_mixin.py:188} INFO - [2024-07-05T14:19:29.450+0000] {dagbag.py:545} INFO - Filling up the DagBag from /home/airflow/.local/lib/python3.12/site-packages/airflow/example_dags/example_nested_branch_dag.py
[2024-07-05T14:19:29.455+0000] {processor.py:840} INFO - DAG(s) 'example_nested_branch_dag' retrieved from /home/airflow/.local/lib/python3.12/site-packages/airflow/example_dags/example_nested_branch_dag.py
[2024-07-05T14:19:29.465+0000] {logging_mixin.py:188} INFO - [2024-07-05T14:19:29.465+0000] {dag.py:3096} INFO - Sync 1 DAGs
[2024-07-05T14:19:29.474+0000] {logging_mixin.py:188} INFO - [2024-07-05T14:19:29.474+0000] {dag.py:3954} INFO - Setting next_dagrun for example_nested_branch_dag to 2024-07-04 00:00:00+00:00, run_after=2024-07-05 00:00:00+00:00
[2024-07-05T14:19:29.483+0000] {processor.py:183} INFO - Processing /home/airflow/.local/lib/python3.12/site-packages/airflow/example_dags/example_nested_branch_dag.py took 0.037 seconds
[2024-07-05T14:19:59.774+0000] {processor.py:161} INFO - Started process (PID=1272) to work on /home/airflow/.local/lib/python3.12/site-packages/airflow/example_dags/example_nested_branch_dag.py
[2024-07-05T14:19:59.775+0000] {processor.py:830} INFO - Processing file /home/airflow/.local/lib/python3.12/site-packages/airflow/example_dags/example_nested_branch_dag.py for tasks to queue
[2024-07-05T14:19:59.777+0000] {logging_mixin.py:188} INFO - [2024-07-05T14:19:59.777+0000] {dagbag.py:545} INFO - Filling up the DagBag from /home/airflow/.local/lib/python3.12/site-packages/airflow/example_dags/example_nested_branch_dag.py
[2024-07-05T14:19:59.794+0000] {processor.py:840} INFO - DAG(s) 'example_nested_branch_dag' retrieved from /home/airflow/.local/lib/python3.12/site-packages/airflow/example_dags/example_nested_branch_dag.py
[2024-07-05T14:19:59.803+0000] {logging_mixin.py:188} INFO - [2024-07-05T14:19:59.803+0000] {dag.py:3096} INFO - Sync 1 DAGs
[2024-07-05T14:19:59.819+0000] {logging_mixin.py:188} INFO - [2024-07-05T14:19:59.818+0000] {dag.py:3954} INFO - Setting next_dagrun for example_nested_branch_dag to 2024-07-04 00:00:00+00:00, run_after=2024-07-05 00:00:00+00:00
[2024-07-05T14:19:59.828+0000] {processor.py:183} INFO - Processing /home/airflow/.local/lib/python3.12/site-packages/airflow/example_dags/example_nested_branch_dag.py took 0.061 seconds
[2024-07-05T14:20:30.669+0000] {processor.py:161} INFO - Started process (PID=1330) to work on /home/airflow/.local/lib/python3.12/site-packages/airflow/example_dags/example_nested_branch_dag.py
[2024-07-05T14:20:30.670+0000] {processor.py:830} INFO - Processing file /home/airflow/.local/lib/python3.12/site-packages/airflow/example_dags/example_nested_branch_dag.py for tasks to queue
[2024-07-05T14:20:30.671+0000] {logging_mixin.py:188} INFO - [2024-07-05T14:20:30.671+0000] {dagbag.py:545} INFO - Filling up the DagBag from /home/airflow/.local/lib/python3.12/site-packages/airflow/example_dags/example_nested_branch_dag.py
[2024-07-05T14:20:30.676+0000] {processor.py:840} INFO - DAG(s) 'example_nested_branch_dag' retrieved from /home/airflow/.local/lib/python3.12/site-packages/airflow/example_dags/example_nested_branch_dag.py
[2024-07-05T14:20:30.721+0000] {logging_mixin.py:188} INFO - [2024-07-05T14:20:30.721+0000] {dag.py:3096} INFO - Sync 1 DAGs
[2024-07-05T14:20:30.729+0000] {logging_mixin.py:188} INFO - [2024-07-05T14:20:30.729+0000] {dag.py:3954} INFO - Setting next_dagrun for example_nested_branch_dag to 2024-07-04 00:00:00+00:00, run_after=2024-07-05 00:00:00+00:00
[2024-07-05T14:20:30.737+0000] {processor.py:183} INFO - Processing /home/airflow/.local/lib/python3.12/site-packages/airflow/example_dags/example_nested_branch_dag.py took 0.071 seconds
[2024-07-05T14:21:01.146+0000] {processor.py:161} INFO - Started process (PID=1388) to work on /home/airflow/.local/lib/python3.12/site-packages/airflow/example_dags/example_nested_branch_dag.py
[2024-07-05T14:21:01.146+0000] {processor.py:830} INFO - Processing file /home/airflow/.local/lib/python3.12/site-packages/airflow/example_dags/example_nested_branch_dag.py for tasks to queue
[2024-07-05T14:21:01.147+0000] {logging_mixin.py:188} INFO - [2024-07-05T14:21:01.147+0000] {dagbag.py:545} INFO - Filling up the DagBag from /home/airflow/.local/lib/python3.12/site-packages/airflow/example_dags/example_nested_branch_dag.py
[2024-07-05T14:21:01.152+0000] {processor.py:840} INFO - DAG(s) 'example_nested_branch_dag' retrieved from /home/airflow/.local/lib/python3.12/site-packages/airflow/example_dags/example_nested_branch_dag.py
[2024-07-05T14:21:01.161+0000] {logging_mixin.py:188} INFO - [2024-07-05T14:21:01.161+0000] {dag.py:3096} INFO - Sync 1 DAGs
[2024-07-05T14:21:01.171+0000] {logging_mixin.py:188} INFO - [2024-07-05T14:21:01.171+0000] {dag.py:3954} INFO - Setting next_dagrun for example_nested_branch_dag to 2024-07-04 00:00:00+00:00, run_after=2024-07-05 00:00:00+00:00
[2024-07-05T14:21:01.178+0000] {processor.py:183} INFO - Processing /home/airflow/.local/lib/python3.12/site-packages/airflow/example_dags/example_nested_branch_dag.py took 0.035 seconds
[2024-07-05T14:21:31.440+0000] {processor.py:161} INFO - Started process (PID=1446) to work on /home/airflow/.local/lib/python3.12/site-packages/airflow/example_dags/example_nested_branch_dag.py
[2024-07-05T14:21:31.440+0000] {processor.py:830} INFO - Processing file /home/airflow/.local/lib/python3.12/site-packages/airflow/example_dags/example_nested_branch_dag.py for tasks to queue
[2024-07-05T14:21:31.441+0000] {logging_mixin.py:188} INFO - [2024-07-05T14:21:31.441+0000] {dagbag.py:545} INFO - Filling up the DagBag from /home/airflow/.local/lib/python3.12/site-packages/airflow/example_dags/example_nested_branch_dag.py
[2024-07-05T14:21:31.447+0000] {processor.py:840} INFO - DAG(s) 'example_nested_branch_dag' retrieved from /home/airflow/.local/lib/python3.12/site-packages/airflow/example_dags/example_nested_branch_dag.py
[2024-07-05T14:21:31.457+0000] {logging_mixin.py:188} INFO - [2024-07-05T14:21:31.457+0000] {dag.py:3096} INFO - Sync 1 DAGs
[2024-07-05T14:21:31.467+0000] {logging_mixin.py:188} INFO - [2024-07-05T14:21:31.467+0000] {dag.py:3954} INFO - Setting next_dagrun for example_nested_branch_dag to 2024-07-04 00:00:00+00:00, run_after=2024-07-05 00:00:00+00:00
[2024-07-05T14:21:31.477+0000] {processor.py:183} INFO - Processing /home/airflow/.local/lib/python3.12/site-packages/airflow/example_dags/example_nested_branch_dag.py took 0.040 seconds
[2024-07-05T14:22:01.984+0000] {processor.py:161} INFO - Started process (PID=1504) to work on /home/airflow/.local/lib/python3.12/site-packages/airflow/example_dags/example_nested_branch_dag.py
[2024-07-05T14:22:01.985+0000] {processor.py:830} INFO - Processing file /home/airflow/.local/lib/python3.12/site-packages/airflow/example_dags/example_nested_branch_dag.py for tasks to queue
[2024-07-05T14:22:01.986+0000] {logging_mixin.py:188} INFO - [2024-07-05T14:22:01.985+0000] {dagbag.py:545} INFO - Filling up the DagBag from /home/airflow/.local/lib/python3.12/site-packages/airflow/example_dags/example_nested_branch_dag.py
[2024-07-05T14:22:01.991+0000] {processor.py:840} INFO - DAG(s) 'example_nested_branch_dag' retrieved from /home/airflow/.local/lib/python3.12/site-packages/airflow/example_dags/example_nested_branch_dag.py
[2024-07-05T14:22:02.002+0000] {logging_mixin.py:188} INFO - [2024-07-05T14:22:02.001+0000] {dag.py:3096} INFO - Sync 1 DAGs
[2024-07-05T14:22:02.012+0000] {logging_mixin.py:188} INFO - [2024-07-05T14:22:02.012+0000] {dag.py:3954} INFO - Setting next_dagrun for example_nested_branch_dag to 2024-07-04 00:00:00+00:00, run_after=2024-07-05 00:00:00+00:00
[2024-07-05T14:22:02.021+0000] {processor.py:183} INFO - Processing /home/airflow/.local/lib/python3.12/site-packages/airflow/example_dags/example_nested_branch_dag.py took 0.041 seconds
[2024-07-05T14:22:32.777+0000] {processor.py:161} INFO - Started process (PID=1562) to work on /home/airflow/.local/lib/python3.12/site-packages/airflow/example_dags/example_nested_branch_dag.py
[2024-07-05T14:22:32.778+0000] {processor.py:830} INFO - Processing file /home/airflow/.local/lib/python3.12/site-packages/airflow/example_dags/example_nested_branch_dag.py for tasks to queue
[2024-07-05T14:22:32.779+0000] {logging_mixin.py:188} INFO - [2024-07-05T14:22:32.779+0000] {dagbag.py:545} INFO - Filling up the DagBag from /home/airflow/.local/lib/python3.12/site-packages/airflow/example_dags/example_nested_branch_dag.py
[2024-07-05T14:22:32.785+0000] {processor.py:840} INFO - DAG(s) 'example_nested_branch_dag' retrieved from /home/airflow/.local/lib/python3.12/site-packages/airflow/example_dags/example_nested_branch_dag.py
[2024-07-05T14:22:32.797+0000] {logging_mixin.py:188} INFO - [2024-07-05T14:22:32.797+0000] {dag.py:3096} INFO - Sync 1 DAGs
[2024-07-05T14:22:32.808+0000] {logging_mixin.py:188} INFO - [2024-07-05T14:22:32.808+0000] {dag.py:3954} INFO - Setting next_dagrun for example_nested_branch_dag to 2024-07-04 00:00:00+00:00, run_after=2024-07-05 00:00:00+00:00
[2024-07-05T14:22:32.818+0000] {processor.py:183} INFO - Processing /home/airflow/.local/lib/python3.12/site-packages/airflow/example_dags/example_nested_branch_dag.py took 0.044 seconds
[2024-07-05T14:23:03.001+0000] {processor.py:161} INFO - Started process (PID=1620) to work on /home/airflow/.local/lib/python3.12/site-packages/airflow/example_dags/example_nested_branch_dag.py
[2024-07-05T14:23:03.001+0000] {processor.py:830} INFO - Processing file /home/airflow/.local/lib/python3.12/site-packages/airflow/example_dags/example_nested_branch_dag.py for tasks to queue
[2024-07-05T14:23:03.003+0000] {logging_mixin.py:188} INFO - [2024-07-05T14:23:03.002+0000] {dagbag.py:545} INFO - Filling up the DagBag from /home/airflow/.local/lib/python3.12/site-packages/airflow/example_dags/example_nested_branch_dag.py
[2024-07-05T14:23:03.008+0000] {processor.py:840} INFO - DAG(s) 'example_nested_branch_dag' retrieved from /home/airflow/.local/lib/python3.12/site-packages/airflow/example_dags/example_nested_branch_dag.py
[2024-07-05T14:23:03.020+0000] {logging_mixin.py:188} INFO - [2024-07-05T14:23:03.019+0000] {dag.py:3096} INFO - Sync 1 DAGs
[2024-07-05T14:23:03.032+0000] {logging_mixin.py:188} INFO - [2024-07-05T14:23:03.032+0000] {dag.py:3954} INFO - Setting next_dagrun for example_nested_branch_dag to 2024-07-04 00:00:00+00:00, run_after=2024-07-05 00:00:00+00:00
[2024-07-05T14:23:03.041+0000] {processor.py:183} INFO - Processing /home/airflow/.local/lib/python3.12/site-packages/airflow/example_dags/example_nested_branch_dag.py took 0.044 seconds
[2024-07-05T14:23:33.780+0000] {processor.py:161} INFO - Started process (PID=1678) to work on /home/airflow/.local/lib/python3.12/site-packages/airflow/example_dags/example_nested_branch_dag.py
[2024-07-05T14:23:33.781+0000] {processor.py:830} INFO - Processing file /home/airflow/.local/lib/python3.12/site-packages/airflow/example_dags/example_nested_branch_dag.py for tasks to queue
[2024-07-05T14:23:33.782+0000] {logging_mixin.py:188} INFO - [2024-07-05T14:23:33.782+0000] {dagbag.py:545} INFO - Filling up the DagBag from /home/airflow/.local/lib/python3.12/site-packages/airflow/example_dags/example_nested_branch_dag.py
[2024-07-05T14:23:33.789+0000] {processor.py:840} INFO - DAG(s) 'example_nested_branch_dag' retrieved from /home/airflow/.local/lib/python3.12/site-packages/airflow/example_dags/example_nested_branch_dag.py
[2024-07-05T14:23:33.808+0000] {logging_mixin.py:188} INFO - [2024-07-05T14:23:33.808+0000] {dag.py:3096} INFO - Sync 1 DAGs
[2024-07-05T14:23:33.823+0000] {logging_mixin.py:188} INFO - [2024-07-05T14:23:33.823+0000] {dag.py:3954} INFO - Setting next_dagrun for example_nested_branch_dag to 2024-07-04 00:00:00+00:00, run_after=2024-07-05 00:00:00+00:00
[2024-07-05T14:23:33.921+0000] {processor.py:183} INFO - Processing /home/airflow/.local/lib/python3.12/site-packages/airflow/example_dags/example_nested_branch_dag.py took 0.144 seconds
[2024-07-05T14:24:03.984+0000] {processor.py:161} INFO - Started process (PID=1736) to work on /home/airflow/.local/lib/python3.12/site-packages/airflow/example_dags/example_nested_branch_dag.py
[2024-07-05T14:24:03.985+0000] {processor.py:830} INFO - Processing file /home/airflow/.local/lib/python3.12/site-packages/airflow/example_dags/example_nested_branch_dag.py for tasks to queue
[2024-07-05T14:24:03.986+0000] {logging_mixin.py:188} INFO - [2024-07-05T14:24:03.986+0000] {dagbag.py:545} INFO - Filling up the DagBag from /home/airflow/.local/lib/python3.12/site-packages/airflow/example_dags/example_nested_branch_dag.py
[2024-07-05T14:24:03.991+0000] {processor.py:840} INFO - DAG(s) 'example_nested_branch_dag' retrieved from /home/airflow/.local/lib/python3.12/site-packages/airflow/example_dags/example_nested_branch_dag.py
[2024-07-05T14:24:04.001+0000] {logging_mixin.py:188} INFO - [2024-07-05T14:24:04.001+0000] {dag.py:3096} INFO - Sync 1 DAGs
[2024-07-05T14:24:04.011+0000] {logging_mixin.py:188} INFO - [2024-07-05T14:24:04.011+0000] {dag.py:3954} INFO - Setting next_dagrun for example_nested_branch_dag to 2024-07-04 00:00:00+00:00, run_after=2024-07-05 00:00:00+00:00
[2024-07-05T14:24:04.099+0000] {processor.py:183} INFO - Processing /home/airflow/.local/lib/python3.12/site-packages/airflow/example_dags/example_nested_branch_dag.py took 0.117 seconds
[2024-07-05T14:24:35.142+0000] {processor.py:161} INFO - Started process (PID=1793) to work on /home/airflow/.local/lib/python3.12/site-packages/airflow/example_dags/example_nested_branch_dag.py
[2024-07-05T14:24:35.143+0000] {processor.py:830} INFO - Processing file /home/airflow/.local/lib/python3.12/site-packages/airflow/example_dags/example_nested_branch_dag.py for tasks to queue
[2024-07-05T14:24:35.144+0000] {logging_mixin.py:188} INFO - [2024-07-05T14:24:35.143+0000] {dagbag.py:545} INFO - Filling up the DagBag from /home/airflow/.local/lib/python3.12/site-packages/airflow/example_dags/example_nested_branch_dag.py
[2024-07-05T14:24:35.149+0000] {processor.py:840} INFO - DAG(s) 'example_nested_branch_dag' retrieved from /home/airflow/.local/lib/python3.12/site-packages/airflow/example_dags/example_nested_branch_dag.py
[2024-07-05T14:24:35.160+0000] {logging_mixin.py:188} INFO - [2024-07-05T14:24:35.159+0000] {dag.py:3096} INFO - Sync 1 DAGs
[2024-07-05T14:24:35.171+0000] {logging_mixin.py:188} INFO - [2024-07-05T14:24:35.170+0000] {dag.py:3954} INFO - Setting next_dagrun for example_nested_branch_dag to 2024-07-04 00:00:00+00:00, run_after=2024-07-05 00:00:00+00:00
[2024-07-05T14:24:35.263+0000] {processor.py:183} INFO - Processing /home/airflow/.local/lib/python3.12/site-packages/airflow/example_dags/example_nested_branch_dag.py took 0.124 seconds
[2024-07-05T14:25:05.297+0000] {processor.py:161} INFO - Started process (PID=1851) to work on /home/airflow/.local/lib/python3.12/site-packages/airflow/example_dags/example_nested_branch_dag.py
[2024-07-05T14:25:05.298+0000] {processor.py:830} INFO - Processing file /home/airflow/.local/lib/python3.12/site-packages/airflow/example_dags/example_nested_branch_dag.py for tasks to queue
[2024-07-05T14:25:05.300+0000] {logging_mixin.py:188} INFO - [2024-07-05T14:25:05.300+0000] {dagbag.py:545} INFO - Filling up the DagBag from /home/airflow/.local/lib/python3.12/site-packages/airflow/example_dags/example_nested_branch_dag.py
[2024-07-05T14:25:05.305+0000] {processor.py:840} INFO - DAG(s) 'example_nested_branch_dag' retrieved from /home/airflow/.local/lib/python3.12/site-packages/airflow/example_dags/example_nested_branch_dag.py
[2024-07-05T14:25:05.315+0000] {logging_mixin.py:188} INFO - [2024-07-05T14:25:05.315+0000] {dag.py:3096} INFO - Sync 1 DAGs
[2024-07-05T14:25:05.326+0000] {logging_mixin.py:188} INFO - [2024-07-05T14:25:05.326+0000] {dag.py:3954} INFO - Setting next_dagrun for example_nested_branch_dag to 2024-07-04 00:00:00+00:00, run_after=2024-07-05 00:00:00+00:00
[2024-07-05T14:25:05.336+0000] {processor.py:183} INFO - Processing /home/airflow/.local/lib/python3.12/site-packages/airflow/example_dags/example_nested_branch_dag.py took 0.045 seconds
[2024-07-05T14:25:35.773+0000] {processor.py:161} INFO - Started process (PID=1909) to work on /home/airflow/.local/lib/python3.12/site-packages/airflow/example_dags/example_nested_branch_dag.py
[2024-07-05T14:25:35.773+0000] {processor.py:830} INFO - Processing file /home/airflow/.local/lib/python3.12/site-packages/airflow/example_dags/example_nested_branch_dag.py for tasks to queue
[2024-07-05T14:25:35.774+0000] {logging_mixin.py:188} INFO - [2024-07-05T14:25:35.774+0000] {dagbag.py:545} INFO - Filling up the DagBag from /home/airflow/.local/lib/python3.12/site-packages/airflow/example_dags/example_nested_branch_dag.py
[2024-07-05T14:25:35.779+0000] {processor.py:840} INFO - DAG(s) 'example_nested_branch_dag' retrieved from /home/airflow/.local/lib/python3.12/site-packages/airflow/example_dags/example_nested_branch_dag.py
[2024-07-05T14:25:35.790+0000] {logging_mixin.py:188} INFO - [2024-07-05T14:25:35.790+0000] {dag.py:3096} INFO - Sync 1 DAGs
[2024-07-05T14:25:35.801+0000] {logging_mixin.py:188} INFO - [2024-07-05T14:25:35.801+0000] {dag.py:3954} INFO - Setting next_dagrun for example_nested_branch_dag to 2024-07-04 00:00:00+00:00, run_after=2024-07-05 00:00:00+00:00
[2024-07-05T14:25:35.810+0000] {processor.py:183} INFO - Processing /home/airflow/.local/lib/python3.12/site-packages/airflow/example_dags/example_nested_branch_dag.py took 0.040 seconds
[2024-07-05T14:26:06.696+0000] {processor.py:161} INFO - Started process (PID=1967) to work on /home/airflow/.local/lib/python3.12/site-packages/airflow/example_dags/example_nested_branch_dag.py
[2024-07-05T14:26:06.696+0000] {processor.py:830} INFO - Processing file /home/airflow/.local/lib/python3.12/site-packages/airflow/example_dags/example_nested_branch_dag.py for tasks to queue
[2024-07-05T14:26:06.697+0000] {logging_mixin.py:188} INFO - [2024-07-05T14:26:06.697+0000] {dagbag.py:545} INFO - Filling up the DagBag from /home/airflow/.local/lib/python3.12/site-packages/airflow/example_dags/example_nested_branch_dag.py
[2024-07-05T14:26:06.703+0000] {processor.py:840} INFO - DAG(s) 'example_nested_branch_dag' retrieved from /home/airflow/.local/lib/python3.12/site-packages/airflow/example_dags/example_nested_branch_dag.py
[2024-07-05T14:26:06.713+0000] {logging_mixin.py:188} INFO - [2024-07-05T14:26:06.713+0000] {dag.py:3096} INFO - Sync 1 DAGs
[2024-07-05T14:26:06.726+0000] {logging_mixin.py:188} INFO - [2024-07-05T14:26:06.725+0000] {dag.py:3954} INFO - Setting next_dagrun for example_nested_branch_dag to 2024-07-04 00:00:00+00:00, run_after=2024-07-05 00:00:00+00:00
[2024-07-05T14:26:06.734+0000] {processor.py:183} INFO - Processing /home/airflow/.local/lib/python3.12/site-packages/airflow/example_dags/example_nested_branch_dag.py took 0.042 seconds
[2024-07-05T14:28:05.235+0000] {processor.py:161} INFO - Started process (PID=54) to work on /home/airflow/.local/lib/python3.12/site-packages/airflow/example_dags/example_nested_branch_dag.py
[2024-07-05T14:28:05.236+0000] {processor.py:830} INFO - Processing file /home/airflow/.local/lib/python3.12/site-packages/airflow/example_dags/example_nested_branch_dag.py for tasks to queue
[2024-07-05T14:28:05.240+0000] {logging_mixin.py:188} INFO - [2024-07-05T14:28:05.239+0000] {dagbag.py:545} INFO - Filling up the DagBag from /home/airflow/.local/lib/python3.12/site-packages/airflow/example_dags/example_nested_branch_dag.py
[2024-07-05T14:28:05.256+0000] {processor.py:840} INFO - DAG(s) 'example_nested_branch_dag' retrieved from /home/airflow/.local/lib/python3.12/site-packages/airflow/example_dags/example_nested_branch_dag.py
[2024-07-05T14:28:05.298+0000] {logging_mixin.py:188} INFO - [2024-07-05T14:28:05.297+0000] {dag.py:3096} INFO - Sync 1 DAGs
[2024-07-05T14:28:05.357+0000] {logging_mixin.py:188} INFO - [2024-07-05T14:28:05.356+0000] {dag.py:3954} INFO - Setting next_dagrun for example_nested_branch_dag to 2024-07-04 00:00:00+00:00, run_after=2024-07-05 00:00:00+00:00
[2024-07-05T14:28:05.383+0000] {processor.py:183} INFO - Processing /home/airflow/.local/lib/python3.12/site-packages/airflow/example_dags/example_nested_branch_dag.py took 0.157 seconds
[2024-07-05T14:28:35.419+0000] {processor.py:161} INFO - Started process (PID=113) to work on /home/airflow/.local/lib/python3.12/site-packages/airflow/example_dags/example_nested_branch_dag.py
[2024-07-05T14:28:35.419+0000] {processor.py:830} INFO - Processing file /home/airflow/.local/lib/python3.12/site-packages/airflow/example_dags/example_nested_branch_dag.py for tasks to queue
[2024-07-05T14:28:35.420+0000] {logging_mixin.py:188} INFO - [2024-07-05T14:28:35.420+0000] {dagbag.py:545} INFO - Filling up the DagBag from /home/airflow/.local/lib/python3.12/site-packages/airflow/example_dags/example_nested_branch_dag.py
[2024-07-05T14:28:35.425+0000] {processor.py:840} INFO - DAG(s) 'example_nested_branch_dag' retrieved from /home/airflow/.local/lib/python3.12/site-packages/airflow/example_dags/example_nested_branch_dag.py
[2024-07-05T14:28:35.430+0000] {logging_mixin.py:188} INFO - [2024-07-05T14:28:35.430+0000] {dag.py:3096} INFO - Sync 1 DAGs
[2024-07-05T14:28:35.440+0000] {logging_mixin.py:188} INFO - [2024-07-05T14:28:35.440+0000] {dag.py:3954} INFO - Setting next_dagrun for example_nested_branch_dag to 2024-07-04 00:00:00+00:00, run_after=2024-07-05 00:00:00+00:00
[2024-07-05T14:28:35.448+0000] {processor.py:183} INFO - Processing /home/airflow/.local/lib/python3.12/site-packages/airflow/example_dags/example_nested_branch_dag.py took 0.032 seconds
[2024-07-05T14:29:06.391+0000] {processor.py:161} INFO - Started process (PID=170) to work on /home/airflow/.local/lib/python3.12/site-packages/airflow/example_dags/example_nested_branch_dag.py
[2024-07-05T14:29:06.392+0000] {processor.py:830} INFO - Processing file /home/airflow/.local/lib/python3.12/site-packages/airflow/example_dags/example_nested_branch_dag.py for tasks to queue
[2024-07-05T14:29:06.392+0000] {logging_mixin.py:188} INFO - [2024-07-05T14:29:06.392+0000] {dagbag.py:545} INFO - Filling up the DagBag from /home/airflow/.local/lib/python3.12/site-packages/airflow/example_dags/example_nested_branch_dag.py
[2024-07-05T14:29:06.397+0000] {processor.py:840} INFO - DAG(s) 'example_nested_branch_dag' retrieved from /home/airflow/.local/lib/python3.12/site-packages/airflow/example_dags/example_nested_branch_dag.py
[2024-07-05T14:29:06.441+0000] {logging_mixin.py:188} INFO - [2024-07-05T14:29:06.441+0000] {dag.py:3096} INFO - Sync 1 DAGs
[2024-07-05T14:29:06.450+0000] {logging_mixin.py:188} INFO - [2024-07-05T14:29:06.450+0000] {dag.py:3954} INFO - Setting next_dagrun for example_nested_branch_dag to 2024-07-04 00:00:00+00:00, run_after=2024-07-05 00:00:00+00:00
[2024-07-05T14:29:06.458+0000] {processor.py:183} INFO - Processing /home/airflow/.local/lib/python3.12/site-packages/airflow/example_dags/example_nested_branch_dag.py took 0.070 seconds
[2024-07-05T14:29:36.484+0000] {processor.py:161} INFO - Started process (PID=228) to work on /home/airflow/.local/lib/python3.12/site-packages/airflow/example_dags/example_nested_branch_dag.py
[2024-07-05T14:29:36.485+0000] {processor.py:830} INFO - Processing file /home/airflow/.local/lib/python3.12/site-packages/airflow/example_dags/example_nested_branch_dag.py for tasks to queue
[2024-07-05T14:29:36.485+0000] {logging_mixin.py:188} INFO - [2024-07-05T14:29:36.485+0000] {dagbag.py:545} INFO - Filling up the DagBag from /home/airflow/.local/lib/python3.12/site-packages/airflow/example_dags/example_nested_branch_dag.py
[2024-07-05T14:29:36.490+0000] {processor.py:840} INFO - DAG(s) 'example_nested_branch_dag' retrieved from /home/airflow/.local/lib/python3.12/site-packages/airflow/example_dags/example_nested_branch_dag.py
[2024-07-05T14:29:36.502+0000] {logging_mixin.py:188} INFO - [2024-07-05T14:29:36.502+0000] {dag.py:3096} INFO - Sync 1 DAGs
[2024-07-05T14:29:36.513+0000] {logging_mixin.py:188} INFO - [2024-07-05T14:29:36.513+0000] {dag.py:3954} INFO - Setting next_dagrun for example_nested_branch_dag to 2024-07-04 00:00:00+00:00, run_after=2024-07-05 00:00:00+00:00
[2024-07-05T14:29:36.521+0000] {processor.py:183} INFO - Processing /home/airflow/.local/lib/python3.12/site-packages/airflow/example_dags/example_nested_branch_dag.py took 0.039 seconds
[2024-07-05T14:30:06.600+0000] {processor.py:161} INFO - Started process (PID=286) to work on /home/airflow/.local/lib/python3.12/site-packages/airflow/example_dags/example_nested_branch_dag.py
[2024-07-05T14:30:06.601+0000] {processor.py:830} INFO - Processing file /home/airflow/.local/lib/python3.12/site-packages/airflow/example_dags/example_nested_branch_dag.py for tasks to queue
[2024-07-05T14:30:06.602+0000] {logging_mixin.py:188} INFO - [2024-07-05T14:30:06.602+0000] {dagbag.py:545} INFO - Filling up the DagBag from /home/airflow/.local/lib/python3.12/site-packages/airflow/example_dags/example_nested_branch_dag.py
[2024-07-05T14:30:06.606+0000] {processor.py:840} INFO - DAG(s) 'example_nested_branch_dag' retrieved from /home/airflow/.local/lib/python3.12/site-packages/airflow/example_dags/example_nested_branch_dag.py
[2024-07-05T14:30:06.616+0000] {logging_mixin.py:188} INFO - [2024-07-05T14:30:06.616+0000] {dag.py:3096} INFO - Sync 1 DAGs
[2024-07-05T14:30:06.626+0000] {logging_mixin.py:188} INFO - [2024-07-05T14:30:06.626+0000] {dag.py:3954} INFO - Setting next_dagrun for example_nested_branch_dag to 2024-07-04 00:00:00+00:00, run_after=2024-07-05 00:00:00+00:00
[2024-07-05T14:30:06.635+0000] {processor.py:183} INFO - Processing /home/airflow/.local/lib/python3.12/site-packages/airflow/example_dags/example_nested_branch_dag.py took 0.037 seconds
[2024-07-05T14:30:37.171+0000] {processor.py:161} INFO - Started process (PID=344) to work on /home/airflow/.local/lib/python3.12/site-packages/airflow/example_dags/example_nested_branch_dag.py
[2024-07-05T14:30:37.172+0000] {processor.py:830} INFO - Processing file /home/airflow/.local/lib/python3.12/site-packages/airflow/example_dags/example_nested_branch_dag.py for tasks to queue
[2024-07-05T14:30:37.172+0000] {logging_mixin.py:188} INFO - [2024-07-05T14:30:37.172+0000] {dagbag.py:545} INFO - Filling up the DagBag from /home/airflow/.local/lib/python3.12/site-packages/airflow/example_dags/example_nested_branch_dag.py
[2024-07-05T14:30:37.177+0000] {processor.py:840} INFO - DAG(s) 'example_nested_branch_dag' retrieved from /home/airflow/.local/lib/python3.12/site-packages/airflow/example_dags/example_nested_branch_dag.py
[2024-07-05T14:30:37.187+0000] {logging_mixin.py:188} INFO - [2024-07-05T14:30:37.187+0000] {dag.py:3096} INFO - Sync 1 DAGs
[2024-07-05T14:30:37.197+0000] {logging_mixin.py:188} INFO - [2024-07-05T14:30:37.197+0000] {dag.py:3954} INFO - Setting next_dagrun for example_nested_branch_dag to 2024-07-04 00:00:00+00:00, run_after=2024-07-05 00:00:00+00:00
[2024-07-05T14:30:37.205+0000] {processor.py:183} INFO - Processing /home/airflow/.local/lib/python3.12/site-packages/airflow/example_dags/example_nested_branch_dag.py took 0.037 seconds
[2024-07-05T14:31:07.815+0000] {processor.py:161} INFO - Started process (PID=402) to work on /home/airflow/.local/lib/python3.12/site-packages/airflow/example_dags/example_nested_branch_dag.py
[2024-07-05T14:31:07.815+0000] {processor.py:830} INFO - Processing file /home/airflow/.local/lib/python3.12/site-packages/airflow/example_dags/example_nested_branch_dag.py for tasks to queue
[2024-07-05T14:31:07.816+0000] {logging_mixin.py:188} INFO - [2024-07-05T14:31:07.816+0000] {dagbag.py:545} INFO - Filling up the DagBag from /home/airflow/.local/lib/python3.12/site-packages/airflow/example_dags/example_nested_branch_dag.py
[2024-07-05T14:31:07.821+0000] {processor.py:840} INFO - DAG(s) 'example_nested_branch_dag' retrieved from /home/airflow/.local/lib/python3.12/site-packages/airflow/example_dags/example_nested_branch_dag.py
[2024-07-05T14:31:07.831+0000] {logging_mixin.py:188} INFO - [2024-07-05T14:31:07.831+0000] {dag.py:3096} INFO - Sync 1 DAGs
[2024-07-05T14:31:07.841+0000] {logging_mixin.py:188} INFO - [2024-07-05T14:31:07.841+0000] {dag.py:3954} INFO - Setting next_dagrun for example_nested_branch_dag to 2024-07-04 00:00:00+00:00, run_after=2024-07-05 00:00:00+00:00
[2024-07-05T14:31:07.849+0000] {processor.py:183} INFO - Processing /home/airflow/.local/lib/python3.12/site-packages/airflow/example_dags/example_nested_branch_dag.py took 0.037 seconds
[2024-07-05T14:31:38.445+0000] {processor.py:161} INFO - Started process (PID=460) to work on /home/airflow/.local/lib/python3.12/site-packages/airflow/example_dags/example_nested_branch_dag.py
[2024-07-05T14:31:38.446+0000] {processor.py:830} INFO - Processing file /home/airflow/.local/lib/python3.12/site-packages/airflow/example_dags/example_nested_branch_dag.py for tasks to queue
[2024-07-05T14:31:38.447+0000] {logging_mixin.py:188} INFO - [2024-07-05T14:31:38.447+0000] {dagbag.py:545} INFO - Filling up the DagBag from /home/airflow/.local/lib/python3.12/site-packages/airflow/example_dags/example_nested_branch_dag.py
[2024-07-05T14:31:38.452+0000] {processor.py:840} INFO - DAG(s) 'example_nested_branch_dag' retrieved from /home/airflow/.local/lib/python3.12/site-packages/airflow/example_dags/example_nested_branch_dag.py
[2024-07-05T14:31:38.463+0000] {logging_mixin.py:188} INFO - [2024-07-05T14:31:38.462+0000] {dag.py:3096} INFO - Sync 1 DAGs
[2024-07-05T14:31:38.474+0000] {logging_mixin.py:188} INFO - [2024-07-05T14:31:38.473+0000] {dag.py:3954} INFO - Setting next_dagrun for example_nested_branch_dag to 2024-07-04 00:00:00+00:00, run_after=2024-07-05 00:00:00+00:00
[2024-07-05T14:31:38.483+0000] {processor.py:183} INFO - Processing /home/airflow/.local/lib/python3.12/site-packages/airflow/example_dags/example_nested_branch_dag.py took 0.040 seconds
[2024-07-05T14:32:09.122+0000] {processor.py:161} INFO - Started process (PID=518) to work on /home/airflow/.local/lib/python3.12/site-packages/airflow/example_dags/example_nested_branch_dag.py
[2024-07-05T14:32:09.123+0000] {processor.py:830} INFO - Processing file /home/airflow/.local/lib/python3.12/site-packages/airflow/example_dags/example_nested_branch_dag.py for tasks to queue
[2024-07-05T14:32:09.124+0000] {logging_mixin.py:188} INFO - [2024-07-05T14:32:09.124+0000] {dagbag.py:545} INFO - Filling up the DagBag from /home/airflow/.local/lib/python3.12/site-packages/airflow/example_dags/example_nested_branch_dag.py
[2024-07-05T14:32:09.129+0000] {processor.py:840} INFO - DAG(s) 'example_nested_branch_dag' retrieved from /home/airflow/.local/lib/python3.12/site-packages/airflow/example_dags/example_nested_branch_dag.py
[2024-07-05T14:32:09.139+0000] {logging_mixin.py:188} INFO - [2024-07-05T14:32:09.139+0000] {dag.py:3096} INFO - Sync 1 DAGs
[2024-07-05T14:32:09.149+0000] {logging_mixin.py:188} INFO - [2024-07-05T14:32:09.149+0000] {dag.py:3954} INFO - Setting next_dagrun for example_nested_branch_dag to 2024-07-04 00:00:00+00:00, run_after=2024-07-05 00:00:00+00:00
[2024-07-05T14:32:09.158+0000] {processor.py:183} INFO - Processing /home/airflow/.local/lib/python3.12/site-packages/airflow/example_dags/example_nested_branch_dag.py took 0.038 seconds
[2024-07-05T14:32:40.002+0000] {processor.py:161} INFO - Started process (PID=576) to work on /home/airflow/.local/lib/python3.12/site-packages/airflow/example_dags/example_nested_branch_dag.py
[2024-07-05T14:32:40.003+0000] {processor.py:830} INFO - Processing file /home/airflow/.local/lib/python3.12/site-packages/airflow/example_dags/example_nested_branch_dag.py for tasks to queue
[2024-07-05T14:32:40.004+0000] {logging_mixin.py:188} INFO - [2024-07-05T14:32:40.004+0000] {dagbag.py:545} INFO - Filling up the DagBag from /home/airflow/.local/lib/python3.12/site-packages/airflow/example_dags/example_nested_branch_dag.py
[2024-07-05T14:32:40.010+0000] {processor.py:840} INFO - DAG(s) 'example_nested_branch_dag' retrieved from /home/airflow/.local/lib/python3.12/site-packages/airflow/example_dags/example_nested_branch_dag.py
[2024-07-05T14:32:40.020+0000] {logging_mixin.py:188} INFO - [2024-07-05T14:32:40.020+0000] {dag.py:3096} INFO - Sync 1 DAGs
[2024-07-05T14:32:40.031+0000] {logging_mixin.py:188} INFO - [2024-07-05T14:32:40.030+0000] {dag.py:3954} INFO - Setting next_dagrun for example_nested_branch_dag to 2024-07-04 00:00:00+00:00, run_after=2024-07-05 00:00:00+00:00
[2024-07-05T14:32:40.039+0000] {processor.py:183} INFO - Processing /home/airflow/.local/lib/python3.12/site-packages/airflow/example_dags/example_nested_branch_dag.py took 0.040 seconds
[2024-07-05T14:33:10.355+0000] {processor.py:161} INFO - Started process (PID=634) to work on /home/airflow/.local/lib/python3.12/site-packages/airflow/example_dags/example_nested_branch_dag.py
[2024-07-05T14:33:10.356+0000] {processor.py:830} INFO - Processing file /home/airflow/.local/lib/python3.12/site-packages/airflow/example_dags/example_nested_branch_dag.py for tasks to queue
[2024-07-05T14:33:10.357+0000] {logging_mixin.py:188} INFO - [2024-07-05T14:33:10.357+0000] {dagbag.py:545} INFO - Filling up the DagBag from /home/airflow/.local/lib/python3.12/site-packages/airflow/example_dags/example_nested_branch_dag.py
[2024-07-05T14:33:10.363+0000] {processor.py:840} INFO - DAG(s) 'example_nested_branch_dag' retrieved from /home/airflow/.local/lib/python3.12/site-packages/airflow/example_dags/example_nested_branch_dag.py
[2024-07-05T14:33:10.377+0000] {logging_mixin.py:188} INFO - [2024-07-05T14:33:10.377+0000] {dag.py:3096} INFO - Sync 1 DAGs
[2024-07-05T14:33:10.392+0000] {logging_mixin.py:188} INFO - [2024-07-05T14:33:10.391+0000] {dag.py:3954} INFO - Setting next_dagrun for example_nested_branch_dag to 2024-07-04 00:00:00+00:00, run_after=2024-07-05 00:00:00+00:00
[2024-07-05T14:33:10.403+0000] {processor.py:183} INFO - Processing /home/airflow/.local/lib/python3.12/site-packages/airflow/example_dags/example_nested_branch_dag.py took 0.053 seconds
[2024-07-05T14:33:40.442+0000] {processor.py:161} INFO - Started process (PID=692) to work on /home/airflow/.local/lib/python3.12/site-packages/airflow/example_dags/example_nested_branch_dag.py
[2024-07-05T14:33:40.443+0000] {processor.py:830} INFO - Processing file /home/airflow/.local/lib/python3.12/site-packages/airflow/example_dags/example_nested_branch_dag.py for tasks to queue
[2024-07-05T14:33:40.444+0000] {logging_mixin.py:188} INFO - [2024-07-05T14:33:40.444+0000] {dagbag.py:545} INFO - Filling up the DagBag from /home/airflow/.local/lib/python3.12/site-packages/airflow/example_dags/example_nested_branch_dag.py
[2024-07-05T14:33:40.450+0000] {processor.py:840} INFO - DAG(s) 'example_nested_branch_dag' retrieved from /home/airflow/.local/lib/python3.12/site-packages/airflow/example_dags/example_nested_branch_dag.py
[2024-07-05T14:33:40.463+0000] {logging_mixin.py:188} INFO - [2024-07-05T14:33:40.463+0000] {dag.py:3096} INFO - Sync 1 DAGs
[2024-07-05T14:33:40.475+0000] {logging_mixin.py:188} INFO - [2024-07-05T14:33:40.475+0000] {dag.py:3954} INFO - Setting next_dagrun for example_nested_branch_dag to 2024-07-04 00:00:00+00:00, run_after=2024-07-05 00:00:00+00:00
[2024-07-05T14:33:40.486+0000] {processor.py:183} INFO - Processing /home/airflow/.local/lib/python3.12/site-packages/airflow/example_dags/example_nested_branch_dag.py took 0.047 seconds
[2024-07-05T14:34:11.019+0000] {processor.py:161} INFO - Started process (PID=750) to work on /home/airflow/.local/lib/python3.12/site-packages/airflow/example_dags/example_nested_branch_dag.py
[2024-07-05T14:34:11.019+0000] {processor.py:830} INFO - Processing file /home/airflow/.local/lib/python3.12/site-packages/airflow/example_dags/example_nested_branch_dag.py for tasks to queue
[2024-07-05T14:34:11.021+0000] {logging_mixin.py:188} INFO - [2024-07-05T14:34:11.021+0000] {dagbag.py:545} INFO - Filling up the DagBag from /home/airflow/.local/lib/python3.12/site-packages/airflow/example_dags/example_nested_branch_dag.py
[2024-07-05T14:34:11.026+0000] {processor.py:840} INFO - DAG(s) 'example_nested_branch_dag' retrieved from /home/airflow/.local/lib/python3.12/site-packages/airflow/example_dags/example_nested_branch_dag.py
[2024-07-05T14:34:11.035+0000] {logging_mixin.py:188} INFO - [2024-07-05T14:34:11.035+0000] {dag.py:3096} INFO - Sync 1 DAGs
[2024-07-05T14:34:11.047+0000] {logging_mixin.py:188} INFO - [2024-07-05T14:34:11.047+0000] {dag.py:3954} INFO - Setting next_dagrun for example_nested_branch_dag to 2024-07-04 00:00:00+00:00, run_after=2024-07-05 00:00:00+00:00
[2024-07-05T14:34:11.057+0000] {processor.py:183} INFO - Processing /home/airflow/.local/lib/python3.12/site-packages/airflow/example_dags/example_nested_branch_dag.py took 0.041 seconds
[2024-07-05T14:34:41.857+0000] {processor.py:161} INFO - Started process (PID=808) to work on /home/airflow/.local/lib/python3.12/site-packages/airflow/example_dags/example_nested_branch_dag.py
[2024-07-05T14:34:41.858+0000] {processor.py:830} INFO - Processing file /home/airflow/.local/lib/python3.12/site-packages/airflow/example_dags/example_nested_branch_dag.py for tasks to queue
[2024-07-05T14:34:41.859+0000] {logging_mixin.py:188} INFO - [2024-07-05T14:34:41.859+0000] {dagbag.py:545} INFO - Filling up the DagBag from /home/airflow/.local/lib/python3.12/site-packages/airflow/example_dags/example_nested_branch_dag.py
[2024-07-05T14:34:41.864+0000] {processor.py:840} INFO - DAG(s) 'example_nested_branch_dag' retrieved from /home/airflow/.local/lib/python3.12/site-packages/airflow/example_dags/example_nested_branch_dag.py
[2024-07-05T14:34:41.874+0000] {logging_mixin.py:188} INFO - [2024-07-05T14:34:41.874+0000] {dag.py:3096} INFO - Sync 1 DAGs
[2024-07-05T14:34:41.886+0000] {logging_mixin.py:188} INFO - [2024-07-05T14:34:41.886+0000] {dag.py:3954} INFO - Setting next_dagrun for example_nested_branch_dag to 2024-07-04 00:00:00+00:00, run_after=2024-07-05 00:00:00+00:00
[2024-07-05T14:34:41.895+0000] {processor.py:183} INFO - Processing /home/airflow/.local/lib/python3.12/site-packages/airflow/example_dags/example_nested_branch_dag.py took 0.040 seconds
[2024-07-05T14:35:11.988+0000] {processor.py:161} INFO - Started process (PID=866) to work on /home/airflow/.local/lib/python3.12/site-packages/airflow/example_dags/example_nested_branch_dag.py
[2024-07-05T14:35:11.989+0000] {processor.py:830} INFO - Processing file /home/airflow/.local/lib/python3.12/site-packages/airflow/example_dags/example_nested_branch_dag.py for tasks to queue
[2024-07-05T14:35:11.990+0000] {logging_mixin.py:188} INFO - [2024-07-05T14:35:11.990+0000] {dagbag.py:545} INFO - Filling up the DagBag from /home/airflow/.local/lib/python3.12/site-packages/airflow/example_dags/example_nested_branch_dag.py
[2024-07-05T14:35:11.995+0000] {processor.py:840} INFO - DAG(s) 'example_nested_branch_dag' retrieved from /home/airflow/.local/lib/python3.12/site-packages/airflow/example_dags/example_nested_branch_dag.py
[2024-07-05T14:35:12.005+0000] {logging_mixin.py:188} INFO - [2024-07-05T14:35:12.005+0000] {dag.py:3096} INFO - Sync 1 DAGs
[2024-07-05T14:35:12.018+0000] {logging_mixin.py:188} INFO - [2024-07-05T14:35:12.018+0000] {dag.py:3954} INFO - Setting next_dagrun for example_nested_branch_dag to 2024-07-04 00:00:00+00:00, run_after=2024-07-05 00:00:00+00:00
[2024-07-05T14:35:12.027+0000] {processor.py:183} INFO - Processing /home/airflow/.local/lib/python3.12/site-packages/airflow/example_dags/example_nested_branch_dag.py took 0.041 seconds
[2024-07-05T14:35:42.467+0000] {processor.py:161} INFO - Started process (PID=924) to work on /home/airflow/.local/lib/python3.12/site-packages/airflow/example_dags/example_nested_branch_dag.py
[2024-07-05T14:35:42.468+0000] {processor.py:830} INFO - Processing file /home/airflow/.local/lib/python3.12/site-packages/airflow/example_dags/example_nested_branch_dag.py for tasks to queue
[2024-07-05T14:35:42.469+0000] {logging_mixin.py:188} INFO - [2024-07-05T14:35:42.469+0000] {dagbag.py:545} INFO - Filling up the DagBag from /home/airflow/.local/lib/python3.12/site-packages/airflow/example_dags/example_nested_branch_dag.py
[2024-07-05T14:35:42.476+0000] {processor.py:840} INFO - DAG(s) 'example_nested_branch_dag' retrieved from /home/airflow/.local/lib/python3.12/site-packages/airflow/example_dags/example_nested_branch_dag.py
[2024-07-05T14:35:42.492+0000] {logging_mixin.py:188} INFO - [2024-07-05T14:35:42.492+0000] {dag.py:3096} INFO - Sync 1 DAGs
[2024-07-05T14:35:42.508+0000] {logging_mixin.py:188} INFO - [2024-07-05T14:35:42.508+0000] {dag.py:3954} INFO - Setting next_dagrun for example_nested_branch_dag to 2024-07-04 00:00:00+00:00, run_after=2024-07-05 00:00:00+00:00
[2024-07-05T14:35:42.518+0000] {processor.py:183} INFO - Processing /home/airflow/.local/lib/python3.12/site-packages/airflow/example_dags/example_nested_branch_dag.py took 0.056 seconds
[2024-07-05T14:36:13.206+0000] {processor.py:161} INFO - Started process (PID=982) to work on /home/airflow/.local/lib/python3.12/site-packages/airflow/example_dags/example_nested_branch_dag.py
[2024-07-05T14:36:13.207+0000] {processor.py:830} INFO - Processing file /home/airflow/.local/lib/python3.12/site-packages/airflow/example_dags/example_nested_branch_dag.py for tasks to queue
[2024-07-05T14:36:13.208+0000] {logging_mixin.py:188} INFO - [2024-07-05T14:36:13.207+0000] {dagbag.py:545} INFO - Filling up the DagBag from /home/airflow/.local/lib/python3.12/site-packages/airflow/example_dags/example_nested_branch_dag.py
[2024-07-05T14:36:13.212+0000] {processor.py:840} INFO - DAG(s) 'example_nested_branch_dag' retrieved from /home/airflow/.local/lib/python3.12/site-packages/airflow/example_dags/example_nested_branch_dag.py
[2024-07-05T14:36:13.222+0000] {logging_mixin.py:188} INFO - [2024-07-05T14:36:13.222+0000] {dag.py:3096} INFO - Sync 1 DAGs
[2024-07-05T14:36:13.233+0000] {logging_mixin.py:188} INFO - [2024-07-05T14:36:13.233+0000] {dag.py:3954} INFO - Setting next_dagrun for example_nested_branch_dag to 2024-07-04 00:00:00+00:00, run_after=2024-07-05 00:00:00+00:00
[2024-07-05T14:36:13.241+0000] {processor.py:183} INFO - Processing /home/airflow/.local/lib/python3.12/site-packages/airflow/example_dags/example_nested_branch_dag.py took 0.038 seconds
[2024-07-05T14:36:43.777+0000] {processor.py:161} INFO - Started process (PID=1040) to work on /home/airflow/.local/lib/python3.12/site-packages/airflow/example_dags/example_nested_branch_dag.py
[2024-07-05T14:36:43.777+0000] {processor.py:830} INFO - Processing file /home/airflow/.local/lib/python3.12/site-packages/airflow/example_dags/example_nested_branch_dag.py for tasks to queue
[2024-07-05T14:36:43.778+0000] {logging_mixin.py:188} INFO - [2024-07-05T14:36:43.778+0000] {dagbag.py:545} INFO - Filling up the DagBag from /home/airflow/.local/lib/python3.12/site-packages/airflow/example_dags/example_nested_branch_dag.py
[2024-07-05T14:36:43.783+0000] {processor.py:840} INFO - DAG(s) 'example_nested_branch_dag' retrieved from /home/airflow/.local/lib/python3.12/site-packages/airflow/example_dags/example_nested_branch_dag.py
[2024-07-05T14:36:43.793+0000] {logging_mixin.py:188} INFO - [2024-07-05T14:36:43.793+0000] {dag.py:3096} INFO - Sync 1 DAGs
[2024-07-05T14:36:43.804+0000] {logging_mixin.py:188} INFO - [2024-07-05T14:36:43.803+0000] {dag.py:3954} INFO - Setting next_dagrun for example_nested_branch_dag to 2024-07-04 00:00:00+00:00, run_after=2024-07-05 00:00:00+00:00
[2024-07-05T14:36:43.812+0000] {processor.py:183} INFO - Processing /home/airflow/.local/lib/python3.12/site-packages/airflow/example_dags/example_nested_branch_dag.py took 0.038 seconds
[2024-07-05T14:37:14.298+0000] {processor.py:161} INFO - Started process (PID=1098) to work on /home/airflow/.local/lib/python3.12/site-packages/airflow/example_dags/example_nested_branch_dag.py
[2024-07-05T14:37:14.298+0000] {processor.py:830} INFO - Processing file /home/airflow/.local/lib/python3.12/site-packages/airflow/example_dags/example_nested_branch_dag.py for tasks to queue
[2024-07-05T14:37:14.299+0000] {logging_mixin.py:188} INFO - [2024-07-05T14:37:14.299+0000] {dagbag.py:545} INFO - Filling up the DagBag from /home/airflow/.local/lib/python3.12/site-packages/airflow/example_dags/example_nested_branch_dag.py
[2024-07-05T14:37:14.304+0000] {processor.py:840} INFO - DAG(s) 'example_nested_branch_dag' retrieved from /home/airflow/.local/lib/python3.12/site-packages/airflow/example_dags/example_nested_branch_dag.py
[2024-07-05T14:37:14.313+0000] {logging_mixin.py:188} INFO - [2024-07-05T14:37:14.313+0000] {dag.py:3096} INFO - Sync 1 DAGs
[2024-07-05T14:37:14.323+0000] {logging_mixin.py:188} INFO - [2024-07-05T14:37:14.323+0000] {dag.py:3954} INFO - Setting next_dagrun for example_nested_branch_dag to 2024-07-04 00:00:00+00:00, run_after=2024-07-05 00:00:00+00:00
[2024-07-05T14:37:14.331+0000] {processor.py:183} INFO - Processing /home/airflow/.local/lib/python3.12/site-packages/airflow/example_dags/example_nested_branch_dag.py took 0.036 seconds
[2024-07-05T14:37:45.037+0000] {processor.py:161} INFO - Started process (PID=1156) to work on /home/airflow/.local/lib/python3.12/site-packages/airflow/example_dags/example_nested_branch_dag.py
[2024-07-05T14:37:45.038+0000] {processor.py:830} INFO - Processing file /home/airflow/.local/lib/python3.12/site-packages/airflow/example_dags/example_nested_branch_dag.py for tasks to queue
[2024-07-05T14:37:45.040+0000] {logging_mixin.py:188} INFO - [2024-07-05T14:37:45.039+0000] {dagbag.py:545} INFO - Filling up the DagBag from /home/airflow/.local/lib/python3.12/site-packages/airflow/example_dags/example_nested_branch_dag.py
[2024-07-05T14:37:45.046+0000] {processor.py:840} INFO - DAG(s) 'example_nested_branch_dag' retrieved from /home/airflow/.local/lib/python3.12/site-packages/airflow/example_dags/example_nested_branch_dag.py
[2024-07-05T14:37:45.057+0000] {logging_mixin.py:188} INFO - [2024-07-05T14:37:45.057+0000] {dag.py:3096} INFO - Sync 1 DAGs
[2024-07-05T14:37:45.067+0000] {logging_mixin.py:188} INFO - [2024-07-05T14:37:45.067+0000] {dag.py:3954} INFO - Setting next_dagrun for example_nested_branch_dag to 2024-07-04 00:00:00+00:00, run_after=2024-07-05 00:00:00+00:00
[2024-07-05T14:37:45.076+0000] {processor.py:183} INFO - Processing /home/airflow/.local/lib/python3.12/site-packages/airflow/example_dags/example_nested_branch_dag.py took 0.046 seconds
[2024-07-05T14:38:15.783+0000] {processor.py:161} INFO - Started process (PID=1214) to work on /home/airflow/.local/lib/python3.12/site-packages/airflow/example_dags/example_nested_branch_dag.py
[2024-07-05T14:38:15.783+0000] {processor.py:830} INFO - Processing file /home/airflow/.local/lib/python3.12/site-packages/airflow/example_dags/example_nested_branch_dag.py for tasks to queue
[2024-07-05T14:38:15.784+0000] {logging_mixin.py:188} INFO - [2024-07-05T14:38:15.784+0000] {dagbag.py:545} INFO - Filling up the DagBag from /home/airflow/.local/lib/python3.12/site-packages/airflow/example_dags/example_nested_branch_dag.py
[2024-07-05T14:38:15.789+0000] {processor.py:840} INFO - DAG(s) 'example_nested_branch_dag' retrieved from /home/airflow/.local/lib/python3.12/site-packages/airflow/example_dags/example_nested_branch_dag.py
[2024-07-05T14:38:15.799+0000] {logging_mixin.py:188} INFO - [2024-07-05T14:38:15.799+0000] {dag.py:3096} INFO - Sync 1 DAGs
[2024-07-05T14:38:15.810+0000] {logging_mixin.py:188} INFO - [2024-07-05T14:38:15.809+0000] {dag.py:3954} INFO - Setting next_dagrun for example_nested_branch_dag to 2024-07-04 00:00:00+00:00, run_after=2024-07-05 00:00:00+00:00
[2024-07-05T14:38:15.819+0000] {processor.py:183} INFO - Processing /home/airflow/.local/lib/python3.12/site-packages/airflow/example_dags/example_nested_branch_dag.py took 0.039 seconds
[2024-07-05T14:38:46.338+0000] {processor.py:161} INFO - Started process (PID=1272) to work on /home/airflow/.local/lib/python3.12/site-packages/airflow/example_dags/example_nested_branch_dag.py
[2024-07-05T14:38:46.338+0000] {processor.py:830} INFO - Processing file /home/airflow/.local/lib/python3.12/site-packages/airflow/example_dags/example_nested_branch_dag.py for tasks to queue
[2024-07-05T14:38:46.339+0000] {logging_mixin.py:188} INFO - [2024-07-05T14:38:46.339+0000] {dagbag.py:545} INFO - Filling up the DagBag from /home/airflow/.local/lib/python3.12/site-packages/airflow/example_dags/example_nested_branch_dag.py
[2024-07-05T14:38:46.344+0000] {processor.py:840} INFO - DAG(s) 'example_nested_branch_dag' retrieved from /home/airflow/.local/lib/python3.12/site-packages/airflow/example_dags/example_nested_branch_dag.py
[2024-07-05T14:38:46.354+0000] {logging_mixin.py:188} INFO - [2024-07-05T14:38:46.353+0000] {dag.py:3096} INFO - Sync 1 DAGs
[2024-07-05T14:38:46.364+0000] {logging_mixin.py:188} INFO - [2024-07-05T14:38:46.364+0000] {dag.py:3954} INFO - Setting next_dagrun for example_nested_branch_dag to 2024-07-04 00:00:00+00:00, run_after=2024-07-05 00:00:00+00:00
[2024-07-05T14:38:46.372+0000] {processor.py:183} INFO - Processing /home/airflow/.local/lib/python3.12/site-packages/airflow/example_dags/example_nested_branch_dag.py took 0.037 seconds
[2024-07-05T14:39:16.893+0000] {processor.py:161} INFO - Started process (PID=1330) to work on /home/airflow/.local/lib/python3.12/site-packages/airflow/example_dags/example_nested_branch_dag.py
[2024-07-05T14:39:16.893+0000] {processor.py:830} INFO - Processing file /home/airflow/.local/lib/python3.12/site-packages/airflow/example_dags/example_nested_branch_dag.py for tasks to queue
[2024-07-05T14:39:16.894+0000] {logging_mixin.py:188} INFO - [2024-07-05T14:39:16.894+0000] {dagbag.py:545} INFO - Filling up the DagBag from /home/airflow/.local/lib/python3.12/site-packages/airflow/example_dags/example_nested_branch_dag.py
[2024-07-05T14:39:16.899+0000] {processor.py:840} INFO - DAG(s) 'example_nested_branch_dag' retrieved from /home/airflow/.local/lib/python3.12/site-packages/airflow/example_dags/example_nested_branch_dag.py
[2024-07-05T14:39:16.909+0000] {logging_mixin.py:188} INFO - [2024-07-05T14:39:16.909+0000] {dag.py:3096} INFO - Sync 1 DAGs
[2024-07-05T14:39:16.919+0000] {logging_mixin.py:188} INFO - [2024-07-05T14:39:16.919+0000] {dag.py:3954} INFO - Setting next_dagrun for example_nested_branch_dag to 2024-07-04 00:00:00+00:00, run_after=2024-07-05 00:00:00+00:00
[2024-07-05T14:39:16.928+0000] {processor.py:183} INFO - Processing /home/airflow/.local/lib/python3.12/site-packages/airflow/example_dags/example_nested_branch_dag.py took 0.038 seconds
[2024-07-05T14:39:47.599+0000] {processor.py:161} INFO - Started process (PID=1388) to work on /home/airflow/.local/lib/python3.12/site-packages/airflow/example_dags/example_nested_branch_dag.py
[2024-07-05T14:39:47.600+0000] {processor.py:830} INFO - Processing file /home/airflow/.local/lib/python3.12/site-packages/airflow/example_dags/example_nested_branch_dag.py for tasks to queue
[2024-07-05T14:39:47.602+0000] {logging_mixin.py:188} INFO - [2024-07-05T14:39:47.602+0000] {dagbag.py:545} INFO - Filling up the DagBag from /home/airflow/.local/lib/python3.12/site-packages/airflow/example_dags/example_nested_branch_dag.py
[2024-07-05T14:39:47.608+0000] {processor.py:840} INFO - DAG(s) 'example_nested_branch_dag' retrieved from /home/airflow/.local/lib/python3.12/site-packages/airflow/example_dags/example_nested_branch_dag.py
[2024-07-05T14:39:47.625+0000] {logging_mixin.py:188} INFO - [2024-07-05T14:39:47.625+0000] {dag.py:3096} INFO - Sync 1 DAGs
[2024-07-05T14:39:47.641+0000] {logging_mixin.py:188} INFO - [2024-07-05T14:39:47.641+0000] {dag.py:3954} INFO - Setting next_dagrun for example_nested_branch_dag to 2024-07-04 00:00:00+00:00, run_after=2024-07-05 00:00:00+00:00
[2024-07-05T14:39:47.652+0000] {processor.py:183} INFO - Processing /home/airflow/.local/lib/python3.12/site-packages/airflow/example_dags/example_nested_branch_dag.py took 0.057 seconds
[2024-07-05T14:40:18.401+0000] {processor.py:161} INFO - Started process (PID=1446) to work on /home/airflow/.local/lib/python3.12/site-packages/airflow/example_dags/example_nested_branch_dag.py
[2024-07-05T14:40:18.402+0000] {processor.py:830} INFO - Processing file /home/airflow/.local/lib/python3.12/site-packages/airflow/example_dags/example_nested_branch_dag.py for tasks to queue
[2024-07-05T14:40:18.403+0000] {logging_mixin.py:188} INFO - [2024-07-05T14:40:18.403+0000] {dagbag.py:545} INFO - Filling up the DagBag from /home/airflow/.local/lib/python3.12/site-packages/airflow/example_dags/example_nested_branch_dag.py
[2024-07-05T14:40:18.408+0000] {processor.py:840} INFO - DAG(s) 'example_nested_branch_dag' retrieved from /home/airflow/.local/lib/python3.12/site-packages/airflow/example_dags/example_nested_branch_dag.py
[2024-07-05T14:40:18.420+0000] {logging_mixin.py:188} INFO - [2024-07-05T14:40:18.420+0000] {dag.py:3096} INFO - Sync 1 DAGs
[2024-07-05T14:40:18.432+0000] {logging_mixin.py:188} INFO - [2024-07-05T14:40:18.431+0000] {dag.py:3954} INFO - Setting next_dagrun for example_nested_branch_dag to 2024-07-04 00:00:00+00:00, run_after=2024-07-05 00:00:00+00:00
[2024-07-05T14:40:18.440+0000] {processor.py:183} INFO - Processing /home/airflow/.local/lib/python3.12/site-packages/airflow/example_dags/example_nested_branch_dag.py took 0.042 seconds
[2024-07-05T14:40:49.112+0000] {processor.py:161} INFO - Started process (PID=1503) to work on /home/airflow/.local/lib/python3.12/site-packages/airflow/example_dags/example_nested_branch_dag.py
[2024-07-05T14:40:49.113+0000] {processor.py:830} INFO - Processing file /home/airflow/.local/lib/python3.12/site-packages/airflow/example_dags/example_nested_branch_dag.py for tasks to queue
[2024-07-05T14:40:49.115+0000] {logging_mixin.py:188} INFO - [2024-07-05T14:40:49.115+0000] {dagbag.py:545} INFO - Filling up the DagBag from /home/airflow/.local/lib/python3.12/site-packages/airflow/example_dags/example_nested_branch_dag.py
[2024-07-05T14:40:49.123+0000] {processor.py:840} INFO - DAG(s) 'example_nested_branch_dag' retrieved from /home/airflow/.local/lib/python3.12/site-packages/airflow/example_dags/example_nested_branch_dag.py
[2024-07-05T14:40:49.134+0000] {logging_mixin.py:188} INFO - [2024-07-05T14:40:49.133+0000] {dag.py:3096} INFO - Sync 1 DAGs
[2024-07-05T14:40:49.144+0000] {logging_mixin.py:188} INFO - [2024-07-05T14:40:49.144+0000] {dag.py:3954} INFO - Setting next_dagrun for example_nested_branch_dag to 2024-07-04 00:00:00+00:00, run_after=2024-07-05 00:00:00+00:00
[2024-07-05T14:40:49.153+0000] {processor.py:183} INFO - Processing /home/airflow/.local/lib/python3.12/site-packages/airflow/example_dags/example_nested_branch_dag.py took 0.045 seconds
[2024-07-05T14:41:19.858+0000] {processor.py:161} INFO - Started process (PID=1561) to work on /home/airflow/.local/lib/python3.12/site-packages/airflow/example_dags/example_nested_branch_dag.py
[2024-07-05T14:41:19.859+0000] {processor.py:830} INFO - Processing file /home/airflow/.local/lib/python3.12/site-packages/airflow/example_dags/example_nested_branch_dag.py for tasks to queue
[2024-07-05T14:41:19.860+0000] {logging_mixin.py:188} INFO - [2024-07-05T14:41:19.859+0000] {dagbag.py:545} INFO - Filling up the DagBag from /home/airflow/.local/lib/python3.12/site-packages/airflow/example_dags/example_nested_branch_dag.py
[2024-07-05T14:41:19.864+0000] {processor.py:840} INFO - DAG(s) 'example_nested_branch_dag' retrieved from /home/airflow/.local/lib/python3.12/site-packages/airflow/example_dags/example_nested_branch_dag.py
[2024-07-05T14:41:19.874+0000] {logging_mixin.py:188} INFO - [2024-07-05T14:41:19.874+0000] {dag.py:3096} INFO - Sync 1 DAGs
[2024-07-05T14:41:19.884+0000] {logging_mixin.py:188} INFO - [2024-07-05T14:41:19.884+0000] {dag.py:3954} INFO - Setting next_dagrun for example_nested_branch_dag to 2024-07-04 00:00:00+00:00, run_after=2024-07-05 00:00:00+00:00
[2024-07-05T14:41:19.891+0000] {processor.py:183} INFO - Processing /home/airflow/.local/lib/python3.12/site-packages/airflow/example_dags/example_nested_branch_dag.py took 0.036 seconds
[2024-07-05T14:41:50.017+0000] {processor.py:161} INFO - Started process (PID=1619) to work on /home/airflow/.local/lib/python3.12/site-packages/airflow/example_dags/example_nested_branch_dag.py
[2024-07-05T14:41:50.018+0000] {processor.py:830} INFO - Processing file /home/airflow/.local/lib/python3.12/site-packages/airflow/example_dags/example_nested_branch_dag.py for tasks to queue
[2024-07-05T14:41:50.020+0000] {logging_mixin.py:188} INFO - [2024-07-05T14:41:50.020+0000] {dagbag.py:545} INFO - Filling up the DagBag from /home/airflow/.local/lib/python3.12/site-packages/airflow/example_dags/example_nested_branch_dag.py
[2024-07-05T14:41:50.033+0000] {processor.py:840} INFO - DAG(s) 'example_nested_branch_dag' retrieved from /home/airflow/.local/lib/python3.12/site-packages/airflow/example_dags/example_nested_branch_dag.py
[2024-07-05T14:41:50.051+0000] {logging_mixin.py:188} INFO - [2024-07-05T14:41:50.051+0000] {dag.py:3096} INFO - Sync 1 DAGs
[2024-07-05T14:41:50.075+0000] {logging_mixin.py:188} INFO - [2024-07-05T14:41:50.075+0000] {dag.py:3954} INFO - Setting next_dagrun for example_nested_branch_dag to 2024-07-04 00:00:00+00:00, run_after=2024-07-05 00:00:00+00:00
[2024-07-05T14:41:50.090+0000] {processor.py:183} INFO - Processing /home/airflow/.local/lib/python3.12/site-packages/airflow/example_dags/example_nested_branch_dag.py took 0.078 seconds
[2024-07-05T14:42:20.212+0000] {processor.py:161} INFO - Started process (PID=1676) to work on /home/airflow/.local/lib/python3.12/site-packages/airflow/example_dags/example_nested_branch_dag.py
[2024-07-05T14:42:20.216+0000] {processor.py:830} INFO - Processing file /home/airflow/.local/lib/python3.12/site-packages/airflow/example_dags/example_nested_branch_dag.py for tasks to queue
[2024-07-05T14:42:20.218+0000] {logging_mixin.py:188} INFO - [2024-07-05T14:42:20.218+0000] {dagbag.py:545} INFO - Filling up the DagBag from /home/airflow/.local/lib/python3.12/site-packages/airflow/example_dags/example_nested_branch_dag.py
[2024-07-05T14:42:20.224+0000] {processor.py:840} INFO - DAG(s) 'example_nested_branch_dag' retrieved from /home/airflow/.local/lib/python3.12/site-packages/airflow/example_dags/example_nested_branch_dag.py
[2024-07-05T14:42:20.236+0000] {logging_mixin.py:188} INFO - [2024-07-05T14:42:20.236+0000] {dag.py:3096} INFO - Sync 1 DAGs
[2024-07-05T14:42:20.247+0000] {logging_mixin.py:188} INFO - [2024-07-05T14:42:20.247+0000] {dag.py:3954} INFO - Setting next_dagrun for example_nested_branch_dag to 2024-07-04 00:00:00+00:00, run_after=2024-07-05 00:00:00+00:00
[2024-07-05T14:42:20.256+0000] {processor.py:183} INFO - Processing /home/airflow/.local/lib/python3.12/site-packages/airflow/example_dags/example_nested_branch_dag.py took 0.049 seconds
[2024-07-05T14:42:50.286+0000] {processor.py:161} INFO - Started process (PID=1733) to work on /home/airflow/.local/lib/python3.12/site-packages/airflow/example_dags/example_nested_branch_dag.py
[2024-07-05T14:42:50.287+0000] {processor.py:830} INFO - Processing file /home/airflow/.local/lib/python3.12/site-packages/airflow/example_dags/example_nested_branch_dag.py for tasks to queue
[2024-07-05T14:42:50.288+0000] {logging_mixin.py:188} INFO - [2024-07-05T14:42:50.288+0000] {dagbag.py:545} INFO - Filling up the DagBag from /home/airflow/.local/lib/python3.12/site-packages/airflow/example_dags/example_nested_branch_dag.py
[2024-07-05T14:42:50.292+0000] {processor.py:840} INFO - DAG(s) 'example_nested_branch_dag' retrieved from /home/airflow/.local/lib/python3.12/site-packages/airflow/example_dags/example_nested_branch_dag.py
[2024-07-05T14:42:50.301+0000] {logging_mixin.py:188} INFO - [2024-07-05T14:42:50.301+0000] {dag.py:3096} INFO - Sync 1 DAGs
[2024-07-05T14:42:50.310+0000] {logging_mixin.py:188} INFO - [2024-07-05T14:42:50.310+0000] {dag.py:3954} INFO - Setting next_dagrun for example_nested_branch_dag to 2024-07-04 00:00:00+00:00, run_after=2024-07-05 00:00:00+00:00
[2024-07-05T14:42:50.318+0000] {processor.py:183} INFO - Processing /home/airflow/.local/lib/python3.12/site-packages/airflow/example_dags/example_nested_branch_dag.py took 0.035 seconds
[2024-07-05T14:43:20.638+0000] {processor.py:161} INFO - Started process (PID=1791) to work on /home/airflow/.local/lib/python3.12/site-packages/airflow/example_dags/example_nested_branch_dag.py
[2024-07-05T14:43:20.639+0000] {processor.py:830} INFO - Processing file /home/airflow/.local/lib/python3.12/site-packages/airflow/example_dags/example_nested_branch_dag.py for tasks to queue
[2024-07-05T14:43:20.640+0000] {logging_mixin.py:188} INFO - [2024-07-05T14:43:20.639+0000] {dagbag.py:545} INFO - Filling up the DagBag from /home/airflow/.local/lib/python3.12/site-packages/airflow/example_dags/example_nested_branch_dag.py
[2024-07-05T14:43:20.644+0000] {processor.py:840} INFO - DAG(s) 'example_nested_branch_dag' retrieved from /home/airflow/.local/lib/python3.12/site-packages/airflow/example_dags/example_nested_branch_dag.py
[2024-07-05T14:43:20.654+0000] {logging_mixin.py:188} INFO - [2024-07-05T14:43:20.653+0000] {dag.py:3096} INFO - Sync 1 DAGs
[2024-07-05T14:43:20.663+0000] {logging_mixin.py:188} INFO - [2024-07-05T14:43:20.663+0000] {dag.py:3954} INFO - Setting next_dagrun for example_nested_branch_dag to 2024-07-04 00:00:00+00:00, run_after=2024-07-05 00:00:00+00:00
[2024-07-05T14:43:20.671+0000] {processor.py:183} INFO - Processing /home/airflow/.local/lib/python3.12/site-packages/airflow/example_dags/example_nested_branch_dag.py took 0.036 seconds
[2024-07-05T14:43:51.341+0000] {processor.py:161} INFO - Started process (PID=1849) to work on /home/airflow/.local/lib/python3.12/site-packages/airflow/example_dags/example_nested_branch_dag.py
[2024-07-05T14:43:51.342+0000] {processor.py:830} INFO - Processing file /home/airflow/.local/lib/python3.12/site-packages/airflow/example_dags/example_nested_branch_dag.py for tasks to queue
[2024-07-05T14:43:51.343+0000] {logging_mixin.py:188} INFO - [2024-07-05T14:43:51.343+0000] {dagbag.py:545} INFO - Filling up the DagBag from /home/airflow/.local/lib/python3.12/site-packages/airflow/example_dags/example_nested_branch_dag.py
[2024-07-05T14:43:51.349+0000] {processor.py:840} INFO - DAG(s) 'example_nested_branch_dag' retrieved from /home/airflow/.local/lib/python3.12/site-packages/airflow/example_dags/example_nested_branch_dag.py
[2024-07-05T14:43:51.361+0000] {logging_mixin.py:188} INFO - [2024-07-05T14:43:51.361+0000] {dag.py:3096} INFO - Sync 1 DAGs
[2024-07-05T14:43:51.371+0000] {logging_mixin.py:188} INFO - [2024-07-05T14:43:51.371+0000] {dag.py:3954} INFO - Setting next_dagrun for example_nested_branch_dag to 2024-07-04 00:00:00+00:00, run_after=2024-07-05 00:00:00+00:00
[2024-07-05T14:43:51.383+0000] {processor.py:183} INFO - Processing /home/airflow/.local/lib/python3.12/site-packages/airflow/example_dags/example_nested_branch_dag.py took 0.049 seconds
[2024-07-05T14:44:22.251+0000] {processor.py:161} INFO - Started process (PID=1906) to work on /home/airflow/.local/lib/python3.12/site-packages/airflow/example_dags/example_nested_branch_dag.py
[2024-07-05T14:44:22.252+0000] {processor.py:830} INFO - Processing file /home/airflow/.local/lib/python3.12/site-packages/airflow/example_dags/example_nested_branch_dag.py for tasks to queue
[2024-07-05T14:44:22.253+0000] {logging_mixin.py:188} INFO - [2024-07-05T14:44:22.252+0000] {dagbag.py:545} INFO - Filling up the DagBag from /home/airflow/.local/lib/python3.12/site-packages/airflow/example_dags/example_nested_branch_dag.py
[2024-07-05T14:44:22.258+0000] {processor.py:840} INFO - DAG(s) 'example_nested_branch_dag' retrieved from /home/airflow/.local/lib/python3.12/site-packages/airflow/example_dags/example_nested_branch_dag.py
[2024-07-05T14:44:22.268+0000] {logging_mixin.py:188} INFO - [2024-07-05T14:44:22.268+0000] {dag.py:3096} INFO - Sync 1 DAGs
[2024-07-05T14:44:22.277+0000] {logging_mixin.py:188} INFO - [2024-07-05T14:44:22.277+0000] {dag.py:3954} INFO - Setting next_dagrun for example_nested_branch_dag to 2024-07-04 00:00:00+00:00, run_after=2024-07-05 00:00:00+00:00
[2024-07-05T14:44:22.286+0000] {processor.py:183} INFO - Processing /home/airflow/.local/lib/python3.12/site-packages/airflow/example_dags/example_nested_branch_dag.py took 0.038 seconds
