[2024-07-05T14:09:19.212+0000] {processor.py:161} INFO - Started process (PID=59) to work on /home/airflow/.local/lib/python3.12/site-packages/airflow/example_dags/example_time_delta_sensor_async.py
[2024-07-05T14:09:19.219+0000] {processor.py:830} INFO - Processing file /home/airflow/.local/lib/python3.12/site-packages/airflow/example_dags/example_time_delta_sensor_async.py for tasks to queue
[2024-07-05T14:09:19.227+0000] {logging_mixin.py:188} INFO - [2024-07-05T14:09:19.226+0000] {dagbag.py:545} INFO - Filling up the DagBag from /home/airflow/.local/lib/python3.12/site-packages/airflow/example_dags/example_time_delta_sensor_async.py
[2024-07-05T14:09:19.241+0000] {processor.py:840} INFO - DAG(s) 'example_time_delta_sensor_async' retrieved from /home/airflow/.local/lib/python3.12/site-packages/airflow/example_dags/example_time_delta_sensor_async.py
[2024-07-05T14:09:19.259+0000] {logging_mixin.py:188} INFO - [2024-07-05T14:09:19.259+0000] {dag.py:3096} INFO - Sync 1 DAGs
[2024-07-05T14:09:19.296+0000] {logging_mixin.py:188} INFO - [2024-07-05T14:09:19.295+0000] {dag.py:3954} INFO - Setting next_dagrun for example_time_delta_sensor_async to None, run_after=None
[2024-07-05T14:09:19.321+0000] {processor.py:183} INFO - Processing /home/airflow/.local/lib/python3.12/site-packages/airflow/example_dags/example_time_delta_sensor_async.py took 0.115 seconds
[2024-07-05T14:09:49.363+0000] {processor.py:161} INFO - Started process (PID=117) to work on /home/airflow/.local/lib/python3.12/site-packages/airflow/example_dags/example_time_delta_sensor_async.py
[2024-07-05T14:09:49.363+0000] {processor.py:830} INFO - Processing file /home/airflow/.local/lib/python3.12/site-packages/airflow/example_dags/example_time_delta_sensor_async.py for tasks to queue
[2024-07-05T14:09:49.364+0000] {logging_mixin.py:188} INFO - [2024-07-05T14:09:49.364+0000] {dagbag.py:545} INFO - Filling up the DagBag from /home/airflow/.local/lib/python3.12/site-packages/airflow/example_dags/example_time_delta_sensor_async.py
[2024-07-05T14:09:49.366+0000] {processor.py:840} INFO - DAG(s) 'example_time_delta_sensor_async' retrieved from /home/airflow/.local/lib/python3.12/site-packages/airflow/example_dags/example_time_delta_sensor_async.py
[2024-07-05T14:09:49.411+0000] {logging_mixin.py:188} INFO - [2024-07-05T14:09:49.410+0000] {dag.py:3096} INFO - Sync 1 DAGs
[2024-07-05T14:09:49.416+0000] {logging_mixin.py:188} INFO - [2024-07-05T14:09:49.415+0000] {dag.py:3954} INFO - Setting next_dagrun for example_time_delta_sensor_async to None, run_after=None
[2024-07-05T14:09:49.424+0000] {processor.py:183} INFO - Processing /home/airflow/.local/lib/python3.12/site-packages/airflow/example_dags/example_time_delta_sensor_async.py took 0.064 seconds
[2024-07-05T14:10:20.790+0000] {processor.py:161} INFO - Started process (PID=175) to work on /home/airflow/.local/lib/python3.12/site-packages/airflow/example_dags/example_time_delta_sensor_async.py
[2024-07-05T14:10:20.793+0000] {processor.py:830} INFO - Processing file /home/airflow/.local/lib/python3.12/site-packages/airflow/example_dags/example_time_delta_sensor_async.py for tasks to queue
[2024-07-05T14:10:20.795+0000] {logging_mixin.py:188} INFO - [2024-07-05T14:10:20.795+0000] {dagbag.py:545} INFO - Filling up the DagBag from /home/airflow/.local/lib/python3.12/site-packages/airflow/example_dags/example_time_delta_sensor_async.py
[2024-07-05T14:10:20.799+0000] {processor.py:840} INFO - DAG(s) 'example_time_delta_sensor_async' retrieved from /home/airflow/.local/lib/python3.12/site-packages/airflow/example_dags/example_time_delta_sensor_async.py
[2024-07-05T14:10:20.814+0000] {logging_mixin.py:188} INFO - [2024-07-05T14:10:20.813+0000] {dag.py:3096} INFO - Sync 1 DAGs
[2024-07-05T14:10:20.820+0000] {logging_mixin.py:188} INFO - [2024-07-05T14:10:20.820+0000] {dag.py:3954} INFO - Setting next_dagrun for example_time_delta_sensor_async to None, run_after=None
[2024-07-05T14:10:20.830+0000] {processor.py:183} INFO - Processing /home/airflow/.local/lib/python3.12/site-packages/airflow/example_dags/example_time_delta_sensor_async.py took 0.044 seconds
[2024-07-05T14:10:51.417+0000] {processor.py:161} INFO - Started process (PID=233) to work on /home/airflow/.local/lib/python3.12/site-packages/airflow/example_dags/example_time_delta_sensor_async.py
[2024-07-05T14:10:51.417+0000] {processor.py:830} INFO - Processing file /home/airflow/.local/lib/python3.12/site-packages/airflow/example_dags/example_time_delta_sensor_async.py for tasks to queue
[2024-07-05T14:10:51.418+0000] {logging_mixin.py:188} INFO - [2024-07-05T14:10:51.418+0000] {dagbag.py:545} INFO - Filling up the DagBag from /home/airflow/.local/lib/python3.12/site-packages/airflow/example_dags/example_time_delta_sensor_async.py
[2024-07-05T14:10:51.421+0000] {processor.py:840} INFO - DAG(s) 'example_time_delta_sensor_async' retrieved from /home/airflow/.local/lib/python3.12/site-packages/airflow/example_dags/example_time_delta_sensor_async.py
[2024-07-05T14:10:51.431+0000] {logging_mixin.py:188} INFO - [2024-07-05T14:10:51.431+0000] {dag.py:3096} INFO - Sync 1 DAGs
[2024-07-05T14:10:51.437+0000] {logging_mixin.py:188} INFO - [2024-07-05T14:10:51.437+0000] {dag.py:3954} INFO - Setting next_dagrun for example_time_delta_sensor_async to None, run_after=None
[2024-07-05T14:10:51.445+0000] {processor.py:183} INFO - Processing /home/airflow/.local/lib/python3.12/site-packages/airflow/example_dags/example_time_delta_sensor_async.py took 0.031 seconds
[2024-07-05T14:11:21.595+0000] {processor.py:161} INFO - Started process (PID=291) to work on /home/airflow/.local/lib/python3.12/site-packages/airflow/example_dags/example_time_delta_sensor_async.py
[2024-07-05T14:11:21.596+0000] {processor.py:830} INFO - Processing file /home/airflow/.local/lib/python3.12/site-packages/airflow/example_dags/example_time_delta_sensor_async.py for tasks to queue
[2024-07-05T14:11:21.597+0000] {logging_mixin.py:188} INFO - [2024-07-05T14:11:21.597+0000] {dagbag.py:545} INFO - Filling up the DagBag from /home/airflow/.local/lib/python3.12/site-packages/airflow/example_dags/example_time_delta_sensor_async.py
[2024-07-05T14:11:21.599+0000] {processor.py:840} INFO - DAG(s) 'example_time_delta_sensor_async' retrieved from /home/airflow/.local/lib/python3.12/site-packages/airflow/example_dags/example_time_delta_sensor_async.py
[2024-07-05T14:11:21.609+0000] {logging_mixin.py:188} INFO - [2024-07-05T14:11:21.609+0000] {dag.py:3096} INFO - Sync 1 DAGs
[2024-07-05T14:11:21.615+0000] {logging_mixin.py:188} INFO - [2024-07-05T14:11:21.615+0000] {dag.py:3954} INFO - Setting next_dagrun for example_time_delta_sensor_async to None, run_after=None
[2024-07-05T14:11:21.624+0000] {processor.py:183} INFO - Processing /home/airflow/.local/lib/python3.12/site-packages/airflow/example_dags/example_time_delta_sensor_async.py took 0.033 seconds
[2024-07-05T14:11:52.069+0000] {processor.py:161} INFO - Started process (PID=349) to work on /home/airflow/.local/lib/python3.12/site-packages/airflow/example_dags/example_time_delta_sensor_async.py
[2024-07-05T14:11:52.070+0000] {processor.py:830} INFO - Processing file /home/airflow/.local/lib/python3.12/site-packages/airflow/example_dags/example_time_delta_sensor_async.py for tasks to queue
[2024-07-05T14:11:52.071+0000] {logging_mixin.py:188} INFO - [2024-07-05T14:11:52.071+0000] {dagbag.py:545} INFO - Filling up the DagBag from /home/airflow/.local/lib/python3.12/site-packages/airflow/example_dags/example_time_delta_sensor_async.py
[2024-07-05T14:11:52.075+0000] {processor.py:840} INFO - DAG(s) 'example_time_delta_sensor_async' retrieved from /home/airflow/.local/lib/python3.12/site-packages/airflow/example_dags/example_time_delta_sensor_async.py
[2024-07-05T14:11:52.087+0000] {logging_mixin.py:188} INFO - [2024-07-05T14:11:52.087+0000] {dag.py:3096} INFO - Sync 1 DAGs
[2024-07-05T14:11:52.097+0000] {logging_mixin.py:188} INFO - [2024-07-05T14:11:52.097+0000] {dag.py:3954} INFO - Setting next_dagrun for example_time_delta_sensor_async to None, run_after=None
[2024-07-05T14:11:52.106+0000] {processor.py:183} INFO - Processing /home/airflow/.local/lib/python3.12/site-packages/airflow/example_dags/example_time_delta_sensor_async.py took 0.041 seconds
[2024-07-05T14:12:22.932+0000] {processor.py:161} INFO - Started process (PID=407) to work on /home/airflow/.local/lib/python3.12/site-packages/airflow/example_dags/example_time_delta_sensor_async.py
[2024-07-05T14:12:22.933+0000] {processor.py:830} INFO - Processing file /home/airflow/.local/lib/python3.12/site-packages/airflow/example_dags/example_time_delta_sensor_async.py for tasks to queue
[2024-07-05T14:12:22.934+0000] {logging_mixin.py:188} INFO - [2024-07-05T14:12:22.934+0000] {dagbag.py:545} INFO - Filling up the DagBag from /home/airflow/.local/lib/python3.12/site-packages/airflow/example_dags/example_time_delta_sensor_async.py
[2024-07-05T14:12:22.937+0000] {processor.py:840} INFO - DAG(s) 'example_time_delta_sensor_async' retrieved from /home/airflow/.local/lib/python3.12/site-packages/airflow/example_dags/example_time_delta_sensor_async.py
[2024-07-05T14:12:22.950+0000] {logging_mixin.py:188} INFO - [2024-07-05T14:12:22.950+0000] {dag.py:3096} INFO - Sync 1 DAGs
[2024-07-05T14:12:22.956+0000] {logging_mixin.py:188} INFO - [2024-07-05T14:12:22.956+0000] {dag.py:3954} INFO - Setting next_dagrun for example_time_delta_sensor_async to None, run_after=None
[2024-07-05T14:12:22.968+0000] {processor.py:183} INFO - Processing /home/airflow/.local/lib/python3.12/site-packages/airflow/example_dags/example_time_delta_sensor_async.py took 0.039 seconds
[2024-07-05T14:12:53.830+0000] {processor.py:161} INFO - Started process (PID=465) to work on /home/airflow/.local/lib/python3.12/site-packages/airflow/example_dags/example_time_delta_sensor_async.py
[2024-07-05T14:12:53.831+0000] {processor.py:830} INFO - Processing file /home/airflow/.local/lib/python3.12/site-packages/airflow/example_dags/example_time_delta_sensor_async.py for tasks to queue
[2024-07-05T14:12:53.832+0000] {logging_mixin.py:188} INFO - [2024-07-05T14:12:53.832+0000] {dagbag.py:545} INFO - Filling up the DagBag from /home/airflow/.local/lib/python3.12/site-packages/airflow/example_dags/example_time_delta_sensor_async.py
[2024-07-05T14:12:53.835+0000] {processor.py:840} INFO - DAG(s) 'example_time_delta_sensor_async' retrieved from /home/airflow/.local/lib/python3.12/site-packages/airflow/example_dags/example_time_delta_sensor_async.py
[2024-07-05T14:12:53.846+0000] {logging_mixin.py:188} INFO - [2024-07-05T14:12:53.846+0000] {dag.py:3096} INFO - Sync 1 DAGs
[2024-07-05T14:12:53.853+0000] {logging_mixin.py:188} INFO - [2024-07-05T14:12:53.852+0000] {dag.py:3954} INFO - Setting next_dagrun for example_time_delta_sensor_async to None, run_after=None
[2024-07-05T14:12:53.862+0000] {processor.py:183} INFO - Processing /home/airflow/.local/lib/python3.12/site-packages/airflow/example_dags/example_time_delta_sensor_async.py took 0.035 seconds
[2024-07-05T14:13:24.730+0000] {processor.py:161} INFO - Started process (PID=523) to work on /home/airflow/.local/lib/python3.12/site-packages/airflow/example_dags/example_time_delta_sensor_async.py
[2024-07-05T14:13:24.730+0000] {processor.py:830} INFO - Processing file /home/airflow/.local/lib/python3.12/site-packages/airflow/example_dags/example_time_delta_sensor_async.py for tasks to queue
[2024-07-05T14:13:24.731+0000] {logging_mixin.py:188} INFO - [2024-07-05T14:13:24.731+0000] {dagbag.py:545} INFO - Filling up the DagBag from /home/airflow/.local/lib/python3.12/site-packages/airflow/example_dags/example_time_delta_sensor_async.py
[2024-07-05T14:13:24.734+0000] {processor.py:840} INFO - DAG(s) 'example_time_delta_sensor_async' retrieved from /home/airflow/.local/lib/python3.12/site-packages/airflow/example_dags/example_time_delta_sensor_async.py
[2024-07-05T14:13:24.744+0000] {logging_mixin.py:188} INFO - [2024-07-05T14:13:24.743+0000] {dag.py:3096} INFO - Sync 1 DAGs
[2024-07-05T14:13:24.750+0000] {logging_mixin.py:188} INFO - [2024-07-05T14:13:24.750+0000] {dag.py:3954} INFO - Setting next_dagrun for example_time_delta_sensor_async to None, run_after=None
[2024-07-05T14:13:24.759+0000] {processor.py:183} INFO - Processing /home/airflow/.local/lib/python3.12/site-packages/airflow/example_dags/example_time_delta_sensor_async.py took 0.032 seconds
[2024-07-05T14:13:55.088+0000] {processor.py:161} INFO - Started process (PID=581) to work on /home/airflow/.local/lib/python3.12/site-packages/airflow/example_dags/example_time_delta_sensor_async.py
[2024-07-05T14:13:55.089+0000] {processor.py:830} INFO - Processing file /home/airflow/.local/lib/python3.12/site-packages/airflow/example_dags/example_time_delta_sensor_async.py for tasks to queue
[2024-07-05T14:13:55.090+0000] {logging_mixin.py:188} INFO - [2024-07-05T14:13:55.090+0000] {dagbag.py:545} INFO - Filling up the DagBag from /home/airflow/.local/lib/python3.12/site-packages/airflow/example_dags/example_time_delta_sensor_async.py
[2024-07-05T14:13:55.093+0000] {processor.py:840} INFO - DAG(s) 'example_time_delta_sensor_async' retrieved from /home/airflow/.local/lib/python3.12/site-packages/airflow/example_dags/example_time_delta_sensor_async.py
[2024-07-05T14:13:55.105+0000] {logging_mixin.py:188} INFO - [2024-07-05T14:13:55.105+0000] {dag.py:3096} INFO - Sync 1 DAGs
[2024-07-05T14:13:55.113+0000] {logging_mixin.py:188} INFO - [2024-07-05T14:13:55.113+0000] {dag.py:3954} INFO - Setting next_dagrun for example_time_delta_sensor_async to None, run_after=None
[2024-07-05T14:13:55.132+0000] {processor.py:183} INFO - Processing /home/airflow/.local/lib/python3.12/site-packages/airflow/example_dags/example_time_delta_sensor_async.py took 0.049 seconds
[2024-07-05T14:14:25.609+0000] {processor.py:161} INFO - Started process (PID=639) to work on /home/airflow/.local/lib/python3.12/site-packages/airflow/example_dags/example_time_delta_sensor_async.py
[2024-07-05T14:14:25.610+0000] {processor.py:830} INFO - Processing file /home/airflow/.local/lib/python3.12/site-packages/airflow/example_dags/example_time_delta_sensor_async.py for tasks to queue
[2024-07-05T14:14:25.611+0000] {logging_mixin.py:188} INFO - [2024-07-05T14:14:25.611+0000] {dagbag.py:545} INFO - Filling up the DagBag from /home/airflow/.local/lib/python3.12/site-packages/airflow/example_dags/example_time_delta_sensor_async.py
[2024-07-05T14:14:25.614+0000] {processor.py:840} INFO - DAG(s) 'example_time_delta_sensor_async' retrieved from /home/airflow/.local/lib/python3.12/site-packages/airflow/example_dags/example_time_delta_sensor_async.py
[2024-07-05T14:14:25.628+0000] {logging_mixin.py:188} INFO - [2024-07-05T14:14:25.628+0000] {dag.py:3096} INFO - Sync 1 DAGs
[2024-07-05T14:14:25.636+0000] {logging_mixin.py:188} INFO - [2024-07-05T14:14:25.636+0000] {dag.py:3954} INFO - Setting next_dagrun for example_time_delta_sensor_async to None, run_after=None
[2024-07-05T14:14:25.649+0000] {processor.py:183} INFO - Processing /home/airflow/.local/lib/python3.12/site-packages/airflow/example_dags/example_time_delta_sensor_async.py took 0.045 seconds
[2024-07-05T14:14:55.853+0000] {processor.py:161} INFO - Started process (PID=697) to work on /home/airflow/.local/lib/python3.12/site-packages/airflow/example_dags/example_time_delta_sensor_async.py
[2024-07-05T14:14:55.854+0000] {processor.py:830} INFO - Processing file /home/airflow/.local/lib/python3.12/site-packages/airflow/example_dags/example_time_delta_sensor_async.py for tasks to queue
[2024-07-05T14:14:55.855+0000] {logging_mixin.py:188} INFO - [2024-07-05T14:14:55.855+0000] {dagbag.py:545} INFO - Filling up the DagBag from /home/airflow/.local/lib/python3.12/site-packages/airflow/example_dags/example_time_delta_sensor_async.py
[2024-07-05T14:14:55.858+0000] {processor.py:840} INFO - DAG(s) 'example_time_delta_sensor_async' retrieved from /home/airflow/.local/lib/python3.12/site-packages/airflow/example_dags/example_time_delta_sensor_async.py
[2024-07-05T14:14:55.871+0000] {logging_mixin.py:188} INFO - [2024-07-05T14:14:55.871+0000] {dag.py:3096} INFO - Sync 1 DAGs
[2024-07-05T14:14:55.885+0000] {logging_mixin.py:188} INFO - [2024-07-05T14:14:55.885+0000] {dag.py:3954} INFO - Setting next_dagrun for example_time_delta_sensor_async to None, run_after=None
[2024-07-05T14:14:55.899+0000] {processor.py:183} INFO - Processing /home/airflow/.local/lib/python3.12/site-packages/airflow/example_dags/example_time_delta_sensor_async.py took 0.048 seconds
[2024-07-05T14:15:26.231+0000] {processor.py:161} INFO - Started process (PID=755) to work on /home/airflow/.local/lib/python3.12/site-packages/airflow/example_dags/example_time_delta_sensor_async.py
[2024-07-05T14:15:26.232+0000] {processor.py:830} INFO - Processing file /home/airflow/.local/lib/python3.12/site-packages/airflow/example_dags/example_time_delta_sensor_async.py for tasks to queue
[2024-07-05T14:15:26.234+0000] {logging_mixin.py:188} INFO - [2024-07-05T14:15:26.234+0000] {dagbag.py:545} INFO - Filling up the DagBag from /home/airflow/.local/lib/python3.12/site-packages/airflow/example_dags/example_time_delta_sensor_async.py
[2024-07-05T14:15:26.238+0000] {processor.py:840} INFO - DAG(s) 'example_time_delta_sensor_async' retrieved from /home/airflow/.local/lib/python3.12/site-packages/airflow/example_dags/example_time_delta_sensor_async.py
[2024-07-05T14:15:26.248+0000] {logging_mixin.py:188} INFO - [2024-07-05T14:15:26.248+0000] {dag.py:3096} INFO - Sync 1 DAGs
[2024-07-05T14:15:26.254+0000] {logging_mixin.py:188} INFO - [2024-07-05T14:15:26.254+0000] {dag.py:3954} INFO - Setting next_dagrun for example_time_delta_sensor_async to None, run_after=None
[2024-07-05T14:15:26.263+0000] {processor.py:183} INFO - Processing /home/airflow/.local/lib/python3.12/site-packages/airflow/example_dags/example_time_delta_sensor_async.py took 0.037 seconds
[2024-07-05T14:15:56.563+0000] {processor.py:161} INFO - Started process (PID=813) to work on /home/airflow/.local/lib/python3.12/site-packages/airflow/example_dags/example_time_delta_sensor_async.py
[2024-07-05T14:15:56.564+0000] {processor.py:830} INFO - Processing file /home/airflow/.local/lib/python3.12/site-packages/airflow/example_dags/example_time_delta_sensor_async.py for tasks to queue
[2024-07-05T14:15:56.565+0000] {logging_mixin.py:188} INFO - [2024-07-05T14:15:56.565+0000] {dagbag.py:545} INFO - Filling up the DagBag from /home/airflow/.local/lib/python3.12/site-packages/airflow/example_dags/example_time_delta_sensor_async.py
[2024-07-05T14:15:56.567+0000] {processor.py:840} INFO - DAG(s) 'example_time_delta_sensor_async' retrieved from /home/airflow/.local/lib/python3.12/site-packages/airflow/example_dags/example_time_delta_sensor_async.py
[2024-07-05T14:15:56.577+0000] {logging_mixin.py:188} INFO - [2024-07-05T14:15:56.577+0000] {dag.py:3096} INFO - Sync 1 DAGs
[2024-07-05T14:15:56.582+0000] {logging_mixin.py:188} INFO - [2024-07-05T14:15:56.582+0000] {dag.py:3954} INFO - Setting next_dagrun for example_time_delta_sensor_async to None, run_after=None
[2024-07-05T14:15:56.591+0000] {processor.py:183} INFO - Processing /home/airflow/.local/lib/python3.12/site-packages/airflow/example_dags/example_time_delta_sensor_async.py took 0.031 seconds
[2024-07-05T14:16:27.013+0000] {processor.py:161} INFO - Started process (PID=871) to work on /home/airflow/.local/lib/python3.12/site-packages/airflow/example_dags/example_time_delta_sensor_async.py
[2024-07-05T14:16:27.014+0000] {processor.py:830} INFO - Processing file /home/airflow/.local/lib/python3.12/site-packages/airflow/example_dags/example_time_delta_sensor_async.py for tasks to queue
[2024-07-05T14:16:27.015+0000] {logging_mixin.py:188} INFO - [2024-07-05T14:16:27.015+0000] {dagbag.py:545} INFO - Filling up the DagBag from /home/airflow/.local/lib/python3.12/site-packages/airflow/example_dags/example_time_delta_sensor_async.py
[2024-07-05T14:16:27.017+0000] {processor.py:840} INFO - DAG(s) 'example_time_delta_sensor_async' retrieved from /home/airflow/.local/lib/python3.12/site-packages/airflow/example_dags/example_time_delta_sensor_async.py
[2024-07-05T14:16:27.027+0000] {logging_mixin.py:188} INFO - [2024-07-05T14:16:27.027+0000] {dag.py:3096} INFO - Sync 1 DAGs
[2024-07-05T14:16:27.033+0000] {logging_mixin.py:188} INFO - [2024-07-05T14:16:27.033+0000] {dag.py:3954} INFO - Setting next_dagrun for example_time_delta_sensor_async to None, run_after=None
[2024-07-05T14:16:27.041+0000] {processor.py:183} INFO - Processing /home/airflow/.local/lib/python3.12/site-packages/airflow/example_dags/example_time_delta_sensor_async.py took 0.031 seconds
[2024-07-05T14:16:57.353+0000] {processor.py:161} INFO - Started process (PID=929) to work on /home/airflow/.local/lib/python3.12/site-packages/airflow/example_dags/example_time_delta_sensor_async.py
[2024-07-05T14:16:57.353+0000] {processor.py:830} INFO - Processing file /home/airflow/.local/lib/python3.12/site-packages/airflow/example_dags/example_time_delta_sensor_async.py for tasks to queue
[2024-07-05T14:16:57.354+0000] {logging_mixin.py:188} INFO - [2024-07-05T14:16:57.354+0000] {dagbag.py:545} INFO - Filling up the DagBag from /home/airflow/.local/lib/python3.12/site-packages/airflow/example_dags/example_time_delta_sensor_async.py
[2024-07-05T14:16:57.357+0000] {processor.py:840} INFO - DAG(s) 'example_time_delta_sensor_async' retrieved from /home/airflow/.local/lib/python3.12/site-packages/airflow/example_dags/example_time_delta_sensor_async.py
[2024-07-05T14:16:57.366+0000] {logging_mixin.py:188} INFO - [2024-07-05T14:16:57.366+0000] {dag.py:3096} INFO - Sync 1 DAGs
[2024-07-05T14:16:57.372+0000] {logging_mixin.py:188} INFO - [2024-07-05T14:16:57.372+0000] {dag.py:3954} INFO - Setting next_dagrun for example_time_delta_sensor_async to None, run_after=None
[2024-07-05T14:16:57.381+0000] {processor.py:183} INFO - Processing /home/airflow/.local/lib/python3.12/site-packages/airflow/example_dags/example_time_delta_sensor_async.py took 0.031 seconds
[2024-07-05T14:17:27.771+0000] {processor.py:161} INFO - Started process (PID=987) to work on /home/airflow/.local/lib/python3.12/site-packages/airflow/example_dags/example_time_delta_sensor_async.py
[2024-07-05T14:17:27.772+0000] {processor.py:830} INFO - Processing file /home/airflow/.local/lib/python3.12/site-packages/airflow/example_dags/example_time_delta_sensor_async.py for tasks to queue
[2024-07-05T14:17:27.774+0000] {logging_mixin.py:188} INFO - [2024-07-05T14:17:27.773+0000] {dagbag.py:545} INFO - Filling up the DagBag from /home/airflow/.local/lib/python3.12/site-packages/airflow/example_dags/example_time_delta_sensor_async.py
[2024-07-05T14:17:27.777+0000] {processor.py:840} INFO - DAG(s) 'example_time_delta_sensor_async' retrieved from /home/airflow/.local/lib/python3.12/site-packages/airflow/example_dags/example_time_delta_sensor_async.py
[2024-07-05T14:17:27.789+0000] {logging_mixin.py:188} INFO - [2024-07-05T14:17:27.789+0000] {dag.py:3096} INFO - Sync 1 DAGs
[2024-07-05T14:17:27.795+0000] {logging_mixin.py:188} INFO - [2024-07-05T14:17:27.795+0000] {dag.py:3954} INFO - Setting next_dagrun for example_time_delta_sensor_async to None, run_after=None
[2024-07-05T14:17:27.804+0000] {processor.py:183} INFO - Processing /home/airflow/.local/lib/python3.12/site-packages/airflow/example_dags/example_time_delta_sensor_async.py took 0.038 seconds
[2024-07-05T14:17:58.205+0000] {processor.py:161} INFO - Started process (PID=1045) to work on /home/airflow/.local/lib/python3.12/site-packages/airflow/example_dags/example_time_delta_sensor_async.py
[2024-07-05T14:17:58.206+0000] {processor.py:830} INFO - Processing file /home/airflow/.local/lib/python3.12/site-packages/airflow/example_dags/example_time_delta_sensor_async.py for tasks to queue
[2024-07-05T14:17:58.208+0000] {logging_mixin.py:188} INFO - [2024-07-05T14:17:58.208+0000] {dagbag.py:545} INFO - Filling up the DagBag from /home/airflow/.local/lib/python3.12/site-packages/airflow/example_dags/example_time_delta_sensor_async.py
[2024-07-05T14:17:58.210+0000] {processor.py:840} INFO - DAG(s) 'example_time_delta_sensor_async' retrieved from /home/airflow/.local/lib/python3.12/site-packages/airflow/example_dags/example_time_delta_sensor_async.py
[2024-07-05T14:17:58.221+0000] {logging_mixin.py:188} INFO - [2024-07-05T14:17:58.221+0000] {dag.py:3096} INFO - Sync 1 DAGs
[2024-07-05T14:17:58.227+0000] {logging_mixin.py:188} INFO - [2024-07-05T14:17:58.227+0000] {dag.py:3954} INFO - Setting next_dagrun for example_time_delta_sensor_async to None, run_after=None
[2024-07-05T14:17:58.236+0000] {processor.py:183} INFO - Processing /home/airflow/.local/lib/python3.12/site-packages/airflow/example_dags/example_time_delta_sensor_async.py took 0.034 seconds
[2024-07-05T14:18:28.863+0000] {processor.py:161} INFO - Started process (PID=1103) to work on /home/airflow/.local/lib/python3.12/site-packages/airflow/example_dags/example_time_delta_sensor_async.py
[2024-07-05T14:18:28.864+0000] {processor.py:830} INFO - Processing file /home/airflow/.local/lib/python3.12/site-packages/airflow/example_dags/example_time_delta_sensor_async.py for tasks to queue
[2024-07-05T14:18:28.865+0000] {logging_mixin.py:188} INFO - [2024-07-05T14:18:28.864+0000] {dagbag.py:545} INFO - Filling up the DagBag from /home/airflow/.local/lib/python3.12/site-packages/airflow/example_dags/example_time_delta_sensor_async.py
[2024-07-05T14:18:28.867+0000] {processor.py:840} INFO - DAG(s) 'example_time_delta_sensor_async' retrieved from /home/airflow/.local/lib/python3.12/site-packages/airflow/example_dags/example_time_delta_sensor_async.py
[2024-07-05T14:18:28.878+0000] {logging_mixin.py:188} INFO - [2024-07-05T14:18:28.878+0000] {dag.py:3096} INFO - Sync 1 DAGs
[2024-07-05T14:18:28.887+0000] {logging_mixin.py:188} INFO - [2024-07-05T14:18:28.887+0000] {dag.py:3954} INFO - Setting next_dagrun for example_time_delta_sensor_async to None, run_after=None
[2024-07-05T14:18:28.899+0000] {processor.py:183} INFO - Processing /home/airflow/.local/lib/python3.12/site-packages/airflow/example_dags/example_time_delta_sensor_async.py took 0.041 seconds
[2024-07-05T14:18:59.345+0000] {processor.py:161} INFO - Started process (PID=1160) to work on /home/airflow/.local/lib/python3.12/site-packages/airflow/example_dags/example_time_delta_sensor_async.py
[2024-07-05T14:18:59.345+0000] {processor.py:830} INFO - Processing file /home/airflow/.local/lib/python3.12/site-packages/airflow/example_dags/example_time_delta_sensor_async.py for tasks to queue
[2024-07-05T14:18:59.347+0000] {logging_mixin.py:188} INFO - [2024-07-05T14:18:59.346+0000] {dagbag.py:545} INFO - Filling up the DagBag from /home/airflow/.local/lib/python3.12/site-packages/airflow/example_dags/example_time_delta_sensor_async.py
[2024-07-05T14:18:59.349+0000] {processor.py:840} INFO - DAG(s) 'example_time_delta_sensor_async' retrieved from /home/airflow/.local/lib/python3.12/site-packages/airflow/example_dags/example_time_delta_sensor_async.py
[2024-07-05T14:18:59.359+0000] {logging_mixin.py:188} INFO - [2024-07-05T14:18:59.359+0000] {dag.py:3096} INFO - Sync 1 DAGs
[2024-07-05T14:18:59.365+0000] {logging_mixin.py:188} INFO - [2024-07-05T14:18:59.365+0000] {dag.py:3954} INFO - Setting next_dagrun for example_time_delta_sensor_async to None, run_after=None
[2024-07-05T14:18:59.374+0000] {processor.py:183} INFO - Processing /home/airflow/.local/lib/python3.12/site-packages/airflow/example_dags/example_time_delta_sensor_async.py took 0.032 seconds
[2024-07-05T14:19:29.573+0000] {processor.py:161} INFO - Started process (PID=1218) to work on /home/airflow/.local/lib/python3.12/site-packages/airflow/example_dags/example_time_delta_sensor_async.py
[2024-07-05T14:19:29.573+0000] {processor.py:830} INFO - Processing file /home/airflow/.local/lib/python3.12/site-packages/airflow/example_dags/example_time_delta_sensor_async.py for tasks to queue
[2024-07-05T14:19:29.574+0000] {logging_mixin.py:188} INFO - [2024-07-05T14:19:29.574+0000] {dagbag.py:545} INFO - Filling up the DagBag from /home/airflow/.local/lib/python3.12/site-packages/airflow/example_dags/example_time_delta_sensor_async.py
[2024-07-05T14:19:29.577+0000] {processor.py:840} INFO - DAG(s) 'example_time_delta_sensor_async' retrieved from /home/airflow/.local/lib/python3.12/site-packages/airflow/example_dags/example_time_delta_sensor_async.py
[2024-07-05T14:19:29.590+0000] {logging_mixin.py:188} INFO - [2024-07-05T14:19:29.590+0000] {dag.py:3096} INFO - Sync 1 DAGs
[2024-07-05T14:19:29.596+0000] {logging_mixin.py:188} INFO - [2024-07-05T14:19:29.596+0000] {dag.py:3954} INFO - Setting next_dagrun for example_time_delta_sensor_async to None, run_after=None
[2024-07-05T14:19:29.609+0000] {processor.py:183} INFO - Processing /home/airflow/.local/lib/python3.12/site-packages/airflow/example_dags/example_time_delta_sensor_async.py took 0.039 seconds
[2024-07-05T14:19:59.904+0000] {processor.py:161} INFO - Started process (PID=1276) to work on /home/airflow/.local/lib/python3.12/site-packages/airflow/example_dags/example_time_delta_sensor_async.py
[2024-07-05T14:19:59.906+0000] {processor.py:830} INFO - Processing file /home/airflow/.local/lib/python3.12/site-packages/airflow/example_dags/example_time_delta_sensor_async.py for tasks to queue
[2024-07-05T14:19:59.907+0000] {logging_mixin.py:188} INFO - [2024-07-05T14:19:59.907+0000] {dagbag.py:545} INFO - Filling up the DagBag from /home/airflow/.local/lib/python3.12/site-packages/airflow/example_dags/example_time_delta_sensor_async.py
[2024-07-05T14:19:59.910+0000] {processor.py:840} INFO - DAG(s) 'example_time_delta_sensor_async' retrieved from /home/airflow/.local/lib/python3.12/site-packages/airflow/example_dags/example_time_delta_sensor_async.py
[2024-07-05T14:19:59.916+0000] {logging_mixin.py:188} INFO - [2024-07-05T14:19:59.916+0000] {dag.py:3096} INFO - Sync 1 DAGs
[2024-07-05T14:19:59.923+0000] {logging_mixin.py:188} INFO - [2024-07-05T14:19:59.922+0000] {dag.py:3954} INFO - Setting next_dagrun for example_time_delta_sensor_async to None, run_after=None
[2024-07-05T14:19:59.933+0000] {processor.py:183} INFO - Processing /home/airflow/.local/lib/python3.12/site-packages/airflow/example_dags/example_time_delta_sensor_async.py took 0.032 seconds
[2024-07-05T14:20:30.828+0000] {processor.py:161} INFO - Started process (PID=1334) to work on /home/airflow/.local/lib/python3.12/site-packages/airflow/example_dags/example_time_delta_sensor_async.py
[2024-07-05T14:20:30.828+0000] {processor.py:830} INFO - Processing file /home/airflow/.local/lib/python3.12/site-packages/airflow/example_dags/example_time_delta_sensor_async.py for tasks to queue
[2024-07-05T14:20:30.829+0000] {logging_mixin.py:188} INFO - [2024-07-05T14:20:30.829+0000] {dagbag.py:545} INFO - Filling up the DagBag from /home/airflow/.local/lib/python3.12/site-packages/airflow/example_dags/example_time_delta_sensor_async.py
[2024-07-05T14:20:30.831+0000] {processor.py:840} INFO - DAG(s) 'example_time_delta_sensor_async' retrieved from /home/airflow/.local/lib/python3.12/site-packages/airflow/example_dags/example_time_delta_sensor_async.py
[2024-07-05T14:20:30.879+0000] {logging_mixin.py:188} INFO - [2024-07-05T14:20:30.879+0000] {dag.py:3096} INFO - Sync 1 DAGs
[2024-07-05T14:20:30.884+0000] {logging_mixin.py:188} INFO - [2024-07-05T14:20:30.884+0000] {dag.py:3954} INFO - Setting next_dagrun for example_time_delta_sensor_async to None, run_after=None
[2024-07-05T14:20:30.892+0000] {processor.py:183} INFO - Processing /home/airflow/.local/lib/python3.12/site-packages/airflow/example_dags/example_time_delta_sensor_async.py took 0.067 seconds
[2024-07-05T14:21:01.238+0000] {processor.py:161} INFO - Started process (PID=1392) to work on /home/airflow/.local/lib/python3.12/site-packages/airflow/example_dags/example_time_delta_sensor_async.py
[2024-07-05T14:21:01.238+0000] {processor.py:830} INFO - Processing file /home/airflow/.local/lib/python3.12/site-packages/airflow/example_dags/example_time_delta_sensor_async.py for tasks to queue
[2024-07-05T14:21:01.239+0000] {logging_mixin.py:188} INFO - [2024-07-05T14:21:01.239+0000] {dagbag.py:545} INFO - Filling up the DagBag from /home/airflow/.local/lib/python3.12/site-packages/airflow/example_dags/example_time_delta_sensor_async.py
[2024-07-05T14:21:01.242+0000] {processor.py:840} INFO - DAG(s) 'example_time_delta_sensor_async' retrieved from /home/airflow/.local/lib/python3.12/site-packages/airflow/example_dags/example_time_delta_sensor_async.py
[2024-07-05T14:21:01.252+0000] {logging_mixin.py:188} INFO - [2024-07-05T14:21:01.252+0000] {dag.py:3096} INFO - Sync 1 DAGs
[2024-07-05T14:21:01.258+0000] {logging_mixin.py:188} INFO - [2024-07-05T14:21:01.258+0000] {dag.py:3954} INFO - Setting next_dagrun for example_time_delta_sensor_async to None, run_after=None
[2024-07-05T14:21:01.265+0000] {processor.py:183} INFO - Processing /home/airflow/.local/lib/python3.12/site-packages/airflow/example_dags/example_time_delta_sensor_async.py took 0.031 seconds
[2024-07-05T14:21:31.547+0000] {processor.py:161} INFO - Started process (PID=1450) to work on /home/airflow/.local/lib/python3.12/site-packages/airflow/example_dags/example_time_delta_sensor_async.py
[2024-07-05T14:21:31.548+0000] {processor.py:830} INFO - Processing file /home/airflow/.local/lib/python3.12/site-packages/airflow/example_dags/example_time_delta_sensor_async.py for tasks to queue
[2024-07-05T14:21:31.549+0000] {logging_mixin.py:188} INFO - [2024-07-05T14:21:31.549+0000] {dagbag.py:545} INFO - Filling up the DagBag from /home/airflow/.local/lib/python3.12/site-packages/airflow/example_dags/example_time_delta_sensor_async.py
[2024-07-05T14:21:31.552+0000] {processor.py:840} INFO - DAG(s) 'example_time_delta_sensor_async' retrieved from /home/airflow/.local/lib/python3.12/site-packages/airflow/example_dags/example_time_delta_sensor_async.py
[2024-07-05T14:21:31.563+0000] {logging_mixin.py:188} INFO - [2024-07-05T14:21:31.563+0000] {dag.py:3096} INFO - Sync 1 DAGs
[2024-07-05T14:21:31.569+0000] {logging_mixin.py:188} INFO - [2024-07-05T14:21:31.569+0000] {dag.py:3954} INFO - Setting next_dagrun for example_time_delta_sensor_async to None, run_after=None
[2024-07-05T14:21:31.580+0000] {processor.py:183} INFO - Processing /home/airflow/.local/lib/python3.12/site-packages/airflow/example_dags/example_time_delta_sensor_async.py took 0.036 seconds
[2024-07-05T14:22:02.081+0000] {processor.py:161} INFO - Started process (PID=1508) to work on /home/airflow/.local/lib/python3.12/site-packages/airflow/example_dags/example_time_delta_sensor_async.py
[2024-07-05T14:22:02.082+0000] {processor.py:830} INFO - Processing file /home/airflow/.local/lib/python3.12/site-packages/airflow/example_dags/example_time_delta_sensor_async.py for tasks to queue
[2024-07-05T14:22:02.083+0000] {logging_mixin.py:188} INFO - [2024-07-05T14:22:02.083+0000] {dagbag.py:545} INFO - Filling up the DagBag from /home/airflow/.local/lib/python3.12/site-packages/airflow/example_dags/example_time_delta_sensor_async.py
[2024-07-05T14:22:02.085+0000] {processor.py:840} INFO - DAG(s) 'example_time_delta_sensor_async' retrieved from /home/airflow/.local/lib/python3.12/site-packages/airflow/example_dags/example_time_delta_sensor_async.py
[2024-07-05T14:22:02.095+0000] {logging_mixin.py:188} INFO - [2024-07-05T14:22:02.095+0000] {dag.py:3096} INFO - Sync 1 DAGs
[2024-07-05T14:22:02.101+0000] {logging_mixin.py:188} INFO - [2024-07-05T14:22:02.101+0000] {dag.py:3954} INFO - Setting next_dagrun for example_time_delta_sensor_async to None, run_after=None
[2024-07-05T14:22:02.110+0000] {processor.py:183} INFO - Processing /home/airflow/.local/lib/python3.12/site-packages/airflow/example_dags/example_time_delta_sensor_async.py took 0.032 seconds
[2024-07-05T14:22:32.888+0000] {processor.py:161} INFO - Started process (PID=1566) to work on /home/airflow/.local/lib/python3.12/site-packages/airflow/example_dags/example_time_delta_sensor_async.py
[2024-07-05T14:22:32.889+0000] {processor.py:830} INFO - Processing file /home/airflow/.local/lib/python3.12/site-packages/airflow/example_dags/example_time_delta_sensor_async.py for tasks to queue
[2024-07-05T14:22:32.890+0000] {logging_mixin.py:188} INFO - [2024-07-05T14:22:32.890+0000] {dagbag.py:545} INFO - Filling up the DagBag from /home/airflow/.local/lib/python3.12/site-packages/airflow/example_dags/example_time_delta_sensor_async.py
[2024-07-05T14:22:32.893+0000] {processor.py:840} INFO - DAG(s) 'example_time_delta_sensor_async' retrieved from /home/airflow/.local/lib/python3.12/site-packages/airflow/example_dags/example_time_delta_sensor_async.py
[2024-07-05T14:22:32.905+0000] {logging_mixin.py:188} INFO - [2024-07-05T14:22:32.905+0000] {dag.py:3096} INFO - Sync 1 DAGs
[2024-07-05T14:22:32.911+0000] {logging_mixin.py:188} INFO - [2024-07-05T14:22:32.911+0000] {dag.py:3954} INFO - Setting next_dagrun for example_time_delta_sensor_async to None, run_after=None
[2024-07-05T14:22:32.921+0000] {processor.py:183} INFO - Processing /home/airflow/.local/lib/python3.12/site-packages/airflow/example_dags/example_time_delta_sensor_async.py took 0.036 seconds
[2024-07-05T14:23:03.107+0000] {processor.py:161} INFO - Started process (PID=1624) to work on /home/airflow/.local/lib/python3.12/site-packages/airflow/example_dags/example_time_delta_sensor_async.py
[2024-07-05T14:23:03.109+0000] {processor.py:830} INFO - Processing file /home/airflow/.local/lib/python3.12/site-packages/airflow/example_dags/example_time_delta_sensor_async.py for tasks to queue
[2024-07-05T14:23:03.110+0000] {logging_mixin.py:188} INFO - [2024-07-05T14:23:03.110+0000] {dagbag.py:545} INFO - Filling up the DagBag from /home/airflow/.local/lib/python3.12/site-packages/airflow/example_dags/example_time_delta_sensor_async.py
[2024-07-05T14:23:03.112+0000] {processor.py:840} INFO - DAG(s) 'example_time_delta_sensor_async' retrieved from /home/airflow/.local/lib/python3.12/site-packages/airflow/example_dags/example_time_delta_sensor_async.py
[2024-07-05T14:23:03.122+0000] {logging_mixin.py:188} INFO - [2024-07-05T14:23:03.122+0000] {dag.py:3096} INFO - Sync 1 DAGs
[2024-07-05T14:23:03.129+0000] {logging_mixin.py:188} INFO - [2024-07-05T14:23:03.128+0000] {dag.py:3954} INFO - Setting next_dagrun for example_time_delta_sensor_async to None, run_after=None
[2024-07-05T14:23:03.137+0000] {processor.py:183} INFO - Processing /home/airflow/.local/lib/python3.12/site-packages/airflow/example_dags/example_time_delta_sensor_async.py took 0.032 seconds
[2024-07-05T14:23:34.081+0000] {processor.py:161} INFO - Started process (PID=1682) to work on /home/airflow/.local/lib/python3.12/site-packages/airflow/example_dags/example_time_delta_sensor_async.py
[2024-07-05T14:23:34.082+0000] {processor.py:830} INFO - Processing file /home/airflow/.local/lib/python3.12/site-packages/airflow/example_dags/example_time_delta_sensor_async.py for tasks to queue
[2024-07-05T14:23:34.083+0000] {logging_mixin.py:188} INFO - [2024-07-05T14:23:34.083+0000] {dagbag.py:545} INFO - Filling up the DagBag from /home/airflow/.local/lib/python3.12/site-packages/airflow/example_dags/example_time_delta_sensor_async.py
[2024-07-05T14:23:34.085+0000] {processor.py:840} INFO - DAG(s) 'example_time_delta_sensor_async' retrieved from /home/airflow/.local/lib/python3.12/site-packages/airflow/example_dags/example_time_delta_sensor_async.py
[2024-07-05T14:23:34.096+0000] {logging_mixin.py:188} INFO - [2024-07-05T14:23:34.096+0000] {dag.py:3096} INFO - Sync 1 DAGs
[2024-07-05T14:23:34.103+0000] {logging_mixin.py:188} INFO - [2024-07-05T14:23:34.103+0000] {dag.py:3954} INFO - Setting next_dagrun for example_time_delta_sensor_async to None, run_after=None
[2024-07-05T14:23:34.112+0000] {processor.py:183} INFO - Processing /home/airflow/.local/lib/python3.12/site-packages/airflow/example_dags/example_time_delta_sensor_async.py took 0.034 seconds
[2024-07-05T14:24:04.169+0000] {processor.py:161} INFO - Started process (PID=1740) to work on /home/airflow/.local/lib/python3.12/site-packages/airflow/example_dags/example_time_delta_sensor_async.py
[2024-07-05T14:24:04.170+0000] {processor.py:830} INFO - Processing file /home/airflow/.local/lib/python3.12/site-packages/airflow/example_dags/example_time_delta_sensor_async.py for tasks to queue
[2024-07-05T14:24:04.171+0000] {logging_mixin.py:188} INFO - [2024-07-05T14:24:04.171+0000] {dagbag.py:545} INFO - Filling up the DagBag from /home/airflow/.local/lib/python3.12/site-packages/airflow/example_dags/example_time_delta_sensor_async.py
[2024-07-05T14:24:04.174+0000] {processor.py:840} INFO - DAG(s) 'example_time_delta_sensor_async' retrieved from /home/airflow/.local/lib/python3.12/site-packages/airflow/example_dags/example_time_delta_sensor_async.py
[2024-07-05T14:24:04.185+0000] {logging_mixin.py:188} INFO - [2024-07-05T14:24:04.185+0000] {dag.py:3096} INFO - Sync 1 DAGs
[2024-07-05T14:24:04.191+0000] {logging_mixin.py:188} INFO - [2024-07-05T14:24:04.190+0000] {dag.py:3954} INFO - Setting next_dagrun for example_time_delta_sensor_async to None, run_after=None
[2024-07-05T14:24:04.199+0000] {processor.py:183} INFO - Processing /home/airflow/.local/lib/python3.12/site-packages/airflow/example_dags/example_time_delta_sensor_async.py took 0.033 seconds
[2024-07-05T14:24:35.277+0000] {processor.py:161} INFO - Started process (PID=1797) to work on /home/airflow/.local/lib/python3.12/site-packages/airflow/example_dags/example_time_delta_sensor_async.py
[2024-07-05T14:24:35.277+0000] {processor.py:830} INFO - Processing file /home/airflow/.local/lib/python3.12/site-packages/airflow/example_dags/example_time_delta_sensor_async.py for tasks to queue
[2024-07-05T14:24:35.278+0000] {logging_mixin.py:188} INFO - [2024-07-05T14:24:35.278+0000] {dagbag.py:545} INFO - Filling up the DagBag from /home/airflow/.local/lib/python3.12/site-packages/airflow/example_dags/example_time_delta_sensor_async.py
[2024-07-05T14:24:35.281+0000] {processor.py:840} INFO - DAG(s) 'example_time_delta_sensor_async' retrieved from /home/airflow/.local/lib/python3.12/site-packages/airflow/example_dags/example_time_delta_sensor_async.py
[2024-07-05T14:24:35.291+0000] {logging_mixin.py:188} INFO - [2024-07-05T14:24:35.291+0000] {dag.py:3096} INFO - Sync 1 DAGs
[2024-07-05T14:24:35.297+0000] {logging_mixin.py:188} INFO - [2024-07-05T14:24:35.297+0000] {dag.py:3954} INFO - Setting next_dagrun for example_time_delta_sensor_async to None, run_after=None
[2024-07-05T14:24:35.307+0000] {processor.py:183} INFO - Processing /home/airflow/.local/lib/python3.12/site-packages/airflow/example_dags/example_time_delta_sensor_async.py took 0.033 seconds
[2024-07-05T14:25:05.431+0000] {processor.py:161} INFO - Started process (PID=1855) to work on /home/airflow/.local/lib/python3.12/site-packages/airflow/example_dags/example_time_delta_sensor_async.py
[2024-07-05T14:25:05.432+0000] {processor.py:830} INFO - Processing file /home/airflow/.local/lib/python3.12/site-packages/airflow/example_dags/example_time_delta_sensor_async.py for tasks to queue
[2024-07-05T14:25:05.433+0000] {logging_mixin.py:188} INFO - [2024-07-05T14:25:05.433+0000] {dagbag.py:545} INFO - Filling up the DagBag from /home/airflow/.local/lib/python3.12/site-packages/airflow/example_dags/example_time_delta_sensor_async.py
[2024-07-05T14:25:05.435+0000] {processor.py:840} INFO - DAG(s) 'example_time_delta_sensor_async' retrieved from /home/airflow/.local/lib/python3.12/site-packages/airflow/example_dags/example_time_delta_sensor_async.py
[2024-07-05T14:25:05.445+0000] {logging_mixin.py:188} INFO - [2024-07-05T14:25:05.445+0000] {dag.py:3096} INFO - Sync 1 DAGs
[2024-07-05T14:25:05.451+0000] {logging_mixin.py:188} INFO - [2024-07-05T14:25:05.451+0000] {dag.py:3954} INFO - Setting next_dagrun for example_time_delta_sensor_async to None, run_after=None
[2024-07-05T14:25:05.459+0000] {processor.py:183} INFO - Processing /home/airflow/.local/lib/python3.12/site-packages/airflow/example_dags/example_time_delta_sensor_async.py took 0.030 seconds
[2024-07-05T14:25:35.869+0000] {processor.py:161} INFO - Started process (PID=1913) to work on /home/airflow/.local/lib/python3.12/site-packages/airflow/example_dags/example_time_delta_sensor_async.py
[2024-07-05T14:25:35.871+0000] {processor.py:830} INFO - Processing file /home/airflow/.local/lib/python3.12/site-packages/airflow/example_dags/example_time_delta_sensor_async.py for tasks to queue
[2024-07-05T14:25:35.872+0000] {logging_mixin.py:188} INFO - [2024-07-05T14:25:35.872+0000] {dagbag.py:545} INFO - Filling up the DagBag from /home/airflow/.local/lib/python3.12/site-packages/airflow/example_dags/example_time_delta_sensor_async.py
[2024-07-05T14:25:35.874+0000] {processor.py:840} INFO - DAG(s) 'example_time_delta_sensor_async' retrieved from /home/airflow/.local/lib/python3.12/site-packages/airflow/example_dags/example_time_delta_sensor_async.py
[2024-07-05T14:25:35.885+0000] {logging_mixin.py:188} INFO - [2024-07-05T14:25:35.884+0000] {dag.py:3096} INFO - Sync 1 DAGs
[2024-07-05T14:25:35.890+0000] {logging_mixin.py:188} INFO - [2024-07-05T14:25:35.890+0000] {dag.py:3954} INFO - Setting next_dagrun for example_time_delta_sensor_async to None, run_after=None
[2024-07-05T14:25:35.899+0000] {processor.py:183} INFO - Processing /home/airflow/.local/lib/python3.12/site-packages/airflow/example_dags/example_time_delta_sensor_async.py took 0.033 seconds
[2024-07-05T14:26:06.797+0000] {processor.py:161} INFO - Started process (PID=1971) to work on /home/airflow/.local/lib/python3.12/site-packages/airflow/example_dags/example_time_delta_sensor_async.py
[2024-07-05T14:26:06.798+0000] {processor.py:830} INFO - Processing file /home/airflow/.local/lib/python3.12/site-packages/airflow/example_dags/example_time_delta_sensor_async.py for tasks to queue
[2024-07-05T14:26:06.799+0000] {logging_mixin.py:188} INFO - [2024-07-05T14:26:06.799+0000] {dagbag.py:545} INFO - Filling up the DagBag from /home/airflow/.local/lib/python3.12/site-packages/airflow/example_dags/example_time_delta_sensor_async.py
[2024-07-05T14:26:06.802+0000] {processor.py:840} INFO - DAG(s) 'example_time_delta_sensor_async' retrieved from /home/airflow/.local/lib/python3.12/site-packages/airflow/example_dags/example_time_delta_sensor_async.py
[2024-07-05T14:26:06.811+0000] {logging_mixin.py:188} INFO - [2024-07-05T14:26:06.811+0000] {dag.py:3096} INFO - Sync 1 DAGs
[2024-07-05T14:26:06.817+0000] {logging_mixin.py:188} INFO - [2024-07-05T14:26:06.817+0000] {dag.py:3954} INFO - Setting next_dagrun for example_time_delta_sensor_async to None, run_after=None
[2024-07-05T14:26:06.826+0000] {processor.py:183} INFO - Processing /home/airflow/.local/lib/python3.12/site-packages/airflow/example_dags/example_time_delta_sensor_async.py took 0.031 seconds
[2024-07-05T14:28:05.507+0000] {processor.py:161} INFO - Started process (PID=58) to work on /home/airflow/.local/lib/python3.12/site-packages/airflow/example_dags/example_time_delta_sensor_async.py
[2024-07-05T14:28:05.508+0000] {processor.py:830} INFO - Processing file /home/airflow/.local/lib/python3.12/site-packages/airflow/example_dags/example_time_delta_sensor_async.py for tasks to queue
[2024-07-05T14:28:05.510+0000] {logging_mixin.py:188} INFO - [2024-07-05T14:28:05.510+0000] {dagbag.py:545} INFO - Filling up the DagBag from /home/airflow/.local/lib/python3.12/site-packages/airflow/example_dags/example_time_delta_sensor_async.py
[2024-07-05T14:28:05.518+0000] {processor.py:840} INFO - DAG(s) 'example_time_delta_sensor_async' retrieved from /home/airflow/.local/lib/python3.12/site-packages/airflow/example_dags/example_time_delta_sensor_async.py
[2024-07-05T14:28:05.544+0000] {logging_mixin.py:188} INFO - [2024-07-05T14:28:05.544+0000] {dag.py:3096} INFO - Sync 1 DAGs
[2024-07-05T14:28:05.561+0000] {logging_mixin.py:188} INFO - [2024-07-05T14:28:05.560+0000] {dag.py:3954} INFO - Setting next_dagrun for example_time_delta_sensor_async to None, run_after=None
[2024-07-05T14:28:05.582+0000] {processor.py:183} INFO - Processing /home/airflow/.local/lib/python3.12/site-packages/airflow/example_dags/example_time_delta_sensor_async.py took 0.079 seconds
[2024-07-05T14:28:36.500+0000] {processor.py:161} INFO - Started process (PID=116) to work on /home/airflow/.local/lib/python3.12/site-packages/airflow/example_dags/example_time_delta_sensor_async.py
[2024-07-05T14:28:36.501+0000] {processor.py:830} INFO - Processing file /home/airflow/.local/lib/python3.12/site-packages/airflow/example_dags/example_time_delta_sensor_async.py for tasks to queue
[2024-07-05T14:28:36.502+0000] {logging_mixin.py:188} INFO - [2024-07-05T14:28:36.502+0000] {dagbag.py:545} INFO - Filling up the DagBag from /home/airflow/.local/lib/python3.12/site-packages/airflow/example_dags/example_time_delta_sensor_async.py
[2024-07-05T14:28:36.504+0000] {processor.py:840} INFO - DAG(s) 'example_time_delta_sensor_async' retrieved from /home/airflow/.local/lib/python3.12/site-packages/airflow/example_dags/example_time_delta_sensor_async.py
[2024-07-05T14:28:36.510+0000] {logging_mixin.py:188} INFO - [2024-07-05T14:28:36.510+0000] {dag.py:3096} INFO - Sync 1 DAGs
[2024-07-05T14:28:36.516+0000] {logging_mixin.py:188} INFO - [2024-07-05T14:28:36.516+0000] {dag.py:3954} INFO - Setting next_dagrun for example_time_delta_sensor_async to None, run_after=None
[2024-07-05T14:28:36.525+0000] {processor.py:183} INFO - Processing /home/airflow/.local/lib/python3.12/site-packages/airflow/example_dags/example_time_delta_sensor_async.py took 0.027 seconds
[2024-07-05T14:29:06.587+0000] {processor.py:161} INFO - Started process (PID=174) to work on /home/airflow/.local/lib/python3.12/site-packages/airflow/example_dags/example_time_delta_sensor_async.py
[2024-07-05T14:29:06.587+0000] {processor.py:830} INFO - Processing file /home/airflow/.local/lib/python3.12/site-packages/airflow/example_dags/example_time_delta_sensor_async.py for tasks to queue
[2024-07-05T14:29:06.588+0000] {logging_mixin.py:188} INFO - [2024-07-05T14:29:06.588+0000] {dagbag.py:545} INFO - Filling up the DagBag from /home/airflow/.local/lib/python3.12/site-packages/airflow/example_dags/example_time_delta_sensor_async.py
[2024-07-05T14:29:06.590+0000] {processor.py:840} INFO - DAG(s) 'example_time_delta_sensor_async' retrieved from /home/airflow/.local/lib/python3.12/site-packages/airflow/example_dags/example_time_delta_sensor_async.py
[2024-07-05T14:29:06.630+0000] {logging_mixin.py:188} INFO - [2024-07-05T14:29:06.630+0000] {dag.py:3096} INFO - Sync 1 DAGs
[2024-07-05T14:29:06.635+0000] {logging_mixin.py:188} INFO - [2024-07-05T14:29:06.634+0000] {dag.py:3954} INFO - Setting next_dagrun for example_time_delta_sensor_async to None, run_after=None
[2024-07-05T14:29:06.642+0000] {processor.py:183} INFO - Processing /home/airflow/.local/lib/python3.12/site-packages/airflow/example_dags/example_time_delta_sensor_async.py took 0.058 seconds
[2024-07-05T14:29:37.621+0000] {processor.py:161} INFO - Started process (PID=232) to work on /home/airflow/.local/lib/python3.12/site-packages/airflow/example_dags/example_time_delta_sensor_async.py
[2024-07-05T14:29:37.622+0000] {processor.py:830} INFO - Processing file /home/airflow/.local/lib/python3.12/site-packages/airflow/example_dags/example_time_delta_sensor_async.py for tasks to queue
[2024-07-05T14:29:37.623+0000] {logging_mixin.py:188} INFO - [2024-07-05T14:29:37.623+0000] {dagbag.py:545} INFO - Filling up the DagBag from /home/airflow/.local/lib/python3.12/site-packages/airflow/example_dags/example_time_delta_sensor_async.py
[2024-07-05T14:29:37.625+0000] {processor.py:840} INFO - DAG(s) 'example_time_delta_sensor_async' retrieved from /home/airflow/.local/lib/python3.12/site-packages/airflow/example_dags/example_time_delta_sensor_async.py
[2024-07-05T14:29:37.634+0000] {logging_mixin.py:188} INFO - [2024-07-05T14:29:37.634+0000] {dag.py:3096} INFO - Sync 1 DAGs
[2024-07-05T14:29:37.640+0000] {logging_mixin.py:188} INFO - [2024-07-05T14:29:37.639+0000] {dag.py:3954} INFO - Setting next_dagrun for example_time_delta_sensor_async to None, run_after=None
[2024-07-05T14:29:37.647+0000] {processor.py:183} INFO - Processing /home/airflow/.local/lib/python3.12/site-packages/airflow/example_dags/example_time_delta_sensor_async.py took 0.029 seconds
[2024-07-05T14:30:07.729+0000] {processor.py:161} INFO - Started process (PID=290) to work on /home/airflow/.local/lib/python3.12/site-packages/airflow/example_dags/example_time_delta_sensor_async.py
[2024-07-05T14:30:07.730+0000] {processor.py:830} INFO - Processing file /home/airflow/.local/lib/python3.12/site-packages/airflow/example_dags/example_time_delta_sensor_async.py for tasks to queue
[2024-07-05T14:30:07.731+0000] {logging_mixin.py:188} INFO - [2024-07-05T14:30:07.730+0000] {dagbag.py:545} INFO - Filling up the DagBag from /home/airflow/.local/lib/python3.12/site-packages/airflow/example_dags/example_time_delta_sensor_async.py
[2024-07-05T14:30:07.733+0000] {processor.py:840} INFO - DAG(s) 'example_time_delta_sensor_async' retrieved from /home/airflow/.local/lib/python3.12/site-packages/airflow/example_dags/example_time_delta_sensor_async.py
[2024-07-05T14:30:07.742+0000] {logging_mixin.py:188} INFO - [2024-07-05T14:30:07.742+0000] {dag.py:3096} INFO - Sync 1 DAGs
[2024-07-05T14:30:07.747+0000] {logging_mixin.py:188} INFO - [2024-07-05T14:30:07.747+0000] {dag.py:3954} INFO - Setting next_dagrun for example_time_delta_sensor_async to None, run_after=None
[2024-07-05T14:30:07.754+0000] {processor.py:183} INFO - Processing /home/airflow/.local/lib/python3.12/site-packages/airflow/example_dags/example_time_delta_sensor_async.py took 0.028 seconds
[2024-07-05T14:30:38.291+0000] {processor.py:161} INFO - Started process (PID=348) to work on /home/airflow/.local/lib/python3.12/site-packages/airflow/example_dags/example_time_delta_sensor_async.py
[2024-07-05T14:30:38.292+0000] {processor.py:830} INFO - Processing file /home/airflow/.local/lib/python3.12/site-packages/airflow/example_dags/example_time_delta_sensor_async.py for tasks to queue
[2024-07-05T14:30:38.293+0000] {logging_mixin.py:188} INFO - [2024-07-05T14:30:38.293+0000] {dagbag.py:545} INFO - Filling up the DagBag from /home/airflow/.local/lib/python3.12/site-packages/airflow/example_dags/example_time_delta_sensor_async.py
[2024-07-05T14:30:38.296+0000] {processor.py:840} INFO - DAG(s) 'example_time_delta_sensor_async' retrieved from /home/airflow/.local/lib/python3.12/site-packages/airflow/example_dags/example_time_delta_sensor_async.py
[2024-07-05T14:30:38.306+0000] {logging_mixin.py:188} INFO - [2024-07-05T14:30:38.306+0000] {dag.py:3096} INFO - Sync 1 DAGs
[2024-07-05T14:30:38.311+0000] {logging_mixin.py:188} INFO - [2024-07-05T14:30:38.311+0000] {dag.py:3954} INFO - Setting next_dagrun for example_time_delta_sensor_async to None, run_after=None
[2024-07-05T14:30:38.319+0000] {processor.py:183} INFO - Processing /home/airflow/.local/lib/python3.12/site-packages/airflow/example_dags/example_time_delta_sensor_async.py took 0.032 seconds
[2024-07-05T14:31:08.949+0000] {processor.py:161} INFO - Started process (PID=406) to work on /home/airflow/.local/lib/python3.12/site-packages/airflow/example_dags/example_time_delta_sensor_async.py
[2024-07-05T14:31:08.950+0000] {processor.py:830} INFO - Processing file /home/airflow/.local/lib/python3.12/site-packages/airflow/example_dags/example_time_delta_sensor_async.py for tasks to queue
[2024-07-05T14:31:08.951+0000] {logging_mixin.py:188} INFO - [2024-07-05T14:31:08.951+0000] {dagbag.py:545} INFO - Filling up the DagBag from /home/airflow/.local/lib/python3.12/site-packages/airflow/example_dags/example_time_delta_sensor_async.py
[2024-07-05T14:31:08.953+0000] {processor.py:840} INFO - DAG(s) 'example_time_delta_sensor_async' retrieved from /home/airflow/.local/lib/python3.12/site-packages/airflow/example_dags/example_time_delta_sensor_async.py
[2024-07-05T14:31:08.962+0000] {logging_mixin.py:188} INFO - [2024-07-05T14:31:08.962+0000] {dag.py:3096} INFO - Sync 1 DAGs
[2024-07-05T14:31:08.967+0000] {logging_mixin.py:188} INFO - [2024-07-05T14:31:08.967+0000] {dag.py:3954} INFO - Setting next_dagrun for example_time_delta_sensor_async to None, run_after=None
[2024-07-05T14:31:08.974+0000] {processor.py:183} INFO - Processing /home/airflow/.local/lib/python3.12/site-packages/airflow/example_dags/example_time_delta_sensor_async.py took 0.028 seconds
[2024-07-05T14:31:39.571+0000] {processor.py:161} INFO - Started process (PID=464) to work on /home/airflow/.local/lib/python3.12/site-packages/airflow/example_dags/example_time_delta_sensor_async.py
[2024-07-05T14:31:39.572+0000] {processor.py:830} INFO - Processing file /home/airflow/.local/lib/python3.12/site-packages/airflow/example_dags/example_time_delta_sensor_async.py for tasks to queue
[2024-07-05T14:31:39.573+0000] {logging_mixin.py:188} INFO - [2024-07-05T14:31:39.573+0000] {dagbag.py:545} INFO - Filling up the DagBag from /home/airflow/.local/lib/python3.12/site-packages/airflow/example_dags/example_time_delta_sensor_async.py
[2024-07-05T14:31:39.575+0000] {processor.py:840} INFO - DAG(s) 'example_time_delta_sensor_async' retrieved from /home/airflow/.local/lib/python3.12/site-packages/airflow/example_dags/example_time_delta_sensor_async.py
[2024-07-05T14:31:39.585+0000] {logging_mixin.py:188} INFO - [2024-07-05T14:31:39.585+0000] {dag.py:3096} INFO - Sync 1 DAGs
[2024-07-05T14:31:39.590+0000] {logging_mixin.py:188} INFO - [2024-07-05T14:31:39.590+0000] {dag.py:3954} INFO - Setting next_dagrun for example_time_delta_sensor_async to None, run_after=None
[2024-07-05T14:31:39.598+0000] {processor.py:183} INFO - Processing /home/airflow/.local/lib/python3.12/site-packages/airflow/example_dags/example_time_delta_sensor_async.py took 0.029 seconds
[2024-07-05T14:32:10.240+0000] {processor.py:161} INFO - Started process (PID=522) to work on /home/airflow/.local/lib/python3.12/site-packages/airflow/example_dags/example_time_delta_sensor_async.py
[2024-07-05T14:32:10.241+0000] {processor.py:830} INFO - Processing file /home/airflow/.local/lib/python3.12/site-packages/airflow/example_dags/example_time_delta_sensor_async.py for tasks to queue
[2024-07-05T14:32:10.242+0000] {logging_mixin.py:188} INFO - [2024-07-05T14:32:10.242+0000] {dagbag.py:545} INFO - Filling up the DagBag from /home/airflow/.local/lib/python3.12/site-packages/airflow/example_dags/example_time_delta_sensor_async.py
[2024-07-05T14:32:10.245+0000] {processor.py:840} INFO - DAG(s) 'example_time_delta_sensor_async' retrieved from /home/airflow/.local/lib/python3.12/site-packages/airflow/example_dags/example_time_delta_sensor_async.py
[2024-07-05T14:32:10.255+0000] {logging_mixin.py:188} INFO - [2024-07-05T14:32:10.255+0000] {dag.py:3096} INFO - Sync 1 DAGs
[2024-07-05T14:32:10.260+0000] {logging_mixin.py:188} INFO - [2024-07-05T14:32:10.260+0000] {dag.py:3954} INFO - Setting next_dagrun for example_time_delta_sensor_async to None, run_after=None
[2024-07-05T14:32:10.268+0000] {processor.py:183} INFO - Processing /home/airflow/.local/lib/python3.12/site-packages/airflow/example_dags/example_time_delta_sensor_async.py took 0.030 seconds
[2024-07-05T14:32:41.116+0000] {processor.py:161} INFO - Started process (PID=580) to work on /home/airflow/.local/lib/python3.12/site-packages/airflow/example_dags/example_time_delta_sensor_async.py
[2024-07-05T14:32:41.116+0000] {processor.py:830} INFO - Processing file /home/airflow/.local/lib/python3.12/site-packages/airflow/example_dags/example_time_delta_sensor_async.py for tasks to queue
[2024-07-05T14:32:41.117+0000] {logging_mixin.py:188} INFO - [2024-07-05T14:32:41.117+0000] {dagbag.py:545} INFO - Filling up the DagBag from /home/airflow/.local/lib/python3.12/site-packages/airflow/example_dags/example_time_delta_sensor_async.py
[2024-07-05T14:32:41.119+0000] {processor.py:840} INFO - DAG(s) 'example_time_delta_sensor_async' retrieved from /home/airflow/.local/lib/python3.12/site-packages/airflow/example_dags/example_time_delta_sensor_async.py
[2024-07-05T14:32:41.131+0000] {logging_mixin.py:188} INFO - [2024-07-05T14:32:41.131+0000] {dag.py:3096} INFO - Sync 1 DAGs
[2024-07-05T14:32:41.136+0000] {logging_mixin.py:188} INFO - [2024-07-05T14:32:41.136+0000] {dag.py:3954} INFO - Setting next_dagrun for example_time_delta_sensor_async to None, run_after=None
[2024-07-05T14:32:41.144+0000] {processor.py:183} INFO - Processing /home/airflow/.local/lib/python3.12/site-packages/airflow/example_dags/example_time_delta_sensor_async.py took 0.031 seconds
[2024-07-05T14:33:11.503+0000] {processor.py:161} INFO - Started process (PID=638) to work on /home/airflow/.local/lib/python3.12/site-packages/airflow/example_dags/example_time_delta_sensor_async.py
[2024-07-05T14:33:11.504+0000] {processor.py:830} INFO - Processing file /home/airflow/.local/lib/python3.12/site-packages/airflow/example_dags/example_time_delta_sensor_async.py for tasks to queue
[2024-07-05T14:33:11.505+0000] {logging_mixin.py:188} INFO - [2024-07-05T14:33:11.505+0000] {dagbag.py:545} INFO - Filling up the DagBag from /home/airflow/.local/lib/python3.12/site-packages/airflow/example_dags/example_time_delta_sensor_async.py
[2024-07-05T14:33:11.507+0000] {processor.py:840} INFO - DAG(s) 'example_time_delta_sensor_async' retrieved from /home/airflow/.local/lib/python3.12/site-packages/airflow/example_dags/example_time_delta_sensor_async.py
[2024-07-05T14:33:11.517+0000] {logging_mixin.py:188} INFO - [2024-07-05T14:33:11.517+0000] {dag.py:3096} INFO - Sync 1 DAGs
[2024-07-05T14:33:11.522+0000] {logging_mixin.py:188} INFO - [2024-07-05T14:33:11.522+0000] {dag.py:3954} INFO - Setting next_dagrun for example_time_delta_sensor_async to None, run_after=None
[2024-07-05T14:33:11.530+0000] {processor.py:183} INFO - Processing /home/airflow/.local/lib/python3.12/site-packages/airflow/example_dags/example_time_delta_sensor_async.py took 0.029 seconds
[2024-07-05T14:33:42.576+0000] {processor.py:161} INFO - Started process (PID=696) to work on /home/airflow/.local/lib/python3.12/site-packages/airflow/example_dags/example_time_delta_sensor_async.py
[2024-07-05T14:33:42.576+0000] {processor.py:830} INFO - Processing file /home/airflow/.local/lib/python3.12/site-packages/airflow/example_dags/example_time_delta_sensor_async.py for tasks to queue
[2024-07-05T14:33:42.577+0000] {logging_mixin.py:188} INFO - [2024-07-05T14:33:42.577+0000] {dagbag.py:545} INFO - Filling up the DagBag from /home/airflow/.local/lib/python3.12/site-packages/airflow/example_dags/example_time_delta_sensor_async.py
[2024-07-05T14:33:42.579+0000] {processor.py:840} INFO - DAG(s) 'example_time_delta_sensor_async' retrieved from /home/airflow/.local/lib/python3.12/site-packages/airflow/example_dags/example_time_delta_sensor_async.py
[2024-07-05T14:33:42.588+0000] {logging_mixin.py:188} INFO - [2024-07-05T14:33:42.588+0000] {dag.py:3096} INFO - Sync 1 DAGs
[2024-07-05T14:33:42.593+0000] {logging_mixin.py:188} INFO - [2024-07-05T14:33:42.593+0000] {dag.py:3954} INFO - Setting next_dagrun for example_time_delta_sensor_async to None, run_after=None
[2024-07-05T14:33:42.600+0000] {processor.py:183} INFO - Processing /home/airflow/.local/lib/python3.12/site-packages/airflow/example_dags/example_time_delta_sensor_async.py took 0.027 seconds
[2024-07-05T14:34:13.135+0000] {processor.py:161} INFO - Started process (PID=754) to work on /home/airflow/.local/lib/python3.12/site-packages/airflow/example_dags/example_time_delta_sensor_async.py
[2024-07-05T14:34:13.136+0000] {processor.py:830} INFO - Processing file /home/airflow/.local/lib/python3.12/site-packages/airflow/example_dags/example_time_delta_sensor_async.py for tasks to queue
[2024-07-05T14:34:13.136+0000] {logging_mixin.py:188} INFO - [2024-07-05T14:34:13.136+0000] {dagbag.py:545} INFO - Filling up the DagBag from /home/airflow/.local/lib/python3.12/site-packages/airflow/example_dags/example_time_delta_sensor_async.py
[2024-07-05T14:34:13.139+0000] {processor.py:840} INFO - DAG(s) 'example_time_delta_sensor_async' retrieved from /home/airflow/.local/lib/python3.12/site-packages/airflow/example_dags/example_time_delta_sensor_async.py
[2024-07-05T14:34:13.148+0000] {logging_mixin.py:188} INFO - [2024-07-05T14:34:13.148+0000] {dag.py:3096} INFO - Sync 1 DAGs
[2024-07-05T14:34:13.155+0000] {logging_mixin.py:188} INFO - [2024-07-05T14:34:13.155+0000] {dag.py:3954} INFO - Setting next_dagrun for example_time_delta_sensor_async to None, run_after=None
[2024-07-05T14:34:13.166+0000] {processor.py:183} INFO - Processing /home/airflow/.local/lib/python3.12/site-packages/airflow/example_dags/example_time_delta_sensor_async.py took 0.033 seconds
[2024-07-05T14:34:43.977+0000] {processor.py:161} INFO - Started process (PID=812) to work on /home/airflow/.local/lib/python3.12/site-packages/airflow/example_dags/example_time_delta_sensor_async.py
[2024-07-05T14:34:43.978+0000] {processor.py:830} INFO - Processing file /home/airflow/.local/lib/python3.12/site-packages/airflow/example_dags/example_time_delta_sensor_async.py for tasks to queue
[2024-07-05T14:34:43.979+0000] {logging_mixin.py:188} INFO - [2024-07-05T14:34:43.979+0000] {dagbag.py:545} INFO - Filling up the DagBag from /home/airflow/.local/lib/python3.12/site-packages/airflow/example_dags/example_time_delta_sensor_async.py
[2024-07-05T14:34:43.982+0000] {processor.py:840} INFO - DAG(s) 'example_time_delta_sensor_async' retrieved from /home/airflow/.local/lib/python3.12/site-packages/airflow/example_dags/example_time_delta_sensor_async.py
[2024-07-05T14:34:43.991+0000] {logging_mixin.py:188} INFO - [2024-07-05T14:34:43.991+0000] {dag.py:3096} INFO - Sync 1 DAGs
[2024-07-05T14:34:43.997+0000] {logging_mixin.py:188} INFO - [2024-07-05T14:34:43.997+0000] {dag.py:3954} INFO - Setting next_dagrun for example_time_delta_sensor_async to None, run_after=None
[2024-07-05T14:34:44.006+0000] {processor.py:183} INFO - Processing /home/airflow/.local/lib/python3.12/site-packages/airflow/example_dags/example_time_delta_sensor_async.py took 0.032 seconds
[2024-07-05T14:35:14.301+0000] {processor.py:161} INFO - Started process (PID=870) to work on /home/airflow/.local/lib/python3.12/site-packages/airflow/example_dags/example_time_delta_sensor_async.py
[2024-07-05T14:35:14.302+0000] {processor.py:830} INFO - Processing file /home/airflow/.local/lib/python3.12/site-packages/airflow/example_dags/example_time_delta_sensor_async.py for tasks to queue
[2024-07-05T14:35:14.304+0000] {logging_mixin.py:188} INFO - [2024-07-05T14:35:14.303+0000] {dagbag.py:545} INFO - Filling up the DagBag from /home/airflow/.local/lib/python3.12/site-packages/airflow/example_dags/example_time_delta_sensor_async.py
[2024-07-05T14:35:14.307+0000] {processor.py:840} INFO - DAG(s) 'example_time_delta_sensor_async' retrieved from /home/airflow/.local/lib/python3.12/site-packages/airflow/example_dags/example_time_delta_sensor_async.py
[2024-07-05T14:35:14.325+0000] {logging_mixin.py:188} INFO - [2024-07-05T14:35:14.325+0000] {dag.py:3096} INFO - Sync 1 DAGs
[2024-07-05T14:35:14.336+0000] {logging_mixin.py:188} INFO - [2024-07-05T14:35:14.336+0000] {dag.py:3954} INFO - Setting next_dagrun for example_time_delta_sensor_async to None, run_after=None
[2024-07-05T14:35:14.350+0000] {processor.py:183} INFO - Processing /home/airflow/.local/lib/python3.12/site-packages/airflow/example_dags/example_time_delta_sensor_async.py took 0.054 seconds
[2024-07-05T14:35:46.495+0000] {processor.py:161} INFO - Started process (PID=928) to work on /home/airflow/.local/lib/python3.12/site-packages/airflow/example_dags/example_time_delta_sensor_async.py
[2024-07-05T14:35:46.499+0000] {processor.py:830} INFO - Processing file /home/airflow/.local/lib/python3.12/site-packages/airflow/example_dags/example_time_delta_sensor_async.py for tasks to queue
[2024-07-05T14:35:46.503+0000] {logging_mixin.py:188} INFO - [2024-07-05T14:35:46.502+0000] {dagbag.py:545} INFO - Filling up the DagBag from /home/airflow/.local/lib/python3.12/site-packages/airflow/example_dags/example_time_delta_sensor_async.py
[2024-07-05T14:35:46.508+0000] {processor.py:840} INFO - DAG(s) 'example_time_delta_sensor_async' retrieved from /home/airflow/.local/lib/python3.12/site-packages/airflow/example_dags/example_time_delta_sensor_async.py
[2024-07-05T14:35:46.743+0000] {logging_mixin.py:188} INFO - [2024-07-05T14:35:46.743+0000] {dag.py:3096} INFO - Sync 1 DAGs
[2024-07-05T14:35:46.754+0000] {logging_mixin.py:188} INFO - [2024-07-05T14:35:46.754+0000] {dag.py:3954} INFO - Setting next_dagrun for example_time_delta_sensor_async to None, run_after=None
[2024-07-05T14:35:46.813+0000] {processor.py:183} INFO - Processing /home/airflow/.local/lib/python3.12/site-packages/airflow/example_dags/example_time_delta_sensor_async.py took 0.334 seconds
[2024-07-05T14:36:17.322+0000] {processor.py:161} INFO - Started process (PID=986) to work on /home/airflow/.local/lib/python3.12/site-packages/airflow/example_dags/example_time_delta_sensor_async.py
[2024-07-05T14:36:17.323+0000] {processor.py:830} INFO - Processing file /home/airflow/.local/lib/python3.12/site-packages/airflow/example_dags/example_time_delta_sensor_async.py for tasks to queue
[2024-07-05T14:36:17.325+0000] {logging_mixin.py:188} INFO - [2024-07-05T14:36:17.325+0000] {dagbag.py:545} INFO - Filling up the DagBag from /home/airflow/.local/lib/python3.12/site-packages/airflow/example_dags/example_time_delta_sensor_async.py
[2024-07-05T14:36:17.329+0000] {processor.py:840} INFO - DAG(s) 'example_time_delta_sensor_async' retrieved from /home/airflow/.local/lib/python3.12/site-packages/airflow/example_dags/example_time_delta_sensor_async.py
[2024-07-05T14:36:17.346+0000] {logging_mixin.py:188} INFO - [2024-07-05T14:36:17.346+0000] {dag.py:3096} INFO - Sync 1 DAGs
[2024-07-05T14:36:17.354+0000] {logging_mixin.py:188} INFO - [2024-07-05T14:36:17.354+0000] {dag.py:3954} INFO - Setting next_dagrun for example_time_delta_sensor_async to None, run_after=None
[2024-07-05T14:36:17.365+0000] {processor.py:183} INFO - Processing /home/airflow/.local/lib/python3.12/site-packages/airflow/example_dags/example_time_delta_sensor_async.py took 0.049 seconds
[2024-07-05T14:36:47.897+0000] {processor.py:161} INFO - Started process (PID=1044) to work on /home/airflow/.local/lib/python3.12/site-packages/airflow/example_dags/example_time_delta_sensor_async.py
[2024-07-05T14:36:47.898+0000] {processor.py:830} INFO - Processing file /home/airflow/.local/lib/python3.12/site-packages/airflow/example_dags/example_time_delta_sensor_async.py for tasks to queue
[2024-07-05T14:36:47.900+0000] {logging_mixin.py:188} INFO - [2024-07-05T14:36:47.900+0000] {dagbag.py:545} INFO - Filling up the DagBag from /home/airflow/.local/lib/python3.12/site-packages/airflow/example_dags/example_time_delta_sensor_async.py
[2024-07-05T14:36:47.904+0000] {processor.py:840} INFO - DAG(s) 'example_time_delta_sensor_async' retrieved from /home/airflow/.local/lib/python3.12/site-packages/airflow/example_dags/example_time_delta_sensor_async.py
[2024-07-05T14:36:47.922+0000] {logging_mixin.py:188} INFO - [2024-07-05T14:36:47.922+0000] {dag.py:3096} INFO - Sync 1 DAGs
[2024-07-05T14:36:47.931+0000] {logging_mixin.py:188} INFO - [2024-07-05T14:36:47.930+0000] {dag.py:3954} INFO - Setting next_dagrun for example_time_delta_sensor_async to None, run_after=None
[2024-07-05T14:36:47.942+0000] {processor.py:183} INFO - Processing /home/airflow/.local/lib/python3.12/site-packages/airflow/example_dags/example_time_delta_sensor_async.py took 0.050 seconds
[2024-07-05T14:37:18.490+0000] {processor.py:161} INFO - Started process (PID=1102) to work on /home/airflow/.local/lib/python3.12/site-packages/airflow/example_dags/example_time_delta_sensor_async.py
[2024-07-05T14:37:18.491+0000] {processor.py:830} INFO - Processing file /home/airflow/.local/lib/python3.12/site-packages/airflow/example_dags/example_time_delta_sensor_async.py for tasks to queue
[2024-07-05T14:37:18.494+0000] {logging_mixin.py:188} INFO - [2024-07-05T14:37:18.493+0000] {dagbag.py:545} INFO - Filling up the DagBag from /home/airflow/.local/lib/python3.12/site-packages/airflow/example_dags/example_time_delta_sensor_async.py
[2024-07-05T14:37:18.497+0000] {processor.py:840} INFO - DAG(s) 'example_time_delta_sensor_async' retrieved from /home/airflow/.local/lib/python3.12/site-packages/airflow/example_dags/example_time_delta_sensor_async.py
[2024-07-05T14:37:18.518+0000] {logging_mixin.py:188} INFO - [2024-07-05T14:37:18.518+0000] {dag.py:3096} INFO - Sync 1 DAGs
[2024-07-05T14:37:18.530+0000] {logging_mixin.py:188} INFO - [2024-07-05T14:37:18.530+0000] {dag.py:3954} INFO - Setting next_dagrun for example_time_delta_sensor_async to None, run_after=None
[2024-07-05T14:37:18.542+0000] {processor.py:183} INFO - Processing /home/airflow/.local/lib/python3.12/site-packages/airflow/example_dags/example_time_delta_sensor_async.py took 0.057 seconds
[2024-07-05T14:37:49.173+0000] {processor.py:161} INFO - Started process (PID=1160) to work on /home/airflow/.local/lib/python3.12/site-packages/airflow/example_dags/example_time_delta_sensor_async.py
[2024-07-05T14:37:49.175+0000] {processor.py:830} INFO - Processing file /home/airflow/.local/lib/python3.12/site-packages/airflow/example_dags/example_time_delta_sensor_async.py for tasks to queue
[2024-07-05T14:37:49.179+0000] {logging_mixin.py:188} INFO - [2024-07-05T14:37:49.178+0000] {dagbag.py:545} INFO - Filling up the DagBag from /home/airflow/.local/lib/python3.12/site-packages/airflow/example_dags/example_time_delta_sensor_async.py
[2024-07-05T14:37:49.187+0000] {processor.py:840} INFO - DAG(s) 'example_time_delta_sensor_async' retrieved from /home/airflow/.local/lib/python3.12/site-packages/airflow/example_dags/example_time_delta_sensor_async.py
[2024-07-05T14:37:49.206+0000] {logging_mixin.py:188} INFO - [2024-07-05T14:37:49.206+0000] {dag.py:3096} INFO - Sync 1 DAGs
[2024-07-05T14:37:49.214+0000] {logging_mixin.py:188} INFO - [2024-07-05T14:37:49.214+0000] {dag.py:3954} INFO - Setting next_dagrun for example_time_delta_sensor_async to None, run_after=None
[2024-07-05T14:37:49.225+0000] {processor.py:183} INFO - Processing /home/airflow/.local/lib/python3.12/site-packages/airflow/example_dags/example_time_delta_sensor_async.py took 0.060 seconds
[2024-07-05T14:38:19.899+0000] {processor.py:161} INFO - Started process (PID=1218) to work on /home/airflow/.local/lib/python3.12/site-packages/airflow/example_dags/example_time_delta_sensor_async.py
[2024-07-05T14:38:19.900+0000] {processor.py:830} INFO - Processing file /home/airflow/.local/lib/python3.12/site-packages/airflow/example_dags/example_time_delta_sensor_async.py for tasks to queue
[2024-07-05T14:38:19.902+0000] {logging_mixin.py:188} INFO - [2024-07-05T14:38:19.902+0000] {dagbag.py:545} INFO - Filling up the DagBag from /home/airflow/.local/lib/python3.12/site-packages/airflow/example_dags/example_time_delta_sensor_async.py
[2024-07-05T14:38:19.906+0000] {processor.py:840} INFO - DAG(s) 'example_time_delta_sensor_async' retrieved from /home/airflow/.local/lib/python3.12/site-packages/airflow/example_dags/example_time_delta_sensor_async.py
[2024-07-05T14:38:19.924+0000] {logging_mixin.py:188} INFO - [2024-07-05T14:38:19.924+0000] {dag.py:3096} INFO - Sync 1 DAGs
[2024-07-05T14:38:19.932+0000] {logging_mixin.py:188} INFO - [2024-07-05T14:38:19.932+0000] {dag.py:3954} INFO - Setting next_dagrun for example_time_delta_sensor_async to None, run_after=None
[2024-07-05T14:38:19.944+0000] {processor.py:183} INFO - Processing /home/airflow/.local/lib/python3.12/site-packages/airflow/example_dags/example_time_delta_sensor_async.py took 0.050 seconds
[2024-07-05T14:38:50.436+0000] {processor.py:161} INFO - Started process (PID=1276) to work on /home/airflow/.local/lib/python3.12/site-packages/airflow/example_dags/example_time_delta_sensor_async.py
[2024-07-05T14:38:50.437+0000] {processor.py:830} INFO - Processing file /home/airflow/.local/lib/python3.12/site-packages/airflow/example_dags/example_time_delta_sensor_async.py for tasks to queue
[2024-07-05T14:38:50.439+0000] {logging_mixin.py:188} INFO - [2024-07-05T14:38:50.439+0000] {dagbag.py:545} INFO - Filling up the DagBag from /home/airflow/.local/lib/python3.12/site-packages/airflow/example_dags/example_time_delta_sensor_async.py
[2024-07-05T14:38:50.443+0000] {processor.py:840} INFO - DAG(s) 'example_time_delta_sensor_async' retrieved from /home/airflow/.local/lib/python3.12/site-packages/airflow/example_dags/example_time_delta_sensor_async.py
[2024-07-05T14:38:50.461+0000] {logging_mixin.py:188} INFO - [2024-07-05T14:38:50.461+0000] {dag.py:3096} INFO - Sync 1 DAGs
[2024-07-05T14:38:50.469+0000] {logging_mixin.py:188} INFO - [2024-07-05T14:38:50.469+0000] {dag.py:3954} INFO - Setting next_dagrun for example_time_delta_sensor_async to None, run_after=None
[2024-07-05T14:38:50.480+0000] {processor.py:183} INFO - Processing /home/airflow/.local/lib/python3.12/site-packages/airflow/example_dags/example_time_delta_sensor_async.py took 0.050 seconds
[2024-07-05T14:39:21.003+0000] {processor.py:161} INFO - Started process (PID=1334) to work on /home/airflow/.local/lib/python3.12/site-packages/airflow/example_dags/example_time_delta_sensor_async.py
[2024-07-05T14:39:21.003+0000] {processor.py:830} INFO - Processing file /home/airflow/.local/lib/python3.12/site-packages/airflow/example_dags/example_time_delta_sensor_async.py for tasks to queue
[2024-07-05T14:39:21.005+0000] {logging_mixin.py:188} INFO - [2024-07-05T14:39:21.005+0000] {dagbag.py:545} INFO - Filling up the DagBag from /home/airflow/.local/lib/python3.12/site-packages/airflow/example_dags/example_time_delta_sensor_async.py
[2024-07-05T14:39:21.009+0000] {processor.py:840} INFO - DAG(s) 'example_time_delta_sensor_async' retrieved from /home/airflow/.local/lib/python3.12/site-packages/airflow/example_dags/example_time_delta_sensor_async.py
[2024-07-05T14:39:21.025+0000] {logging_mixin.py:188} INFO - [2024-07-05T14:39:21.025+0000] {dag.py:3096} INFO - Sync 1 DAGs
[2024-07-05T14:39:21.033+0000] {logging_mixin.py:188} INFO - [2024-07-05T14:39:21.033+0000] {dag.py:3954} INFO - Setting next_dagrun for example_time_delta_sensor_async to None, run_after=None
[2024-07-05T14:39:21.043+0000] {processor.py:183} INFO - Processing /home/airflow/.local/lib/python3.12/site-packages/airflow/example_dags/example_time_delta_sensor_async.py took 0.048 seconds
[2024-07-05T14:39:51.734+0000] {processor.py:161} INFO - Started process (PID=1392) to work on /home/airflow/.local/lib/python3.12/site-packages/airflow/example_dags/example_time_delta_sensor_async.py
[2024-07-05T14:39:51.735+0000] {processor.py:830} INFO - Processing file /home/airflow/.local/lib/python3.12/site-packages/airflow/example_dags/example_time_delta_sensor_async.py for tasks to queue
[2024-07-05T14:39:51.737+0000] {logging_mixin.py:188} INFO - [2024-07-05T14:39:51.737+0000] {dagbag.py:545} INFO - Filling up the DagBag from /home/airflow/.local/lib/python3.12/site-packages/airflow/example_dags/example_time_delta_sensor_async.py
[2024-07-05T14:39:51.741+0000] {processor.py:840} INFO - DAG(s) 'example_time_delta_sensor_async' retrieved from /home/airflow/.local/lib/python3.12/site-packages/airflow/example_dags/example_time_delta_sensor_async.py
[2024-07-05T14:39:51.758+0000] {logging_mixin.py:188} INFO - [2024-07-05T14:39:51.758+0000] {dag.py:3096} INFO - Sync 1 DAGs
[2024-07-05T14:39:51.766+0000] {logging_mixin.py:188} INFO - [2024-07-05T14:39:51.766+0000] {dag.py:3954} INFO - Setting next_dagrun for example_time_delta_sensor_async to None, run_after=None
[2024-07-05T14:39:51.777+0000] {processor.py:183} INFO - Processing /home/airflow/.local/lib/python3.12/site-packages/airflow/example_dags/example_time_delta_sensor_async.py took 0.049 seconds
[2024-07-05T14:40:22.530+0000] {processor.py:161} INFO - Started process (PID=1450) to work on /home/airflow/.local/lib/python3.12/site-packages/airflow/example_dags/example_time_delta_sensor_async.py
[2024-07-05T14:40:22.531+0000] {processor.py:830} INFO - Processing file /home/airflow/.local/lib/python3.12/site-packages/airflow/example_dags/example_time_delta_sensor_async.py for tasks to queue
[2024-07-05T14:40:22.533+0000] {logging_mixin.py:188} INFO - [2024-07-05T14:40:22.533+0000] {dagbag.py:545} INFO - Filling up the DagBag from /home/airflow/.local/lib/python3.12/site-packages/airflow/example_dags/example_time_delta_sensor_async.py
[2024-07-05T14:40:22.537+0000] {processor.py:840} INFO - DAG(s) 'example_time_delta_sensor_async' retrieved from /home/airflow/.local/lib/python3.12/site-packages/airflow/example_dags/example_time_delta_sensor_async.py
[2024-07-05T14:40:22.554+0000] {logging_mixin.py:188} INFO - [2024-07-05T14:40:22.554+0000] {dag.py:3096} INFO - Sync 1 DAGs
[2024-07-05T14:40:22.562+0000] {logging_mixin.py:188} INFO - [2024-07-05T14:40:22.562+0000] {dag.py:3954} INFO - Setting next_dagrun for example_time_delta_sensor_async to None, run_after=None
[2024-07-05T14:40:22.573+0000] {processor.py:183} INFO - Processing /home/airflow/.local/lib/python3.12/site-packages/airflow/example_dags/example_time_delta_sensor_async.py took 0.048 seconds
[2024-07-05T14:40:53.247+0000] {processor.py:161} INFO - Started process (PID=1507) to work on /home/airflow/.local/lib/python3.12/site-packages/airflow/example_dags/example_time_delta_sensor_async.py
[2024-07-05T14:40:53.248+0000] {processor.py:830} INFO - Processing file /home/airflow/.local/lib/python3.12/site-packages/airflow/example_dags/example_time_delta_sensor_async.py for tasks to queue
[2024-07-05T14:40:53.250+0000] {logging_mixin.py:188} INFO - [2024-07-05T14:40:53.250+0000] {dagbag.py:545} INFO - Filling up the DagBag from /home/airflow/.local/lib/python3.12/site-packages/airflow/example_dags/example_time_delta_sensor_async.py
[2024-07-05T14:40:53.255+0000] {processor.py:840} INFO - DAG(s) 'example_time_delta_sensor_async' retrieved from /home/airflow/.local/lib/python3.12/site-packages/airflow/example_dags/example_time_delta_sensor_async.py
[2024-07-05T14:40:53.276+0000] {logging_mixin.py:188} INFO - [2024-07-05T14:40:53.276+0000] {dag.py:3096} INFO - Sync 1 DAGs
[2024-07-05T14:40:53.287+0000] {logging_mixin.py:188} INFO - [2024-07-05T14:40:53.287+0000] {dag.py:3954} INFO - Setting next_dagrun for example_time_delta_sensor_async to None, run_after=None
[2024-07-05T14:40:53.303+0000] {processor.py:183} INFO - Processing /home/airflow/.local/lib/python3.12/site-packages/airflow/example_dags/example_time_delta_sensor_async.py took 0.062 seconds
[2024-07-05T14:41:23.970+0000] {processor.py:161} INFO - Started process (PID=1565) to work on /home/airflow/.local/lib/python3.12/site-packages/airflow/example_dags/example_time_delta_sensor_async.py
[2024-07-05T14:41:23.971+0000] {processor.py:830} INFO - Processing file /home/airflow/.local/lib/python3.12/site-packages/airflow/example_dags/example_time_delta_sensor_async.py for tasks to queue
[2024-07-05T14:41:23.972+0000] {logging_mixin.py:188} INFO - [2024-07-05T14:41:23.972+0000] {dagbag.py:545} INFO - Filling up the DagBag from /home/airflow/.local/lib/python3.12/site-packages/airflow/example_dags/example_time_delta_sensor_async.py
[2024-07-05T14:41:23.975+0000] {processor.py:840} INFO - DAG(s) 'example_time_delta_sensor_async' retrieved from /home/airflow/.local/lib/python3.12/site-packages/airflow/example_dags/example_time_delta_sensor_async.py
[2024-07-05T14:41:24.003+0000] {logging_mixin.py:188} INFO - [2024-07-05T14:41:24.002+0000] {dag.py:3096} INFO - Sync 1 DAGs
[2024-07-05T14:41:24.013+0000] {logging_mixin.py:188} INFO - [2024-07-05T14:41:24.013+0000] {dag.py:3954} INFO - Setting next_dagrun for example_time_delta_sensor_async to None, run_after=None
[2024-07-05T14:41:24.025+0000] {processor.py:183} INFO - Processing /home/airflow/.local/lib/python3.12/site-packages/airflow/example_dags/example_time_delta_sensor_async.py took 0.058 seconds
[2024-07-05T14:41:54.231+0000] {processor.py:161} INFO - Started process (PID=1623) to work on /home/airflow/.local/lib/python3.12/site-packages/airflow/example_dags/example_time_delta_sensor_async.py
[2024-07-05T14:41:54.233+0000] {processor.py:830} INFO - Processing file /home/airflow/.local/lib/python3.12/site-packages/airflow/example_dags/example_time_delta_sensor_async.py for tasks to queue
[2024-07-05T14:41:54.236+0000] {logging_mixin.py:188} INFO - [2024-07-05T14:41:54.235+0000] {dagbag.py:545} INFO - Filling up the DagBag from /home/airflow/.local/lib/python3.12/site-packages/airflow/example_dags/example_time_delta_sensor_async.py
[2024-07-05T14:41:54.241+0000] {processor.py:840} INFO - DAG(s) 'example_time_delta_sensor_async' retrieved from /home/airflow/.local/lib/python3.12/site-packages/airflow/example_dags/example_time_delta_sensor_async.py
[2024-07-05T14:41:54.262+0000] {logging_mixin.py:188} INFO - [2024-07-05T14:41:54.261+0000] {dag.py:3096} INFO - Sync 1 DAGs
[2024-07-05T14:41:54.272+0000] {logging_mixin.py:188} INFO - [2024-07-05T14:41:54.272+0000] {dag.py:3954} INFO - Setting next_dagrun for example_time_delta_sensor_async to None, run_after=None
[2024-07-05T14:41:54.285+0000] {processor.py:183} INFO - Processing /home/airflow/.local/lib/python3.12/site-packages/airflow/example_dags/example_time_delta_sensor_async.py took 0.058 seconds
[2024-07-05T14:42:24.315+0000] {processor.py:161} INFO - Started process (PID=1680) to work on /home/airflow/.local/lib/python3.12/site-packages/airflow/example_dags/example_time_delta_sensor_async.py
[2024-07-05T14:42:24.317+0000] {processor.py:830} INFO - Processing file /home/airflow/.local/lib/python3.12/site-packages/airflow/example_dags/example_time_delta_sensor_async.py for tasks to queue
[2024-07-05T14:42:24.319+0000] {logging_mixin.py:188} INFO - [2024-07-05T14:42:24.319+0000] {dagbag.py:545} INFO - Filling up the DagBag from /home/airflow/.local/lib/python3.12/site-packages/airflow/example_dags/example_time_delta_sensor_async.py
[2024-07-05T14:42:24.324+0000] {processor.py:840} INFO - DAG(s) 'example_time_delta_sensor_async' retrieved from /home/airflow/.local/lib/python3.12/site-packages/airflow/example_dags/example_time_delta_sensor_async.py
[2024-07-05T14:42:24.343+0000] {logging_mixin.py:188} INFO - [2024-07-05T14:42:24.343+0000] {dag.py:3096} INFO - Sync 1 DAGs
[2024-07-05T14:42:24.354+0000] {logging_mixin.py:188} INFO - [2024-07-05T14:42:24.354+0000] {dag.py:3954} INFO - Setting next_dagrun for example_time_delta_sensor_async to None, run_after=None
[2024-07-05T14:42:24.366+0000] {processor.py:183} INFO - Processing /home/airflow/.local/lib/python3.12/site-packages/airflow/example_dags/example_time_delta_sensor_async.py took 0.059 seconds
[2024-07-05T14:42:54.652+0000] {processor.py:161} INFO - Started process (PID=1738) to work on /home/airflow/.local/lib/python3.12/site-packages/airflow/example_dags/example_time_delta_sensor_async.py
[2024-07-05T14:42:54.653+0000] {processor.py:830} INFO - Processing file /home/airflow/.local/lib/python3.12/site-packages/airflow/example_dags/example_time_delta_sensor_async.py for tasks to queue
[2024-07-05T14:42:54.655+0000] {logging_mixin.py:188} INFO - [2024-07-05T14:42:54.655+0000] {dagbag.py:545} INFO - Filling up the DagBag from /home/airflow/.local/lib/python3.12/site-packages/airflow/example_dags/example_time_delta_sensor_async.py
[2024-07-05T14:42:54.658+0000] {processor.py:840} INFO - DAG(s) 'example_time_delta_sensor_async' retrieved from /home/airflow/.local/lib/python3.12/site-packages/airflow/example_dags/example_time_delta_sensor_async.py
[2024-07-05T14:42:54.675+0000] {logging_mixin.py:188} INFO - [2024-07-05T14:42:54.675+0000] {dag.py:3096} INFO - Sync 1 DAGs
[2024-07-05T14:42:54.684+0000] {logging_mixin.py:188} INFO - [2024-07-05T14:42:54.684+0000] {dag.py:3954} INFO - Setting next_dagrun for example_time_delta_sensor_async to None, run_after=None
[2024-07-05T14:42:54.695+0000] {processor.py:183} INFO - Processing /home/airflow/.local/lib/python3.12/site-packages/airflow/example_dags/example_time_delta_sensor_async.py took 0.050 seconds
[2024-07-05T14:43:24.754+0000] {processor.py:161} INFO - Started process (PID=1796) to work on /home/airflow/.local/lib/python3.12/site-packages/airflow/example_dags/example_time_delta_sensor_async.py
[2024-07-05T14:43:24.757+0000] {processor.py:830} INFO - Processing file /home/airflow/.local/lib/python3.12/site-packages/airflow/example_dags/example_time_delta_sensor_async.py for tasks to queue
[2024-07-05T14:43:24.759+0000] {logging_mixin.py:188} INFO - [2024-07-05T14:43:24.759+0000] {dagbag.py:545} INFO - Filling up the DagBag from /home/airflow/.local/lib/python3.12/site-packages/airflow/example_dags/example_time_delta_sensor_async.py
[2024-07-05T14:43:24.763+0000] {processor.py:840} INFO - DAG(s) 'example_time_delta_sensor_async' retrieved from /home/airflow/.local/lib/python3.12/site-packages/airflow/example_dags/example_time_delta_sensor_async.py
[2024-07-05T14:43:24.777+0000] {logging_mixin.py:188} INFO - [2024-07-05T14:43:24.777+0000] {dag.py:3096} INFO - Sync 1 DAGs
[2024-07-05T14:43:24.784+0000] {logging_mixin.py:188} INFO - [2024-07-05T14:43:24.784+0000] {dag.py:3954} INFO - Setting next_dagrun for example_time_delta_sensor_async to None, run_after=None
[2024-07-05T14:43:24.795+0000] {processor.py:183} INFO - Processing /home/airflow/.local/lib/python3.12/site-packages/airflow/example_dags/example_time_delta_sensor_async.py took 0.047 seconds
[2024-07-05T14:43:55.477+0000] {processor.py:161} INFO - Started process (PID=1854) to work on /home/airflow/.local/lib/python3.12/site-packages/airflow/example_dags/example_time_delta_sensor_async.py
[2024-07-05T14:43:55.479+0000] {processor.py:830} INFO - Processing file /home/airflow/.local/lib/python3.12/site-packages/airflow/example_dags/example_time_delta_sensor_async.py for tasks to queue
[2024-07-05T14:43:55.481+0000] {logging_mixin.py:188} INFO - [2024-07-05T14:43:55.480+0000] {dagbag.py:545} INFO - Filling up the DagBag from /home/airflow/.local/lib/python3.12/site-packages/airflow/example_dags/example_time_delta_sensor_async.py
[2024-07-05T14:43:55.485+0000] {processor.py:840} INFO - DAG(s) 'example_time_delta_sensor_async' retrieved from /home/airflow/.local/lib/python3.12/site-packages/airflow/example_dags/example_time_delta_sensor_async.py
[2024-07-05T14:43:55.502+0000] {logging_mixin.py:188} INFO - [2024-07-05T14:43:55.502+0000] {dag.py:3096} INFO - Sync 1 DAGs
[2024-07-05T14:43:55.510+0000] {logging_mixin.py:188} INFO - [2024-07-05T14:43:55.510+0000] {dag.py:3954} INFO - Setting next_dagrun for example_time_delta_sensor_async to None, run_after=None
[2024-07-05T14:43:55.521+0000] {processor.py:183} INFO - Processing /home/airflow/.local/lib/python3.12/site-packages/airflow/example_dags/example_time_delta_sensor_async.py took 0.049 seconds
[2024-07-05T14:44:25.582+0000] {processor.py:161} INFO - Started process (PID=1911) to work on /home/airflow/.local/lib/python3.12/site-packages/airflow/example_dags/example_time_delta_sensor_async.py
[2024-07-05T14:44:25.584+0000] {processor.py:830} INFO - Processing file /home/airflow/.local/lib/python3.12/site-packages/airflow/example_dags/example_time_delta_sensor_async.py for tasks to queue
[2024-07-05T14:44:25.585+0000] {logging_mixin.py:188} INFO - [2024-07-05T14:44:25.585+0000] {dagbag.py:545} INFO - Filling up the DagBag from /home/airflow/.local/lib/python3.12/site-packages/airflow/example_dags/example_time_delta_sensor_async.py
[2024-07-05T14:44:25.590+0000] {processor.py:840} INFO - DAG(s) 'example_time_delta_sensor_async' retrieved from /home/airflow/.local/lib/python3.12/site-packages/airflow/example_dags/example_time_delta_sensor_async.py
[2024-07-05T14:44:25.607+0000] {logging_mixin.py:188} INFO - [2024-07-05T14:44:25.607+0000] {dag.py:3096} INFO - Sync 1 DAGs
[2024-07-05T14:44:25.616+0000] {logging_mixin.py:188} INFO - [2024-07-05T14:44:25.616+0000] {dag.py:3954} INFO - Setting next_dagrun for example_time_delta_sensor_async to None, run_after=None
[2024-07-05T14:44:25.627+0000] {processor.py:183} INFO - Processing /home/airflow/.local/lib/python3.12/site-packages/airflow/example_dags/example_time_delta_sensor_async.py took 0.051 seconds
