[2024-07-05T14:09:19.687+0000] {processor.py:161} INFO - Started process (PID=65) to work on /home/airflow/.local/lib/python3.12/site-packages/airflow/example_dags/example_sla_dag.py
[2024-07-05T14:09:19.688+0000] {processor.py:830} INFO - Processing file /home/airflow/.local/lib/python3.12/site-packages/airflow/example_dags/example_sla_dag.py for tasks to queue
[2024-07-05T14:09:19.689+0000] {logging_mixin.py:188} INFO - [2024-07-05T14:09:19.689+0000] {dagbag.py:545} INFO - Filling up the DagBag from /home/airflow/.local/lib/python3.12/site-packages/airflow/example_dags/example_sla_dag.py
[2024-07-05T14:09:19.701+0000] {processor.py:840} INFO - DAG(s) 'example_sla_dag' retrieved from /home/airflow/.local/lib/python3.12/site-packages/airflow/example_dags/example_sla_dag.py
[2024-07-05T14:09:19.710+0000] {logging_mixin.py:188} INFO - [2024-07-05T14:09:19.710+0000] {dag.py:3096} INFO - Sync 1 DAGs
[2024-07-05T14:09:19.751+0000] {logging_mixin.py:188} INFO - [2024-07-05T14:09:19.751+0000] {dag.py:3954} INFO - Setting next_dagrun for example_sla_dag to 2024-07-05 14:06:00+00:00, run_after=2024-07-05 14:08:00+00:00
[2024-07-05T14:09:19.795+0000] {processor.py:183} INFO - Processing /home/airflow/.local/lib/python3.12/site-packages/airflow/example_dags/example_sla_dag.py took 0.113 seconds
[2024-07-05T14:09:50.696+0000] {processor.py:161} INFO - Started process (PID=123) to work on /home/airflow/.local/lib/python3.12/site-packages/airflow/example_dags/example_sla_dag.py
[2024-07-05T14:09:50.697+0000] {processor.py:830} INFO - Processing file /home/airflow/.local/lib/python3.12/site-packages/airflow/example_dags/example_sla_dag.py for tasks to queue
[2024-07-05T14:09:50.698+0000] {logging_mixin.py:188} INFO - [2024-07-05T14:09:50.698+0000] {dagbag.py:545} INFO - Filling up the DagBag from /home/airflow/.local/lib/python3.12/site-packages/airflow/example_dags/example_sla_dag.py
[2024-07-05T14:09:50.702+0000] {processor.py:840} INFO - DAG(s) 'example_sla_dag' retrieved from /home/airflow/.local/lib/python3.12/site-packages/airflow/example_dags/example_sla_dag.py
[2024-07-05T14:09:50.741+0000] {logging_mixin.py:188} INFO - [2024-07-05T14:09:50.741+0000] {dag.py:3096} INFO - Sync 1 DAGs
[2024-07-05T14:09:50.749+0000] {logging_mixin.py:188} INFO - [2024-07-05T14:09:50.749+0000] {dag.py:3954} INFO - Setting next_dagrun for example_sla_dag to 2024-07-05 14:06:00+00:00, run_after=2024-07-05 14:08:00+00:00
[2024-07-05T14:09:50.757+0000] {processor.py:183} INFO - Processing /home/airflow/.local/lib/python3.12/site-packages/airflow/example_dags/example_sla_dag.py took 0.064 seconds
[2024-07-05T14:10:21.030+0000] {processor.py:161} INFO - Started process (PID=181) to work on /home/airflow/.local/lib/python3.12/site-packages/airflow/example_dags/example_sla_dag.py
[2024-07-05T14:10:21.031+0000] {processor.py:830} INFO - Processing file /home/airflow/.local/lib/python3.12/site-packages/airflow/example_dags/example_sla_dag.py for tasks to queue
[2024-07-05T14:10:21.032+0000] {logging_mixin.py:188} INFO - [2024-07-05T14:10:21.032+0000] {dagbag.py:545} INFO - Filling up the DagBag from /home/airflow/.local/lib/python3.12/site-packages/airflow/example_dags/example_sla_dag.py
[2024-07-05T14:10:21.040+0000] {processor.py:840} INFO - DAG(s) 'example_sla_dag' retrieved from /home/airflow/.local/lib/python3.12/site-packages/airflow/example_dags/example_sla_dag.py
[2024-07-05T14:10:21.057+0000] {logging_mixin.py:188} INFO - [2024-07-05T14:10:21.056+0000] {dag.py:3096} INFO - Sync 1 DAGs
[2024-07-05T14:10:21.074+0000] {logging_mixin.py:188} INFO - [2024-07-05T14:10:21.073+0000] {dag.py:3954} INFO - Setting next_dagrun for example_sla_dag to 2024-07-05 14:08:00+00:00, run_after=2024-07-05 14:10:00+00:00
[2024-07-05T14:10:21.084+0000] {processor.py:183} INFO - Processing /home/airflow/.local/lib/python3.12/site-packages/airflow/example_dags/example_sla_dag.py took 0.057 seconds
[2024-07-05T14:10:51.559+0000] {processor.py:161} INFO - Started process (PID=239) to work on /home/airflow/.local/lib/python3.12/site-packages/airflow/example_dags/example_sla_dag.py
[2024-07-05T14:10:51.559+0000] {processor.py:830} INFO - Processing file /home/airflow/.local/lib/python3.12/site-packages/airflow/example_dags/example_sla_dag.py for tasks to queue
[2024-07-05T14:10:51.560+0000] {logging_mixin.py:188} INFO - [2024-07-05T14:10:51.560+0000] {dagbag.py:545} INFO - Filling up the DagBag from /home/airflow/.local/lib/python3.12/site-packages/airflow/example_dags/example_sla_dag.py
[2024-07-05T14:10:51.565+0000] {processor.py:840} INFO - DAG(s) 'example_sla_dag' retrieved from /home/airflow/.local/lib/python3.12/site-packages/airflow/example_dags/example_sla_dag.py
[2024-07-05T14:10:51.578+0000] {logging_mixin.py:188} INFO - [2024-07-05T14:10:51.578+0000] {dag.py:3096} INFO - Sync 1 DAGs
[2024-07-05T14:10:51.590+0000] {logging_mixin.py:188} INFO - [2024-07-05T14:10:51.590+0000] {dag.py:3954} INFO - Setting next_dagrun for example_sla_dag to 2024-07-05 14:08:00+00:00, run_after=2024-07-05 14:10:00+00:00
[2024-07-05T14:10:51.598+0000] {processor.py:183} INFO - Processing /home/airflow/.local/lib/python3.12/site-packages/airflow/example_dags/example_sla_dag.py took 0.043 seconds
[2024-07-05T14:11:21.734+0000] {processor.py:161} INFO - Started process (PID=297) to work on /home/airflow/.local/lib/python3.12/site-packages/airflow/example_dags/example_sla_dag.py
[2024-07-05T14:11:21.735+0000] {processor.py:830} INFO - Processing file /home/airflow/.local/lib/python3.12/site-packages/airflow/example_dags/example_sla_dag.py for tasks to queue
[2024-07-05T14:11:21.737+0000] {logging_mixin.py:188} INFO - [2024-07-05T14:11:21.736+0000] {dagbag.py:545} INFO - Filling up the DagBag from /home/airflow/.local/lib/python3.12/site-packages/airflow/example_dags/example_sla_dag.py
[2024-07-05T14:11:21.741+0000] {processor.py:840} INFO - DAG(s) 'example_sla_dag' retrieved from /home/airflow/.local/lib/python3.12/site-packages/airflow/example_dags/example_sla_dag.py
[2024-07-05T14:11:21.750+0000] {logging_mixin.py:188} INFO - [2024-07-05T14:11:21.750+0000] {dag.py:3096} INFO - Sync 1 DAGs
[2024-07-05T14:11:21.761+0000] {logging_mixin.py:188} INFO - [2024-07-05T14:11:21.761+0000] {dag.py:3954} INFO - Setting next_dagrun for example_sla_dag to 2024-07-05 14:08:00+00:00, run_after=2024-07-05 14:10:00+00:00
[2024-07-05T14:11:21.769+0000] {processor.py:183} INFO - Processing /home/airflow/.local/lib/python3.12/site-packages/airflow/example_dags/example_sla_dag.py took 0.038 seconds
[2024-07-05T14:11:52.291+0000] {processor.py:161} INFO - Started process (PID=355) to work on /home/airflow/.local/lib/python3.12/site-packages/airflow/example_dags/example_sla_dag.py
[2024-07-05T14:11:52.292+0000] {processor.py:830} INFO - Processing file /home/airflow/.local/lib/python3.12/site-packages/airflow/example_dags/example_sla_dag.py for tasks to queue
[2024-07-05T14:11:52.295+0000] {logging_mixin.py:188} INFO - [2024-07-05T14:11:52.294+0000] {dagbag.py:545} INFO - Filling up the DagBag from /home/airflow/.local/lib/python3.12/site-packages/airflow/example_dags/example_sla_dag.py
[2024-07-05T14:11:52.313+0000] {processor.py:840} INFO - DAG(s) 'example_sla_dag' retrieved from /home/airflow/.local/lib/python3.12/site-packages/airflow/example_dags/example_sla_dag.py
[2024-07-05T14:11:52.387+0000] {logging_mixin.py:188} INFO - [2024-07-05T14:11:52.387+0000] {dag.py:3096} INFO - Sync 1 DAGs
[2024-07-05T14:11:52.426+0000] {logging_mixin.py:188} INFO - [2024-07-05T14:11:52.426+0000] {dag.py:3954} INFO - Setting next_dagrun for example_sla_dag to 2024-07-05 14:08:00+00:00, run_after=2024-07-05 14:10:00+00:00
[2024-07-05T14:11:52.470+0000] {processor.py:183} INFO - Processing /home/airflow/.local/lib/python3.12/site-packages/airflow/example_dags/example_sla_dag.py took 0.183 seconds
[2024-07-05T14:12:23.117+0000] {processor.py:161} INFO - Started process (PID=413) to work on /home/airflow/.local/lib/python3.12/site-packages/airflow/example_dags/example_sla_dag.py
[2024-07-05T14:12:23.118+0000] {processor.py:830} INFO - Processing file /home/airflow/.local/lib/python3.12/site-packages/airflow/example_dags/example_sla_dag.py for tasks to queue
[2024-07-05T14:12:23.119+0000] {logging_mixin.py:188} INFO - [2024-07-05T14:12:23.119+0000] {dagbag.py:545} INFO - Filling up the DagBag from /home/airflow/.local/lib/python3.12/site-packages/airflow/example_dags/example_sla_dag.py
[2024-07-05T14:12:23.123+0000] {processor.py:840} INFO - DAG(s) 'example_sla_dag' retrieved from /home/airflow/.local/lib/python3.12/site-packages/airflow/example_dags/example_sla_dag.py
[2024-07-05T14:12:23.138+0000] {logging_mixin.py:188} INFO - [2024-07-05T14:12:23.138+0000] {dag.py:3096} INFO - Sync 1 DAGs
[2024-07-05T14:12:23.152+0000] {logging_mixin.py:188} INFO - [2024-07-05T14:12:23.152+0000] {dag.py:3954} INFO - Setting next_dagrun for example_sla_dag to 2024-07-05 14:10:00+00:00, run_after=2024-07-05 14:12:00+00:00
[2024-07-05T14:12:23.165+0000] {processor.py:183} INFO - Processing /home/airflow/.local/lib/python3.12/site-packages/airflow/example_dags/example_sla_dag.py took 0.051 seconds
[2024-07-05T14:12:53.980+0000] {processor.py:161} INFO - Started process (PID=471) to work on /home/airflow/.local/lib/python3.12/site-packages/airflow/example_dags/example_sla_dag.py
[2024-07-05T14:12:53.981+0000] {processor.py:830} INFO - Processing file /home/airflow/.local/lib/python3.12/site-packages/airflow/example_dags/example_sla_dag.py for tasks to queue
[2024-07-05T14:12:53.982+0000] {logging_mixin.py:188} INFO - [2024-07-05T14:12:53.982+0000] {dagbag.py:545} INFO - Filling up the DagBag from /home/airflow/.local/lib/python3.12/site-packages/airflow/example_dags/example_sla_dag.py
[2024-07-05T14:12:53.986+0000] {processor.py:840} INFO - DAG(s) 'example_sla_dag' retrieved from /home/airflow/.local/lib/python3.12/site-packages/airflow/example_dags/example_sla_dag.py
[2024-07-05T14:12:53.997+0000] {logging_mixin.py:188} INFO - [2024-07-05T14:12:53.997+0000] {dag.py:3096} INFO - Sync 1 DAGs
[2024-07-05T14:12:54.008+0000] {logging_mixin.py:188} INFO - [2024-07-05T14:12:54.008+0000] {dag.py:3954} INFO - Setting next_dagrun for example_sla_dag to 2024-07-05 14:10:00+00:00, run_after=2024-07-05 14:12:00+00:00
[2024-07-05T14:12:54.018+0000] {processor.py:183} INFO - Processing /home/airflow/.local/lib/python3.12/site-packages/airflow/example_dags/example_sla_dag.py took 0.042 seconds
[2024-07-05T14:13:24.868+0000] {processor.py:161} INFO - Started process (PID=529) to work on /home/airflow/.local/lib/python3.12/site-packages/airflow/example_dags/example_sla_dag.py
[2024-07-05T14:13:24.869+0000] {processor.py:830} INFO - Processing file /home/airflow/.local/lib/python3.12/site-packages/airflow/example_dags/example_sla_dag.py for tasks to queue
[2024-07-05T14:13:24.870+0000] {logging_mixin.py:188} INFO - [2024-07-05T14:13:24.869+0000] {dagbag.py:545} INFO - Filling up the DagBag from /home/airflow/.local/lib/python3.12/site-packages/airflow/example_dags/example_sla_dag.py
[2024-07-05T14:13:24.874+0000] {processor.py:840} INFO - DAG(s) 'example_sla_dag' retrieved from /home/airflow/.local/lib/python3.12/site-packages/airflow/example_dags/example_sla_dag.py
[2024-07-05T14:13:24.883+0000] {logging_mixin.py:188} INFO - [2024-07-05T14:13:24.883+0000] {dag.py:3096} INFO - Sync 1 DAGs
[2024-07-05T14:13:24.895+0000] {logging_mixin.py:188} INFO - [2024-07-05T14:13:24.895+0000] {dag.py:3954} INFO - Setting next_dagrun for example_sla_dag to 2024-07-05 14:10:00+00:00, run_after=2024-07-05 14:12:00+00:00
[2024-07-05T14:13:24.904+0000] {processor.py:183} INFO - Processing /home/airflow/.local/lib/python3.12/site-packages/airflow/example_dags/example_sla_dag.py took 0.038 seconds
[2024-07-05T14:13:55.330+0000] {processor.py:161} INFO - Started process (PID=587) to work on /home/airflow/.local/lib/python3.12/site-packages/airflow/example_dags/example_sla_dag.py
[2024-07-05T14:13:55.331+0000] {processor.py:830} INFO - Processing file /home/airflow/.local/lib/python3.12/site-packages/airflow/example_dags/example_sla_dag.py for tasks to queue
[2024-07-05T14:13:55.333+0000] {logging_mixin.py:188} INFO - [2024-07-05T14:13:55.332+0000] {dagbag.py:545} INFO - Filling up the DagBag from /home/airflow/.local/lib/python3.12/site-packages/airflow/example_dags/example_sla_dag.py
[2024-07-05T14:13:55.338+0000] {processor.py:840} INFO - DAG(s) 'example_sla_dag' retrieved from /home/airflow/.local/lib/python3.12/site-packages/airflow/example_dags/example_sla_dag.py
[2024-07-05T14:13:55.350+0000] {logging_mixin.py:188} INFO - [2024-07-05T14:13:55.350+0000] {dag.py:3096} INFO - Sync 1 DAGs
[2024-07-05T14:13:55.365+0000] {logging_mixin.py:188} INFO - [2024-07-05T14:13:55.365+0000] {dag.py:3954} INFO - Setting next_dagrun for example_sla_dag to 2024-07-05 14:10:00+00:00, run_after=2024-07-05 14:12:00+00:00
[2024-07-05T14:13:55.376+0000] {processor.py:183} INFO - Processing /home/airflow/.local/lib/python3.12/site-packages/airflow/example_dags/example_sla_dag.py took 0.051 seconds
[2024-07-05T14:14:25.806+0000] {processor.py:161} INFO - Started process (PID=645) to work on /home/airflow/.local/lib/python3.12/site-packages/airflow/example_dags/example_sla_dag.py
[2024-07-05T14:14:25.807+0000] {processor.py:830} INFO - Processing file /home/airflow/.local/lib/python3.12/site-packages/airflow/example_dags/example_sla_dag.py for tasks to queue
[2024-07-05T14:14:25.808+0000] {logging_mixin.py:188} INFO - [2024-07-05T14:14:25.808+0000] {dagbag.py:545} INFO - Filling up the DagBag from /home/airflow/.local/lib/python3.12/site-packages/airflow/example_dags/example_sla_dag.py
[2024-07-05T14:14:25.813+0000] {processor.py:840} INFO - DAG(s) 'example_sla_dag' retrieved from /home/airflow/.local/lib/python3.12/site-packages/airflow/example_dags/example_sla_dag.py
[2024-07-05T14:14:25.830+0000] {logging_mixin.py:188} INFO - [2024-07-05T14:14:25.830+0000] {dag.py:3096} INFO - Sync 1 DAGs
[2024-07-05T14:14:25.845+0000] {logging_mixin.py:188} INFO - [2024-07-05T14:14:25.845+0000] {dag.py:3954} INFO - Setting next_dagrun for example_sla_dag to 2024-07-05 14:12:00+00:00, run_after=2024-07-05 14:14:00+00:00
[2024-07-05T14:14:25.865+0000] {processor.py:183} INFO - Processing /home/airflow/.local/lib/python3.12/site-packages/airflow/example_dags/example_sla_dag.py took 0.062 seconds
[2024-07-05T14:14:56.027+0000] {processor.py:161} INFO - Started process (PID=703) to work on /home/airflow/.local/lib/python3.12/site-packages/airflow/example_dags/example_sla_dag.py
[2024-07-05T14:14:56.028+0000] {processor.py:830} INFO - Processing file /home/airflow/.local/lib/python3.12/site-packages/airflow/example_dags/example_sla_dag.py for tasks to queue
[2024-07-05T14:14:56.029+0000] {logging_mixin.py:188} INFO - [2024-07-05T14:14:56.029+0000] {dagbag.py:545} INFO - Filling up the DagBag from /home/airflow/.local/lib/python3.12/site-packages/airflow/example_dags/example_sla_dag.py
[2024-07-05T14:14:56.034+0000] {processor.py:840} INFO - DAG(s) 'example_sla_dag' retrieved from /home/airflow/.local/lib/python3.12/site-packages/airflow/example_dags/example_sla_dag.py
[2024-07-05T14:14:56.044+0000] {logging_mixin.py:188} INFO - [2024-07-05T14:14:56.043+0000] {dag.py:3096} INFO - Sync 1 DAGs
[2024-07-05T14:14:56.055+0000] {logging_mixin.py:188} INFO - [2024-07-05T14:14:56.055+0000] {dag.py:3954} INFO - Setting next_dagrun for example_sla_dag to 2024-07-05 14:12:00+00:00, run_after=2024-07-05 14:14:00+00:00
[2024-07-05T14:14:56.066+0000] {processor.py:183} INFO - Processing /home/airflow/.local/lib/python3.12/site-packages/airflow/example_dags/example_sla_dag.py took 0.042 seconds
[2024-07-05T14:15:26.400+0000] {processor.py:161} INFO - Started process (PID=761) to work on /home/airflow/.local/lib/python3.12/site-packages/airflow/example_dags/example_sla_dag.py
[2024-07-05T14:15:26.400+0000] {processor.py:830} INFO - Processing file /home/airflow/.local/lib/python3.12/site-packages/airflow/example_dags/example_sla_dag.py for tasks to queue
[2024-07-05T14:15:26.401+0000] {logging_mixin.py:188} INFO - [2024-07-05T14:15:26.401+0000] {dagbag.py:545} INFO - Filling up the DagBag from /home/airflow/.local/lib/python3.12/site-packages/airflow/example_dags/example_sla_dag.py
[2024-07-05T14:15:26.405+0000] {processor.py:840} INFO - DAG(s) 'example_sla_dag' retrieved from /home/airflow/.local/lib/python3.12/site-packages/airflow/example_dags/example_sla_dag.py
[2024-07-05T14:15:26.414+0000] {logging_mixin.py:188} INFO - [2024-07-05T14:15:26.414+0000] {dag.py:3096} INFO - Sync 1 DAGs
[2024-07-05T14:15:26.424+0000] {logging_mixin.py:188} INFO - [2024-07-05T14:15:26.424+0000] {dag.py:3954} INFO - Setting next_dagrun for example_sla_dag to 2024-07-05 14:12:00+00:00, run_after=2024-07-05 14:14:00+00:00
[2024-07-05T14:15:26.431+0000] {processor.py:183} INFO - Processing /home/airflow/.local/lib/python3.12/site-packages/airflow/example_dags/example_sla_dag.py took 0.034 seconds
[2024-07-05T14:15:56.745+0000] {processor.py:161} INFO - Started process (PID=819) to work on /home/airflow/.local/lib/python3.12/site-packages/airflow/example_dags/example_sla_dag.py
[2024-07-05T14:15:56.746+0000] {processor.py:830} INFO - Processing file /home/airflow/.local/lib/python3.12/site-packages/airflow/example_dags/example_sla_dag.py for tasks to queue
[2024-07-05T14:15:56.746+0000] {logging_mixin.py:188} INFO - [2024-07-05T14:15:56.746+0000] {dagbag.py:545} INFO - Filling up the DagBag from /home/airflow/.local/lib/python3.12/site-packages/airflow/example_dags/example_sla_dag.py
[2024-07-05T14:15:56.751+0000] {processor.py:840} INFO - DAG(s) 'example_sla_dag' retrieved from /home/airflow/.local/lib/python3.12/site-packages/airflow/example_dags/example_sla_dag.py
[2024-07-05T14:15:56.760+0000] {logging_mixin.py:188} INFO - [2024-07-05T14:15:56.760+0000] {dag.py:3096} INFO - Sync 1 DAGs
[2024-07-05T14:15:56.770+0000] {logging_mixin.py:188} INFO - [2024-07-05T14:15:56.770+0000] {dag.py:3954} INFO - Setting next_dagrun for example_sla_dag to 2024-07-05 14:12:00+00:00, run_after=2024-07-05 14:14:00+00:00
[2024-07-05T14:15:56.778+0000] {processor.py:183} INFO - Processing /home/airflow/.local/lib/python3.12/site-packages/airflow/example_dags/example_sla_dag.py took 0.036 seconds
[2024-07-05T14:16:27.169+0000] {processor.py:161} INFO - Started process (PID=877) to work on /home/airflow/.local/lib/python3.12/site-packages/airflow/example_dags/example_sla_dag.py
[2024-07-05T14:16:27.170+0000] {processor.py:830} INFO - Processing file /home/airflow/.local/lib/python3.12/site-packages/airflow/example_dags/example_sla_dag.py for tasks to queue
[2024-07-05T14:16:27.171+0000] {logging_mixin.py:188} INFO - [2024-07-05T14:16:27.171+0000] {dagbag.py:545} INFO - Filling up the DagBag from /home/airflow/.local/lib/python3.12/site-packages/airflow/example_dags/example_sla_dag.py
[2024-07-05T14:16:27.176+0000] {processor.py:840} INFO - DAG(s) 'example_sla_dag' retrieved from /home/airflow/.local/lib/python3.12/site-packages/airflow/example_dags/example_sla_dag.py
[2024-07-05T14:16:27.187+0000] {logging_mixin.py:188} INFO - [2024-07-05T14:16:27.187+0000] {dag.py:3096} INFO - Sync 1 DAGs
[2024-07-05T14:16:27.199+0000] {logging_mixin.py:188} INFO - [2024-07-05T14:16:27.199+0000] {dag.py:3954} INFO - Setting next_dagrun for example_sla_dag to 2024-07-05 14:14:00+00:00, run_after=2024-07-05 14:16:00+00:00
[2024-07-05T14:16:27.208+0000] {processor.py:183} INFO - Processing /home/airflow/.local/lib/python3.12/site-packages/airflow/example_dags/example_sla_dag.py took 0.042 seconds
[2024-07-05T14:16:57.504+0000] {processor.py:161} INFO - Started process (PID=935) to work on /home/airflow/.local/lib/python3.12/site-packages/airflow/example_dags/example_sla_dag.py
[2024-07-05T14:16:57.505+0000] {processor.py:830} INFO - Processing file /home/airflow/.local/lib/python3.12/site-packages/airflow/example_dags/example_sla_dag.py for tasks to queue
[2024-07-05T14:16:57.506+0000] {logging_mixin.py:188} INFO - [2024-07-05T14:16:57.506+0000] {dagbag.py:545} INFO - Filling up the DagBag from /home/airflow/.local/lib/python3.12/site-packages/airflow/example_dags/example_sla_dag.py
[2024-07-05T14:16:57.510+0000] {processor.py:840} INFO - DAG(s) 'example_sla_dag' retrieved from /home/airflow/.local/lib/python3.12/site-packages/airflow/example_dags/example_sla_dag.py
[2024-07-05T14:16:57.520+0000] {logging_mixin.py:188} INFO - [2024-07-05T14:16:57.519+0000] {dag.py:3096} INFO - Sync 1 DAGs
[2024-07-05T14:16:57.530+0000] {logging_mixin.py:188} INFO - [2024-07-05T14:16:57.530+0000] {dag.py:3954} INFO - Setting next_dagrun for example_sla_dag to 2024-07-05 14:14:00+00:00, run_after=2024-07-05 14:16:00+00:00
[2024-07-05T14:16:57.539+0000] {processor.py:183} INFO - Processing /home/airflow/.local/lib/python3.12/site-packages/airflow/example_dags/example_sla_dag.py took 0.038 seconds
[2024-07-05T14:17:27.937+0000] {processor.py:161} INFO - Started process (PID=993) to work on /home/airflow/.local/lib/python3.12/site-packages/airflow/example_dags/example_sla_dag.py
[2024-07-05T14:17:27.938+0000] {processor.py:830} INFO - Processing file /home/airflow/.local/lib/python3.12/site-packages/airflow/example_dags/example_sla_dag.py for tasks to queue
[2024-07-05T14:17:27.940+0000] {logging_mixin.py:188} INFO - [2024-07-05T14:17:27.939+0000] {dagbag.py:545} INFO - Filling up the DagBag from /home/airflow/.local/lib/python3.12/site-packages/airflow/example_dags/example_sla_dag.py
[2024-07-05T14:17:27.945+0000] {processor.py:840} INFO - DAG(s) 'example_sla_dag' retrieved from /home/airflow/.local/lib/python3.12/site-packages/airflow/example_dags/example_sla_dag.py
[2024-07-05T14:17:27.957+0000] {logging_mixin.py:188} INFO - [2024-07-05T14:17:27.957+0000] {dag.py:3096} INFO - Sync 1 DAGs
[2024-07-05T14:17:27.971+0000] {logging_mixin.py:188} INFO - [2024-07-05T14:17:27.971+0000] {dag.py:3954} INFO - Setting next_dagrun for example_sla_dag to 2024-07-05 14:14:00+00:00, run_after=2024-07-05 14:16:00+00:00
[2024-07-05T14:17:27.981+0000] {processor.py:183} INFO - Processing /home/airflow/.local/lib/python3.12/site-packages/airflow/example_dags/example_sla_dag.py took 0.051 seconds
[2024-07-05T14:17:58.346+0000] {processor.py:161} INFO - Started process (PID=1051) to work on /home/airflow/.local/lib/python3.12/site-packages/airflow/example_dags/example_sla_dag.py
[2024-07-05T14:17:58.347+0000] {processor.py:830} INFO - Processing file /home/airflow/.local/lib/python3.12/site-packages/airflow/example_dags/example_sla_dag.py for tasks to queue
[2024-07-05T14:17:58.348+0000] {logging_mixin.py:188} INFO - [2024-07-05T14:17:58.347+0000] {dagbag.py:545} INFO - Filling up the DagBag from /home/airflow/.local/lib/python3.12/site-packages/airflow/example_dags/example_sla_dag.py
[2024-07-05T14:17:58.352+0000] {processor.py:840} INFO - DAG(s) 'example_sla_dag' retrieved from /home/airflow/.local/lib/python3.12/site-packages/airflow/example_dags/example_sla_dag.py
[2024-07-05T14:17:58.362+0000] {logging_mixin.py:188} INFO - [2024-07-05T14:17:58.362+0000] {dag.py:3096} INFO - Sync 1 DAGs
[2024-07-05T14:17:58.374+0000] {logging_mixin.py:188} INFO - [2024-07-05T14:17:58.374+0000] {dag.py:3954} INFO - Setting next_dagrun for example_sla_dag to 2024-07-05 14:14:00+00:00, run_after=2024-07-05 14:16:00+00:00
[2024-07-05T14:17:58.386+0000] {processor.py:183} INFO - Processing /home/airflow/.local/lib/python3.12/site-packages/airflow/example_dags/example_sla_dag.py took 0.043 seconds
[2024-07-05T14:18:29.045+0000] {processor.py:161} INFO - Started process (PID=1109) to work on /home/airflow/.local/lib/python3.12/site-packages/airflow/example_dags/example_sla_dag.py
[2024-07-05T14:18:29.045+0000] {processor.py:830} INFO - Processing file /home/airflow/.local/lib/python3.12/site-packages/airflow/example_dags/example_sla_dag.py for tasks to queue
[2024-07-05T14:18:29.046+0000] {logging_mixin.py:188} INFO - [2024-07-05T14:18:29.046+0000] {dagbag.py:545} INFO - Filling up the DagBag from /home/airflow/.local/lib/python3.12/site-packages/airflow/example_dags/example_sla_dag.py
[2024-07-05T14:18:29.050+0000] {processor.py:840} INFO - DAG(s) 'example_sla_dag' retrieved from /home/airflow/.local/lib/python3.12/site-packages/airflow/example_dags/example_sla_dag.py
[2024-07-05T14:18:29.059+0000] {logging_mixin.py:188} INFO - [2024-07-05T14:18:29.059+0000] {dag.py:3096} INFO - Sync 1 DAGs
[2024-07-05T14:18:29.069+0000] {logging_mixin.py:188} INFO - [2024-07-05T14:18:29.069+0000] {dag.py:3954} INFO - Setting next_dagrun for example_sla_dag to 2024-07-05 14:16:00+00:00, run_after=2024-07-05 14:18:00+00:00
[2024-07-05T14:18:29.077+0000] {processor.py:183} INFO - Processing /home/airflow/.local/lib/python3.12/site-packages/airflow/example_dags/example_sla_dag.py took 0.035 seconds
[2024-07-05T14:18:59.480+0000] {processor.py:161} INFO - Started process (PID=1166) to work on /home/airflow/.local/lib/python3.12/site-packages/airflow/example_dags/example_sla_dag.py
[2024-07-05T14:18:59.481+0000] {processor.py:830} INFO - Processing file /home/airflow/.local/lib/python3.12/site-packages/airflow/example_dags/example_sla_dag.py for tasks to queue
[2024-07-05T14:18:59.482+0000] {logging_mixin.py:188} INFO - [2024-07-05T14:18:59.482+0000] {dagbag.py:545} INFO - Filling up the DagBag from /home/airflow/.local/lib/python3.12/site-packages/airflow/example_dags/example_sla_dag.py
[2024-07-05T14:18:59.487+0000] {processor.py:840} INFO - DAG(s) 'example_sla_dag' retrieved from /home/airflow/.local/lib/python3.12/site-packages/airflow/example_dags/example_sla_dag.py
[2024-07-05T14:18:59.497+0000] {logging_mixin.py:188} INFO - [2024-07-05T14:18:59.497+0000] {dag.py:3096} INFO - Sync 1 DAGs
[2024-07-05T14:18:59.508+0000] {logging_mixin.py:188} INFO - [2024-07-05T14:18:59.508+0000] {dag.py:3954} INFO - Setting next_dagrun for example_sla_dag to 2024-07-05 14:16:00+00:00, run_after=2024-07-05 14:18:00+00:00
[2024-07-05T14:18:59.517+0000] {processor.py:183} INFO - Processing /home/airflow/.local/lib/python3.12/site-packages/airflow/example_dags/example_sla_dag.py took 0.040 seconds
[2024-07-05T14:19:29.723+0000] {processor.py:161} INFO - Started process (PID=1224) to work on /home/airflow/.local/lib/python3.12/site-packages/airflow/example_dags/example_sla_dag.py
[2024-07-05T14:19:29.724+0000] {processor.py:830} INFO - Processing file /home/airflow/.local/lib/python3.12/site-packages/airflow/example_dags/example_sla_dag.py for tasks to queue
[2024-07-05T14:19:29.725+0000] {logging_mixin.py:188} INFO - [2024-07-05T14:19:29.725+0000] {dagbag.py:545} INFO - Filling up the DagBag from /home/airflow/.local/lib/python3.12/site-packages/airflow/example_dags/example_sla_dag.py
[2024-07-05T14:19:29.729+0000] {processor.py:840} INFO - DAG(s) 'example_sla_dag' retrieved from /home/airflow/.local/lib/python3.12/site-packages/airflow/example_dags/example_sla_dag.py
[2024-07-05T14:19:29.738+0000] {logging_mixin.py:188} INFO - [2024-07-05T14:19:29.738+0000] {dag.py:3096} INFO - Sync 1 DAGs
[2024-07-05T14:19:29.748+0000] {logging_mixin.py:188} INFO - [2024-07-05T14:19:29.748+0000] {dag.py:3954} INFO - Setting next_dagrun for example_sla_dag to 2024-07-05 14:16:00+00:00, run_after=2024-07-05 14:18:00+00:00
[2024-07-05T14:19:29.756+0000] {processor.py:183} INFO - Processing /home/airflow/.local/lib/python3.12/site-packages/airflow/example_dags/example_sla_dag.py took 0.036 seconds
[2024-07-05T14:20:00.037+0000] {processor.py:161} INFO - Started process (PID=1282) to work on /home/airflow/.local/lib/python3.12/site-packages/airflow/example_dags/example_sla_dag.py
[2024-07-05T14:20:00.039+0000] {processor.py:830} INFO - Processing file /home/airflow/.local/lib/python3.12/site-packages/airflow/example_dags/example_sla_dag.py for tasks to queue
[2024-07-05T14:20:00.040+0000] {logging_mixin.py:188} INFO - [2024-07-05T14:20:00.040+0000] {dagbag.py:545} INFO - Filling up the DagBag from /home/airflow/.local/lib/python3.12/site-packages/airflow/example_dags/example_sla_dag.py
[2024-07-05T14:20:00.045+0000] {processor.py:840} INFO - DAG(s) 'example_sla_dag' retrieved from /home/airflow/.local/lib/python3.12/site-packages/airflow/example_dags/example_sla_dag.py
[2024-07-05T14:20:00.052+0000] {logging_mixin.py:188} INFO - [2024-07-05T14:20:00.052+0000] {dag.py:3096} INFO - Sync 1 DAGs
[2024-07-05T14:20:00.065+0000] {logging_mixin.py:188} INFO - [2024-07-05T14:20:00.065+0000] {dag.py:3954} INFO - Setting next_dagrun for example_sla_dag to 2024-07-05 14:18:00+00:00, run_after=2024-07-05 14:20:00+00:00
[2024-07-05T14:20:00.077+0000] {processor.py:183} INFO - Processing /home/airflow/.local/lib/python3.12/site-packages/airflow/example_dags/example_sla_dag.py took 0.043 seconds
[2024-07-05T14:20:31.139+0000] {processor.py:161} INFO - Started process (PID=1340) to work on /home/airflow/.local/lib/python3.12/site-packages/airflow/example_dags/example_sla_dag.py
[2024-07-05T14:20:31.140+0000] {processor.py:830} INFO - Processing file /home/airflow/.local/lib/python3.12/site-packages/airflow/example_dags/example_sla_dag.py for tasks to queue
[2024-07-05T14:20:31.141+0000] {logging_mixin.py:188} INFO - [2024-07-05T14:20:31.140+0000] {dagbag.py:545} INFO - Filling up the DagBag from /home/airflow/.local/lib/python3.12/site-packages/airflow/example_dags/example_sla_dag.py
[2024-07-05T14:20:31.145+0000] {processor.py:840} INFO - DAG(s) 'example_sla_dag' retrieved from /home/airflow/.local/lib/python3.12/site-packages/airflow/example_dags/example_sla_dag.py
[2024-07-05T14:20:31.186+0000] {logging_mixin.py:188} INFO - [2024-07-05T14:20:31.186+0000] {dag.py:3096} INFO - Sync 1 DAGs
[2024-07-05T14:20:31.194+0000] {logging_mixin.py:188} INFO - [2024-07-05T14:20:31.194+0000] {dag.py:3954} INFO - Setting next_dagrun for example_sla_dag to 2024-07-05 14:18:00+00:00, run_after=2024-07-05 14:20:00+00:00
[2024-07-05T14:20:31.202+0000] {processor.py:183} INFO - Processing /home/airflow/.local/lib/python3.12/site-packages/airflow/example_dags/example_sla_dag.py took 0.066 seconds
[2024-07-05T14:21:01.433+0000] {processor.py:161} INFO - Started process (PID=1398) to work on /home/airflow/.local/lib/python3.12/site-packages/airflow/example_dags/example_sla_dag.py
[2024-07-05T14:21:01.434+0000] {processor.py:830} INFO - Processing file /home/airflow/.local/lib/python3.12/site-packages/airflow/example_dags/example_sla_dag.py for tasks to queue
[2024-07-05T14:21:01.435+0000] {logging_mixin.py:188} INFO - [2024-07-05T14:21:01.435+0000] {dagbag.py:545} INFO - Filling up the DagBag from /home/airflow/.local/lib/python3.12/site-packages/airflow/example_dags/example_sla_dag.py
[2024-07-05T14:21:01.439+0000] {processor.py:840} INFO - DAG(s) 'example_sla_dag' retrieved from /home/airflow/.local/lib/python3.12/site-packages/airflow/example_dags/example_sla_dag.py
[2024-07-05T14:21:01.449+0000] {logging_mixin.py:188} INFO - [2024-07-05T14:21:01.449+0000] {dag.py:3096} INFO - Sync 1 DAGs
[2024-07-05T14:21:01.461+0000] {logging_mixin.py:188} INFO - [2024-07-05T14:21:01.461+0000] {dag.py:3954} INFO - Setting next_dagrun for example_sla_dag to 2024-07-05 14:18:00+00:00, run_after=2024-07-05 14:20:00+00:00
[2024-07-05T14:21:01.470+0000] {processor.py:183} INFO - Processing /home/airflow/.local/lib/python3.12/site-packages/airflow/example_dags/example_sla_dag.py took 0.041 seconds
[2024-07-05T14:21:31.696+0000] {processor.py:161} INFO - Started process (PID=1456) to work on /home/airflow/.local/lib/python3.12/site-packages/airflow/example_dags/example_sla_dag.py
[2024-07-05T14:21:31.696+0000] {processor.py:830} INFO - Processing file /home/airflow/.local/lib/python3.12/site-packages/airflow/example_dags/example_sla_dag.py for tasks to queue
[2024-07-05T14:21:31.697+0000] {logging_mixin.py:188} INFO - [2024-07-05T14:21:31.697+0000] {dagbag.py:545} INFO - Filling up the DagBag from /home/airflow/.local/lib/python3.12/site-packages/airflow/example_dags/example_sla_dag.py
[2024-07-05T14:21:31.702+0000] {processor.py:840} INFO - DAG(s) 'example_sla_dag' retrieved from /home/airflow/.local/lib/python3.12/site-packages/airflow/example_dags/example_sla_dag.py
[2024-07-05T14:21:31.712+0000] {logging_mixin.py:188} INFO - [2024-07-05T14:21:31.712+0000] {dag.py:3096} INFO - Sync 1 DAGs
[2024-07-05T14:21:31.724+0000] {logging_mixin.py:188} INFO - [2024-07-05T14:21:31.723+0000] {dag.py:3954} INFO - Setting next_dagrun for example_sla_dag to 2024-07-05 14:18:00+00:00, run_after=2024-07-05 14:20:00+00:00
[2024-07-05T14:21:31.732+0000] {processor.py:183} INFO - Processing /home/airflow/.local/lib/python3.12/site-packages/airflow/example_dags/example_sla_dag.py took 0.039 seconds
[2024-07-05T14:22:02.224+0000] {processor.py:161} INFO - Started process (PID=1514) to work on /home/airflow/.local/lib/python3.12/site-packages/airflow/example_dags/example_sla_dag.py
[2024-07-05T14:22:02.225+0000] {processor.py:830} INFO - Processing file /home/airflow/.local/lib/python3.12/site-packages/airflow/example_dags/example_sla_dag.py for tasks to queue
[2024-07-05T14:22:02.226+0000] {logging_mixin.py:188} INFO - [2024-07-05T14:22:02.225+0000] {dagbag.py:545} INFO - Filling up the DagBag from /home/airflow/.local/lib/python3.12/site-packages/airflow/example_dags/example_sla_dag.py
[2024-07-05T14:22:02.231+0000] {processor.py:840} INFO - DAG(s) 'example_sla_dag' retrieved from /home/airflow/.local/lib/python3.12/site-packages/airflow/example_dags/example_sla_dag.py
[2024-07-05T14:22:02.245+0000] {logging_mixin.py:188} INFO - [2024-07-05T14:22:02.245+0000] {dag.py:3096} INFO - Sync 1 DAGs
[2024-07-05T14:22:02.259+0000] {logging_mixin.py:188} INFO - [2024-07-05T14:22:02.259+0000] {dag.py:3954} INFO - Setting next_dagrun for example_sla_dag to 2024-07-05 14:20:00+00:00, run_after=2024-07-05 14:22:00+00:00
[2024-07-05T14:22:02.268+0000] {processor.py:183} INFO - Processing /home/airflow/.local/lib/python3.12/site-packages/airflow/example_dags/example_sla_dag.py took 0.047 seconds
[2024-07-05T14:22:33.043+0000] {processor.py:161} INFO - Started process (PID=1572) to work on /home/airflow/.local/lib/python3.12/site-packages/airflow/example_dags/example_sla_dag.py
[2024-07-05T14:22:33.043+0000] {processor.py:830} INFO - Processing file /home/airflow/.local/lib/python3.12/site-packages/airflow/example_dags/example_sla_dag.py for tasks to queue
[2024-07-05T14:22:33.044+0000] {logging_mixin.py:188} INFO - [2024-07-05T14:22:33.044+0000] {dagbag.py:545} INFO - Filling up the DagBag from /home/airflow/.local/lib/python3.12/site-packages/airflow/example_dags/example_sla_dag.py
[2024-07-05T14:22:33.049+0000] {processor.py:840} INFO - DAG(s) 'example_sla_dag' retrieved from /home/airflow/.local/lib/python3.12/site-packages/airflow/example_dags/example_sla_dag.py
[2024-07-05T14:22:33.058+0000] {logging_mixin.py:188} INFO - [2024-07-05T14:22:33.058+0000] {dag.py:3096} INFO - Sync 1 DAGs
[2024-07-05T14:22:33.069+0000] {logging_mixin.py:188} INFO - [2024-07-05T14:22:33.069+0000] {dag.py:3954} INFO - Setting next_dagrun for example_sla_dag to 2024-07-05 14:20:00+00:00, run_after=2024-07-05 14:22:00+00:00
[2024-07-05T14:22:33.077+0000] {processor.py:183} INFO - Processing /home/airflow/.local/lib/python3.12/site-packages/airflow/example_dags/example_sla_dag.py took 0.038 seconds
[2024-07-05T14:23:03.245+0000] {processor.py:161} INFO - Started process (PID=1630) to work on /home/airflow/.local/lib/python3.12/site-packages/airflow/example_dags/example_sla_dag.py
[2024-07-05T14:23:03.248+0000] {processor.py:830} INFO - Processing file /home/airflow/.local/lib/python3.12/site-packages/airflow/example_dags/example_sla_dag.py for tasks to queue
[2024-07-05T14:23:03.249+0000] {logging_mixin.py:188} INFO - [2024-07-05T14:23:03.249+0000] {dagbag.py:545} INFO - Filling up the DagBag from /home/airflow/.local/lib/python3.12/site-packages/airflow/example_dags/example_sla_dag.py
[2024-07-05T14:23:03.254+0000] {processor.py:840} INFO - DAG(s) 'example_sla_dag' retrieved from /home/airflow/.local/lib/python3.12/site-packages/airflow/example_dags/example_sla_dag.py
[2024-07-05T14:23:03.264+0000] {logging_mixin.py:188} INFO - [2024-07-05T14:23:03.264+0000] {dag.py:3096} INFO - Sync 1 DAGs
[2024-07-05T14:23:03.276+0000] {logging_mixin.py:188} INFO - [2024-07-05T14:23:03.276+0000] {dag.py:3954} INFO - Setting next_dagrun for example_sla_dag to 2024-07-05 14:20:00+00:00, run_after=2024-07-05 14:22:00+00:00
[2024-07-05T14:23:03.284+0000] {processor.py:183} INFO - Processing /home/airflow/.local/lib/python3.12/site-packages/airflow/example_dags/example_sla_dag.py took 0.042 seconds
[2024-07-05T14:23:34.235+0000] {processor.py:161} INFO - Started process (PID=1688) to work on /home/airflow/.local/lib/python3.12/site-packages/airflow/example_dags/example_sla_dag.py
[2024-07-05T14:23:34.236+0000] {processor.py:830} INFO - Processing file /home/airflow/.local/lib/python3.12/site-packages/airflow/example_dags/example_sla_dag.py for tasks to queue
[2024-07-05T14:23:34.237+0000] {logging_mixin.py:188} INFO - [2024-07-05T14:23:34.236+0000] {dagbag.py:545} INFO - Filling up the DagBag from /home/airflow/.local/lib/python3.12/site-packages/airflow/example_dags/example_sla_dag.py
[2024-07-05T14:23:34.241+0000] {processor.py:840} INFO - DAG(s) 'example_sla_dag' retrieved from /home/airflow/.local/lib/python3.12/site-packages/airflow/example_dags/example_sla_dag.py
[2024-07-05T14:23:34.251+0000] {logging_mixin.py:188} INFO - [2024-07-05T14:23:34.251+0000] {dag.py:3096} INFO - Sync 1 DAGs
[2024-07-05T14:23:34.263+0000] {logging_mixin.py:188} INFO - [2024-07-05T14:23:34.263+0000] {dag.py:3954} INFO - Setting next_dagrun for example_sla_dag to 2024-07-05 14:20:00+00:00, run_after=2024-07-05 14:22:00+00:00
[2024-07-05T14:23:34.272+0000] {processor.py:183} INFO - Processing /home/airflow/.local/lib/python3.12/site-packages/airflow/example_dags/example_sla_dag.py took 0.040 seconds
[2024-07-05T14:24:04.645+0000] {processor.py:161} INFO - Started process (PID=1746) to work on /home/airflow/.local/lib/python3.12/site-packages/airflow/example_dags/example_sla_dag.py
[2024-07-05T14:24:04.645+0000] {processor.py:830} INFO - Processing file /home/airflow/.local/lib/python3.12/site-packages/airflow/example_dags/example_sla_dag.py for tasks to queue
[2024-07-05T14:24:04.647+0000] {logging_mixin.py:188} INFO - [2024-07-05T14:24:04.646+0000] {dagbag.py:545} INFO - Filling up the DagBag from /home/airflow/.local/lib/python3.12/site-packages/airflow/example_dags/example_sla_dag.py
[2024-07-05T14:24:04.653+0000] {processor.py:840} INFO - DAG(s) 'example_sla_dag' retrieved from /home/airflow/.local/lib/python3.12/site-packages/airflow/example_dags/example_sla_dag.py
[2024-07-05T14:24:04.671+0000] {logging_mixin.py:188} INFO - [2024-07-05T14:24:04.671+0000] {dag.py:3096} INFO - Sync 1 DAGs
[2024-07-05T14:24:04.686+0000] {logging_mixin.py:188} INFO - [2024-07-05T14:24:04.686+0000] {dag.py:3954} INFO - Setting next_dagrun for example_sla_dag to 2024-07-05 14:22:00+00:00, run_after=2024-07-05 14:24:00+00:00
[2024-07-05T14:24:04.792+0000] {processor.py:183} INFO - Processing /home/airflow/.local/lib/python3.12/site-packages/airflow/example_dags/example_sla_dag.py took 0.150 seconds
[2024-07-05T14:24:35.755+0000] {processor.py:161} INFO - Started process (PID=1803) to work on /home/airflow/.local/lib/python3.12/site-packages/airflow/example_dags/example_sla_dag.py
[2024-07-05T14:24:35.761+0000] {processor.py:830} INFO - Processing file /home/airflow/.local/lib/python3.12/site-packages/airflow/example_dags/example_sla_dag.py for tasks to queue
[2024-07-05T14:24:35.780+0000] {logging_mixin.py:188} INFO - [2024-07-05T14:24:35.779+0000] {dagbag.py:545} INFO - Filling up the DagBag from /home/airflow/.local/lib/python3.12/site-packages/airflow/example_dags/example_sla_dag.py
[2024-07-05T14:24:35.791+0000] {processor.py:840} INFO - DAG(s) 'example_sla_dag' retrieved from /home/airflow/.local/lib/python3.12/site-packages/airflow/example_dags/example_sla_dag.py
[2024-07-05T14:24:35.816+0000] {logging_mixin.py:188} INFO - [2024-07-05T14:24:35.815+0000] {dag.py:3096} INFO - Sync 1 DAGs
[2024-07-05T14:24:35.851+0000] {logging_mixin.py:188} INFO - [2024-07-05T14:24:35.850+0000] {dag.py:3954} INFO - Setting next_dagrun for example_sla_dag to 2024-07-05 14:22:00+00:00, run_after=2024-07-05 14:24:00+00:00
[2024-07-05T14:24:35.987+0000] {processor.py:183} INFO - Processing /home/airflow/.local/lib/python3.12/site-packages/airflow/example_dags/example_sla_dag.py took 0.241 seconds
[2024-07-05T14:25:06.057+0000] {processor.py:161} INFO - Started process (PID=1861) to work on /home/airflow/.local/lib/python3.12/site-packages/airflow/example_dags/example_sla_dag.py
[2024-07-05T14:25:06.057+0000] {processor.py:830} INFO - Processing file /home/airflow/.local/lib/python3.12/site-packages/airflow/example_dags/example_sla_dag.py for tasks to queue
[2024-07-05T14:25:06.059+0000] {logging_mixin.py:188} INFO - [2024-07-05T14:25:06.058+0000] {dagbag.py:545} INFO - Filling up the DagBag from /home/airflow/.local/lib/python3.12/site-packages/airflow/example_dags/example_sla_dag.py
[2024-07-05T14:25:06.064+0000] {processor.py:840} INFO - DAG(s) 'example_sla_dag' retrieved from /home/airflow/.local/lib/python3.12/site-packages/airflow/example_dags/example_sla_dag.py
[2024-07-05T14:25:06.073+0000] {logging_mixin.py:188} INFO - [2024-07-05T14:25:06.073+0000] {dag.py:3096} INFO - Sync 1 DAGs
[2024-07-05T14:25:06.084+0000] {logging_mixin.py:188} INFO - [2024-07-05T14:25:06.084+0000] {dag.py:3954} INFO - Setting next_dagrun for example_sla_dag to 2024-07-05 14:22:00+00:00, run_after=2024-07-05 14:24:00+00:00
[2024-07-05T14:25:06.164+0000] {processor.py:183} INFO - Processing /home/airflow/.local/lib/python3.12/site-packages/airflow/example_dags/example_sla_dag.py took 0.110 seconds
[2024-07-05T14:25:37.001+0000] {processor.py:161} INFO - Started process (PID=1919) to work on /home/airflow/.local/lib/python3.12/site-packages/airflow/example_dags/example_sla_dag.py
[2024-07-05T14:25:37.003+0000] {processor.py:830} INFO - Processing file /home/airflow/.local/lib/python3.12/site-packages/airflow/example_dags/example_sla_dag.py for tasks to queue
[2024-07-05T14:25:37.004+0000] {logging_mixin.py:188} INFO - [2024-07-05T14:25:37.004+0000] {dagbag.py:545} INFO - Filling up the DagBag from /home/airflow/.local/lib/python3.12/site-packages/airflow/example_dags/example_sla_dag.py
[2024-07-05T14:25:37.010+0000] {processor.py:840} INFO - DAG(s) 'example_sla_dag' retrieved from /home/airflow/.local/lib/python3.12/site-packages/airflow/example_dags/example_sla_dag.py
[2024-07-05T14:25:37.022+0000] {logging_mixin.py:188} INFO - [2024-07-05T14:25:37.021+0000] {dag.py:3096} INFO - Sync 1 DAGs
[2024-07-05T14:25:37.033+0000] {logging_mixin.py:188} INFO - [2024-07-05T14:25:37.033+0000] {dag.py:3954} INFO - Setting next_dagrun for example_sla_dag to 2024-07-05 14:22:00+00:00, run_after=2024-07-05 14:24:00+00:00
[2024-07-05T14:25:37.042+0000] {processor.py:183} INFO - Processing /home/airflow/.local/lib/python3.12/site-packages/airflow/example_dags/example_sla_dag.py took 0.046 seconds
[2024-07-05T14:26:07.991+0000] {processor.py:161} INFO - Started process (PID=1977) to work on /home/airflow/.local/lib/python3.12/site-packages/airflow/example_dags/example_sla_dag.py
[2024-07-05T14:26:07.993+0000] {processor.py:830} INFO - Processing file /home/airflow/.local/lib/python3.12/site-packages/airflow/example_dags/example_sla_dag.py for tasks to queue
[2024-07-05T14:26:07.995+0000] {logging_mixin.py:188} INFO - [2024-07-05T14:26:07.994+0000] {dagbag.py:545} INFO - Filling up the DagBag from /home/airflow/.local/lib/python3.12/site-packages/airflow/example_dags/example_sla_dag.py
[2024-07-05T14:26:08.003+0000] {processor.py:840} INFO - DAG(s) 'example_sla_dag' retrieved from /home/airflow/.local/lib/python3.12/site-packages/airflow/example_dags/example_sla_dag.py
[2024-07-05T14:26:08.015+0000] {logging_mixin.py:188} INFO - [2024-07-05T14:26:08.015+0000] {dag.py:3096} INFO - Sync 1 DAGs
[2024-07-05T14:26:08.028+0000] {logging_mixin.py:188} INFO - [2024-07-05T14:26:08.028+0000] {dag.py:3954} INFO - Setting next_dagrun for example_sla_dag to 2024-07-05 14:24:00+00:00, run_after=2024-07-05 14:26:00+00:00
[2024-07-05T14:26:08.036+0000] {processor.py:183} INFO - Processing /home/airflow/.local/lib/python3.12/site-packages/airflow/example_dags/example_sla_dag.py took 0.051 seconds
[2024-07-05T14:28:05.840+0000] {processor.py:161} INFO - Started process (PID=64) to work on /home/airflow/.local/lib/python3.12/site-packages/airflow/example_dags/example_sla_dag.py
[2024-07-05T14:28:05.845+0000] {processor.py:830} INFO - Processing file /home/airflow/.local/lib/python3.12/site-packages/airflow/example_dags/example_sla_dag.py for tasks to queue
[2024-07-05T14:28:05.847+0000] {logging_mixin.py:188} INFO - [2024-07-05T14:28:05.847+0000] {dagbag.py:545} INFO - Filling up the DagBag from /home/airflow/.local/lib/python3.12/site-packages/airflow/example_dags/example_sla_dag.py
[2024-07-05T14:28:05.857+0000] {processor.py:840} INFO - DAG(s) 'example_sla_dag' retrieved from /home/airflow/.local/lib/python3.12/site-packages/airflow/example_dags/example_sla_dag.py
[2024-07-05T14:28:05.879+0000] {logging_mixin.py:188} INFO - [2024-07-05T14:28:05.879+0000] {dag.py:3096} INFO - Sync 1 DAGs
[2024-07-05T14:28:05.899+0000] {logging_mixin.py:188} INFO - [2024-07-05T14:28:05.899+0000] {dag.py:3954} INFO - Setting next_dagrun for example_sla_dag to 2024-07-05 14:26:00+00:00, run_after=2024-07-05 14:28:00+00:00
[2024-07-05T14:28:05.914+0000] {processor.py:183} INFO - Processing /home/airflow/.local/lib/python3.12/site-packages/airflow/example_dags/example_sla_dag.py took 0.085 seconds
[2024-07-05T14:28:36.649+0000] {processor.py:161} INFO - Started process (PID=122) to work on /home/airflow/.local/lib/python3.12/site-packages/airflow/example_dags/example_sla_dag.py
[2024-07-05T14:28:36.650+0000] {processor.py:830} INFO - Processing file /home/airflow/.local/lib/python3.12/site-packages/airflow/example_dags/example_sla_dag.py for tasks to queue
[2024-07-05T14:28:36.651+0000] {logging_mixin.py:188} INFO - [2024-07-05T14:28:36.651+0000] {dagbag.py:545} INFO - Filling up the DagBag from /home/airflow/.local/lib/python3.12/site-packages/airflow/example_dags/example_sla_dag.py
[2024-07-05T14:28:36.654+0000] {processor.py:840} INFO - DAG(s) 'example_sla_dag' retrieved from /home/airflow/.local/lib/python3.12/site-packages/airflow/example_dags/example_sla_dag.py
[2024-07-05T14:28:36.659+0000] {logging_mixin.py:188} INFO - [2024-07-05T14:28:36.659+0000] {dag.py:3096} INFO - Sync 1 DAGs
[2024-07-05T14:28:36.669+0000] {logging_mixin.py:188} INFO - [2024-07-05T14:28:36.669+0000] {dag.py:3954} INFO - Setting next_dagrun for example_sla_dag to 2024-07-05 14:26:00+00:00, run_after=2024-07-05 14:28:00+00:00
[2024-07-05T14:28:36.677+0000] {processor.py:183} INFO - Processing /home/airflow/.local/lib/python3.12/site-packages/airflow/example_dags/example_sla_dag.py took 0.030 seconds
[2024-07-05T14:29:06.882+0000] {processor.py:161} INFO - Started process (PID=180) to work on /home/airflow/.local/lib/python3.12/site-packages/airflow/example_dags/example_sla_dag.py
[2024-07-05T14:29:06.883+0000] {processor.py:830} INFO - Processing file /home/airflow/.local/lib/python3.12/site-packages/airflow/example_dags/example_sla_dag.py for tasks to queue
[2024-07-05T14:29:06.884+0000] {logging_mixin.py:188} INFO - [2024-07-05T14:29:06.884+0000] {dagbag.py:545} INFO - Filling up the DagBag from /home/airflow/.local/lib/python3.12/site-packages/airflow/example_dags/example_sla_dag.py
[2024-07-05T14:29:06.888+0000] {processor.py:840} INFO - DAG(s) 'example_sla_dag' retrieved from /home/airflow/.local/lib/python3.12/site-packages/airflow/example_dags/example_sla_dag.py
[2024-07-05T14:29:06.938+0000] {logging_mixin.py:188} INFO - [2024-07-05T14:29:06.938+0000] {dag.py:3096} INFO - Sync 1 DAGs
[2024-07-05T14:29:06.947+0000] {logging_mixin.py:188} INFO - [2024-07-05T14:29:06.947+0000] {dag.py:3954} INFO - Setting next_dagrun for example_sla_dag to 2024-07-05 14:26:00+00:00, run_after=2024-07-05 14:28:00+00:00
[2024-07-05T14:29:06.954+0000] {processor.py:183} INFO - Processing /home/airflow/.local/lib/python3.12/site-packages/airflow/example_dags/example_sla_dag.py took 0.075 seconds
[2024-07-05T14:29:37.773+0000] {processor.py:161} INFO - Started process (PID=238) to work on /home/airflow/.local/lib/python3.12/site-packages/airflow/example_dags/example_sla_dag.py
[2024-07-05T14:29:37.774+0000] {processor.py:830} INFO - Processing file /home/airflow/.local/lib/python3.12/site-packages/airflow/example_dags/example_sla_dag.py for tasks to queue
[2024-07-05T14:29:37.775+0000] {logging_mixin.py:188} INFO - [2024-07-05T14:29:37.775+0000] {dagbag.py:545} INFO - Filling up the DagBag from /home/airflow/.local/lib/python3.12/site-packages/airflow/example_dags/example_sla_dag.py
[2024-07-05T14:29:37.779+0000] {processor.py:840} INFO - DAG(s) 'example_sla_dag' retrieved from /home/airflow/.local/lib/python3.12/site-packages/airflow/example_dags/example_sla_dag.py
[2024-07-05T14:29:37.788+0000] {logging_mixin.py:188} INFO - [2024-07-05T14:29:37.788+0000] {dag.py:3096} INFO - Sync 1 DAGs
[2024-07-05T14:29:37.831+0000] {logging_mixin.py:188} INFO - [2024-07-05T14:29:37.831+0000] {dag.py:3954} INFO - Setting next_dagrun for example_sla_dag to 2024-07-05 14:26:00+00:00, run_after=2024-07-05 14:28:00+00:00
[2024-07-05T14:29:37.880+0000] {processor.py:183} INFO - Processing /home/airflow/.local/lib/python3.12/site-packages/airflow/example_dags/example_sla_dag.py took 0.110 seconds
[2024-07-05T14:30:08.880+0000] {processor.py:161} INFO - Started process (PID=296) to work on /home/airflow/.local/lib/python3.12/site-packages/airflow/example_dags/example_sla_dag.py
[2024-07-05T14:30:08.882+0000] {processor.py:830} INFO - Processing file /home/airflow/.local/lib/python3.12/site-packages/airflow/example_dags/example_sla_dag.py for tasks to queue
[2024-07-05T14:30:08.884+0000] {logging_mixin.py:188} INFO - [2024-07-05T14:30:08.883+0000] {dagbag.py:545} INFO - Filling up the DagBag from /home/airflow/.local/lib/python3.12/site-packages/airflow/example_dags/example_sla_dag.py
[2024-07-05T14:30:08.893+0000] {processor.py:840} INFO - DAG(s) 'example_sla_dag' retrieved from /home/airflow/.local/lib/python3.12/site-packages/airflow/example_dags/example_sla_dag.py
[2024-07-05T14:30:08.909+0000] {logging_mixin.py:188} INFO - [2024-07-05T14:30:08.909+0000] {dag.py:3096} INFO - Sync 1 DAGs
[2024-07-05T14:30:08.923+0000] {logging_mixin.py:188} INFO - [2024-07-05T14:30:08.923+0000] {dag.py:3954} INFO - Setting next_dagrun for example_sla_dag to 2024-07-05 14:28:00+00:00, run_after=2024-07-05 14:30:00+00:00
[2024-07-05T14:30:08.933+0000] {processor.py:183} INFO - Processing /home/airflow/.local/lib/python3.12/site-packages/airflow/example_dags/example_sla_dag.py took 0.060 seconds
[2024-07-05T14:30:39.475+0000] {processor.py:161} INFO - Started process (PID=354) to work on /home/airflow/.local/lib/python3.12/site-packages/airflow/example_dags/example_sla_dag.py
[2024-07-05T14:30:39.477+0000] {processor.py:830} INFO - Processing file /home/airflow/.local/lib/python3.12/site-packages/airflow/example_dags/example_sla_dag.py for tasks to queue
[2024-07-05T14:30:39.479+0000] {logging_mixin.py:188} INFO - [2024-07-05T14:30:39.478+0000] {dagbag.py:545} INFO - Filling up the DagBag from /home/airflow/.local/lib/python3.12/site-packages/airflow/example_dags/example_sla_dag.py
[2024-07-05T14:30:39.488+0000] {processor.py:840} INFO - DAG(s) 'example_sla_dag' retrieved from /home/airflow/.local/lib/python3.12/site-packages/airflow/example_dags/example_sla_dag.py
[2024-07-05T14:30:39.504+0000] {logging_mixin.py:188} INFO - [2024-07-05T14:30:39.504+0000] {dag.py:3096} INFO - Sync 1 DAGs
[2024-07-05T14:30:39.519+0000] {logging_mixin.py:188} INFO - [2024-07-05T14:30:39.519+0000] {dag.py:3954} INFO - Setting next_dagrun for example_sla_dag to 2024-07-05 14:28:00+00:00, run_after=2024-07-05 14:30:00+00:00
[2024-07-05T14:30:39.529+0000] {processor.py:183} INFO - Processing /home/airflow/.local/lib/python3.12/site-packages/airflow/example_dags/example_sla_dag.py took 0.061 seconds
[2024-07-05T14:31:10.110+0000] {processor.py:161} INFO - Started process (PID=412) to work on /home/airflow/.local/lib/python3.12/site-packages/airflow/example_dags/example_sla_dag.py
[2024-07-05T14:31:10.113+0000] {processor.py:830} INFO - Processing file /home/airflow/.local/lib/python3.12/site-packages/airflow/example_dags/example_sla_dag.py for tasks to queue
[2024-07-05T14:31:10.115+0000] {logging_mixin.py:188} INFO - [2024-07-05T14:31:10.115+0000] {dagbag.py:545} INFO - Filling up the DagBag from /home/airflow/.local/lib/python3.12/site-packages/airflow/example_dags/example_sla_dag.py
[2024-07-05T14:31:10.123+0000] {processor.py:840} INFO - DAG(s) 'example_sla_dag' retrieved from /home/airflow/.local/lib/python3.12/site-packages/airflow/example_dags/example_sla_dag.py
[2024-07-05T14:31:10.137+0000] {logging_mixin.py:188} INFO - [2024-07-05T14:31:10.137+0000] {dag.py:3096} INFO - Sync 1 DAGs
[2024-07-05T14:31:10.152+0000] {logging_mixin.py:188} INFO - [2024-07-05T14:31:10.151+0000] {dag.py:3954} INFO - Setting next_dagrun for example_sla_dag to 2024-07-05 14:28:00+00:00, run_after=2024-07-05 14:30:00+00:00
[2024-07-05T14:31:10.162+0000] {processor.py:183} INFO - Processing /home/airflow/.local/lib/python3.12/site-packages/airflow/example_dags/example_sla_dag.py took 0.058 seconds
[2024-07-05T14:31:40.762+0000] {processor.py:161} INFO - Started process (PID=470) to work on /home/airflow/.local/lib/python3.12/site-packages/airflow/example_dags/example_sla_dag.py
[2024-07-05T14:31:40.764+0000] {processor.py:830} INFO - Processing file /home/airflow/.local/lib/python3.12/site-packages/airflow/example_dags/example_sla_dag.py for tasks to queue
[2024-07-05T14:31:40.766+0000] {logging_mixin.py:188} INFO - [2024-07-05T14:31:40.766+0000] {dagbag.py:545} INFO - Filling up the DagBag from /home/airflow/.local/lib/python3.12/site-packages/airflow/example_dags/example_sla_dag.py
[2024-07-05T14:31:40.774+0000] {processor.py:840} INFO - DAG(s) 'example_sla_dag' retrieved from /home/airflow/.local/lib/python3.12/site-packages/airflow/example_dags/example_sla_dag.py
[2024-07-05T14:31:40.790+0000] {logging_mixin.py:188} INFO - [2024-07-05T14:31:40.790+0000] {dag.py:3096} INFO - Sync 1 DAGs
[2024-07-05T14:31:40.805+0000] {logging_mixin.py:188} INFO - [2024-07-05T14:31:40.804+0000] {dag.py:3954} INFO - Setting next_dagrun for example_sla_dag to 2024-07-05 14:28:00+00:00, run_after=2024-07-05 14:30:00+00:00
[2024-07-05T14:31:40.814+0000] {processor.py:183} INFO - Processing /home/airflow/.local/lib/python3.12/site-packages/airflow/example_dags/example_sla_dag.py took 0.059 seconds
[2024-07-05T14:32:11.404+0000] {processor.py:161} INFO - Started process (PID=528) to work on /home/airflow/.local/lib/python3.12/site-packages/airflow/example_dags/example_sla_dag.py
[2024-07-05T14:32:11.407+0000] {processor.py:830} INFO - Processing file /home/airflow/.local/lib/python3.12/site-packages/airflow/example_dags/example_sla_dag.py for tasks to queue
[2024-07-05T14:32:11.409+0000] {logging_mixin.py:188} INFO - [2024-07-05T14:32:11.409+0000] {dagbag.py:545} INFO - Filling up the DagBag from /home/airflow/.local/lib/python3.12/site-packages/airflow/example_dags/example_sla_dag.py
[2024-07-05T14:32:11.418+0000] {processor.py:840} INFO - DAG(s) 'example_sla_dag' retrieved from /home/airflow/.local/lib/python3.12/site-packages/airflow/example_dags/example_sla_dag.py
[2024-07-05T14:32:11.433+0000] {logging_mixin.py:188} INFO - [2024-07-05T14:32:11.433+0000] {dag.py:3096} INFO - Sync 1 DAGs
[2024-07-05T14:32:11.448+0000] {logging_mixin.py:188} INFO - [2024-07-05T14:32:11.448+0000] {dag.py:3954} INFO - Setting next_dagrun for example_sla_dag to 2024-07-05 14:30:00+00:00, run_after=2024-07-05 14:32:00+00:00
[2024-07-05T14:32:11.458+0000] {processor.py:183} INFO - Processing /home/airflow/.local/lib/python3.12/site-packages/airflow/example_dags/example_sla_dag.py took 0.061 seconds
[2024-07-05T14:32:42.306+0000] {processor.py:161} INFO - Started process (PID=586) to work on /home/airflow/.local/lib/python3.12/site-packages/airflow/example_dags/example_sla_dag.py
[2024-07-05T14:32:42.306+0000] {processor.py:830} INFO - Processing file /home/airflow/.local/lib/python3.12/site-packages/airflow/example_dags/example_sla_dag.py for tasks to queue
[2024-07-05T14:32:42.308+0000] {logging_mixin.py:188} INFO - [2024-07-05T14:32:42.308+0000] {dagbag.py:545} INFO - Filling up the DagBag from /home/airflow/.local/lib/python3.12/site-packages/airflow/example_dags/example_sla_dag.py
[2024-07-05T14:32:42.314+0000] {processor.py:840} INFO - DAG(s) 'example_sla_dag' retrieved from /home/airflow/.local/lib/python3.12/site-packages/airflow/example_dags/example_sla_dag.py
[2024-07-05T14:32:42.326+0000] {logging_mixin.py:188} INFO - [2024-07-05T14:32:42.326+0000] {dag.py:3096} INFO - Sync 1 DAGs
[2024-07-05T14:32:42.337+0000] {logging_mixin.py:188} INFO - [2024-07-05T14:32:42.337+0000] {dag.py:3954} INFO - Setting next_dagrun for example_sla_dag to 2024-07-05 14:30:00+00:00, run_after=2024-07-05 14:32:00+00:00
[2024-07-05T14:32:42.346+0000] {processor.py:183} INFO - Processing /home/airflow/.local/lib/python3.12/site-packages/airflow/example_dags/example_sla_dag.py took 0.045 seconds
[2024-07-05T14:33:12.676+0000] {processor.py:161} INFO - Started process (PID=644) to work on /home/airflow/.local/lib/python3.12/site-packages/airflow/example_dags/example_sla_dag.py
[2024-07-05T14:33:12.678+0000] {processor.py:830} INFO - Processing file /home/airflow/.local/lib/python3.12/site-packages/airflow/example_dags/example_sla_dag.py for tasks to queue
[2024-07-05T14:33:12.680+0000] {logging_mixin.py:188} INFO - [2024-07-05T14:33:12.679+0000] {dagbag.py:545} INFO - Filling up the DagBag from /home/airflow/.local/lib/python3.12/site-packages/airflow/example_dags/example_sla_dag.py
[2024-07-05T14:33:12.687+0000] {processor.py:840} INFO - DAG(s) 'example_sla_dag' retrieved from /home/airflow/.local/lib/python3.12/site-packages/airflow/example_dags/example_sla_dag.py
[2024-07-05T14:33:12.701+0000] {logging_mixin.py:188} INFO - [2024-07-05T14:33:12.701+0000] {dag.py:3096} INFO - Sync 1 DAGs
[2024-07-05T14:33:12.715+0000] {logging_mixin.py:188} INFO - [2024-07-05T14:33:12.715+0000] {dag.py:3954} INFO - Setting next_dagrun for example_sla_dag to 2024-07-05 14:30:00+00:00, run_after=2024-07-05 14:32:00+00:00
[2024-07-05T14:33:12.724+0000] {processor.py:183} INFO - Processing /home/airflow/.local/lib/python3.12/site-packages/airflow/example_dags/example_sla_dag.py took 0.055 seconds
[2024-07-05T14:33:42.736+0000] {processor.py:161} INFO - Started process (PID=702) to work on /home/airflow/.local/lib/python3.12/site-packages/airflow/example_dags/example_sla_dag.py
[2024-07-05T14:33:42.737+0000] {processor.py:830} INFO - Processing file /home/airflow/.local/lib/python3.12/site-packages/airflow/example_dags/example_sla_dag.py for tasks to queue
[2024-07-05T14:33:42.738+0000] {logging_mixin.py:188} INFO - [2024-07-05T14:33:42.738+0000] {dagbag.py:545} INFO - Filling up the DagBag from /home/airflow/.local/lib/python3.12/site-packages/airflow/example_dags/example_sla_dag.py
[2024-07-05T14:33:42.742+0000] {processor.py:840} INFO - DAG(s) 'example_sla_dag' retrieved from /home/airflow/.local/lib/python3.12/site-packages/airflow/example_dags/example_sla_dag.py
[2024-07-05T14:33:42.750+0000] {logging_mixin.py:188} INFO - [2024-07-05T14:33:42.750+0000] {dag.py:3096} INFO - Sync 1 DAGs
[2024-07-05T14:33:42.762+0000] {logging_mixin.py:188} INFO - [2024-07-05T14:33:42.762+0000] {dag.py:3954} INFO - Setting next_dagrun for example_sla_dag to 2024-07-05 14:30:00+00:00, run_after=2024-07-05 14:32:00+00:00
[2024-07-05T14:33:42.770+0000] {processor.py:183} INFO - Processing /home/airflow/.local/lib/python3.12/site-packages/airflow/example_dags/example_sla_dag.py took 0.037 seconds
[2024-07-05T14:34:13.308+0000] {processor.py:161} INFO - Started process (PID=760) to work on /home/airflow/.local/lib/python3.12/site-packages/airflow/example_dags/example_sla_dag.py
[2024-07-05T14:34:13.309+0000] {processor.py:830} INFO - Processing file /home/airflow/.local/lib/python3.12/site-packages/airflow/example_dags/example_sla_dag.py for tasks to queue
[2024-07-05T14:34:13.310+0000] {logging_mixin.py:188} INFO - [2024-07-05T14:34:13.310+0000] {dagbag.py:545} INFO - Filling up the DagBag from /home/airflow/.local/lib/python3.12/site-packages/airflow/example_dags/example_sla_dag.py
[2024-07-05T14:34:13.315+0000] {processor.py:840} INFO - DAG(s) 'example_sla_dag' retrieved from /home/airflow/.local/lib/python3.12/site-packages/airflow/example_dags/example_sla_dag.py
[2024-07-05T14:34:13.325+0000] {logging_mixin.py:188} INFO - [2024-07-05T14:34:13.325+0000] {dag.py:3096} INFO - Sync 1 DAGs
[2024-07-05T14:34:13.337+0000] {logging_mixin.py:188} INFO - [2024-07-05T14:34:13.337+0000] {dag.py:3954} INFO - Setting next_dagrun for example_sla_dag to 2024-07-05 14:32:00+00:00, run_after=2024-07-05 14:34:00+00:00
[2024-07-05T14:34:13.350+0000] {processor.py:183} INFO - Processing /home/airflow/.local/lib/python3.12/site-packages/airflow/example_dags/example_sla_dag.py took 0.045 seconds
[2024-07-05T14:34:44.127+0000] {processor.py:161} INFO - Started process (PID=818) to work on /home/airflow/.local/lib/python3.12/site-packages/airflow/example_dags/example_sla_dag.py
[2024-07-05T14:34:44.128+0000] {processor.py:830} INFO - Processing file /home/airflow/.local/lib/python3.12/site-packages/airflow/example_dags/example_sla_dag.py for tasks to queue
[2024-07-05T14:34:44.129+0000] {logging_mixin.py:188} INFO - [2024-07-05T14:34:44.129+0000] {dagbag.py:545} INFO - Filling up the DagBag from /home/airflow/.local/lib/python3.12/site-packages/airflow/example_dags/example_sla_dag.py
[2024-07-05T14:34:44.134+0000] {processor.py:840} INFO - DAG(s) 'example_sla_dag' retrieved from /home/airflow/.local/lib/python3.12/site-packages/airflow/example_dags/example_sla_dag.py
[2024-07-05T14:34:44.144+0000] {logging_mixin.py:188} INFO - [2024-07-05T14:34:44.144+0000] {dag.py:3096} INFO - Sync 1 DAGs
[2024-07-05T14:34:44.156+0000] {logging_mixin.py:188} INFO - [2024-07-05T14:34:44.156+0000] {dag.py:3954} INFO - Setting next_dagrun for example_sla_dag to 2024-07-05 14:32:00+00:00, run_after=2024-07-05 14:34:00+00:00
[2024-07-05T14:34:44.165+0000] {processor.py:183} INFO - Processing /home/airflow/.local/lib/python3.12/site-packages/airflow/example_dags/example_sla_dag.py took 0.041 seconds
[2024-07-05T14:35:14.503+0000] {processor.py:161} INFO - Started process (PID=876) to work on /home/airflow/.local/lib/python3.12/site-packages/airflow/example_dags/example_sla_dag.py
[2024-07-05T14:35:14.504+0000] {processor.py:830} INFO - Processing file /home/airflow/.local/lib/python3.12/site-packages/airflow/example_dags/example_sla_dag.py for tasks to queue
[2024-07-05T14:35:14.506+0000] {logging_mixin.py:188} INFO - [2024-07-05T14:35:14.506+0000] {dagbag.py:545} INFO - Filling up the DagBag from /home/airflow/.local/lib/python3.12/site-packages/airflow/example_dags/example_sla_dag.py
[2024-07-05T14:35:14.511+0000] {processor.py:840} INFO - DAG(s) 'example_sla_dag' retrieved from /home/airflow/.local/lib/python3.12/site-packages/airflow/example_dags/example_sla_dag.py
[2024-07-05T14:35:14.531+0000] {logging_mixin.py:188} INFO - [2024-07-05T14:35:14.531+0000] {dag.py:3096} INFO - Sync 1 DAGs
[2024-07-05T14:35:14.550+0000] {logging_mixin.py:188} INFO - [2024-07-05T14:35:14.550+0000] {dag.py:3954} INFO - Setting next_dagrun for example_sla_dag to 2024-07-05 14:32:00+00:00, run_after=2024-07-05 14:34:00+00:00
[2024-07-05T14:35:14.580+0000] {processor.py:183} INFO - Processing /home/airflow/.local/lib/python3.12/site-packages/airflow/example_dags/example_sla_dag.py took 0.080 seconds
[2024-07-05T14:35:47.713+0000] {processor.py:161} INFO - Started process (PID=934) to work on /home/airflow/.local/lib/python3.12/site-packages/airflow/example_dags/example_sla_dag.py
[2024-07-05T14:35:47.716+0000] {processor.py:830} INFO - Processing file /home/airflow/.local/lib/python3.12/site-packages/airflow/example_dags/example_sla_dag.py for tasks to queue
[2024-07-05T14:35:47.722+0000] {logging_mixin.py:188} INFO - [2024-07-05T14:35:47.721+0000] {dagbag.py:545} INFO - Filling up the DagBag from /home/airflow/.local/lib/python3.12/site-packages/airflow/example_dags/example_sla_dag.py
[2024-07-05T14:35:47.866+0000] {processor.py:840} INFO - DAG(s) 'example_sla_dag' retrieved from /home/airflow/.local/lib/python3.12/site-packages/airflow/example_dags/example_sla_dag.py
[2024-07-05T14:35:48.044+0000] {logging_mixin.py:188} INFO - [2024-07-05T14:35:48.044+0000] {dag.py:3096} INFO - Sync 1 DAGs
[2024-07-05T14:35:48.068+0000] {logging_mixin.py:188} INFO - [2024-07-05T14:35:48.068+0000] {dag.py:3954} INFO - Setting next_dagrun for example_sla_dag to 2024-07-05 14:32:00+00:00, run_after=2024-07-05 14:34:00+00:00
[2024-07-05T14:35:48.080+0000] {processor.py:183} INFO - Processing /home/airflow/.local/lib/python3.12/site-packages/airflow/example_dags/example_sla_dag.py took 0.374 seconds
[2024-07-05T14:36:18.500+0000] {processor.py:161} INFO - Started process (PID=992) to work on /home/airflow/.local/lib/python3.12/site-packages/airflow/example_dags/example_sla_dag.py
[2024-07-05T14:36:18.501+0000] {processor.py:830} INFO - Processing file /home/airflow/.local/lib/python3.12/site-packages/airflow/example_dags/example_sla_dag.py for tasks to queue
[2024-07-05T14:36:18.502+0000] {logging_mixin.py:188} INFO - [2024-07-05T14:36:18.502+0000] {dagbag.py:545} INFO - Filling up the DagBag from /home/airflow/.local/lib/python3.12/site-packages/airflow/example_dags/example_sla_dag.py
[2024-07-05T14:36:18.506+0000] {processor.py:840} INFO - DAG(s) 'example_sla_dag' retrieved from /home/airflow/.local/lib/python3.12/site-packages/airflow/example_dags/example_sla_dag.py
[2024-07-05T14:36:18.515+0000] {logging_mixin.py:188} INFO - [2024-07-05T14:36:18.515+0000] {dag.py:3096} INFO - Sync 1 DAGs
[2024-07-05T14:36:18.525+0000] {logging_mixin.py:188} INFO - [2024-07-05T14:36:18.524+0000] {dag.py:3954} INFO - Setting next_dagrun for example_sla_dag to 2024-07-05 14:34:00+00:00, run_after=2024-07-05 14:36:00+00:00
[2024-07-05T14:36:18.532+0000] {processor.py:183} INFO - Processing /home/airflow/.local/lib/python3.12/site-packages/airflow/example_dags/example_sla_dag.py took 0.034 seconds
[2024-07-05T14:36:49.087+0000] {processor.py:161} INFO - Started process (PID=1050) to work on /home/airflow/.local/lib/python3.12/site-packages/airflow/example_dags/example_sla_dag.py
[2024-07-05T14:36:49.087+0000] {processor.py:830} INFO - Processing file /home/airflow/.local/lib/python3.12/site-packages/airflow/example_dags/example_sla_dag.py for tasks to queue
[2024-07-05T14:36:49.088+0000] {logging_mixin.py:188} INFO - [2024-07-05T14:36:49.088+0000] {dagbag.py:545} INFO - Filling up the DagBag from /home/airflow/.local/lib/python3.12/site-packages/airflow/example_dags/example_sla_dag.py
[2024-07-05T14:36:49.093+0000] {processor.py:840} INFO - DAG(s) 'example_sla_dag' retrieved from /home/airflow/.local/lib/python3.12/site-packages/airflow/example_dags/example_sla_dag.py
[2024-07-05T14:36:49.102+0000] {logging_mixin.py:188} INFO - [2024-07-05T14:36:49.101+0000] {dag.py:3096} INFO - Sync 1 DAGs
[2024-07-05T14:36:49.111+0000] {logging_mixin.py:188} INFO - [2024-07-05T14:36:49.111+0000] {dag.py:3954} INFO - Setting next_dagrun for example_sla_dag to 2024-07-05 14:34:00+00:00, run_after=2024-07-05 14:36:00+00:00
[2024-07-05T14:36:49.119+0000] {processor.py:183} INFO - Processing /home/airflow/.local/lib/python3.12/site-packages/airflow/example_dags/example_sla_dag.py took 0.034 seconds
[2024-07-05T14:37:19.703+0000] {processor.py:161} INFO - Started process (PID=1108) to work on /home/airflow/.local/lib/python3.12/site-packages/airflow/example_dags/example_sla_dag.py
[2024-07-05T14:37:19.703+0000] {processor.py:830} INFO - Processing file /home/airflow/.local/lib/python3.12/site-packages/airflow/example_dags/example_sla_dag.py for tasks to queue
[2024-07-05T14:37:19.704+0000] {logging_mixin.py:188} INFO - [2024-07-05T14:37:19.704+0000] {dagbag.py:545} INFO - Filling up the DagBag from /home/airflow/.local/lib/python3.12/site-packages/airflow/example_dags/example_sla_dag.py
[2024-07-05T14:37:19.709+0000] {processor.py:840} INFO - DAG(s) 'example_sla_dag' retrieved from /home/airflow/.local/lib/python3.12/site-packages/airflow/example_dags/example_sla_dag.py
[2024-07-05T14:37:19.717+0000] {logging_mixin.py:188} INFO - [2024-07-05T14:37:19.717+0000] {dag.py:3096} INFO - Sync 1 DAGs
[2024-07-05T14:37:19.727+0000] {logging_mixin.py:188} INFO - [2024-07-05T14:37:19.727+0000] {dag.py:3954} INFO - Setting next_dagrun for example_sla_dag to 2024-07-05 14:34:00+00:00, run_after=2024-07-05 14:36:00+00:00
[2024-07-05T14:37:19.734+0000] {processor.py:183} INFO - Processing /home/airflow/.local/lib/python3.12/site-packages/airflow/example_dags/example_sla_dag.py took 0.034 seconds
[2024-07-05T14:37:50.370+0000] {processor.py:161} INFO - Started process (PID=1166) to work on /home/airflow/.local/lib/python3.12/site-packages/airflow/example_dags/example_sla_dag.py
[2024-07-05T14:37:50.371+0000] {processor.py:830} INFO - Processing file /home/airflow/.local/lib/python3.12/site-packages/airflow/example_dags/example_sla_dag.py for tasks to queue
[2024-07-05T14:37:50.372+0000] {logging_mixin.py:188} INFO - [2024-07-05T14:37:50.372+0000] {dagbag.py:545} INFO - Filling up the DagBag from /home/airflow/.local/lib/python3.12/site-packages/airflow/example_dags/example_sla_dag.py
[2024-07-05T14:37:50.376+0000] {processor.py:840} INFO - DAG(s) 'example_sla_dag' retrieved from /home/airflow/.local/lib/python3.12/site-packages/airflow/example_dags/example_sla_dag.py
[2024-07-05T14:37:50.384+0000] {logging_mixin.py:188} INFO - [2024-07-05T14:37:50.384+0000] {dag.py:3096} INFO - Sync 1 DAGs
[2024-07-05T14:37:50.394+0000] {logging_mixin.py:188} INFO - [2024-07-05T14:37:50.394+0000] {dag.py:3954} INFO - Setting next_dagrun for example_sla_dag to 2024-07-05 14:34:00+00:00, run_after=2024-07-05 14:36:00+00:00
[2024-07-05T14:37:50.401+0000] {processor.py:183} INFO - Processing /home/airflow/.local/lib/python3.12/site-packages/airflow/example_dags/example_sla_dag.py took 0.034 seconds
[2024-07-05T14:38:21.069+0000] {processor.py:161} INFO - Started process (PID=1224) to work on /home/airflow/.local/lib/python3.12/site-packages/airflow/example_dags/example_sla_dag.py
[2024-07-05T14:38:21.070+0000] {processor.py:830} INFO - Processing file /home/airflow/.local/lib/python3.12/site-packages/airflow/example_dags/example_sla_dag.py for tasks to queue
[2024-07-05T14:38:21.071+0000] {logging_mixin.py:188} INFO - [2024-07-05T14:38:21.071+0000] {dagbag.py:545} INFO - Filling up the DagBag from /home/airflow/.local/lib/python3.12/site-packages/airflow/example_dags/example_sla_dag.py
[2024-07-05T14:38:21.076+0000] {processor.py:840} INFO - DAG(s) 'example_sla_dag' retrieved from /home/airflow/.local/lib/python3.12/site-packages/airflow/example_dags/example_sla_dag.py
[2024-07-05T14:38:21.085+0000] {logging_mixin.py:188} INFO - [2024-07-05T14:38:21.085+0000] {dag.py:3096} INFO - Sync 1 DAGs
[2024-07-05T14:38:21.096+0000] {logging_mixin.py:188} INFO - [2024-07-05T14:38:21.096+0000] {dag.py:3954} INFO - Setting next_dagrun for example_sla_dag to 2024-07-05 14:36:00+00:00, run_after=2024-07-05 14:38:00+00:00
[2024-07-05T14:38:21.103+0000] {processor.py:183} INFO - Processing /home/airflow/.local/lib/python3.12/site-packages/airflow/example_dags/example_sla_dag.py took 0.037 seconds
[2024-07-05T14:38:51.628+0000] {processor.py:161} INFO - Started process (PID=1282) to work on /home/airflow/.local/lib/python3.12/site-packages/airflow/example_dags/example_sla_dag.py
[2024-07-05T14:38:51.629+0000] {processor.py:830} INFO - Processing file /home/airflow/.local/lib/python3.12/site-packages/airflow/example_dags/example_sla_dag.py for tasks to queue
[2024-07-05T14:38:51.630+0000] {logging_mixin.py:188} INFO - [2024-07-05T14:38:51.630+0000] {dagbag.py:545} INFO - Filling up the DagBag from /home/airflow/.local/lib/python3.12/site-packages/airflow/example_dags/example_sla_dag.py
[2024-07-05T14:38:51.634+0000] {processor.py:840} INFO - DAG(s) 'example_sla_dag' retrieved from /home/airflow/.local/lib/python3.12/site-packages/airflow/example_dags/example_sla_dag.py
[2024-07-05T14:38:51.643+0000] {logging_mixin.py:188} INFO - [2024-07-05T14:38:51.643+0000] {dag.py:3096} INFO - Sync 1 DAGs
[2024-07-05T14:38:51.653+0000] {logging_mixin.py:188} INFO - [2024-07-05T14:38:51.653+0000] {dag.py:3954} INFO - Setting next_dagrun for example_sla_dag to 2024-07-05 14:36:00+00:00, run_after=2024-07-05 14:38:00+00:00
[2024-07-05T14:38:51.660+0000] {processor.py:183} INFO - Processing /home/airflow/.local/lib/python3.12/site-packages/airflow/example_dags/example_sla_dag.py took 0.034 seconds
[2024-07-05T14:39:22.195+0000] {processor.py:161} INFO - Started process (PID=1340) to work on /home/airflow/.local/lib/python3.12/site-packages/airflow/example_dags/example_sla_dag.py
[2024-07-05T14:39:22.195+0000] {processor.py:830} INFO - Processing file /home/airflow/.local/lib/python3.12/site-packages/airflow/example_dags/example_sla_dag.py for tasks to queue
[2024-07-05T14:39:22.196+0000] {logging_mixin.py:188} INFO - [2024-07-05T14:39:22.196+0000] {dagbag.py:545} INFO - Filling up the DagBag from /home/airflow/.local/lib/python3.12/site-packages/airflow/example_dags/example_sla_dag.py
[2024-07-05T14:39:22.200+0000] {processor.py:840} INFO - DAG(s) 'example_sla_dag' retrieved from /home/airflow/.local/lib/python3.12/site-packages/airflow/example_dags/example_sla_dag.py
[2024-07-05T14:39:22.209+0000] {logging_mixin.py:188} INFO - [2024-07-05T14:39:22.209+0000] {dag.py:3096} INFO - Sync 1 DAGs
[2024-07-05T14:39:22.219+0000] {logging_mixin.py:188} INFO - [2024-07-05T14:39:22.219+0000] {dag.py:3954} INFO - Setting next_dagrun for example_sla_dag to 2024-07-05 14:36:00+00:00, run_after=2024-07-05 14:38:00+00:00
[2024-07-05T14:39:22.226+0000] {processor.py:183} INFO - Processing /home/airflow/.local/lib/python3.12/site-packages/airflow/example_dags/example_sla_dag.py took 0.034 seconds
[2024-07-05T14:39:52.923+0000] {processor.py:161} INFO - Started process (PID=1398) to work on /home/airflow/.local/lib/python3.12/site-packages/airflow/example_dags/example_sla_dag.py
[2024-07-05T14:39:52.923+0000] {processor.py:830} INFO - Processing file /home/airflow/.local/lib/python3.12/site-packages/airflow/example_dags/example_sla_dag.py for tasks to queue
[2024-07-05T14:39:52.924+0000] {logging_mixin.py:188} INFO - [2024-07-05T14:39:52.924+0000] {dagbag.py:545} INFO - Filling up the DagBag from /home/airflow/.local/lib/python3.12/site-packages/airflow/example_dags/example_sla_dag.py
[2024-07-05T14:39:52.928+0000] {processor.py:840} INFO - DAG(s) 'example_sla_dag' retrieved from /home/airflow/.local/lib/python3.12/site-packages/airflow/example_dags/example_sla_dag.py
[2024-07-05T14:39:52.937+0000] {logging_mixin.py:188} INFO - [2024-07-05T14:39:52.937+0000] {dag.py:3096} INFO - Sync 1 DAGs
[2024-07-05T14:39:52.947+0000] {logging_mixin.py:188} INFO - [2024-07-05T14:39:52.947+0000] {dag.py:3954} INFO - Setting next_dagrun for example_sla_dag to 2024-07-05 14:36:00+00:00, run_after=2024-07-05 14:38:00+00:00
[2024-07-05T14:39:52.954+0000] {processor.py:183} INFO - Processing /home/airflow/.local/lib/python3.12/site-packages/airflow/example_dags/example_sla_dag.py took 0.034 seconds
[2024-07-05T14:40:23.718+0000] {processor.py:161} INFO - Started process (PID=1456) to work on /home/airflow/.local/lib/python3.12/site-packages/airflow/example_dags/example_sla_dag.py
[2024-07-05T14:40:23.719+0000] {processor.py:830} INFO - Processing file /home/airflow/.local/lib/python3.12/site-packages/airflow/example_dags/example_sla_dag.py for tasks to queue
[2024-07-05T14:40:23.720+0000] {logging_mixin.py:188} INFO - [2024-07-05T14:40:23.719+0000] {dagbag.py:545} INFO - Filling up the DagBag from /home/airflow/.local/lib/python3.12/site-packages/airflow/example_dags/example_sla_dag.py
[2024-07-05T14:40:23.724+0000] {processor.py:840} INFO - DAG(s) 'example_sla_dag' retrieved from /home/airflow/.local/lib/python3.12/site-packages/airflow/example_dags/example_sla_dag.py
[2024-07-05T14:40:23.733+0000] {logging_mixin.py:188} INFO - [2024-07-05T14:40:23.733+0000] {dag.py:3096} INFO - Sync 1 DAGs
[2024-07-05T14:40:23.743+0000] {logging_mixin.py:188} INFO - [2024-07-05T14:40:23.743+0000] {dag.py:3954} INFO - Setting next_dagrun for example_sla_dag to 2024-07-05 14:38:00+00:00, run_after=2024-07-05 14:40:00+00:00
[2024-07-05T14:40:23.753+0000] {processor.py:183} INFO - Processing /home/airflow/.local/lib/python3.12/site-packages/airflow/example_dags/example_sla_dag.py took 0.038 seconds
[2024-07-05T14:40:54.453+0000] {processor.py:161} INFO - Started process (PID=1513) to work on /home/airflow/.local/lib/python3.12/site-packages/airflow/example_dags/example_sla_dag.py
[2024-07-05T14:40:54.454+0000] {processor.py:830} INFO - Processing file /home/airflow/.local/lib/python3.12/site-packages/airflow/example_dags/example_sla_dag.py for tasks to queue
[2024-07-05T14:40:54.454+0000] {logging_mixin.py:188} INFO - [2024-07-05T14:40:54.454+0000] {dagbag.py:545} INFO - Filling up the DagBag from /home/airflow/.local/lib/python3.12/site-packages/airflow/example_dags/example_sla_dag.py
[2024-07-05T14:40:54.459+0000] {processor.py:840} INFO - DAG(s) 'example_sla_dag' retrieved from /home/airflow/.local/lib/python3.12/site-packages/airflow/example_dags/example_sla_dag.py
[2024-07-05T14:40:54.467+0000] {logging_mixin.py:188} INFO - [2024-07-05T14:40:54.467+0000] {dag.py:3096} INFO - Sync 1 DAGs
[2024-07-05T14:40:54.477+0000] {logging_mixin.py:188} INFO - [2024-07-05T14:40:54.477+0000] {dag.py:3954} INFO - Setting next_dagrun for example_sla_dag to 2024-07-05 14:38:00+00:00, run_after=2024-07-05 14:40:00+00:00
[2024-07-05T14:40:54.484+0000] {processor.py:183} INFO - Processing /home/airflow/.local/lib/python3.12/site-packages/airflow/example_dags/example_sla_dag.py took 0.034 seconds
[2024-07-05T14:41:25.192+0000] {processor.py:161} INFO - Started process (PID=1571) to work on /home/airflow/.local/lib/python3.12/site-packages/airflow/example_dags/example_sla_dag.py
[2024-07-05T14:41:25.192+0000] {processor.py:830} INFO - Processing file /home/airflow/.local/lib/python3.12/site-packages/airflow/example_dags/example_sla_dag.py for tasks to queue
[2024-07-05T14:41:25.193+0000] {logging_mixin.py:188} INFO - [2024-07-05T14:41:25.193+0000] {dagbag.py:545} INFO - Filling up the DagBag from /home/airflow/.local/lib/python3.12/site-packages/airflow/example_dags/example_sla_dag.py
[2024-07-05T14:41:25.199+0000] {processor.py:840} INFO - DAG(s) 'example_sla_dag' retrieved from /home/airflow/.local/lib/python3.12/site-packages/airflow/example_dags/example_sla_dag.py
[2024-07-05T14:41:25.209+0000] {logging_mixin.py:188} INFO - [2024-07-05T14:41:25.209+0000] {dag.py:3096} INFO - Sync 1 DAGs
[2024-07-05T14:41:25.221+0000] {logging_mixin.py:188} INFO - [2024-07-05T14:41:25.221+0000] {dag.py:3954} INFO - Setting next_dagrun for example_sla_dag to 2024-07-05 14:38:00+00:00, run_after=2024-07-05 14:40:00+00:00
[2024-07-05T14:41:25.228+0000] {processor.py:183} INFO - Processing /home/airflow/.local/lib/python3.12/site-packages/airflow/example_dags/example_sla_dag.py took 0.040 seconds
[2024-07-05T14:41:55.482+0000] {processor.py:161} INFO - Started process (PID=1635) to work on /home/airflow/.local/lib/python3.12/site-packages/airflow/example_dags/example_sla_dag.py
[2024-07-05T14:41:55.484+0000] {processor.py:830} INFO - Processing file /home/airflow/.local/lib/python3.12/site-packages/airflow/example_dags/example_sla_dag.py for tasks to queue
[2024-07-05T14:41:55.486+0000] {logging_mixin.py:188} INFO - [2024-07-05T14:41:55.485+0000] {dagbag.py:545} INFO - Filling up the DagBag from /home/airflow/.local/lib/python3.12/site-packages/airflow/example_dags/example_sla_dag.py
[2024-07-05T14:41:55.492+0000] {processor.py:840} INFO - DAG(s) 'example_sla_dag' retrieved from /home/airflow/.local/lib/python3.12/site-packages/airflow/example_dags/example_sla_dag.py
[2024-07-05T14:41:55.502+0000] {logging_mixin.py:188} INFO - [2024-07-05T14:41:55.502+0000] {dag.py:3096} INFO - Sync 1 DAGs
[2024-07-05T14:41:55.513+0000] {logging_mixin.py:188} INFO - [2024-07-05T14:41:55.513+0000] {dag.py:3954} INFO - Setting next_dagrun for example_sla_dag to 2024-07-05 14:38:00+00:00, run_after=2024-07-05 14:40:00+00:00
[2024-07-05T14:41:55.521+0000] {processor.py:183} INFO - Processing /home/airflow/.local/lib/python3.12/site-packages/airflow/example_dags/example_sla_dag.py took 0.044 seconds
[2024-07-05T14:42:25.594+0000] {processor.py:161} INFO - Started process (PID=1692) to work on /home/airflow/.local/lib/python3.12/site-packages/airflow/example_dags/example_sla_dag.py
[2024-07-05T14:42:25.594+0000] {processor.py:830} INFO - Processing file /home/airflow/.local/lib/python3.12/site-packages/airflow/example_dags/example_sla_dag.py for tasks to queue
[2024-07-05T14:42:25.596+0000] {logging_mixin.py:188} INFO - [2024-07-05T14:42:25.596+0000] {dagbag.py:545} INFO - Filling up the DagBag from /home/airflow/.local/lib/python3.12/site-packages/airflow/example_dags/example_sla_dag.py
[2024-07-05T14:42:25.600+0000] {processor.py:840} INFO - DAG(s) 'example_sla_dag' retrieved from /home/airflow/.local/lib/python3.12/site-packages/airflow/example_dags/example_sla_dag.py
[2024-07-05T14:42:25.609+0000] {logging_mixin.py:188} INFO - [2024-07-05T14:42:25.609+0000] {dag.py:3096} INFO - Sync 1 DAGs
[2024-07-05T14:42:25.619+0000] {logging_mixin.py:188} INFO - [2024-07-05T14:42:25.619+0000] {dag.py:3954} INFO - Setting next_dagrun for example_sla_dag to 2024-07-05 14:40:00+00:00, run_after=2024-07-05 14:42:00+00:00
[2024-07-05T14:42:25.626+0000] {processor.py:183} INFO - Processing /home/airflow/.local/lib/python3.12/site-packages/airflow/example_dags/example_sla_dag.py took 0.036 seconds
[2024-07-05T14:42:55.884+0000] {processor.py:161} INFO - Started process (PID=1750) to work on /home/airflow/.local/lib/python3.12/site-packages/airflow/example_dags/example_sla_dag.py
[2024-07-05T14:42:55.885+0000] {processor.py:830} INFO - Processing file /home/airflow/.local/lib/python3.12/site-packages/airflow/example_dags/example_sla_dag.py for tasks to queue
[2024-07-05T14:42:55.886+0000] {logging_mixin.py:188} INFO - [2024-07-05T14:42:55.886+0000] {dagbag.py:545} INFO - Filling up the DagBag from /home/airflow/.local/lib/python3.12/site-packages/airflow/example_dags/example_sla_dag.py
[2024-07-05T14:42:55.890+0000] {processor.py:840} INFO - DAG(s) 'example_sla_dag' retrieved from /home/airflow/.local/lib/python3.12/site-packages/airflow/example_dags/example_sla_dag.py
[2024-07-05T14:42:55.899+0000] {logging_mixin.py:188} INFO - [2024-07-05T14:42:55.899+0000] {dag.py:3096} INFO - Sync 1 DAGs
[2024-07-05T14:42:55.909+0000] {logging_mixin.py:188} INFO - [2024-07-05T14:42:55.909+0000] {dag.py:3954} INFO - Setting next_dagrun for example_sla_dag to 2024-07-05 14:40:00+00:00, run_after=2024-07-05 14:42:00+00:00
[2024-07-05T14:42:55.917+0000] {processor.py:183} INFO - Processing /home/airflow/.local/lib/python3.12/site-packages/airflow/example_dags/example_sla_dag.py took 0.039 seconds
[2024-07-05T14:43:25.975+0000] {processor.py:161} INFO - Started process (PID=1808) to work on /home/airflow/.local/lib/python3.12/site-packages/airflow/example_dags/example_sla_dag.py
[2024-07-05T14:43:25.976+0000] {processor.py:830} INFO - Processing file /home/airflow/.local/lib/python3.12/site-packages/airflow/example_dags/example_sla_dag.py for tasks to queue
[2024-07-05T14:43:25.977+0000] {logging_mixin.py:188} INFO - [2024-07-05T14:43:25.977+0000] {dagbag.py:545} INFO - Filling up the DagBag from /home/airflow/.local/lib/python3.12/site-packages/airflow/example_dags/example_sla_dag.py
[2024-07-05T14:43:25.981+0000] {processor.py:840} INFO - DAG(s) 'example_sla_dag' retrieved from /home/airflow/.local/lib/python3.12/site-packages/airflow/example_dags/example_sla_dag.py
[2024-07-05T14:43:25.990+0000] {logging_mixin.py:188} INFO - [2024-07-05T14:43:25.989+0000] {dag.py:3096} INFO - Sync 1 DAGs
[2024-07-05T14:43:25.999+0000] {logging_mixin.py:188} INFO - [2024-07-05T14:43:25.999+0000] {dag.py:3954} INFO - Setting next_dagrun for example_sla_dag to 2024-07-05 14:40:00+00:00, run_after=2024-07-05 14:42:00+00:00
[2024-07-05T14:43:26.006+0000] {processor.py:183} INFO - Processing /home/airflow/.local/lib/python3.12/site-packages/airflow/example_dags/example_sla_dag.py took 0.034 seconds
[2024-07-05T14:43:56.673+0000] {processor.py:161} INFO - Started process (PID=1865) to work on /home/airflow/.local/lib/python3.12/site-packages/airflow/example_dags/example_sla_dag.py
[2024-07-05T14:43:56.674+0000] {processor.py:830} INFO - Processing file /home/airflow/.local/lib/python3.12/site-packages/airflow/example_dags/example_sla_dag.py for tasks to queue
[2024-07-05T14:43:56.674+0000] {logging_mixin.py:188} INFO - [2024-07-05T14:43:56.674+0000] {dagbag.py:545} INFO - Filling up the DagBag from /home/airflow/.local/lib/python3.12/site-packages/airflow/example_dags/example_sla_dag.py
[2024-07-05T14:43:56.679+0000] {processor.py:840} INFO - DAG(s) 'example_sla_dag' retrieved from /home/airflow/.local/lib/python3.12/site-packages/airflow/example_dags/example_sla_dag.py
[2024-07-05T14:43:56.687+0000] {logging_mixin.py:188} INFO - [2024-07-05T14:43:56.687+0000] {dag.py:3096} INFO - Sync 1 DAGs
[2024-07-05T14:43:56.696+0000] {logging_mixin.py:188} INFO - [2024-07-05T14:43:56.696+0000] {dag.py:3954} INFO - Setting next_dagrun for example_sla_dag to 2024-07-05 14:40:00+00:00, run_after=2024-07-05 14:42:00+00:00
[2024-07-05T14:43:56.703+0000] {processor.py:183} INFO - Processing /home/airflow/.local/lib/python3.12/site-packages/airflow/example_dags/example_sla_dag.py took 0.033 seconds
[2024-07-05T14:44:26.791+0000] {processor.py:161} INFO - Started process (PID=1923) to work on /home/airflow/.local/lib/python3.12/site-packages/airflow/example_dags/example_sla_dag.py
[2024-07-05T14:44:26.791+0000] {processor.py:830} INFO - Processing file /home/airflow/.local/lib/python3.12/site-packages/airflow/example_dags/example_sla_dag.py for tasks to queue
[2024-07-05T14:44:26.792+0000] {logging_mixin.py:188} INFO - [2024-07-05T14:44:26.792+0000] {dagbag.py:545} INFO - Filling up the DagBag from /home/airflow/.local/lib/python3.12/site-packages/airflow/example_dags/example_sla_dag.py
[2024-07-05T14:44:26.797+0000] {processor.py:840} INFO - DAG(s) 'example_sla_dag' retrieved from /home/airflow/.local/lib/python3.12/site-packages/airflow/example_dags/example_sla_dag.py
[2024-07-05T14:44:26.807+0000] {logging_mixin.py:188} INFO - [2024-07-05T14:44:26.807+0000] {dag.py:3096} INFO - Sync 1 DAGs
[2024-07-05T14:44:26.817+0000] {logging_mixin.py:188} INFO - [2024-07-05T14:44:26.816+0000] {dag.py:3954} INFO - Setting next_dagrun for example_sla_dag to 2024-07-05 14:42:00+00:00, run_after=2024-07-05 14:44:00+00:00
[2024-07-05T14:44:26.824+0000] {processor.py:183} INFO - Processing /home/airflow/.local/lib/python3.12/site-packages/airflow/example_dags/example_sla_dag.py took 0.036 seconds
