[2024-07-05T14:09:19.094+0000] {processor.py:161} INFO - Started process (PID=57) to work on /home/airflow/.local/lib/python3.12/site-packages/airflow/example_dags/example_branch_python_dop_operator_3.py
[2024-07-05T14:09:19.095+0000] {processor.py:830} INFO - Processing file /home/airflow/.local/lib/python3.12/site-packages/airflow/example_dags/example_branch_python_dop_operator_3.py for tasks to queue
[2024-07-05T14:09:19.097+0000] {logging_mixin.py:188} INFO - [2024-07-05T14:09:19.097+0000] {dagbag.py:545} INFO - Filling up the DagBag from /home/airflow/.local/lib/python3.12/site-packages/airflow/example_dags/example_branch_python_dop_operator_3.py
[2024-07-05T14:09:19.105+0000] {processor.py:840} INFO - DAG(s) 'example_branch_dop_operator_v3' retrieved from /home/airflow/.local/lib/python3.12/site-packages/airflow/example_dags/example_branch_python_dop_operator_3.py
[2024-07-05T14:09:19.115+0000] {logging_mixin.py:188} INFO - [2024-07-05T14:09:19.115+0000] {dag.py:3096} INFO - Sync 1 DAGs
[2024-07-05T14:09:19.139+0000] {logging_mixin.py:188} INFO - [2024-07-05T14:09:19.139+0000] {dag.py:3954} INFO - Setting next_dagrun for example_branch_dop_operator_v3 to 2024-07-05 14:08:00+00:00, run_after=2024-07-05 14:09:00+00:00
[2024-07-05T14:09:19.175+0000] {processor.py:183} INFO - Processing /home/airflow/.local/lib/python3.12/site-packages/airflow/example_dags/example_branch_python_dop_operator_3.py took 0.085 seconds
[2024-07-05T14:09:49.267+0000] {processor.py:161} INFO - Started process (PID=115) to work on /home/airflow/.local/lib/python3.12/site-packages/airflow/example_dags/example_branch_python_dop_operator_3.py
[2024-07-05T14:09:49.267+0000] {processor.py:830} INFO - Processing file /home/airflow/.local/lib/python3.12/site-packages/airflow/example_dags/example_branch_python_dop_operator_3.py for tasks to queue
[2024-07-05T14:09:49.268+0000] {logging_mixin.py:188} INFO - [2024-07-05T14:09:49.268+0000] {dagbag.py:545} INFO - Filling up the DagBag from /home/airflow/.local/lib/python3.12/site-packages/airflow/example_dags/example_branch_python_dop_operator_3.py
[2024-07-05T14:09:49.273+0000] {processor.py:840} INFO - DAG(s) 'example_branch_dop_operator_v3' retrieved from /home/airflow/.local/lib/python3.12/site-packages/airflow/example_dags/example_branch_python_dop_operator_3.py
[2024-07-05T14:09:49.323+0000] {logging_mixin.py:188} INFO - [2024-07-05T14:09:49.322+0000] {dag.py:3096} INFO - Sync 1 DAGs
[2024-07-05T14:09:49.341+0000] {logging_mixin.py:188} INFO - [2024-07-05T14:09:49.341+0000] {dag.py:3954} INFO - Setting next_dagrun for example_branch_dop_operator_v3 to 2024-07-05 14:08:00+00:00, run_after=2024-07-05 14:09:00+00:00
[2024-07-05T14:09:49.351+0000] {processor.py:183} INFO - Processing /home/airflow/.local/lib/python3.12/site-packages/airflow/example_dags/example_branch_python_dop_operator_3.py took 0.087 seconds
[2024-07-05T14:10:20.709+0000] {processor.py:161} INFO - Started process (PID=173) to work on /home/airflow/.local/lib/python3.12/site-packages/airflow/example_dags/example_branch_python_dop_operator_3.py
[2024-07-05T14:10:20.710+0000] {processor.py:830} INFO - Processing file /home/airflow/.local/lib/python3.12/site-packages/airflow/example_dags/example_branch_python_dop_operator_3.py for tasks to queue
[2024-07-05T14:10:20.711+0000] {logging_mixin.py:188} INFO - [2024-07-05T14:10:20.711+0000] {dagbag.py:545} INFO - Filling up the DagBag from /home/airflow/.local/lib/python3.12/site-packages/airflow/example_dags/example_branch_python_dop_operator_3.py
[2024-07-05T14:10:20.716+0000] {processor.py:840} INFO - DAG(s) 'example_branch_dop_operator_v3' retrieved from /home/airflow/.local/lib/python3.12/site-packages/airflow/example_dags/example_branch_python_dop_operator_3.py
[2024-07-05T14:10:20.731+0000] {logging_mixin.py:188} INFO - [2024-07-05T14:10:20.731+0000] {dag.py:3096} INFO - Sync 1 DAGs
[2024-07-05T14:10:20.752+0000] {logging_mixin.py:188} INFO - [2024-07-05T14:10:20.752+0000] {dag.py:3954} INFO - Setting next_dagrun for example_branch_dop_operator_v3 to 2024-07-05 14:09:00+00:00, run_after=2024-07-05 14:10:00+00:00
[2024-07-05T14:10:20.768+0000] {processor.py:183} INFO - Processing /home/airflow/.local/lib/python3.12/site-packages/airflow/example_dags/example_branch_python_dop_operator_3.py took 0.064 seconds
[2024-07-05T14:10:51.369+0000] {processor.py:161} INFO - Started process (PID=231) to work on /home/airflow/.local/lib/python3.12/site-packages/airflow/example_dags/example_branch_python_dop_operator_3.py
[2024-07-05T14:10:51.369+0000] {processor.py:830} INFO - Processing file /home/airflow/.local/lib/python3.12/site-packages/airflow/example_dags/example_branch_python_dop_operator_3.py for tasks to queue
[2024-07-05T14:10:51.370+0000] {logging_mixin.py:188} INFO - [2024-07-05T14:10:51.370+0000] {dagbag.py:545} INFO - Filling up the DagBag from /home/airflow/.local/lib/python3.12/site-packages/airflow/example_dags/example_branch_python_dop_operator_3.py
[2024-07-05T14:10:51.374+0000] {processor.py:840} INFO - DAG(s) 'example_branch_dop_operator_v3' retrieved from /home/airflow/.local/lib/python3.12/site-packages/airflow/example_dags/example_branch_python_dop_operator_3.py
[2024-07-05T14:10:51.384+0000] {logging_mixin.py:188} INFO - [2024-07-05T14:10:51.384+0000] {dag.py:3096} INFO - Sync 1 DAGs
[2024-07-05T14:10:51.395+0000] {logging_mixin.py:188} INFO - [2024-07-05T14:10:51.395+0000] {dag.py:3954} INFO - Setting next_dagrun for example_branch_dop_operator_v3 to 2024-07-05 14:09:00+00:00, run_after=2024-07-05 14:10:00+00:00
[2024-07-05T14:10:51.404+0000] {processor.py:183} INFO - Processing /home/airflow/.local/lib/python3.12/site-packages/airflow/example_dags/example_branch_python_dop_operator_3.py took 0.039 seconds
[2024-07-05T14:11:21.539+0000] {processor.py:161} INFO - Started process (PID=289) to work on /home/airflow/.local/lib/python3.12/site-packages/airflow/example_dags/example_branch_python_dop_operator_3.py
[2024-07-05T14:11:21.541+0000] {processor.py:830} INFO - Processing file /home/airflow/.local/lib/python3.12/site-packages/airflow/example_dags/example_branch_python_dop_operator_3.py for tasks to queue
[2024-07-05T14:11:21.542+0000] {logging_mixin.py:188} INFO - [2024-07-05T14:11:21.542+0000] {dagbag.py:545} INFO - Filling up the DagBag from /home/airflow/.local/lib/python3.12/site-packages/airflow/example_dags/example_branch_python_dop_operator_3.py
[2024-07-05T14:11:21.546+0000] {processor.py:840} INFO - DAG(s) 'example_branch_dop_operator_v3' retrieved from /home/airflow/.local/lib/python3.12/site-packages/airflow/example_dags/example_branch_python_dop_operator_3.py
[2024-07-05T14:11:21.557+0000] {logging_mixin.py:188} INFO - [2024-07-05T14:11:21.557+0000] {dag.py:3096} INFO - Sync 1 DAGs
[2024-07-05T14:11:21.569+0000] {logging_mixin.py:188} INFO - [2024-07-05T14:11:21.568+0000] {dag.py:3954} INFO - Setting next_dagrun for example_branch_dop_operator_v3 to 2024-07-05 14:10:00+00:00, run_after=2024-07-05 14:11:00+00:00
[2024-07-05T14:11:21.582+0000] {processor.py:183} INFO - Processing /home/airflow/.local/lib/python3.12/site-packages/airflow/example_dags/example_branch_python_dop_operator_3.py took 0.045 seconds
[2024-07-05T14:11:51.936+0000] {processor.py:161} INFO - Started process (PID=347) to work on /home/airflow/.local/lib/python3.12/site-packages/airflow/example_dags/example_branch_python_dop_operator_3.py
[2024-07-05T14:11:51.938+0000] {processor.py:830} INFO - Processing file /home/airflow/.local/lib/python3.12/site-packages/airflow/example_dags/example_branch_python_dop_operator_3.py for tasks to queue
[2024-07-05T14:11:51.940+0000] {logging_mixin.py:188} INFO - [2024-07-05T14:11:51.940+0000] {dagbag.py:545} INFO - Filling up the DagBag from /home/airflow/.local/lib/python3.12/site-packages/airflow/example_dags/example_branch_python_dop_operator_3.py
[2024-07-05T14:11:51.949+0000] {processor.py:840} INFO - DAG(s) 'example_branch_dop_operator_v3' retrieved from /home/airflow/.local/lib/python3.12/site-packages/airflow/example_dags/example_branch_python_dop_operator_3.py
[2024-07-05T14:11:52.028+0000] {logging_mixin.py:188} INFO - [2024-07-05T14:11:52.028+0000] {dag.py:3096} INFO - Sync 1 DAGs
[2024-07-05T14:11:52.045+0000] {logging_mixin.py:188} INFO - [2024-07-05T14:11:52.045+0000] {dag.py:3954} INFO - Setting next_dagrun for example_branch_dop_operator_v3 to 2024-07-05 14:10:00+00:00, run_after=2024-07-05 14:11:00+00:00
[2024-07-05T14:11:52.055+0000] {processor.py:183} INFO - Processing /home/airflow/.local/lib/python3.12/site-packages/airflow/example_dags/example_branch_python_dop_operator_3.py took 0.177 seconds
[2024-07-05T14:12:22.868+0000] {processor.py:161} INFO - Started process (PID=405) to work on /home/airflow/.local/lib/python3.12/site-packages/airflow/example_dags/example_branch_python_dop_operator_3.py
[2024-07-05T14:12:22.869+0000] {processor.py:830} INFO - Processing file /home/airflow/.local/lib/python3.12/site-packages/airflow/example_dags/example_branch_python_dop_operator_3.py for tasks to queue
[2024-07-05T14:12:22.870+0000] {logging_mixin.py:188} INFO - [2024-07-05T14:12:22.870+0000] {dagbag.py:545} INFO - Filling up the DagBag from /home/airflow/.local/lib/python3.12/site-packages/airflow/example_dags/example_branch_python_dop_operator_3.py
[2024-07-05T14:12:22.876+0000] {processor.py:840} INFO - DAG(s) 'example_branch_dop_operator_v3' retrieved from /home/airflow/.local/lib/python3.12/site-packages/airflow/example_dags/example_branch_python_dop_operator_3.py
[2024-07-05T14:12:22.888+0000] {logging_mixin.py:188} INFO - [2024-07-05T14:12:22.887+0000] {dag.py:3096} INFO - Sync 1 DAGs
[2024-07-05T14:12:22.901+0000] {logging_mixin.py:188} INFO - [2024-07-05T14:12:22.901+0000] {dag.py:3954} INFO - Setting next_dagrun for example_branch_dop_operator_v3 to 2024-07-05 14:11:00+00:00, run_after=2024-07-05 14:12:00+00:00
[2024-07-05T14:12:22.916+0000] {processor.py:183} INFO - Processing /home/airflow/.local/lib/python3.12/site-packages/airflow/example_dags/example_branch_python_dop_operator_3.py took 0.051 seconds
[2024-07-05T14:12:53.777+0000] {processor.py:161} INFO - Started process (PID=463) to work on /home/airflow/.local/lib/python3.12/site-packages/airflow/example_dags/example_branch_python_dop_operator_3.py
[2024-07-05T14:12:53.778+0000] {processor.py:830} INFO - Processing file /home/airflow/.local/lib/python3.12/site-packages/airflow/example_dags/example_branch_python_dop_operator_3.py for tasks to queue
[2024-07-05T14:12:53.779+0000] {logging_mixin.py:188} INFO - [2024-07-05T14:12:53.779+0000] {dagbag.py:545} INFO - Filling up the DagBag from /home/airflow/.local/lib/python3.12/site-packages/airflow/example_dags/example_branch_python_dop_operator_3.py
[2024-07-05T14:12:53.783+0000] {processor.py:840} INFO - DAG(s) 'example_branch_dop_operator_v3' retrieved from /home/airflow/.local/lib/python3.12/site-packages/airflow/example_dags/example_branch_python_dop_operator_3.py
[2024-07-05T14:12:53.794+0000] {logging_mixin.py:188} INFO - [2024-07-05T14:12:53.794+0000] {dag.py:3096} INFO - Sync 1 DAGs
[2024-07-05T14:12:53.807+0000] {logging_mixin.py:188} INFO - [2024-07-05T14:12:53.807+0000] {dag.py:3954} INFO - Setting next_dagrun for example_branch_dop_operator_v3 to 2024-07-05 14:11:00+00:00, run_after=2024-07-05 14:12:00+00:00
[2024-07-05T14:12:53.817+0000] {processor.py:183} INFO - Processing /home/airflow/.local/lib/python3.12/site-packages/airflow/example_dags/example_branch_python_dop_operator_3.py took 0.043 seconds
[2024-07-05T14:13:24.682+0000] {processor.py:161} INFO - Started process (PID=521) to work on /home/airflow/.local/lib/python3.12/site-packages/airflow/example_dags/example_branch_python_dop_operator_3.py
[2024-07-05T14:13:24.682+0000] {processor.py:830} INFO - Processing file /home/airflow/.local/lib/python3.12/site-packages/airflow/example_dags/example_branch_python_dop_operator_3.py for tasks to queue
[2024-07-05T14:13:24.683+0000] {logging_mixin.py:188} INFO - [2024-07-05T14:13:24.683+0000] {dagbag.py:545} INFO - Filling up the DagBag from /home/airflow/.local/lib/python3.12/site-packages/airflow/example_dags/example_branch_python_dop_operator_3.py
[2024-07-05T14:13:24.687+0000] {processor.py:840} INFO - DAG(s) 'example_branch_dop_operator_v3' retrieved from /home/airflow/.local/lib/python3.12/site-packages/airflow/example_dags/example_branch_python_dop_operator_3.py
[2024-07-05T14:13:24.697+0000] {logging_mixin.py:188} INFO - [2024-07-05T14:13:24.697+0000] {dag.py:3096} INFO - Sync 1 DAGs
[2024-07-05T14:13:24.709+0000] {logging_mixin.py:188} INFO - [2024-07-05T14:13:24.709+0000] {dag.py:3954} INFO - Setting next_dagrun for example_branch_dop_operator_v3 to 2024-07-05 14:12:00+00:00, run_after=2024-07-05 14:13:00+00:00
[2024-07-05T14:13:24.718+0000] {processor.py:183} INFO - Processing /home/airflow/.local/lib/python3.12/site-packages/airflow/example_dags/example_branch_python_dop_operator_3.py took 0.039 seconds
[2024-07-05T14:13:55.020+0000] {processor.py:161} INFO - Started process (PID=579) to work on /home/airflow/.local/lib/python3.12/site-packages/airflow/example_dags/example_branch_python_dop_operator_3.py
[2024-07-05T14:13:55.021+0000] {processor.py:830} INFO - Processing file /home/airflow/.local/lib/python3.12/site-packages/airflow/example_dags/example_branch_python_dop_operator_3.py for tasks to queue
[2024-07-05T14:13:55.022+0000] {logging_mixin.py:188} INFO - [2024-07-05T14:13:55.022+0000] {dagbag.py:545} INFO - Filling up the DagBag from /home/airflow/.local/lib/python3.12/site-packages/airflow/example_dags/example_branch_python_dop_operator_3.py
[2024-07-05T14:13:55.027+0000] {processor.py:840} INFO - DAG(s) 'example_branch_dop_operator_v3' retrieved from /home/airflow/.local/lib/python3.12/site-packages/airflow/example_dags/example_branch_python_dop_operator_3.py
[2024-07-05T14:13:55.040+0000] {logging_mixin.py:188} INFO - [2024-07-05T14:13:55.040+0000] {dag.py:3096} INFO - Sync 1 DAGs
[2024-07-05T14:13:55.054+0000] {logging_mixin.py:188} INFO - [2024-07-05T14:13:55.054+0000] {dag.py:3954} INFO - Setting next_dagrun for example_branch_dop_operator_v3 to 2024-07-05 14:12:00+00:00, run_after=2024-07-05 14:13:00+00:00
[2024-07-05T14:13:55.065+0000] {processor.py:183} INFO - Processing /home/airflow/.local/lib/python3.12/site-packages/airflow/example_dags/example_branch_python_dop_operator_3.py took 0.050 seconds
[2024-07-05T14:14:25.541+0000] {processor.py:161} INFO - Started process (PID=637) to work on /home/airflow/.local/lib/python3.12/site-packages/airflow/example_dags/example_branch_python_dop_operator_3.py
[2024-07-05T14:14:25.543+0000] {processor.py:830} INFO - Processing file /home/airflow/.local/lib/python3.12/site-packages/airflow/example_dags/example_branch_python_dop_operator_3.py for tasks to queue
[2024-07-05T14:14:25.546+0000] {logging_mixin.py:188} INFO - [2024-07-05T14:14:25.545+0000] {dagbag.py:545} INFO - Filling up the DagBag from /home/airflow/.local/lib/python3.12/site-packages/airflow/example_dags/example_branch_python_dop_operator_3.py
[2024-07-05T14:14:25.552+0000] {processor.py:840} INFO - DAG(s) 'example_branch_dop_operator_v3' retrieved from /home/airflow/.local/lib/python3.12/site-packages/airflow/example_dags/example_branch_python_dop_operator_3.py
[2024-07-05T14:14:25.567+0000] {logging_mixin.py:188} INFO - [2024-07-05T14:14:25.567+0000] {dag.py:3096} INFO - Sync 1 DAGs
[2024-07-05T14:14:25.582+0000] {logging_mixin.py:188} INFO - [2024-07-05T14:14:25.582+0000] {dag.py:3954} INFO - Setting next_dagrun for example_branch_dop_operator_v3 to 2024-07-05 14:13:00+00:00, run_after=2024-07-05 14:14:00+00:00
[2024-07-05T14:14:25.593+0000] {processor.py:183} INFO - Processing /home/airflow/.local/lib/python3.12/site-packages/airflow/example_dags/example_branch_python_dop_operator_3.py took 0.057 seconds
[2024-07-05T14:14:55.800+0000] {processor.py:161} INFO - Started process (PID=695) to work on /home/airflow/.local/lib/python3.12/site-packages/airflow/example_dags/example_branch_python_dop_operator_3.py
[2024-07-05T14:14:55.802+0000] {processor.py:830} INFO - Processing file /home/airflow/.local/lib/python3.12/site-packages/airflow/example_dags/example_branch_python_dop_operator_3.py for tasks to queue
[2024-07-05T14:14:55.803+0000] {logging_mixin.py:188} INFO - [2024-07-05T14:14:55.803+0000] {dagbag.py:545} INFO - Filling up the DagBag from /home/airflow/.local/lib/python3.12/site-packages/airflow/example_dags/example_branch_python_dop_operator_3.py
[2024-07-05T14:14:55.808+0000] {processor.py:840} INFO - DAG(s) 'example_branch_dop_operator_v3' retrieved from /home/airflow/.local/lib/python3.12/site-packages/airflow/example_dags/example_branch_python_dop_operator_3.py
[2024-07-05T14:14:55.819+0000] {logging_mixin.py:188} INFO - [2024-07-05T14:14:55.819+0000] {dag.py:3096} INFO - Sync 1 DAGs
[2024-07-05T14:14:55.832+0000] {logging_mixin.py:188} INFO - [2024-07-05T14:14:55.832+0000] {dag.py:3954} INFO - Setting next_dagrun for example_branch_dop_operator_v3 to 2024-07-05 14:13:00+00:00, run_after=2024-07-05 14:14:00+00:00
[2024-07-05T14:14:55.841+0000] {processor.py:183} INFO - Processing /home/airflow/.local/lib/python3.12/site-packages/airflow/example_dags/example_branch_python_dop_operator_3.py took 0.044 seconds
[2024-07-05T14:15:26.179+0000] {processor.py:161} INFO - Started process (PID=753) to work on /home/airflow/.local/lib/python3.12/site-packages/airflow/example_dags/example_branch_python_dop_operator_3.py
[2024-07-05T14:15:26.179+0000] {processor.py:830} INFO - Processing file /home/airflow/.local/lib/python3.12/site-packages/airflow/example_dags/example_branch_python_dop_operator_3.py for tasks to queue
[2024-07-05T14:15:26.180+0000] {logging_mixin.py:188} INFO - [2024-07-05T14:15:26.180+0000] {dagbag.py:545} INFO - Filling up the DagBag from /home/airflow/.local/lib/python3.12/site-packages/airflow/example_dags/example_branch_python_dop_operator_3.py
[2024-07-05T14:15:26.185+0000] {processor.py:840} INFO - DAG(s) 'example_branch_dop_operator_v3' retrieved from /home/airflow/.local/lib/python3.12/site-packages/airflow/example_dags/example_branch_python_dop_operator_3.py
[2024-07-05T14:15:26.195+0000] {logging_mixin.py:188} INFO - [2024-07-05T14:15:26.195+0000] {dag.py:3096} INFO - Sync 1 DAGs
[2024-07-05T14:15:26.207+0000] {logging_mixin.py:188} INFO - [2024-07-05T14:15:26.207+0000] {dag.py:3954} INFO - Setting next_dagrun for example_branch_dop_operator_v3 to 2024-07-05 14:14:00+00:00, run_after=2024-07-05 14:15:00+00:00
[2024-07-05T14:15:26.215+0000] {processor.py:183} INFO - Processing /home/airflow/.local/lib/python3.12/site-packages/airflow/example_dags/example_branch_python_dop_operator_3.py took 0.040 seconds
[2024-07-05T14:15:56.516+0000] {processor.py:161} INFO - Started process (PID=811) to work on /home/airflow/.local/lib/python3.12/site-packages/airflow/example_dags/example_branch_python_dop_operator_3.py
[2024-07-05T14:15:56.517+0000] {processor.py:830} INFO - Processing file /home/airflow/.local/lib/python3.12/site-packages/airflow/example_dags/example_branch_python_dop_operator_3.py for tasks to queue
[2024-07-05T14:15:56.518+0000] {logging_mixin.py:188} INFO - [2024-07-05T14:15:56.518+0000] {dagbag.py:545} INFO - Filling up the DagBag from /home/airflow/.local/lib/python3.12/site-packages/airflow/example_dags/example_branch_python_dop_operator_3.py
[2024-07-05T14:15:56.522+0000] {processor.py:840} INFO - DAG(s) 'example_branch_dop_operator_v3' retrieved from /home/airflow/.local/lib/python3.12/site-packages/airflow/example_dags/example_branch_python_dop_operator_3.py
[2024-07-05T14:15:56.532+0000] {logging_mixin.py:188} INFO - [2024-07-05T14:15:56.532+0000] {dag.py:3096} INFO - Sync 1 DAGs
[2024-07-05T14:15:56.542+0000] {logging_mixin.py:188} INFO - [2024-07-05T14:15:56.542+0000] {dag.py:3954} INFO - Setting next_dagrun for example_branch_dop_operator_v3 to 2024-07-05 14:14:00+00:00, run_after=2024-07-05 14:15:00+00:00
[2024-07-05T14:15:56.550+0000] {processor.py:183} INFO - Processing /home/airflow/.local/lib/python3.12/site-packages/airflow/example_dags/example_branch_python_dop_operator_3.py took 0.037 seconds
[2024-07-05T14:16:26.965+0000] {processor.py:161} INFO - Started process (PID=869) to work on /home/airflow/.local/lib/python3.12/site-packages/airflow/example_dags/example_branch_python_dop_operator_3.py
[2024-07-05T14:16:26.965+0000] {processor.py:830} INFO - Processing file /home/airflow/.local/lib/python3.12/site-packages/airflow/example_dags/example_branch_python_dop_operator_3.py for tasks to queue
[2024-07-05T14:16:26.967+0000] {logging_mixin.py:188} INFO - [2024-07-05T14:16:26.966+0000] {dagbag.py:545} INFO - Filling up the DagBag from /home/airflow/.local/lib/python3.12/site-packages/airflow/example_dags/example_branch_python_dop_operator_3.py
[2024-07-05T14:16:26.971+0000] {processor.py:840} INFO - DAG(s) 'example_branch_dop_operator_v3' retrieved from /home/airflow/.local/lib/python3.12/site-packages/airflow/example_dags/example_branch_python_dop_operator_3.py
[2024-07-05T14:16:26.981+0000] {logging_mixin.py:188} INFO - [2024-07-05T14:16:26.981+0000] {dag.py:3096} INFO - Sync 1 DAGs
[2024-07-05T14:16:26.992+0000] {logging_mixin.py:188} INFO - [2024-07-05T14:16:26.992+0000] {dag.py:3954} INFO - Setting next_dagrun for example_branch_dop_operator_v3 to 2024-07-05 14:15:00+00:00, run_after=2024-07-05 14:16:00+00:00
[2024-07-05T14:16:27.001+0000] {processor.py:183} INFO - Processing /home/airflow/.local/lib/python3.12/site-packages/airflow/example_dags/example_branch_python_dop_operator_3.py took 0.039 seconds
[2024-07-05T14:16:57.299+0000] {processor.py:161} INFO - Started process (PID=927) to work on /home/airflow/.local/lib/python3.12/site-packages/airflow/example_dags/example_branch_python_dop_operator_3.py
[2024-07-05T14:16:57.299+0000] {processor.py:830} INFO - Processing file /home/airflow/.local/lib/python3.12/site-packages/airflow/example_dags/example_branch_python_dop_operator_3.py for tasks to queue
[2024-07-05T14:16:57.300+0000] {logging_mixin.py:188} INFO - [2024-07-05T14:16:57.300+0000] {dagbag.py:545} INFO - Filling up the DagBag from /home/airflow/.local/lib/python3.12/site-packages/airflow/example_dags/example_branch_python_dop_operator_3.py
[2024-07-05T14:16:57.304+0000] {processor.py:840} INFO - DAG(s) 'example_branch_dop_operator_v3' retrieved from /home/airflow/.local/lib/python3.12/site-packages/airflow/example_dags/example_branch_python_dop_operator_3.py
[2024-07-05T14:16:57.316+0000] {logging_mixin.py:188} INFO - [2024-07-05T14:16:57.316+0000] {dag.py:3096} INFO - Sync 1 DAGs
[2024-07-05T14:16:57.331+0000] {logging_mixin.py:188} INFO - [2024-07-05T14:16:57.331+0000] {dag.py:3954} INFO - Setting next_dagrun for example_branch_dop_operator_v3 to 2024-07-05 14:15:00+00:00, run_after=2024-07-05 14:16:00+00:00
[2024-07-05T14:16:57.340+0000] {processor.py:183} INFO - Processing /home/airflow/.local/lib/python3.12/site-packages/airflow/example_dags/example_branch_python_dop_operator_3.py took 0.045 seconds
[2024-07-05T14:17:27.719+0000] {processor.py:161} INFO - Started process (PID=985) to work on /home/airflow/.local/lib/python3.12/site-packages/airflow/example_dags/example_branch_python_dop_operator_3.py
[2024-07-05T14:17:27.719+0000] {processor.py:830} INFO - Processing file /home/airflow/.local/lib/python3.12/site-packages/airflow/example_dags/example_branch_python_dop_operator_3.py for tasks to queue
[2024-07-05T14:17:27.721+0000] {logging_mixin.py:188} INFO - [2024-07-05T14:17:27.720+0000] {dagbag.py:545} INFO - Filling up the DagBag from /home/airflow/.local/lib/python3.12/site-packages/airflow/example_dags/example_branch_python_dop_operator_3.py
[2024-07-05T14:17:27.725+0000] {processor.py:840} INFO - DAG(s) 'example_branch_dop_operator_v3' retrieved from /home/airflow/.local/lib/python3.12/site-packages/airflow/example_dags/example_branch_python_dop_operator_3.py
[2024-07-05T14:17:27.735+0000] {logging_mixin.py:188} INFO - [2024-07-05T14:17:27.735+0000] {dag.py:3096} INFO - Sync 1 DAGs
[2024-07-05T14:17:27.747+0000] {logging_mixin.py:188} INFO - [2024-07-05T14:17:27.747+0000] {dag.py:3954} INFO - Setting next_dagrun for example_branch_dop_operator_v3 to 2024-07-05 14:16:00+00:00, run_after=2024-07-05 14:17:00+00:00
[2024-07-05T14:17:27.756+0000] {processor.py:183} INFO - Processing /home/airflow/.local/lib/python3.12/site-packages/airflow/example_dags/example_branch_python_dop_operator_3.py took 0.041 seconds
[2024-07-05T14:17:58.155+0000] {processor.py:161} INFO - Started process (PID=1043) to work on /home/airflow/.local/lib/python3.12/site-packages/airflow/example_dags/example_branch_python_dop_operator_3.py
[2024-07-05T14:17:58.155+0000] {processor.py:830} INFO - Processing file /home/airflow/.local/lib/python3.12/site-packages/airflow/example_dags/example_branch_python_dop_operator_3.py for tasks to queue
[2024-07-05T14:17:58.157+0000] {logging_mixin.py:188} INFO - [2024-07-05T14:17:58.156+0000] {dagbag.py:545} INFO - Filling up the DagBag from /home/airflow/.local/lib/python3.12/site-packages/airflow/example_dags/example_branch_python_dop_operator_3.py
[2024-07-05T14:17:58.161+0000] {processor.py:840} INFO - DAG(s) 'example_branch_dop_operator_v3' retrieved from /home/airflow/.local/lib/python3.12/site-packages/airflow/example_dags/example_branch_python_dop_operator_3.py
[2024-07-05T14:17:58.171+0000] {logging_mixin.py:188} INFO - [2024-07-05T14:17:58.171+0000] {dag.py:3096} INFO - Sync 1 DAGs
[2024-07-05T14:17:58.183+0000] {logging_mixin.py:188} INFO - [2024-07-05T14:17:58.183+0000] {dag.py:3954} INFO - Setting next_dagrun for example_branch_dop_operator_v3 to 2024-07-05 14:16:00+00:00, run_after=2024-07-05 14:17:00+00:00
[2024-07-05T14:17:58.193+0000] {processor.py:183} INFO - Processing /home/airflow/.local/lib/python3.12/site-packages/airflow/example_dags/example_branch_python_dop_operator_3.py took 0.041 seconds
[2024-07-05T14:18:28.800+0000] {processor.py:161} INFO - Started process (PID=1101) to work on /home/airflow/.local/lib/python3.12/site-packages/airflow/example_dags/example_branch_python_dop_operator_3.py
[2024-07-05T14:18:28.801+0000] {processor.py:830} INFO - Processing file /home/airflow/.local/lib/python3.12/site-packages/airflow/example_dags/example_branch_python_dop_operator_3.py for tasks to queue
[2024-07-05T14:18:28.803+0000] {logging_mixin.py:188} INFO - [2024-07-05T14:18:28.803+0000] {dagbag.py:545} INFO - Filling up the DagBag from /home/airflow/.local/lib/python3.12/site-packages/airflow/example_dags/example_branch_python_dop_operator_3.py
[2024-07-05T14:18:28.810+0000] {processor.py:840} INFO - DAG(s) 'example_branch_dop_operator_v3' retrieved from /home/airflow/.local/lib/python3.12/site-packages/airflow/example_dags/example_branch_python_dop_operator_3.py
[2024-07-05T14:18:28.822+0000] {logging_mixin.py:188} INFO - [2024-07-05T14:18:28.822+0000] {dag.py:3096} INFO - Sync 1 DAGs
[2024-07-05T14:18:28.837+0000] {logging_mixin.py:188} INFO - [2024-07-05T14:18:28.837+0000] {dag.py:3954} INFO - Setting next_dagrun for example_branch_dop_operator_v3 to 2024-07-05 14:17:00+00:00, run_after=2024-07-05 14:18:00+00:00
[2024-07-05T14:18:28.846+0000] {processor.py:183} INFO - Processing /home/airflow/.local/lib/python3.12/site-packages/airflow/example_dags/example_branch_python_dop_operator_3.py took 0.049 seconds
[2024-07-05T14:18:59.298+0000] {processor.py:161} INFO - Started process (PID=1158) to work on /home/airflow/.local/lib/python3.12/site-packages/airflow/example_dags/example_branch_python_dop_operator_3.py
[2024-07-05T14:18:59.299+0000] {processor.py:830} INFO - Processing file /home/airflow/.local/lib/python3.12/site-packages/airflow/example_dags/example_branch_python_dop_operator_3.py for tasks to queue
[2024-07-05T14:18:59.300+0000] {logging_mixin.py:188} INFO - [2024-07-05T14:18:59.300+0000] {dagbag.py:545} INFO - Filling up the DagBag from /home/airflow/.local/lib/python3.12/site-packages/airflow/example_dags/example_branch_python_dop_operator_3.py
[2024-07-05T14:18:59.304+0000] {processor.py:840} INFO - DAG(s) 'example_branch_dop_operator_v3' retrieved from /home/airflow/.local/lib/python3.12/site-packages/airflow/example_dags/example_branch_python_dop_operator_3.py
[2024-07-05T14:18:59.314+0000] {logging_mixin.py:188} INFO - [2024-07-05T14:18:59.314+0000] {dag.py:3096} INFO - Sync 1 DAGs
[2024-07-05T14:18:59.325+0000] {logging_mixin.py:188} INFO - [2024-07-05T14:18:59.325+0000] {dag.py:3954} INFO - Setting next_dagrun for example_branch_dop_operator_v3 to 2024-07-05 14:17:00+00:00, run_after=2024-07-05 14:18:00+00:00
[2024-07-05T14:18:59.333+0000] {processor.py:183} INFO - Processing /home/airflow/.local/lib/python3.12/site-packages/airflow/example_dags/example_branch_python_dop_operator_3.py took 0.038 seconds
[2024-07-05T14:19:29.527+0000] {processor.py:161} INFO - Started process (PID=1216) to work on /home/airflow/.local/lib/python3.12/site-packages/airflow/example_dags/example_branch_python_dop_operator_3.py
[2024-07-05T14:19:29.528+0000] {processor.py:830} INFO - Processing file /home/airflow/.local/lib/python3.12/site-packages/airflow/example_dags/example_branch_python_dop_operator_3.py for tasks to queue
[2024-07-05T14:19:29.529+0000] {logging_mixin.py:188} INFO - [2024-07-05T14:19:29.529+0000] {dagbag.py:545} INFO - Filling up the DagBag from /home/airflow/.local/lib/python3.12/site-packages/airflow/example_dags/example_branch_python_dop_operator_3.py
[2024-07-05T14:19:29.533+0000] {processor.py:840} INFO - DAG(s) 'example_branch_dop_operator_v3' retrieved from /home/airflow/.local/lib/python3.12/site-packages/airflow/example_dags/example_branch_python_dop_operator_3.py
[2024-07-05T14:19:29.543+0000] {logging_mixin.py:188} INFO - [2024-07-05T14:19:29.543+0000] {dag.py:3096} INFO - Sync 1 DAGs
[2024-07-05T14:19:29.554+0000] {logging_mixin.py:188} INFO - [2024-07-05T14:19:29.553+0000] {dag.py:3954} INFO - Setting next_dagrun for example_branch_dop_operator_v3 to 2024-07-05 14:18:00+00:00, run_after=2024-07-05 14:19:00+00:00
[2024-07-05T14:19:29.561+0000] {processor.py:183} INFO - Processing /home/airflow/.local/lib/python3.12/site-packages/airflow/example_dags/example_branch_python_dop_operator_3.py took 0.037 seconds
[2024-07-05T14:19:59.842+0000] {processor.py:161} INFO - Started process (PID=1274) to work on /home/airflow/.local/lib/python3.12/site-packages/airflow/example_dags/example_branch_python_dop_operator_3.py
[2024-07-05T14:19:59.842+0000] {processor.py:830} INFO - Processing file /home/airflow/.local/lib/python3.12/site-packages/airflow/example_dags/example_branch_python_dop_operator_3.py for tasks to queue
[2024-07-05T14:19:59.843+0000] {logging_mixin.py:188} INFO - [2024-07-05T14:19:59.843+0000] {dagbag.py:545} INFO - Filling up the DagBag from /home/airflow/.local/lib/python3.12/site-packages/airflow/example_dags/example_branch_python_dop_operator_3.py
[2024-07-05T14:19:59.848+0000] {processor.py:840} INFO - DAG(s) 'example_branch_dop_operator_v3' retrieved from /home/airflow/.local/lib/python3.12/site-packages/airflow/example_dags/example_branch_python_dop_operator_3.py
[2024-07-05T14:19:59.854+0000] {logging_mixin.py:188} INFO - [2024-07-05T14:19:59.854+0000] {dag.py:3096} INFO - Sync 1 DAGs
[2024-07-05T14:19:59.873+0000] {logging_mixin.py:188} INFO - [2024-07-05T14:19:59.873+0000] {dag.py:3954} INFO - Setting next_dagrun for example_branch_dop_operator_v3 to 2024-07-05 14:18:00+00:00, run_after=2024-07-05 14:19:00+00:00
[2024-07-05T14:19:59.888+0000] {processor.py:183} INFO - Processing /home/airflow/.local/lib/python3.12/site-packages/airflow/example_dags/example_branch_python_dop_operator_3.py took 0.050 seconds
[2024-07-05T14:20:30.749+0000] {processor.py:161} INFO - Started process (PID=1332) to work on /home/airflow/.local/lib/python3.12/site-packages/airflow/example_dags/example_branch_python_dop_operator_3.py
[2024-07-05T14:20:30.750+0000] {processor.py:830} INFO - Processing file /home/airflow/.local/lib/python3.12/site-packages/airflow/example_dags/example_branch_python_dop_operator_3.py for tasks to queue
[2024-07-05T14:20:30.751+0000] {logging_mixin.py:188} INFO - [2024-07-05T14:20:30.751+0000] {dagbag.py:545} INFO - Filling up the DagBag from /home/airflow/.local/lib/python3.12/site-packages/airflow/example_dags/example_branch_python_dop_operator_3.py
[2024-07-05T14:20:30.755+0000] {processor.py:840} INFO - DAG(s) 'example_branch_dop_operator_v3' retrieved from /home/airflow/.local/lib/python3.12/site-packages/airflow/example_dags/example_branch_python_dop_operator_3.py
[2024-07-05T14:20:30.798+0000] {logging_mixin.py:188} INFO - [2024-07-05T14:20:30.798+0000] {dag.py:3096} INFO - Sync 1 DAGs
[2024-07-05T14:20:30.808+0000] {logging_mixin.py:188} INFO - [2024-07-05T14:20:30.808+0000] {dag.py:3954} INFO - Setting next_dagrun for example_branch_dop_operator_v3 to 2024-07-05 14:19:00+00:00, run_after=2024-07-05 14:20:00+00:00
[2024-07-05T14:20:30.817+0000] {processor.py:183} INFO - Processing /home/airflow/.local/lib/python3.12/site-packages/airflow/example_dags/example_branch_python_dop_operator_3.py took 0.071 seconds
[2024-07-05T14:21:01.191+0000] {processor.py:161} INFO - Started process (PID=1390) to work on /home/airflow/.local/lib/python3.12/site-packages/airflow/example_dags/example_branch_python_dop_operator_3.py
[2024-07-05T14:21:01.192+0000] {processor.py:830} INFO - Processing file /home/airflow/.local/lib/python3.12/site-packages/airflow/example_dags/example_branch_python_dop_operator_3.py for tasks to queue
[2024-07-05T14:21:01.193+0000] {logging_mixin.py:188} INFO - [2024-07-05T14:21:01.193+0000] {dagbag.py:545} INFO - Filling up the DagBag from /home/airflow/.local/lib/python3.12/site-packages/airflow/example_dags/example_branch_python_dop_operator_3.py
[2024-07-05T14:21:01.197+0000] {processor.py:840} INFO - DAG(s) 'example_branch_dop_operator_v3' retrieved from /home/airflow/.local/lib/python3.12/site-packages/airflow/example_dags/example_branch_python_dop_operator_3.py
[2024-07-05T14:21:01.206+0000] {logging_mixin.py:188} INFO - [2024-07-05T14:21:01.206+0000] {dag.py:3096} INFO - Sync 1 DAGs
[2024-07-05T14:21:01.217+0000] {logging_mixin.py:188} INFO - [2024-07-05T14:21:01.217+0000] {dag.py:3954} INFO - Setting next_dagrun for example_branch_dop_operator_v3 to 2024-07-05 14:20:00+00:00, run_after=2024-07-05 14:21:00+00:00
[2024-07-05T14:21:01.225+0000] {processor.py:183} INFO - Processing /home/airflow/.local/lib/python3.12/site-packages/airflow/example_dags/example_branch_python_dop_operator_3.py took 0.037 seconds
[2024-07-05T14:21:31.489+0000] {processor.py:161} INFO - Started process (PID=1448) to work on /home/airflow/.local/lib/python3.12/site-packages/airflow/example_dags/example_branch_python_dop_operator_3.py
[2024-07-05T14:21:31.490+0000] {processor.py:830} INFO - Processing file /home/airflow/.local/lib/python3.12/site-packages/airflow/example_dags/example_branch_python_dop_operator_3.py for tasks to queue
[2024-07-05T14:21:31.491+0000] {logging_mixin.py:188} INFO - [2024-07-05T14:21:31.491+0000] {dagbag.py:545} INFO - Filling up the DagBag from /home/airflow/.local/lib/python3.12/site-packages/airflow/example_dags/example_branch_python_dop_operator_3.py
[2024-07-05T14:21:31.495+0000] {processor.py:840} INFO - DAG(s) 'example_branch_dop_operator_v3' retrieved from /home/airflow/.local/lib/python3.12/site-packages/airflow/example_dags/example_branch_python_dop_operator_3.py
[2024-07-05T14:21:31.505+0000] {logging_mixin.py:188} INFO - [2024-07-05T14:21:31.505+0000] {dag.py:3096} INFO - Sync 1 DAGs
[2024-07-05T14:21:31.521+0000] {logging_mixin.py:188} INFO - [2024-07-05T14:21:31.521+0000] {dag.py:3954} INFO - Setting next_dagrun for example_branch_dop_operator_v3 to 2024-07-05 14:20:00+00:00, run_after=2024-07-05 14:21:00+00:00
[2024-07-05T14:21:31.531+0000] {processor.py:183} INFO - Processing /home/airflow/.local/lib/python3.12/site-packages/airflow/example_dags/example_branch_python_dop_operator_3.py took 0.045 seconds
[2024-07-05T14:22:02.033+0000] {processor.py:161} INFO - Started process (PID=1506) to work on /home/airflow/.local/lib/python3.12/site-packages/airflow/example_dags/example_branch_python_dop_operator_3.py
[2024-07-05T14:22:02.034+0000] {processor.py:830} INFO - Processing file /home/airflow/.local/lib/python3.12/site-packages/airflow/example_dags/example_branch_python_dop_operator_3.py for tasks to queue
[2024-07-05T14:22:02.035+0000] {logging_mixin.py:188} INFO - [2024-07-05T14:22:02.035+0000] {dagbag.py:545} INFO - Filling up the DagBag from /home/airflow/.local/lib/python3.12/site-packages/airflow/example_dags/example_branch_python_dop_operator_3.py
[2024-07-05T14:22:02.039+0000] {processor.py:840} INFO - DAG(s) 'example_branch_dop_operator_v3' retrieved from /home/airflow/.local/lib/python3.12/site-packages/airflow/example_dags/example_branch_python_dop_operator_3.py
[2024-07-05T14:22:02.049+0000] {logging_mixin.py:188} INFO - [2024-07-05T14:22:02.049+0000] {dag.py:3096} INFO - Sync 1 DAGs
[2024-07-05T14:22:02.061+0000] {logging_mixin.py:188} INFO - [2024-07-05T14:22:02.061+0000] {dag.py:3954} INFO - Setting next_dagrun for example_branch_dop_operator_v3 to 2024-07-05 14:21:00+00:00, run_after=2024-07-05 14:22:00+00:00
[2024-07-05T14:22:02.069+0000] {processor.py:183} INFO - Processing /home/airflow/.local/lib/python3.12/site-packages/airflow/example_dags/example_branch_python_dop_operator_3.py took 0.039 seconds
[2024-07-05T14:22:32.831+0000] {processor.py:161} INFO - Started process (PID=1564) to work on /home/airflow/.local/lib/python3.12/site-packages/airflow/example_dags/example_branch_python_dop_operator_3.py
[2024-07-05T14:22:32.832+0000] {processor.py:830} INFO - Processing file /home/airflow/.local/lib/python3.12/site-packages/airflow/example_dags/example_branch_python_dop_operator_3.py for tasks to queue
[2024-07-05T14:22:32.833+0000] {logging_mixin.py:188} INFO - [2024-07-05T14:22:32.833+0000] {dagbag.py:545} INFO - Filling up the DagBag from /home/airflow/.local/lib/python3.12/site-packages/airflow/example_dags/example_branch_python_dop_operator_3.py
[2024-07-05T14:22:32.838+0000] {processor.py:840} INFO - DAG(s) 'example_branch_dop_operator_v3' retrieved from /home/airflow/.local/lib/python3.12/site-packages/airflow/example_dags/example_branch_python_dop_operator_3.py
[2024-07-05T14:22:32.851+0000] {logging_mixin.py:188} INFO - [2024-07-05T14:22:32.850+0000] {dag.py:3096} INFO - Sync 1 DAGs
[2024-07-05T14:22:32.864+0000] {logging_mixin.py:188} INFO - [2024-07-05T14:22:32.864+0000] {dag.py:3954} INFO - Setting next_dagrun for example_branch_dop_operator_v3 to 2024-07-05 14:21:00+00:00, run_after=2024-07-05 14:22:00+00:00
[2024-07-05T14:22:32.874+0000] {processor.py:183} INFO - Processing /home/airflow/.local/lib/python3.12/site-packages/airflow/example_dags/example_branch_python_dop_operator_3.py took 0.046 seconds
[2024-07-05T14:23:03.053+0000] {processor.py:161} INFO - Started process (PID=1622) to work on /home/airflow/.local/lib/python3.12/site-packages/airflow/example_dags/example_branch_python_dop_operator_3.py
[2024-07-05T14:23:03.054+0000] {processor.py:830} INFO - Processing file /home/airflow/.local/lib/python3.12/site-packages/airflow/example_dags/example_branch_python_dop_operator_3.py for tasks to queue
[2024-07-05T14:23:03.058+0000] {logging_mixin.py:188} INFO - [2024-07-05T14:23:03.057+0000] {dagbag.py:545} INFO - Filling up the DagBag from /home/airflow/.local/lib/python3.12/site-packages/airflow/example_dags/example_branch_python_dop_operator_3.py
[2024-07-05T14:23:03.062+0000] {processor.py:840} INFO - DAG(s) 'example_branch_dop_operator_v3' retrieved from /home/airflow/.local/lib/python3.12/site-packages/airflow/example_dags/example_branch_python_dop_operator_3.py
[2024-07-05T14:23:03.072+0000] {logging_mixin.py:188} INFO - [2024-07-05T14:23:03.072+0000] {dag.py:3096} INFO - Sync 1 DAGs
[2024-07-05T14:23:03.083+0000] {logging_mixin.py:188} INFO - [2024-07-05T14:23:03.083+0000] {dag.py:3954} INFO - Setting next_dagrun for example_branch_dop_operator_v3 to 2024-07-05 14:22:00+00:00, run_after=2024-07-05 14:23:00+00:00
[2024-07-05T14:23:03.091+0000] {processor.py:183} INFO - Processing /home/airflow/.local/lib/python3.12/site-packages/airflow/example_dags/example_branch_python_dop_operator_3.py took 0.042 seconds
[2024-07-05T14:23:33.934+0000] {processor.py:161} INFO - Started process (PID=1680) to work on /home/airflow/.local/lib/python3.12/site-packages/airflow/example_dags/example_branch_python_dop_operator_3.py
[2024-07-05T14:23:33.935+0000] {processor.py:830} INFO - Processing file /home/airflow/.local/lib/python3.12/site-packages/airflow/example_dags/example_branch_python_dop_operator_3.py for tasks to queue
[2024-07-05T14:23:33.936+0000] {logging_mixin.py:188} INFO - [2024-07-05T14:23:33.935+0000] {dagbag.py:545} INFO - Filling up the DagBag from /home/airflow/.local/lib/python3.12/site-packages/airflow/example_dags/example_branch_python_dop_operator_3.py
[2024-07-05T14:23:33.940+0000] {processor.py:840} INFO - DAG(s) 'example_branch_dop_operator_v3' retrieved from /home/airflow/.local/lib/python3.12/site-packages/airflow/example_dags/example_branch_python_dop_operator_3.py
[2024-07-05T14:23:33.951+0000] {logging_mixin.py:188} INFO - [2024-07-05T14:23:33.950+0000] {dag.py:3096} INFO - Sync 1 DAGs
[2024-07-05T14:23:33.965+0000] {logging_mixin.py:188} INFO - [2024-07-05T14:23:33.965+0000] {dag.py:3954} INFO - Setting next_dagrun for example_branch_dop_operator_v3 to 2024-07-05 14:22:00+00:00, run_after=2024-07-05 14:23:00+00:00
[2024-07-05T14:23:34.061+0000] {processor.py:183} INFO - Processing /home/airflow/.local/lib/python3.12/site-packages/airflow/example_dags/example_branch_python_dop_operator_3.py took 0.130 seconds
[2024-07-05T14:24:04.116+0000] {processor.py:161} INFO - Started process (PID=1738) to work on /home/airflow/.local/lib/python3.12/site-packages/airflow/example_dags/example_branch_python_dop_operator_3.py
[2024-07-05T14:24:04.117+0000] {processor.py:830} INFO - Processing file /home/airflow/.local/lib/python3.12/site-packages/airflow/example_dags/example_branch_python_dop_operator_3.py for tasks to queue
[2024-07-05T14:24:04.119+0000] {logging_mixin.py:188} INFO - [2024-07-05T14:24:04.119+0000] {dagbag.py:545} INFO - Filling up the DagBag from /home/airflow/.local/lib/python3.12/site-packages/airflow/example_dags/example_branch_python_dop_operator_3.py
[2024-07-05T14:24:04.124+0000] {processor.py:840} INFO - DAG(s) 'example_branch_dop_operator_v3' retrieved from /home/airflow/.local/lib/python3.12/site-packages/airflow/example_dags/example_branch_python_dop_operator_3.py
[2024-07-05T14:24:04.134+0000] {logging_mixin.py:188} INFO - [2024-07-05T14:24:04.134+0000] {dag.py:3096} INFO - Sync 1 DAGs
[2024-07-05T14:24:04.146+0000] {logging_mixin.py:188} INFO - [2024-07-05T14:24:04.146+0000] {dag.py:3954} INFO - Setting next_dagrun for example_branch_dop_operator_v3 to 2024-07-05 14:23:00+00:00, run_after=2024-07-05 14:24:00+00:00
[2024-07-05T14:24:04.156+0000] {processor.py:183} INFO - Processing /home/airflow/.local/lib/python3.12/site-packages/airflow/example_dags/example_branch_python_dop_operator_3.py took 0.044 seconds
[2024-07-05T14:24:35.218+0000] {processor.py:161} INFO - Started process (PID=1795) to work on /home/airflow/.local/lib/python3.12/site-packages/airflow/example_dags/example_branch_python_dop_operator_3.py
[2024-07-05T14:24:35.218+0000] {processor.py:830} INFO - Processing file /home/airflow/.local/lib/python3.12/site-packages/airflow/example_dags/example_branch_python_dop_operator_3.py for tasks to queue
[2024-07-05T14:24:35.219+0000] {logging_mixin.py:188} INFO - [2024-07-05T14:24:35.219+0000] {dagbag.py:545} INFO - Filling up the DagBag from /home/airflow/.local/lib/python3.12/site-packages/airflow/example_dags/example_branch_python_dop_operator_3.py
[2024-07-05T14:24:35.224+0000] {processor.py:840} INFO - DAG(s) 'example_branch_dop_operator_v3' retrieved from /home/airflow/.local/lib/python3.12/site-packages/airflow/example_dags/example_branch_python_dop_operator_3.py
[2024-07-05T14:24:35.236+0000] {logging_mixin.py:188} INFO - [2024-07-05T14:24:35.235+0000] {dag.py:3096} INFO - Sync 1 DAGs
[2024-07-05T14:24:35.248+0000] {logging_mixin.py:188} INFO - [2024-07-05T14:24:35.248+0000] {dag.py:3954} INFO - Setting next_dagrun for example_branch_dop_operator_v3 to 2024-07-05 14:23:00+00:00, run_after=2024-07-05 14:24:00+00:00
[2024-07-05T14:24:35.259+0000] {processor.py:183} INFO - Processing /home/airflow/.local/lib/python3.12/site-packages/airflow/example_dags/example_branch_python_dop_operator_3.py took 0.045 seconds
[2024-07-05T14:25:05.385+0000] {processor.py:161} INFO - Started process (PID=1853) to work on /home/airflow/.local/lib/python3.12/site-packages/airflow/example_dags/example_branch_python_dop_operator_3.py
[2024-07-05T14:25:05.386+0000] {processor.py:830} INFO - Processing file /home/airflow/.local/lib/python3.12/site-packages/airflow/example_dags/example_branch_python_dop_operator_3.py for tasks to queue
[2024-07-05T14:25:05.387+0000] {logging_mixin.py:188} INFO - [2024-07-05T14:25:05.387+0000] {dagbag.py:545} INFO - Filling up the DagBag from /home/airflow/.local/lib/python3.12/site-packages/airflow/example_dags/example_branch_python_dop_operator_3.py
[2024-07-05T14:25:05.391+0000] {processor.py:840} INFO - DAG(s) 'example_branch_dop_operator_v3' retrieved from /home/airflow/.local/lib/python3.12/site-packages/airflow/example_dags/example_branch_python_dop_operator_3.py
[2024-07-05T14:25:05.401+0000] {logging_mixin.py:188} INFO - [2024-07-05T14:25:05.401+0000] {dag.py:3096} INFO - Sync 1 DAGs
[2024-07-05T14:25:05.411+0000] {logging_mixin.py:188} INFO - [2024-07-05T14:25:05.411+0000] {dag.py:3954} INFO - Setting next_dagrun for example_branch_dop_operator_v3 to 2024-07-05 14:24:00+00:00, run_after=2024-07-05 14:25:00+00:00
[2024-07-05T14:25:05.419+0000] {processor.py:183} INFO - Processing /home/airflow/.local/lib/python3.12/site-packages/airflow/example_dags/example_branch_python_dop_operator_3.py took 0.036 seconds
[2024-07-05T14:25:35.821+0000] {processor.py:161} INFO - Started process (PID=1911) to work on /home/airflow/.local/lib/python3.12/site-packages/airflow/example_dags/example_branch_python_dop_operator_3.py
[2024-07-05T14:25:35.822+0000] {processor.py:830} INFO - Processing file /home/airflow/.local/lib/python3.12/site-packages/airflow/example_dags/example_branch_python_dop_operator_3.py for tasks to queue
[2024-07-05T14:25:35.823+0000] {logging_mixin.py:188} INFO - [2024-07-05T14:25:35.823+0000] {dagbag.py:545} INFO - Filling up the DagBag from /home/airflow/.local/lib/python3.12/site-packages/airflow/example_dags/example_branch_python_dop_operator_3.py
[2024-07-05T14:25:35.827+0000] {processor.py:840} INFO - DAG(s) 'example_branch_dop_operator_v3' retrieved from /home/airflow/.local/lib/python3.12/site-packages/airflow/example_dags/example_branch_python_dop_operator_3.py
[2024-07-05T14:25:35.838+0000] {logging_mixin.py:188} INFO - [2024-07-05T14:25:35.837+0000] {dag.py:3096} INFO - Sync 1 DAGs
[2024-07-05T14:25:35.849+0000] {logging_mixin.py:188} INFO - [2024-07-05T14:25:35.849+0000] {dag.py:3954} INFO - Setting next_dagrun for example_branch_dop_operator_v3 to 2024-07-05 14:24:00+00:00, run_after=2024-07-05 14:25:00+00:00
[2024-07-05T14:25:35.857+0000] {processor.py:183} INFO - Processing /home/airflow/.local/lib/python3.12/site-packages/airflow/example_dags/example_branch_python_dop_operator_3.py took 0.038 seconds
[2024-07-05T14:26:06.748+0000] {processor.py:161} INFO - Started process (PID=1969) to work on /home/airflow/.local/lib/python3.12/site-packages/airflow/example_dags/example_branch_python_dop_operator_3.py
[2024-07-05T14:26:06.749+0000] {processor.py:830} INFO - Processing file /home/airflow/.local/lib/python3.12/site-packages/airflow/example_dags/example_branch_python_dop_operator_3.py for tasks to queue
[2024-07-05T14:26:06.749+0000] {logging_mixin.py:188} INFO - [2024-07-05T14:26:06.749+0000] {dagbag.py:545} INFO - Filling up the DagBag from /home/airflow/.local/lib/python3.12/site-packages/airflow/example_dags/example_branch_python_dop_operator_3.py
[2024-07-05T14:26:06.754+0000] {processor.py:840} INFO - DAG(s) 'example_branch_dop_operator_v3' retrieved from /home/airflow/.local/lib/python3.12/site-packages/airflow/example_dags/example_branch_python_dop_operator_3.py
[2024-07-05T14:26:06.764+0000] {logging_mixin.py:188} INFO - [2024-07-05T14:26:06.764+0000] {dag.py:3096} INFO - Sync 1 DAGs
[2024-07-05T14:26:06.776+0000] {logging_mixin.py:188} INFO - [2024-07-05T14:26:06.776+0000] {dag.py:3954} INFO - Setting next_dagrun for example_branch_dop_operator_v3 to 2024-07-05 14:25:00+00:00, run_after=2024-07-05 14:26:00+00:00
[2024-07-05T14:26:06.785+0000] {processor.py:183} INFO - Processing /home/airflow/.local/lib/python3.12/site-packages/airflow/example_dags/example_branch_python_dop_operator_3.py took 0.041 seconds
[2024-07-05T14:28:05.393+0000] {processor.py:161} INFO - Started process (PID=56) to work on /home/airflow/.local/lib/python3.12/site-packages/airflow/example_dags/example_branch_python_dop_operator_3.py
[2024-07-05T14:28:05.395+0000] {processor.py:830} INFO - Processing file /home/airflow/.local/lib/python3.12/site-packages/airflow/example_dags/example_branch_python_dop_operator_3.py for tasks to queue
[2024-07-05T14:28:05.398+0000] {logging_mixin.py:188} INFO - [2024-07-05T14:28:05.397+0000] {dagbag.py:545} INFO - Filling up the DagBag from /home/airflow/.local/lib/python3.12/site-packages/airflow/example_dags/example_branch_python_dop_operator_3.py
[2024-07-05T14:28:05.409+0000] {processor.py:840} INFO - DAG(s) 'example_branch_dop_operator_v3' retrieved from /home/airflow/.local/lib/python3.12/site-packages/airflow/example_dags/example_branch_python_dop_operator_3.py
[2024-07-05T14:28:05.440+0000] {logging_mixin.py:188} INFO - [2024-07-05T14:28:05.439+0000] {dag.py:3096} INFO - Sync 1 DAGs
[2024-07-05T14:28:05.458+0000] {logging_mixin.py:188} INFO - [2024-07-05T14:28:05.458+0000] {dag.py:3954} INFO - Setting next_dagrun for example_branch_dop_operator_v3 to 2024-07-05 14:27:00+00:00, run_after=2024-07-05 14:28:00+00:00
[2024-07-05T14:28:05.480+0000] {processor.py:183} INFO - Processing /home/airflow/.local/lib/python3.12/site-packages/airflow/example_dags/example_branch_python_dop_operator_3.py took 0.097 seconds
[2024-07-05T14:28:36.439+0000] {processor.py:161} INFO - Started process (PID=114) to work on /home/airflow/.local/lib/python3.12/site-packages/airflow/example_dags/example_branch_python_dop_operator_3.py
[2024-07-05T14:28:36.441+0000] {processor.py:830} INFO - Processing file /home/airflow/.local/lib/python3.12/site-packages/airflow/example_dags/example_branch_python_dop_operator_3.py for tasks to queue
[2024-07-05T14:28:36.443+0000] {logging_mixin.py:188} INFO - [2024-07-05T14:28:36.443+0000] {dagbag.py:545} INFO - Filling up the DagBag from /home/airflow/.local/lib/python3.12/site-packages/airflow/example_dags/example_branch_python_dop_operator_3.py
[2024-07-05T14:28:36.454+0000] {processor.py:840} INFO - DAG(s) 'example_branch_dop_operator_v3' retrieved from /home/airflow/.local/lib/python3.12/site-packages/airflow/example_dags/example_branch_python_dop_operator_3.py
[2024-07-05T14:28:36.465+0000] {logging_mixin.py:188} INFO - [2024-07-05T14:28:36.465+0000] {dag.py:3096} INFO - Sync 1 DAGs
[2024-07-05T14:28:36.482+0000] {logging_mixin.py:188} INFO - [2024-07-05T14:28:36.482+0000] {dag.py:3954} INFO - Setting next_dagrun for example_branch_dop_operator_v3 to 2024-07-05 14:27:00+00:00, run_after=2024-07-05 14:28:00+00:00
[2024-07-05T14:28:36.491+0000] {processor.py:183} INFO - Processing /home/airflow/.local/lib/python3.12/site-packages/airflow/example_dags/example_branch_python_dop_operator_3.py took 0.059 seconds
[2024-07-05T14:29:06.514+0000] {processor.py:161} INFO - Started process (PID=172) to work on /home/airflow/.local/lib/python3.12/site-packages/airflow/example_dags/example_branch_python_dop_operator_3.py
[2024-07-05T14:29:06.514+0000] {processor.py:830} INFO - Processing file /home/airflow/.local/lib/python3.12/site-packages/airflow/example_dags/example_branch_python_dop_operator_3.py for tasks to queue
[2024-07-05T14:29:06.515+0000] {logging_mixin.py:188} INFO - [2024-07-05T14:29:06.515+0000] {dagbag.py:545} INFO - Filling up the DagBag from /home/airflow/.local/lib/python3.12/site-packages/airflow/example_dags/example_branch_python_dop_operator_3.py
[2024-07-05T14:29:06.519+0000] {processor.py:840} INFO - DAG(s) 'example_branch_dop_operator_v3' retrieved from /home/airflow/.local/lib/python3.12/site-packages/airflow/example_dags/example_branch_python_dop_operator_3.py
[2024-07-05T14:29:06.560+0000] {logging_mixin.py:188} INFO - [2024-07-05T14:29:06.560+0000] {dag.py:3096} INFO - Sync 1 DAGs
[2024-07-05T14:29:06.569+0000] {logging_mixin.py:188} INFO - [2024-07-05T14:29:06.569+0000] {dag.py:3954} INFO - Setting next_dagrun for example_branch_dop_operator_v3 to 2024-07-05 14:28:00+00:00, run_after=2024-07-05 14:29:00+00:00
[2024-07-05T14:29:06.577+0000] {processor.py:183} INFO - Processing /home/airflow/.local/lib/python3.12/site-packages/airflow/example_dags/example_branch_python_dop_operator_3.py took 0.066 seconds
[2024-07-05T14:29:37.556+0000] {processor.py:161} INFO - Started process (PID=230) to work on /home/airflow/.local/lib/python3.12/site-packages/airflow/example_dags/example_branch_python_dop_operator_3.py
[2024-07-05T14:29:37.558+0000] {processor.py:830} INFO - Processing file /home/airflow/.local/lib/python3.12/site-packages/airflow/example_dags/example_branch_python_dop_operator_3.py for tasks to queue
[2024-07-05T14:29:37.560+0000] {logging_mixin.py:188} INFO - [2024-07-05T14:29:37.560+0000] {dagbag.py:545} INFO - Filling up the DagBag from /home/airflow/.local/lib/python3.12/site-packages/airflow/example_dags/example_branch_python_dop_operator_3.py
[2024-07-05T14:29:37.569+0000] {processor.py:840} INFO - DAG(s) 'example_branch_dop_operator_v3' retrieved from /home/airflow/.local/lib/python3.12/site-packages/airflow/example_dags/example_branch_python_dop_operator_3.py
[2024-07-05T14:29:37.585+0000] {logging_mixin.py:188} INFO - [2024-07-05T14:29:37.585+0000] {dag.py:3096} INFO - Sync 1 DAGs
[2024-07-05T14:29:37.601+0000] {logging_mixin.py:188} INFO - [2024-07-05T14:29:37.601+0000] {dag.py:3954} INFO - Setting next_dagrun for example_branch_dop_operator_v3 to 2024-07-05 14:28:00+00:00, run_after=2024-07-05 14:29:00+00:00
[2024-07-05T14:29:37.610+0000] {processor.py:183} INFO - Processing /home/airflow/.local/lib/python3.12/site-packages/airflow/example_dags/example_branch_python_dop_operator_3.py took 0.061 seconds
[2024-07-05T14:30:07.666+0000] {processor.py:161} INFO - Started process (PID=288) to work on /home/airflow/.local/lib/python3.12/site-packages/airflow/example_dags/example_branch_python_dop_operator_3.py
[2024-07-05T14:30:07.668+0000] {processor.py:830} INFO - Processing file /home/airflow/.local/lib/python3.12/site-packages/airflow/example_dags/example_branch_python_dop_operator_3.py for tasks to queue
[2024-07-05T14:30:07.670+0000] {logging_mixin.py:188} INFO - [2024-07-05T14:30:07.670+0000] {dagbag.py:545} INFO - Filling up the DagBag from /home/airflow/.local/lib/python3.12/site-packages/airflow/example_dags/example_branch_python_dop_operator_3.py
[2024-07-05T14:30:07.679+0000] {processor.py:840} INFO - DAG(s) 'example_branch_dop_operator_v3' retrieved from /home/airflow/.local/lib/python3.12/site-packages/airflow/example_dags/example_branch_python_dop_operator_3.py
[2024-07-05T14:30:07.696+0000] {logging_mixin.py:188} INFO - [2024-07-05T14:30:07.696+0000] {dag.py:3096} INFO - Sync 1 DAGs
[2024-07-05T14:30:07.710+0000] {logging_mixin.py:188} INFO - [2024-07-05T14:30:07.710+0000] {dag.py:3954} INFO - Setting next_dagrun for example_branch_dop_operator_v3 to 2024-07-05 14:29:00+00:00, run_after=2024-07-05 14:30:00+00:00
[2024-07-05T14:30:07.720+0000] {processor.py:183} INFO - Processing /home/airflow/.local/lib/python3.12/site-packages/airflow/example_dags/example_branch_python_dop_operator_3.py took 0.061 seconds
[2024-07-05T14:30:38.234+0000] {processor.py:161} INFO - Started process (PID=346) to work on /home/airflow/.local/lib/python3.12/site-packages/airflow/example_dags/example_branch_python_dop_operator_3.py
[2024-07-05T14:30:38.235+0000] {processor.py:830} INFO - Processing file /home/airflow/.local/lib/python3.12/site-packages/airflow/example_dags/example_branch_python_dop_operator_3.py for tasks to queue
[2024-07-05T14:30:38.236+0000] {logging_mixin.py:188} INFO - [2024-07-05T14:30:38.236+0000] {dagbag.py:545} INFO - Filling up the DagBag from /home/airflow/.local/lib/python3.12/site-packages/airflow/example_dags/example_branch_python_dop_operator_3.py
[2024-07-05T14:30:38.241+0000] {processor.py:840} INFO - DAG(s) 'example_branch_dop_operator_v3' retrieved from /home/airflow/.local/lib/python3.12/site-packages/airflow/example_dags/example_branch_python_dop_operator_3.py
[2024-07-05T14:30:38.252+0000] {logging_mixin.py:188} INFO - [2024-07-05T14:30:38.252+0000] {dag.py:3096} INFO - Sync 1 DAGs
[2024-07-05T14:30:38.265+0000] {logging_mixin.py:188} INFO - [2024-07-05T14:30:38.265+0000] {dag.py:3954} INFO - Setting next_dagrun for example_branch_dop_operator_v3 to 2024-07-05 14:29:00+00:00, run_after=2024-07-05 14:30:00+00:00
[2024-07-05T14:30:38.277+0000] {processor.py:183} INFO - Processing /home/airflow/.local/lib/python3.12/site-packages/airflow/example_dags/example_branch_python_dop_operator_3.py took 0.047 seconds
[2024-07-05T14:31:08.883+0000] {processor.py:161} INFO - Started process (PID=404) to work on /home/airflow/.local/lib/python3.12/site-packages/airflow/example_dags/example_branch_python_dop_operator_3.py
[2024-07-05T14:31:08.888+0000] {processor.py:830} INFO - Processing file /home/airflow/.local/lib/python3.12/site-packages/airflow/example_dags/example_branch_python_dop_operator_3.py for tasks to queue
[2024-07-05T14:31:08.890+0000] {logging_mixin.py:188} INFO - [2024-07-05T14:31:08.890+0000] {dagbag.py:545} INFO - Filling up the DagBag from /home/airflow/.local/lib/python3.12/site-packages/airflow/example_dags/example_branch_python_dop_operator_3.py
[2024-07-05T14:31:08.899+0000] {processor.py:840} INFO - DAG(s) 'example_branch_dop_operator_v3' retrieved from /home/airflow/.local/lib/python3.12/site-packages/airflow/example_dags/example_branch_python_dop_operator_3.py
[2024-07-05T14:31:08.915+0000] {logging_mixin.py:188} INFO - [2024-07-05T14:31:08.915+0000] {dag.py:3096} INFO - Sync 1 DAGs
[2024-07-05T14:31:08.931+0000] {logging_mixin.py:188} INFO - [2024-07-05T14:31:08.931+0000] {dag.py:3954} INFO - Setting next_dagrun for example_branch_dop_operator_v3 to 2024-07-05 14:30:00+00:00, run_after=2024-07-05 14:31:00+00:00
[2024-07-05T14:31:08.941+0000] {processor.py:183} INFO - Processing /home/airflow/.local/lib/python3.12/site-packages/airflow/example_dags/example_branch_python_dop_operator_3.py took 0.065 seconds
[2024-07-05T14:31:39.512+0000] {processor.py:161} INFO - Started process (PID=462) to work on /home/airflow/.local/lib/python3.12/site-packages/airflow/example_dags/example_branch_python_dop_operator_3.py
[2024-07-05T14:31:39.514+0000] {processor.py:830} INFO - Processing file /home/airflow/.local/lib/python3.12/site-packages/airflow/example_dags/example_branch_python_dop_operator_3.py for tasks to queue
[2024-07-05T14:31:39.516+0000] {logging_mixin.py:188} INFO - [2024-07-05T14:31:39.515+0000] {dagbag.py:545} INFO - Filling up the DagBag from /home/airflow/.local/lib/python3.12/site-packages/airflow/example_dags/example_branch_python_dop_operator_3.py
[2024-07-05T14:31:39.523+0000] {processor.py:840} INFO - DAG(s) 'example_branch_dop_operator_v3' retrieved from /home/airflow/.local/lib/python3.12/site-packages/airflow/example_dags/example_branch_python_dop_operator_3.py
[2024-07-05T14:31:39.538+0000] {logging_mixin.py:188} INFO - [2024-07-05T14:31:39.538+0000] {dag.py:3096} INFO - Sync 1 DAGs
[2024-07-05T14:31:39.553+0000] {logging_mixin.py:188} INFO - [2024-07-05T14:31:39.553+0000] {dag.py:3954} INFO - Setting next_dagrun for example_branch_dop_operator_v3 to 2024-07-05 14:30:00+00:00, run_after=2024-07-05 14:31:00+00:00
[2024-07-05T14:31:39.562+0000] {processor.py:183} INFO - Processing /home/airflow/.local/lib/python3.12/site-packages/airflow/example_dags/example_branch_python_dop_operator_3.py took 0.057 seconds
[2024-07-05T14:32:10.185+0000] {processor.py:161} INFO - Started process (PID=520) to work on /home/airflow/.local/lib/python3.12/site-packages/airflow/example_dags/example_branch_python_dop_operator_3.py
[2024-07-05T14:32:10.187+0000] {processor.py:830} INFO - Processing file /home/airflow/.local/lib/python3.12/site-packages/airflow/example_dags/example_branch_python_dop_operator_3.py for tasks to queue
[2024-07-05T14:32:10.188+0000] {logging_mixin.py:188} INFO - [2024-07-05T14:32:10.188+0000] {dagbag.py:545} INFO - Filling up the DagBag from /home/airflow/.local/lib/python3.12/site-packages/airflow/example_dags/example_branch_python_dop_operator_3.py
[2024-07-05T14:32:10.195+0000] {processor.py:840} INFO - DAG(s) 'example_branch_dop_operator_v3' retrieved from /home/airflow/.local/lib/python3.12/site-packages/airflow/example_dags/example_branch_python_dop_operator_3.py
[2024-07-05T14:32:10.209+0000] {logging_mixin.py:188} INFO - [2024-07-05T14:32:10.208+0000] {dag.py:3096} INFO - Sync 1 DAGs
[2024-07-05T14:32:10.223+0000] {logging_mixin.py:188} INFO - [2024-07-05T14:32:10.222+0000] {dag.py:3954} INFO - Setting next_dagrun for example_branch_dop_operator_v3 to 2024-07-05 14:31:00+00:00, run_after=2024-07-05 14:32:00+00:00
[2024-07-05T14:32:10.231+0000] {processor.py:183} INFO - Processing /home/airflow/.local/lib/python3.12/site-packages/airflow/example_dags/example_branch_python_dop_operator_3.py took 0.051 seconds
[2024-07-05T14:32:41.065+0000] {processor.py:161} INFO - Started process (PID=578) to work on /home/airflow/.local/lib/python3.12/site-packages/airflow/example_dags/example_branch_python_dop_operator_3.py
[2024-07-05T14:32:41.066+0000] {processor.py:830} INFO - Processing file /home/airflow/.local/lib/python3.12/site-packages/airflow/example_dags/example_branch_python_dop_operator_3.py for tasks to queue
[2024-07-05T14:32:41.067+0000] {logging_mixin.py:188} INFO - [2024-07-05T14:32:41.067+0000] {dagbag.py:545} INFO - Filling up the DagBag from /home/airflow/.local/lib/python3.12/site-packages/airflow/example_dags/example_branch_python_dop_operator_3.py
[2024-07-05T14:32:41.072+0000] {processor.py:840} INFO - DAG(s) 'example_branch_dop_operator_v3' retrieved from /home/airflow/.local/lib/python3.12/site-packages/airflow/example_dags/example_branch_python_dop_operator_3.py
[2024-07-05T14:32:41.084+0000] {logging_mixin.py:188} INFO - [2024-07-05T14:32:41.084+0000] {dag.py:3096} INFO - Sync 1 DAGs
[2024-07-05T14:32:41.097+0000] {logging_mixin.py:188} INFO - [2024-07-05T14:32:41.097+0000] {dag.py:3954} INFO - Setting next_dagrun for example_branch_dop_operator_v3 to 2024-07-05 14:31:00+00:00, run_after=2024-07-05 14:32:00+00:00
[2024-07-05T14:32:41.105+0000] {processor.py:183} INFO - Processing /home/airflow/.local/lib/python3.12/site-packages/airflow/example_dags/example_branch_python_dop_operator_3.py took 0.047 seconds
[2024-07-05T14:33:11.438+0000] {processor.py:161} INFO - Started process (PID=636) to work on /home/airflow/.local/lib/python3.12/site-packages/airflow/example_dags/example_branch_python_dop_operator_3.py
[2024-07-05T14:33:11.440+0000] {processor.py:830} INFO - Processing file /home/airflow/.local/lib/python3.12/site-packages/airflow/example_dags/example_branch_python_dop_operator_3.py for tasks to queue
[2024-07-05T14:33:11.443+0000] {logging_mixin.py:188} INFO - [2024-07-05T14:33:11.442+0000] {dagbag.py:545} INFO - Filling up the DagBag from /home/airflow/.local/lib/python3.12/site-packages/airflow/example_dags/example_branch_python_dop_operator_3.py
[2024-07-05T14:33:11.452+0000] {processor.py:840} INFO - DAG(s) 'example_branch_dop_operator_v3' retrieved from /home/airflow/.local/lib/python3.12/site-packages/airflow/example_dags/example_branch_python_dop_operator_3.py
[2024-07-05T14:33:11.469+0000] {logging_mixin.py:188} INFO - [2024-07-05T14:33:11.468+0000] {dag.py:3096} INFO - Sync 1 DAGs
[2024-07-05T14:33:11.483+0000] {logging_mixin.py:188} INFO - [2024-07-05T14:33:11.483+0000] {dag.py:3954} INFO - Setting next_dagrun for example_branch_dop_operator_v3 to 2024-07-05 14:32:00+00:00, run_after=2024-07-05 14:33:00+00:00
[2024-07-05T14:33:11.493+0000] {processor.py:183} INFO - Processing /home/airflow/.local/lib/python3.12/site-packages/airflow/example_dags/example_branch_python_dop_operator_3.py took 0.064 seconds
[2024-07-05T14:33:42.515+0000] {processor.py:161} INFO - Started process (PID=694) to work on /home/airflow/.local/lib/python3.12/site-packages/airflow/example_dags/example_branch_python_dop_operator_3.py
[2024-07-05T14:33:42.517+0000] {processor.py:830} INFO - Processing file /home/airflow/.local/lib/python3.12/site-packages/airflow/example_dags/example_branch_python_dop_operator_3.py for tasks to queue
[2024-07-05T14:33:42.521+0000] {logging_mixin.py:188} INFO - [2024-07-05T14:33:42.521+0000] {dagbag.py:545} INFO - Filling up the DagBag from /home/airflow/.local/lib/python3.12/site-packages/airflow/example_dags/example_branch_python_dop_operator_3.py
[2024-07-05T14:33:42.537+0000] {processor.py:840} INFO - DAG(s) 'example_branch_dop_operator_v3' retrieved from /home/airflow/.local/lib/python3.12/site-packages/airflow/example_dags/example_branch_python_dop_operator_3.py
[2024-07-05T14:33:42.548+0000] {logging_mixin.py:188} INFO - [2024-07-05T14:33:42.548+0000] {dag.py:3096} INFO - Sync 1 DAGs
[2024-07-05T14:33:42.559+0000] {logging_mixin.py:188} INFO - [2024-07-05T14:33:42.559+0000] {dag.py:3954} INFO - Setting next_dagrun for example_branch_dop_operator_v3 to 2024-07-05 14:32:00+00:00, run_after=2024-07-05 14:33:00+00:00
[2024-07-05T14:33:42.567+0000] {processor.py:183} INFO - Processing /home/airflow/.local/lib/python3.12/site-packages/airflow/example_dags/example_branch_python_dop_operator_3.py took 0.062 seconds
[2024-07-05T14:34:13.082+0000] {processor.py:161} INFO - Started process (PID=752) to work on /home/airflow/.local/lib/python3.12/site-packages/airflow/example_dags/example_branch_python_dop_operator_3.py
[2024-07-05T14:34:13.084+0000] {processor.py:830} INFO - Processing file /home/airflow/.local/lib/python3.12/site-packages/airflow/example_dags/example_branch_python_dop_operator_3.py for tasks to queue
[2024-07-05T14:34:13.085+0000] {logging_mixin.py:188} INFO - [2024-07-05T14:34:13.085+0000] {dagbag.py:545} INFO - Filling up the DagBag from /home/airflow/.local/lib/python3.12/site-packages/airflow/example_dags/example_branch_python_dop_operator_3.py
[2024-07-05T14:34:13.092+0000] {processor.py:840} INFO - DAG(s) 'example_branch_dop_operator_v3' retrieved from /home/airflow/.local/lib/python3.12/site-packages/airflow/example_dags/example_branch_python_dop_operator_3.py
[2024-07-05T14:34:13.103+0000] {logging_mixin.py:188} INFO - [2024-07-05T14:34:13.103+0000] {dag.py:3096} INFO - Sync 1 DAGs
[2024-07-05T14:34:13.116+0000] {logging_mixin.py:188} INFO - [2024-07-05T14:34:13.116+0000] {dag.py:3954} INFO - Setting next_dagrun for example_branch_dop_operator_v3 to 2024-07-05 14:33:00+00:00, run_after=2024-07-05 14:34:00+00:00
[2024-07-05T14:34:13.125+0000] {processor.py:183} INFO - Processing /home/airflow/.local/lib/python3.12/site-packages/airflow/example_dags/example_branch_python_dop_operator_3.py took 0.047 seconds
[2024-07-05T14:34:43.927+0000] {processor.py:161} INFO - Started process (PID=810) to work on /home/airflow/.local/lib/python3.12/site-packages/airflow/example_dags/example_branch_python_dop_operator_3.py
[2024-07-05T14:34:43.928+0000] {processor.py:830} INFO - Processing file /home/airflow/.local/lib/python3.12/site-packages/airflow/example_dags/example_branch_python_dop_operator_3.py for tasks to queue
[2024-07-05T14:34:43.929+0000] {logging_mixin.py:188} INFO - [2024-07-05T14:34:43.929+0000] {dagbag.py:545} INFO - Filling up the DagBag from /home/airflow/.local/lib/python3.12/site-packages/airflow/example_dags/example_branch_python_dop_operator_3.py
[2024-07-05T14:34:43.934+0000] {processor.py:840} INFO - DAG(s) 'example_branch_dop_operator_v3' retrieved from /home/airflow/.local/lib/python3.12/site-packages/airflow/example_dags/example_branch_python_dop_operator_3.py
[2024-07-05T14:34:43.945+0000] {logging_mixin.py:188} INFO - [2024-07-05T14:34:43.945+0000] {dag.py:3096} INFO - Sync 1 DAGs
[2024-07-05T14:34:43.958+0000] {logging_mixin.py:188} INFO - [2024-07-05T14:34:43.958+0000] {dag.py:3954} INFO - Setting next_dagrun for example_branch_dop_operator_v3 to 2024-07-05 14:33:00+00:00, run_after=2024-07-05 14:34:00+00:00
[2024-07-05T14:34:43.966+0000] {processor.py:183} INFO - Processing /home/airflow/.local/lib/python3.12/site-packages/airflow/example_dags/example_branch_python_dop_operator_3.py took 0.044 seconds
[2024-07-05T14:35:14.092+0000] {processor.py:161} INFO - Started process (PID=868) to work on /home/airflow/.local/lib/python3.12/site-packages/airflow/example_dags/example_branch_python_dop_operator_3.py
[2024-07-05T14:35:14.094+0000] {processor.py:830} INFO - Processing file /home/airflow/.local/lib/python3.12/site-packages/airflow/example_dags/example_branch_python_dop_operator_3.py for tasks to queue
[2024-07-05T14:35:14.098+0000] {logging_mixin.py:188} INFO - [2024-07-05T14:35:14.097+0000] {dagbag.py:545} INFO - Filling up the DagBag from /home/airflow/.local/lib/python3.12/site-packages/airflow/example_dags/example_branch_python_dop_operator_3.py
[2024-07-05T14:35:14.119+0000] {processor.py:840} INFO - DAG(s) 'example_branch_dop_operator_v3' retrieved from /home/airflow/.local/lib/python3.12/site-packages/airflow/example_dags/example_branch_python_dop_operator_3.py
[2024-07-05T14:35:14.176+0000] {logging_mixin.py:188} INFO - [2024-07-05T14:35:14.176+0000] {dag.py:3096} INFO - Sync 1 DAGs
[2024-07-05T14:35:14.227+0000] {logging_mixin.py:188} INFO - [2024-07-05T14:35:14.225+0000] {dag.py:3954} INFO - Setting next_dagrun for example_branch_dop_operator_v3 to 2024-07-05 14:34:00+00:00, run_after=2024-07-05 14:35:00+00:00
[2024-07-05T14:35:14.278+0000] {processor.py:183} INFO - Processing /home/airflow/.local/lib/python3.12/site-packages/airflow/example_dags/example_branch_python_dop_operator_3.py took 0.202 seconds
[2024-07-05T14:35:45.078+0000] {processor.py:161} INFO - Started process (PID=926) to work on /home/airflow/.local/lib/python3.12/site-packages/airflow/example_dags/example_branch_python_dop_operator_3.py
[2024-07-05T14:35:45.178+0000] {processor.py:830} INFO - Processing file /home/airflow/.local/lib/python3.12/site-packages/airflow/example_dags/example_branch_python_dop_operator_3.py for tasks to queue
[2024-07-05T14:35:45.247+0000] {logging_mixin.py:188} INFO - [2024-07-05T14:35:45.240+0000] {dagbag.py:545} INFO - Filling up the DagBag from /home/airflow/.local/lib/python3.12/site-packages/airflow/example_dags/example_branch_python_dop_operator_3.py
[2024-07-05T14:35:45.373+0000] {processor.py:840} INFO - DAG(s) 'example_branch_dop_operator_v3' retrieved from /home/airflow/.local/lib/python3.12/site-packages/airflow/example_dags/example_branch_python_dop_operator_3.py
[2024-07-05T14:35:45.608+0000] {logging_mixin.py:188} INFO - [2024-07-05T14:35:45.608+0000] {dag.py:3096} INFO - Sync 1 DAGs
[2024-07-05T14:35:45.787+0000] {logging_mixin.py:188} INFO - [2024-07-05T14:35:45.787+0000] {dag.py:3954} INFO - Setting next_dagrun for example_branch_dop_operator_v3 to 2024-07-05 14:34:00+00:00, run_after=2024-07-05 14:35:00+00:00
[2024-07-05T14:35:46.378+0000] {processor.py:183} INFO - Processing /home/airflow/.local/lib/python3.12/site-packages/airflow/example_dags/example_branch_python_dop_operator_3.py took 1.391 seconds
[2024-07-05T14:36:17.318+0000] {processor.py:161} INFO - Started process (PID=985) to work on /home/airflow/.local/lib/python3.12/site-packages/airflow/example_dags/example_branch_python_dop_operator_3.py
[2024-07-05T14:36:17.320+0000] {processor.py:830} INFO - Processing file /home/airflow/.local/lib/python3.12/site-packages/airflow/example_dags/example_branch_python_dop_operator_3.py for tasks to queue
[2024-07-05T14:36:17.322+0000] {logging_mixin.py:188} INFO - [2024-07-05T14:36:17.322+0000] {dagbag.py:545} INFO - Filling up the DagBag from /home/airflow/.local/lib/python3.12/site-packages/airflow/example_dags/example_branch_python_dop_operator_3.py
[2024-07-05T14:36:17.331+0000] {processor.py:840} INFO - DAG(s) 'example_branch_dop_operator_v3' retrieved from /home/airflow/.local/lib/python3.12/site-packages/airflow/example_dags/example_branch_python_dop_operator_3.py
[2024-07-05T14:36:17.346+0000] {logging_mixin.py:188} INFO - [2024-07-05T14:36:17.346+0000] {dag.py:3096} INFO - Sync 1 DAGs
[2024-07-05T14:36:17.361+0000] {logging_mixin.py:188} INFO - [2024-07-05T14:36:17.361+0000] {dag.py:3954} INFO - Setting next_dagrun for example_branch_dop_operator_v3 to 2024-07-05 14:35:00+00:00, run_after=2024-07-05 14:36:00+00:00
[2024-07-05T14:36:17.371+0000] {processor.py:183} INFO - Processing /home/airflow/.local/lib/python3.12/site-packages/airflow/example_dags/example_branch_python_dop_operator_3.py took 0.060 seconds
[2024-07-05T14:36:47.894+0000] {processor.py:161} INFO - Started process (PID=1043) to work on /home/airflow/.local/lib/python3.12/site-packages/airflow/example_dags/example_branch_python_dop_operator_3.py
[2024-07-05T14:36:47.895+0000] {processor.py:830} INFO - Processing file /home/airflow/.local/lib/python3.12/site-packages/airflow/example_dags/example_branch_python_dop_operator_3.py for tasks to queue
[2024-07-05T14:36:47.898+0000] {logging_mixin.py:188} INFO - [2024-07-05T14:36:47.897+0000] {dagbag.py:545} INFO - Filling up the DagBag from /home/airflow/.local/lib/python3.12/site-packages/airflow/example_dags/example_branch_python_dop_operator_3.py
[2024-07-05T14:36:47.906+0000] {processor.py:840} INFO - DAG(s) 'example_branch_dop_operator_v3' retrieved from /home/airflow/.local/lib/python3.12/site-packages/airflow/example_dags/example_branch_python_dop_operator_3.py
[2024-07-05T14:36:47.922+0000] {logging_mixin.py:188} INFO - [2024-07-05T14:36:47.922+0000] {dag.py:3096} INFO - Sync 1 DAGs
[2024-07-05T14:36:47.937+0000] {logging_mixin.py:188} INFO - [2024-07-05T14:36:47.937+0000] {dag.py:3954} INFO - Setting next_dagrun for example_branch_dop_operator_v3 to 2024-07-05 14:35:00+00:00, run_after=2024-07-05 14:36:00+00:00
[2024-07-05T14:36:47.948+0000] {processor.py:183} INFO - Processing /home/airflow/.local/lib/python3.12/site-packages/airflow/example_dags/example_branch_python_dop_operator_3.py took 0.060 seconds
[2024-07-05T14:37:18.486+0000] {processor.py:161} INFO - Started process (PID=1101) to work on /home/airflow/.local/lib/python3.12/site-packages/airflow/example_dags/example_branch_python_dop_operator_3.py
[2024-07-05T14:37:18.487+0000] {processor.py:830} INFO - Processing file /home/airflow/.local/lib/python3.12/site-packages/airflow/example_dags/example_branch_python_dop_operator_3.py for tasks to queue
[2024-07-05T14:37:18.489+0000] {logging_mixin.py:188} INFO - [2024-07-05T14:37:18.489+0000] {dagbag.py:545} INFO - Filling up the DagBag from /home/airflow/.local/lib/python3.12/site-packages/airflow/example_dags/example_branch_python_dop_operator_3.py
[2024-07-05T14:37:18.498+0000] {processor.py:840} INFO - DAG(s) 'example_branch_dop_operator_v3' retrieved from /home/airflow/.local/lib/python3.12/site-packages/airflow/example_dags/example_branch_python_dop_operator_3.py
[2024-07-05T14:37:18.518+0000] {logging_mixin.py:188} INFO - [2024-07-05T14:37:18.518+0000] {dag.py:3096} INFO - Sync 1 DAGs
[2024-07-05T14:37:18.538+0000] {logging_mixin.py:188} INFO - [2024-07-05T14:37:18.538+0000] {dag.py:3954} INFO - Setting next_dagrun for example_branch_dop_operator_v3 to 2024-07-05 14:36:00+00:00, run_after=2024-07-05 14:37:00+00:00
[2024-07-05T14:37:18.553+0000] {processor.py:183} INFO - Processing /home/airflow/.local/lib/python3.12/site-packages/airflow/example_dags/example_branch_python_dop_operator_3.py took 0.071 seconds
[2024-07-05T14:37:49.173+0000] {processor.py:161} INFO - Started process (PID=1159) to work on /home/airflow/.local/lib/python3.12/site-packages/airflow/example_dags/example_branch_python_dop_operator_3.py
[2024-07-05T14:37:49.175+0000] {processor.py:830} INFO - Processing file /home/airflow/.local/lib/python3.12/site-packages/airflow/example_dags/example_branch_python_dop_operator_3.py for tasks to queue
[2024-07-05T14:37:49.179+0000] {logging_mixin.py:188} INFO - [2024-07-05T14:37:49.178+0000] {dagbag.py:545} INFO - Filling up the DagBag from /home/airflow/.local/lib/python3.12/site-packages/airflow/example_dags/example_branch_python_dop_operator_3.py
[2024-07-05T14:37:49.191+0000] {processor.py:840} INFO - DAG(s) 'example_branch_dop_operator_v3' retrieved from /home/airflow/.local/lib/python3.12/site-packages/airflow/example_dags/example_branch_python_dop_operator_3.py
[2024-07-05T14:37:49.206+0000] {logging_mixin.py:188} INFO - [2024-07-05T14:37:49.206+0000] {dag.py:3096} INFO - Sync 1 DAGs
[2024-07-05T14:37:49.221+0000] {logging_mixin.py:188} INFO - [2024-07-05T14:37:49.221+0000] {dag.py:3954} INFO - Setting next_dagrun for example_branch_dop_operator_v3 to 2024-07-05 14:36:00+00:00, run_after=2024-07-05 14:37:00+00:00
[2024-07-05T14:37:49.231+0000] {processor.py:183} INFO - Processing /home/airflow/.local/lib/python3.12/site-packages/airflow/example_dags/example_branch_python_dop_operator_3.py took 0.070 seconds
[2024-07-05T14:38:19.896+0000] {processor.py:161} INFO - Started process (PID=1217) to work on /home/airflow/.local/lib/python3.12/site-packages/airflow/example_dags/example_branch_python_dop_operator_3.py
[2024-07-05T14:38:19.897+0000] {processor.py:830} INFO - Processing file /home/airflow/.local/lib/python3.12/site-packages/airflow/example_dags/example_branch_python_dop_operator_3.py for tasks to queue
[2024-07-05T14:38:19.899+0000] {logging_mixin.py:188} INFO - [2024-07-05T14:38:19.899+0000] {dagbag.py:545} INFO - Filling up the DagBag from /home/airflow/.local/lib/python3.12/site-packages/airflow/example_dags/example_branch_python_dop_operator_3.py
[2024-07-05T14:38:19.908+0000] {processor.py:840} INFO - DAG(s) 'example_branch_dop_operator_v3' retrieved from /home/airflow/.local/lib/python3.12/site-packages/airflow/example_dags/example_branch_python_dop_operator_3.py
[2024-07-05T14:38:19.924+0000] {logging_mixin.py:188} INFO - [2024-07-05T14:38:19.924+0000] {dag.py:3096} INFO - Sync 1 DAGs
[2024-07-05T14:38:19.939+0000] {logging_mixin.py:188} INFO - [2024-07-05T14:38:19.939+0000] {dag.py:3954} INFO - Setting next_dagrun for example_branch_dop_operator_v3 to 2024-07-05 14:37:00+00:00, run_after=2024-07-05 14:38:00+00:00
[2024-07-05T14:38:19.949+0000] {processor.py:183} INFO - Processing /home/airflow/.local/lib/python3.12/site-packages/airflow/example_dags/example_branch_python_dop_operator_3.py took 0.060 seconds
[2024-07-05T14:38:50.434+0000] {processor.py:161} INFO - Started process (PID=1275) to work on /home/airflow/.local/lib/python3.12/site-packages/airflow/example_dags/example_branch_python_dop_operator_3.py
[2024-07-05T14:38:50.435+0000] {processor.py:830} INFO - Processing file /home/airflow/.local/lib/python3.12/site-packages/airflow/example_dags/example_branch_python_dop_operator_3.py for tasks to queue
[2024-07-05T14:38:50.437+0000] {logging_mixin.py:188} INFO - [2024-07-05T14:38:50.437+0000] {dagbag.py:545} INFO - Filling up the DagBag from /home/airflow/.local/lib/python3.12/site-packages/airflow/example_dags/example_branch_python_dop_operator_3.py
[2024-07-05T14:38:50.445+0000] {processor.py:840} INFO - DAG(s) 'example_branch_dop_operator_v3' retrieved from /home/airflow/.local/lib/python3.12/site-packages/airflow/example_dags/example_branch_python_dop_operator_3.py
[2024-07-05T14:38:50.461+0000] {logging_mixin.py:188} INFO - [2024-07-05T14:38:50.461+0000] {dag.py:3096} INFO - Sync 1 DAGs
[2024-07-05T14:38:50.476+0000] {logging_mixin.py:188} INFO - [2024-07-05T14:38:50.476+0000] {dag.py:3954} INFO - Setting next_dagrun for example_branch_dop_operator_v3 to 2024-07-05 14:37:00+00:00, run_after=2024-07-05 14:38:00+00:00
[2024-07-05T14:38:50.486+0000] {processor.py:183} INFO - Processing /home/airflow/.local/lib/python3.12/site-packages/airflow/example_dags/example_branch_python_dop_operator_3.py took 0.059 seconds
[2024-07-05T14:39:20.999+0000] {processor.py:161} INFO - Started process (PID=1333) to work on /home/airflow/.local/lib/python3.12/site-packages/airflow/example_dags/example_branch_python_dop_operator_3.py
[2024-07-05T14:39:21.000+0000] {processor.py:830} INFO - Processing file /home/airflow/.local/lib/python3.12/site-packages/airflow/example_dags/example_branch_python_dop_operator_3.py for tasks to queue
[2024-07-05T14:39:21.002+0000] {logging_mixin.py:188} INFO - [2024-07-05T14:39:21.002+0000] {dagbag.py:545} INFO - Filling up the DagBag from /home/airflow/.local/lib/python3.12/site-packages/airflow/example_dags/example_branch_python_dop_operator_3.py
[2024-07-05T14:39:21.010+0000] {processor.py:840} INFO - DAG(s) 'example_branch_dop_operator_v3' retrieved from /home/airflow/.local/lib/python3.12/site-packages/airflow/example_dags/example_branch_python_dop_operator_3.py
[2024-07-05T14:39:21.025+0000] {logging_mixin.py:188} INFO - [2024-07-05T14:39:21.025+0000] {dag.py:3096} INFO - Sync 1 DAGs
[2024-07-05T14:39:21.039+0000] {logging_mixin.py:188} INFO - [2024-07-05T14:39:21.039+0000] {dag.py:3954} INFO - Setting next_dagrun for example_branch_dop_operator_v3 to 2024-07-05 14:38:00+00:00, run_after=2024-07-05 14:39:00+00:00
[2024-07-05T14:39:21.050+0000] {processor.py:183} INFO - Processing /home/airflow/.local/lib/python3.12/site-packages/airflow/example_dags/example_branch_python_dop_operator_3.py took 0.058 seconds
[2024-07-05T14:39:51.731+0000] {processor.py:161} INFO - Started process (PID=1391) to work on /home/airflow/.local/lib/python3.12/site-packages/airflow/example_dags/example_branch_python_dop_operator_3.py
[2024-07-05T14:39:51.732+0000] {processor.py:830} INFO - Processing file /home/airflow/.local/lib/python3.12/site-packages/airflow/example_dags/example_branch_python_dop_operator_3.py for tasks to queue
[2024-07-05T14:39:51.734+0000] {logging_mixin.py:188} INFO - [2024-07-05T14:39:51.734+0000] {dagbag.py:545} INFO - Filling up the DagBag from /home/airflow/.local/lib/python3.12/site-packages/airflow/example_dags/example_branch_python_dop_operator_3.py
[2024-07-05T14:39:51.743+0000] {processor.py:840} INFO - DAG(s) 'example_branch_dop_operator_v3' retrieved from /home/airflow/.local/lib/python3.12/site-packages/airflow/example_dags/example_branch_python_dop_operator_3.py
[2024-07-05T14:39:51.758+0000] {logging_mixin.py:188} INFO - [2024-07-05T14:39:51.758+0000] {dag.py:3096} INFO - Sync 1 DAGs
[2024-07-05T14:39:51.773+0000] {logging_mixin.py:188} INFO - [2024-07-05T14:39:51.773+0000] {dag.py:3954} INFO - Setting next_dagrun for example_branch_dop_operator_v3 to 2024-07-05 14:38:00+00:00, run_after=2024-07-05 14:39:00+00:00
[2024-07-05T14:39:51.783+0000] {processor.py:183} INFO - Processing /home/airflow/.local/lib/python3.12/site-packages/airflow/example_dags/example_branch_python_dop_operator_3.py took 0.059 seconds
[2024-07-05T14:40:22.527+0000] {processor.py:161} INFO - Started process (PID=1449) to work on /home/airflow/.local/lib/python3.12/site-packages/airflow/example_dags/example_branch_python_dop_operator_3.py
[2024-07-05T14:40:22.529+0000] {processor.py:830} INFO - Processing file /home/airflow/.local/lib/python3.12/site-packages/airflow/example_dags/example_branch_python_dop_operator_3.py for tasks to queue
[2024-07-05T14:40:22.531+0000] {logging_mixin.py:188} INFO - [2024-07-05T14:40:22.530+0000] {dagbag.py:545} INFO - Filling up the DagBag from /home/airflow/.local/lib/python3.12/site-packages/airflow/example_dags/example_branch_python_dop_operator_3.py
[2024-07-05T14:40:22.539+0000] {processor.py:840} INFO - DAG(s) 'example_branch_dop_operator_v3' retrieved from /home/airflow/.local/lib/python3.12/site-packages/airflow/example_dags/example_branch_python_dop_operator_3.py
[2024-07-05T14:40:22.554+0000] {logging_mixin.py:188} INFO - [2024-07-05T14:40:22.554+0000] {dag.py:3096} INFO - Sync 1 DAGs
[2024-07-05T14:40:22.569+0000] {logging_mixin.py:188} INFO - [2024-07-05T14:40:22.569+0000] {dag.py:3954} INFO - Setting next_dagrun for example_branch_dop_operator_v3 to 2024-07-05 14:39:00+00:00, run_after=2024-07-05 14:40:00+00:00
[2024-07-05T14:40:22.580+0000] {processor.py:183} INFO - Processing /home/airflow/.local/lib/python3.12/site-packages/airflow/example_dags/example_branch_python_dop_operator_3.py took 0.059 seconds
[2024-07-05T14:40:53.243+0000] {processor.py:161} INFO - Started process (PID=1506) to work on /home/airflow/.local/lib/python3.12/site-packages/airflow/example_dags/example_branch_python_dop_operator_3.py
[2024-07-05T14:40:53.245+0000] {processor.py:830} INFO - Processing file /home/airflow/.local/lib/python3.12/site-packages/airflow/example_dags/example_branch_python_dop_operator_3.py for tasks to queue
[2024-07-05T14:40:53.248+0000] {logging_mixin.py:188} INFO - [2024-07-05T14:40:53.247+0000] {dagbag.py:545} INFO - Filling up the DagBag from /home/airflow/.local/lib/python3.12/site-packages/airflow/example_dags/example_branch_python_dop_operator_3.py
[2024-07-05T14:40:53.257+0000] {processor.py:840} INFO - DAG(s) 'example_branch_dop_operator_v3' retrieved from /home/airflow/.local/lib/python3.12/site-packages/airflow/example_dags/example_branch_python_dop_operator_3.py
[2024-07-05T14:40:53.276+0000] {logging_mixin.py:188} INFO - [2024-07-05T14:40:53.276+0000] {dag.py:3096} INFO - Sync 1 DAGs
[2024-07-05T14:40:53.298+0000] {logging_mixin.py:188} INFO - [2024-07-05T14:40:53.298+0000] {dag.py:3954} INFO - Setting next_dagrun for example_branch_dop_operator_v3 to 2024-07-05 14:39:00+00:00, run_after=2024-07-05 14:40:00+00:00
[2024-07-05T14:40:53.310+0000] {processor.py:183} INFO - Processing /home/airflow/.local/lib/python3.12/site-packages/airflow/example_dags/example_branch_python_dop_operator_3.py took 0.073 seconds
[2024-07-05T14:41:23.967+0000] {processor.py:161} INFO - Started process (PID=1564) to work on /home/airflow/.local/lib/python3.12/site-packages/airflow/example_dags/example_branch_python_dop_operator_3.py
[2024-07-05T14:41:23.969+0000] {processor.py:830} INFO - Processing file /home/airflow/.local/lib/python3.12/site-packages/airflow/example_dags/example_branch_python_dop_operator_3.py for tasks to queue
[2024-07-05T14:41:23.970+0000] {logging_mixin.py:188} INFO - [2024-07-05T14:41:23.970+0000] {dagbag.py:545} INFO - Filling up the DagBag from /home/airflow/.local/lib/python3.12/site-packages/airflow/example_dags/example_branch_python_dop_operator_3.py
[2024-07-05T14:41:23.975+0000] {processor.py:840} INFO - DAG(s) 'example_branch_dop_operator_v3' retrieved from /home/airflow/.local/lib/python3.12/site-packages/airflow/example_dags/example_branch_python_dop_operator_3.py
[2024-07-05T14:41:24.003+0000] {logging_mixin.py:188} INFO - [2024-07-05T14:41:24.002+0000] {dag.py:3096} INFO - Sync 1 DAGs
[2024-07-05T14:41:24.021+0000] {logging_mixin.py:188} INFO - [2024-07-05T14:41:24.020+0000] {dag.py:3954} INFO - Setting next_dagrun for example_branch_dop_operator_v3 to 2024-07-05 14:40:00+00:00, run_after=2024-07-05 14:41:00+00:00
[2024-07-05T14:41:24.032+0000] {processor.py:183} INFO - Processing /home/airflow/.local/lib/python3.12/site-packages/airflow/example_dags/example_branch_python_dop_operator_3.py took 0.069 seconds
[2024-07-05T14:41:54.231+0000] {processor.py:161} INFO - Started process (PID=1622) to work on /home/airflow/.local/lib/python3.12/site-packages/airflow/example_dags/example_branch_python_dop_operator_3.py
[2024-07-05T14:41:54.233+0000] {processor.py:830} INFO - Processing file /home/airflow/.local/lib/python3.12/site-packages/airflow/example_dags/example_branch_python_dop_operator_3.py for tasks to queue
[2024-07-05T14:41:54.236+0000] {logging_mixin.py:188} INFO - [2024-07-05T14:41:54.235+0000] {dagbag.py:545} INFO - Filling up the DagBag from /home/airflow/.local/lib/python3.12/site-packages/airflow/example_dags/example_branch_python_dop_operator_3.py
[2024-07-05T14:41:54.244+0000] {processor.py:840} INFO - DAG(s) 'example_branch_dop_operator_v3' retrieved from /home/airflow/.local/lib/python3.12/site-packages/airflow/example_dags/example_branch_python_dop_operator_3.py
[2024-07-05T14:41:54.262+0000] {logging_mixin.py:188} INFO - [2024-07-05T14:41:54.261+0000] {dag.py:3096} INFO - Sync 1 DAGs
[2024-07-05T14:41:54.280+0000] {logging_mixin.py:188} INFO - [2024-07-05T14:41:54.280+0000] {dag.py:3954} INFO - Setting next_dagrun for example_branch_dop_operator_v3 to 2024-07-05 14:40:00+00:00, run_after=2024-07-05 14:41:00+00:00
[2024-07-05T14:41:54.292+0000] {processor.py:183} INFO - Processing /home/airflow/.local/lib/python3.12/site-packages/airflow/example_dags/example_branch_python_dop_operator_3.py took 0.068 seconds
[2024-07-05T14:42:24.378+0000] {processor.py:161} INFO - Started process (PID=1681) to work on /home/airflow/.local/lib/python3.12/site-packages/airflow/example_dags/example_branch_python_dop_operator_3.py
[2024-07-05T14:42:24.379+0000] {processor.py:830} INFO - Processing file /home/airflow/.local/lib/python3.12/site-packages/airflow/example_dags/example_branch_python_dop_operator_3.py for tasks to queue
[2024-07-05T14:42:24.380+0000] {logging_mixin.py:188} INFO - [2024-07-05T14:42:24.379+0000] {dagbag.py:545} INFO - Filling up the DagBag from /home/airflow/.local/lib/python3.12/site-packages/airflow/example_dags/example_branch_python_dop_operator_3.py
[2024-07-05T14:42:24.385+0000] {processor.py:840} INFO - DAG(s) 'example_branch_dop_operator_v3' retrieved from /home/airflow/.local/lib/python3.12/site-packages/airflow/example_dags/example_branch_python_dop_operator_3.py
[2024-07-05T14:42:24.397+0000] {logging_mixin.py:188} INFO - [2024-07-05T14:42:24.397+0000] {dag.py:3096} INFO - Sync 1 DAGs
[2024-07-05T14:42:24.409+0000] {logging_mixin.py:188} INFO - [2024-07-05T14:42:24.409+0000] {dag.py:3954} INFO - Setting next_dagrun for example_branch_dop_operator_v3 to 2024-07-05 14:41:00+00:00, run_after=2024-07-05 14:42:00+00:00
[2024-07-05T14:42:24.418+0000] {processor.py:183} INFO - Processing /home/airflow/.local/lib/python3.12/site-packages/airflow/example_dags/example_branch_python_dop_operator_3.py took 0.043 seconds
[2024-07-05T14:42:54.649+0000] {processor.py:161} INFO - Started process (PID=1737) to work on /home/airflow/.local/lib/python3.12/site-packages/airflow/example_dags/example_branch_python_dop_operator_3.py
[2024-07-05T14:42:54.650+0000] {processor.py:830} INFO - Processing file /home/airflow/.local/lib/python3.12/site-packages/airflow/example_dags/example_branch_python_dop_operator_3.py for tasks to queue
[2024-07-05T14:42:54.652+0000] {logging_mixin.py:188} INFO - [2024-07-05T14:42:54.652+0000] {dagbag.py:545} INFO - Filling up the DagBag from /home/airflow/.local/lib/python3.12/site-packages/airflow/example_dags/example_branch_python_dop_operator_3.py
[2024-07-05T14:42:54.660+0000] {processor.py:840} INFO - DAG(s) 'example_branch_dop_operator_v3' retrieved from /home/airflow/.local/lib/python3.12/site-packages/airflow/example_dags/example_branch_python_dop_operator_3.py
[2024-07-05T14:42:54.675+0000] {logging_mixin.py:188} INFO - [2024-07-05T14:42:54.675+0000] {dag.py:3096} INFO - Sync 1 DAGs
[2024-07-05T14:42:54.692+0000] {logging_mixin.py:188} INFO - [2024-07-05T14:42:54.692+0000] {dag.py:3954} INFO - Setting next_dagrun for example_branch_dop_operator_v3 to 2024-07-05 14:41:00+00:00, run_after=2024-07-05 14:42:00+00:00
[2024-07-05T14:42:54.702+0000] {processor.py:183} INFO - Processing /home/airflow/.local/lib/python3.12/site-packages/airflow/example_dags/example_branch_python_dop_operator_3.py took 0.060 seconds
[2024-07-05T14:43:24.745+0000] {processor.py:161} INFO - Started process (PID=1795) to work on /home/airflow/.local/lib/python3.12/site-packages/airflow/example_dags/example_branch_python_dop_operator_3.py
[2024-07-05T14:43:24.746+0000] {processor.py:830} INFO - Processing file /home/airflow/.local/lib/python3.12/site-packages/airflow/example_dags/example_branch_python_dop_operator_3.py for tasks to queue
[2024-07-05T14:43:24.748+0000] {logging_mixin.py:188} INFO - [2024-07-05T14:43:24.748+0000] {dagbag.py:545} INFO - Filling up the DagBag from /home/airflow/.local/lib/python3.12/site-packages/airflow/example_dags/example_branch_python_dop_operator_3.py
[2024-07-05T14:43:24.756+0000] {processor.py:840} INFO - DAG(s) 'example_branch_dop_operator_v3' retrieved from /home/airflow/.local/lib/python3.12/site-packages/airflow/example_dags/example_branch_python_dop_operator_3.py
[2024-07-05T14:43:24.771+0000] {logging_mixin.py:188} INFO - [2024-07-05T14:43:24.771+0000] {dag.py:3096} INFO - Sync 1 DAGs
[2024-07-05T14:43:24.786+0000] {logging_mixin.py:188} INFO - [2024-07-05T14:43:24.785+0000] {dag.py:3954} INFO - Setting next_dagrun for example_branch_dop_operator_v3 to 2024-07-05 14:42:00+00:00, run_after=2024-07-05 14:43:00+00:00
[2024-07-05T14:43:24.795+0000] {processor.py:183} INFO - Processing /home/airflow/.local/lib/python3.12/site-packages/airflow/example_dags/example_branch_python_dop_operator_3.py took 0.057 seconds
[2024-07-05T14:43:55.474+0000] {processor.py:161} INFO - Started process (PID=1853) to work on /home/airflow/.local/lib/python3.12/site-packages/airflow/example_dags/example_branch_python_dop_operator_3.py
[2024-07-05T14:43:55.476+0000] {processor.py:830} INFO - Processing file /home/airflow/.local/lib/python3.12/site-packages/airflow/example_dags/example_branch_python_dop_operator_3.py for tasks to queue
[2024-07-05T14:43:55.478+0000] {logging_mixin.py:188} INFO - [2024-07-05T14:43:55.478+0000] {dagbag.py:545} INFO - Filling up the DagBag from /home/airflow/.local/lib/python3.12/site-packages/airflow/example_dags/example_branch_python_dop_operator_3.py
[2024-07-05T14:43:55.487+0000] {processor.py:840} INFO - DAG(s) 'example_branch_dop_operator_v3' retrieved from /home/airflow/.local/lib/python3.12/site-packages/airflow/example_dags/example_branch_python_dop_operator_3.py
[2024-07-05T14:43:55.502+0000] {logging_mixin.py:188} INFO - [2024-07-05T14:43:55.502+0000] {dag.py:3096} INFO - Sync 1 DAGs
[2024-07-05T14:43:55.517+0000] {logging_mixin.py:188} INFO - [2024-07-05T14:43:55.517+0000] {dag.py:3954} INFO - Setting next_dagrun for example_branch_dop_operator_v3 to 2024-07-05 14:42:00+00:00, run_after=2024-07-05 14:43:00+00:00
[2024-07-05T14:43:55.527+0000] {processor.py:183} INFO - Processing /home/airflow/.local/lib/python3.12/site-packages/airflow/example_dags/example_branch_python_dop_operator_3.py took 0.059 seconds
[2024-07-05T14:44:25.580+0000] {processor.py:161} INFO - Started process (PID=1910) to work on /home/airflow/.local/lib/python3.12/site-packages/airflow/example_dags/example_branch_python_dop_operator_3.py
[2024-07-05T14:44:25.581+0000] {processor.py:830} INFO - Processing file /home/airflow/.local/lib/python3.12/site-packages/airflow/example_dags/example_branch_python_dop_operator_3.py for tasks to queue
[2024-07-05T14:44:25.583+0000] {logging_mixin.py:188} INFO - [2024-07-05T14:44:25.583+0000] {dagbag.py:545} INFO - Filling up the DagBag from /home/airflow/.local/lib/python3.12/site-packages/airflow/example_dags/example_branch_python_dop_operator_3.py
[2024-07-05T14:44:25.592+0000] {processor.py:840} INFO - DAG(s) 'example_branch_dop_operator_v3' retrieved from /home/airflow/.local/lib/python3.12/site-packages/airflow/example_dags/example_branch_python_dop_operator_3.py
[2024-07-05T14:44:25.607+0000] {logging_mixin.py:188} INFO - [2024-07-05T14:44:25.607+0000] {dag.py:3096} INFO - Sync 1 DAGs
[2024-07-05T14:44:25.623+0000] {logging_mixin.py:188} INFO - [2024-07-05T14:44:25.623+0000] {dag.py:3954} INFO - Setting next_dagrun for example_branch_dop_operator_v3 to 2024-07-05 14:43:00+00:00, run_after=2024-07-05 14:44:00+00:00
[2024-07-05T14:44:25.634+0000] {processor.py:183} INFO - Processing /home/airflow/.local/lib/python3.12/site-packages/airflow/example_dags/example_branch_python_dop_operator_3.py took 0.061 seconds
