[2024-07-05T14:09:18.246+0000] {processor.py:161} INFO - Started process (PID=50) to work on /home/airflow/.local/lib/python3.12/site-packages/airflow/example_dags/example_task_group_decorator.py
[2024-07-05T14:09:18.250+0000] {processor.py:830} INFO - Processing file /home/airflow/.local/lib/python3.12/site-packages/airflow/example_dags/example_task_group_decorator.py for tasks to queue
[2024-07-05T14:09:18.256+0000] {logging_mixin.py:188} INFO - [2024-07-05T14:09:18.256+0000] {dagbag.py:545} INFO - Filling up the DagBag from /home/airflow/.local/lib/python3.12/site-packages/airflow/example_dags/example_task_group_decorator.py
[2024-07-05T14:09:18.280+0000] {processor.py:840} INFO - DAG(s) 'example_task_group_decorator' retrieved from /home/airflow/.local/lib/python3.12/site-packages/airflow/example_dags/example_task_group_decorator.py
[2024-07-05T14:09:18.298+0000] {logging_mixin.py:188} INFO - [2024-07-05T14:09:18.298+0000] {dag.py:3096} INFO - Sync 1 DAGs
[2024-07-05T14:09:18.344+0000] {logging_mixin.py:188} INFO - [2024-07-05T14:09:18.344+0000] {dag.py:3954} INFO - Setting next_dagrun for example_task_group_decorator to 2024-07-04 00:00:00+00:00, run_after=2024-07-05 00:00:00+00:00
[2024-07-05T14:09:18.372+0000] {processor.py:183} INFO - Processing /home/airflow/.local/lib/python3.12/site-packages/airflow/example_dags/example_task_group_decorator.py took 0.145 seconds
[2024-07-05T14:09:48.973+0000] {processor.py:161} INFO - Started process (PID=108) to work on /home/airflow/.local/lib/python3.12/site-packages/airflow/example_dags/example_task_group_decorator.py
[2024-07-05T14:09:48.973+0000] {processor.py:830} INFO - Processing file /home/airflow/.local/lib/python3.12/site-packages/airflow/example_dags/example_task_group_decorator.py for tasks to queue
[2024-07-05T14:09:48.974+0000] {logging_mixin.py:188} INFO - [2024-07-05T14:09:48.974+0000] {dagbag.py:545} INFO - Filling up the DagBag from /home/airflow/.local/lib/python3.12/site-packages/airflow/example_dags/example_task_group_decorator.py
[2024-07-05T14:09:48.981+0000] {processor.py:840} INFO - DAG(s) 'example_task_group_decorator' retrieved from /home/airflow/.local/lib/python3.12/site-packages/airflow/example_dags/example_task_group_decorator.py
[2024-07-05T14:09:49.044+0000] {logging_mixin.py:188} INFO - [2024-07-05T14:09:49.044+0000] {dag.py:3096} INFO - Sync 1 DAGs
[2024-07-05T14:09:49.053+0000] {logging_mixin.py:188} INFO - [2024-07-05T14:09:49.053+0000] {dag.py:3954} INFO - Setting next_dagrun for example_task_group_decorator to 2024-07-04 00:00:00+00:00, run_after=2024-07-05 00:00:00+00:00
[2024-07-05T14:09:49.064+0000] {processor.py:183} INFO - Processing /home/airflow/.local/lib/python3.12/site-packages/airflow/example_dags/example_task_group_decorator.py took 0.094 seconds
[2024-07-05T14:10:19.768+0000] {processor.py:161} INFO - Started process (PID=166) to work on /home/airflow/.local/lib/python3.12/site-packages/airflow/example_dags/example_task_group_decorator.py
[2024-07-05T14:10:19.768+0000] {processor.py:830} INFO - Processing file /home/airflow/.local/lib/python3.12/site-packages/airflow/example_dags/example_task_group_decorator.py for tasks to queue
[2024-07-05T14:10:19.770+0000] {logging_mixin.py:188} INFO - [2024-07-05T14:10:19.770+0000] {dagbag.py:545} INFO - Filling up the DagBag from /home/airflow/.local/lib/python3.12/site-packages/airflow/example_dags/example_task_group_decorator.py
[2024-07-05T14:10:19.778+0000] {processor.py:840} INFO - DAG(s) 'example_task_group_decorator' retrieved from /home/airflow/.local/lib/python3.12/site-packages/airflow/example_dags/example_task_group_decorator.py
[2024-07-05T14:10:19.796+0000] {logging_mixin.py:188} INFO - [2024-07-05T14:10:19.796+0000] {dag.py:3096} INFO - Sync 1 DAGs
[2024-07-05T14:10:19.930+0000] {logging_mixin.py:188} INFO - [2024-07-05T14:10:19.929+0000] {dag.py:3954} INFO - Setting next_dagrun for example_task_group_decorator to 2024-07-04 00:00:00+00:00, run_after=2024-07-05 00:00:00+00:00
[2024-07-05T14:10:20.121+0000] {processor.py:183} INFO - Processing /home/airflow/.local/lib/python3.12/site-packages/airflow/example_dags/example_task_group_decorator.py took 0.356 seconds
[2024-07-05T14:10:50.161+0000] {processor.py:161} INFO - Started process (PID=224) to work on /home/airflow/.local/lib/python3.12/site-packages/airflow/example_dags/example_task_group_decorator.py
[2024-07-05T14:10:50.161+0000] {processor.py:830} INFO - Processing file /home/airflow/.local/lib/python3.12/site-packages/airflow/example_dags/example_task_group_decorator.py for tasks to queue
[2024-07-05T14:10:50.162+0000] {logging_mixin.py:188} INFO - [2024-07-05T14:10:50.162+0000] {dagbag.py:545} INFO - Filling up the DagBag from /home/airflow/.local/lib/python3.12/site-packages/airflow/example_dags/example_task_group_decorator.py
[2024-07-05T14:10:50.168+0000] {processor.py:840} INFO - DAG(s) 'example_task_group_decorator' retrieved from /home/airflow/.local/lib/python3.12/site-packages/airflow/example_dags/example_task_group_decorator.py
[2024-07-05T14:10:50.180+0000] {logging_mixin.py:188} INFO - [2024-07-05T14:10:50.179+0000] {dag.py:3096} INFO - Sync 1 DAGs
[2024-07-05T14:10:50.189+0000] {logging_mixin.py:188} INFO - [2024-07-05T14:10:50.188+0000] {dag.py:3954} INFO - Setting next_dagrun for example_task_group_decorator to 2024-07-04 00:00:00+00:00, run_after=2024-07-05 00:00:00+00:00
[2024-07-05T14:10:50.196+0000] {processor.py:183} INFO - Processing /home/airflow/.local/lib/python3.12/site-packages/airflow/example_dags/example_task_group_decorator.py took 0.038 seconds
[2024-07-05T14:11:20.340+0000] {processor.py:161} INFO - Started process (PID=282) to work on /home/airflow/.local/lib/python3.12/site-packages/airflow/example_dags/example_task_group_decorator.py
[2024-07-05T14:11:20.341+0000] {processor.py:830} INFO - Processing file /home/airflow/.local/lib/python3.12/site-packages/airflow/example_dags/example_task_group_decorator.py for tasks to queue
[2024-07-05T14:11:20.343+0000] {logging_mixin.py:188} INFO - [2024-07-05T14:11:20.342+0000] {dagbag.py:545} INFO - Filling up the DagBag from /home/airflow/.local/lib/python3.12/site-packages/airflow/example_dags/example_task_group_decorator.py
[2024-07-05T14:11:20.349+0000] {processor.py:840} INFO - DAG(s) 'example_task_group_decorator' retrieved from /home/airflow/.local/lib/python3.12/site-packages/airflow/example_dags/example_task_group_decorator.py
[2024-07-05T14:11:20.360+0000] {logging_mixin.py:188} INFO - [2024-07-05T14:11:20.360+0000] {dag.py:3096} INFO - Sync 1 DAGs
[2024-07-05T14:11:20.369+0000] {logging_mixin.py:188} INFO - [2024-07-05T14:11:20.369+0000] {dag.py:3954} INFO - Setting next_dagrun for example_task_group_decorator to 2024-07-04 00:00:00+00:00, run_after=2024-07-05 00:00:00+00:00
[2024-07-05T14:11:20.376+0000] {processor.py:183} INFO - Processing /home/airflow/.local/lib/python3.12/site-packages/airflow/example_dags/example_task_group_decorator.py took 0.039 seconds
[2024-07-05T14:11:51.566+0000] {processor.py:161} INFO - Started process (PID=340) to work on /home/airflow/.local/lib/python3.12/site-packages/airflow/example_dags/example_task_group_decorator.py
[2024-07-05T14:11:51.567+0000] {processor.py:830} INFO - Processing file /home/airflow/.local/lib/python3.12/site-packages/airflow/example_dags/example_task_group_decorator.py for tasks to queue
[2024-07-05T14:11:51.569+0000] {logging_mixin.py:188} INFO - [2024-07-05T14:11:51.568+0000] {dagbag.py:545} INFO - Filling up the DagBag from /home/airflow/.local/lib/python3.12/site-packages/airflow/example_dags/example_task_group_decorator.py
[2024-07-05T14:11:51.577+0000] {processor.py:840} INFO - DAG(s) 'example_task_group_decorator' retrieved from /home/airflow/.local/lib/python3.12/site-packages/airflow/example_dags/example_task_group_decorator.py
[2024-07-05T14:11:51.596+0000] {logging_mixin.py:188} INFO - [2024-07-05T14:11:51.596+0000] {dag.py:3096} INFO - Sync 1 DAGs
[2024-07-05T14:11:51.608+0000] {logging_mixin.py:188} INFO - [2024-07-05T14:11:51.608+0000] {dag.py:3954} INFO - Setting next_dagrun for example_task_group_decorator to 2024-07-04 00:00:00+00:00, run_after=2024-07-05 00:00:00+00:00
[2024-07-05T14:11:51.618+0000] {processor.py:183} INFO - Processing /home/airflow/.local/lib/python3.12/site-packages/airflow/example_dags/example_task_group_decorator.py took 0.057 seconds
[2024-07-05T14:12:22.647+0000] {processor.py:161} INFO - Started process (PID=398) to work on /home/airflow/.local/lib/python3.12/site-packages/airflow/example_dags/example_task_group_decorator.py
[2024-07-05T14:12:22.647+0000] {processor.py:830} INFO - Processing file /home/airflow/.local/lib/python3.12/site-packages/airflow/example_dags/example_task_group_decorator.py for tasks to queue
[2024-07-05T14:12:22.649+0000] {logging_mixin.py:188} INFO - [2024-07-05T14:12:22.648+0000] {dagbag.py:545} INFO - Filling up the DagBag from /home/airflow/.local/lib/python3.12/site-packages/airflow/example_dags/example_task_group_decorator.py
[2024-07-05T14:12:22.655+0000] {processor.py:840} INFO - DAG(s) 'example_task_group_decorator' retrieved from /home/airflow/.local/lib/python3.12/site-packages/airflow/example_dags/example_task_group_decorator.py
[2024-07-05T14:12:22.671+0000] {logging_mixin.py:188} INFO - [2024-07-05T14:12:22.671+0000] {dag.py:3096} INFO - Sync 1 DAGs
[2024-07-05T14:12:22.684+0000] {logging_mixin.py:188} INFO - [2024-07-05T14:12:22.684+0000] {dag.py:3954} INFO - Setting next_dagrun for example_task_group_decorator to 2024-07-04 00:00:00+00:00, run_after=2024-07-05 00:00:00+00:00
[2024-07-05T14:12:22.697+0000] {processor.py:183} INFO - Processing /home/airflow/.local/lib/python3.12/site-packages/airflow/example_dags/example_task_group_decorator.py took 0.054 seconds
[2024-07-05T14:12:53.586+0000] {processor.py:161} INFO - Started process (PID=456) to work on /home/airflow/.local/lib/python3.12/site-packages/airflow/example_dags/example_task_group_decorator.py
[2024-07-05T14:12:53.587+0000] {processor.py:830} INFO - Processing file /home/airflow/.local/lib/python3.12/site-packages/airflow/example_dags/example_task_group_decorator.py for tasks to queue
[2024-07-05T14:12:53.589+0000] {logging_mixin.py:188} INFO - [2024-07-05T14:12:53.588+0000] {dagbag.py:545} INFO - Filling up the DagBag from /home/airflow/.local/lib/python3.12/site-packages/airflow/example_dags/example_task_group_decorator.py
[2024-07-05T14:12:53.597+0000] {processor.py:840} INFO - DAG(s) 'example_task_group_decorator' retrieved from /home/airflow/.local/lib/python3.12/site-packages/airflow/example_dags/example_task_group_decorator.py
[2024-07-05T14:12:53.611+0000] {logging_mixin.py:188} INFO - [2024-07-05T14:12:53.611+0000] {dag.py:3096} INFO - Sync 1 DAGs
[2024-07-05T14:12:53.623+0000] {logging_mixin.py:188} INFO - [2024-07-05T14:12:53.623+0000] {dag.py:3954} INFO - Setting next_dagrun for example_task_group_decorator to 2024-07-04 00:00:00+00:00, run_after=2024-07-05 00:00:00+00:00
[2024-07-05T14:12:53.633+0000] {processor.py:183} INFO - Processing /home/airflow/.local/lib/python3.12/site-packages/airflow/example_dags/example_task_group_decorator.py took 0.051 seconds
[2024-07-05T14:13:24.522+0000] {processor.py:161} INFO - Started process (PID=514) to work on /home/airflow/.local/lib/python3.12/site-packages/airflow/example_dags/example_task_group_decorator.py
[2024-07-05T14:13:24.523+0000] {processor.py:830} INFO - Processing file /home/airflow/.local/lib/python3.12/site-packages/airflow/example_dags/example_task_group_decorator.py for tasks to queue
[2024-07-05T14:13:24.524+0000] {logging_mixin.py:188} INFO - [2024-07-05T14:13:24.524+0000] {dagbag.py:545} INFO - Filling up the DagBag from /home/airflow/.local/lib/python3.12/site-packages/airflow/example_dags/example_task_group_decorator.py
[2024-07-05T14:13:24.531+0000] {processor.py:840} INFO - DAG(s) 'example_task_group_decorator' retrieved from /home/airflow/.local/lib/python3.12/site-packages/airflow/example_dags/example_task_group_decorator.py
[2024-07-05T14:13:24.543+0000] {logging_mixin.py:188} INFO - [2024-07-05T14:13:24.543+0000] {dag.py:3096} INFO - Sync 1 DAGs
[2024-07-05T14:13:24.554+0000] {logging_mixin.py:188} INFO - [2024-07-05T14:13:24.554+0000] {dag.py:3954} INFO - Setting next_dagrun for example_task_group_decorator to 2024-07-04 00:00:00+00:00, run_after=2024-07-05 00:00:00+00:00
[2024-07-05T14:13:24.562+0000] {processor.py:183} INFO - Processing /home/airflow/.local/lib/python3.12/site-packages/airflow/example_dags/example_task_group_decorator.py took 0.043 seconds
[2024-07-05T14:13:54.829+0000] {processor.py:161} INFO - Started process (PID=572) to work on /home/airflow/.local/lib/python3.12/site-packages/airflow/example_dags/example_task_group_decorator.py
[2024-07-05T14:13:54.830+0000] {processor.py:830} INFO - Processing file /home/airflow/.local/lib/python3.12/site-packages/airflow/example_dags/example_task_group_decorator.py for tasks to queue
[2024-07-05T14:13:54.831+0000] {logging_mixin.py:188} INFO - [2024-07-05T14:13:54.831+0000] {dagbag.py:545} INFO - Filling up the DagBag from /home/airflow/.local/lib/python3.12/site-packages/airflow/example_dags/example_task_group_decorator.py
[2024-07-05T14:13:54.839+0000] {processor.py:840} INFO - DAG(s) 'example_task_group_decorator' retrieved from /home/airflow/.local/lib/python3.12/site-packages/airflow/example_dags/example_task_group_decorator.py
[2024-07-05T14:13:54.853+0000] {logging_mixin.py:188} INFO - [2024-07-05T14:13:54.853+0000] {dag.py:3096} INFO - Sync 1 DAGs
[2024-07-05T14:13:54.864+0000] {logging_mixin.py:188} INFO - [2024-07-05T14:13:54.864+0000] {dag.py:3954} INFO - Setting next_dagrun for example_task_group_decorator to 2024-07-04 00:00:00+00:00, run_after=2024-07-05 00:00:00+00:00
[2024-07-05T14:13:54.875+0000] {processor.py:183} INFO - Processing /home/airflow/.local/lib/python3.12/site-packages/airflow/example_dags/example_task_group_decorator.py took 0.049 seconds
[2024-07-05T14:14:25.235+0000] {processor.py:161} INFO - Started process (PID=630) to work on /home/airflow/.local/lib/python3.12/site-packages/airflow/example_dags/example_task_group_decorator.py
[2024-07-05T14:14:25.235+0000] {processor.py:830} INFO - Processing file /home/airflow/.local/lib/python3.12/site-packages/airflow/example_dags/example_task_group_decorator.py for tasks to queue
[2024-07-05T14:14:25.237+0000] {logging_mixin.py:188} INFO - [2024-07-05T14:14:25.236+0000] {dagbag.py:545} INFO - Filling up the DagBag from /home/airflow/.local/lib/python3.12/site-packages/airflow/example_dags/example_task_group_decorator.py
[2024-07-05T14:14:25.246+0000] {processor.py:840} INFO - DAG(s) 'example_task_group_decorator' retrieved from /home/airflow/.local/lib/python3.12/site-packages/airflow/example_dags/example_task_group_decorator.py
[2024-07-05T14:14:25.264+0000] {logging_mixin.py:188} INFO - [2024-07-05T14:14:25.264+0000] {dag.py:3096} INFO - Sync 1 DAGs
[2024-07-05T14:14:25.281+0000] {logging_mixin.py:188} INFO - [2024-07-05T14:14:25.280+0000] {dag.py:3954} INFO - Setting next_dagrun for example_task_group_decorator to 2024-07-04 00:00:00+00:00, run_after=2024-07-05 00:00:00+00:00
[2024-07-05T14:14:25.306+0000] {processor.py:183} INFO - Processing /home/airflow/.local/lib/python3.12/site-packages/airflow/example_dags/example_task_group_decorator.py took 0.075 seconds
[2024-07-05T14:14:55.480+0000] {processor.py:161} INFO - Started process (PID=688) to work on /home/airflow/.local/lib/python3.12/site-packages/airflow/example_dags/example_task_group_decorator.py
[2024-07-05T14:14:55.481+0000] {processor.py:830} INFO - Processing file /home/airflow/.local/lib/python3.12/site-packages/airflow/example_dags/example_task_group_decorator.py for tasks to queue
[2024-07-05T14:14:55.482+0000] {logging_mixin.py:188} INFO - [2024-07-05T14:14:55.482+0000] {dagbag.py:545} INFO - Filling up the DagBag from /home/airflow/.local/lib/python3.12/site-packages/airflow/example_dags/example_task_group_decorator.py
[2024-07-05T14:14:55.490+0000] {processor.py:840} INFO - DAG(s) 'example_task_group_decorator' retrieved from /home/airflow/.local/lib/python3.12/site-packages/airflow/example_dags/example_task_group_decorator.py
[2024-07-05T14:14:55.503+0000] {logging_mixin.py:188} INFO - [2024-07-05T14:14:55.503+0000] {dag.py:3096} INFO - Sync 1 DAGs
[2024-07-05T14:14:55.515+0000] {logging_mixin.py:188} INFO - [2024-07-05T14:14:55.515+0000] {dag.py:3954} INFO - Setting next_dagrun for example_task_group_decorator to 2024-07-04 00:00:00+00:00, run_after=2024-07-05 00:00:00+00:00
[2024-07-05T14:14:55.525+0000] {processor.py:183} INFO - Processing /home/airflow/.local/lib/python3.12/site-packages/airflow/example_dags/example_task_group_decorator.py took 0.050 seconds
[2024-07-05T14:15:25.840+0000] {processor.py:161} INFO - Started process (PID=745) to work on /home/airflow/.local/lib/python3.12/site-packages/airflow/example_dags/example_task_group_decorator.py
[2024-07-05T14:15:25.840+0000] {processor.py:830} INFO - Processing file /home/airflow/.local/lib/python3.12/site-packages/airflow/example_dags/example_task_group_decorator.py for tasks to queue
[2024-07-05T14:15:25.841+0000] {logging_mixin.py:188} INFO - [2024-07-05T14:15:25.841+0000] {dagbag.py:545} INFO - Filling up the DagBag from /home/airflow/.local/lib/python3.12/site-packages/airflow/example_dags/example_task_group_decorator.py
[2024-07-05T14:15:25.848+0000] {processor.py:840} INFO - DAG(s) 'example_task_group_decorator' retrieved from /home/airflow/.local/lib/python3.12/site-packages/airflow/example_dags/example_task_group_decorator.py
[2024-07-05T14:15:25.859+0000] {logging_mixin.py:188} INFO - [2024-07-05T14:15:25.859+0000] {dag.py:3096} INFO - Sync 1 DAGs
[2024-07-05T14:15:25.869+0000] {logging_mixin.py:188} INFO - [2024-07-05T14:15:25.869+0000] {dag.py:3954} INFO - Setting next_dagrun for example_task_group_decorator to 2024-07-04 00:00:00+00:00, run_after=2024-07-05 00:00:00+00:00
[2024-07-05T14:15:25.879+0000] {processor.py:183} INFO - Processing /home/airflow/.local/lib/python3.12/site-packages/airflow/example_dags/example_task_group_decorator.py took 0.042 seconds
[2024-07-05T14:15:56.263+0000] {processor.py:161} INFO - Started process (PID=803) to work on /home/airflow/.local/lib/python3.12/site-packages/airflow/example_dags/example_task_group_decorator.py
[2024-07-05T14:15:56.264+0000] {processor.py:830} INFO - Processing file /home/airflow/.local/lib/python3.12/site-packages/airflow/example_dags/example_task_group_decorator.py for tasks to queue
[2024-07-05T14:15:56.265+0000] {logging_mixin.py:188} INFO - [2024-07-05T14:15:56.265+0000] {dagbag.py:545} INFO - Filling up the DagBag from /home/airflow/.local/lib/python3.12/site-packages/airflow/example_dags/example_task_group_decorator.py
[2024-07-05T14:15:56.271+0000] {processor.py:840} INFO - DAG(s) 'example_task_group_decorator' retrieved from /home/airflow/.local/lib/python3.12/site-packages/airflow/example_dags/example_task_group_decorator.py
[2024-07-05T14:15:56.283+0000] {logging_mixin.py:188} INFO - [2024-07-05T14:15:56.283+0000] {dag.py:3096} INFO - Sync 1 DAGs
[2024-07-05T14:15:56.292+0000] {logging_mixin.py:188} INFO - [2024-07-05T14:15:56.292+0000] {dag.py:3954} INFO - Setting next_dagrun for example_task_group_decorator to 2024-07-04 00:00:00+00:00, run_after=2024-07-05 00:00:00+00:00
[2024-07-05T14:15:56.300+0000] {processor.py:183} INFO - Processing /home/airflow/.local/lib/python3.12/site-packages/airflow/example_dags/example_task_group_decorator.py took 0.040 seconds
[2024-07-05T14:16:26.739+0000] {processor.py:161} INFO - Started process (PID=862) to work on /home/airflow/.local/lib/python3.12/site-packages/airflow/example_dags/example_task_group_decorator.py
[2024-07-05T14:16:26.740+0000] {processor.py:830} INFO - Processing file /home/airflow/.local/lib/python3.12/site-packages/airflow/example_dags/example_task_group_decorator.py for tasks to queue
[2024-07-05T14:16:26.741+0000] {logging_mixin.py:188} INFO - [2024-07-05T14:16:26.741+0000] {dagbag.py:545} INFO - Filling up the DagBag from /home/airflow/.local/lib/python3.12/site-packages/airflow/example_dags/example_task_group_decorator.py
[2024-07-05T14:16:26.752+0000] {processor.py:840} INFO - DAG(s) 'example_task_group_decorator' retrieved from /home/airflow/.local/lib/python3.12/site-packages/airflow/example_dags/example_task_group_decorator.py
[2024-07-05T14:16:26.770+0000] {logging_mixin.py:188} INFO - [2024-07-05T14:16:26.770+0000] {dag.py:3096} INFO - Sync 1 DAGs
[2024-07-05T14:16:26.783+0000] {logging_mixin.py:188} INFO - [2024-07-05T14:16:26.783+0000] {dag.py:3954} INFO - Setting next_dagrun for example_task_group_decorator to 2024-07-04 00:00:00+00:00, run_after=2024-07-05 00:00:00+00:00
[2024-07-05T14:16:26.792+0000] {processor.py:183} INFO - Processing /home/airflow/.local/lib/python3.12/site-packages/airflow/example_dags/example_task_group_decorator.py took 0.056 seconds
[2024-07-05T14:16:57.077+0000] {processor.py:161} INFO - Started process (PID=920) to work on /home/airflow/.local/lib/python3.12/site-packages/airflow/example_dags/example_task_group_decorator.py
[2024-07-05T14:16:57.078+0000] {processor.py:830} INFO - Processing file /home/airflow/.local/lib/python3.12/site-packages/airflow/example_dags/example_task_group_decorator.py for tasks to queue
[2024-07-05T14:16:57.079+0000] {logging_mixin.py:188} INFO - [2024-07-05T14:16:57.078+0000] {dagbag.py:545} INFO - Filling up the DagBag from /home/airflow/.local/lib/python3.12/site-packages/airflow/example_dags/example_task_group_decorator.py
[2024-07-05T14:16:57.085+0000] {processor.py:840} INFO - DAG(s) 'example_task_group_decorator' retrieved from /home/airflow/.local/lib/python3.12/site-packages/airflow/example_dags/example_task_group_decorator.py
[2024-07-05T14:16:57.099+0000] {logging_mixin.py:188} INFO - [2024-07-05T14:16:57.099+0000] {dag.py:3096} INFO - Sync 1 DAGs
[2024-07-05T14:16:57.111+0000] {logging_mixin.py:188} INFO - [2024-07-05T14:16:57.111+0000] {dag.py:3954} INFO - Setting next_dagrun for example_task_group_decorator to 2024-07-04 00:00:00+00:00, run_after=2024-07-05 00:00:00+00:00
[2024-07-05T14:16:57.120+0000] {processor.py:183} INFO - Processing /home/airflow/.local/lib/python3.12/site-packages/airflow/example_dags/example_task_group_decorator.py took 0.046 seconds
[2024-07-05T14:17:27.407+0000] {processor.py:161} INFO - Started process (PID=978) to work on /home/airflow/.local/lib/python3.12/site-packages/airflow/example_dags/example_task_group_decorator.py
[2024-07-05T14:17:27.407+0000] {processor.py:830} INFO - Processing file /home/airflow/.local/lib/python3.12/site-packages/airflow/example_dags/example_task_group_decorator.py for tasks to queue
[2024-07-05T14:17:27.409+0000] {logging_mixin.py:188} INFO - [2024-07-05T14:17:27.409+0000] {dagbag.py:545} INFO - Filling up the DagBag from /home/airflow/.local/lib/python3.12/site-packages/airflow/example_dags/example_task_group_decorator.py
[2024-07-05T14:17:27.417+0000] {processor.py:840} INFO - DAG(s) 'example_task_group_decorator' retrieved from /home/airflow/.local/lib/python3.12/site-packages/airflow/example_dags/example_task_group_decorator.py
[2024-07-05T14:17:27.430+0000] {logging_mixin.py:188} INFO - [2024-07-05T14:17:27.429+0000] {dag.py:3096} INFO - Sync 1 DAGs
[2024-07-05T14:17:27.441+0000] {logging_mixin.py:188} INFO - [2024-07-05T14:17:27.441+0000] {dag.py:3954} INFO - Setting next_dagrun for example_task_group_decorator to 2024-07-04 00:00:00+00:00, run_after=2024-07-05 00:00:00+00:00
[2024-07-05T14:17:27.450+0000] {processor.py:183} INFO - Processing /home/airflow/.local/lib/python3.12/site-packages/airflow/example_dags/example_task_group_decorator.py took 0.046 seconds
[2024-07-05T14:17:57.802+0000] {processor.py:161} INFO - Started process (PID=1035) to work on /home/airflow/.local/lib/python3.12/site-packages/airflow/example_dags/example_task_group_decorator.py
[2024-07-05T14:17:57.803+0000] {processor.py:830} INFO - Processing file /home/airflow/.local/lib/python3.12/site-packages/airflow/example_dags/example_task_group_decorator.py for tasks to queue
[2024-07-05T14:17:57.804+0000] {logging_mixin.py:188} INFO - [2024-07-05T14:17:57.804+0000] {dagbag.py:545} INFO - Filling up the DagBag from /home/airflow/.local/lib/python3.12/site-packages/airflow/example_dags/example_task_group_decorator.py
[2024-07-05T14:17:57.810+0000] {processor.py:840} INFO - DAG(s) 'example_task_group_decorator' retrieved from /home/airflow/.local/lib/python3.12/site-packages/airflow/example_dags/example_task_group_decorator.py
[2024-07-05T14:17:57.822+0000] {logging_mixin.py:188} INFO - [2024-07-05T14:17:57.822+0000] {dag.py:3096} INFO - Sync 1 DAGs
[2024-07-05T14:17:57.832+0000] {logging_mixin.py:188} INFO - [2024-07-05T14:17:57.832+0000] {dag.py:3954} INFO - Setting next_dagrun for example_task_group_decorator to 2024-07-04 00:00:00+00:00, run_after=2024-07-05 00:00:00+00:00
[2024-07-05T14:17:57.841+0000] {processor.py:183} INFO - Processing /home/airflow/.local/lib/python3.12/site-packages/airflow/example_dags/example_task_group_decorator.py took 0.042 seconds
[2024-07-05T14:18:28.613+0000] {processor.py:161} INFO - Started process (PID=1094) to work on /home/airflow/.local/lib/python3.12/site-packages/airflow/example_dags/example_task_group_decorator.py
[2024-07-05T14:18:28.613+0000] {processor.py:830} INFO - Processing file /home/airflow/.local/lib/python3.12/site-packages/airflow/example_dags/example_task_group_decorator.py for tasks to queue
[2024-07-05T14:18:28.615+0000] {logging_mixin.py:188} INFO - [2024-07-05T14:18:28.614+0000] {dagbag.py:545} INFO - Filling up the DagBag from /home/airflow/.local/lib/python3.12/site-packages/airflow/example_dags/example_task_group_decorator.py
[2024-07-05T14:18:28.621+0000] {processor.py:840} INFO - DAG(s) 'example_task_group_decorator' retrieved from /home/airflow/.local/lib/python3.12/site-packages/airflow/example_dags/example_task_group_decorator.py
[2024-07-05T14:18:28.633+0000] {logging_mixin.py:188} INFO - [2024-07-05T14:18:28.633+0000] {dag.py:3096} INFO - Sync 1 DAGs
[2024-07-05T14:18:28.644+0000] {logging_mixin.py:188} INFO - [2024-07-05T14:18:28.644+0000] {dag.py:3954} INFO - Setting next_dagrun for example_task_group_decorator to 2024-07-04 00:00:00+00:00, run_after=2024-07-05 00:00:00+00:00
[2024-07-05T14:18:28.652+0000] {processor.py:183} INFO - Processing /home/airflow/.local/lib/python3.12/site-packages/airflow/example_dags/example_task_group_decorator.py took 0.042 seconds
[2024-07-05T14:18:59.111+0000] {processor.py:161} INFO - Started process (PID=1151) to work on /home/airflow/.local/lib/python3.12/site-packages/airflow/example_dags/example_task_group_decorator.py
[2024-07-05T14:18:59.112+0000] {processor.py:830} INFO - Processing file /home/airflow/.local/lib/python3.12/site-packages/airflow/example_dags/example_task_group_decorator.py for tasks to queue
[2024-07-05T14:18:59.113+0000] {logging_mixin.py:188} INFO - [2024-07-05T14:18:59.113+0000] {dagbag.py:545} INFO - Filling up the DagBag from /home/airflow/.local/lib/python3.12/site-packages/airflow/example_dags/example_task_group_decorator.py
[2024-07-05T14:18:59.120+0000] {processor.py:840} INFO - DAG(s) 'example_task_group_decorator' retrieved from /home/airflow/.local/lib/python3.12/site-packages/airflow/example_dags/example_task_group_decorator.py
[2024-07-05T14:18:59.132+0000] {logging_mixin.py:188} INFO - [2024-07-05T14:18:59.132+0000] {dag.py:3096} INFO - Sync 1 DAGs
[2024-07-05T14:18:59.143+0000] {logging_mixin.py:188} INFO - [2024-07-05T14:18:59.143+0000] {dag.py:3954} INFO - Setting next_dagrun for example_task_group_decorator to 2024-07-04 00:00:00+00:00, run_after=2024-07-05 00:00:00+00:00
[2024-07-05T14:18:59.154+0000] {processor.py:183} INFO - Processing /home/airflow/.local/lib/python3.12/site-packages/airflow/example_dags/example_task_group_decorator.py took 0.046 seconds
[2024-07-05T14:19:29.299+0000] {processor.py:161} INFO - Started process (PID=1209) to work on /home/airflow/.local/lib/python3.12/site-packages/airflow/example_dags/example_task_group_decorator.py
[2024-07-05T14:19:29.299+0000] {processor.py:830} INFO - Processing file /home/airflow/.local/lib/python3.12/site-packages/airflow/example_dags/example_task_group_decorator.py for tasks to queue
[2024-07-05T14:19:29.301+0000] {logging_mixin.py:188} INFO - [2024-07-05T14:19:29.301+0000] {dagbag.py:545} INFO - Filling up the DagBag from /home/airflow/.local/lib/python3.12/site-packages/airflow/example_dags/example_task_group_decorator.py
[2024-07-05T14:19:29.309+0000] {processor.py:840} INFO - DAG(s) 'example_task_group_decorator' retrieved from /home/airflow/.local/lib/python3.12/site-packages/airflow/example_dags/example_task_group_decorator.py
[2024-07-05T14:19:29.324+0000] {logging_mixin.py:188} INFO - [2024-07-05T14:19:29.323+0000] {dag.py:3096} INFO - Sync 1 DAGs
[2024-07-05T14:19:29.336+0000] {logging_mixin.py:188} INFO - [2024-07-05T14:19:29.336+0000] {dag.py:3954} INFO - Setting next_dagrun for example_task_group_decorator to 2024-07-04 00:00:00+00:00, run_after=2024-07-05 00:00:00+00:00
[2024-07-05T14:19:29.346+0000] {processor.py:183} INFO - Processing /home/airflow/.local/lib/python3.12/site-packages/airflow/example_dags/example_task_group_decorator.py took 0.051 seconds
[2024-07-05T14:19:59.563+0000] {processor.py:161} INFO - Started process (PID=1267) to work on /home/airflow/.local/lib/python3.12/site-packages/airflow/example_dags/example_task_group_decorator.py
[2024-07-05T14:19:59.564+0000] {processor.py:830} INFO - Processing file /home/airflow/.local/lib/python3.12/site-packages/airflow/example_dags/example_task_group_decorator.py for tasks to queue
[2024-07-05T14:19:59.566+0000] {logging_mixin.py:188} INFO - [2024-07-05T14:19:59.566+0000] {dagbag.py:545} INFO - Filling up the DagBag from /home/airflow/.local/lib/python3.12/site-packages/airflow/example_dags/example_task_group_decorator.py
[2024-07-05T14:19:59.576+0000] {processor.py:840} INFO - DAG(s) 'example_task_group_decorator' retrieved from /home/airflow/.local/lib/python3.12/site-packages/airflow/example_dags/example_task_group_decorator.py
[2024-07-05T14:19:59.583+0000] {logging_mixin.py:188} INFO - [2024-07-05T14:19:59.583+0000] {dag.py:3096} INFO - Sync 1 DAGs
[2024-07-05T14:19:59.597+0000] {logging_mixin.py:188} INFO - [2024-07-05T14:19:59.597+0000] {dag.py:3954} INFO - Setting next_dagrun for example_task_group_decorator to 2024-07-04 00:00:00+00:00, run_after=2024-07-05 00:00:00+00:00
[2024-07-05T14:19:59.606+0000] {processor.py:183} INFO - Processing /home/airflow/.local/lib/python3.12/site-packages/airflow/example_dags/example_task_group_decorator.py took 0.049 seconds
[2024-07-05T14:20:30.444+0000] {processor.py:161} INFO - Started process (PID=1325) to work on /home/airflow/.local/lib/python3.12/site-packages/airflow/example_dags/example_task_group_decorator.py
[2024-07-05T14:20:30.445+0000] {processor.py:830} INFO - Processing file /home/airflow/.local/lib/python3.12/site-packages/airflow/example_dags/example_task_group_decorator.py for tasks to queue
[2024-07-05T14:20:30.446+0000] {logging_mixin.py:188} INFO - [2024-07-05T14:20:30.446+0000] {dagbag.py:545} INFO - Filling up the DagBag from /home/airflow/.local/lib/python3.12/site-packages/airflow/example_dags/example_task_group_decorator.py
[2024-07-05T14:20:30.453+0000] {processor.py:840} INFO - DAG(s) 'example_task_group_decorator' retrieved from /home/airflow/.local/lib/python3.12/site-packages/airflow/example_dags/example_task_group_decorator.py
[2024-07-05T14:20:30.497+0000] {logging_mixin.py:188} INFO - [2024-07-05T14:20:30.497+0000] {dag.py:3096} INFO - Sync 1 DAGs
[2024-07-05T14:20:30.505+0000] {logging_mixin.py:188} INFO - [2024-07-05T14:20:30.505+0000] {dag.py:3954} INFO - Setting next_dagrun for example_task_group_decorator to 2024-07-04 00:00:00+00:00, run_after=2024-07-05 00:00:00+00:00
[2024-07-05T14:20:30.513+0000] {processor.py:183} INFO - Processing /home/airflow/.local/lib/python3.12/site-packages/airflow/example_dags/example_task_group_decorator.py took 0.072 seconds
[2024-07-05T14:21:01.004+0000] {processor.py:161} INFO - Started process (PID=1383) to work on /home/airflow/.local/lib/python3.12/site-packages/airflow/example_dags/example_task_group_decorator.py
[2024-07-05T14:21:01.004+0000] {processor.py:830} INFO - Processing file /home/airflow/.local/lib/python3.12/site-packages/airflow/example_dags/example_task_group_decorator.py for tasks to queue
[2024-07-05T14:21:01.007+0000] {logging_mixin.py:188} INFO - [2024-07-05T14:21:01.006+0000] {dagbag.py:545} INFO - Filling up the DagBag from /home/airflow/.local/lib/python3.12/site-packages/airflow/example_dags/example_task_group_decorator.py
[2024-07-05T14:21:01.015+0000] {processor.py:840} INFO - DAG(s) 'example_task_group_decorator' retrieved from /home/airflow/.local/lib/python3.12/site-packages/airflow/example_dags/example_task_group_decorator.py
[2024-07-05T14:21:01.028+0000] {logging_mixin.py:188} INFO - [2024-07-05T14:21:01.028+0000] {dag.py:3096} INFO - Sync 1 DAGs
[2024-07-05T14:21:01.040+0000] {logging_mixin.py:188} INFO - [2024-07-05T14:21:01.040+0000] {dag.py:3954} INFO - Setting next_dagrun for example_task_group_decorator to 2024-07-04 00:00:00+00:00, run_after=2024-07-05 00:00:00+00:00
[2024-07-05T14:21:01.048+0000] {processor.py:183} INFO - Processing /home/airflow/.local/lib/python3.12/site-packages/airflow/example_dags/example_task_group_decorator.py took 0.048 seconds
[2024-07-05T14:21:31.286+0000] {processor.py:161} INFO - Started process (PID=1441) to work on /home/airflow/.local/lib/python3.12/site-packages/airflow/example_dags/example_task_group_decorator.py
[2024-07-05T14:21:31.287+0000] {processor.py:830} INFO - Processing file /home/airflow/.local/lib/python3.12/site-packages/airflow/example_dags/example_task_group_decorator.py for tasks to queue
[2024-07-05T14:21:31.289+0000] {logging_mixin.py:188} INFO - [2024-07-05T14:21:31.288+0000] {dagbag.py:545} INFO - Filling up the DagBag from /home/airflow/.local/lib/python3.12/site-packages/airflow/example_dags/example_task_group_decorator.py
[2024-07-05T14:21:31.296+0000] {processor.py:840} INFO - DAG(s) 'example_task_group_decorator' retrieved from /home/airflow/.local/lib/python3.12/site-packages/airflow/example_dags/example_task_group_decorator.py
[2024-07-05T14:21:31.309+0000] {logging_mixin.py:188} INFO - [2024-07-05T14:21:31.309+0000] {dag.py:3096} INFO - Sync 1 DAGs
[2024-07-05T14:21:31.322+0000] {logging_mixin.py:188} INFO - [2024-07-05T14:21:31.322+0000] {dag.py:3954} INFO - Setting next_dagrun for example_task_group_decorator to 2024-07-04 00:00:00+00:00, run_after=2024-07-05 00:00:00+00:00
[2024-07-05T14:21:31.330+0000] {processor.py:183} INFO - Processing /home/airflow/.local/lib/python3.12/site-packages/airflow/example_dags/example_task_group_decorator.py took 0.047 seconds
[2024-07-05T14:22:01.871+0000] {processor.py:161} INFO - Started process (PID=1499) to work on /home/airflow/.local/lib/python3.12/site-packages/airflow/example_dags/example_task_group_decorator.py
[2024-07-05T14:22:01.872+0000] {processor.py:830} INFO - Processing file /home/airflow/.local/lib/python3.12/site-packages/airflow/example_dags/example_task_group_decorator.py for tasks to queue
[2024-07-05T14:22:01.873+0000] {logging_mixin.py:188} INFO - [2024-07-05T14:22:01.873+0000] {dagbag.py:545} INFO - Filling up the DagBag from /home/airflow/.local/lib/python3.12/site-packages/airflow/example_dags/example_task_group_decorator.py
[2024-07-05T14:22:01.879+0000] {processor.py:840} INFO - DAG(s) 'example_task_group_decorator' retrieved from /home/airflow/.local/lib/python3.12/site-packages/airflow/example_dags/example_task_group_decorator.py
[2024-07-05T14:22:01.892+0000] {logging_mixin.py:188} INFO - [2024-07-05T14:22:01.891+0000] {dag.py:3096} INFO - Sync 1 DAGs
[2024-07-05T14:22:01.902+0000] {logging_mixin.py:188} INFO - [2024-07-05T14:22:01.902+0000] {dag.py:3954} INFO - Setting next_dagrun for example_task_group_decorator to 2024-07-04 00:00:00+00:00, run_after=2024-07-05 00:00:00+00:00
[2024-07-05T14:22:01.910+0000] {processor.py:183} INFO - Processing /home/airflow/.local/lib/python3.12/site-packages/airflow/example_dags/example_task_group_decorator.py took 0.042 seconds
[2024-07-05T14:22:32.658+0000] {processor.py:161} INFO - Started process (PID=1557) to work on /home/airflow/.local/lib/python3.12/site-packages/airflow/example_dags/example_task_group_decorator.py
[2024-07-05T14:22:32.659+0000] {processor.py:830} INFO - Processing file /home/airflow/.local/lib/python3.12/site-packages/airflow/example_dags/example_task_group_decorator.py for tasks to queue
[2024-07-05T14:22:32.660+0000] {logging_mixin.py:188} INFO - [2024-07-05T14:22:32.660+0000] {dagbag.py:545} INFO - Filling up the DagBag from /home/airflow/.local/lib/python3.12/site-packages/airflow/example_dags/example_task_group_decorator.py
[2024-07-05T14:22:32.667+0000] {processor.py:840} INFO - DAG(s) 'example_task_group_decorator' retrieved from /home/airflow/.local/lib/python3.12/site-packages/airflow/example_dags/example_task_group_decorator.py
[2024-07-05T14:22:32.680+0000] {logging_mixin.py:188} INFO - [2024-07-05T14:22:32.680+0000] {dag.py:3096} INFO - Sync 1 DAGs
[2024-07-05T14:22:32.691+0000] {logging_mixin.py:188} INFO - [2024-07-05T14:22:32.691+0000] {dag.py:3954} INFO - Setting next_dagrun for example_task_group_decorator to 2024-07-04 00:00:00+00:00, run_after=2024-07-05 00:00:00+00:00
[2024-07-05T14:22:32.699+0000] {processor.py:183} INFO - Processing /home/airflow/.local/lib/python3.12/site-packages/airflow/example_dags/example_task_group_decorator.py took 0.044 seconds
[2024-07-05T14:23:02.845+0000] {processor.py:161} INFO - Started process (PID=1615) to work on /home/airflow/.local/lib/python3.12/site-packages/airflow/example_dags/example_task_group_decorator.py
[2024-07-05T14:23:02.846+0000] {processor.py:830} INFO - Processing file /home/airflow/.local/lib/python3.12/site-packages/airflow/example_dags/example_task_group_decorator.py for tasks to queue
[2024-07-05T14:23:02.847+0000] {logging_mixin.py:188} INFO - [2024-07-05T14:23:02.846+0000] {dagbag.py:545} INFO - Filling up the DagBag from /home/airflow/.local/lib/python3.12/site-packages/airflow/example_dags/example_task_group_decorator.py
[2024-07-05T14:23:02.853+0000] {processor.py:840} INFO - DAG(s) 'example_task_group_decorator' retrieved from /home/airflow/.local/lib/python3.12/site-packages/airflow/example_dags/example_task_group_decorator.py
[2024-07-05T14:23:02.865+0000] {logging_mixin.py:188} INFO - [2024-07-05T14:23:02.865+0000] {dag.py:3096} INFO - Sync 1 DAGs
[2024-07-05T14:23:02.876+0000] {logging_mixin.py:188} INFO - [2024-07-05T14:23:02.876+0000] {dag.py:3954} INFO - Setting next_dagrun for example_task_group_decorator to 2024-07-04 00:00:00+00:00, run_after=2024-07-05 00:00:00+00:00
[2024-07-05T14:23:02.884+0000] {processor.py:183} INFO - Processing /home/airflow/.local/lib/python3.12/site-packages/airflow/example_dags/example_task_group_decorator.py took 0.044 seconds
[2024-07-05T14:23:33.575+0000] {processor.py:161} INFO - Started process (PID=1673) to work on /home/airflow/.local/lib/python3.12/site-packages/airflow/example_dags/example_task_group_decorator.py
[2024-07-05T14:23:33.576+0000] {processor.py:830} INFO - Processing file /home/airflow/.local/lib/python3.12/site-packages/airflow/example_dags/example_task_group_decorator.py for tasks to queue
[2024-07-05T14:23:33.577+0000] {logging_mixin.py:188} INFO - [2024-07-05T14:23:33.577+0000] {dagbag.py:545} INFO - Filling up the DagBag from /home/airflow/.local/lib/python3.12/site-packages/airflow/example_dags/example_task_group_decorator.py
[2024-07-05T14:23:33.584+0000] {processor.py:840} INFO - DAG(s) 'example_task_group_decorator' retrieved from /home/airflow/.local/lib/python3.12/site-packages/airflow/example_dags/example_task_group_decorator.py
[2024-07-05T14:23:33.597+0000] {logging_mixin.py:188} INFO - [2024-07-05T14:23:33.597+0000] {dag.py:3096} INFO - Sync 1 DAGs
[2024-07-05T14:23:33.609+0000] {logging_mixin.py:188} INFO - [2024-07-05T14:23:33.609+0000] {dag.py:3954} INFO - Setting next_dagrun for example_task_group_decorator to 2024-07-04 00:00:00+00:00, run_after=2024-07-05 00:00:00+00:00
[2024-07-05T14:23:33.719+0000] {processor.py:183} INFO - Processing /home/airflow/.local/lib/python3.12/site-packages/airflow/example_dags/example_task_group_decorator.py took 0.147 seconds
[2024-07-05T14:24:03.808+0000] {processor.py:161} INFO - Started process (PID=1731) to work on /home/airflow/.local/lib/python3.12/site-packages/airflow/example_dags/example_task_group_decorator.py
[2024-07-05T14:24:03.809+0000] {processor.py:830} INFO - Processing file /home/airflow/.local/lib/python3.12/site-packages/airflow/example_dags/example_task_group_decorator.py for tasks to queue
[2024-07-05T14:24:03.810+0000] {logging_mixin.py:188} INFO - [2024-07-05T14:24:03.810+0000] {dagbag.py:545} INFO - Filling up the DagBag from /home/airflow/.local/lib/python3.12/site-packages/airflow/example_dags/example_task_group_decorator.py
[2024-07-05T14:24:03.820+0000] {processor.py:840} INFO - DAG(s) 'example_task_group_decorator' retrieved from /home/airflow/.local/lib/python3.12/site-packages/airflow/example_dags/example_task_group_decorator.py
[2024-07-05T14:24:03.834+0000] {logging_mixin.py:188} INFO - [2024-07-05T14:24:03.834+0000] {dag.py:3096} INFO - Sync 1 DAGs
[2024-07-05T14:24:03.845+0000] {logging_mixin.py:188} INFO - [2024-07-05T14:24:03.845+0000] {dag.py:3954} INFO - Setting next_dagrun for example_task_group_decorator to 2024-07-04 00:00:00+00:00, run_after=2024-07-05 00:00:00+00:00
[2024-07-05T14:24:03.854+0000] {processor.py:183} INFO - Processing /home/airflow/.local/lib/python3.12/site-packages/airflow/example_dags/example_task_group_decorator.py took 0.050 seconds
[2024-07-05T14:24:34.855+0000] {processor.py:161} INFO - Started process (PID=1788) to work on /home/airflow/.local/lib/python3.12/site-packages/airflow/example_dags/example_task_group_decorator.py
[2024-07-05T14:24:34.856+0000] {processor.py:830} INFO - Processing file /home/airflow/.local/lib/python3.12/site-packages/airflow/example_dags/example_task_group_decorator.py for tasks to queue
[2024-07-05T14:24:34.857+0000] {logging_mixin.py:188} INFO - [2024-07-05T14:24:34.857+0000] {dagbag.py:545} INFO - Filling up the DagBag from /home/airflow/.local/lib/python3.12/site-packages/airflow/example_dags/example_task_group_decorator.py
[2024-07-05T14:24:34.865+0000] {processor.py:840} INFO - DAG(s) 'example_task_group_decorator' retrieved from /home/airflow/.local/lib/python3.12/site-packages/airflow/example_dags/example_task_group_decorator.py
[2024-07-05T14:24:34.881+0000] {logging_mixin.py:188} INFO - [2024-07-05T14:24:34.881+0000] {dag.py:3096} INFO - Sync 1 DAGs
[2024-07-05T14:24:34.893+0000] {logging_mixin.py:188} INFO - [2024-07-05T14:24:34.893+0000] {dag.py:3954} INFO - Setting next_dagrun for example_task_group_decorator to 2024-07-04 00:00:00+00:00, run_after=2024-07-05 00:00:00+00:00
[2024-07-05T14:24:35.023+0000] {processor.py:183} INFO - Processing /home/airflow/.local/lib/python3.12/site-packages/airflow/example_dags/example_task_group_decorator.py took 0.170 seconds
[2024-07-05T14:25:05.079+0000] {processor.py:161} INFO - Started process (PID=1845) to work on /home/airflow/.local/lib/python3.12/site-packages/airflow/example_dags/example_task_group_decorator.py
[2024-07-05T14:25:05.080+0000] {processor.py:830} INFO - Processing file /home/airflow/.local/lib/python3.12/site-packages/airflow/example_dags/example_task_group_decorator.py for tasks to queue
[2024-07-05T14:25:05.081+0000] {logging_mixin.py:188} INFO - [2024-07-05T14:25:05.081+0000] {dagbag.py:545} INFO - Filling up the DagBag from /home/airflow/.local/lib/python3.12/site-packages/airflow/example_dags/example_task_group_decorator.py
[2024-07-05T14:25:05.089+0000] {processor.py:840} INFO - DAG(s) 'example_task_group_decorator' retrieved from /home/airflow/.local/lib/python3.12/site-packages/airflow/example_dags/example_task_group_decorator.py
[2024-07-05T14:25:05.100+0000] {logging_mixin.py:188} INFO - [2024-07-05T14:25:05.099+0000] {dag.py:3096} INFO - Sync 1 DAGs
[2024-07-05T14:25:05.109+0000] {logging_mixin.py:188} INFO - [2024-07-05T14:25:05.109+0000] {dag.py:3954} INFO - Setting next_dagrun for example_task_group_decorator to 2024-07-04 00:00:00+00:00, run_after=2024-07-05 00:00:00+00:00
[2024-07-05T14:25:05.118+0000] {processor.py:183} INFO - Processing /home/airflow/.local/lib/python3.12/site-packages/airflow/example_dags/example_task_group_decorator.py took 0.042 seconds
[2024-07-05T14:25:35.520+0000] {processor.py:161} INFO - Started process (PID=1904) to work on /home/airflow/.local/lib/python3.12/site-packages/airflow/example_dags/example_task_group_decorator.py
[2024-07-05T14:25:35.520+0000] {processor.py:830} INFO - Processing file /home/airflow/.local/lib/python3.12/site-packages/airflow/example_dags/example_task_group_decorator.py for tasks to queue
[2024-07-05T14:25:35.522+0000] {logging_mixin.py:188} INFO - [2024-07-05T14:25:35.521+0000] {dagbag.py:545} INFO - Filling up the DagBag from /home/airflow/.local/lib/python3.12/site-packages/airflow/example_dags/example_task_group_decorator.py
[2024-07-05T14:25:35.532+0000] {processor.py:840} INFO - DAG(s) 'example_task_group_decorator' retrieved from /home/airflow/.local/lib/python3.12/site-packages/airflow/example_dags/example_task_group_decorator.py
[2024-07-05T14:25:35.559+0000] {logging_mixin.py:188} INFO - [2024-07-05T14:25:35.558+0000] {dag.py:3096} INFO - Sync 1 DAGs
[2024-07-05T14:25:35.576+0000] {logging_mixin.py:188} INFO - [2024-07-05T14:25:35.576+0000] {dag.py:3954} INFO - Setting next_dagrun for example_task_group_decorator to 2024-07-04 00:00:00+00:00, run_after=2024-07-05 00:00:00+00:00
[2024-07-05T14:25:35.594+0000] {processor.py:183} INFO - Processing /home/airflow/.local/lib/python3.12/site-packages/airflow/example_dags/example_task_group_decorator.py took 0.078 seconds
[2024-07-05T14:26:06.539+0000] {processor.py:161} INFO - Started process (PID=1962) to work on /home/airflow/.local/lib/python3.12/site-packages/airflow/example_dags/example_task_group_decorator.py
[2024-07-05T14:26:06.541+0000] {processor.py:830} INFO - Processing file /home/airflow/.local/lib/python3.12/site-packages/airflow/example_dags/example_task_group_decorator.py for tasks to queue
[2024-07-05T14:26:06.542+0000] {logging_mixin.py:188} INFO - [2024-07-05T14:26:06.542+0000] {dagbag.py:545} INFO - Filling up the DagBag from /home/airflow/.local/lib/python3.12/site-packages/airflow/example_dags/example_task_group_decorator.py
[2024-07-05T14:26:06.551+0000] {processor.py:840} INFO - DAG(s) 'example_task_group_decorator' retrieved from /home/airflow/.local/lib/python3.12/site-packages/airflow/example_dags/example_task_group_decorator.py
[2024-07-05T14:26:06.563+0000] {logging_mixin.py:188} INFO - [2024-07-05T14:26:06.563+0000] {dag.py:3096} INFO - Sync 1 DAGs
[2024-07-05T14:26:06.575+0000] {logging_mixin.py:188} INFO - [2024-07-05T14:26:06.575+0000] {dag.py:3954} INFO - Setting next_dagrun for example_task_group_decorator to 2024-07-04 00:00:00+00:00, run_after=2024-07-05 00:00:00+00:00
[2024-07-05T14:26:06.584+0000] {processor.py:183} INFO - Processing /home/airflow/.local/lib/python3.12/site-packages/airflow/example_dags/example_task_group_decorator.py took 0.048 seconds
[2024-07-05T14:28:04.556+0000] {processor.py:161} INFO - Started process (PID=49) to work on /home/airflow/.local/lib/python3.12/site-packages/airflow/example_dags/example_task_group_decorator.py
[2024-07-05T14:28:04.557+0000] {processor.py:830} INFO - Processing file /home/airflow/.local/lib/python3.12/site-packages/airflow/example_dags/example_task_group_decorator.py for tasks to queue
[2024-07-05T14:28:04.558+0000] {logging_mixin.py:188} INFO - [2024-07-05T14:28:04.558+0000] {dagbag.py:545} INFO - Filling up the DagBag from /home/airflow/.local/lib/python3.12/site-packages/airflow/example_dags/example_task_group_decorator.py
[2024-07-05T14:28:04.568+0000] {processor.py:840} INFO - DAG(s) 'example_task_group_decorator' retrieved from /home/airflow/.local/lib/python3.12/site-packages/airflow/example_dags/example_task_group_decorator.py
[2024-07-05T14:28:04.590+0000] {logging_mixin.py:188} INFO - [2024-07-05T14:28:04.590+0000] {dag.py:3096} INFO - Sync 1 DAGs
[2024-07-05T14:28:04.613+0000] {logging_mixin.py:188} INFO - [2024-07-05T14:28:04.612+0000] {dag.py:3954} INFO - Setting next_dagrun for example_task_group_decorator to 2024-07-04 00:00:00+00:00, run_after=2024-07-05 00:00:00+00:00
[2024-07-05T14:28:04.632+0000] {processor.py:183} INFO - Processing /home/airflow/.local/lib/python3.12/site-packages/airflow/example_dags/example_task_group_decorator.py took 0.080 seconds
[2024-07-05T14:28:35.253+0000] {processor.py:161} INFO - Started process (PID=107) to work on /home/airflow/.local/lib/python3.12/site-packages/airflow/example_dags/example_task_group_decorator.py
[2024-07-05T14:28:35.254+0000] {processor.py:830} INFO - Processing file /home/airflow/.local/lib/python3.12/site-packages/airflow/example_dags/example_task_group_decorator.py for tasks to queue
[2024-07-05T14:28:35.255+0000] {logging_mixin.py:188} INFO - [2024-07-05T14:28:35.255+0000] {dagbag.py:545} INFO - Filling up the DagBag from /home/airflow/.local/lib/python3.12/site-packages/airflow/example_dags/example_task_group_decorator.py
[2024-07-05T14:28:35.262+0000] {processor.py:840} INFO - DAG(s) 'example_task_group_decorator' retrieved from /home/airflow/.local/lib/python3.12/site-packages/airflow/example_dags/example_task_group_decorator.py
[2024-07-05T14:28:35.267+0000] {logging_mixin.py:188} INFO - [2024-07-05T14:28:35.266+0000] {dag.py:3096} INFO - Sync 1 DAGs
[2024-07-05T14:28:35.283+0000] {logging_mixin.py:188} INFO - [2024-07-05T14:28:35.283+0000] {dag.py:3954} INFO - Setting next_dagrun for example_task_group_decorator to 2024-07-04 00:00:00+00:00, run_after=2024-07-05 00:00:00+00:00
[2024-07-05T14:28:35.301+0000] {processor.py:183} INFO - Processing /home/airflow/.local/lib/python3.12/site-packages/airflow/example_dags/example_task_group_decorator.py took 0.051 seconds
[2024-07-05T14:29:06.198+0000] {processor.py:161} INFO - Started process (PID=165) to work on /home/airflow/.local/lib/python3.12/site-packages/airflow/example_dags/example_task_group_decorator.py
[2024-07-05T14:29:06.199+0000] {processor.py:830} INFO - Processing file /home/airflow/.local/lib/python3.12/site-packages/airflow/example_dags/example_task_group_decorator.py for tasks to queue
[2024-07-05T14:29:06.200+0000] {logging_mixin.py:188} INFO - [2024-07-05T14:29:06.200+0000] {dagbag.py:545} INFO - Filling up the DagBag from /home/airflow/.local/lib/python3.12/site-packages/airflow/example_dags/example_task_group_decorator.py
[2024-07-05T14:29:06.206+0000] {processor.py:840} INFO - DAG(s) 'example_task_group_decorator' retrieved from /home/airflow/.local/lib/python3.12/site-packages/airflow/example_dags/example_task_group_decorator.py
[2024-07-05T14:29:06.255+0000] {logging_mixin.py:188} INFO - [2024-07-05T14:29:06.255+0000] {dag.py:3096} INFO - Sync 1 DAGs
[2024-07-05T14:29:06.263+0000] {logging_mixin.py:188} INFO - [2024-07-05T14:29:06.263+0000] {dag.py:3954} INFO - Setting next_dagrun for example_task_group_decorator to 2024-07-04 00:00:00+00:00, run_after=2024-07-05 00:00:00+00:00
[2024-07-05T14:29:06.271+0000] {processor.py:183} INFO - Processing /home/airflow/.local/lib/python3.12/site-packages/airflow/example_dags/example_task_group_decorator.py took 0.075 seconds
[2024-07-05T14:29:36.337+0000] {processor.py:161} INFO - Started process (PID=223) to work on /home/airflow/.local/lib/python3.12/site-packages/airflow/example_dags/example_task_group_decorator.py
[2024-07-05T14:29:36.338+0000] {processor.py:830} INFO - Processing file /home/airflow/.local/lib/python3.12/site-packages/airflow/example_dags/example_task_group_decorator.py for tasks to queue
[2024-07-05T14:29:36.339+0000] {logging_mixin.py:188} INFO - [2024-07-05T14:29:36.338+0000] {dagbag.py:545} INFO - Filling up the DagBag from /home/airflow/.local/lib/python3.12/site-packages/airflow/example_dags/example_task_group_decorator.py
[2024-07-05T14:29:36.345+0000] {processor.py:840} INFO - DAG(s) 'example_task_group_decorator' retrieved from /home/airflow/.local/lib/python3.12/site-packages/airflow/example_dags/example_task_group_decorator.py
[2024-07-05T14:29:36.357+0000] {logging_mixin.py:188} INFO - [2024-07-05T14:29:36.357+0000] {dag.py:3096} INFO - Sync 1 DAGs
[2024-07-05T14:29:36.368+0000] {logging_mixin.py:188} INFO - [2024-07-05T14:29:36.367+0000] {dag.py:3954} INFO - Setting next_dagrun for example_task_group_decorator to 2024-07-04 00:00:00+00:00, run_after=2024-07-05 00:00:00+00:00
[2024-07-05T14:29:36.376+0000] {processor.py:183} INFO - Processing /home/airflow/.local/lib/python3.12/site-packages/airflow/example_dags/example_task_group_decorator.py took 0.043 seconds
[2024-07-05T14:30:06.491+0000] {processor.py:161} INFO - Started process (PID=281) to work on /home/airflow/.local/lib/python3.12/site-packages/airflow/example_dags/example_task_group_decorator.py
[2024-07-05T14:30:06.492+0000] {processor.py:830} INFO - Processing file /home/airflow/.local/lib/python3.12/site-packages/airflow/example_dags/example_task_group_decorator.py for tasks to queue
[2024-07-05T14:30:06.493+0000] {logging_mixin.py:188} INFO - [2024-07-05T14:30:06.493+0000] {dagbag.py:545} INFO - Filling up the DagBag from /home/airflow/.local/lib/python3.12/site-packages/airflow/example_dags/example_task_group_decorator.py
[2024-07-05T14:30:06.499+0000] {processor.py:840} INFO - DAG(s) 'example_task_group_decorator' retrieved from /home/airflow/.local/lib/python3.12/site-packages/airflow/example_dags/example_task_group_decorator.py
[2024-07-05T14:30:06.510+0000] {logging_mixin.py:188} INFO - [2024-07-05T14:30:06.510+0000] {dag.py:3096} INFO - Sync 1 DAGs
[2024-07-05T14:30:06.520+0000] {logging_mixin.py:188} INFO - [2024-07-05T14:30:06.520+0000] {dag.py:3954} INFO - Setting next_dagrun for example_task_group_decorator to 2024-07-04 00:00:00+00:00, run_after=2024-07-05 00:00:00+00:00
[2024-07-05T14:30:06.529+0000] {processor.py:183} INFO - Processing /home/airflow/.local/lib/python3.12/site-packages/airflow/example_dags/example_task_group_decorator.py took 0.040 seconds
[2024-07-05T14:30:37.062+0000] {processor.py:161} INFO - Started process (PID=339) to work on /home/airflow/.local/lib/python3.12/site-packages/airflow/example_dags/example_task_group_decorator.py
[2024-07-05T14:30:37.063+0000] {processor.py:830} INFO - Processing file /home/airflow/.local/lib/python3.12/site-packages/airflow/example_dags/example_task_group_decorator.py for tasks to queue
[2024-07-05T14:30:37.063+0000] {logging_mixin.py:188} INFO - [2024-07-05T14:30:37.063+0000] {dagbag.py:545} INFO - Filling up the DagBag from /home/airflow/.local/lib/python3.12/site-packages/airflow/example_dags/example_task_group_decorator.py
[2024-07-05T14:30:37.070+0000] {processor.py:840} INFO - DAG(s) 'example_task_group_decorator' retrieved from /home/airflow/.local/lib/python3.12/site-packages/airflow/example_dags/example_task_group_decorator.py
[2024-07-05T14:30:37.081+0000] {logging_mixin.py:188} INFO - [2024-07-05T14:30:37.081+0000] {dag.py:3096} INFO - Sync 1 DAGs
[2024-07-05T14:30:37.091+0000] {logging_mixin.py:188} INFO - [2024-07-05T14:30:37.091+0000] {dag.py:3954} INFO - Setting next_dagrun for example_task_group_decorator to 2024-07-04 00:00:00+00:00, run_after=2024-07-05 00:00:00+00:00
[2024-07-05T14:30:37.100+0000] {processor.py:183} INFO - Processing /home/airflow/.local/lib/python3.12/site-packages/airflow/example_dags/example_task_group_decorator.py took 0.041 seconds
[2024-07-05T14:31:07.697+0000] {processor.py:161} INFO - Started process (PID=397) to work on /home/airflow/.local/lib/python3.12/site-packages/airflow/example_dags/example_task_group_decorator.py
[2024-07-05T14:31:07.698+0000] {processor.py:830} INFO - Processing file /home/airflow/.local/lib/python3.12/site-packages/airflow/example_dags/example_task_group_decorator.py for tasks to queue
[2024-07-05T14:31:07.698+0000] {logging_mixin.py:188} INFO - [2024-07-05T14:31:07.698+0000] {dagbag.py:545} INFO - Filling up the DagBag from /home/airflow/.local/lib/python3.12/site-packages/airflow/example_dags/example_task_group_decorator.py
[2024-07-05T14:31:07.705+0000] {processor.py:840} INFO - DAG(s) 'example_task_group_decorator' retrieved from /home/airflow/.local/lib/python3.12/site-packages/airflow/example_dags/example_task_group_decorator.py
[2024-07-05T14:31:07.715+0000] {logging_mixin.py:188} INFO - [2024-07-05T14:31:07.715+0000] {dag.py:3096} INFO - Sync 1 DAGs
[2024-07-05T14:31:07.725+0000] {logging_mixin.py:188} INFO - [2024-07-05T14:31:07.725+0000] {dag.py:3954} INFO - Setting next_dagrun for example_task_group_decorator to 2024-07-04 00:00:00+00:00, run_after=2024-07-05 00:00:00+00:00
[2024-07-05T14:31:07.733+0000] {processor.py:183} INFO - Processing /home/airflow/.local/lib/python3.12/site-packages/airflow/example_dags/example_task_group_decorator.py took 0.039 seconds
[2024-07-05T14:31:38.319+0000] {processor.py:161} INFO - Started process (PID=455) to work on /home/airflow/.local/lib/python3.12/site-packages/airflow/example_dags/example_task_group_decorator.py
[2024-07-05T14:31:38.320+0000] {processor.py:830} INFO - Processing file /home/airflow/.local/lib/python3.12/site-packages/airflow/example_dags/example_task_group_decorator.py for tasks to queue
[2024-07-05T14:31:38.321+0000] {logging_mixin.py:188} INFO - [2024-07-05T14:31:38.321+0000] {dagbag.py:545} INFO - Filling up the DagBag from /home/airflow/.local/lib/python3.12/site-packages/airflow/example_dags/example_task_group_decorator.py
[2024-07-05T14:31:38.328+0000] {processor.py:840} INFO - DAG(s) 'example_task_group_decorator' retrieved from /home/airflow/.local/lib/python3.12/site-packages/airflow/example_dags/example_task_group_decorator.py
[2024-07-05T14:31:38.341+0000] {logging_mixin.py:188} INFO - [2024-07-05T14:31:38.341+0000] {dag.py:3096} INFO - Sync 1 DAGs
[2024-07-05T14:31:38.353+0000] {logging_mixin.py:188} INFO - [2024-07-05T14:31:38.353+0000] {dag.py:3954} INFO - Setting next_dagrun for example_task_group_decorator to 2024-07-04 00:00:00+00:00, run_after=2024-07-05 00:00:00+00:00
[2024-07-05T14:31:38.367+0000] {processor.py:183} INFO - Processing /home/airflow/.local/lib/python3.12/site-packages/airflow/example_dags/example_task_group_decorator.py took 0.050 seconds
[2024-07-05T14:32:09.003+0000] {processor.py:161} INFO - Started process (PID=513) to work on /home/airflow/.local/lib/python3.12/site-packages/airflow/example_dags/example_task_group_decorator.py
[2024-07-05T14:32:09.003+0000] {processor.py:830} INFO - Processing file /home/airflow/.local/lib/python3.12/site-packages/airflow/example_dags/example_task_group_decorator.py for tasks to queue
[2024-07-05T14:32:09.004+0000] {logging_mixin.py:188} INFO - [2024-07-05T14:32:09.004+0000] {dagbag.py:545} INFO - Filling up the DagBag from /home/airflow/.local/lib/python3.12/site-packages/airflow/example_dags/example_task_group_decorator.py
[2024-07-05T14:32:09.011+0000] {processor.py:840} INFO - DAG(s) 'example_task_group_decorator' retrieved from /home/airflow/.local/lib/python3.12/site-packages/airflow/example_dags/example_task_group_decorator.py
[2024-07-05T14:32:09.022+0000] {logging_mixin.py:188} INFO - [2024-07-05T14:32:09.022+0000] {dag.py:3096} INFO - Sync 1 DAGs
[2024-07-05T14:32:09.032+0000] {logging_mixin.py:188} INFO - [2024-07-05T14:32:09.032+0000] {dag.py:3954} INFO - Setting next_dagrun for example_task_group_decorator to 2024-07-04 00:00:00+00:00, run_after=2024-07-05 00:00:00+00:00
[2024-07-05T14:32:09.040+0000] {processor.py:183} INFO - Processing /home/airflow/.local/lib/python3.12/site-packages/airflow/example_dags/example_task_group_decorator.py took 0.040 seconds
[2024-07-05T14:32:39.883+0000] {processor.py:161} INFO - Started process (PID=571) to work on /home/airflow/.local/lib/python3.12/site-packages/airflow/example_dags/example_task_group_decorator.py
[2024-07-05T14:32:39.884+0000] {processor.py:830} INFO - Processing file /home/airflow/.local/lib/python3.12/site-packages/airflow/example_dags/example_task_group_decorator.py for tasks to queue
[2024-07-05T14:32:39.885+0000] {logging_mixin.py:188} INFO - [2024-07-05T14:32:39.885+0000] {dagbag.py:545} INFO - Filling up the DagBag from /home/airflow/.local/lib/python3.12/site-packages/airflow/example_dags/example_task_group_decorator.py
[2024-07-05T14:32:39.891+0000] {processor.py:840} INFO - DAG(s) 'example_task_group_decorator' retrieved from /home/airflow/.local/lib/python3.12/site-packages/airflow/example_dags/example_task_group_decorator.py
[2024-07-05T14:32:39.903+0000] {logging_mixin.py:188} INFO - [2024-07-05T14:32:39.903+0000] {dag.py:3096} INFO - Sync 1 DAGs
[2024-07-05T14:32:39.914+0000] {logging_mixin.py:188} INFO - [2024-07-05T14:32:39.914+0000] {dag.py:3954} INFO - Setting next_dagrun for example_task_group_decorator to 2024-07-04 00:00:00+00:00, run_after=2024-07-05 00:00:00+00:00
[2024-07-05T14:32:39.922+0000] {processor.py:183} INFO - Processing /home/airflow/.local/lib/python3.12/site-packages/airflow/example_dags/example_task_group_decorator.py took 0.042 seconds
[2024-07-05T14:33:10.123+0000] {processor.py:161} INFO - Started process (PID=629) to work on /home/airflow/.local/lib/python3.12/site-packages/airflow/example_dags/example_task_group_decorator.py
[2024-07-05T14:33:10.124+0000] {processor.py:830} INFO - Processing file /home/airflow/.local/lib/python3.12/site-packages/airflow/example_dags/example_task_group_decorator.py for tasks to queue
[2024-07-05T14:33:10.127+0000] {logging_mixin.py:188} INFO - [2024-07-05T14:33:10.126+0000] {dagbag.py:545} INFO - Filling up the DagBag from /home/airflow/.local/lib/python3.12/site-packages/airflow/example_dags/example_task_group_decorator.py
[2024-07-05T14:33:10.137+0000] {processor.py:840} INFO - DAG(s) 'example_task_group_decorator' retrieved from /home/airflow/.local/lib/python3.12/site-packages/airflow/example_dags/example_task_group_decorator.py
[2024-07-05T14:33:10.162+0000] {logging_mixin.py:188} INFO - [2024-07-05T14:33:10.161+0000] {dag.py:3096} INFO - Sync 1 DAGs
[2024-07-05T14:33:10.179+0000] {logging_mixin.py:188} INFO - [2024-07-05T14:33:10.179+0000] {dag.py:3954} INFO - Setting next_dagrun for example_task_group_decorator to 2024-07-04 00:00:00+00:00, run_after=2024-07-05 00:00:00+00:00
[2024-07-05T14:33:10.192+0000] {processor.py:183} INFO - Processing /home/airflow/.local/lib/python3.12/site-packages/airflow/example_dags/example_task_group_decorator.py took 0.074 seconds
[2024-07-05T14:33:40.234+0000] {processor.py:161} INFO - Started process (PID=687) to work on /home/airflow/.local/lib/python3.12/site-packages/airflow/example_dags/example_task_group_decorator.py
[2024-07-05T14:33:40.234+0000] {processor.py:830} INFO - Processing file /home/airflow/.local/lib/python3.12/site-packages/airflow/example_dags/example_task_group_decorator.py for tasks to queue
[2024-07-05T14:33:40.235+0000] {logging_mixin.py:188} INFO - [2024-07-05T14:33:40.235+0000] {dagbag.py:545} INFO - Filling up the DagBag from /home/airflow/.local/lib/python3.12/site-packages/airflow/example_dags/example_task_group_decorator.py
[2024-07-05T14:33:40.243+0000] {processor.py:840} INFO - DAG(s) 'example_task_group_decorator' retrieved from /home/airflow/.local/lib/python3.12/site-packages/airflow/example_dags/example_task_group_decorator.py
[2024-07-05T14:33:40.256+0000] {logging_mixin.py:188} INFO - [2024-07-05T14:33:40.256+0000] {dag.py:3096} INFO - Sync 1 DAGs
[2024-07-05T14:33:40.268+0000] {logging_mixin.py:188} INFO - [2024-07-05T14:33:40.268+0000] {dag.py:3954} INFO - Setting next_dagrun for example_task_group_decorator to 2024-07-04 00:00:00+00:00, run_after=2024-07-05 00:00:00+00:00
[2024-07-05T14:33:40.278+0000] {processor.py:183} INFO - Processing /home/airflow/.local/lib/python3.12/site-packages/airflow/example_dags/example_task_group_decorator.py took 0.047 seconds
[2024-07-05T14:34:10.912+0000] {processor.py:161} INFO - Started process (PID=745) to work on /home/airflow/.local/lib/python3.12/site-packages/airflow/example_dags/example_task_group_decorator.py
[2024-07-05T14:34:10.913+0000] {processor.py:830} INFO - Processing file /home/airflow/.local/lib/python3.12/site-packages/airflow/example_dags/example_task_group_decorator.py for tasks to queue
[2024-07-05T14:34:10.914+0000] {logging_mixin.py:188} INFO - [2024-07-05T14:34:10.914+0000] {dagbag.py:545} INFO - Filling up the DagBag from /home/airflow/.local/lib/python3.12/site-packages/airflow/example_dags/example_task_group_decorator.py
[2024-07-05T14:34:10.920+0000] {processor.py:840} INFO - DAG(s) 'example_task_group_decorator' retrieved from /home/airflow/.local/lib/python3.12/site-packages/airflow/example_dags/example_task_group_decorator.py
[2024-07-05T14:34:10.932+0000] {logging_mixin.py:188} INFO - [2024-07-05T14:34:10.932+0000] {dag.py:3096} INFO - Sync 1 DAGs
[2024-07-05T14:34:10.942+0000] {logging_mixin.py:188} INFO - [2024-07-05T14:34:10.942+0000] {dag.py:3954} INFO - Setting next_dagrun for example_task_group_decorator to 2024-07-04 00:00:00+00:00, run_after=2024-07-05 00:00:00+00:00
[2024-07-05T14:34:10.950+0000] {processor.py:183} INFO - Processing /home/airflow/.local/lib/python3.12/site-packages/airflow/example_dags/example_task_group_decorator.py took 0.040 seconds
[2024-07-05T14:34:41.737+0000] {processor.py:161} INFO - Started process (PID=803) to work on /home/airflow/.local/lib/python3.12/site-packages/airflow/example_dags/example_task_group_decorator.py
[2024-07-05T14:34:41.738+0000] {processor.py:830} INFO - Processing file /home/airflow/.local/lib/python3.12/site-packages/airflow/example_dags/example_task_group_decorator.py for tasks to queue
[2024-07-05T14:34:41.739+0000] {logging_mixin.py:188} INFO - [2024-07-05T14:34:41.739+0000] {dagbag.py:545} INFO - Filling up the DagBag from /home/airflow/.local/lib/python3.12/site-packages/airflow/example_dags/example_task_group_decorator.py
[2024-07-05T14:34:41.745+0000] {processor.py:840} INFO - DAG(s) 'example_task_group_decorator' retrieved from /home/airflow/.local/lib/python3.12/site-packages/airflow/example_dags/example_task_group_decorator.py
[2024-07-05T14:34:41.757+0000] {logging_mixin.py:188} INFO - [2024-07-05T14:34:41.757+0000] {dag.py:3096} INFO - Sync 1 DAGs
[2024-07-05T14:34:41.769+0000] {logging_mixin.py:188} INFO - [2024-07-05T14:34:41.769+0000] {dag.py:3954} INFO - Setting next_dagrun for example_task_group_decorator to 2024-07-04 00:00:00+00:00, run_after=2024-07-05 00:00:00+00:00
[2024-07-05T14:34:41.780+0000] {processor.py:183} INFO - Processing /home/airflow/.local/lib/python3.12/site-packages/airflow/example_dags/example_task_group_decorator.py took 0.045 seconds
[2024-07-05T14:35:11.816+0000] {processor.py:161} INFO - Started process (PID=861) to work on /home/airflow/.local/lib/python3.12/site-packages/airflow/example_dags/example_task_group_decorator.py
[2024-07-05T14:35:11.817+0000] {processor.py:830} INFO - Processing file /home/airflow/.local/lib/python3.12/site-packages/airflow/example_dags/example_task_group_decorator.py for tasks to queue
[2024-07-05T14:35:11.818+0000] {logging_mixin.py:188} INFO - [2024-07-05T14:35:11.818+0000] {dagbag.py:545} INFO - Filling up the DagBag from /home/airflow/.local/lib/python3.12/site-packages/airflow/example_dags/example_task_group_decorator.py
[2024-07-05T14:35:11.825+0000] {processor.py:840} INFO - DAG(s) 'example_task_group_decorator' retrieved from /home/airflow/.local/lib/python3.12/site-packages/airflow/example_dags/example_task_group_decorator.py
[2024-07-05T14:35:11.837+0000] {logging_mixin.py:188} INFO - [2024-07-05T14:35:11.837+0000] {dag.py:3096} INFO - Sync 1 DAGs
[2024-07-05T14:35:11.847+0000] {logging_mixin.py:188} INFO - [2024-07-05T14:35:11.847+0000] {dag.py:3954} INFO - Setting next_dagrun for example_task_group_decorator to 2024-07-04 00:00:00+00:00, run_after=2024-07-05 00:00:00+00:00
[2024-07-05T14:35:11.855+0000] {processor.py:183} INFO - Processing /home/airflow/.local/lib/python3.12/site-packages/airflow/example_dags/example_task_group_decorator.py took 0.042 seconds
[2024-07-05T14:35:41.961+0000] {processor.py:161} INFO - Started process (PID=919) to work on /home/airflow/.local/lib/python3.12/site-packages/airflow/example_dags/example_task_group_decorator.py
[2024-07-05T14:35:41.962+0000] {processor.py:830} INFO - Processing file /home/airflow/.local/lib/python3.12/site-packages/airflow/example_dags/example_task_group_decorator.py for tasks to queue
[2024-07-05T14:35:41.963+0000] {logging_mixin.py:188} INFO - [2024-07-05T14:35:41.963+0000] {dagbag.py:545} INFO - Filling up the DagBag from /home/airflow/.local/lib/python3.12/site-packages/airflow/example_dags/example_task_group_decorator.py
[2024-07-05T14:35:41.970+0000] {processor.py:840} INFO - DAG(s) 'example_task_group_decorator' retrieved from /home/airflow/.local/lib/python3.12/site-packages/airflow/example_dags/example_task_group_decorator.py
[2024-07-05T14:35:41.982+0000] {logging_mixin.py:188} INFO - [2024-07-05T14:35:41.982+0000] {dag.py:3096} INFO - Sync 1 DAGs
[2024-07-05T14:35:41.993+0000] {logging_mixin.py:188} INFO - [2024-07-05T14:35:41.993+0000] {dag.py:3954} INFO - Setting next_dagrun for example_task_group_decorator to 2024-07-04 00:00:00+00:00, run_after=2024-07-05 00:00:00+00:00
[2024-07-05T14:35:42.002+0000] {processor.py:183} INFO - Processing /home/airflow/.local/lib/python3.12/site-packages/airflow/example_dags/example_task_group_decorator.py took 0.044 seconds
[2024-07-05T14:36:12.023+0000] {processor.py:161} INFO - Started process (PID=976) to work on /home/airflow/.local/lib/python3.12/site-packages/airflow/example_dags/example_task_group_decorator.py
[2024-07-05T14:36:12.024+0000] {processor.py:830} INFO - Processing file /home/airflow/.local/lib/python3.12/site-packages/airflow/example_dags/example_task_group_decorator.py for tasks to queue
[2024-07-05T14:36:12.025+0000] {logging_mixin.py:188} INFO - [2024-07-05T14:36:12.024+0000] {dagbag.py:545} INFO - Filling up the DagBag from /home/airflow/.local/lib/python3.12/site-packages/airflow/example_dags/example_task_group_decorator.py
[2024-07-05T14:36:12.031+0000] {processor.py:840} INFO - DAG(s) 'example_task_group_decorator' retrieved from /home/airflow/.local/lib/python3.12/site-packages/airflow/example_dags/example_task_group_decorator.py
[2024-07-05T14:36:12.042+0000] {logging_mixin.py:188} INFO - [2024-07-05T14:36:12.042+0000] {dag.py:3096} INFO - Sync 1 DAGs
[2024-07-05T14:36:12.051+0000] {logging_mixin.py:188} INFO - [2024-07-05T14:36:12.051+0000] {dag.py:3954} INFO - Setting next_dagrun for example_task_group_decorator to 2024-07-04 00:00:00+00:00, run_after=2024-07-05 00:00:00+00:00
[2024-07-05T14:36:12.058+0000] {processor.py:183} INFO - Processing /home/airflow/.local/lib/python3.12/site-packages/airflow/example_dags/example_task_group_decorator.py took 0.037 seconds
[2024-07-05T14:36:42.545+0000] {processor.py:161} INFO - Started process (PID=1034) to work on /home/airflow/.local/lib/python3.12/site-packages/airflow/example_dags/example_task_group_decorator.py
[2024-07-05T14:36:42.545+0000] {processor.py:830} INFO - Processing file /home/airflow/.local/lib/python3.12/site-packages/airflow/example_dags/example_task_group_decorator.py for tasks to queue
[2024-07-05T14:36:42.546+0000] {logging_mixin.py:188} INFO - [2024-07-05T14:36:42.546+0000] {dagbag.py:545} INFO - Filling up the DagBag from /home/airflow/.local/lib/python3.12/site-packages/airflow/example_dags/example_task_group_decorator.py
[2024-07-05T14:36:42.553+0000] {processor.py:840} INFO - DAG(s) 'example_task_group_decorator' retrieved from /home/airflow/.local/lib/python3.12/site-packages/airflow/example_dags/example_task_group_decorator.py
[2024-07-05T14:36:42.563+0000] {logging_mixin.py:188} INFO - [2024-07-05T14:36:42.563+0000] {dag.py:3096} INFO - Sync 1 DAGs
[2024-07-05T14:36:42.572+0000] {logging_mixin.py:188} INFO - [2024-07-05T14:36:42.572+0000] {dag.py:3954} INFO - Setting next_dagrun for example_task_group_decorator to 2024-07-04 00:00:00+00:00, run_after=2024-07-05 00:00:00+00:00
[2024-07-05T14:36:42.579+0000] {processor.py:183} INFO - Processing /home/airflow/.local/lib/python3.12/site-packages/airflow/example_dags/example_task_group_decorator.py took 0.037 seconds
[2024-07-05T14:37:13.115+0000] {processor.py:161} INFO - Started process (PID=1092) to work on /home/airflow/.local/lib/python3.12/site-packages/airflow/example_dags/example_task_group_decorator.py
[2024-07-05T14:37:13.116+0000] {processor.py:830} INFO - Processing file /home/airflow/.local/lib/python3.12/site-packages/airflow/example_dags/example_task_group_decorator.py for tasks to queue
[2024-07-05T14:37:13.116+0000] {logging_mixin.py:188} INFO - [2024-07-05T14:37:13.116+0000] {dagbag.py:545} INFO - Filling up the DagBag from /home/airflow/.local/lib/python3.12/site-packages/airflow/example_dags/example_task_group_decorator.py
[2024-07-05T14:37:13.123+0000] {processor.py:840} INFO - DAG(s) 'example_task_group_decorator' retrieved from /home/airflow/.local/lib/python3.12/site-packages/airflow/example_dags/example_task_group_decorator.py
[2024-07-05T14:37:13.133+0000] {logging_mixin.py:188} INFO - [2024-07-05T14:37:13.133+0000] {dag.py:3096} INFO - Sync 1 DAGs
[2024-07-05T14:37:13.143+0000] {logging_mixin.py:188} INFO - [2024-07-05T14:37:13.143+0000] {dag.py:3954} INFO - Setting next_dagrun for example_task_group_decorator to 2024-07-04 00:00:00+00:00, run_after=2024-07-05 00:00:00+00:00
[2024-07-05T14:37:13.150+0000] {processor.py:183} INFO - Processing /home/airflow/.local/lib/python3.12/site-packages/airflow/example_dags/example_task_group_decorator.py took 0.038 seconds
[2024-07-05T14:37:43.776+0000] {processor.py:161} INFO - Started process (PID=1150) to work on /home/airflow/.local/lib/python3.12/site-packages/airflow/example_dags/example_task_group_decorator.py
[2024-07-05T14:37:43.777+0000] {processor.py:830} INFO - Processing file /home/airflow/.local/lib/python3.12/site-packages/airflow/example_dags/example_task_group_decorator.py for tasks to queue
[2024-07-05T14:37:43.778+0000] {logging_mixin.py:188} INFO - [2024-07-05T14:37:43.778+0000] {dagbag.py:545} INFO - Filling up the DagBag from /home/airflow/.local/lib/python3.12/site-packages/airflow/example_dags/example_task_group_decorator.py
[2024-07-05T14:37:43.784+0000] {processor.py:840} INFO - DAG(s) 'example_task_group_decorator' retrieved from /home/airflow/.local/lib/python3.12/site-packages/airflow/example_dags/example_task_group_decorator.py
[2024-07-05T14:37:43.795+0000] {logging_mixin.py:188} INFO - [2024-07-05T14:37:43.795+0000] {dag.py:3096} INFO - Sync 1 DAGs
[2024-07-05T14:37:43.804+0000] {logging_mixin.py:188} INFO - [2024-07-05T14:37:43.804+0000] {dag.py:3954} INFO - Setting next_dagrun for example_task_group_decorator to 2024-07-04 00:00:00+00:00, run_after=2024-07-05 00:00:00+00:00
[2024-07-05T14:37:43.812+0000] {processor.py:183} INFO - Processing /home/airflow/.local/lib/python3.12/site-packages/airflow/example_dags/example_task_group_decorator.py took 0.038 seconds
[2024-07-05T14:38:14.481+0000] {processor.py:161} INFO - Started process (PID=1208) to work on /home/airflow/.local/lib/python3.12/site-packages/airflow/example_dags/example_task_group_decorator.py
[2024-07-05T14:38:14.482+0000] {processor.py:830} INFO - Processing file /home/airflow/.local/lib/python3.12/site-packages/airflow/example_dags/example_task_group_decorator.py for tasks to queue
[2024-07-05T14:38:14.483+0000] {logging_mixin.py:188} INFO - [2024-07-05T14:38:14.482+0000] {dagbag.py:545} INFO - Filling up the DagBag from /home/airflow/.local/lib/python3.12/site-packages/airflow/example_dags/example_task_group_decorator.py
[2024-07-05T14:38:14.489+0000] {processor.py:840} INFO - DAG(s) 'example_task_group_decorator' retrieved from /home/airflow/.local/lib/python3.12/site-packages/airflow/example_dags/example_task_group_decorator.py
[2024-07-05T14:38:14.500+0000] {logging_mixin.py:188} INFO - [2024-07-05T14:38:14.499+0000] {dag.py:3096} INFO - Sync 1 DAGs
[2024-07-05T14:38:14.509+0000] {logging_mixin.py:188} INFO - [2024-07-05T14:38:14.509+0000] {dag.py:3954} INFO - Setting next_dagrun for example_task_group_decorator to 2024-07-04 00:00:00+00:00, run_after=2024-07-05 00:00:00+00:00
[2024-07-05T14:38:14.516+0000] {processor.py:183} INFO - Processing /home/airflow/.local/lib/python3.12/site-packages/airflow/example_dags/example_task_group_decorator.py took 0.038 seconds
[2024-07-05T14:38:45.126+0000] {processor.py:161} INFO - Started process (PID=1266) to work on /home/airflow/.local/lib/python3.12/site-packages/airflow/example_dags/example_task_group_decorator.py
[2024-07-05T14:38:45.127+0000] {processor.py:830} INFO - Processing file /home/airflow/.local/lib/python3.12/site-packages/airflow/example_dags/example_task_group_decorator.py for tasks to queue
[2024-07-05T14:38:45.128+0000] {logging_mixin.py:188} INFO - [2024-07-05T14:38:45.128+0000] {dagbag.py:545} INFO - Filling up the DagBag from /home/airflow/.local/lib/python3.12/site-packages/airflow/example_dags/example_task_group_decorator.py
[2024-07-05T14:38:45.133+0000] {processor.py:840} INFO - DAG(s) 'example_task_group_decorator' retrieved from /home/airflow/.local/lib/python3.12/site-packages/airflow/example_dags/example_task_group_decorator.py
[2024-07-05T14:38:45.144+0000] {logging_mixin.py:188} INFO - [2024-07-05T14:38:45.144+0000] {dag.py:3096} INFO - Sync 1 DAGs
[2024-07-05T14:38:45.153+0000] {logging_mixin.py:188} INFO - [2024-07-05T14:38:45.153+0000] {dag.py:3954} INFO - Setting next_dagrun for example_task_group_decorator to 2024-07-04 00:00:00+00:00, run_after=2024-07-05 00:00:00+00:00
[2024-07-05T14:38:45.160+0000] {processor.py:183} INFO - Processing /home/airflow/.local/lib/python3.12/site-packages/airflow/example_dags/example_task_group_decorator.py took 0.036 seconds
[2024-07-05T14:39:15.644+0000] {processor.py:161} INFO - Started process (PID=1324) to work on /home/airflow/.local/lib/python3.12/site-packages/airflow/example_dags/example_task_group_decorator.py
[2024-07-05T14:39:15.645+0000] {processor.py:830} INFO - Processing file /home/airflow/.local/lib/python3.12/site-packages/airflow/example_dags/example_task_group_decorator.py for tasks to queue
[2024-07-05T14:39:15.646+0000] {logging_mixin.py:188} INFO - [2024-07-05T14:39:15.645+0000] {dagbag.py:545} INFO - Filling up the DagBag from /home/airflow/.local/lib/python3.12/site-packages/airflow/example_dags/example_task_group_decorator.py
[2024-07-05T14:39:15.652+0000] {processor.py:840} INFO - DAG(s) 'example_task_group_decorator' retrieved from /home/airflow/.local/lib/python3.12/site-packages/airflow/example_dags/example_task_group_decorator.py
[2024-07-05T14:39:15.663+0000] {logging_mixin.py:188} INFO - [2024-07-05T14:39:15.662+0000] {dag.py:3096} INFO - Sync 1 DAGs
[2024-07-05T14:39:15.672+0000] {logging_mixin.py:188} INFO - [2024-07-05T14:39:15.672+0000] {dag.py:3954} INFO - Setting next_dagrun for example_task_group_decorator to 2024-07-04 00:00:00+00:00, run_after=2024-07-05 00:00:00+00:00
[2024-07-05T14:39:15.679+0000] {processor.py:183} INFO - Processing /home/airflow/.local/lib/python3.12/site-packages/airflow/example_dags/example_task_group_decorator.py took 0.037 seconds
[2024-07-05T14:39:46.291+0000] {processor.py:161} INFO - Started process (PID=1382) to work on /home/airflow/.local/lib/python3.12/site-packages/airflow/example_dags/example_task_group_decorator.py
[2024-07-05T14:39:46.292+0000] {processor.py:830} INFO - Processing file /home/airflow/.local/lib/python3.12/site-packages/airflow/example_dags/example_task_group_decorator.py for tasks to queue
[2024-07-05T14:39:46.293+0000] {logging_mixin.py:188} INFO - [2024-07-05T14:39:46.292+0000] {dagbag.py:545} INFO - Filling up the DagBag from /home/airflow/.local/lib/python3.12/site-packages/airflow/example_dags/example_task_group_decorator.py
[2024-07-05T14:39:46.299+0000] {processor.py:840} INFO - DAG(s) 'example_task_group_decorator' retrieved from /home/airflow/.local/lib/python3.12/site-packages/airflow/example_dags/example_task_group_decorator.py
[2024-07-05T14:39:46.311+0000] {logging_mixin.py:188} INFO - [2024-07-05T14:39:46.311+0000] {dag.py:3096} INFO - Sync 1 DAGs
[2024-07-05T14:39:46.322+0000] {logging_mixin.py:188} INFO - [2024-07-05T14:39:46.322+0000] {dag.py:3954} INFO - Setting next_dagrun for example_task_group_decorator to 2024-07-04 00:00:00+00:00, run_after=2024-07-05 00:00:00+00:00
[2024-07-05T14:39:46.329+0000] {processor.py:183} INFO - Processing /home/airflow/.local/lib/python3.12/site-packages/airflow/example_dags/example_task_group_decorator.py took 0.041 seconds
[2024-07-05T14:40:17.086+0000] {processor.py:161} INFO - Started process (PID=1440) to work on /home/airflow/.local/lib/python3.12/site-packages/airflow/example_dags/example_task_group_decorator.py
[2024-07-05T14:40:17.087+0000] {processor.py:830} INFO - Processing file /home/airflow/.local/lib/python3.12/site-packages/airflow/example_dags/example_task_group_decorator.py for tasks to queue
[2024-07-05T14:40:17.087+0000] {logging_mixin.py:188} INFO - [2024-07-05T14:40:17.087+0000] {dagbag.py:545} INFO - Filling up the DagBag from /home/airflow/.local/lib/python3.12/site-packages/airflow/example_dags/example_task_group_decorator.py
[2024-07-05T14:40:17.094+0000] {processor.py:840} INFO - DAG(s) 'example_task_group_decorator' retrieved from /home/airflow/.local/lib/python3.12/site-packages/airflow/example_dags/example_task_group_decorator.py
[2024-07-05T14:40:17.107+0000] {logging_mixin.py:188} INFO - [2024-07-05T14:40:17.107+0000] {dag.py:3096} INFO - Sync 1 DAGs
[2024-07-05T14:40:17.120+0000] {logging_mixin.py:188} INFO - [2024-07-05T14:40:17.119+0000] {dag.py:3954} INFO - Setting next_dagrun for example_task_group_decorator to 2024-07-04 00:00:00+00:00, run_after=2024-07-05 00:00:00+00:00
[2024-07-05T14:40:17.130+0000] {processor.py:183} INFO - Processing /home/airflow/.local/lib/python3.12/site-packages/airflow/example_dags/example_task_group_decorator.py took 0.047 seconds
[2024-07-05T14:40:47.844+0000] {processor.py:161} INFO - Started process (PID=1497) to work on /home/airflow/.local/lib/python3.12/site-packages/airflow/example_dags/example_task_group_decorator.py
[2024-07-05T14:40:47.845+0000] {processor.py:830} INFO - Processing file /home/airflow/.local/lib/python3.12/site-packages/airflow/example_dags/example_task_group_decorator.py for tasks to queue
[2024-07-05T14:40:47.846+0000] {logging_mixin.py:188} INFO - [2024-07-05T14:40:47.846+0000] {dagbag.py:545} INFO - Filling up the DagBag from /home/airflow/.local/lib/python3.12/site-packages/airflow/example_dags/example_task_group_decorator.py
[2024-07-05T14:40:47.852+0000] {processor.py:840} INFO - DAG(s) 'example_task_group_decorator' retrieved from /home/airflow/.local/lib/python3.12/site-packages/airflow/example_dags/example_task_group_decorator.py
[2024-07-05T14:40:47.863+0000] {logging_mixin.py:188} INFO - [2024-07-05T14:40:47.863+0000] {dag.py:3096} INFO - Sync 1 DAGs
[2024-07-05T14:40:47.872+0000] {logging_mixin.py:188} INFO - [2024-07-05T14:40:47.872+0000] {dag.py:3954} INFO - Setting next_dagrun for example_task_group_decorator to 2024-07-04 00:00:00+00:00, run_after=2024-07-05 00:00:00+00:00
[2024-07-05T14:40:47.879+0000] {processor.py:183} INFO - Processing /home/airflow/.local/lib/python3.12/site-packages/airflow/example_dags/example_task_group_decorator.py took 0.038 seconds
[2024-07-05T14:41:18.602+0000] {processor.py:161} INFO - Started process (PID=1555) to work on /home/airflow/.local/lib/python3.12/site-packages/airflow/example_dags/example_task_group_decorator.py
[2024-07-05T14:41:18.603+0000] {processor.py:830} INFO - Processing file /home/airflow/.local/lib/python3.12/site-packages/airflow/example_dags/example_task_group_decorator.py for tasks to queue
[2024-07-05T14:41:18.604+0000] {logging_mixin.py:188} INFO - [2024-07-05T14:41:18.604+0000] {dagbag.py:545} INFO - Filling up the DagBag from /home/airflow/.local/lib/python3.12/site-packages/airflow/example_dags/example_task_group_decorator.py
[2024-07-05T14:41:18.611+0000] {processor.py:840} INFO - DAG(s) 'example_task_group_decorator' retrieved from /home/airflow/.local/lib/python3.12/site-packages/airflow/example_dags/example_task_group_decorator.py
[2024-07-05T14:41:18.623+0000] {logging_mixin.py:188} INFO - [2024-07-05T14:41:18.623+0000] {dag.py:3096} INFO - Sync 1 DAGs
[2024-07-05T14:41:18.634+0000] {logging_mixin.py:188} INFO - [2024-07-05T14:41:18.634+0000] {dag.py:3954} INFO - Setting next_dagrun for example_task_group_decorator to 2024-07-04 00:00:00+00:00, run_after=2024-07-05 00:00:00+00:00
[2024-07-05T14:41:18.641+0000] {processor.py:183} INFO - Processing /home/airflow/.local/lib/python3.12/site-packages/airflow/example_dags/example_task_group_decorator.py took 0.042 seconds
[2024-07-05T14:41:48.673+0000] {processor.py:161} INFO - Started process (PID=1613) to work on /home/airflow/.local/lib/python3.12/site-packages/airflow/example_dags/example_task_group_decorator.py
[2024-07-05T14:41:48.674+0000] {processor.py:830} INFO - Processing file /home/airflow/.local/lib/python3.12/site-packages/airflow/example_dags/example_task_group_decorator.py for tasks to queue
[2024-07-05T14:41:48.675+0000] {logging_mixin.py:188} INFO - [2024-07-05T14:41:48.675+0000] {dagbag.py:545} INFO - Filling up the DagBag from /home/airflow/.local/lib/python3.12/site-packages/airflow/example_dags/example_task_group_decorator.py
[2024-07-05T14:41:48.682+0000] {processor.py:840} INFO - DAG(s) 'example_task_group_decorator' retrieved from /home/airflow/.local/lib/python3.12/site-packages/airflow/example_dags/example_task_group_decorator.py
[2024-07-05T14:41:48.692+0000] {logging_mixin.py:188} INFO - [2024-07-05T14:41:48.692+0000] {dag.py:3096} INFO - Sync 1 DAGs
[2024-07-05T14:41:48.702+0000] {logging_mixin.py:188} INFO - [2024-07-05T14:41:48.702+0000] {dag.py:3954} INFO - Setting next_dagrun for example_task_group_decorator to 2024-07-04 00:00:00+00:00, run_after=2024-07-05 00:00:00+00:00
[2024-07-05T14:41:48.709+0000] {processor.py:183} INFO - Processing /home/airflow/.local/lib/python3.12/site-packages/airflow/example_dags/example_task_group_decorator.py took 0.038 seconds
[2024-07-05T14:42:19.049+0000] {processor.py:161} INFO - Started process (PID=1671) to work on /home/airflow/.local/lib/python3.12/site-packages/airflow/example_dags/example_task_group_decorator.py
[2024-07-05T14:42:19.050+0000] {processor.py:830} INFO - Processing file /home/airflow/.local/lib/python3.12/site-packages/airflow/example_dags/example_task_group_decorator.py for tasks to queue
[2024-07-05T14:42:19.051+0000] {logging_mixin.py:188} INFO - [2024-07-05T14:42:19.051+0000] {dagbag.py:545} INFO - Filling up the DagBag from /home/airflow/.local/lib/python3.12/site-packages/airflow/example_dags/example_task_group_decorator.py
[2024-07-05T14:42:19.059+0000] {processor.py:840} INFO - DAG(s) 'example_task_group_decorator' retrieved from /home/airflow/.local/lib/python3.12/site-packages/airflow/example_dags/example_task_group_decorator.py
[2024-07-05T14:42:19.072+0000] {logging_mixin.py:188} INFO - [2024-07-05T14:42:19.071+0000] {dag.py:3096} INFO - Sync 1 DAGs
[2024-07-05T14:42:19.082+0000] {logging_mixin.py:188} INFO - [2024-07-05T14:42:19.081+0000] {dag.py:3954} INFO - Setting next_dagrun for example_task_group_decorator to 2024-07-04 00:00:00+00:00, run_after=2024-07-05 00:00:00+00:00
[2024-07-05T14:42:19.205+0000] {processor.py:183} INFO - Processing /home/airflow/.local/lib/python3.12/site-packages/airflow/example_dags/example_task_group_decorator.py took 0.159 seconds
[2024-07-05T14:42:50.133+0000] {processor.py:161} INFO - Started process (PID=1728) to work on /home/airflow/.local/lib/python3.12/site-packages/airflow/example_dags/example_task_group_decorator.py
[2024-07-05T14:42:50.134+0000] {processor.py:830} INFO - Processing file /home/airflow/.local/lib/python3.12/site-packages/airflow/example_dags/example_task_group_decorator.py for tasks to queue
[2024-07-05T14:42:50.136+0000] {logging_mixin.py:188} INFO - [2024-07-05T14:42:50.136+0000] {dagbag.py:545} INFO - Filling up the DagBag from /home/airflow/.local/lib/python3.12/site-packages/airflow/example_dags/example_task_group_decorator.py
[2024-07-05T14:42:50.147+0000] {processor.py:840} INFO - DAG(s) 'example_task_group_decorator' retrieved from /home/airflow/.local/lib/python3.12/site-packages/airflow/example_dags/example_task_group_decorator.py
[2024-07-05T14:42:50.164+0000] {logging_mixin.py:188} INFO - [2024-07-05T14:42:50.164+0000] {dag.py:3096} INFO - Sync 1 DAGs
[2024-07-05T14:42:50.177+0000] {logging_mixin.py:188} INFO - [2024-07-05T14:42:50.177+0000] {dag.py:3954} INFO - Setting next_dagrun for example_task_group_decorator to 2024-07-04 00:00:00+00:00, run_after=2024-07-05 00:00:00+00:00
[2024-07-05T14:42:50.186+0000] {processor.py:183} INFO - Processing /home/airflow/.local/lib/python3.12/site-packages/airflow/example_dags/example_task_group_decorator.py took 0.058 seconds
[2024-07-05T14:43:20.529+0000] {processor.py:161} INFO - Started process (PID=1786) to work on /home/airflow/.local/lib/python3.12/site-packages/airflow/example_dags/example_task_group_decorator.py
[2024-07-05T14:43:20.530+0000] {processor.py:830} INFO - Processing file /home/airflow/.local/lib/python3.12/site-packages/airflow/example_dags/example_task_group_decorator.py for tasks to queue
[2024-07-05T14:43:20.532+0000] {logging_mixin.py:188} INFO - [2024-07-05T14:43:20.531+0000] {dagbag.py:545} INFO - Filling up the DagBag from /home/airflow/.local/lib/python3.12/site-packages/airflow/example_dags/example_task_group_decorator.py
[2024-07-05T14:43:20.543+0000] {processor.py:840} INFO - DAG(s) 'example_task_group_decorator' retrieved from /home/airflow/.local/lib/python3.12/site-packages/airflow/example_dags/example_task_group_decorator.py
[2024-07-05T14:43:20.560+0000] {logging_mixin.py:188} INFO - [2024-07-05T14:43:20.559+0000] {dag.py:3096} INFO - Sync 1 DAGs
[2024-07-05T14:43:20.573+0000] {logging_mixin.py:188} INFO - [2024-07-05T14:43:20.573+0000] {dag.py:3954} INFO - Setting next_dagrun for example_task_group_decorator to 2024-07-04 00:00:00+00:00, run_after=2024-07-05 00:00:00+00:00
[2024-07-05T14:43:20.582+0000] {processor.py:183} INFO - Processing /home/airflow/.local/lib/python3.12/site-packages/airflow/example_dags/example_task_group_decorator.py took 0.060 seconds
[2024-07-05T14:43:51.212+0000] {processor.py:161} INFO - Started process (PID=1844) to work on /home/airflow/.local/lib/python3.12/site-packages/airflow/example_dags/example_task_group_decorator.py
[2024-07-05T14:43:51.215+0000] {processor.py:830} INFO - Processing file /home/airflow/.local/lib/python3.12/site-packages/airflow/example_dags/example_task_group_decorator.py for tasks to queue
[2024-07-05T14:43:51.218+0000] {logging_mixin.py:188} INFO - [2024-07-05T14:43:51.217+0000] {dagbag.py:545} INFO - Filling up the DagBag from /home/airflow/.local/lib/python3.12/site-packages/airflow/example_dags/example_task_group_decorator.py
[2024-07-05T14:43:51.235+0000] {processor.py:840} INFO - DAG(s) 'example_task_group_decorator' retrieved from /home/airflow/.local/lib/python3.12/site-packages/airflow/example_dags/example_task_group_decorator.py
[2024-07-05T14:43:51.255+0000] {logging_mixin.py:188} INFO - [2024-07-05T14:43:51.255+0000] {dag.py:3096} INFO - Sync 1 DAGs
[2024-07-05T14:43:51.268+0000] {logging_mixin.py:188} INFO - [2024-07-05T14:43:51.268+0000] {dag.py:3954} INFO - Setting next_dagrun for example_task_group_decorator to 2024-07-04 00:00:00+00:00, run_after=2024-07-05 00:00:00+00:00
[2024-07-05T14:43:51.277+0000] {processor.py:183} INFO - Processing /home/airflow/.local/lib/python3.12/site-packages/airflow/example_dags/example_task_group_decorator.py took 0.072 seconds
[2024-07-05T14:44:22.137+0000] {processor.py:161} INFO - Started process (PID=1901) to work on /home/airflow/.local/lib/python3.12/site-packages/airflow/example_dags/example_task_group_decorator.py
[2024-07-05T14:44:22.139+0000] {processor.py:830} INFO - Processing file /home/airflow/.local/lib/python3.12/site-packages/airflow/example_dags/example_task_group_decorator.py for tasks to queue
[2024-07-05T14:44:22.141+0000] {logging_mixin.py:188} INFO - [2024-07-05T14:44:22.141+0000] {dagbag.py:545} INFO - Filling up the DagBag from /home/airflow/.local/lib/python3.12/site-packages/airflow/example_dags/example_task_group_decorator.py
[2024-07-05T14:44:22.154+0000] {processor.py:840} INFO - DAG(s) 'example_task_group_decorator' retrieved from /home/airflow/.local/lib/python3.12/site-packages/airflow/example_dags/example_task_group_decorator.py
[2024-07-05T14:44:22.173+0000] {logging_mixin.py:188} INFO - [2024-07-05T14:44:22.173+0000] {dag.py:3096} INFO - Sync 1 DAGs
[2024-07-05T14:44:22.186+0000] {logging_mixin.py:188} INFO - [2024-07-05T14:44:22.186+0000] {dag.py:3954} INFO - Setting next_dagrun for example_task_group_decorator to 2024-07-04 00:00:00+00:00, run_after=2024-07-05 00:00:00+00:00
[2024-07-05T14:44:22.196+0000] {processor.py:183} INFO - Processing /home/airflow/.local/lib/python3.12/site-packages/airflow/example_dags/example_task_group_decorator.py took 0.066 seconds
