[2024-07-05T14:09:19.589+0000] {processor.py:161} INFO - Started process (PID=64) to work on /home/airflow/.local/lib/python3.12/site-packages/airflow/example_dags/example_latest_only.py
[2024-07-05T14:09:19.593+0000] {processor.py:830} INFO - Processing file /home/airflow/.local/lib/python3.12/site-packages/airflow/example_dags/example_latest_only.py for tasks to queue
[2024-07-05T14:09:19.598+0000] {logging_mixin.py:188} INFO - [2024-07-05T14:09:19.597+0000] {dagbag.py:545} INFO - Filling up the DagBag from /home/airflow/.local/lib/python3.12/site-packages/airflow/example_dags/example_latest_only.py
[2024-07-05T14:09:19.617+0000] {processor.py:840} INFO - DAG(s) 'latest_only' retrieved from /home/airflow/.local/lib/python3.12/site-packages/airflow/example_dags/example_latest_only.py
[2024-07-05T14:09:19.646+0000] {logging_mixin.py:188} INFO - [2024-07-05T14:09:19.646+0000] {dag.py:3096} INFO - Sync 1 DAGs
[2024-07-05T14:09:19.674+0000] {logging_mixin.py:188} INFO - [2024-07-05T14:09:19.674+0000] {dag.py:3954} INFO - Setting next_dagrun for latest_only to 2024-07-05 08:00:00+00:00, run_after=2024-07-05 12:00:00+00:00
[2024-07-05T14:09:19.689+0000] {processor.py:183} INFO - Processing /home/airflow/.local/lib/python3.12/site-packages/airflow/example_dags/example_latest_only.py took 0.128 seconds
[2024-07-05T14:09:50.607+0000] {processor.py:161} INFO - Started process (PID=122) to work on /home/airflow/.local/lib/python3.12/site-packages/airflow/example_dags/example_latest_only.py
[2024-07-05T14:09:50.609+0000] {processor.py:830} INFO - Processing file /home/airflow/.local/lib/python3.12/site-packages/airflow/example_dags/example_latest_only.py for tasks to queue
[2024-07-05T14:09:50.611+0000] {logging_mixin.py:188} INFO - [2024-07-05T14:09:50.610+0000] {dagbag.py:545} INFO - Filling up the DagBag from /home/airflow/.local/lib/python3.12/site-packages/airflow/example_dags/example_latest_only.py
[2024-07-05T14:09:50.615+0000] {processor.py:840} INFO - DAG(s) 'latest_only' retrieved from /home/airflow/.local/lib/python3.12/site-packages/airflow/example_dags/example_latest_only.py
[2024-07-05T14:09:50.667+0000] {logging_mixin.py:188} INFO - [2024-07-05T14:09:50.667+0000] {dag.py:3096} INFO - Sync 1 DAGs
[2024-07-05T14:09:50.677+0000] {logging_mixin.py:188} INFO - [2024-07-05T14:09:50.677+0000] {dag.py:3954} INFO - Setting next_dagrun for latest_only to 2024-07-05 08:00:00+00:00, run_after=2024-07-05 12:00:00+00:00
[2024-07-05T14:09:50.686+0000] {processor.py:183} INFO - Processing /home/airflow/.local/lib/python3.12/site-packages/airflow/example_dags/example_latest_only.py took 0.086 seconds
[2024-07-05T14:10:20.981+0000] {processor.py:161} INFO - Started process (PID=180) to work on /home/airflow/.local/lib/python3.12/site-packages/airflow/example_dags/example_latest_only.py
[2024-07-05T14:10:20.982+0000] {processor.py:830} INFO - Processing file /home/airflow/.local/lib/python3.12/site-packages/airflow/example_dags/example_latest_only.py for tasks to queue
[2024-07-05T14:10:20.983+0000] {logging_mixin.py:188} INFO - [2024-07-05T14:10:20.983+0000] {dagbag.py:545} INFO - Filling up the DagBag from /home/airflow/.local/lib/python3.12/site-packages/airflow/example_dags/example_latest_only.py
[2024-07-05T14:10:20.986+0000] {processor.py:840} INFO - DAG(s) 'latest_only' retrieved from /home/airflow/.local/lib/python3.12/site-packages/airflow/example_dags/example_latest_only.py
[2024-07-05T14:10:20.998+0000] {logging_mixin.py:188} INFO - [2024-07-05T14:10:20.998+0000] {dag.py:3096} INFO - Sync 1 DAGs
[2024-07-05T14:10:21.010+0000] {logging_mixin.py:188} INFO - [2024-07-05T14:10:21.009+0000] {dag.py:3954} INFO - Setting next_dagrun for latest_only to 2024-07-05 08:00:00+00:00, run_after=2024-07-05 12:00:00+00:00
[2024-07-05T14:10:21.022+0000] {processor.py:183} INFO - Processing /home/airflow/.local/lib/python3.12/site-packages/airflow/example_dags/example_latest_only.py took 0.044 seconds
[2024-07-05T14:10:51.551+0000] {processor.py:161} INFO - Started process (PID=238) to work on /home/airflow/.local/lib/python3.12/site-packages/airflow/example_dags/example_latest_only.py
[2024-07-05T14:10:51.555+0000] {processor.py:830} INFO - Processing file /home/airflow/.local/lib/python3.12/site-packages/airflow/example_dags/example_latest_only.py for tasks to queue
[2024-07-05T14:10:51.556+0000] {logging_mixin.py:188} INFO - [2024-07-05T14:10:51.556+0000] {dagbag.py:545} INFO - Filling up the DagBag from /home/airflow/.local/lib/python3.12/site-packages/airflow/example_dags/example_latest_only.py
[2024-07-05T14:10:51.559+0000] {processor.py:840} INFO - DAG(s) 'latest_only' retrieved from /home/airflow/.local/lib/python3.12/site-packages/airflow/example_dags/example_latest_only.py
[2024-07-05T14:10:51.568+0000] {logging_mixin.py:188} INFO - [2024-07-05T14:10:51.568+0000] {dag.py:3096} INFO - Sync 1 DAGs
[2024-07-05T14:10:51.578+0000] {logging_mixin.py:188} INFO - [2024-07-05T14:10:51.578+0000] {dag.py:3954} INFO - Setting next_dagrun for latest_only to 2024-07-05 08:00:00+00:00, run_after=2024-07-05 12:00:00+00:00
[2024-07-05T14:10:51.586+0000] {processor.py:183} INFO - Processing /home/airflow/.local/lib/python3.12/site-packages/airflow/example_dags/example_latest_only.py took 0.038 seconds
[2024-07-05T14:11:21.727+0000] {processor.py:161} INFO - Started process (PID=296) to work on /home/airflow/.local/lib/python3.12/site-packages/airflow/example_dags/example_latest_only.py
[2024-07-05T14:11:21.730+0000] {processor.py:830} INFO - Processing file /home/airflow/.local/lib/python3.12/site-packages/airflow/example_dags/example_latest_only.py for tasks to queue
[2024-07-05T14:11:21.731+0000] {logging_mixin.py:188} INFO - [2024-07-05T14:11:21.731+0000] {dagbag.py:545} INFO - Filling up the DagBag from /home/airflow/.local/lib/python3.12/site-packages/airflow/example_dags/example_latest_only.py
[2024-07-05T14:11:21.734+0000] {processor.py:840} INFO - DAG(s) 'latest_only' retrieved from /home/airflow/.local/lib/python3.12/site-packages/airflow/example_dags/example_latest_only.py
[2024-07-05T14:11:21.744+0000] {logging_mixin.py:188} INFO - [2024-07-05T14:11:21.744+0000] {dag.py:3096} INFO - Sync 1 DAGs
[2024-07-05T14:11:21.754+0000] {logging_mixin.py:188} INFO - [2024-07-05T14:11:21.754+0000] {dag.py:3954} INFO - Setting next_dagrun for latest_only to 2024-07-05 08:00:00+00:00, run_after=2024-07-05 12:00:00+00:00
[2024-07-05T14:11:21.762+0000] {processor.py:183} INFO - Processing /home/airflow/.local/lib/python3.12/site-packages/airflow/example_dags/example_latest_only.py took 0.038 seconds
[2024-07-05T14:11:52.258+0000] {processor.py:161} INFO - Started process (PID=354) to work on /home/airflow/.local/lib/python3.12/site-packages/airflow/example_dags/example_latest_only.py
[2024-07-05T14:11:52.259+0000] {processor.py:830} INFO - Processing file /home/airflow/.local/lib/python3.12/site-packages/airflow/example_dags/example_latest_only.py for tasks to queue
[2024-07-05T14:11:52.260+0000] {logging_mixin.py:188} INFO - [2024-07-05T14:11:52.260+0000] {dagbag.py:545} INFO - Filling up the DagBag from /home/airflow/.local/lib/python3.12/site-packages/airflow/example_dags/example_latest_only.py
[2024-07-05T14:11:52.263+0000] {processor.py:840} INFO - DAG(s) 'latest_only' retrieved from /home/airflow/.local/lib/python3.12/site-packages/airflow/example_dags/example_latest_only.py
[2024-07-05T14:11:52.279+0000] {logging_mixin.py:188} INFO - [2024-07-05T14:11:52.279+0000] {dag.py:3096} INFO - Sync 1 DAGs
[2024-07-05T14:11:52.299+0000] {logging_mixin.py:188} INFO - [2024-07-05T14:11:52.299+0000] {dag.py:3954} INFO - Setting next_dagrun for latest_only to 2024-07-05 08:00:00+00:00, run_after=2024-07-05 12:00:00+00:00
[2024-07-05T14:11:52.384+0000] {processor.py:183} INFO - Processing /home/airflow/.local/lib/python3.12/site-packages/airflow/example_dags/example_latest_only.py took 0.130 seconds
[2024-07-05T14:12:23.096+0000] {processor.py:161} INFO - Started process (PID=412) to work on /home/airflow/.local/lib/python3.12/site-packages/airflow/example_dags/example_latest_only.py
[2024-07-05T14:12:23.097+0000] {processor.py:830} INFO - Processing file /home/airflow/.local/lib/python3.12/site-packages/airflow/example_dags/example_latest_only.py for tasks to queue
[2024-07-05T14:12:23.098+0000] {logging_mixin.py:188} INFO - [2024-07-05T14:12:23.098+0000] {dagbag.py:545} INFO - Filling up the DagBag from /home/airflow/.local/lib/python3.12/site-packages/airflow/example_dags/example_latest_only.py
[2024-07-05T14:12:23.101+0000] {processor.py:840} INFO - DAG(s) 'latest_only' retrieved from /home/airflow/.local/lib/python3.12/site-packages/airflow/example_dags/example_latest_only.py
[2024-07-05T14:12:23.114+0000] {logging_mixin.py:188} INFO - [2024-07-05T14:12:23.114+0000] {dag.py:3096} INFO - Sync 1 DAGs
[2024-07-05T14:12:23.126+0000] {logging_mixin.py:188} INFO - [2024-07-05T14:12:23.126+0000] {dag.py:3954} INFO - Setting next_dagrun for latest_only to 2024-07-05 08:00:00+00:00, run_after=2024-07-05 12:00:00+00:00
[2024-07-05T14:12:23.139+0000] {processor.py:183} INFO - Processing /home/airflow/.local/lib/python3.12/site-packages/airflow/example_dags/example_latest_only.py took 0.047 seconds
[2024-07-05T14:12:53.954+0000] {processor.py:161} INFO - Started process (PID=470) to work on /home/airflow/.local/lib/python3.12/site-packages/airflow/example_dags/example_latest_only.py
[2024-07-05T14:12:53.955+0000] {processor.py:830} INFO - Processing file /home/airflow/.local/lib/python3.12/site-packages/airflow/example_dags/example_latest_only.py for tasks to queue
[2024-07-05T14:12:53.956+0000] {logging_mixin.py:188} INFO - [2024-07-05T14:12:53.956+0000] {dagbag.py:545} INFO - Filling up the DagBag from /home/airflow/.local/lib/python3.12/site-packages/airflow/example_dags/example_latest_only.py
[2024-07-05T14:12:53.961+0000] {processor.py:840} INFO - DAG(s) 'latest_only' retrieved from /home/airflow/.local/lib/python3.12/site-packages/airflow/example_dags/example_latest_only.py
[2024-07-05T14:12:53.971+0000] {logging_mixin.py:188} INFO - [2024-07-05T14:12:53.971+0000] {dag.py:3096} INFO - Sync 1 DAGs
[2024-07-05T14:12:53.983+0000] {logging_mixin.py:188} INFO - [2024-07-05T14:12:53.983+0000] {dag.py:3954} INFO - Setting next_dagrun for latest_only to 2024-07-05 08:00:00+00:00, run_after=2024-07-05 12:00:00+00:00
[2024-07-05T14:12:53.992+0000] {processor.py:183} INFO - Processing /home/airflow/.local/lib/python3.12/site-packages/airflow/example_dags/example_latest_only.py took 0.041 seconds
[2024-07-05T14:13:24.853+0000] {processor.py:161} INFO - Started process (PID=528) to work on /home/airflow/.local/lib/python3.12/site-packages/airflow/example_dags/example_latest_only.py
[2024-07-05T14:13:24.853+0000] {processor.py:830} INFO - Processing file /home/airflow/.local/lib/python3.12/site-packages/airflow/example_dags/example_latest_only.py for tasks to queue
[2024-07-05T14:13:24.854+0000] {logging_mixin.py:188} INFO - [2024-07-05T14:13:24.854+0000] {dagbag.py:545} INFO - Filling up the DagBag from /home/airflow/.local/lib/python3.12/site-packages/airflow/example_dags/example_latest_only.py
[2024-07-05T14:13:24.857+0000] {processor.py:840} INFO - DAG(s) 'latest_only' retrieved from /home/airflow/.local/lib/python3.12/site-packages/airflow/example_dags/example_latest_only.py
[2024-07-05T14:13:24.867+0000] {logging_mixin.py:188} INFO - [2024-07-05T14:13:24.867+0000] {dag.py:3096} INFO - Sync 1 DAGs
[2024-07-05T14:13:24.878+0000] {logging_mixin.py:188} INFO - [2024-07-05T14:13:24.878+0000] {dag.py:3954} INFO - Setting next_dagrun for latest_only to 2024-07-05 08:00:00+00:00, run_after=2024-07-05 12:00:00+00:00
[2024-07-05T14:13:24.886+0000] {processor.py:183} INFO - Processing /home/airflow/.local/lib/python3.12/site-packages/airflow/example_dags/example_latest_only.py took 0.037 seconds
[2024-07-05T14:13:55.307+0000] {processor.py:161} INFO - Started process (PID=586) to work on /home/airflow/.local/lib/python3.12/site-packages/airflow/example_dags/example_latest_only.py
[2024-07-05T14:13:55.308+0000] {processor.py:830} INFO - Processing file /home/airflow/.local/lib/python3.12/site-packages/airflow/example_dags/example_latest_only.py for tasks to queue
[2024-07-05T14:13:55.309+0000] {logging_mixin.py:188} INFO - [2024-07-05T14:13:55.309+0000] {dagbag.py:545} INFO - Filling up the DagBag from /home/airflow/.local/lib/python3.12/site-packages/airflow/example_dags/example_latest_only.py
[2024-07-05T14:13:55.315+0000] {processor.py:840} INFO - DAG(s) 'latest_only' retrieved from /home/airflow/.local/lib/python3.12/site-packages/airflow/example_dags/example_latest_only.py
[2024-07-05T14:13:55.335+0000] {logging_mixin.py:188} INFO - [2024-07-05T14:13:55.335+0000] {dag.py:3096} INFO - Sync 1 DAGs
[2024-07-05T14:13:55.350+0000] {logging_mixin.py:188} INFO - [2024-07-05T14:13:55.349+0000] {dag.py:3954} INFO - Setting next_dagrun for latest_only to 2024-07-05 08:00:00+00:00, run_after=2024-07-05 12:00:00+00:00
[2024-07-05T14:13:55.361+0000] {processor.py:183} INFO - Processing /home/airflow/.local/lib/python3.12/site-packages/airflow/example_dags/example_latest_only.py took 0.059 seconds
[2024-07-05T14:14:25.765+0000] {processor.py:161} INFO - Started process (PID=644) to work on /home/airflow/.local/lib/python3.12/site-packages/airflow/example_dags/example_latest_only.py
[2024-07-05T14:14:25.766+0000] {processor.py:830} INFO - Processing file /home/airflow/.local/lib/python3.12/site-packages/airflow/example_dags/example_latest_only.py for tasks to queue
[2024-07-05T14:14:25.768+0000] {logging_mixin.py:188} INFO - [2024-07-05T14:14:25.768+0000] {dagbag.py:545} INFO - Filling up the DagBag from /home/airflow/.local/lib/python3.12/site-packages/airflow/example_dags/example_latest_only.py
[2024-07-05T14:14:25.771+0000] {processor.py:840} INFO - DAG(s) 'latest_only' retrieved from /home/airflow/.local/lib/python3.12/site-packages/airflow/example_dags/example_latest_only.py
[2024-07-05T14:14:25.793+0000] {logging_mixin.py:188} INFO - [2024-07-05T14:14:25.792+0000] {dag.py:3096} INFO - Sync 1 DAGs
[2024-07-05T14:14:25.807+0000] {logging_mixin.py:188} INFO - [2024-07-05T14:14:25.807+0000] {dag.py:3954} INFO - Setting next_dagrun for latest_only to 2024-07-05 08:00:00+00:00, run_after=2024-07-05 12:00:00+00:00
[2024-07-05T14:14:25.820+0000] {processor.py:183} INFO - Processing /home/airflow/.local/lib/python3.12/site-packages/airflow/example_dags/example_latest_only.py took 0.058 seconds
[2024-07-05T14:14:56.008+0000] {processor.py:161} INFO - Started process (PID=702) to work on /home/airflow/.local/lib/python3.12/site-packages/airflow/example_dags/example_latest_only.py
[2024-07-05T14:14:56.009+0000] {processor.py:830} INFO - Processing file /home/airflow/.local/lib/python3.12/site-packages/airflow/example_dags/example_latest_only.py for tasks to queue
[2024-07-05T14:14:56.011+0000] {logging_mixin.py:188} INFO - [2024-07-05T14:14:56.011+0000] {dagbag.py:545} INFO - Filling up the DagBag from /home/airflow/.local/lib/python3.12/site-packages/airflow/example_dags/example_latest_only.py
[2024-07-05T14:14:56.014+0000] {processor.py:840} INFO - DAG(s) 'latest_only' retrieved from /home/airflow/.local/lib/python3.12/site-packages/airflow/example_dags/example_latest_only.py
[2024-07-05T14:14:56.024+0000] {logging_mixin.py:188} INFO - [2024-07-05T14:14:56.024+0000] {dag.py:3096} INFO - Sync 1 DAGs
[2024-07-05T14:14:56.036+0000] {logging_mixin.py:188} INFO - [2024-07-05T14:14:56.036+0000] {dag.py:3954} INFO - Setting next_dagrun for latest_only to 2024-07-05 08:00:00+00:00, run_after=2024-07-05 12:00:00+00:00
[2024-07-05T14:14:56.046+0000] {processor.py:183} INFO - Processing /home/airflow/.local/lib/python3.12/site-packages/airflow/example_dags/example_latest_only.py took 0.041 seconds
[2024-07-05T14:15:26.358+0000] {processor.py:161} INFO - Started process (PID=760) to work on /home/airflow/.local/lib/python3.12/site-packages/airflow/example_dags/example_latest_only.py
[2024-07-05T14:15:26.358+0000] {processor.py:830} INFO - Processing file /home/airflow/.local/lib/python3.12/site-packages/airflow/example_dags/example_latest_only.py for tasks to queue
[2024-07-05T14:15:26.359+0000] {logging_mixin.py:188} INFO - [2024-07-05T14:15:26.359+0000] {dagbag.py:545} INFO - Filling up the DagBag from /home/airflow/.local/lib/python3.12/site-packages/airflow/example_dags/example_latest_only.py
[2024-07-05T14:15:26.362+0000] {processor.py:840} INFO - DAG(s) 'latest_only' retrieved from /home/airflow/.local/lib/python3.12/site-packages/airflow/example_dags/example_latest_only.py
[2024-07-05T14:15:26.371+0000] {logging_mixin.py:188} INFO - [2024-07-05T14:15:26.371+0000] {dag.py:3096} INFO - Sync 1 DAGs
[2024-07-05T14:15:26.381+0000] {logging_mixin.py:188} INFO - [2024-07-05T14:15:26.380+0000] {dag.py:3954} INFO - Setting next_dagrun for latest_only to 2024-07-05 08:00:00+00:00, run_after=2024-07-05 12:00:00+00:00
[2024-07-05T14:15:26.389+0000] {processor.py:183} INFO - Processing /home/airflow/.local/lib/python3.12/site-packages/airflow/example_dags/example_latest_only.py took 0.034 seconds
[2024-07-05T14:15:56.743+0000] {processor.py:161} INFO - Started process (PID=818) to work on /home/airflow/.local/lib/python3.12/site-packages/airflow/example_dags/example_latest_only.py
[2024-07-05T14:15:56.744+0000] {processor.py:830} INFO - Processing file /home/airflow/.local/lib/python3.12/site-packages/airflow/example_dags/example_latest_only.py for tasks to queue
[2024-07-05T14:15:56.745+0000] {logging_mixin.py:188} INFO - [2024-07-05T14:15:56.745+0000] {dagbag.py:545} INFO - Filling up the DagBag from /home/airflow/.local/lib/python3.12/site-packages/airflow/example_dags/example_latest_only.py
[2024-07-05T14:15:56.747+0000] {processor.py:840} INFO - DAG(s) 'latest_only' retrieved from /home/airflow/.local/lib/python3.12/site-packages/airflow/example_dags/example_latest_only.py
[2024-07-05T14:15:56.758+0000] {logging_mixin.py:188} INFO - [2024-07-05T14:15:56.757+0000] {dag.py:3096} INFO - Sync 1 DAGs
[2024-07-05T14:15:56.767+0000] {logging_mixin.py:188} INFO - [2024-07-05T14:15:56.767+0000] {dag.py:3954} INFO - Setting next_dagrun for latest_only to 2024-07-05 08:00:00+00:00, run_after=2024-07-05 12:00:00+00:00
[2024-07-05T14:15:56.776+0000] {processor.py:183} INFO - Processing /home/airflow/.local/lib/python3.12/site-packages/airflow/example_dags/example_latest_only.py took 0.036 seconds
[2024-07-05T14:16:27.150+0000] {processor.py:161} INFO - Started process (PID=876) to work on /home/airflow/.local/lib/python3.12/site-packages/airflow/example_dags/example_latest_only.py
[2024-07-05T14:16:27.151+0000] {processor.py:830} INFO - Processing file /home/airflow/.local/lib/python3.12/site-packages/airflow/example_dags/example_latest_only.py for tasks to queue
[2024-07-05T14:16:27.152+0000] {logging_mixin.py:188} INFO - [2024-07-05T14:16:27.152+0000] {dagbag.py:545} INFO - Filling up the DagBag from /home/airflow/.local/lib/python3.12/site-packages/airflow/example_dags/example_latest_only.py
[2024-07-05T14:16:27.155+0000] {processor.py:840} INFO - DAG(s) 'latest_only' retrieved from /home/airflow/.local/lib/python3.12/site-packages/airflow/example_dags/example_latest_only.py
[2024-07-05T14:16:27.165+0000] {logging_mixin.py:188} INFO - [2024-07-05T14:16:27.165+0000] {dag.py:3096} INFO - Sync 1 DAGs
[2024-07-05T14:16:27.176+0000] {logging_mixin.py:188} INFO - [2024-07-05T14:16:27.176+0000] {dag.py:3954} INFO - Setting next_dagrun for latest_only to 2024-07-05 08:00:00+00:00, run_after=2024-07-05 12:00:00+00:00
[2024-07-05T14:16:27.185+0000] {processor.py:183} INFO - Processing /home/airflow/.local/lib/python3.12/site-packages/airflow/example_dags/example_latest_only.py took 0.038 seconds
[2024-07-05T14:16:57.493+0000] {processor.py:161} INFO - Started process (PID=934) to work on /home/airflow/.local/lib/python3.12/site-packages/airflow/example_dags/example_latest_only.py
[2024-07-05T14:16:57.494+0000] {processor.py:830} INFO - Processing file /home/airflow/.local/lib/python3.12/site-packages/airflow/example_dags/example_latest_only.py for tasks to queue
[2024-07-05T14:16:57.495+0000] {logging_mixin.py:188} INFO - [2024-07-05T14:16:57.495+0000] {dagbag.py:545} INFO - Filling up the DagBag from /home/airflow/.local/lib/python3.12/site-packages/airflow/example_dags/example_latest_only.py
[2024-07-05T14:16:57.499+0000] {processor.py:840} INFO - DAG(s) 'latest_only' retrieved from /home/airflow/.local/lib/python3.12/site-packages/airflow/example_dags/example_latest_only.py
[2024-07-05T14:16:57.509+0000] {logging_mixin.py:188} INFO - [2024-07-05T14:16:57.509+0000] {dag.py:3096} INFO - Sync 1 DAGs
[2024-07-05T14:16:57.520+0000] {logging_mixin.py:188} INFO - [2024-07-05T14:16:57.519+0000] {dag.py:3954} INFO - Setting next_dagrun for latest_only to 2024-07-05 08:00:00+00:00, run_after=2024-07-05 12:00:00+00:00
[2024-07-05T14:16:57.528+0000] {processor.py:183} INFO - Processing /home/airflow/.local/lib/python3.12/site-packages/airflow/example_dags/example_latest_only.py took 0.037 seconds
[2024-07-05T14:17:27.901+0000] {processor.py:161} INFO - Started process (PID=992) to work on /home/airflow/.local/lib/python3.12/site-packages/airflow/example_dags/example_latest_only.py
[2024-07-05T14:17:27.902+0000] {processor.py:830} INFO - Processing file /home/airflow/.local/lib/python3.12/site-packages/airflow/example_dags/example_latest_only.py for tasks to queue
[2024-07-05T14:17:27.904+0000] {logging_mixin.py:188} INFO - [2024-07-05T14:17:27.903+0000] {dagbag.py:545} INFO - Filling up the DagBag from /home/airflow/.local/lib/python3.12/site-packages/airflow/example_dags/example_latest_only.py
[2024-07-05T14:17:27.907+0000] {processor.py:840} INFO - DAG(s) 'latest_only' retrieved from /home/airflow/.local/lib/python3.12/site-packages/airflow/example_dags/example_latest_only.py
[2024-07-05T14:17:27.922+0000] {logging_mixin.py:188} INFO - [2024-07-05T14:17:27.922+0000] {dag.py:3096} INFO - Sync 1 DAGs
[2024-07-05T14:17:27.940+0000] {logging_mixin.py:188} INFO - [2024-07-05T14:17:27.940+0000] {dag.py:3954} INFO - Setting next_dagrun for latest_only to 2024-07-05 08:00:00+00:00, run_after=2024-07-05 12:00:00+00:00
[2024-07-05T14:17:27.955+0000] {processor.py:183} INFO - Processing /home/airflow/.local/lib/python3.12/site-packages/airflow/example_dags/example_latest_only.py took 0.056 seconds
[2024-07-05T14:17:58.318+0000] {processor.py:161} INFO - Started process (PID=1050) to work on /home/airflow/.local/lib/python3.12/site-packages/airflow/example_dags/example_latest_only.py
[2024-07-05T14:17:58.319+0000] {processor.py:830} INFO - Processing file /home/airflow/.local/lib/python3.12/site-packages/airflow/example_dags/example_latest_only.py for tasks to queue
[2024-07-05T14:17:58.320+0000] {logging_mixin.py:188} INFO - [2024-07-05T14:17:58.320+0000] {dagbag.py:545} INFO - Filling up the DagBag from /home/airflow/.local/lib/python3.12/site-packages/airflow/example_dags/example_latest_only.py
[2024-07-05T14:17:58.323+0000] {processor.py:840} INFO - DAG(s) 'latest_only' retrieved from /home/airflow/.local/lib/python3.12/site-packages/airflow/example_dags/example_latest_only.py
[2024-07-05T14:17:58.332+0000] {logging_mixin.py:188} INFO - [2024-07-05T14:17:58.332+0000] {dag.py:3096} INFO - Sync 1 DAGs
[2024-07-05T14:17:58.343+0000] {logging_mixin.py:188} INFO - [2024-07-05T14:17:58.343+0000] {dag.py:3954} INFO - Setting next_dagrun for latest_only to 2024-07-05 08:00:00+00:00, run_after=2024-07-05 12:00:00+00:00
[2024-07-05T14:17:58.352+0000] {processor.py:183} INFO - Processing /home/airflow/.local/lib/python3.12/site-packages/airflow/example_dags/example_latest_only.py took 0.037 seconds
[2024-07-05T14:18:29.043+0000] {processor.py:161} INFO - Started process (PID=1108) to work on /home/airflow/.local/lib/python3.12/site-packages/airflow/example_dags/example_latest_only.py
[2024-07-05T14:18:29.044+0000] {processor.py:830} INFO - Processing file /home/airflow/.local/lib/python3.12/site-packages/airflow/example_dags/example_latest_only.py for tasks to queue
[2024-07-05T14:18:29.045+0000] {logging_mixin.py:188} INFO - [2024-07-05T14:18:29.045+0000] {dagbag.py:545} INFO - Filling up the DagBag from /home/airflow/.local/lib/python3.12/site-packages/airflow/example_dags/example_latest_only.py
[2024-07-05T14:18:29.047+0000] {processor.py:840} INFO - DAG(s) 'latest_only' retrieved from /home/airflow/.local/lib/python3.12/site-packages/airflow/example_dags/example_latest_only.py
[2024-07-05T14:18:29.057+0000] {logging_mixin.py:188} INFO - [2024-07-05T14:18:29.057+0000] {dag.py:3096} INFO - Sync 1 DAGs
[2024-07-05T14:18:29.067+0000] {logging_mixin.py:188} INFO - [2024-07-05T14:18:29.067+0000] {dag.py:3954} INFO - Setting next_dagrun for latest_only to 2024-07-05 08:00:00+00:00, run_after=2024-07-05 12:00:00+00:00
[2024-07-05T14:18:29.075+0000] {processor.py:183} INFO - Processing /home/airflow/.local/lib/python3.12/site-packages/airflow/example_dags/example_latest_only.py took 0.034 seconds
[2024-07-05T14:18:59.447+0000] {processor.py:161} INFO - Started process (PID=1165) to work on /home/airflow/.local/lib/python3.12/site-packages/airflow/example_dags/example_latest_only.py
[2024-07-05T14:18:59.447+0000] {processor.py:830} INFO - Processing file /home/airflow/.local/lib/python3.12/site-packages/airflow/example_dags/example_latest_only.py for tasks to queue
[2024-07-05T14:18:59.448+0000] {logging_mixin.py:188} INFO - [2024-07-05T14:18:59.448+0000] {dagbag.py:545} INFO - Filling up the DagBag from /home/airflow/.local/lib/python3.12/site-packages/airflow/example_dags/example_latest_only.py
[2024-07-05T14:18:59.451+0000] {processor.py:840} INFO - DAG(s) 'latest_only' retrieved from /home/airflow/.local/lib/python3.12/site-packages/airflow/example_dags/example_latest_only.py
[2024-07-05T14:18:59.460+0000] {logging_mixin.py:188} INFO - [2024-07-05T14:18:59.460+0000] {dag.py:3096} INFO - Sync 1 DAGs
[2024-07-05T14:18:59.470+0000] {logging_mixin.py:188} INFO - [2024-07-05T14:18:59.470+0000] {dag.py:3954} INFO - Setting next_dagrun for latest_only to 2024-07-05 08:00:00+00:00, run_after=2024-07-05 12:00:00+00:00
[2024-07-05T14:18:59.478+0000] {processor.py:183} INFO - Processing /home/airflow/.local/lib/python3.12/site-packages/airflow/example_dags/example_latest_only.py took 0.035 seconds
[2024-07-05T14:19:29.681+0000] {processor.py:161} INFO - Started process (PID=1223) to work on /home/airflow/.local/lib/python3.12/site-packages/airflow/example_dags/example_latest_only.py
[2024-07-05T14:19:29.681+0000] {processor.py:830} INFO - Processing file /home/airflow/.local/lib/python3.12/site-packages/airflow/example_dags/example_latest_only.py for tasks to queue
[2024-07-05T14:19:29.682+0000] {logging_mixin.py:188} INFO - [2024-07-05T14:19:29.682+0000] {dagbag.py:545} INFO - Filling up the DagBag from /home/airflow/.local/lib/python3.12/site-packages/airflow/example_dags/example_latest_only.py
[2024-07-05T14:19:29.685+0000] {processor.py:840} INFO - DAG(s) 'latest_only' retrieved from /home/airflow/.local/lib/python3.12/site-packages/airflow/example_dags/example_latest_only.py
[2024-07-05T14:19:29.694+0000] {logging_mixin.py:188} INFO - [2024-07-05T14:19:29.694+0000] {dag.py:3096} INFO - Sync 1 DAGs
[2024-07-05T14:19:29.703+0000] {logging_mixin.py:188} INFO - [2024-07-05T14:19:29.703+0000] {dag.py:3954} INFO - Setting next_dagrun for latest_only to 2024-07-05 08:00:00+00:00, run_after=2024-07-05 12:00:00+00:00
[2024-07-05T14:19:29.712+0000] {processor.py:183} INFO - Processing /home/airflow/.local/lib/python3.12/site-packages/airflow/example_dags/example_latest_only.py took 0.034 seconds
[2024-07-05T14:20:00.016+0000] {processor.py:161} INFO - Started process (PID=1281) to work on /home/airflow/.local/lib/python3.12/site-packages/airflow/example_dags/example_latest_only.py
[2024-07-05T14:20:00.017+0000] {processor.py:830} INFO - Processing file /home/airflow/.local/lib/python3.12/site-packages/airflow/example_dags/example_latest_only.py for tasks to queue
[2024-07-05T14:20:00.018+0000] {logging_mixin.py:188} INFO - [2024-07-05T14:20:00.018+0000] {dagbag.py:545} INFO - Filling up the DagBag from /home/airflow/.local/lib/python3.12/site-packages/airflow/example_dags/example_latest_only.py
[2024-07-05T14:20:00.020+0000] {processor.py:840} INFO - DAG(s) 'latest_only' retrieved from /home/airflow/.local/lib/python3.12/site-packages/airflow/example_dags/example_latest_only.py
[2024-07-05T14:20:00.027+0000] {logging_mixin.py:188} INFO - [2024-07-05T14:20:00.027+0000] {dag.py:3096} INFO - Sync 1 DAGs
[2024-07-05T14:20:00.040+0000] {logging_mixin.py:188} INFO - [2024-07-05T14:20:00.039+0000] {dag.py:3954} INFO - Setting next_dagrun for latest_only to 2024-07-05 08:00:00+00:00, run_after=2024-07-05 12:00:00+00:00
[2024-07-05T14:20:00.048+0000] {processor.py:183} INFO - Processing /home/airflow/.local/lib/python3.12/site-packages/airflow/example_dags/example_latest_only.py took 0.035 seconds
[2024-07-05T14:20:31.065+0000] {processor.py:161} INFO - Started process (PID=1339) to work on /home/airflow/.local/lib/python3.12/site-packages/airflow/example_dags/example_latest_only.py
[2024-07-05T14:20:31.065+0000] {processor.py:830} INFO - Processing file /home/airflow/.local/lib/python3.12/site-packages/airflow/example_dags/example_latest_only.py for tasks to queue
[2024-07-05T14:20:31.066+0000] {logging_mixin.py:188} INFO - [2024-07-05T14:20:31.066+0000] {dagbag.py:545} INFO - Filling up the DagBag from /home/airflow/.local/lib/python3.12/site-packages/airflow/example_dags/example_latest_only.py
[2024-07-05T14:20:31.069+0000] {processor.py:840} INFO - DAG(s) 'latest_only' retrieved from /home/airflow/.local/lib/python3.12/site-packages/airflow/example_dags/example_latest_only.py
[2024-07-05T14:20:31.112+0000] {logging_mixin.py:188} INFO - [2024-07-05T14:20:31.112+0000] {dag.py:3096} INFO - Sync 1 DAGs
[2024-07-05T14:20:31.120+0000] {logging_mixin.py:188} INFO - [2024-07-05T14:20:31.120+0000] {dag.py:3954} INFO - Setting next_dagrun for latest_only to 2024-07-05 08:00:00+00:00, run_after=2024-07-05 12:00:00+00:00
[2024-07-05T14:20:31.128+0000] {processor.py:183} INFO - Processing /home/airflow/.local/lib/python3.12/site-packages/airflow/example_dags/example_latest_only.py took 0.066 seconds
[2024-07-05T14:21:01.385+0000] {processor.py:161} INFO - Started process (PID=1397) to work on /home/airflow/.local/lib/python3.12/site-packages/airflow/example_dags/example_latest_only.py
[2024-07-05T14:21:01.386+0000] {processor.py:830} INFO - Processing file /home/airflow/.local/lib/python3.12/site-packages/airflow/example_dags/example_latest_only.py for tasks to queue
[2024-07-05T14:21:01.387+0000] {logging_mixin.py:188} INFO - [2024-07-05T14:21:01.387+0000] {dagbag.py:545} INFO - Filling up the DagBag from /home/airflow/.local/lib/python3.12/site-packages/airflow/example_dags/example_latest_only.py
[2024-07-05T14:21:01.390+0000] {processor.py:840} INFO - DAG(s) 'latest_only' retrieved from /home/airflow/.local/lib/python3.12/site-packages/airflow/example_dags/example_latest_only.py
[2024-07-05T14:21:01.400+0000] {logging_mixin.py:188} INFO - [2024-07-05T14:21:01.400+0000] {dag.py:3096} INFO - Sync 1 DAGs
[2024-07-05T14:21:01.410+0000] {logging_mixin.py:188} INFO - [2024-07-05T14:21:01.410+0000] {dag.py:3954} INFO - Setting next_dagrun for latest_only to 2024-07-05 08:00:00+00:00, run_after=2024-07-05 12:00:00+00:00
[2024-07-05T14:21:01.418+0000] {processor.py:183} INFO - Processing /home/airflow/.local/lib/python3.12/site-packages/airflow/example_dags/example_latest_only.py took 0.036 seconds
[2024-07-05T14:21:31.668+0000] {processor.py:161} INFO - Started process (PID=1455) to work on /home/airflow/.local/lib/python3.12/site-packages/airflow/example_dags/example_latest_only.py
[2024-07-05T14:21:31.668+0000] {processor.py:830} INFO - Processing file /home/airflow/.local/lib/python3.12/site-packages/airflow/example_dags/example_latest_only.py for tasks to queue
[2024-07-05T14:21:31.669+0000] {logging_mixin.py:188} INFO - [2024-07-05T14:21:31.669+0000] {dagbag.py:545} INFO - Filling up the DagBag from /home/airflow/.local/lib/python3.12/site-packages/airflow/example_dags/example_latest_only.py
[2024-07-05T14:21:31.672+0000] {processor.py:840} INFO - DAG(s) 'latest_only' retrieved from /home/airflow/.local/lib/python3.12/site-packages/airflow/example_dags/example_latest_only.py
[2024-07-05T14:21:31.681+0000] {logging_mixin.py:188} INFO - [2024-07-05T14:21:31.681+0000] {dag.py:3096} INFO - Sync 1 DAGs
[2024-07-05T14:21:31.694+0000] {logging_mixin.py:188} INFO - [2024-07-05T14:21:31.694+0000] {dag.py:3954} INFO - Setting next_dagrun for latest_only to 2024-07-05 08:00:00+00:00, run_after=2024-07-05 12:00:00+00:00
[2024-07-05T14:21:31.703+0000] {processor.py:183} INFO - Processing /home/airflow/.local/lib/python3.12/site-packages/airflow/example_dags/example_latest_only.py took 0.039 seconds
[2024-07-05T14:22:02.212+0000] {processor.py:161} INFO - Started process (PID=1513) to work on /home/airflow/.local/lib/python3.12/site-packages/airflow/example_dags/example_latest_only.py
[2024-07-05T14:22:02.212+0000] {processor.py:830} INFO - Processing file /home/airflow/.local/lib/python3.12/site-packages/airflow/example_dags/example_latest_only.py for tasks to queue
[2024-07-05T14:22:02.213+0000] {logging_mixin.py:188} INFO - [2024-07-05T14:22:02.213+0000] {dagbag.py:545} INFO - Filling up the DagBag from /home/airflow/.local/lib/python3.12/site-packages/airflow/example_dags/example_latest_only.py
[2024-07-05T14:22:02.216+0000] {processor.py:840} INFO - DAG(s) 'latest_only' retrieved from /home/airflow/.local/lib/python3.12/site-packages/airflow/example_dags/example_latest_only.py
[2024-07-05T14:22:02.226+0000] {logging_mixin.py:188} INFO - [2024-07-05T14:22:02.226+0000] {dag.py:3096} INFO - Sync 1 DAGs
[2024-07-05T14:22:02.240+0000] {logging_mixin.py:188} INFO - [2024-07-05T14:22:02.240+0000] {dag.py:3954} INFO - Setting next_dagrun for latest_only to 2024-07-05 08:00:00+00:00, run_after=2024-07-05 12:00:00+00:00
[2024-07-05T14:22:02.254+0000] {processor.py:183} INFO - Processing /home/airflow/.local/lib/python3.12/site-packages/airflow/example_dags/example_latest_only.py took 0.045 seconds
[2024-07-05T14:22:33.031+0000] {processor.py:161} INFO - Started process (PID=1571) to work on /home/airflow/.local/lib/python3.12/site-packages/airflow/example_dags/example_latest_only.py
[2024-07-05T14:22:33.032+0000] {processor.py:830} INFO - Processing file /home/airflow/.local/lib/python3.12/site-packages/airflow/example_dags/example_latest_only.py for tasks to queue
[2024-07-05T14:22:33.033+0000] {logging_mixin.py:188} INFO - [2024-07-05T14:22:33.033+0000] {dagbag.py:545} INFO - Filling up the DagBag from /home/airflow/.local/lib/python3.12/site-packages/airflow/example_dags/example_latest_only.py
[2024-07-05T14:22:33.036+0000] {processor.py:840} INFO - DAG(s) 'latest_only' retrieved from /home/airflow/.local/lib/python3.12/site-packages/airflow/example_dags/example_latest_only.py
[2024-07-05T14:22:33.046+0000] {logging_mixin.py:188} INFO - [2024-07-05T14:22:33.046+0000] {dag.py:3096} INFO - Sync 1 DAGs
[2024-07-05T14:22:33.057+0000] {logging_mixin.py:188} INFO - [2024-07-05T14:22:33.057+0000] {dag.py:3954} INFO - Setting next_dagrun for latest_only to 2024-07-05 08:00:00+00:00, run_after=2024-07-05 12:00:00+00:00
[2024-07-05T14:22:33.065+0000] {processor.py:183} INFO - Processing /home/airflow/.local/lib/python3.12/site-packages/airflow/example_dags/example_latest_only.py took 0.037 seconds
[2024-07-05T14:23:03.207+0000] {processor.py:161} INFO - Started process (PID=1629) to work on /home/airflow/.local/lib/python3.12/site-packages/airflow/example_dags/example_latest_only.py
[2024-07-05T14:23:03.207+0000] {processor.py:830} INFO - Processing file /home/airflow/.local/lib/python3.12/site-packages/airflow/example_dags/example_latest_only.py for tasks to queue
[2024-07-05T14:23:03.208+0000] {logging_mixin.py:188} INFO - [2024-07-05T14:23:03.208+0000] {dagbag.py:545} INFO - Filling up the DagBag from /home/airflow/.local/lib/python3.12/site-packages/airflow/example_dags/example_latest_only.py
[2024-07-05T14:23:03.211+0000] {processor.py:840} INFO - DAG(s) 'latest_only' retrieved from /home/airflow/.local/lib/python3.12/site-packages/airflow/example_dags/example_latest_only.py
[2024-07-05T14:23:03.221+0000] {logging_mixin.py:188} INFO - [2024-07-05T14:23:03.221+0000] {dag.py:3096} INFO - Sync 1 DAGs
[2024-07-05T14:23:03.230+0000] {logging_mixin.py:188} INFO - [2024-07-05T14:23:03.230+0000] {dag.py:3954} INFO - Setting next_dagrun for latest_only to 2024-07-05 08:00:00+00:00, run_after=2024-07-05 12:00:00+00:00
[2024-07-05T14:23:03.238+0000] {processor.py:183} INFO - Processing /home/airflow/.local/lib/python3.12/site-packages/airflow/example_dags/example_latest_only.py took 0.035 seconds
[2024-07-05T14:23:34.209+0000] {processor.py:161} INFO - Started process (PID=1687) to work on /home/airflow/.local/lib/python3.12/site-packages/airflow/example_dags/example_latest_only.py
[2024-07-05T14:23:34.210+0000] {processor.py:830} INFO - Processing file /home/airflow/.local/lib/python3.12/site-packages/airflow/example_dags/example_latest_only.py for tasks to queue
[2024-07-05T14:23:34.211+0000] {logging_mixin.py:188} INFO - [2024-07-05T14:23:34.211+0000] {dagbag.py:545} INFO - Filling up the DagBag from /home/airflow/.local/lib/python3.12/site-packages/airflow/example_dags/example_latest_only.py
[2024-07-05T14:23:34.214+0000] {processor.py:840} INFO - DAG(s) 'latest_only' retrieved from /home/airflow/.local/lib/python3.12/site-packages/airflow/example_dags/example_latest_only.py
[2024-07-05T14:23:34.225+0000] {logging_mixin.py:188} INFO - [2024-07-05T14:23:34.225+0000] {dag.py:3096} INFO - Sync 1 DAGs
[2024-07-05T14:23:34.237+0000] {logging_mixin.py:188} INFO - [2024-07-05T14:23:34.237+0000] {dag.py:3954} INFO - Setting next_dagrun for latest_only to 2024-07-05 08:00:00+00:00, run_after=2024-07-05 12:00:00+00:00
[2024-07-05T14:23:34.246+0000] {processor.py:183} INFO - Processing /home/airflow/.local/lib/python3.12/site-packages/airflow/example_dags/example_latest_only.py took 0.041 seconds
[2024-07-05T14:24:04.553+0000] {processor.py:161} INFO - Started process (PID=1745) to work on /home/airflow/.local/lib/python3.12/site-packages/airflow/example_dags/example_latest_only.py
[2024-07-05T14:24:04.554+0000] {processor.py:830} INFO - Processing file /home/airflow/.local/lib/python3.12/site-packages/airflow/example_dags/example_latest_only.py for tasks to queue
[2024-07-05T14:24:04.555+0000] {logging_mixin.py:188} INFO - [2024-07-05T14:24:04.555+0000] {dagbag.py:545} INFO - Filling up the DagBag from /home/airflow/.local/lib/python3.12/site-packages/airflow/example_dags/example_latest_only.py
[2024-07-05T14:24:04.558+0000] {processor.py:840} INFO - DAG(s) 'latest_only' retrieved from /home/airflow/.local/lib/python3.12/site-packages/airflow/example_dags/example_latest_only.py
[2024-07-05T14:24:04.569+0000] {logging_mixin.py:188} INFO - [2024-07-05T14:24:04.568+0000] {dag.py:3096} INFO - Sync 1 DAGs
[2024-07-05T14:24:04.583+0000] {logging_mixin.py:188} INFO - [2024-07-05T14:24:04.583+0000] {dag.py:3954} INFO - Setting next_dagrun for latest_only to 2024-07-05 08:00:00+00:00, run_after=2024-07-05 12:00:00+00:00
[2024-07-05T14:24:04.700+0000] {processor.py:183} INFO - Processing /home/airflow/.local/lib/python3.12/site-packages/airflow/example_dags/example_latest_only.py took 0.150 seconds
[2024-07-05T14:24:35.613+0000] {processor.py:161} INFO - Started process (PID=1802) to work on /home/airflow/.local/lib/python3.12/site-packages/airflow/example_dags/example_latest_only.py
[2024-07-05T14:24:35.614+0000] {processor.py:830} INFO - Processing file /home/airflow/.local/lib/python3.12/site-packages/airflow/example_dags/example_latest_only.py for tasks to queue
[2024-07-05T14:24:35.615+0000] {logging_mixin.py:188} INFO - [2024-07-05T14:24:35.615+0000] {dagbag.py:545} INFO - Filling up the DagBag from /home/airflow/.local/lib/python3.12/site-packages/airflow/example_dags/example_latest_only.py
[2024-07-05T14:24:35.618+0000] {processor.py:840} INFO - DAG(s) 'latest_only' retrieved from /home/airflow/.local/lib/python3.12/site-packages/airflow/example_dags/example_latest_only.py
[2024-07-05T14:24:35.630+0000] {logging_mixin.py:188} INFO - [2024-07-05T14:24:35.630+0000] {dag.py:3096} INFO - Sync 1 DAGs
[2024-07-05T14:24:35.653+0000] {logging_mixin.py:188} INFO - [2024-07-05T14:24:35.653+0000] {dag.py:3954} INFO - Setting next_dagrun for latest_only to 2024-07-05 08:00:00+00:00, run_after=2024-07-05 12:00:00+00:00
[2024-07-05T14:24:35.845+0000] {processor.py:183} INFO - Processing /home/airflow/.local/lib/python3.12/site-packages/airflow/example_dags/example_latest_only.py took 0.235 seconds
[2024-07-05T14:25:05.941+0000] {processor.py:161} INFO - Started process (PID=1860) to work on /home/airflow/.local/lib/python3.12/site-packages/airflow/example_dags/example_latest_only.py
[2024-07-05T14:25:05.942+0000] {processor.py:830} INFO - Processing file /home/airflow/.local/lib/python3.12/site-packages/airflow/example_dags/example_latest_only.py for tasks to queue
[2024-07-05T14:25:05.943+0000] {logging_mixin.py:188} INFO - [2024-07-05T14:25:05.942+0000] {dagbag.py:545} INFO - Filling up the DagBag from /home/airflow/.local/lib/python3.12/site-packages/airflow/example_dags/example_latest_only.py
[2024-07-05T14:25:05.945+0000] {processor.py:840} INFO - DAG(s) 'latest_only' retrieved from /home/airflow/.local/lib/python3.12/site-packages/airflow/example_dags/example_latest_only.py
[2024-07-05T14:25:05.954+0000] {logging_mixin.py:188} INFO - [2024-07-05T14:25:05.954+0000] {dag.py:3096} INFO - Sync 1 DAGs
[2024-07-05T14:25:05.964+0000] {logging_mixin.py:188} INFO - [2024-07-05T14:25:05.964+0000] {dag.py:3954} INFO - Setting next_dagrun for latest_only to 2024-07-05 08:00:00+00:00, run_after=2024-07-05 12:00:00+00:00
[2024-07-05T14:25:06.044+0000] {processor.py:183} INFO - Processing /home/airflow/.local/lib/python3.12/site-packages/airflow/example_dags/example_latest_only.py took 0.106 seconds
[2024-07-05T14:25:36.993+0000] {processor.py:161} INFO - Started process (PID=1918) to work on /home/airflow/.local/lib/python3.12/site-packages/airflow/example_dags/example_latest_only.py
[2024-07-05T14:25:36.994+0000] {processor.py:830} INFO - Processing file /home/airflow/.local/lib/python3.12/site-packages/airflow/example_dags/example_latest_only.py for tasks to queue
[2024-07-05T14:25:36.995+0000] {logging_mixin.py:188} INFO - [2024-07-05T14:25:36.995+0000] {dagbag.py:545} INFO - Filling up the DagBag from /home/airflow/.local/lib/python3.12/site-packages/airflow/example_dags/example_latest_only.py
[2024-07-05T14:25:36.999+0000] {processor.py:840} INFO - DAG(s) 'latest_only' retrieved from /home/airflow/.local/lib/python3.12/site-packages/airflow/example_dags/example_latest_only.py
[2024-07-05T14:25:37.012+0000] {logging_mixin.py:188} INFO - [2024-07-05T14:25:37.012+0000] {dag.py:3096} INFO - Sync 1 DAGs
[2024-07-05T14:25:37.023+0000] {logging_mixin.py:188} INFO - [2024-07-05T14:25:37.023+0000] {dag.py:3954} INFO - Setting next_dagrun for latest_only to 2024-07-05 08:00:00+00:00, run_after=2024-07-05 12:00:00+00:00
[2024-07-05T14:25:37.032+0000] {processor.py:183} INFO - Processing /home/airflow/.local/lib/python3.12/site-packages/airflow/example_dags/example_latest_only.py took 0.045 seconds
[2024-07-05T14:26:07.988+0000] {processor.py:161} INFO - Started process (PID=1976) to work on /home/airflow/.local/lib/python3.12/site-packages/airflow/example_dags/example_latest_only.py
[2024-07-05T14:26:07.990+0000] {processor.py:830} INFO - Processing file /home/airflow/.local/lib/python3.12/site-packages/airflow/example_dags/example_latest_only.py for tasks to queue
[2024-07-05T14:26:07.992+0000] {logging_mixin.py:188} INFO - [2024-07-05T14:26:07.992+0000] {dagbag.py:545} INFO - Filling up the DagBag from /home/airflow/.local/lib/python3.12/site-packages/airflow/example_dags/example_latest_only.py
[2024-07-05T14:26:07.998+0000] {processor.py:840} INFO - DAG(s) 'latest_only' retrieved from /home/airflow/.local/lib/python3.12/site-packages/airflow/example_dags/example_latest_only.py
[2024-07-05T14:26:08.015+0000] {logging_mixin.py:188} INFO - [2024-07-05T14:26:08.015+0000] {dag.py:3096} INFO - Sync 1 DAGs
[2024-07-05T14:26:08.027+0000] {logging_mixin.py:188} INFO - [2024-07-05T14:26:08.027+0000] {dag.py:3954} INFO - Setting next_dagrun for latest_only to 2024-07-05 08:00:00+00:00, run_after=2024-07-05 12:00:00+00:00
[2024-07-05T14:26:08.036+0000] {processor.py:183} INFO - Processing /home/airflow/.local/lib/python3.12/site-packages/airflow/example_dags/example_latest_only.py took 0.056 seconds
[2024-07-05T14:28:05.744+0000] {processor.py:161} INFO - Started process (PID=63) to work on /home/airflow/.local/lib/python3.12/site-packages/airflow/example_dags/example_latest_only.py
[2024-07-05T14:28:05.745+0000] {processor.py:830} INFO - Processing file /home/airflow/.local/lib/python3.12/site-packages/airflow/example_dags/example_latest_only.py for tasks to queue
[2024-07-05T14:28:05.747+0000] {logging_mixin.py:188} INFO - [2024-07-05T14:28:05.747+0000] {dagbag.py:545} INFO - Filling up the DagBag from /home/airflow/.local/lib/python3.12/site-packages/airflow/example_dags/example_latest_only.py
[2024-07-05T14:28:05.755+0000] {processor.py:840} INFO - DAG(s) 'latest_only' retrieved from /home/airflow/.local/lib/python3.12/site-packages/airflow/example_dags/example_latest_only.py
[2024-07-05T14:28:05.787+0000] {logging_mixin.py:188} INFO - [2024-07-05T14:28:05.787+0000] {dag.py:3096} INFO - Sync 1 DAGs
[2024-07-05T14:28:05.813+0000] {logging_mixin.py:188} INFO - [2024-07-05T14:28:05.813+0000] {dag.py:3954} INFO - Setting next_dagrun for latest_only to 2024-07-05 08:00:00+00:00, run_after=2024-07-05 12:00:00+00:00
[2024-07-05T14:28:05.840+0000] {processor.py:183} INFO - Processing /home/airflow/.local/lib/python3.12/site-packages/airflow/example_dags/example_latest_only.py took 0.100 seconds
[2024-07-05T14:28:36.612+0000] {processor.py:161} INFO - Started process (PID=121) to work on /home/airflow/.local/lib/python3.12/site-packages/airflow/example_dags/example_latest_only.py
[2024-07-05T14:28:36.612+0000] {processor.py:830} INFO - Processing file /home/airflow/.local/lib/python3.12/site-packages/airflow/example_dags/example_latest_only.py for tasks to queue
[2024-07-05T14:28:36.613+0000] {logging_mixin.py:188} INFO - [2024-07-05T14:28:36.613+0000] {dagbag.py:545} INFO - Filling up the DagBag from /home/airflow/.local/lib/python3.12/site-packages/airflow/example_dags/example_latest_only.py
[2024-07-05T14:28:36.615+0000] {processor.py:840} INFO - DAG(s) 'latest_only' retrieved from /home/airflow/.local/lib/python3.12/site-packages/airflow/example_dags/example_latest_only.py
[2024-07-05T14:28:36.621+0000] {logging_mixin.py:188} INFO - [2024-07-05T14:28:36.621+0000] {dag.py:3096} INFO - Sync 1 DAGs
[2024-07-05T14:28:36.631+0000] {logging_mixin.py:188} INFO - [2024-07-05T14:28:36.631+0000] {dag.py:3954} INFO - Setting next_dagrun for latest_only to 2024-07-05 08:00:00+00:00, run_after=2024-07-05 12:00:00+00:00
[2024-07-05T14:28:36.639+0000] {processor.py:183} INFO - Processing /home/airflow/.local/lib/python3.12/site-packages/airflow/example_dags/example_latest_only.py took 0.030 seconds
[2024-07-05T14:29:06.810+0000] {processor.py:161} INFO - Started process (PID=179) to work on /home/airflow/.local/lib/python3.12/site-packages/airflow/example_dags/example_latest_only.py
[2024-07-05T14:29:06.811+0000] {processor.py:830} INFO - Processing file /home/airflow/.local/lib/python3.12/site-packages/airflow/example_dags/example_latest_only.py for tasks to queue
[2024-07-05T14:29:06.811+0000] {logging_mixin.py:188} INFO - [2024-07-05T14:29:06.811+0000] {dagbag.py:545} INFO - Filling up the DagBag from /home/airflow/.local/lib/python3.12/site-packages/airflow/example_dags/example_latest_only.py
[2024-07-05T14:29:06.814+0000] {processor.py:840} INFO - DAG(s) 'latest_only' retrieved from /home/airflow/.local/lib/python3.12/site-packages/airflow/example_dags/example_latest_only.py
[2024-07-05T14:29:06.856+0000] {logging_mixin.py:188} INFO - [2024-07-05T14:29:06.856+0000] {dag.py:3096} INFO - Sync 1 DAGs
[2024-07-05T14:29:06.864+0000] {logging_mixin.py:188} INFO - [2024-07-05T14:29:06.864+0000] {dag.py:3954} INFO - Setting next_dagrun for latest_only to 2024-07-05 08:00:00+00:00, run_after=2024-07-05 12:00:00+00:00
[2024-07-05T14:29:06.871+0000] {processor.py:183} INFO - Processing /home/airflow/.local/lib/python3.12/site-packages/airflow/example_dags/example_latest_only.py took 0.064 seconds
[2024-07-05T14:29:37.760+0000] {processor.py:161} INFO - Started process (PID=237) to work on /home/airflow/.local/lib/python3.12/site-packages/airflow/example_dags/example_latest_only.py
[2024-07-05T14:29:37.761+0000] {processor.py:830} INFO - Processing file /home/airflow/.local/lib/python3.12/site-packages/airflow/example_dags/example_latest_only.py for tasks to queue
[2024-07-05T14:29:37.762+0000] {logging_mixin.py:188} INFO - [2024-07-05T14:29:37.762+0000] {dagbag.py:545} INFO - Filling up the DagBag from /home/airflow/.local/lib/python3.12/site-packages/airflow/example_dags/example_latest_only.py
[2024-07-05T14:29:37.765+0000] {processor.py:840} INFO - DAG(s) 'latest_only' retrieved from /home/airflow/.local/lib/python3.12/site-packages/airflow/example_dags/example_latest_only.py
[2024-07-05T14:29:37.774+0000] {logging_mixin.py:188} INFO - [2024-07-05T14:29:37.774+0000] {dag.py:3096} INFO - Sync 1 DAGs
[2024-07-05T14:29:37.785+0000] {logging_mixin.py:188} INFO - [2024-07-05T14:29:37.785+0000] {dag.py:3954} INFO - Setting next_dagrun for latest_only to 2024-07-05 08:00:00+00:00, run_after=2024-07-05 12:00:00+00:00
[2024-07-05T14:29:37.793+0000] {processor.py:183} INFO - Processing /home/airflow/.local/lib/python3.12/site-packages/airflow/example_dags/example_latest_only.py took 0.036 seconds
[2024-07-05T14:30:07.850+0000] {processor.py:161} INFO - Started process (PID=295) to work on /home/airflow/.local/lib/python3.12/site-packages/airflow/example_dags/example_latest_only.py
[2024-07-05T14:30:07.851+0000] {processor.py:830} INFO - Processing file /home/airflow/.local/lib/python3.12/site-packages/airflow/example_dags/example_latest_only.py for tasks to queue
[2024-07-05T14:30:07.852+0000] {logging_mixin.py:188} INFO - [2024-07-05T14:30:07.852+0000] {dagbag.py:545} INFO - Filling up the DagBag from /home/airflow/.local/lib/python3.12/site-packages/airflow/example_dags/example_latest_only.py
[2024-07-05T14:30:07.855+0000] {processor.py:840} INFO - DAG(s) 'latest_only' retrieved from /home/airflow/.local/lib/python3.12/site-packages/airflow/example_dags/example_latest_only.py
[2024-07-05T14:30:07.865+0000] {logging_mixin.py:188} INFO - [2024-07-05T14:30:07.865+0000] {dag.py:3096} INFO - Sync 1 DAGs
[2024-07-05T14:30:07.874+0000] {logging_mixin.py:188} INFO - [2024-07-05T14:30:07.874+0000] {dag.py:3954} INFO - Setting next_dagrun for latest_only to 2024-07-05 08:00:00+00:00, run_after=2024-07-05 12:00:00+00:00
[2024-07-05T14:30:07.882+0000] {processor.py:183} INFO - Processing /home/airflow/.local/lib/python3.12/site-packages/airflow/example_dags/example_latest_only.py took 0.035 seconds
[2024-07-05T14:30:38.414+0000] {processor.py:161} INFO - Started process (PID=353) to work on /home/airflow/.local/lib/python3.12/site-packages/airflow/example_dags/example_latest_only.py
[2024-07-05T14:30:38.415+0000] {processor.py:830} INFO - Processing file /home/airflow/.local/lib/python3.12/site-packages/airflow/example_dags/example_latest_only.py for tasks to queue
[2024-07-05T14:30:38.415+0000] {logging_mixin.py:188} INFO - [2024-07-05T14:30:38.415+0000] {dagbag.py:545} INFO - Filling up the DagBag from /home/airflow/.local/lib/python3.12/site-packages/airflow/example_dags/example_latest_only.py
[2024-07-05T14:30:38.417+0000] {processor.py:840} INFO - DAG(s) 'latest_only' retrieved from /home/airflow/.local/lib/python3.12/site-packages/airflow/example_dags/example_latest_only.py
[2024-07-05T14:30:38.427+0000] {logging_mixin.py:188} INFO - [2024-07-05T14:30:38.427+0000] {dag.py:3096} INFO - Sync 1 DAGs
[2024-07-05T14:30:38.437+0000] {logging_mixin.py:188} INFO - [2024-07-05T14:30:38.437+0000] {dag.py:3954} INFO - Setting next_dagrun for latest_only to 2024-07-05 08:00:00+00:00, run_after=2024-07-05 12:00:00+00:00
[2024-07-05T14:30:38.445+0000] {processor.py:183} INFO - Processing /home/airflow/.local/lib/python3.12/site-packages/airflow/example_dags/example_latest_only.py took 0.033 seconds
[2024-07-05T14:31:09.074+0000] {processor.py:161} INFO - Started process (PID=411) to work on /home/airflow/.local/lib/python3.12/site-packages/airflow/example_dags/example_latest_only.py
[2024-07-05T14:31:09.075+0000] {processor.py:830} INFO - Processing file /home/airflow/.local/lib/python3.12/site-packages/airflow/example_dags/example_latest_only.py for tasks to queue
[2024-07-05T14:31:09.076+0000] {logging_mixin.py:188} INFO - [2024-07-05T14:31:09.076+0000] {dagbag.py:545} INFO - Filling up the DagBag from /home/airflow/.local/lib/python3.12/site-packages/airflow/example_dags/example_latest_only.py
[2024-07-05T14:31:09.078+0000] {processor.py:840} INFO - DAG(s) 'latest_only' retrieved from /home/airflow/.local/lib/python3.12/site-packages/airflow/example_dags/example_latest_only.py
[2024-07-05T14:31:09.087+0000] {logging_mixin.py:188} INFO - [2024-07-05T14:31:09.087+0000] {dag.py:3096} INFO - Sync 1 DAGs
[2024-07-05T14:31:09.096+0000] {logging_mixin.py:188} INFO - [2024-07-05T14:31:09.095+0000] {dag.py:3954} INFO - Setting next_dagrun for latest_only to 2024-07-05 08:00:00+00:00, run_after=2024-07-05 12:00:00+00:00
[2024-07-05T14:31:09.105+0000] {processor.py:183} INFO - Processing /home/airflow/.local/lib/python3.12/site-packages/airflow/example_dags/example_latest_only.py took 0.034 seconds
[2024-07-05T14:31:39.699+0000] {processor.py:161} INFO - Started process (PID=469) to work on /home/airflow/.local/lib/python3.12/site-packages/airflow/example_dags/example_latest_only.py
[2024-07-05T14:31:39.699+0000] {processor.py:830} INFO - Processing file /home/airflow/.local/lib/python3.12/site-packages/airflow/example_dags/example_latest_only.py for tasks to queue
[2024-07-05T14:31:39.700+0000] {logging_mixin.py:188} INFO - [2024-07-05T14:31:39.700+0000] {dagbag.py:545} INFO - Filling up the DagBag from /home/airflow/.local/lib/python3.12/site-packages/airflow/example_dags/example_latest_only.py
[2024-07-05T14:31:39.702+0000] {processor.py:840} INFO - DAG(s) 'latest_only' retrieved from /home/airflow/.local/lib/python3.12/site-packages/airflow/example_dags/example_latest_only.py
[2024-07-05T14:31:39.712+0000] {logging_mixin.py:188} INFO - [2024-07-05T14:31:39.712+0000] {dag.py:3096} INFO - Sync 1 DAGs
[2024-07-05T14:31:39.721+0000] {logging_mixin.py:188} INFO - [2024-07-05T14:31:39.721+0000] {dag.py:3954} INFO - Setting next_dagrun for latest_only to 2024-07-05 08:00:00+00:00, run_after=2024-07-05 12:00:00+00:00
[2024-07-05T14:31:39.729+0000] {processor.py:183} INFO - Processing /home/airflow/.local/lib/python3.12/site-packages/airflow/example_dags/example_latest_only.py took 0.032 seconds
[2024-07-05T14:32:10.367+0000] {processor.py:161} INFO - Started process (PID=527) to work on /home/airflow/.local/lib/python3.12/site-packages/airflow/example_dags/example_latest_only.py
[2024-07-05T14:32:10.368+0000] {processor.py:830} INFO - Processing file /home/airflow/.local/lib/python3.12/site-packages/airflow/example_dags/example_latest_only.py for tasks to queue
[2024-07-05T14:32:10.369+0000] {logging_mixin.py:188} INFO - [2024-07-05T14:32:10.369+0000] {dagbag.py:545} INFO - Filling up the DagBag from /home/airflow/.local/lib/python3.12/site-packages/airflow/example_dags/example_latest_only.py
[2024-07-05T14:32:10.371+0000] {processor.py:840} INFO - DAG(s) 'latest_only' retrieved from /home/airflow/.local/lib/python3.12/site-packages/airflow/example_dags/example_latest_only.py
[2024-07-05T14:32:10.380+0000] {logging_mixin.py:188} INFO - [2024-07-05T14:32:10.380+0000] {dag.py:3096} INFO - Sync 1 DAGs
[2024-07-05T14:32:10.389+0000] {logging_mixin.py:188} INFO - [2024-07-05T14:32:10.389+0000] {dag.py:3954} INFO - Setting next_dagrun for latest_only to 2024-07-05 08:00:00+00:00, run_after=2024-07-05 12:00:00+00:00
[2024-07-05T14:32:10.396+0000] {processor.py:183} INFO - Processing /home/airflow/.local/lib/python3.12/site-packages/airflow/example_dags/example_latest_only.py took 0.032 seconds
[2024-07-05T14:32:41.247+0000] {processor.py:161} INFO - Started process (PID=585) to work on /home/airflow/.local/lib/python3.12/site-packages/airflow/example_dags/example_latest_only.py
[2024-07-05T14:32:41.247+0000] {processor.py:830} INFO - Processing file /home/airflow/.local/lib/python3.12/site-packages/airflow/example_dags/example_latest_only.py for tasks to queue
[2024-07-05T14:32:41.248+0000] {logging_mixin.py:188} INFO - [2024-07-05T14:32:41.248+0000] {dagbag.py:545} INFO - Filling up the DagBag from /home/airflow/.local/lib/python3.12/site-packages/airflow/example_dags/example_latest_only.py
[2024-07-05T14:32:41.251+0000] {processor.py:840} INFO - DAG(s) 'latest_only' retrieved from /home/airflow/.local/lib/python3.12/site-packages/airflow/example_dags/example_latest_only.py
[2024-07-05T14:32:41.261+0000] {logging_mixin.py:188} INFO - [2024-07-05T14:32:41.261+0000] {dag.py:3096} INFO - Sync 1 DAGs
[2024-07-05T14:32:41.271+0000] {logging_mixin.py:188} INFO - [2024-07-05T14:32:41.270+0000] {dag.py:3954} INFO - Setting next_dagrun for latest_only to 2024-07-05 08:00:00+00:00, run_after=2024-07-05 12:00:00+00:00
[2024-07-05T14:32:41.279+0000] {processor.py:183} INFO - Processing /home/airflow/.local/lib/python3.12/site-packages/airflow/example_dags/example_latest_only.py took 0.035 seconds
[2024-07-05T14:33:11.635+0000] {processor.py:161} INFO - Started process (PID=643) to work on /home/airflow/.local/lib/python3.12/site-packages/airflow/example_dags/example_latest_only.py
[2024-07-05T14:33:11.636+0000] {processor.py:830} INFO - Processing file /home/airflow/.local/lib/python3.12/site-packages/airflow/example_dags/example_latest_only.py for tasks to queue
[2024-07-05T14:33:11.637+0000] {logging_mixin.py:188} INFO - [2024-07-05T14:33:11.637+0000] {dagbag.py:545} INFO - Filling up the DagBag from /home/airflow/.local/lib/python3.12/site-packages/airflow/example_dags/example_latest_only.py
[2024-07-05T14:33:11.640+0000] {processor.py:840} INFO - DAG(s) 'latest_only' retrieved from /home/airflow/.local/lib/python3.12/site-packages/airflow/example_dags/example_latest_only.py
[2024-07-05T14:33:11.649+0000] {logging_mixin.py:188} INFO - [2024-07-05T14:33:11.649+0000] {dag.py:3096} INFO - Sync 1 DAGs
[2024-07-05T14:33:11.659+0000] {logging_mixin.py:188} INFO - [2024-07-05T14:33:11.659+0000] {dag.py:3954} INFO - Setting next_dagrun for latest_only to 2024-07-05 08:00:00+00:00, run_after=2024-07-05 12:00:00+00:00
[2024-07-05T14:33:11.667+0000] {processor.py:183} INFO - Processing /home/airflow/.local/lib/python3.12/site-packages/airflow/example_dags/example_latest_only.py took 0.034 seconds
[2024-07-05T14:33:42.697+0000] {processor.py:161} INFO - Started process (PID=701) to work on /home/airflow/.local/lib/python3.12/site-packages/airflow/example_dags/example_latest_only.py
[2024-07-05T14:33:42.698+0000] {processor.py:830} INFO - Processing file /home/airflow/.local/lib/python3.12/site-packages/airflow/example_dags/example_latest_only.py for tasks to queue
[2024-07-05T14:33:42.699+0000] {logging_mixin.py:188} INFO - [2024-07-05T14:33:42.699+0000] {dagbag.py:545} INFO - Filling up the DagBag from /home/airflow/.local/lib/python3.12/site-packages/airflow/example_dags/example_latest_only.py
[2024-07-05T14:33:42.701+0000] {processor.py:840} INFO - DAG(s) 'latest_only' retrieved from /home/airflow/.local/lib/python3.12/site-packages/airflow/example_dags/example_latest_only.py
[2024-07-05T14:33:42.710+0000] {logging_mixin.py:188} INFO - [2024-07-05T14:33:42.710+0000] {dag.py:3096} INFO - Sync 1 DAGs
[2024-07-05T14:33:42.719+0000] {logging_mixin.py:188} INFO - [2024-07-05T14:33:42.719+0000] {dag.py:3954} INFO - Setting next_dagrun for latest_only to 2024-07-05 08:00:00+00:00, run_after=2024-07-05 12:00:00+00:00
[2024-07-05T14:33:42.726+0000] {processor.py:183} INFO - Processing /home/airflow/.local/lib/python3.12/site-packages/airflow/example_dags/example_latest_only.py took 0.031 seconds
[2024-07-05T14:34:13.294+0000] {processor.py:161} INFO - Started process (PID=759) to work on /home/airflow/.local/lib/python3.12/site-packages/airflow/example_dags/example_latest_only.py
[2024-07-05T14:34:13.296+0000] {processor.py:830} INFO - Processing file /home/airflow/.local/lib/python3.12/site-packages/airflow/example_dags/example_latest_only.py for tasks to queue
[2024-07-05T14:34:13.297+0000] {logging_mixin.py:188} INFO - [2024-07-05T14:34:13.297+0000] {dagbag.py:545} INFO - Filling up the DagBag from /home/airflow/.local/lib/python3.12/site-packages/airflow/example_dags/example_latest_only.py
[2024-07-05T14:34:13.300+0000] {processor.py:840} INFO - DAG(s) 'latest_only' retrieved from /home/airflow/.local/lib/python3.12/site-packages/airflow/example_dags/example_latest_only.py
[2024-07-05T14:34:13.312+0000] {logging_mixin.py:188} INFO - [2024-07-05T14:34:13.311+0000] {dag.py:3096} INFO - Sync 1 DAGs
[2024-07-05T14:34:13.323+0000] {logging_mixin.py:188} INFO - [2024-07-05T14:34:13.323+0000] {dag.py:3954} INFO - Setting next_dagrun for latest_only to 2024-07-05 08:00:00+00:00, run_after=2024-07-05 12:00:00+00:00
[2024-07-05T14:34:13.332+0000] {processor.py:183} INFO - Processing /home/airflow/.local/lib/python3.12/site-packages/airflow/example_dags/example_latest_only.py took 0.042 seconds
[2024-07-05T14:34:44.111+0000] {processor.py:161} INFO - Started process (PID=817) to work on /home/airflow/.local/lib/python3.12/site-packages/airflow/example_dags/example_latest_only.py
[2024-07-05T14:34:44.112+0000] {processor.py:830} INFO - Processing file /home/airflow/.local/lib/python3.12/site-packages/airflow/example_dags/example_latest_only.py for tasks to queue
[2024-07-05T14:34:44.113+0000] {logging_mixin.py:188} INFO - [2024-07-05T14:34:44.113+0000] {dagbag.py:545} INFO - Filling up the DagBag from /home/airflow/.local/lib/python3.12/site-packages/airflow/example_dags/example_latest_only.py
[2024-07-05T14:34:44.116+0000] {processor.py:840} INFO - DAG(s) 'latest_only' retrieved from /home/airflow/.local/lib/python3.12/site-packages/airflow/example_dags/example_latest_only.py
[2024-07-05T14:34:44.126+0000] {logging_mixin.py:188} INFO - [2024-07-05T14:34:44.126+0000] {dag.py:3096} INFO - Sync 1 DAGs
[2024-07-05T14:34:44.137+0000] {logging_mixin.py:188} INFO - [2024-07-05T14:34:44.137+0000] {dag.py:3954} INFO - Setting next_dagrun for latest_only to 2024-07-05 08:00:00+00:00, run_after=2024-07-05 12:00:00+00:00
[2024-07-05T14:34:44.146+0000] {processor.py:183} INFO - Processing /home/airflow/.local/lib/python3.12/site-packages/airflow/example_dags/example_latest_only.py took 0.038 seconds
[2024-07-05T14:35:14.487+0000] {processor.py:161} INFO - Started process (PID=875) to work on /home/airflow/.local/lib/python3.12/site-packages/airflow/example_dags/example_latest_only.py
[2024-07-05T14:35:14.488+0000] {processor.py:830} INFO - Processing file /home/airflow/.local/lib/python3.12/site-packages/airflow/example_dags/example_latest_only.py for tasks to queue
[2024-07-05T14:35:14.490+0000] {logging_mixin.py:188} INFO - [2024-07-05T14:35:14.489+0000] {dagbag.py:545} INFO - Filling up the DagBag from /home/airflow/.local/lib/python3.12/site-packages/airflow/example_dags/example_latest_only.py
[2024-07-05T14:35:14.493+0000] {processor.py:840} INFO - DAG(s) 'latest_only' retrieved from /home/airflow/.local/lib/python3.12/site-packages/airflow/example_dags/example_latest_only.py
[2024-07-05T14:35:14.508+0000] {logging_mixin.py:188} INFO - [2024-07-05T14:35:14.507+0000] {dag.py:3096} INFO - Sync 1 DAGs
[2024-07-05T14:35:14.530+0000] {logging_mixin.py:188} INFO - [2024-07-05T14:35:14.530+0000] {dag.py:3954} INFO - Setting next_dagrun for latest_only to 2024-07-05 08:00:00+00:00, run_after=2024-07-05 12:00:00+00:00
[2024-07-05T14:35:14.548+0000] {processor.py:183} INFO - Processing /home/airflow/.local/lib/python3.12/site-packages/airflow/example_dags/example_latest_only.py took 0.065 seconds
[2024-07-05T14:35:47.297+0000] {processor.py:161} INFO - Started process (PID=933) to work on /home/airflow/.local/lib/python3.12/site-packages/airflow/example_dags/example_latest_only.py
[2024-07-05T14:35:47.298+0000] {processor.py:830} INFO - Processing file /home/airflow/.local/lib/python3.12/site-packages/airflow/example_dags/example_latest_only.py for tasks to queue
[2024-07-05T14:35:47.300+0000] {logging_mixin.py:188} INFO - [2024-07-05T14:35:47.300+0000] {dagbag.py:545} INFO - Filling up the DagBag from /home/airflow/.local/lib/python3.12/site-packages/airflow/example_dags/example_latest_only.py
[2024-07-05T14:35:47.303+0000] {processor.py:840} INFO - DAG(s) 'latest_only' retrieved from /home/airflow/.local/lib/python3.12/site-packages/airflow/example_dags/example_latest_only.py
[2024-07-05T14:35:47.322+0000] {logging_mixin.py:188} INFO - [2024-07-05T14:35:47.322+0000] {dag.py:3096} INFO - Sync 1 DAGs
[2024-07-05T14:35:47.571+0000] {logging_mixin.py:188} INFO - [2024-07-05T14:35:47.571+0000] {dag.py:3954} INFO - Setting next_dagrun for latest_only to 2024-07-05 08:00:00+00:00, run_after=2024-07-05 12:00:00+00:00
[2024-07-05T14:35:47.646+0000] {processor.py:183} INFO - Processing /home/airflow/.local/lib/python3.12/site-packages/airflow/example_dags/example_latest_only.py took 0.391 seconds
[2024-07-05T14:36:18.446+0000] {processor.py:161} INFO - Started process (PID=991) to work on /home/airflow/.local/lib/python3.12/site-packages/airflow/example_dags/example_latest_only.py
[2024-07-05T14:36:18.447+0000] {processor.py:830} INFO - Processing file /home/airflow/.local/lib/python3.12/site-packages/airflow/example_dags/example_latest_only.py for tasks to queue
[2024-07-05T14:36:18.449+0000] {logging_mixin.py:188} INFO - [2024-07-05T14:36:18.449+0000] {dagbag.py:545} INFO - Filling up the DagBag from /home/airflow/.local/lib/python3.12/site-packages/airflow/example_dags/example_latest_only.py
[2024-07-05T14:36:18.453+0000] {processor.py:840} INFO - DAG(s) 'latest_only' retrieved from /home/airflow/.local/lib/python3.12/site-packages/airflow/example_dags/example_latest_only.py
[2024-07-05T14:36:18.467+0000] {logging_mixin.py:188} INFO - [2024-07-05T14:36:18.467+0000] {dag.py:3096} INFO - Sync 1 DAGs
[2024-07-05T14:36:18.480+0000] {logging_mixin.py:188} INFO - [2024-07-05T14:36:18.480+0000] {dag.py:3954} INFO - Setting next_dagrun for latest_only to 2024-07-05 08:00:00+00:00, run_after=2024-07-05 12:00:00+00:00
[2024-07-05T14:36:18.490+0000] {processor.py:183} INFO - Processing /home/airflow/.local/lib/python3.12/site-packages/airflow/example_dags/example_latest_only.py took 0.048 seconds
[2024-07-05T14:36:49.027+0000] {processor.py:161} INFO - Started process (PID=1049) to work on /home/airflow/.local/lib/python3.12/site-packages/airflow/example_dags/example_latest_only.py
[2024-07-05T14:36:49.031+0000] {processor.py:830} INFO - Processing file /home/airflow/.local/lib/python3.12/site-packages/airflow/example_dags/example_latest_only.py for tasks to queue
[2024-07-05T14:36:49.033+0000] {logging_mixin.py:188} INFO - [2024-07-05T14:36:49.032+0000] {dagbag.py:545} INFO - Filling up the DagBag from /home/airflow/.local/lib/python3.12/site-packages/airflow/example_dags/example_latest_only.py
[2024-07-05T14:36:49.037+0000] {processor.py:840} INFO - DAG(s) 'latest_only' retrieved from /home/airflow/.local/lib/python3.12/site-packages/airflow/example_dags/example_latest_only.py
[2024-07-05T14:36:49.053+0000] {logging_mixin.py:188} INFO - [2024-07-05T14:36:49.053+0000] {dag.py:3096} INFO - Sync 1 DAGs
[2024-07-05T14:36:49.066+0000] {logging_mixin.py:188} INFO - [2024-07-05T14:36:49.066+0000] {dag.py:3954} INFO - Setting next_dagrun for latest_only to 2024-07-05 08:00:00+00:00, run_after=2024-07-05 12:00:00+00:00
[2024-07-05T14:36:49.076+0000] {processor.py:183} INFO - Processing /home/airflow/.local/lib/python3.12/site-packages/airflow/example_dags/example_latest_only.py took 0.055 seconds
[2024-07-05T14:37:19.644+0000] {processor.py:161} INFO - Started process (PID=1107) to work on /home/airflow/.local/lib/python3.12/site-packages/airflow/example_dags/example_latest_only.py
[2024-07-05T14:37:19.646+0000] {processor.py:830} INFO - Processing file /home/airflow/.local/lib/python3.12/site-packages/airflow/example_dags/example_latest_only.py for tasks to queue
[2024-07-05T14:37:19.647+0000] {logging_mixin.py:188} INFO - [2024-07-05T14:37:19.647+0000] {dagbag.py:545} INFO - Filling up the DagBag from /home/airflow/.local/lib/python3.12/site-packages/airflow/example_dags/example_latest_only.py
[2024-07-05T14:37:19.652+0000] {processor.py:840} INFO - DAG(s) 'latest_only' retrieved from /home/airflow/.local/lib/python3.12/site-packages/airflow/example_dags/example_latest_only.py
[2024-07-05T14:37:19.669+0000] {logging_mixin.py:188} INFO - [2024-07-05T14:37:19.668+0000] {dag.py:3096} INFO - Sync 1 DAGs
[2024-07-05T14:37:19.682+0000] {logging_mixin.py:188} INFO - [2024-07-05T14:37:19.682+0000] {dag.py:3954} INFO - Setting next_dagrun for latest_only to 2024-07-05 08:00:00+00:00, run_after=2024-07-05 12:00:00+00:00
[2024-07-05T14:37:19.692+0000] {processor.py:183} INFO - Processing /home/airflow/.local/lib/python3.12/site-packages/airflow/example_dags/example_latest_only.py took 0.054 seconds
[2024-07-05T14:37:50.312+0000] {processor.py:161} INFO - Started process (PID=1165) to work on /home/airflow/.local/lib/python3.12/site-packages/airflow/example_dags/example_latest_only.py
[2024-07-05T14:37:50.313+0000] {processor.py:830} INFO - Processing file /home/airflow/.local/lib/python3.12/site-packages/airflow/example_dags/example_latest_only.py for tasks to queue
[2024-07-05T14:37:50.315+0000] {logging_mixin.py:188} INFO - [2024-07-05T14:37:50.314+0000] {dagbag.py:545} INFO - Filling up the DagBag from /home/airflow/.local/lib/python3.12/site-packages/airflow/example_dags/example_latest_only.py
[2024-07-05T14:37:50.319+0000] {processor.py:840} INFO - DAG(s) 'latest_only' retrieved from /home/airflow/.local/lib/python3.12/site-packages/airflow/example_dags/example_latest_only.py
[2024-07-05T14:37:50.335+0000] {logging_mixin.py:188} INFO - [2024-07-05T14:37:50.335+0000] {dag.py:3096} INFO - Sync 1 DAGs
[2024-07-05T14:37:50.348+0000] {logging_mixin.py:188} INFO - [2024-07-05T14:37:50.348+0000] {dag.py:3954} INFO - Setting next_dagrun for latest_only to 2024-07-05 08:00:00+00:00, run_after=2024-07-05 12:00:00+00:00
[2024-07-05T14:37:50.359+0000] {processor.py:183} INFO - Processing /home/airflow/.local/lib/python3.12/site-packages/airflow/example_dags/example_latest_only.py took 0.054 seconds
[2024-07-05T14:38:21.025+0000] {processor.py:161} INFO - Started process (PID=1223) to work on /home/airflow/.local/lib/python3.12/site-packages/airflow/example_dags/example_latest_only.py
[2024-07-05T14:38:21.026+0000] {processor.py:830} INFO - Processing file /home/airflow/.local/lib/python3.12/site-packages/airflow/example_dags/example_latest_only.py for tasks to queue
[2024-07-05T14:38:21.027+0000] {logging_mixin.py:188} INFO - [2024-07-05T14:38:21.027+0000] {dagbag.py:545} INFO - Filling up the DagBag from /home/airflow/.local/lib/python3.12/site-packages/airflow/example_dags/example_latest_only.py
[2024-07-05T14:38:21.030+0000] {processor.py:840} INFO - DAG(s) 'latest_only' retrieved from /home/airflow/.local/lib/python3.12/site-packages/airflow/example_dags/example_latest_only.py
[2024-07-05T14:38:21.040+0000] {logging_mixin.py:188} INFO - [2024-07-05T14:38:21.040+0000] {dag.py:3096} INFO - Sync 1 DAGs
[2024-07-05T14:38:21.050+0000] {logging_mixin.py:188} INFO - [2024-07-05T14:38:21.050+0000] {dag.py:3954} INFO - Setting next_dagrun for latest_only to 2024-07-05 08:00:00+00:00, run_after=2024-07-05 12:00:00+00:00
[2024-07-05T14:38:21.059+0000] {processor.py:183} INFO - Processing /home/airflow/.local/lib/python3.12/site-packages/airflow/example_dags/example_latest_only.py took 0.039 seconds
[2024-07-05T14:38:51.570+0000] {processor.py:161} INFO - Started process (PID=1281) to work on /home/airflow/.local/lib/python3.12/site-packages/airflow/example_dags/example_latest_only.py
[2024-07-05T14:38:51.571+0000] {processor.py:830} INFO - Processing file /home/airflow/.local/lib/python3.12/site-packages/airflow/example_dags/example_latest_only.py for tasks to queue
[2024-07-05T14:38:51.572+0000] {logging_mixin.py:188} INFO - [2024-07-05T14:38:51.572+0000] {dagbag.py:545} INFO - Filling up the DagBag from /home/airflow/.local/lib/python3.12/site-packages/airflow/example_dags/example_latest_only.py
[2024-07-05T14:38:51.577+0000] {processor.py:840} INFO - DAG(s) 'latest_only' retrieved from /home/airflow/.local/lib/python3.12/site-packages/airflow/example_dags/example_latest_only.py
[2024-07-05T14:38:51.593+0000] {logging_mixin.py:188} INFO - [2024-07-05T14:38:51.593+0000] {dag.py:3096} INFO - Sync 1 DAGs
[2024-07-05T14:38:51.607+0000] {logging_mixin.py:188} INFO - [2024-07-05T14:38:51.607+0000] {dag.py:3954} INFO - Setting next_dagrun for latest_only to 2024-07-05 08:00:00+00:00, run_after=2024-07-05 12:00:00+00:00
[2024-07-05T14:38:51.617+0000] {processor.py:183} INFO - Processing /home/airflow/.local/lib/python3.12/site-packages/airflow/example_dags/example_latest_only.py took 0.053 seconds
[2024-07-05T14:39:22.137+0000] {processor.py:161} INFO - Started process (PID=1339) to work on /home/airflow/.local/lib/python3.12/site-packages/airflow/example_dags/example_latest_only.py
[2024-07-05T14:39:22.138+0000] {processor.py:830} INFO - Processing file /home/airflow/.local/lib/python3.12/site-packages/airflow/example_dags/example_latest_only.py for tasks to queue
[2024-07-05T14:39:22.140+0000] {logging_mixin.py:188} INFO - [2024-07-05T14:39:22.139+0000] {dagbag.py:545} INFO - Filling up the DagBag from /home/airflow/.local/lib/python3.12/site-packages/airflow/example_dags/example_latest_only.py
[2024-07-05T14:39:22.146+0000] {processor.py:840} INFO - DAG(s) 'latest_only' retrieved from /home/airflow/.local/lib/python3.12/site-packages/airflow/example_dags/example_latest_only.py
[2024-07-05T14:39:22.161+0000] {logging_mixin.py:188} INFO - [2024-07-05T14:39:22.161+0000] {dag.py:3096} INFO - Sync 1 DAGs
[2024-07-05T14:39:22.174+0000] {logging_mixin.py:188} INFO - [2024-07-05T14:39:22.174+0000] {dag.py:3954} INFO - Setting next_dagrun for latest_only to 2024-07-05 08:00:00+00:00, run_after=2024-07-05 12:00:00+00:00
[2024-07-05T14:39:22.184+0000] {processor.py:183} INFO - Processing /home/airflow/.local/lib/python3.12/site-packages/airflow/example_dags/example_latest_only.py took 0.053 seconds
[2024-07-05T14:39:52.864+0000] {processor.py:161} INFO - Started process (PID=1397) to work on /home/airflow/.local/lib/python3.12/site-packages/airflow/example_dags/example_latest_only.py
[2024-07-05T14:39:52.866+0000] {processor.py:830} INFO - Processing file /home/airflow/.local/lib/python3.12/site-packages/airflow/example_dags/example_latest_only.py for tasks to queue
[2024-07-05T14:39:52.867+0000] {logging_mixin.py:188} INFO - [2024-07-05T14:39:52.867+0000] {dagbag.py:545} INFO - Filling up the DagBag from /home/airflow/.local/lib/python3.12/site-packages/airflow/example_dags/example_latest_only.py
[2024-07-05T14:39:52.872+0000] {processor.py:840} INFO - DAG(s) 'latest_only' retrieved from /home/airflow/.local/lib/python3.12/site-packages/airflow/example_dags/example_latest_only.py
[2024-07-05T14:39:52.888+0000] {logging_mixin.py:188} INFO - [2024-07-05T14:39:52.888+0000] {dag.py:3096} INFO - Sync 1 DAGs
[2024-07-05T14:39:52.901+0000] {logging_mixin.py:188} INFO - [2024-07-05T14:39:52.901+0000] {dag.py:3954} INFO - Setting next_dagrun for latest_only to 2024-07-05 08:00:00+00:00, run_after=2024-07-05 12:00:00+00:00
[2024-07-05T14:39:52.912+0000] {processor.py:183} INFO - Processing /home/airflow/.local/lib/python3.12/site-packages/airflow/example_dags/example_latest_only.py took 0.053 seconds
[2024-07-05T14:40:23.658+0000] {processor.py:161} INFO - Started process (PID=1455) to work on /home/airflow/.local/lib/python3.12/site-packages/airflow/example_dags/example_latest_only.py
[2024-07-05T14:40:23.659+0000] {processor.py:830} INFO - Processing file /home/airflow/.local/lib/python3.12/site-packages/airflow/example_dags/example_latest_only.py for tasks to queue
[2024-07-05T14:40:23.661+0000] {logging_mixin.py:188} INFO - [2024-07-05T14:40:23.660+0000] {dagbag.py:545} INFO - Filling up the DagBag from /home/airflow/.local/lib/python3.12/site-packages/airflow/example_dags/example_latest_only.py
[2024-07-05T14:40:23.665+0000] {processor.py:840} INFO - DAG(s) 'latest_only' retrieved from /home/airflow/.local/lib/python3.12/site-packages/airflow/example_dags/example_latest_only.py
[2024-07-05T14:40:23.682+0000] {logging_mixin.py:188} INFO - [2024-07-05T14:40:23.681+0000] {dag.py:3096} INFO - Sync 1 DAGs
[2024-07-05T14:40:23.695+0000] {logging_mixin.py:188} INFO - [2024-07-05T14:40:23.695+0000] {dag.py:3954} INFO - Setting next_dagrun for latest_only to 2024-07-05 08:00:00+00:00, run_after=2024-07-05 12:00:00+00:00
[2024-07-05T14:40:23.707+0000] {processor.py:183} INFO - Processing /home/airflow/.local/lib/python3.12/site-packages/airflow/example_dags/example_latest_only.py took 0.055 seconds
[2024-07-05T14:40:54.394+0000] {processor.py:161} INFO - Started process (PID=1512) to work on /home/airflow/.local/lib/python3.12/site-packages/airflow/example_dags/example_latest_only.py
[2024-07-05T14:40:54.395+0000] {processor.py:830} INFO - Processing file /home/airflow/.local/lib/python3.12/site-packages/airflow/example_dags/example_latest_only.py for tasks to queue
[2024-07-05T14:40:54.397+0000] {logging_mixin.py:188} INFO - [2024-07-05T14:40:54.397+0000] {dagbag.py:545} INFO - Filling up the DagBag from /home/airflow/.local/lib/python3.12/site-packages/airflow/example_dags/example_latest_only.py
[2024-07-05T14:40:54.401+0000] {processor.py:840} INFO - DAG(s) 'latest_only' retrieved from /home/airflow/.local/lib/python3.12/site-packages/airflow/example_dags/example_latest_only.py
[2024-07-05T14:40:54.418+0000] {logging_mixin.py:188} INFO - [2024-07-05T14:40:54.418+0000] {dag.py:3096} INFO - Sync 1 DAGs
[2024-07-05T14:40:54.432+0000] {logging_mixin.py:188} INFO - [2024-07-05T14:40:54.431+0000] {dag.py:3954} INFO - Setting next_dagrun for latest_only to 2024-07-05 08:00:00+00:00, run_after=2024-07-05 12:00:00+00:00
[2024-07-05T14:40:54.442+0000] {processor.py:183} INFO - Processing /home/airflow/.local/lib/python3.12/site-packages/airflow/example_dags/example_latest_only.py took 0.053 seconds
[2024-07-05T14:41:25.131+0000] {processor.py:161} INFO - Started process (PID=1570) to work on /home/airflow/.local/lib/python3.12/site-packages/airflow/example_dags/example_latest_only.py
[2024-07-05T14:41:25.132+0000] {processor.py:830} INFO - Processing file /home/airflow/.local/lib/python3.12/site-packages/airflow/example_dags/example_latest_only.py for tasks to queue
[2024-07-05T14:41:25.133+0000] {logging_mixin.py:188} INFO - [2024-07-05T14:41:25.133+0000] {dagbag.py:545} INFO - Filling up the DagBag from /home/airflow/.local/lib/python3.12/site-packages/airflow/example_dags/example_latest_only.py
[2024-07-05T14:41:25.136+0000] {processor.py:840} INFO - DAG(s) 'latest_only' retrieved from /home/airflow/.local/lib/python3.12/site-packages/airflow/example_dags/example_latest_only.py
[2024-07-05T14:41:25.152+0000] {logging_mixin.py:188} INFO - [2024-07-05T14:41:25.152+0000] {dag.py:3096} INFO - Sync 1 DAGs
[2024-07-05T14:41:25.168+0000] {logging_mixin.py:188} INFO - [2024-07-05T14:41:25.168+0000] {dag.py:3954} INFO - Setting next_dagrun for latest_only to 2024-07-05 08:00:00+00:00, run_after=2024-07-05 12:00:00+00:00
[2024-07-05T14:41:25.180+0000] {processor.py:183} INFO - Processing /home/airflow/.local/lib/python3.12/site-packages/airflow/example_dags/example_latest_only.py took 0.056 seconds
[2024-07-05T14:41:55.383+0000] {processor.py:161} INFO - Started process (PID=1628) to work on /home/airflow/.local/lib/python3.12/site-packages/airflow/example_dags/example_latest_only.py
[2024-07-05T14:41:55.384+0000] {processor.py:830} INFO - Processing file /home/airflow/.local/lib/python3.12/site-packages/airflow/example_dags/example_latest_only.py for tasks to queue
[2024-07-05T14:41:55.385+0000] {logging_mixin.py:188} INFO - [2024-07-05T14:41:55.385+0000] {dagbag.py:545} INFO - Filling up the DagBag from /home/airflow/.local/lib/python3.12/site-packages/airflow/example_dags/example_latest_only.py
[2024-07-05T14:41:55.390+0000] {processor.py:840} INFO - DAG(s) 'latest_only' retrieved from /home/airflow/.local/lib/python3.12/site-packages/airflow/example_dags/example_latest_only.py
[2024-07-05T14:41:55.421+0000] {logging_mixin.py:188} INFO - [2024-07-05T14:41:55.420+0000] {dag.py:3096} INFO - Sync 1 DAGs
[2024-07-05T14:41:55.449+0000] {logging_mixin.py:188} INFO - [2024-07-05T14:41:55.449+0000] {dag.py:3954} INFO - Setting next_dagrun for latest_only to 2024-07-05 08:00:00+00:00, run_after=2024-07-05 12:00:00+00:00
[2024-07-05T14:41:55.462+0000] {processor.py:183} INFO - Processing /home/airflow/.local/lib/python3.12/site-packages/airflow/example_dags/example_latest_only.py took 0.085 seconds
[2024-07-05T14:42:25.522+0000] {processor.py:161} INFO - Started process (PID=1686) to work on /home/airflow/.local/lib/python3.12/site-packages/airflow/example_dags/example_latest_only.py
[2024-07-05T14:42:25.523+0000] {processor.py:830} INFO - Processing file /home/airflow/.local/lib/python3.12/site-packages/airflow/example_dags/example_latest_only.py for tasks to queue
[2024-07-05T14:42:25.525+0000] {logging_mixin.py:188} INFO - [2024-07-05T14:42:25.525+0000] {dagbag.py:545} INFO - Filling up the DagBag from /home/airflow/.local/lib/python3.12/site-packages/airflow/example_dags/example_latest_only.py
[2024-07-05T14:42:25.530+0000] {processor.py:840} INFO - DAG(s) 'latest_only' retrieved from /home/airflow/.local/lib/python3.12/site-packages/airflow/example_dags/example_latest_only.py
[2024-07-05T14:42:25.552+0000] {logging_mixin.py:188} INFO - [2024-07-05T14:42:25.551+0000] {dag.py:3096} INFO - Sync 1 DAGs
[2024-07-05T14:42:25.571+0000] {logging_mixin.py:188} INFO - [2024-07-05T14:42:25.571+0000] {dag.py:3954} INFO - Setting next_dagrun for latest_only to 2024-07-05 08:00:00+00:00, run_after=2024-07-05 12:00:00+00:00
[2024-07-05T14:42:25.581+0000] {processor.py:183} INFO - Processing /home/airflow/.local/lib/python3.12/site-packages/airflow/example_dags/example_latest_only.py took 0.067 seconds
[2024-07-05T14:42:55.797+0000] {processor.py:161} INFO - Started process (PID=1749) to work on /home/airflow/.local/lib/python3.12/site-packages/airflow/example_dags/example_latest_only.py
[2024-07-05T14:42:55.801+0000] {processor.py:830} INFO - Processing file /home/airflow/.local/lib/python3.12/site-packages/airflow/example_dags/example_latest_only.py for tasks to queue
[2024-07-05T14:42:55.803+0000] {logging_mixin.py:188} INFO - [2024-07-05T14:42:55.802+0000] {dagbag.py:545} INFO - Filling up the DagBag from /home/airflow/.local/lib/python3.12/site-packages/airflow/example_dags/example_latest_only.py
[2024-07-05T14:42:55.808+0000] {processor.py:840} INFO - DAG(s) 'latest_only' retrieved from /home/airflow/.local/lib/python3.12/site-packages/airflow/example_dags/example_latest_only.py
[2024-07-05T14:42:55.825+0000] {logging_mixin.py:188} INFO - [2024-07-05T14:42:55.823+0000] {dag.py:3096} INFO - Sync 1 DAGs
[2024-07-05T14:42:55.851+0000] {logging_mixin.py:188} INFO - [2024-07-05T14:42:55.851+0000] {dag.py:3954} INFO - Setting next_dagrun for latest_only to 2024-07-05 08:00:00+00:00, run_after=2024-07-05 12:00:00+00:00
[2024-07-05T14:42:55.865+0000] {processor.py:183} INFO - Processing /home/airflow/.local/lib/python3.12/site-packages/airflow/example_dags/example_latest_only.py took 0.073 seconds
[2024-07-05T14:43:25.918+0000] {processor.py:161} INFO - Started process (PID=1807) to work on /home/airflow/.local/lib/python3.12/site-packages/airflow/example_dags/example_latest_only.py
[2024-07-05T14:43:25.922+0000] {processor.py:830} INFO - Processing file /home/airflow/.local/lib/python3.12/site-packages/airflow/example_dags/example_latest_only.py for tasks to queue
[2024-07-05T14:43:25.924+0000] {logging_mixin.py:188} INFO - [2024-07-05T14:43:25.923+0000] {dagbag.py:545} INFO - Filling up the DagBag from /home/airflow/.local/lib/python3.12/site-packages/airflow/example_dags/example_latest_only.py
[2024-07-05T14:43:25.928+0000] {processor.py:840} INFO - DAG(s) 'latest_only' retrieved from /home/airflow/.local/lib/python3.12/site-packages/airflow/example_dags/example_latest_only.py
[2024-07-05T14:43:25.942+0000] {logging_mixin.py:188} INFO - [2024-07-05T14:43:25.942+0000] {dag.py:3096} INFO - Sync 1 DAGs
[2024-07-05T14:43:25.955+0000] {logging_mixin.py:188} INFO - [2024-07-05T14:43:25.955+0000] {dag.py:3954} INFO - Setting next_dagrun for latest_only to 2024-07-05 08:00:00+00:00, run_after=2024-07-05 12:00:00+00:00
[2024-07-05T14:43:25.964+0000] {processor.py:183} INFO - Processing /home/airflow/.local/lib/python3.12/site-packages/airflow/example_dags/example_latest_only.py took 0.051 seconds
[2024-07-05T14:43:56.611+0000] {processor.py:161} INFO - Started process (PID=1864) to work on /home/airflow/.local/lib/python3.12/site-packages/airflow/example_dags/example_latest_only.py
[2024-07-05T14:43:56.612+0000] {processor.py:830} INFO - Processing file /home/airflow/.local/lib/python3.12/site-packages/airflow/example_dags/example_latest_only.py for tasks to queue
[2024-07-05T14:43:56.614+0000] {logging_mixin.py:188} INFO - [2024-07-05T14:43:56.614+0000] {dagbag.py:545} INFO - Filling up the DagBag from /home/airflow/.local/lib/python3.12/site-packages/airflow/example_dags/example_latest_only.py
[2024-07-05T14:43:56.619+0000] {processor.py:840} INFO - DAG(s) 'latest_only' retrieved from /home/airflow/.local/lib/python3.12/site-packages/airflow/example_dags/example_latest_only.py
[2024-07-05T14:43:56.636+0000] {logging_mixin.py:188} INFO - [2024-07-05T14:43:56.635+0000] {dag.py:3096} INFO - Sync 1 DAGs
[2024-07-05T14:43:56.652+0000] {logging_mixin.py:188} INFO - [2024-07-05T14:43:56.652+0000] {dag.py:3954} INFO - Setting next_dagrun for latest_only to 2024-07-05 08:00:00+00:00, run_after=2024-07-05 12:00:00+00:00
[2024-07-05T14:43:56.662+0000] {processor.py:183} INFO - Processing /home/airflow/.local/lib/python3.12/site-packages/airflow/example_dags/example_latest_only.py took 0.057 seconds
[2024-07-05T14:44:26.717+0000] {processor.py:161} INFO - Started process (PID=1922) to work on /home/airflow/.local/lib/python3.12/site-packages/airflow/example_dags/example_latest_only.py
[2024-07-05T14:44:26.736+0000] {processor.py:830} INFO - Processing file /home/airflow/.local/lib/python3.12/site-packages/airflow/example_dags/example_latest_only.py for tasks to queue
[2024-07-05T14:44:26.737+0000] {logging_mixin.py:188} INFO - [2024-07-05T14:44:26.737+0000] {dagbag.py:545} INFO - Filling up the DagBag from /home/airflow/.local/lib/python3.12/site-packages/airflow/example_dags/example_latest_only.py
[2024-07-05T14:44:26.742+0000] {processor.py:840} INFO - DAG(s) 'latest_only' retrieved from /home/airflow/.local/lib/python3.12/site-packages/airflow/example_dags/example_latest_only.py
[2024-07-05T14:44:26.757+0000] {logging_mixin.py:188} INFO - [2024-07-05T14:44:26.757+0000] {dag.py:3096} INFO - Sync 1 DAGs
[2024-07-05T14:44:26.771+0000] {logging_mixin.py:188} INFO - [2024-07-05T14:44:26.770+0000] {dag.py:3954} INFO - Setting next_dagrun for latest_only to 2024-07-05 08:00:00+00:00, run_after=2024-07-05 12:00:00+00:00
[2024-07-05T14:44:26.780+0000] {processor.py:183} INFO - Processing /home/airflow/.local/lib/python3.12/site-packages/airflow/example_dags/example_latest_only.py took 0.069 seconds
