[2024-07-05T14:09:17.864+0000] {processor.py:161} INFO - Started process (PID=45) to work on /home/airflow/.local/lib/python3.12/site-packages/airflow/example_dags/example_branch_labels.py
[2024-07-05T14:09:17.866+0000] {processor.py:830} INFO - Processing file /home/airflow/.local/lib/python3.12/site-packages/airflow/example_dags/example_branch_labels.py for tasks to queue
[2024-07-05T14:09:17.867+0000] {logging_mixin.py:188} INFO - [2024-07-05T14:09:17.867+0000] {dagbag.py:545} INFO - Filling up the DagBag from /home/airflow/.local/lib/python3.12/site-packages/airflow/example_dags/example_branch_labels.py
[2024-07-05T14:09:17.877+0000] {processor.py:840} INFO - DAG(s) 'example_branch_labels' retrieved from /home/airflow/.local/lib/python3.12/site-packages/airflow/example_dags/example_branch_labels.py
[2024-07-05T14:09:17.886+0000] {logging_mixin.py:188} INFO - [2024-07-05T14:09:17.886+0000] {dag.py:3096} INFO - Sync 1 DAGs
[2024-07-05T14:09:17.907+0000] {logging_mixin.py:188} INFO - [2024-07-05T14:09:17.907+0000] {dag.py:3954} INFO - Setting next_dagrun for example_branch_labels to 2024-07-04 00:00:00+00:00, run_after=2024-07-05 00:00:00+00:00
[2024-07-05T14:09:17.923+0000] {processor.py:183} INFO - Processing /home/airflow/.local/lib/python3.12/site-packages/airflow/example_dags/example_branch_labels.py took 0.063 seconds
[2024-07-05T14:09:48.749+0000] {processor.py:161} INFO - Started process (PID=103) to work on /home/airflow/.local/lib/python3.12/site-packages/airflow/example_dags/example_branch_labels.py
[2024-07-05T14:09:48.750+0000] {processor.py:830} INFO - Processing file /home/airflow/.local/lib/python3.12/site-packages/airflow/example_dags/example_branch_labels.py for tasks to queue
[2024-07-05T14:09:48.751+0000] {logging_mixin.py:188} INFO - [2024-07-05T14:09:48.750+0000] {dagbag.py:545} INFO - Filling up the DagBag from /home/airflow/.local/lib/python3.12/site-packages/airflow/example_dags/example_branch_labels.py
[2024-07-05T14:09:48.754+0000] {processor.py:840} INFO - DAG(s) 'example_branch_labels' retrieved from /home/airflow/.local/lib/python3.12/site-packages/airflow/example_dags/example_branch_labels.py
[2024-07-05T14:09:48.797+0000] {logging_mixin.py:188} INFO - [2024-07-05T14:09:48.797+0000] {dag.py:3096} INFO - Sync 1 DAGs
[2024-07-05T14:09:48.807+0000] {logging_mixin.py:188} INFO - [2024-07-05T14:09:48.806+0000] {dag.py:3954} INFO - Setting next_dagrun for example_branch_labels to 2024-07-04 00:00:00+00:00, run_after=2024-07-05 00:00:00+00:00
[2024-07-05T14:09:48.815+0000] {processor.py:183} INFO - Processing /home/airflow/.local/lib/python3.12/site-packages/airflow/example_dags/example_branch_labels.py took 0.069 seconds
[2024-07-05T14:10:19.563+0000] {processor.py:161} INFO - Started process (PID=161) to work on /home/airflow/.local/lib/python3.12/site-packages/airflow/example_dags/example_branch_labels.py
[2024-07-05T14:10:19.564+0000] {processor.py:830} INFO - Processing file /home/airflow/.local/lib/python3.12/site-packages/airflow/example_dags/example_branch_labels.py for tasks to queue
[2024-07-05T14:10:19.567+0000] {logging_mixin.py:188} INFO - [2024-07-05T14:10:19.566+0000] {dagbag.py:545} INFO - Filling up the DagBag from /home/airflow/.local/lib/python3.12/site-packages/airflow/example_dags/example_branch_labels.py
[2024-07-05T14:10:19.571+0000] {processor.py:840} INFO - DAG(s) 'example_branch_labels' retrieved from /home/airflow/.local/lib/python3.12/site-packages/airflow/example_dags/example_branch_labels.py
[2024-07-05T14:10:19.584+0000] {logging_mixin.py:188} INFO - [2024-07-05T14:10:19.583+0000] {dag.py:3096} INFO - Sync 1 DAGs
[2024-07-05T14:10:19.595+0000] {logging_mixin.py:188} INFO - [2024-07-05T14:10:19.595+0000] {dag.py:3954} INFO - Setting next_dagrun for example_branch_labels to 2024-07-04 00:00:00+00:00, run_after=2024-07-05 00:00:00+00:00
[2024-07-05T14:10:19.604+0000] {processor.py:183} INFO - Processing /home/airflow/.local/lib/python3.12/site-packages/airflow/example_dags/example_branch_labels.py took 0.045 seconds
[2024-07-05T14:10:49.966+0000] {processor.py:161} INFO - Started process (PID=219) to work on /home/airflow/.local/lib/python3.12/site-packages/airflow/example_dags/example_branch_labels.py
[2024-07-05T14:10:49.968+0000] {processor.py:830} INFO - Processing file /home/airflow/.local/lib/python3.12/site-packages/airflow/example_dags/example_branch_labels.py for tasks to queue
[2024-07-05T14:10:49.969+0000] {logging_mixin.py:188} INFO - [2024-07-05T14:10:49.968+0000] {dagbag.py:545} INFO - Filling up the DagBag from /home/airflow/.local/lib/python3.12/site-packages/airflow/example_dags/example_branch_labels.py
[2024-07-05T14:10:49.973+0000] {processor.py:840} INFO - DAG(s) 'example_branch_labels' retrieved from /home/airflow/.local/lib/python3.12/site-packages/airflow/example_dags/example_branch_labels.py
[2024-07-05T14:10:49.984+0000] {logging_mixin.py:188} INFO - [2024-07-05T14:10:49.984+0000] {dag.py:3096} INFO - Sync 1 DAGs
[2024-07-05T14:10:49.996+0000] {logging_mixin.py:188} INFO - [2024-07-05T14:10:49.996+0000] {dag.py:3954} INFO - Setting next_dagrun for example_branch_labels to 2024-07-04 00:00:00+00:00, run_after=2024-07-05 00:00:00+00:00
[2024-07-05T14:10:50.004+0000] {processor.py:183} INFO - Processing /home/airflow/.local/lib/python3.12/site-packages/airflow/example_dags/example_branch_labels.py took 0.041 seconds
[2024-07-05T14:11:20.143+0000] {processor.py:161} INFO - Started process (PID=277) to work on /home/airflow/.local/lib/python3.12/site-packages/airflow/example_dags/example_branch_labels.py
[2024-07-05T14:11:20.143+0000] {processor.py:830} INFO - Processing file /home/airflow/.local/lib/python3.12/site-packages/airflow/example_dags/example_branch_labels.py for tasks to queue
[2024-07-05T14:11:20.144+0000] {logging_mixin.py:188} INFO - [2024-07-05T14:11:20.144+0000] {dagbag.py:545} INFO - Filling up the DagBag from /home/airflow/.local/lib/python3.12/site-packages/airflow/example_dags/example_branch_labels.py
[2024-07-05T14:11:20.148+0000] {processor.py:840} INFO - DAG(s) 'example_branch_labels' retrieved from /home/airflow/.local/lib/python3.12/site-packages/airflow/example_dags/example_branch_labels.py
[2024-07-05T14:11:20.159+0000] {logging_mixin.py:188} INFO - [2024-07-05T14:11:20.158+0000] {dag.py:3096} INFO - Sync 1 DAGs
[2024-07-05T14:11:20.169+0000] {logging_mixin.py:188} INFO - [2024-07-05T14:11:20.168+0000] {dag.py:3954} INFO - Setting next_dagrun for example_branch_labels to 2024-07-04 00:00:00+00:00, run_after=2024-07-05 00:00:00+00:00
[2024-07-05T14:11:20.177+0000] {processor.py:183} INFO - Processing /home/airflow/.local/lib/python3.12/site-packages/airflow/example_dags/example_branch_labels.py took 0.036 seconds
[2024-07-05T14:11:51.354+0000] {processor.py:161} INFO - Started process (PID=335) to work on /home/airflow/.local/lib/python3.12/site-packages/airflow/example_dags/example_branch_labels.py
[2024-07-05T14:11:51.356+0000] {processor.py:830} INFO - Processing file /home/airflow/.local/lib/python3.12/site-packages/airflow/example_dags/example_branch_labels.py for tasks to queue
[2024-07-05T14:11:51.359+0000] {logging_mixin.py:188} INFO - [2024-07-05T14:11:51.358+0000] {dagbag.py:545} INFO - Filling up the DagBag from /home/airflow/.local/lib/python3.12/site-packages/airflow/example_dags/example_branch_labels.py
[2024-07-05T14:11:51.365+0000] {processor.py:840} INFO - DAG(s) 'example_branch_labels' retrieved from /home/airflow/.local/lib/python3.12/site-packages/airflow/example_dags/example_branch_labels.py
[2024-07-05T14:11:51.379+0000] {logging_mixin.py:188} INFO - [2024-07-05T14:11:51.379+0000] {dag.py:3096} INFO - Sync 1 DAGs
[2024-07-05T14:11:51.391+0000] {logging_mixin.py:188} INFO - [2024-07-05T14:11:51.391+0000] {dag.py:3954} INFO - Setting next_dagrun for example_branch_labels to 2024-07-04 00:00:00+00:00, run_after=2024-07-05 00:00:00+00:00
[2024-07-05T14:11:51.400+0000] {processor.py:183} INFO - Processing /home/airflow/.local/lib/python3.12/site-packages/airflow/example_dags/example_branch_labels.py took 0.063 seconds
[2024-07-05T14:12:22.426+0000] {processor.py:161} INFO - Started process (PID=393) to work on /home/airflow/.local/lib/python3.12/site-packages/airflow/example_dags/example_branch_labels.py
[2024-07-05T14:12:22.427+0000] {processor.py:830} INFO - Processing file /home/airflow/.local/lib/python3.12/site-packages/airflow/example_dags/example_branch_labels.py for tasks to queue
[2024-07-05T14:12:22.428+0000] {logging_mixin.py:188} INFO - [2024-07-05T14:12:22.428+0000] {dagbag.py:545} INFO - Filling up the DagBag from /home/airflow/.local/lib/python3.12/site-packages/airflow/example_dags/example_branch_labels.py
[2024-07-05T14:12:22.432+0000] {processor.py:840} INFO - DAG(s) 'example_branch_labels' retrieved from /home/airflow/.local/lib/python3.12/site-packages/airflow/example_dags/example_branch_labels.py
[2024-07-05T14:12:22.444+0000] {logging_mixin.py:188} INFO - [2024-07-05T14:12:22.444+0000] {dag.py:3096} INFO - Sync 1 DAGs
[2024-07-05T14:12:22.459+0000] {logging_mixin.py:188} INFO - [2024-07-05T14:12:22.458+0000] {dag.py:3954} INFO - Setting next_dagrun for example_branch_labels to 2024-07-04 00:00:00+00:00, run_after=2024-07-05 00:00:00+00:00
[2024-07-05T14:12:22.471+0000] {processor.py:183} INFO - Processing /home/airflow/.local/lib/python3.12/site-packages/airflow/example_dags/example_branch_labels.py took 0.050 seconds
[2024-07-05T14:12:53.376+0000] {processor.py:161} INFO - Started process (PID=451) to work on /home/airflow/.local/lib/python3.12/site-packages/airflow/example_dags/example_branch_labels.py
[2024-07-05T14:12:53.377+0000] {processor.py:830} INFO - Processing file /home/airflow/.local/lib/python3.12/site-packages/airflow/example_dags/example_branch_labels.py for tasks to queue
[2024-07-05T14:12:53.379+0000] {logging_mixin.py:188} INFO - [2024-07-05T14:12:53.378+0000] {dagbag.py:545} INFO - Filling up the DagBag from /home/airflow/.local/lib/python3.12/site-packages/airflow/example_dags/example_branch_labels.py
[2024-07-05T14:12:53.387+0000] {processor.py:840} INFO - DAG(s) 'example_branch_labels' retrieved from /home/airflow/.local/lib/python3.12/site-packages/airflow/example_dags/example_branch_labels.py
[2024-07-05T14:12:53.403+0000] {logging_mixin.py:188} INFO - [2024-07-05T14:12:53.403+0000] {dag.py:3096} INFO - Sync 1 DAGs
[2024-07-05T14:12:53.418+0000] {logging_mixin.py:188} INFO - [2024-07-05T14:12:53.418+0000] {dag.py:3954} INFO - Setting next_dagrun for example_branch_labels to 2024-07-04 00:00:00+00:00, run_after=2024-07-05 00:00:00+00:00
[2024-07-05T14:12:53.428+0000] {processor.py:183} INFO - Processing /home/airflow/.local/lib/python3.12/site-packages/airflow/example_dags/example_branch_labels.py took 0.056 seconds
[2024-07-05T14:13:24.315+0000] {processor.py:161} INFO - Started process (PID=509) to work on /home/airflow/.local/lib/python3.12/site-packages/airflow/example_dags/example_branch_labels.py
[2024-07-05T14:13:24.316+0000] {processor.py:830} INFO - Processing file /home/airflow/.local/lib/python3.12/site-packages/airflow/example_dags/example_branch_labels.py for tasks to queue
[2024-07-05T14:13:24.317+0000] {logging_mixin.py:188} INFO - [2024-07-05T14:13:24.317+0000] {dagbag.py:545} INFO - Filling up the DagBag from /home/airflow/.local/lib/python3.12/site-packages/airflow/example_dags/example_branch_labels.py
[2024-07-05T14:13:24.321+0000] {processor.py:840} INFO - DAG(s) 'example_branch_labels' retrieved from /home/airflow/.local/lib/python3.12/site-packages/airflow/example_dags/example_branch_labels.py
[2024-07-05T14:13:24.332+0000] {logging_mixin.py:188} INFO - [2024-07-05T14:13:24.331+0000] {dag.py:3096} INFO - Sync 1 DAGs
[2024-07-05T14:13:24.348+0000] {logging_mixin.py:188} INFO - [2024-07-05T14:13:24.348+0000] {dag.py:3954} INFO - Setting next_dagrun for example_branch_labels to 2024-07-04 00:00:00+00:00, run_after=2024-07-05 00:00:00+00:00
[2024-07-05T14:13:24.360+0000] {processor.py:183} INFO - Processing /home/airflow/.local/lib/python3.12/site-packages/airflow/example_dags/example_branch_labels.py took 0.047 seconds
[2024-07-05T14:13:54.495+0000] {processor.py:161} INFO - Started process (PID=567) to work on /home/airflow/.local/lib/python3.12/site-packages/airflow/example_dags/example_branch_labels.py
[2024-07-05T14:13:54.497+0000] {processor.py:830} INFO - Processing file /home/airflow/.local/lib/python3.12/site-packages/airflow/example_dags/example_branch_labels.py for tasks to queue
[2024-07-05T14:13:54.498+0000] {logging_mixin.py:188} INFO - [2024-07-05T14:13:54.498+0000] {dagbag.py:545} INFO - Filling up the DagBag from /home/airflow/.local/lib/python3.12/site-packages/airflow/example_dags/example_branch_labels.py
[2024-07-05T14:13:54.507+0000] {processor.py:840} INFO - DAG(s) 'example_branch_labels' retrieved from /home/airflow/.local/lib/python3.12/site-packages/airflow/example_dags/example_branch_labels.py
[2024-07-05T14:13:54.522+0000] {logging_mixin.py:188} INFO - [2024-07-05T14:13:54.522+0000] {dag.py:3096} INFO - Sync 1 DAGs
[2024-07-05T14:13:54.537+0000] {logging_mixin.py:188} INFO - [2024-07-05T14:13:54.536+0000] {dag.py:3954} INFO - Setting next_dagrun for example_branch_labels to 2024-07-04 00:00:00+00:00, run_after=2024-07-05 00:00:00+00:00
[2024-07-05T14:13:54.552+0000] {processor.py:183} INFO - Processing /home/airflow/.local/lib/python3.12/site-packages/airflow/example_dags/example_branch_labels.py took 0.061 seconds
[2024-07-05T14:14:24.858+0000] {processor.py:161} INFO - Started process (PID=624) to work on /home/airflow/.local/lib/python3.12/site-packages/airflow/example_dags/example_branch_labels.py
[2024-07-05T14:14:24.859+0000] {processor.py:830} INFO - Processing file /home/airflow/.local/lib/python3.12/site-packages/airflow/example_dags/example_branch_labels.py for tasks to queue
[2024-07-05T14:14:24.862+0000] {logging_mixin.py:188} INFO - [2024-07-05T14:14:24.862+0000] {dagbag.py:545} INFO - Filling up the DagBag from /home/airflow/.local/lib/python3.12/site-packages/airflow/example_dags/example_branch_labels.py
[2024-07-05T14:14:24.867+0000] {processor.py:840} INFO - DAG(s) 'example_branch_labels' retrieved from /home/airflow/.local/lib/python3.12/site-packages/airflow/example_dags/example_branch_labels.py
[2024-07-05T14:14:24.880+0000] {logging_mixin.py:188} INFO - [2024-07-05T14:14:24.880+0000] {dag.py:3096} INFO - Sync 1 DAGs
[2024-07-05T14:14:24.893+0000] {logging_mixin.py:188} INFO - [2024-07-05T14:14:24.892+0000] {dag.py:3954} INFO - Setting next_dagrun for example_branch_labels to 2024-07-04 00:00:00+00:00, run_after=2024-07-05 00:00:00+00:00
[2024-07-05T14:14:24.903+0000] {processor.py:183} INFO - Processing /home/airflow/.local/lib/python3.12/site-packages/airflow/example_dags/example_branch_labels.py took 0.048 seconds
[2024-07-05T14:14:55.291+0000] {processor.py:161} INFO - Started process (PID=682) to work on /home/airflow/.local/lib/python3.12/site-packages/airflow/example_dags/example_branch_labels.py
[2024-07-05T14:14:55.291+0000] {processor.py:830} INFO - Processing file /home/airflow/.local/lib/python3.12/site-packages/airflow/example_dags/example_branch_labels.py for tasks to queue
[2024-07-05T14:14:55.292+0000] {logging_mixin.py:188} INFO - [2024-07-05T14:14:55.292+0000] {dagbag.py:545} INFO - Filling up the DagBag from /home/airflow/.local/lib/python3.12/site-packages/airflow/example_dags/example_branch_labels.py
[2024-07-05T14:14:55.297+0000] {processor.py:840} INFO - DAG(s) 'example_branch_labels' retrieved from /home/airflow/.local/lib/python3.12/site-packages/airflow/example_dags/example_branch_labels.py
[2024-07-05T14:14:55.307+0000] {logging_mixin.py:188} INFO - [2024-07-05T14:14:55.307+0000] {dag.py:3096} INFO - Sync 1 DAGs
[2024-07-05T14:14:55.318+0000] {logging_mixin.py:188} INFO - [2024-07-05T14:14:55.318+0000] {dag.py:3954} INFO - Setting next_dagrun for example_branch_labels to 2024-07-04 00:00:00+00:00, run_after=2024-07-05 00:00:00+00:00
[2024-07-05T14:14:55.329+0000] {processor.py:183} INFO - Processing /home/airflow/.local/lib/python3.12/site-packages/airflow/example_dags/example_branch_labels.py took 0.041 seconds
[2024-07-05T14:15:25.729+0000] {processor.py:161} INFO - Started process (PID=740) to work on /home/airflow/.local/lib/python3.12/site-packages/airflow/example_dags/example_branch_labels.py
[2024-07-05T14:15:25.730+0000] {processor.py:830} INFO - Processing file /home/airflow/.local/lib/python3.12/site-packages/airflow/example_dags/example_branch_labels.py for tasks to queue
[2024-07-05T14:15:25.731+0000] {logging_mixin.py:188} INFO - [2024-07-05T14:15:25.730+0000] {dagbag.py:545} INFO - Filling up the DagBag from /home/airflow/.local/lib/python3.12/site-packages/airflow/example_dags/example_branch_labels.py
[2024-07-05T14:15:25.735+0000] {processor.py:840} INFO - DAG(s) 'example_branch_labels' retrieved from /home/airflow/.local/lib/python3.12/site-packages/airflow/example_dags/example_branch_labels.py
[2024-07-05T14:15:25.746+0000] {logging_mixin.py:188} INFO - [2024-07-05T14:15:25.746+0000] {dag.py:3096} INFO - Sync 1 DAGs
[2024-07-05T14:15:25.757+0000] {logging_mixin.py:188} INFO - [2024-07-05T14:15:25.757+0000] {dag.py:3954} INFO - Setting next_dagrun for example_branch_labels to 2024-07-04 00:00:00+00:00, run_after=2024-07-05 00:00:00+00:00
[2024-07-05T14:15:25.766+0000] {processor.py:183} INFO - Processing /home/airflow/.local/lib/python3.12/site-packages/airflow/example_dags/example_branch_labels.py took 0.039 seconds
[2024-07-05T14:15:56.118+0000] {processor.py:161} INFO - Started process (PID=798) to work on /home/airflow/.local/lib/python3.12/site-packages/airflow/example_dags/example_branch_labels.py
[2024-07-05T14:15:56.119+0000] {processor.py:830} INFO - Processing file /home/airflow/.local/lib/python3.12/site-packages/airflow/example_dags/example_branch_labels.py for tasks to queue
[2024-07-05T14:15:56.122+0000] {logging_mixin.py:188} INFO - [2024-07-05T14:15:56.122+0000] {dagbag.py:545} INFO - Filling up the DagBag from /home/airflow/.local/lib/python3.12/site-packages/airflow/example_dags/example_branch_labels.py
[2024-07-05T14:15:56.126+0000] {processor.py:840} INFO - DAG(s) 'example_branch_labels' retrieved from /home/airflow/.local/lib/python3.12/site-packages/airflow/example_dags/example_branch_labels.py
[2024-07-05T14:15:56.137+0000] {logging_mixin.py:188} INFO - [2024-07-05T14:15:56.137+0000] {dag.py:3096} INFO - Sync 1 DAGs
[2024-07-05T14:15:56.148+0000] {logging_mixin.py:188} INFO - [2024-07-05T14:15:56.148+0000] {dag.py:3954} INFO - Setting next_dagrun for example_branch_labels to 2024-07-04 00:00:00+00:00, run_after=2024-07-05 00:00:00+00:00
[2024-07-05T14:15:56.156+0000] {processor.py:183} INFO - Processing /home/airflow/.local/lib/python3.12/site-packages/airflow/example_dags/example_branch_labels.py took 0.041 seconds
[2024-07-05T14:16:26.418+0000] {processor.py:161} INFO - Started process (PID=856) to work on /home/airflow/.local/lib/python3.12/site-packages/airflow/example_dags/example_branch_labels.py
[2024-07-05T14:16:26.419+0000] {processor.py:830} INFO - Processing file /home/airflow/.local/lib/python3.12/site-packages/airflow/example_dags/example_branch_labels.py for tasks to queue
[2024-07-05T14:16:26.420+0000] {logging_mixin.py:188} INFO - [2024-07-05T14:16:26.419+0000] {dagbag.py:545} INFO - Filling up the DagBag from /home/airflow/.local/lib/python3.12/site-packages/airflow/example_dags/example_branch_labels.py
[2024-07-05T14:16:26.425+0000] {processor.py:840} INFO - DAG(s) 'example_branch_labels' retrieved from /home/airflow/.local/lib/python3.12/site-packages/airflow/example_dags/example_branch_labels.py
[2024-07-05T14:16:26.440+0000] {logging_mixin.py:188} INFO - [2024-07-05T14:16:26.440+0000] {dag.py:3096} INFO - Sync 1 DAGs
[2024-07-05T14:16:26.453+0000] {logging_mixin.py:188} INFO - [2024-07-05T14:16:26.453+0000] {dag.py:3954} INFO - Setting next_dagrun for example_branch_labels to 2024-07-04 00:00:00+00:00, run_after=2024-07-05 00:00:00+00:00
[2024-07-05T14:16:26.461+0000] {processor.py:183} INFO - Processing /home/airflow/.local/lib/python3.12/site-packages/airflow/example_dags/example_branch_labels.py took 0.046 seconds
[2024-07-05T14:16:56.912+0000] {processor.py:161} INFO - Started process (PID=914) to work on /home/airflow/.local/lib/python3.12/site-packages/airflow/example_dags/example_branch_labels.py
[2024-07-05T14:16:56.913+0000] {processor.py:830} INFO - Processing file /home/airflow/.local/lib/python3.12/site-packages/airflow/example_dags/example_branch_labels.py for tasks to queue
[2024-07-05T14:16:56.914+0000] {logging_mixin.py:188} INFO - [2024-07-05T14:16:56.914+0000] {dagbag.py:545} INFO - Filling up the DagBag from /home/airflow/.local/lib/python3.12/site-packages/airflow/example_dags/example_branch_labels.py
[2024-07-05T14:16:56.919+0000] {processor.py:840} INFO - DAG(s) 'example_branch_labels' retrieved from /home/airflow/.local/lib/python3.12/site-packages/airflow/example_dags/example_branch_labels.py
[2024-07-05T14:16:56.936+0000] {logging_mixin.py:188} INFO - [2024-07-05T14:16:56.935+0000] {dag.py:3096} INFO - Sync 1 DAGs
[2024-07-05T14:16:56.950+0000] {logging_mixin.py:188} INFO - [2024-07-05T14:16:56.950+0000] {dag.py:3954} INFO - Setting next_dagrun for example_branch_labels to 2024-07-04 00:00:00+00:00, run_after=2024-07-05 00:00:00+00:00
[2024-07-05T14:16:56.959+0000] {processor.py:183} INFO - Processing /home/airflow/.local/lib/python3.12/site-packages/airflow/example_dags/example_branch_labels.py took 0.051 seconds
[2024-07-05T14:17:27.243+0000] {processor.py:161} INFO - Started process (PID=972) to work on /home/airflow/.local/lib/python3.12/site-packages/airflow/example_dags/example_branch_labels.py
[2024-07-05T14:17:27.243+0000] {processor.py:830} INFO - Processing file /home/airflow/.local/lib/python3.12/site-packages/airflow/example_dags/example_branch_labels.py for tasks to queue
[2024-07-05T14:17:27.244+0000] {logging_mixin.py:188} INFO - [2024-07-05T14:17:27.244+0000] {dagbag.py:545} INFO - Filling up the DagBag from /home/airflow/.local/lib/python3.12/site-packages/airflow/example_dags/example_branch_labels.py
[2024-07-05T14:17:27.248+0000] {processor.py:840} INFO - DAG(s) 'example_branch_labels' retrieved from /home/airflow/.local/lib/python3.12/site-packages/airflow/example_dags/example_branch_labels.py
[2024-07-05T14:17:27.260+0000] {logging_mixin.py:188} INFO - [2024-07-05T14:17:27.260+0000] {dag.py:3096} INFO - Sync 1 DAGs
[2024-07-05T14:17:27.271+0000] {logging_mixin.py:188} INFO - [2024-07-05T14:17:27.271+0000] {dag.py:3954} INFO - Setting next_dagrun for example_branch_labels to 2024-07-04 00:00:00+00:00, run_after=2024-07-05 00:00:00+00:00
[2024-07-05T14:17:27.280+0000] {processor.py:183} INFO - Processing /home/airflow/.local/lib/python3.12/site-packages/airflow/example_dags/example_branch_labels.py took 0.040 seconds
[2024-07-05T14:17:57.678+0000] {processor.py:161} INFO - Started process (PID=1030) to work on /home/airflow/.local/lib/python3.12/site-packages/airflow/example_dags/example_branch_labels.py
[2024-07-05T14:17:57.679+0000] {processor.py:830} INFO - Processing file /home/airflow/.local/lib/python3.12/site-packages/airflow/example_dags/example_branch_labels.py for tasks to queue
[2024-07-05T14:17:57.680+0000] {logging_mixin.py:188} INFO - [2024-07-05T14:17:57.680+0000] {dagbag.py:545} INFO - Filling up the DagBag from /home/airflow/.local/lib/python3.12/site-packages/airflow/example_dags/example_branch_labels.py
[2024-07-05T14:17:57.684+0000] {processor.py:840} INFO - DAG(s) 'example_branch_labels' retrieved from /home/airflow/.local/lib/python3.12/site-packages/airflow/example_dags/example_branch_labels.py
[2024-07-05T14:17:57.697+0000] {logging_mixin.py:188} INFO - [2024-07-05T14:17:57.697+0000] {dag.py:3096} INFO - Sync 1 DAGs
[2024-07-05T14:17:57.713+0000] {logging_mixin.py:188} INFO - [2024-07-05T14:17:57.713+0000] {dag.py:3954} INFO - Setting next_dagrun for example_branch_labels to 2024-07-04 00:00:00+00:00, run_after=2024-07-05 00:00:00+00:00
[2024-07-05T14:17:57.723+0000] {processor.py:183} INFO - Processing /home/airflow/.local/lib/python3.12/site-packages/airflow/example_dags/example_branch_labels.py took 0.048 seconds
[2024-07-05T14:18:28.345+0000] {processor.py:161} INFO - Started process (PID=1089) to work on /home/airflow/.local/lib/python3.12/site-packages/airflow/example_dags/example_branch_labels.py
[2024-07-05T14:18:28.346+0000] {processor.py:830} INFO - Processing file /home/airflow/.local/lib/python3.12/site-packages/airflow/example_dags/example_branch_labels.py for tasks to queue
[2024-07-05T14:18:28.347+0000] {logging_mixin.py:188} INFO - [2024-07-05T14:18:28.347+0000] {dagbag.py:545} INFO - Filling up the DagBag from /home/airflow/.local/lib/python3.12/site-packages/airflow/example_dags/example_branch_labels.py
[2024-07-05T14:18:28.351+0000] {processor.py:840} INFO - DAG(s) 'example_branch_labels' retrieved from /home/airflow/.local/lib/python3.12/site-packages/airflow/example_dags/example_branch_labels.py
[2024-07-05T14:18:28.361+0000] {logging_mixin.py:188} INFO - [2024-07-05T14:18:28.361+0000] {dag.py:3096} INFO - Sync 1 DAGs
[2024-07-05T14:18:28.372+0000] {logging_mixin.py:188} INFO - [2024-07-05T14:18:28.372+0000] {dag.py:3954} INFO - Setting next_dagrun for example_branch_labels to 2024-07-04 00:00:00+00:00, run_after=2024-07-05 00:00:00+00:00
[2024-07-05T14:18:28.380+0000] {processor.py:183} INFO - Processing /home/airflow/.local/lib/python3.12/site-packages/airflow/example_dags/example_branch_labels.py took 0.037 seconds
[2024-07-05T14:18:58.829+0000] {processor.py:161} INFO - Started process (PID=1146) to work on /home/airflow/.local/lib/python3.12/site-packages/airflow/example_dags/example_branch_labels.py
[2024-07-05T14:18:58.830+0000] {processor.py:830} INFO - Processing file /home/airflow/.local/lib/python3.12/site-packages/airflow/example_dags/example_branch_labels.py for tasks to queue
[2024-07-05T14:18:58.831+0000] {logging_mixin.py:188} INFO - [2024-07-05T14:18:58.830+0000] {dagbag.py:545} INFO - Filling up the DagBag from /home/airflow/.local/lib/python3.12/site-packages/airflow/example_dags/example_branch_labels.py
[2024-07-05T14:18:58.835+0000] {processor.py:840} INFO - DAG(s) 'example_branch_labels' retrieved from /home/airflow/.local/lib/python3.12/site-packages/airflow/example_dags/example_branch_labels.py
[2024-07-05T14:18:58.846+0000] {logging_mixin.py:188} INFO - [2024-07-05T14:18:58.846+0000] {dag.py:3096} INFO - Sync 1 DAGs
[2024-07-05T14:18:58.857+0000] {logging_mixin.py:188} INFO - [2024-07-05T14:18:58.857+0000] {dag.py:3954} INFO - Setting next_dagrun for example_branch_labels to 2024-07-04 00:00:00+00:00, run_after=2024-07-05 00:00:00+00:00
[2024-07-05T14:18:58.866+0000] {processor.py:183} INFO - Processing /home/airflow/.local/lib/python3.12/site-packages/airflow/example_dags/example_branch_labels.py took 0.039 seconds
[2024-07-05T14:19:29.048+0000] {processor.py:161} INFO - Started process (PID=1203) to work on /home/airflow/.local/lib/python3.12/site-packages/airflow/example_dags/example_branch_labels.py
[2024-07-05T14:19:29.050+0000] {processor.py:830} INFO - Processing file /home/airflow/.local/lib/python3.12/site-packages/airflow/example_dags/example_branch_labels.py for tasks to queue
[2024-07-05T14:19:29.052+0000] {logging_mixin.py:188} INFO - [2024-07-05T14:19:29.051+0000] {dagbag.py:545} INFO - Filling up the DagBag from /home/airflow/.local/lib/python3.12/site-packages/airflow/example_dags/example_branch_labels.py
[2024-07-05T14:19:29.056+0000] {processor.py:840} INFO - DAG(s) 'example_branch_labels' retrieved from /home/airflow/.local/lib/python3.12/site-packages/airflow/example_dags/example_branch_labels.py
[2024-07-05T14:19:29.066+0000] {logging_mixin.py:188} INFO - [2024-07-05T14:19:29.066+0000] {dag.py:3096} INFO - Sync 1 DAGs
[2024-07-05T14:19:29.077+0000] {logging_mixin.py:188} INFO - [2024-07-05T14:19:29.077+0000] {dag.py:3954} INFO - Setting next_dagrun for example_branch_labels to 2024-07-04 00:00:00+00:00, run_after=2024-07-05 00:00:00+00:00
[2024-07-05T14:19:29.084+0000] {processor.py:183} INFO - Processing /home/airflow/.local/lib/python3.12/site-packages/airflow/example_dags/example_branch_labels.py took 0.040 seconds
[2024-07-05T14:19:59.379+0000] {processor.py:161} INFO - Started process (PID=1261) to work on /home/airflow/.local/lib/python3.12/site-packages/airflow/example_dags/example_branch_labels.py
[2024-07-05T14:19:59.380+0000] {processor.py:830} INFO - Processing file /home/airflow/.local/lib/python3.12/site-packages/airflow/example_dags/example_branch_labels.py for tasks to queue
[2024-07-05T14:19:59.381+0000] {logging_mixin.py:188} INFO - [2024-07-05T14:19:59.381+0000] {dagbag.py:545} INFO - Filling up the DagBag from /home/airflow/.local/lib/python3.12/site-packages/airflow/example_dags/example_branch_labels.py
[2024-07-05T14:19:59.386+0000] {processor.py:840} INFO - DAG(s) 'example_branch_labels' retrieved from /home/airflow/.local/lib/python3.12/site-packages/airflow/example_dags/example_branch_labels.py
[2024-07-05T14:19:59.391+0000] {logging_mixin.py:188} INFO - [2024-07-05T14:19:59.391+0000] {dag.py:3096} INFO - Sync 1 DAGs
[2024-07-05T14:19:59.402+0000] {logging_mixin.py:188} INFO - [2024-07-05T14:19:59.401+0000] {dag.py:3954} INFO - Setting next_dagrun for example_branch_labels to 2024-07-04 00:00:00+00:00, run_after=2024-07-05 00:00:00+00:00
[2024-07-05T14:19:59.412+0000] {processor.py:183} INFO - Processing /home/airflow/.local/lib/python3.12/site-packages/airflow/example_dags/example_branch_labels.py took 0.036 seconds
[2024-07-05T14:20:30.182+0000] {processor.py:161} INFO - Started process (PID=1320) to work on /home/airflow/.local/lib/python3.12/site-packages/airflow/example_dags/example_branch_labels.py
[2024-07-05T14:20:30.183+0000] {processor.py:830} INFO - Processing file /home/airflow/.local/lib/python3.12/site-packages/airflow/example_dags/example_branch_labels.py for tasks to queue
[2024-07-05T14:20:30.184+0000] {logging_mixin.py:188} INFO - [2024-07-05T14:20:30.184+0000] {dagbag.py:545} INFO - Filling up the DagBag from /home/airflow/.local/lib/python3.12/site-packages/airflow/example_dags/example_branch_labels.py
[2024-07-05T14:20:30.187+0000] {processor.py:840} INFO - DAG(s) 'example_branch_labels' retrieved from /home/airflow/.local/lib/python3.12/site-packages/airflow/example_dags/example_branch_labels.py
[2024-07-05T14:20:30.233+0000] {logging_mixin.py:188} INFO - [2024-07-05T14:20:30.233+0000] {dag.py:3096} INFO - Sync 1 DAGs
[2024-07-05T14:20:30.242+0000] {logging_mixin.py:188} INFO - [2024-07-05T14:20:30.242+0000] {dag.py:3954} INFO - Setting next_dagrun for example_branch_labels to 2024-07-04 00:00:00+00:00, run_after=2024-07-05 00:00:00+00:00
[2024-07-05T14:20:30.250+0000] {processor.py:183} INFO - Processing /home/airflow/.local/lib/python3.12/site-packages/airflow/example_dags/example_branch_labels.py took 0.070 seconds
[2024-07-05T14:21:00.680+0000] {processor.py:161} INFO - Started process (PID=1378) to work on /home/airflow/.local/lib/python3.12/site-packages/airflow/example_dags/example_branch_labels.py
[2024-07-05T14:21:00.683+0000] {processor.py:830} INFO - Processing file /home/airflow/.local/lib/python3.12/site-packages/airflow/example_dags/example_branch_labels.py for tasks to queue
[2024-07-05T14:21:00.688+0000] {logging_mixin.py:188} INFO - [2024-07-05T14:21:00.687+0000] {dagbag.py:545} INFO - Filling up the DagBag from /home/airflow/.local/lib/python3.12/site-packages/airflow/example_dags/example_branch_labels.py
[2024-07-05T14:21:00.695+0000] {processor.py:840} INFO - DAG(s) 'example_branch_labels' retrieved from /home/airflow/.local/lib/python3.12/site-packages/airflow/example_dags/example_branch_labels.py
[2024-07-05T14:21:00.708+0000] {logging_mixin.py:188} INFO - [2024-07-05T14:21:00.708+0000] {dag.py:3096} INFO - Sync 1 DAGs
[2024-07-05T14:21:00.720+0000] {logging_mixin.py:188} INFO - [2024-07-05T14:21:00.720+0000] {dag.py:3954} INFO - Setting next_dagrun for example_branch_labels to 2024-07-04 00:00:00+00:00, run_after=2024-07-05 00:00:00+00:00
[2024-07-05T14:21:00.729+0000] {processor.py:183} INFO - Processing /home/airflow/.local/lib/python3.12/site-packages/airflow/example_dags/example_branch_labels.py took 0.057 seconds
[2024-07-05T14:21:31.048+0000] {processor.py:161} INFO - Started process (PID=1435) to work on /home/airflow/.local/lib/python3.12/site-packages/airflow/example_dags/example_branch_labels.py
[2024-07-05T14:21:31.049+0000] {processor.py:830} INFO - Processing file /home/airflow/.local/lib/python3.12/site-packages/airflow/example_dags/example_branch_labels.py for tasks to queue
[2024-07-05T14:21:31.050+0000] {logging_mixin.py:188} INFO - [2024-07-05T14:21:31.050+0000] {dagbag.py:545} INFO - Filling up the DagBag from /home/airflow/.local/lib/python3.12/site-packages/airflow/example_dags/example_branch_labels.py
[2024-07-05T14:21:31.055+0000] {processor.py:840} INFO - DAG(s) 'example_branch_labels' retrieved from /home/airflow/.local/lib/python3.12/site-packages/airflow/example_dags/example_branch_labels.py
[2024-07-05T14:21:31.067+0000] {logging_mixin.py:188} INFO - [2024-07-05T14:21:31.067+0000] {dag.py:3096} INFO - Sync 1 DAGs
[2024-07-05T14:21:31.078+0000] {logging_mixin.py:188} INFO - [2024-07-05T14:21:31.078+0000] {dag.py:3954} INFO - Setting next_dagrun for example_branch_labels to 2024-07-04 00:00:00+00:00, run_after=2024-07-05 00:00:00+00:00
[2024-07-05T14:21:31.086+0000] {processor.py:183} INFO - Processing /home/airflow/.local/lib/python3.12/site-packages/airflow/example_dags/example_branch_labels.py took 0.040 seconds
[2024-07-05T14:22:01.593+0000] {processor.py:161} INFO - Started process (PID=1494) to work on /home/airflow/.local/lib/python3.12/site-packages/airflow/example_dags/example_branch_labels.py
[2024-07-05T14:22:01.593+0000] {processor.py:830} INFO - Processing file /home/airflow/.local/lib/python3.12/site-packages/airflow/example_dags/example_branch_labels.py for tasks to queue
[2024-07-05T14:22:01.594+0000] {logging_mixin.py:188} INFO - [2024-07-05T14:22:01.594+0000] {dagbag.py:545} INFO - Filling up the DagBag from /home/airflow/.local/lib/python3.12/site-packages/airflow/example_dags/example_branch_labels.py
[2024-07-05T14:22:01.599+0000] {processor.py:840} INFO - DAG(s) 'example_branch_labels' retrieved from /home/airflow/.local/lib/python3.12/site-packages/airflow/example_dags/example_branch_labels.py
[2024-07-05T14:22:01.609+0000] {logging_mixin.py:188} INFO - [2024-07-05T14:22:01.609+0000] {dag.py:3096} INFO - Sync 1 DAGs
[2024-07-05T14:22:01.621+0000] {logging_mixin.py:188} INFO - [2024-07-05T14:22:01.620+0000] {dag.py:3954} INFO - Setting next_dagrun for example_branch_labels to 2024-07-04 00:00:00+00:00, run_after=2024-07-05 00:00:00+00:00
[2024-07-05T14:22:01.630+0000] {processor.py:183} INFO - Processing /home/airflow/.local/lib/python3.12/site-packages/airflow/example_dags/example_branch_labels.py took 0.041 seconds
[2024-07-05T14:22:32.275+0000] {processor.py:161} INFO - Started process (PID=1552) to work on /home/airflow/.local/lib/python3.12/site-packages/airflow/example_dags/example_branch_labels.py
[2024-07-05T14:22:32.276+0000] {processor.py:830} INFO - Processing file /home/airflow/.local/lib/python3.12/site-packages/airflow/example_dags/example_branch_labels.py for tasks to queue
[2024-07-05T14:22:32.277+0000] {logging_mixin.py:188} INFO - [2024-07-05T14:22:32.277+0000] {dagbag.py:545} INFO - Filling up the DagBag from /home/airflow/.local/lib/python3.12/site-packages/airflow/example_dags/example_branch_labels.py
[2024-07-05T14:22:32.283+0000] {processor.py:840} INFO - DAG(s) 'example_branch_labels' retrieved from /home/airflow/.local/lib/python3.12/site-packages/airflow/example_dags/example_branch_labels.py
[2024-07-05T14:22:32.309+0000] {logging_mixin.py:188} INFO - [2024-07-05T14:22:32.309+0000] {dag.py:3096} INFO - Sync 1 DAGs
[2024-07-05T14:22:32.333+0000] {logging_mixin.py:188} INFO - [2024-07-05T14:22:32.332+0000] {dag.py:3954} INFO - Setting next_dagrun for example_branch_labels to 2024-07-04 00:00:00+00:00, run_after=2024-07-05 00:00:00+00:00
[2024-07-05T14:22:32.373+0000] {processor.py:183} INFO - Processing /home/airflow/.local/lib/python3.12/site-packages/airflow/example_dags/example_branch_labels.py took 0.103 seconds
[2024-07-05T14:23:02.623+0000] {processor.py:161} INFO - Started process (PID=1609) to work on /home/airflow/.local/lib/python3.12/site-packages/airflow/example_dags/example_branch_labels.py
[2024-07-05T14:23:02.624+0000] {processor.py:830} INFO - Processing file /home/airflow/.local/lib/python3.12/site-packages/airflow/example_dags/example_branch_labels.py for tasks to queue
[2024-07-05T14:23:02.626+0000] {logging_mixin.py:188} INFO - [2024-07-05T14:23:02.625+0000] {dagbag.py:545} INFO - Filling up the DagBag from /home/airflow/.local/lib/python3.12/site-packages/airflow/example_dags/example_branch_labels.py
[2024-07-05T14:23:02.631+0000] {processor.py:840} INFO - DAG(s) 'example_branch_labels' retrieved from /home/airflow/.local/lib/python3.12/site-packages/airflow/example_dags/example_branch_labels.py
[2024-07-05T14:23:02.648+0000] {logging_mixin.py:188} INFO - [2024-07-05T14:23:02.648+0000] {dag.py:3096} INFO - Sync 1 DAGs
[2024-07-05T14:23:02.661+0000] {logging_mixin.py:188} INFO - [2024-07-05T14:23:02.661+0000] {dag.py:3954} INFO - Setting next_dagrun for example_branch_labels to 2024-07-04 00:00:00+00:00, run_after=2024-07-05 00:00:00+00:00
[2024-07-05T14:23:02.670+0000] {processor.py:183} INFO - Processing /home/airflow/.local/lib/python3.12/site-packages/airflow/example_dags/example_branch_labels.py took 0.051 seconds
[2024-07-05T14:23:33.191+0000] {processor.py:161} INFO - Started process (PID=1668) to work on /home/airflow/.local/lib/python3.12/site-packages/airflow/example_dags/example_branch_labels.py
[2024-07-05T14:23:33.192+0000] {processor.py:830} INFO - Processing file /home/airflow/.local/lib/python3.12/site-packages/airflow/example_dags/example_branch_labels.py for tasks to queue
[2024-07-05T14:23:33.193+0000] {logging_mixin.py:188} INFO - [2024-07-05T14:23:33.193+0000] {dagbag.py:545} INFO - Filling up the DagBag from /home/airflow/.local/lib/python3.12/site-packages/airflow/example_dags/example_branch_labels.py
[2024-07-05T14:23:33.197+0000] {processor.py:840} INFO - DAG(s) 'example_branch_labels' retrieved from /home/airflow/.local/lib/python3.12/site-packages/airflow/example_dags/example_branch_labels.py
[2024-07-05T14:23:33.208+0000] {logging_mixin.py:188} INFO - [2024-07-05T14:23:33.208+0000] {dag.py:3096} INFO - Sync 1 DAGs
[2024-07-05T14:23:33.221+0000] {logging_mixin.py:188} INFO - [2024-07-05T14:23:33.221+0000] {dag.py:3954} INFO - Setting next_dagrun for example_branch_labels to 2024-07-04 00:00:00+00:00, run_after=2024-07-05 00:00:00+00:00
[2024-07-05T14:23:33.232+0000] {processor.py:183} INFO - Processing /home/airflow/.local/lib/python3.12/site-packages/airflow/example_dags/example_branch_labels.py took 0.043 seconds
[2024-07-05T14:24:03.461+0000] {processor.py:161} INFO - Started process (PID=1725) to work on /home/airflow/.local/lib/python3.12/site-packages/airflow/example_dags/example_branch_labels.py
[2024-07-05T14:24:03.462+0000] {processor.py:830} INFO - Processing file /home/airflow/.local/lib/python3.12/site-packages/airflow/example_dags/example_branch_labels.py for tasks to queue
[2024-07-05T14:24:03.463+0000] {logging_mixin.py:188} INFO - [2024-07-05T14:24:03.463+0000] {dagbag.py:545} INFO - Filling up the DagBag from /home/airflow/.local/lib/python3.12/site-packages/airflow/example_dags/example_branch_labels.py
[2024-07-05T14:24:03.468+0000] {processor.py:840} INFO - DAG(s) 'example_branch_labels' retrieved from /home/airflow/.local/lib/python3.12/site-packages/airflow/example_dags/example_branch_labels.py
[2024-07-05T14:24:03.480+0000] {logging_mixin.py:188} INFO - [2024-07-05T14:24:03.480+0000] {dag.py:3096} INFO - Sync 1 DAGs
[2024-07-05T14:24:03.492+0000] {logging_mixin.py:188} INFO - [2024-07-05T14:24:03.492+0000] {dag.py:3954} INFO - Setting next_dagrun for example_branch_labels to 2024-07-04 00:00:00+00:00, run_after=2024-07-05 00:00:00+00:00
[2024-07-05T14:24:03.501+0000] {processor.py:183} INFO - Processing /home/airflow/.local/lib/python3.12/site-packages/airflow/example_dags/example_branch_labels.py took 0.044 seconds
[2024-07-05T14:24:33.643+0000] {processor.py:161} INFO - Started process (PID=1782) to work on /home/airflow/.local/lib/python3.12/site-packages/airflow/example_dags/example_branch_labels.py
[2024-07-05T14:24:33.643+0000] {processor.py:830} INFO - Processing file /home/airflow/.local/lib/python3.12/site-packages/airflow/example_dags/example_branch_labels.py for tasks to queue
[2024-07-05T14:24:33.644+0000] {logging_mixin.py:188} INFO - [2024-07-05T14:24:33.644+0000] {dagbag.py:545} INFO - Filling up the DagBag from /home/airflow/.local/lib/python3.12/site-packages/airflow/example_dags/example_branch_labels.py
[2024-07-05T14:24:33.648+0000] {processor.py:840} INFO - DAG(s) 'example_branch_labels' retrieved from /home/airflow/.local/lib/python3.12/site-packages/airflow/example_dags/example_branch_labels.py
[2024-07-05T14:24:33.660+0000] {logging_mixin.py:188} INFO - [2024-07-05T14:24:33.660+0000] {dag.py:3096} INFO - Sync 1 DAGs
[2024-07-05T14:24:33.671+0000] {logging_mixin.py:188} INFO - [2024-07-05T14:24:33.671+0000] {dag.py:3954} INFO - Setting next_dagrun for example_branch_labels to 2024-07-04 00:00:00+00:00, run_after=2024-07-05 00:00:00+00:00
[2024-07-05T14:24:33.681+0000] {processor.py:183} INFO - Processing /home/airflow/.local/lib/python3.12/site-packages/airflow/example_dags/example_branch_labels.py took 0.041 seconds
[2024-07-05T14:25:03.888+0000] {processor.py:161} INFO - Started process (PID=1840) to work on /home/airflow/.local/lib/python3.12/site-packages/airflow/example_dags/example_branch_labels.py
[2024-07-05T14:25:03.889+0000] {processor.py:830} INFO - Processing file /home/airflow/.local/lib/python3.12/site-packages/airflow/example_dags/example_branch_labels.py for tasks to queue
[2024-07-05T14:25:03.890+0000] {logging_mixin.py:188} INFO - [2024-07-05T14:25:03.890+0000] {dagbag.py:545} INFO - Filling up the DagBag from /home/airflow/.local/lib/python3.12/site-packages/airflow/example_dags/example_branch_labels.py
[2024-07-05T14:25:03.894+0000] {processor.py:840} INFO - DAG(s) 'example_branch_labels' retrieved from /home/airflow/.local/lib/python3.12/site-packages/airflow/example_dags/example_branch_labels.py
[2024-07-05T14:25:03.905+0000] {logging_mixin.py:188} INFO - [2024-07-05T14:25:03.905+0000] {dag.py:3096} INFO - Sync 1 DAGs
[2024-07-05T14:25:03.916+0000] {logging_mixin.py:188} INFO - [2024-07-05T14:25:03.916+0000] {dag.py:3954} INFO - Setting next_dagrun for example_branch_labels to 2024-07-04 00:00:00+00:00, run_after=2024-07-05 00:00:00+00:00
[2024-07-05T14:25:03.924+0000] {processor.py:183} INFO - Processing /home/airflow/.local/lib/python3.12/site-packages/airflow/example_dags/example_branch_labels.py took 0.039 seconds
[2024-07-05T14:25:34.316+0000] {processor.py:161} INFO - Started process (PID=1898) to work on /home/airflow/.local/lib/python3.12/site-packages/airflow/example_dags/example_branch_labels.py
[2024-07-05T14:25:34.317+0000] {processor.py:830} INFO - Processing file /home/airflow/.local/lib/python3.12/site-packages/airflow/example_dags/example_branch_labels.py for tasks to queue
[2024-07-05T14:25:34.318+0000] {logging_mixin.py:188} INFO - [2024-07-05T14:25:34.317+0000] {dagbag.py:545} INFO - Filling up the DagBag from /home/airflow/.local/lib/python3.12/site-packages/airflow/example_dags/example_branch_labels.py
[2024-07-05T14:25:34.322+0000] {processor.py:840} INFO - DAG(s) 'example_branch_labels' retrieved from /home/airflow/.local/lib/python3.12/site-packages/airflow/example_dags/example_branch_labels.py
[2024-07-05T14:25:34.334+0000] {logging_mixin.py:188} INFO - [2024-07-05T14:25:34.334+0000] {dag.py:3096} INFO - Sync 1 DAGs
[2024-07-05T14:25:34.347+0000] {logging_mixin.py:188} INFO - [2024-07-05T14:25:34.347+0000] {dag.py:3954} INFO - Setting next_dagrun for example_branch_labels to 2024-07-04 00:00:00+00:00, run_after=2024-07-05 00:00:00+00:00
[2024-07-05T14:25:34.356+0000] {processor.py:183} INFO - Processing /home/airflow/.local/lib/python3.12/site-packages/airflow/example_dags/example_branch_labels.py took 0.043 seconds
[2024-07-05T14:26:05.296+0000] {processor.py:161} INFO - Started process (PID=1956) to work on /home/airflow/.local/lib/python3.12/site-packages/airflow/example_dags/example_branch_labels.py
[2024-07-05T14:26:05.297+0000] {processor.py:830} INFO - Processing file /home/airflow/.local/lib/python3.12/site-packages/airflow/example_dags/example_branch_labels.py for tasks to queue
[2024-07-05T14:26:05.298+0000] {logging_mixin.py:188} INFO - [2024-07-05T14:26:05.298+0000] {dagbag.py:545} INFO - Filling up the DagBag from /home/airflow/.local/lib/python3.12/site-packages/airflow/example_dags/example_branch_labels.py
[2024-07-05T14:26:05.303+0000] {processor.py:840} INFO - DAG(s) 'example_branch_labels' retrieved from /home/airflow/.local/lib/python3.12/site-packages/airflow/example_dags/example_branch_labels.py
[2024-07-05T14:26:05.314+0000] {logging_mixin.py:188} INFO - [2024-07-05T14:26:05.314+0000] {dag.py:3096} INFO - Sync 1 DAGs
[2024-07-05T14:26:05.329+0000] {logging_mixin.py:188} INFO - [2024-07-05T14:26:05.328+0000] {dag.py:3954} INFO - Setting next_dagrun for example_branch_labels to 2024-07-04 00:00:00+00:00, run_after=2024-07-05 00:00:00+00:00
[2024-07-05T14:26:05.338+0000] {processor.py:183} INFO - Processing /home/airflow/.local/lib/python3.12/site-packages/airflow/example_dags/example_branch_labels.py took 0.047 seconds
[2024-07-05T14:28:04.161+0000] {processor.py:161} INFO - Started process (PID=44) to work on /home/airflow/.local/lib/python3.12/site-packages/airflow/example_dags/example_branch_labels.py
[2024-07-05T14:28:04.162+0000] {processor.py:830} INFO - Processing file /home/airflow/.local/lib/python3.12/site-packages/airflow/example_dags/example_branch_labels.py for tasks to queue
[2024-07-05T14:28:04.164+0000] {logging_mixin.py:188} INFO - [2024-07-05T14:28:04.163+0000] {dagbag.py:545} INFO - Filling up the DagBag from /home/airflow/.local/lib/python3.12/site-packages/airflow/example_dags/example_branch_labels.py
[2024-07-05T14:28:04.172+0000] {processor.py:840} INFO - DAG(s) 'example_branch_labels' retrieved from /home/airflow/.local/lib/python3.12/site-packages/airflow/example_dags/example_branch_labels.py
[2024-07-05T14:28:04.198+0000] {logging_mixin.py:188} INFO - [2024-07-05T14:28:04.198+0000] {dag.py:3096} INFO - Sync 1 DAGs
[2024-07-05T14:28:04.233+0000] {logging_mixin.py:188} INFO - [2024-07-05T14:28:04.233+0000] {dag.py:3954} INFO - Setting next_dagrun for example_branch_labels to 2024-07-04 00:00:00+00:00, run_after=2024-07-05 00:00:00+00:00
[2024-07-05T14:28:04.251+0000] {processor.py:183} INFO - Processing /home/airflow/.local/lib/python3.12/site-packages/airflow/example_dags/example_branch_labels.py took 0.094 seconds
[2024-07-05T14:28:35.081+0000] {processor.py:161} INFO - Started process (PID=102) to work on /home/airflow/.local/lib/python3.12/site-packages/airflow/example_dags/example_branch_labels.py
[2024-07-05T14:28:35.081+0000] {processor.py:830} INFO - Processing file /home/airflow/.local/lib/python3.12/site-packages/airflow/example_dags/example_branch_labels.py for tasks to queue
[2024-07-05T14:28:35.083+0000] {logging_mixin.py:188} INFO - [2024-07-05T14:28:35.082+0000] {dagbag.py:545} INFO - Filling up the DagBag from /home/airflow/.local/lib/python3.12/site-packages/airflow/example_dags/example_branch_labels.py
[2024-07-05T14:28:35.086+0000] {processor.py:840} INFO - DAG(s) 'example_branch_labels' retrieved from /home/airflow/.local/lib/python3.12/site-packages/airflow/example_dags/example_branch_labels.py
[2024-07-05T14:28:35.093+0000] {logging_mixin.py:188} INFO - [2024-07-05T14:28:35.093+0000] {dag.py:3096} INFO - Sync 1 DAGs
[2024-07-05T14:28:35.104+0000] {logging_mixin.py:188} INFO - [2024-07-05T14:28:35.104+0000] {dag.py:3954} INFO - Setting next_dagrun for example_branch_labels to 2024-07-04 00:00:00+00:00, run_after=2024-07-05 00:00:00+00:00
[2024-07-05T14:28:35.113+0000] {processor.py:183} INFO - Processing /home/airflow/.local/lib/python3.12/site-packages/airflow/example_dags/example_branch_labels.py took 0.035 seconds
[2024-07-05T14:29:05.964+0000] {processor.py:161} INFO - Started process (PID=160) to work on /home/airflow/.local/lib/python3.12/site-packages/airflow/example_dags/example_branch_labels.py
[2024-07-05T14:29:05.965+0000] {processor.py:830} INFO - Processing file /home/airflow/.local/lib/python3.12/site-packages/airflow/example_dags/example_branch_labels.py for tasks to queue
[2024-07-05T14:29:05.966+0000] {logging_mixin.py:188} INFO - [2024-07-05T14:29:05.966+0000] {dagbag.py:545} INFO - Filling up the DagBag from /home/airflow/.local/lib/python3.12/site-packages/airflow/example_dags/example_branch_labels.py
[2024-07-05T14:29:05.969+0000] {processor.py:840} INFO - DAG(s) 'example_branch_labels' retrieved from /home/airflow/.local/lib/python3.12/site-packages/airflow/example_dags/example_branch_labels.py
[2024-07-05T14:29:06.013+0000] {logging_mixin.py:188} INFO - [2024-07-05T14:29:06.013+0000] {dag.py:3096} INFO - Sync 1 DAGs
[2024-07-05T14:29:06.021+0000] {logging_mixin.py:188} INFO - [2024-07-05T14:29:06.021+0000] {dag.py:3954} INFO - Setting next_dagrun for example_branch_labels to 2024-07-04 00:00:00+00:00, run_after=2024-07-05 00:00:00+00:00
[2024-07-05T14:29:06.029+0000] {processor.py:183} INFO - Processing /home/airflow/.local/lib/python3.12/site-packages/airflow/example_dags/example_branch_labels.py took 0.068 seconds
[2024-07-05T14:29:36.172+0000] {processor.py:161} INFO - Started process (PID=218) to work on /home/airflow/.local/lib/python3.12/site-packages/airflow/example_dags/example_branch_labels.py
[2024-07-05T14:29:36.173+0000] {processor.py:830} INFO - Processing file /home/airflow/.local/lib/python3.12/site-packages/airflow/example_dags/example_branch_labels.py for tasks to queue
[2024-07-05T14:29:36.174+0000] {logging_mixin.py:188} INFO - [2024-07-05T14:29:36.174+0000] {dagbag.py:545} INFO - Filling up the DagBag from /home/airflow/.local/lib/python3.12/site-packages/airflow/example_dags/example_branch_labels.py
[2024-07-05T14:29:36.177+0000] {processor.py:840} INFO - DAG(s) 'example_branch_labels' retrieved from /home/airflow/.local/lib/python3.12/site-packages/airflow/example_dags/example_branch_labels.py
[2024-07-05T14:29:36.187+0000] {logging_mixin.py:188} INFO - [2024-07-05T14:29:36.187+0000] {dag.py:3096} INFO - Sync 1 DAGs
[2024-07-05T14:29:36.198+0000] {logging_mixin.py:188} INFO - [2024-07-05T14:29:36.198+0000] {dag.py:3954} INFO - Setting next_dagrun for example_branch_labels to 2024-07-04 00:00:00+00:00, run_after=2024-07-05 00:00:00+00:00
[2024-07-05T14:29:36.206+0000] {processor.py:183} INFO - Processing /home/airflow/.local/lib/python3.12/site-packages/airflow/example_dags/example_branch_labels.py took 0.036 seconds
[2024-07-05T14:30:06.359+0000] {processor.py:161} INFO - Started process (PID=276) to work on /home/airflow/.local/lib/python3.12/site-packages/airflow/example_dags/example_branch_labels.py
[2024-07-05T14:30:06.360+0000] {processor.py:830} INFO - Processing file /home/airflow/.local/lib/python3.12/site-packages/airflow/example_dags/example_branch_labels.py for tasks to queue
[2024-07-05T14:30:06.361+0000] {logging_mixin.py:188} INFO - [2024-07-05T14:30:06.361+0000] {dagbag.py:545} INFO - Filling up the DagBag from /home/airflow/.local/lib/python3.12/site-packages/airflow/example_dags/example_branch_labels.py
[2024-07-05T14:30:06.365+0000] {processor.py:840} INFO - DAG(s) 'example_branch_labels' retrieved from /home/airflow/.local/lib/python3.12/site-packages/airflow/example_dags/example_branch_labels.py
[2024-07-05T14:30:06.375+0000] {logging_mixin.py:188} INFO - [2024-07-05T14:30:06.374+0000] {dag.py:3096} INFO - Sync 1 DAGs
[2024-07-05T14:30:06.385+0000] {logging_mixin.py:188} INFO - [2024-07-05T14:30:06.385+0000] {dag.py:3954} INFO - Setting next_dagrun for example_branch_labels to 2024-07-04 00:00:00+00:00, run_after=2024-07-05 00:00:00+00:00
[2024-07-05T14:30:06.393+0000] {processor.py:183} INFO - Processing /home/airflow/.local/lib/python3.12/site-packages/airflow/example_dags/example_branch_labels.py took 0.037 seconds
[2024-07-05T14:30:36.925+0000] {processor.py:161} INFO - Started process (PID=334) to work on /home/airflow/.local/lib/python3.12/site-packages/airflow/example_dags/example_branch_labels.py
[2024-07-05T14:30:36.926+0000] {processor.py:830} INFO - Processing file /home/airflow/.local/lib/python3.12/site-packages/airflow/example_dags/example_branch_labels.py for tasks to queue
[2024-07-05T14:30:36.927+0000] {logging_mixin.py:188} INFO - [2024-07-05T14:30:36.926+0000] {dagbag.py:545} INFO - Filling up the DagBag from /home/airflow/.local/lib/python3.12/site-packages/airflow/example_dags/example_branch_labels.py
[2024-07-05T14:30:36.931+0000] {processor.py:840} INFO - DAG(s) 'example_branch_labels' retrieved from /home/airflow/.local/lib/python3.12/site-packages/airflow/example_dags/example_branch_labels.py
[2024-07-05T14:30:36.942+0000] {logging_mixin.py:188} INFO - [2024-07-05T14:30:36.942+0000] {dag.py:3096} INFO - Sync 1 DAGs
[2024-07-05T14:30:36.953+0000] {logging_mixin.py:188} INFO - [2024-07-05T14:30:36.953+0000] {dag.py:3954} INFO - Setting next_dagrun for example_branch_labels to 2024-07-04 00:00:00+00:00, run_after=2024-07-05 00:00:00+00:00
[2024-07-05T14:30:36.962+0000] {processor.py:183} INFO - Processing /home/airflow/.local/lib/python3.12/site-packages/airflow/example_dags/example_branch_labels.py took 0.040 seconds
[2024-07-05T14:31:07.566+0000] {processor.py:161} INFO - Started process (PID=392) to work on /home/airflow/.local/lib/python3.12/site-packages/airflow/example_dags/example_branch_labels.py
[2024-07-05T14:31:07.567+0000] {processor.py:830} INFO - Processing file /home/airflow/.local/lib/python3.12/site-packages/airflow/example_dags/example_branch_labels.py for tasks to queue
[2024-07-05T14:31:07.568+0000] {logging_mixin.py:188} INFO - [2024-07-05T14:31:07.567+0000] {dagbag.py:545} INFO - Filling up the DagBag from /home/airflow/.local/lib/python3.12/site-packages/airflow/example_dags/example_branch_labels.py
[2024-07-05T14:31:07.571+0000] {processor.py:840} INFO - DAG(s) 'example_branch_labels' retrieved from /home/airflow/.local/lib/python3.12/site-packages/airflow/example_dags/example_branch_labels.py
[2024-07-05T14:31:07.581+0000] {logging_mixin.py:188} INFO - [2024-07-05T14:31:07.581+0000] {dag.py:3096} INFO - Sync 1 DAGs
[2024-07-05T14:31:07.592+0000] {logging_mixin.py:188} INFO - [2024-07-05T14:31:07.591+0000] {dag.py:3954} INFO - Setting next_dagrun for example_branch_labels to 2024-07-04 00:00:00+00:00, run_after=2024-07-05 00:00:00+00:00
[2024-07-05T14:31:07.600+0000] {processor.py:183} INFO - Processing /home/airflow/.local/lib/python3.12/site-packages/airflow/example_dags/example_branch_labels.py took 0.036 seconds
[2024-07-05T14:31:38.144+0000] {processor.py:161} INFO - Started process (PID=450) to work on /home/airflow/.local/lib/python3.12/site-packages/airflow/example_dags/example_branch_labels.py
[2024-07-05T14:31:38.145+0000] {processor.py:830} INFO - Processing file /home/airflow/.local/lib/python3.12/site-packages/airflow/example_dags/example_branch_labels.py for tasks to queue
[2024-07-05T14:31:38.146+0000] {logging_mixin.py:188} INFO - [2024-07-05T14:31:38.146+0000] {dagbag.py:545} INFO - Filling up the DagBag from /home/airflow/.local/lib/python3.12/site-packages/airflow/example_dags/example_branch_labels.py
[2024-07-05T14:31:38.150+0000] {processor.py:840} INFO - DAG(s) 'example_branch_labels' retrieved from /home/airflow/.local/lib/python3.12/site-packages/airflow/example_dags/example_branch_labels.py
[2024-07-05T14:31:38.163+0000] {logging_mixin.py:188} INFO - [2024-07-05T14:31:38.163+0000] {dag.py:3096} INFO - Sync 1 DAGs
[2024-07-05T14:31:38.176+0000] {logging_mixin.py:188} INFO - [2024-07-05T14:31:38.175+0000] {dag.py:3954} INFO - Setting next_dagrun for example_branch_labels to 2024-07-04 00:00:00+00:00, run_after=2024-07-05 00:00:00+00:00
[2024-07-05T14:31:38.186+0000] {processor.py:183} INFO - Processing /home/airflow/.local/lib/python3.12/site-packages/airflow/example_dags/example_branch_labels.py took 0.045 seconds
[2024-07-05T14:32:08.827+0000] {processor.py:161} INFO - Started process (PID=508) to work on /home/airflow/.local/lib/python3.12/site-packages/airflow/example_dags/example_branch_labels.py
[2024-07-05T14:32:08.828+0000] {processor.py:830} INFO - Processing file /home/airflow/.local/lib/python3.12/site-packages/airflow/example_dags/example_branch_labels.py for tasks to queue
[2024-07-05T14:32:08.829+0000] {logging_mixin.py:188} INFO - [2024-07-05T14:32:08.829+0000] {dagbag.py:545} INFO - Filling up the DagBag from /home/airflow/.local/lib/python3.12/site-packages/airflow/example_dags/example_branch_labels.py
[2024-07-05T14:32:08.832+0000] {processor.py:840} INFO - DAG(s) 'example_branch_labels' retrieved from /home/airflow/.local/lib/python3.12/site-packages/airflow/example_dags/example_branch_labels.py
[2024-07-05T14:32:08.843+0000] {logging_mixin.py:188} INFO - [2024-07-05T14:32:08.842+0000] {dag.py:3096} INFO - Sync 1 DAGs
[2024-07-05T14:32:08.853+0000] {logging_mixin.py:188} INFO - [2024-07-05T14:32:08.852+0000] {dag.py:3954} INFO - Setting next_dagrun for example_branch_labels to 2024-07-04 00:00:00+00:00, run_after=2024-07-05 00:00:00+00:00
[2024-07-05T14:32:08.861+0000] {processor.py:183} INFO - Processing /home/airflow/.local/lib/python3.12/site-packages/airflow/example_dags/example_branch_labels.py took 0.036 seconds
[2024-07-05T14:32:39.703+0000] {processor.py:161} INFO - Started process (PID=566) to work on /home/airflow/.local/lib/python3.12/site-packages/airflow/example_dags/example_branch_labels.py
[2024-07-05T14:32:39.704+0000] {processor.py:830} INFO - Processing file /home/airflow/.local/lib/python3.12/site-packages/airflow/example_dags/example_branch_labels.py for tasks to queue
[2024-07-05T14:32:39.705+0000] {logging_mixin.py:188} INFO - [2024-07-05T14:32:39.705+0000] {dagbag.py:545} INFO - Filling up the DagBag from /home/airflow/.local/lib/python3.12/site-packages/airflow/example_dags/example_branch_labels.py
[2024-07-05T14:32:39.710+0000] {processor.py:840} INFO - DAG(s) 'example_branch_labels' retrieved from /home/airflow/.local/lib/python3.12/site-packages/airflow/example_dags/example_branch_labels.py
[2024-07-05T14:32:39.723+0000] {logging_mixin.py:188} INFO - [2024-07-05T14:32:39.723+0000] {dag.py:3096} INFO - Sync 1 DAGs
[2024-07-05T14:32:39.736+0000] {logging_mixin.py:188} INFO - [2024-07-05T14:32:39.736+0000] {dag.py:3954} INFO - Setting next_dagrun for example_branch_labels to 2024-07-04 00:00:00+00:00, run_after=2024-07-05 00:00:00+00:00
[2024-07-05T14:32:39.747+0000] {processor.py:183} INFO - Processing /home/airflow/.local/lib/python3.12/site-packages/airflow/example_dags/example_branch_labels.py took 0.049 seconds
[2024-07-05T14:33:09.805+0000] {processor.py:161} INFO - Started process (PID=623) to work on /home/airflow/.local/lib/python3.12/site-packages/airflow/example_dags/example_branch_labels.py
[2024-07-05T14:33:09.805+0000] {processor.py:830} INFO - Processing file /home/airflow/.local/lib/python3.12/site-packages/airflow/example_dags/example_branch_labels.py for tasks to queue
[2024-07-05T14:33:09.807+0000] {logging_mixin.py:188} INFO - [2024-07-05T14:33:09.806+0000] {dagbag.py:545} INFO - Filling up the DagBag from /home/airflow/.local/lib/python3.12/site-packages/airflow/example_dags/example_branch_labels.py
[2024-07-05T14:33:09.811+0000] {processor.py:840} INFO - DAG(s) 'example_branch_labels' retrieved from /home/airflow/.local/lib/python3.12/site-packages/airflow/example_dags/example_branch_labels.py
[2024-07-05T14:33:09.823+0000] {logging_mixin.py:188} INFO - [2024-07-05T14:33:09.823+0000] {dag.py:3096} INFO - Sync 1 DAGs
[2024-07-05T14:33:09.834+0000] {logging_mixin.py:188} INFO - [2024-07-05T14:33:09.834+0000] {dag.py:3954} INFO - Setting next_dagrun for example_branch_labels to 2024-07-04 00:00:00+00:00, run_after=2024-07-05 00:00:00+00:00
[2024-07-05T14:33:09.844+0000] {processor.py:183} INFO - Processing /home/airflow/.local/lib/python3.12/site-packages/airflow/example_dags/example_branch_labels.py took 0.042 seconds
[2024-07-05T14:33:40.081+0000] {processor.py:161} INFO - Started process (PID=681) to work on /home/airflow/.local/lib/python3.12/site-packages/airflow/example_dags/example_branch_labels.py
[2024-07-05T14:33:40.081+0000] {processor.py:830} INFO - Processing file /home/airflow/.local/lib/python3.12/site-packages/airflow/example_dags/example_branch_labels.py for tasks to queue
[2024-07-05T14:33:40.082+0000] {logging_mixin.py:188} INFO - [2024-07-05T14:33:40.082+0000] {dagbag.py:545} INFO - Filling up the DagBag from /home/airflow/.local/lib/python3.12/site-packages/airflow/example_dags/example_branch_labels.py
[2024-07-05T14:33:40.086+0000] {processor.py:840} INFO - DAG(s) 'example_branch_labels' retrieved from /home/airflow/.local/lib/python3.12/site-packages/airflow/example_dags/example_branch_labels.py
[2024-07-05T14:33:40.097+0000] {logging_mixin.py:188} INFO - [2024-07-05T14:33:40.097+0000] {dag.py:3096} INFO - Sync 1 DAGs
[2024-07-05T14:33:40.108+0000] {logging_mixin.py:188} INFO - [2024-07-05T14:33:40.108+0000] {dag.py:3954} INFO - Setting next_dagrun for example_branch_labels to 2024-07-04 00:00:00+00:00, run_after=2024-07-05 00:00:00+00:00
[2024-07-05T14:33:40.117+0000] {processor.py:183} INFO - Processing /home/airflow/.local/lib/python3.12/site-packages/airflow/example_dags/example_branch_labels.py took 0.039 seconds
[2024-07-05T14:34:10.743+0000] {processor.py:161} INFO - Started process (PID=740) to work on /home/airflow/.local/lib/python3.12/site-packages/airflow/example_dags/example_branch_labels.py
[2024-07-05T14:34:10.744+0000] {processor.py:830} INFO - Processing file /home/airflow/.local/lib/python3.12/site-packages/airflow/example_dags/example_branch_labels.py for tasks to queue
[2024-07-05T14:34:10.745+0000] {logging_mixin.py:188} INFO - [2024-07-05T14:34:10.745+0000] {dagbag.py:545} INFO - Filling up the DagBag from /home/airflow/.local/lib/python3.12/site-packages/airflow/example_dags/example_branch_labels.py
[2024-07-05T14:34:10.748+0000] {processor.py:840} INFO - DAG(s) 'example_branch_labels' retrieved from /home/airflow/.local/lib/python3.12/site-packages/airflow/example_dags/example_branch_labels.py
[2024-07-05T14:34:10.759+0000] {logging_mixin.py:188} INFO - [2024-07-05T14:34:10.759+0000] {dag.py:3096} INFO - Sync 1 DAGs
[2024-07-05T14:34:10.774+0000] {logging_mixin.py:188} INFO - [2024-07-05T14:34:10.774+0000] {dag.py:3954} INFO - Setting next_dagrun for example_branch_labels to 2024-07-04 00:00:00+00:00, run_after=2024-07-05 00:00:00+00:00
[2024-07-05T14:34:10.783+0000] {processor.py:183} INFO - Processing /home/airflow/.local/lib/python3.12/site-packages/airflow/example_dags/example_branch_labels.py took 0.043 seconds
[2024-07-05T14:34:41.452+0000] {processor.py:161} INFO - Started process (PID=798) to work on /home/airflow/.local/lib/python3.12/site-packages/airflow/example_dags/example_branch_labels.py
[2024-07-05T14:34:41.452+0000] {processor.py:830} INFO - Processing file /home/airflow/.local/lib/python3.12/site-packages/airflow/example_dags/example_branch_labels.py for tasks to queue
[2024-07-05T14:34:41.453+0000] {logging_mixin.py:188} INFO - [2024-07-05T14:34:41.453+0000] {dagbag.py:545} INFO - Filling up the DagBag from /home/airflow/.local/lib/python3.12/site-packages/airflow/example_dags/example_branch_labels.py
[2024-07-05T14:34:41.457+0000] {processor.py:840} INFO - DAG(s) 'example_branch_labels' retrieved from /home/airflow/.local/lib/python3.12/site-packages/airflow/example_dags/example_branch_labels.py
[2024-07-05T14:34:41.474+0000] {logging_mixin.py:188} INFO - [2024-07-05T14:34:41.474+0000] {dag.py:3096} INFO - Sync 1 DAGs
[2024-07-05T14:34:41.490+0000] {logging_mixin.py:188} INFO - [2024-07-05T14:34:41.490+0000] {dag.py:3954} INFO - Setting next_dagrun for example_branch_labels to 2024-07-04 00:00:00+00:00, run_after=2024-07-05 00:00:00+00:00
[2024-07-05T14:34:41.507+0000] {processor.py:183} INFO - Processing /home/airflow/.local/lib/python3.12/site-packages/airflow/example_dags/example_branch_labels.py took 0.058 seconds
[2024-07-05T14:35:11.606+0000] {processor.py:161} INFO - Started process (PID=855) to work on /home/airflow/.local/lib/python3.12/site-packages/airflow/example_dags/example_branch_labels.py
[2024-07-05T14:35:11.606+0000] {processor.py:830} INFO - Processing file /home/airflow/.local/lib/python3.12/site-packages/airflow/example_dags/example_branch_labels.py for tasks to queue
[2024-07-05T14:35:11.607+0000] {logging_mixin.py:188} INFO - [2024-07-05T14:35:11.607+0000] {dagbag.py:545} INFO - Filling up the DagBag from /home/airflow/.local/lib/python3.12/site-packages/airflow/example_dags/example_branch_labels.py
[2024-07-05T14:35:11.611+0000] {processor.py:840} INFO - DAG(s) 'example_branch_labels' retrieved from /home/airflow/.local/lib/python3.12/site-packages/airflow/example_dags/example_branch_labels.py
[2024-07-05T14:35:11.621+0000] {logging_mixin.py:188} INFO - [2024-07-05T14:35:11.621+0000] {dag.py:3096} INFO - Sync 1 DAGs
[2024-07-05T14:35:11.632+0000] {logging_mixin.py:188} INFO - [2024-07-05T14:35:11.632+0000] {dag.py:3954} INFO - Setting next_dagrun for example_branch_labels to 2024-07-04 00:00:00+00:00, run_after=2024-07-05 00:00:00+00:00
[2024-07-05T14:35:11.641+0000] {processor.py:183} INFO - Processing /home/airflow/.local/lib/python3.12/site-packages/airflow/example_dags/example_branch_labels.py took 0.038 seconds
[2024-07-05T14:35:41.788+0000] {processor.py:161} INFO - Started process (PID=913) to work on /home/airflow/.local/lib/python3.12/site-packages/airflow/example_dags/example_branch_labels.py
[2024-07-05T14:35:41.789+0000] {processor.py:830} INFO - Processing file /home/airflow/.local/lib/python3.12/site-packages/airflow/example_dags/example_branch_labels.py for tasks to queue
[2024-07-05T14:35:41.790+0000] {logging_mixin.py:188} INFO - [2024-07-05T14:35:41.790+0000] {dagbag.py:545} INFO - Filling up the DagBag from /home/airflow/.local/lib/python3.12/site-packages/airflow/example_dags/example_branch_labels.py
[2024-07-05T14:35:41.794+0000] {processor.py:840} INFO - DAG(s) 'example_branch_labels' retrieved from /home/airflow/.local/lib/python3.12/site-packages/airflow/example_dags/example_branch_labels.py
[2024-07-05T14:35:41.804+0000] {logging_mixin.py:188} INFO - [2024-07-05T14:35:41.804+0000] {dag.py:3096} INFO - Sync 1 DAGs
[2024-07-05T14:35:41.815+0000] {logging_mixin.py:188} INFO - [2024-07-05T14:35:41.815+0000] {dag.py:3954} INFO - Setting next_dagrun for example_branch_labels to 2024-07-04 00:00:00+00:00, run_after=2024-07-05 00:00:00+00:00
[2024-07-05T14:35:41.823+0000] {processor.py:183} INFO - Processing /home/airflow/.local/lib/python3.12/site-packages/airflow/example_dags/example_branch_labels.py took 0.037 seconds
[2024-07-05T14:36:11.877+0000] {processor.py:161} INFO - Started process (PID=971) to work on /home/airflow/.local/lib/python3.12/site-packages/airflow/example_dags/example_branch_labels.py
[2024-07-05T14:36:11.877+0000] {processor.py:830} INFO - Processing file /home/airflow/.local/lib/python3.12/site-packages/airflow/example_dags/example_branch_labels.py for tasks to queue
[2024-07-05T14:36:11.878+0000] {logging_mixin.py:188} INFO - [2024-07-05T14:36:11.878+0000] {dagbag.py:545} INFO - Filling up the DagBag from /home/airflow/.local/lib/python3.12/site-packages/airflow/example_dags/example_branch_labels.py
[2024-07-05T14:36:11.882+0000] {processor.py:840} INFO - DAG(s) 'example_branch_labels' retrieved from /home/airflow/.local/lib/python3.12/site-packages/airflow/example_dags/example_branch_labels.py
[2024-07-05T14:36:11.893+0000] {logging_mixin.py:188} INFO - [2024-07-05T14:36:11.892+0000] {dag.py:3096} INFO - Sync 1 DAGs
[2024-07-05T14:36:11.912+0000] {logging_mixin.py:188} INFO - [2024-07-05T14:36:11.912+0000] {dag.py:3954} INFO - Setting next_dagrun for example_branch_labels to 2024-07-04 00:00:00+00:00, run_after=2024-07-05 00:00:00+00:00
[2024-07-05T14:36:11.920+0000] {processor.py:183} INFO - Processing /home/airflow/.local/lib/python3.12/site-packages/airflow/example_dags/example_branch_labels.py took 0.046 seconds
[2024-07-05T14:36:42.425+0000] {processor.py:161} INFO - Started process (PID=1029) to work on /home/airflow/.local/lib/python3.12/site-packages/airflow/example_dags/example_branch_labels.py
[2024-07-05T14:36:42.425+0000] {processor.py:830} INFO - Processing file /home/airflow/.local/lib/python3.12/site-packages/airflow/example_dags/example_branch_labels.py for tasks to queue
[2024-07-05T14:36:42.426+0000] {logging_mixin.py:188} INFO - [2024-07-05T14:36:42.426+0000] {dagbag.py:545} INFO - Filling up the DagBag from /home/airflow/.local/lib/python3.12/site-packages/airflow/example_dags/example_branch_labels.py
[2024-07-05T14:36:42.430+0000] {processor.py:840} INFO - DAG(s) 'example_branch_labels' retrieved from /home/airflow/.local/lib/python3.12/site-packages/airflow/example_dags/example_branch_labels.py
[2024-07-05T14:36:42.440+0000] {logging_mixin.py:188} INFO - [2024-07-05T14:36:42.439+0000] {dag.py:3096} INFO - Sync 1 DAGs
[2024-07-05T14:36:42.449+0000] {logging_mixin.py:188} INFO - [2024-07-05T14:36:42.449+0000] {dag.py:3954} INFO - Setting next_dagrun for example_branch_labels to 2024-07-04 00:00:00+00:00, run_after=2024-07-05 00:00:00+00:00
[2024-07-05T14:36:42.458+0000] {processor.py:183} INFO - Processing /home/airflow/.local/lib/python3.12/site-packages/airflow/example_dags/example_branch_labels.py took 0.036 seconds
[2024-07-05T14:37:12.993+0000] {processor.py:161} INFO - Started process (PID=1087) to work on /home/airflow/.local/lib/python3.12/site-packages/airflow/example_dags/example_branch_labels.py
[2024-07-05T14:37:12.993+0000] {processor.py:830} INFO - Processing file /home/airflow/.local/lib/python3.12/site-packages/airflow/example_dags/example_branch_labels.py for tasks to queue
[2024-07-05T14:37:12.994+0000] {logging_mixin.py:188} INFO - [2024-07-05T14:37:12.994+0000] {dagbag.py:545} INFO - Filling up the DagBag from /home/airflow/.local/lib/python3.12/site-packages/airflow/example_dags/example_branch_labels.py
[2024-07-05T14:37:12.998+0000] {processor.py:840} INFO - DAG(s) 'example_branch_labels' retrieved from /home/airflow/.local/lib/python3.12/site-packages/airflow/example_dags/example_branch_labels.py
[2024-07-05T14:37:13.008+0000] {logging_mixin.py:188} INFO - [2024-07-05T14:37:13.007+0000] {dag.py:3096} INFO - Sync 1 DAGs
[2024-07-05T14:37:13.018+0000] {logging_mixin.py:188} INFO - [2024-07-05T14:37:13.018+0000] {dag.py:3954} INFO - Setting next_dagrun for example_branch_labels to 2024-07-04 00:00:00+00:00, run_after=2024-07-05 00:00:00+00:00
[2024-07-05T14:37:13.027+0000] {processor.py:183} INFO - Processing /home/airflow/.local/lib/python3.12/site-packages/airflow/example_dags/example_branch_labels.py took 0.037 seconds
[2024-07-05T14:37:43.685+0000] {processor.py:161} INFO - Started process (PID=1145) to work on /home/airflow/.local/lib/python3.12/site-packages/airflow/example_dags/example_branch_labels.py
[2024-07-05T14:37:43.686+0000] {processor.py:830} INFO - Processing file /home/airflow/.local/lib/python3.12/site-packages/airflow/example_dags/example_branch_labels.py for tasks to queue
[2024-07-05T14:37:43.687+0000] {logging_mixin.py:188} INFO - [2024-07-05T14:37:43.687+0000] {dagbag.py:545} INFO - Filling up the DagBag from /home/airflow/.local/lib/python3.12/site-packages/airflow/example_dags/example_branch_labels.py
[2024-07-05T14:37:43.691+0000] {processor.py:840} INFO - DAG(s) 'example_branch_labels' retrieved from /home/airflow/.local/lib/python3.12/site-packages/airflow/example_dags/example_branch_labels.py
[2024-07-05T14:37:43.700+0000] {logging_mixin.py:188} INFO - [2024-07-05T14:37:43.700+0000] {dag.py:3096} INFO - Sync 1 DAGs
[2024-07-05T14:37:43.709+0000] {logging_mixin.py:188} INFO - [2024-07-05T14:37:43.709+0000] {dag.py:3954} INFO - Setting next_dagrun for example_branch_labels to 2024-07-04 00:00:00+00:00, run_after=2024-07-05 00:00:00+00:00
[2024-07-05T14:37:43.717+0000] {processor.py:183} INFO - Processing /home/airflow/.local/lib/python3.12/site-packages/airflow/example_dags/example_branch_labels.py took 0.034 seconds
[2024-07-05T14:38:14.391+0000] {processor.py:161} INFO - Started process (PID=1203) to work on /home/airflow/.local/lib/python3.12/site-packages/airflow/example_dags/example_branch_labels.py
[2024-07-05T14:38:14.391+0000] {processor.py:830} INFO - Processing file /home/airflow/.local/lib/python3.12/site-packages/airflow/example_dags/example_branch_labels.py for tasks to queue
[2024-07-05T14:38:14.392+0000] {logging_mixin.py:188} INFO - [2024-07-05T14:38:14.392+0000] {dagbag.py:545} INFO - Filling up the DagBag from /home/airflow/.local/lib/python3.12/site-packages/airflow/example_dags/example_branch_labels.py
[2024-07-05T14:38:14.396+0000] {processor.py:840} INFO - DAG(s) 'example_branch_labels' retrieved from /home/airflow/.local/lib/python3.12/site-packages/airflow/example_dags/example_branch_labels.py
[2024-07-05T14:38:14.405+0000] {logging_mixin.py:188} INFO - [2024-07-05T14:38:14.405+0000] {dag.py:3096} INFO - Sync 1 DAGs
[2024-07-05T14:38:14.414+0000] {logging_mixin.py:188} INFO - [2024-07-05T14:38:14.414+0000] {dag.py:3954} INFO - Setting next_dagrun for example_branch_labels to 2024-07-04 00:00:00+00:00, run_after=2024-07-05 00:00:00+00:00
[2024-07-05T14:38:14.422+0000] {processor.py:183} INFO - Processing /home/airflow/.local/lib/python3.12/site-packages/airflow/example_dags/example_branch_labels.py took 0.034 seconds
[2024-07-05T14:38:45.000+0000] {processor.py:161} INFO - Started process (PID=1261) to work on /home/airflow/.local/lib/python3.12/site-packages/airflow/example_dags/example_branch_labels.py
[2024-07-05T14:38:45.000+0000] {processor.py:830} INFO - Processing file /home/airflow/.local/lib/python3.12/site-packages/airflow/example_dags/example_branch_labels.py for tasks to queue
[2024-07-05T14:38:45.001+0000] {logging_mixin.py:188} INFO - [2024-07-05T14:38:45.001+0000] {dagbag.py:545} INFO - Filling up the DagBag from /home/airflow/.local/lib/python3.12/site-packages/airflow/example_dags/example_branch_labels.py
[2024-07-05T14:38:45.005+0000] {processor.py:840} INFO - DAG(s) 'example_branch_labels' retrieved from /home/airflow/.local/lib/python3.12/site-packages/airflow/example_dags/example_branch_labels.py
[2024-07-05T14:38:45.014+0000] {logging_mixin.py:188} INFO - [2024-07-05T14:38:45.014+0000] {dag.py:3096} INFO - Sync 1 DAGs
[2024-07-05T14:38:45.023+0000] {logging_mixin.py:188} INFO - [2024-07-05T14:38:45.022+0000] {dag.py:3954} INFO - Setting next_dagrun for example_branch_labels to 2024-07-04 00:00:00+00:00, run_after=2024-07-05 00:00:00+00:00
[2024-07-05T14:38:45.030+0000] {processor.py:183} INFO - Processing /home/airflow/.local/lib/python3.12/site-packages/airflow/example_dags/example_branch_labels.py took 0.033 seconds
[2024-07-05T14:39:15.537+0000] {processor.py:161} INFO - Started process (PID=1319) to work on /home/airflow/.local/lib/python3.12/site-packages/airflow/example_dags/example_branch_labels.py
[2024-07-05T14:39:15.537+0000] {processor.py:830} INFO - Processing file /home/airflow/.local/lib/python3.12/site-packages/airflow/example_dags/example_branch_labels.py for tasks to queue
[2024-07-05T14:39:15.538+0000] {logging_mixin.py:188} INFO - [2024-07-05T14:39:15.538+0000] {dagbag.py:545} INFO - Filling up the DagBag from /home/airflow/.local/lib/python3.12/site-packages/airflow/example_dags/example_branch_labels.py
[2024-07-05T14:39:15.542+0000] {processor.py:840} INFO - DAG(s) 'example_branch_labels' retrieved from /home/airflow/.local/lib/python3.12/site-packages/airflow/example_dags/example_branch_labels.py
[2024-07-05T14:39:15.552+0000] {logging_mixin.py:188} INFO - [2024-07-05T14:39:15.552+0000] {dag.py:3096} INFO - Sync 1 DAGs
[2024-07-05T14:39:15.564+0000] {logging_mixin.py:188} INFO - [2024-07-05T14:39:15.563+0000] {dag.py:3954} INFO - Setting next_dagrun for example_branch_labels to 2024-07-04 00:00:00+00:00, run_after=2024-07-05 00:00:00+00:00
[2024-07-05T14:39:15.571+0000] {processor.py:183} INFO - Processing /home/airflow/.local/lib/python3.12/site-packages/airflow/example_dags/example_branch_labels.py took 0.037 seconds
[2024-07-05T14:39:46.197+0000] {processor.py:161} INFO - Started process (PID=1377) to work on /home/airflow/.local/lib/python3.12/site-packages/airflow/example_dags/example_branch_labels.py
[2024-07-05T14:39:46.197+0000] {processor.py:830} INFO - Processing file /home/airflow/.local/lib/python3.12/site-packages/airflow/example_dags/example_branch_labels.py for tasks to queue
[2024-07-05T14:39:46.198+0000] {logging_mixin.py:188} INFO - [2024-07-05T14:39:46.198+0000] {dagbag.py:545} INFO - Filling up the DagBag from /home/airflow/.local/lib/python3.12/site-packages/airflow/example_dags/example_branch_labels.py
[2024-07-05T14:39:46.202+0000] {processor.py:840} INFO - DAG(s) 'example_branch_labels' retrieved from /home/airflow/.local/lib/python3.12/site-packages/airflow/example_dags/example_branch_labels.py
[2024-07-05T14:39:46.212+0000] {logging_mixin.py:188} INFO - [2024-07-05T14:39:46.212+0000] {dag.py:3096} INFO - Sync 1 DAGs
[2024-07-05T14:39:46.222+0000] {logging_mixin.py:188} INFO - [2024-07-05T14:39:46.222+0000] {dag.py:3954} INFO - Setting next_dagrun for example_branch_labels to 2024-07-04 00:00:00+00:00, run_after=2024-07-05 00:00:00+00:00
[2024-07-05T14:39:46.229+0000] {processor.py:183} INFO - Processing /home/airflow/.local/lib/python3.12/site-packages/airflow/example_dags/example_branch_labels.py took 0.035 seconds
[2024-07-05T14:40:16.968+0000] {processor.py:161} INFO - Started process (PID=1435) to work on /home/airflow/.local/lib/python3.12/site-packages/airflow/example_dags/example_branch_labels.py
[2024-07-05T14:40:16.969+0000] {processor.py:830} INFO - Processing file /home/airflow/.local/lib/python3.12/site-packages/airflow/example_dags/example_branch_labels.py for tasks to queue
[2024-07-05T14:40:16.970+0000] {logging_mixin.py:188} INFO - [2024-07-05T14:40:16.970+0000] {dagbag.py:545} INFO - Filling up the DagBag from /home/airflow/.local/lib/python3.12/site-packages/airflow/example_dags/example_branch_labels.py
[2024-07-05T14:40:16.974+0000] {processor.py:840} INFO - DAG(s) 'example_branch_labels' retrieved from /home/airflow/.local/lib/python3.12/site-packages/airflow/example_dags/example_branch_labels.py
[2024-07-05T14:40:16.985+0000] {logging_mixin.py:188} INFO - [2024-07-05T14:40:16.985+0000] {dag.py:3096} INFO - Sync 1 DAGs
[2024-07-05T14:40:16.995+0000] {logging_mixin.py:188} INFO - [2024-07-05T14:40:16.995+0000] {dag.py:3954} INFO - Setting next_dagrun for example_branch_labels to 2024-07-04 00:00:00+00:00, run_after=2024-07-05 00:00:00+00:00
[2024-07-05T14:40:17.005+0000] {processor.py:183} INFO - Processing /home/airflow/.local/lib/python3.12/site-packages/airflow/example_dags/example_branch_labels.py took 0.040 seconds
[2024-07-05T14:40:47.742+0000] {processor.py:161} INFO - Started process (PID=1492) to work on /home/airflow/.local/lib/python3.12/site-packages/airflow/example_dags/example_branch_labels.py
[2024-07-05T14:40:47.743+0000] {processor.py:830} INFO - Processing file /home/airflow/.local/lib/python3.12/site-packages/airflow/example_dags/example_branch_labels.py for tasks to queue
[2024-07-05T14:40:47.744+0000] {logging_mixin.py:188} INFO - [2024-07-05T14:40:47.743+0000] {dagbag.py:545} INFO - Filling up the DagBag from /home/airflow/.local/lib/python3.12/site-packages/airflow/example_dags/example_branch_labels.py
[2024-07-05T14:40:47.747+0000] {processor.py:840} INFO - DAG(s) 'example_branch_labels' retrieved from /home/airflow/.local/lib/python3.12/site-packages/airflow/example_dags/example_branch_labels.py
[2024-07-05T14:40:47.757+0000] {logging_mixin.py:188} INFO - [2024-07-05T14:40:47.757+0000] {dag.py:3096} INFO - Sync 1 DAGs
[2024-07-05T14:40:47.768+0000] {logging_mixin.py:188} INFO - [2024-07-05T14:40:47.768+0000] {dag.py:3954} INFO - Setting next_dagrun for example_branch_labels to 2024-07-04 00:00:00+00:00, run_after=2024-07-05 00:00:00+00:00
[2024-07-05T14:40:47.775+0000] {processor.py:183} INFO - Processing /home/airflow/.local/lib/python3.12/site-packages/airflow/example_dags/example_branch_labels.py took 0.036 seconds
[2024-07-05T14:41:18.488+0000] {processor.py:161} INFO - Started process (PID=1550) to work on /home/airflow/.local/lib/python3.12/site-packages/airflow/example_dags/example_branch_labels.py
[2024-07-05T14:41:18.489+0000] {processor.py:830} INFO - Processing file /home/airflow/.local/lib/python3.12/site-packages/airflow/example_dags/example_branch_labels.py for tasks to queue
[2024-07-05T14:41:18.490+0000] {logging_mixin.py:188} INFO - [2024-07-05T14:41:18.490+0000] {dagbag.py:545} INFO - Filling up the DagBag from /home/airflow/.local/lib/python3.12/site-packages/airflow/example_dags/example_branch_labels.py
[2024-07-05T14:41:18.494+0000] {processor.py:840} INFO - DAG(s) 'example_branch_labels' retrieved from /home/airflow/.local/lib/python3.12/site-packages/airflow/example_dags/example_branch_labels.py
[2024-07-05T14:41:18.506+0000] {logging_mixin.py:188} INFO - [2024-07-05T14:41:18.506+0000] {dag.py:3096} INFO - Sync 1 DAGs
[2024-07-05T14:41:18.518+0000] {logging_mixin.py:188} INFO - [2024-07-05T14:41:18.517+0000] {dag.py:3954} INFO - Setting next_dagrun for example_branch_labels to 2024-07-04 00:00:00+00:00, run_after=2024-07-05 00:00:00+00:00
[2024-07-05T14:41:18.526+0000] {processor.py:183} INFO - Processing /home/airflow/.local/lib/python3.12/site-packages/airflow/example_dags/example_branch_labels.py took 0.041 seconds
[2024-07-05T14:41:48.551+0000] {processor.py:161} INFO - Started process (PID=1608) to work on /home/airflow/.local/lib/python3.12/site-packages/airflow/example_dags/example_branch_labels.py
[2024-07-05T14:41:48.551+0000] {processor.py:830} INFO - Processing file /home/airflow/.local/lib/python3.12/site-packages/airflow/example_dags/example_branch_labels.py for tasks to queue
[2024-07-05T14:41:48.553+0000] {logging_mixin.py:188} INFO - [2024-07-05T14:41:48.552+0000] {dagbag.py:545} INFO - Filling up the DagBag from /home/airflow/.local/lib/python3.12/site-packages/airflow/example_dags/example_branch_labels.py
[2024-07-05T14:41:48.556+0000] {processor.py:840} INFO - DAG(s) 'example_branch_labels' retrieved from /home/airflow/.local/lib/python3.12/site-packages/airflow/example_dags/example_branch_labels.py
[2024-07-05T14:41:48.566+0000] {logging_mixin.py:188} INFO - [2024-07-05T14:41:48.566+0000] {dag.py:3096} INFO - Sync 1 DAGs
[2024-07-05T14:41:48.576+0000] {logging_mixin.py:188} INFO - [2024-07-05T14:41:48.576+0000] {dag.py:3954} INFO - Setting next_dagrun for example_branch_labels to 2024-07-04 00:00:00+00:00, run_after=2024-07-05 00:00:00+00:00
[2024-07-05T14:41:48.584+0000] {processor.py:183} INFO - Processing /home/airflow/.local/lib/python3.12/site-packages/airflow/example_dags/example_branch_labels.py took 0.036 seconds
[2024-07-05T14:42:18.896+0000] {processor.py:161} INFO - Started process (PID=1666) to work on /home/airflow/.local/lib/python3.12/site-packages/airflow/example_dags/example_branch_labels.py
[2024-07-05T14:42:18.899+0000] {processor.py:830} INFO - Processing file /home/airflow/.local/lib/python3.12/site-packages/airflow/example_dags/example_branch_labels.py for tasks to queue
[2024-07-05T14:42:18.900+0000] {logging_mixin.py:188} INFO - [2024-07-05T14:42:18.900+0000] {dagbag.py:545} INFO - Filling up the DagBag from /home/airflow/.local/lib/python3.12/site-packages/airflow/example_dags/example_branch_labels.py
[2024-07-05T14:42:18.905+0000] {processor.py:840} INFO - DAG(s) 'example_branch_labels' retrieved from /home/airflow/.local/lib/python3.12/site-packages/airflow/example_dags/example_branch_labels.py
[2024-07-05T14:42:18.918+0000] {logging_mixin.py:188} INFO - [2024-07-05T14:42:18.917+0000] {dag.py:3096} INFO - Sync 1 DAGs
[2024-07-05T14:42:18.927+0000] {logging_mixin.py:188} INFO - [2024-07-05T14:42:18.927+0000] {dag.py:3954} INFO - Setting next_dagrun for example_branch_labels to 2024-07-04 00:00:00+00:00, run_after=2024-07-05 00:00:00+00:00
[2024-07-05T14:42:18.937+0000] {processor.py:183} INFO - Processing /home/airflow/.local/lib/python3.12/site-packages/airflow/example_dags/example_branch_labels.py took 0.043 seconds
[2024-07-05T14:42:49.025+0000] {processor.py:161} INFO - Started process (PID=1723) to work on /home/airflow/.local/lib/python3.12/site-packages/airflow/example_dags/example_branch_labels.py
[2024-07-05T14:42:49.026+0000] {processor.py:830} INFO - Processing file /home/airflow/.local/lib/python3.12/site-packages/airflow/example_dags/example_branch_labels.py for tasks to queue
[2024-07-05T14:42:49.027+0000] {logging_mixin.py:188} INFO - [2024-07-05T14:42:49.026+0000] {dagbag.py:545} INFO - Filling up the DagBag from /home/airflow/.local/lib/python3.12/site-packages/airflow/example_dags/example_branch_labels.py
[2024-07-05T14:42:49.031+0000] {processor.py:840} INFO - DAG(s) 'example_branch_labels' retrieved from /home/airflow/.local/lib/python3.12/site-packages/airflow/example_dags/example_branch_labels.py
[2024-07-05T14:42:49.040+0000] {logging_mixin.py:188} INFO - [2024-07-05T14:42:49.040+0000] {dag.py:3096} INFO - Sync 1 DAGs
[2024-07-05T14:42:49.049+0000] {logging_mixin.py:188} INFO - [2024-07-05T14:42:49.049+0000] {dag.py:3954} INFO - Setting next_dagrun for example_branch_labels to 2024-07-04 00:00:00+00:00, run_after=2024-07-05 00:00:00+00:00
[2024-07-05T14:42:49.057+0000] {processor.py:183} INFO - Processing /home/airflow/.local/lib/python3.12/site-packages/airflow/example_dags/example_branch_labels.py took 0.034 seconds
[2024-07-05T14:43:19.383+0000] {processor.py:161} INFO - Started process (PID=1781) to work on /home/airflow/.local/lib/python3.12/site-packages/airflow/example_dags/example_branch_labels.py
[2024-07-05T14:43:19.383+0000] {processor.py:830} INFO - Processing file /home/airflow/.local/lib/python3.12/site-packages/airflow/example_dags/example_branch_labels.py for tasks to queue
[2024-07-05T14:43:19.384+0000] {logging_mixin.py:188} INFO - [2024-07-05T14:43:19.384+0000] {dagbag.py:545} INFO - Filling up the DagBag from /home/airflow/.local/lib/python3.12/site-packages/airflow/example_dags/example_branch_labels.py
[2024-07-05T14:43:19.388+0000] {processor.py:840} INFO - DAG(s) 'example_branch_labels' retrieved from /home/airflow/.local/lib/python3.12/site-packages/airflow/example_dags/example_branch_labels.py
[2024-07-05T14:43:19.397+0000] {logging_mixin.py:188} INFO - [2024-07-05T14:43:19.397+0000] {dag.py:3096} INFO - Sync 1 DAGs
[2024-07-05T14:43:19.406+0000] {logging_mixin.py:188} INFO - [2024-07-05T14:43:19.406+0000] {dag.py:3954} INFO - Setting next_dagrun for example_branch_labels to 2024-07-04 00:00:00+00:00, run_after=2024-07-05 00:00:00+00:00
[2024-07-05T14:43:19.413+0000] {processor.py:183} INFO - Processing /home/airflow/.local/lib/python3.12/site-packages/airflow/example_dags/example_branch_labels.py took 0.033 seconds
[2024-07-05T14:43:50.095+0000] {processor.py:161} INFO - Started process (PID=1839) to work on /home/airflow/.local/lib/python3.12/site-packages/airflow/example_dags/example_branch_labels.py
[2024-07-05T14:43:50.096+0000] {processor.py:830} INFO - Processing file /home/airflow/.local/lib/python3.12/site-packages/airflow/example_dags/example_branch_labels.py for tasks to queue
[2024-07-05T14:43:50.097+0000] {logging_mixin.py:188} INFO - [2024-07-05T14:43:50.097+0000] {dagbag.py:545} INFO - Filling up the DagBag from /home/airflow/.local/lib/python3.12/site-packages/airflow/example_dags/example_branch_labels.py
[2024-07-05T14:43:50.101+0000] {processor.py:840} INFO - DAG(s) 'example_branch_labels' retrieved from /home/airflow/.local/lib/python3.12/site-packages/airflow/example_dags/example_branch_labels.py
[2024-07-05T14:43:50.110+0000] {logging_mixin.py:188} INFO - [2024-07-05T14:43:50.110+0000] {dag.py:3096} INFO - Sync 1 DAGs
[2024-07-05T14:43:50.122+0000] {logging_mixin.py:188} INFO - [2024-07-05T14:43:50.122+0000] {dag.py:3954} INFO - Setting next_dagrun for example_branch_labels to 2024-07-04 00:00:00+00:00, run_after=2024-07-05 00:00:00+00:00
[2024-07-05T14:43:50.130+0000] {processor.py:183} INFO - Processing /home/airflow/.local/lib/python3.12/site-packages/airflow/example_dags/example_branch_labels.py took 0.038 seconds
[2024-07-05T14:44:20.968+0000] {processor.py:161} INFO - Started process (PID=1896) to work on /home/airflow/.local/lib/python3.12/site-packages/airflow/example_dags/example_branch_labels.py
[2024-07-05T14:44:20.968+0000] {processor.py:830} INFO - Processing file /home/airflow/.local/lib/python3.12/site-packages/airflow/example_dags/example_branch_labels.py for tasks to queue
[2024-07-05T14:44:20.969+0000] {logging_mixin.py:188} INFO - [2024-07-05T14:44:20.969+0000] {dagbag.py:545} INFO - Filling up the DagBag from /home/airflow/.local/lib/python3.12/site-packages/airflow/example_dags/example_branch_labels.py
[2024-07-05T14:44:20.974+0000] {processor.py:840} INFO - DAG(s) 'example_branch_labels' retrieved from /home/airflow/.local/lib/python3.12/site-packages/airflow/example_dags/example_branch_labels.py
[2024-07-05T14:44:20.985+0000] {logging_mixin.py:188} INFO - [2024-07-05T14:44:20.984+0000] {dag.py:3096} INFO - Sync 1 DAGs
[2024-07-05T14:44:20.996+0000] {logging_mixin.py:188} INFO - [2024-07-05T14:44:20.996+0000] {dag.py:3954} INFO - Setting next_dagrun for example_branch_labels to 2024-07-04 00:00:00+00:00, run_after=2024-07-05 00:00:00+00:00
[2024-07-05T14:44:21.024+0000] {processor.py:183} INFO - Processing /home/airflow/.local/lib/python3.12/site-packages/airflow/example_dags/example_branch_labels.py took 0.059 seconds
[2024-07-05T14:44:58.890+0000] {processor.py:161} INFO - Started process (PID=1960) to work on /home/airflow/.local/lib/python3.12/site-packages/airflow/example_dags/example_branch_labels.py
[2024-07-05T14:44:58.900+0000] {processor.py:830} INFO - Processing file /home/airflow/.local/lib/python3.12/site-packages/airflow/example_dags/example_branch_labels.py for tasks to queue
[2024-07-05T14:44:58.946+0000] {logging_mixin.py:188} INFO - [2024-07-05T14:44:58.941+0000] {dagbag.py:545} INFO - Filling up the DagBag from /home/airflow/.local/lib/python3.12/site-packages/airflow/example_dags/example_branch_labels.py
[2024-07-05T14:44:59.043+0000] {processor.py:840} INFO - DAG(s) 'example_branch_labels' retrieved from /home/airflow/.local/lib/python3.12/site-packages/airflow/example_dags/example_branch_labels.py
[2024-07-05T14:44:59.253+0000] {logging_mixin.py:188} INFO - [2024-07-05T14:44:59.252+0000] {dag.py:3096} INFO - Sync 1 DAGs
[2024-07-05T14:44:59.316+0000] {logging_mixin.py:188} INFO - [2024-07-05T14:44:59.315+0000] {dag.py:3954} INFO - Setting next_dagrun for example_branch_labels to 2024-07-04 00:00:00+00:00, run_after=2024-07-05 00:00:00+00:00
[2024-07-05T14:44:59.357+0000] {processor.py:183} INFO - Processing /home/airflow/.local/lib/python3.12/site-packages/airflow/example_dags/example_branch_labels.py took 0.489 seconds
