[2024-07-05T14:09:17.427+0000] {processor.py:161} INFO - Started process (PID=33) to work on /home/airflow/.local/lib/python3.12/site-packages/airflow/example_dags/example_complex.py
[2024-07-05T14:09:17.429+0000] {processor.py:830} INFO - Processing file /home/airflow/.local/lib/python3.12/site-packages/airflow/example_dags/example_complex.py for tasks to queue
[2024-07-05T14:09:17.431+0000] {logging_mixin.py:188} INFO - [2024-07-05T14:09:17.430+0000] {dagbag.py:545} INFO - Filling up the DagBag from /home/airflow/.local/lib/python3.12/site-packages/airflow/example_dags/example_complex.py
[2024-07-05T14:09:17.439+0000] {processor.py:840} INFO - DAG(s) 'example_complex' retrieved from /home/airflow/.local/lib/python3.12/site-packages/airflow/example_dags/example_complex.py
[2024-07-05T14:09:17.447+0000] {logging_mixin.py:188} INFO - [2024-07-05T14:09:17.447+0000] {dag.py:3096} INFO - Sync 1 DAGs
[2024-07-05T14:09:17.456+0000] {logging_mixin.py:188} INFO - [2024-07-05T14:09:17.456+0000] {dag.py:3954} INFO - Setting next_dagrun for example_complex to None, run_after=None
[2024-07-05T14:09:17.468+0000] {processor.py:183} INFO - Processing /home/airflow/.local/lib/python3.12/site-packages/airflow/example_dags/example_complex.py took 0.046 seconds
[2024-07-05T14:09:48.214+0000] {processor.py:161} INFO - Started process (PID=91) to work on /home/airflow/.local/lib/python3.12/site-packages/airflow/example_dags/example_complex.py
[2024-07-05T14:09:48.215+0000] {processor.py:830} INFO - Processing file /home/airflow/.local/lib/python3.12/site-packages/airflow/example_dags/example_complex.py for tasks to queue
[2024-07-05T14:09:48.216+0000] {logging_mixin.py:188} INFO - [2024-07-05T14:09:48.216+0000] {dagbag.py:545} INFO - Filling up the DagBag from /home/airflow/.local/lib/python3.12/site-packages/airflow/example_dags/example_complex.py
[2024-07-05T14:09:48.221+0000] {processor.py:840} INFO - DAG(s) 'example_complex' retrieved from /home/airflow/.local/lib/python3.12/site-packages/airflow/example_dags/example_complex.py
[2024-07-05T14:09:48.274+0000] {logging_mixin.py:188} INFO - [2024-07-05T14:09:48.274+0000] {dag.py:3096} INFO - Sync 1 DAGs
[2024-07-05T14:09:48.278+0000] {logging_mixin.py:188} INFO - [2024-07-05T14:09:48.278+0000] {dag.py:3954} INFO - Setting next_dagrun for example_complex to None, run_after=None
[2024-07-05T14:09:48.287+0000] {processor.py:183} INFO - Processing /home/airflow/.local/lib/python3.12/site-packages/airflow/example_dags/example_complex.py took 0.076 seconds
[2024-07-05T14:10:19.174+0000] {processor.py:161} INFO - Started process (PID=149) to work on /home/airflow/.local/lib/python3.12/site-packages/airflow/example_dags/example_complex.py
[2024-07-05T14:10:19.175+0000] {processor.py:830} INFO - Processing file /home/airflow/.local/lib/python3.12/site-packages/airflow/example_dags/example_complex.py for tasks to queue
[2024-07-05T14:10:19.177+0000] {logging_mixin.py:188} INFO - [2024-07-05T14:10:19.176+0000] {dagbag.py:545} INFO - Filling up the DagBag from /home/airflow/.local/lib/python3.12/site-packages/airflow/example_dags/example_complex.py
[2024-07-05T14:10:19.188+0000] {processor.py:840} INFO - DAG(s) 'example_complex' retrieved from /home/airflow/.local/lib/python3.12/site-packages/airflow/example_dags/example_complex.py
[2024-07-05T14:10:19.210+0000] {logging_mixin.py:188} INFO - [2024-07-05T14:10:19.210+0000] {dag.py:3096} INFO - Sync 1 DAGs
[2024-07-05T14:10:19.222+0000] {logging_mixin.py:188} INFO - [2024-07-05T14:10:19.221+0000] {dag.py:3954} INFO - Setting next_dagrun for example_complex to None, run_after=None
[2024-07-05T14:10:19.255+0000] {processor.py:183} INFO - Processing /home/airflow/.local/lib/python3.12/site-packages/airflow/example_dags/example_complex.py took 0.085 seconds
[2024-07-05T14:10:49.637+0000] {processor.py:161} INFO - Started process (PID=207) to work on /home/airflow/.local/lib/python3.12/site-packages/airflow/example_dags/example_complex.py
[2024-07-05T14:10:49.638+0000] {processor.py:830} INFO - Processing file /home/airflow/.local/lib/python3.12/site-packages/airflow/example_dags/example_complex.py for tasks to queue
[2024-07-05T14:10:49.639+0000] {logging_mixin.py:188} INFO - [2024-07-05T14:10:49.639+0000] {dagbag.py:545} INFO - Filling up the DagBag from /home/airflow/.local/lib/python3.12/site-packages/airflow/example_dags/example_complex.py
[2024-07-05T14:10:49.644+0000] {processor.py:840} INFO - DAG(s) 'example_complex' retrieved from /home/airflow/.local/lib/python3.12/site-packages/airflow/example_dags/example_complex.py
[2024-07-05T14:10:49.660+0000] {logging_mixin.py:188} INFO - [2024-07-05T14:10:49.660+0000] {dag.py:3096} INFO - Sync 1 DAGs
[2024-07-05T14:10:49.666+0000] {logging_mixin.py:188} INFO - [2024-07-05T14:10:49.666+0000] {dag.py:3954} INFO - Setting next_dagrun for example_complex to None, run_after=None
[2024-07-05T14:10:49.673+0000] {processor.py:183} INFO - Processing /home/airflow/.local/lib/python3.12/site-packages/airflow/example_dags/example_complex.py took 0.041 seconds
[2024-07-05T14:11:19.850+0000] {processor.py:161} INFO - Started process (PID=265) to work on /home/airflow/.local/lib/python3.12/site-packages/airflow/example_dags/example_complex.py
[2024-07-05T14:11:19.851+0000] {processor.py:830} INFO - Processing file /home/airflow/.local/lib/python3.12/site-packages/airflow/example_dags/example_complex.py for tasks to queue
[2024-07-05T14:11:19.852+0000] {logging_mixin.py:188} INFO - [2024-07-05T14:11:19.852+0000] {dagbag.py:545} INFO - Filling up the DagBag from /home/airflow/.local/lib/python3.12/site-packages/airflow/example_dags/example_complex.py
[2024-07-05T14:11:19.857+0000] {processor.py:840} INFO - DAG(s) 'example_complex' retrieved from /home/airflow/.local/lib/python3.12/site-packages/airflow/example_dags/example_complex.py
[2024-07-05T14:11:19.872+0000] {logging_mixin.py:188} INFO - [2024-07-05T14:11:19.872+0000] {dag.py:3096} INFO - Sync 1 DAGs
[2024-07-05T14:11:19.878+0000] {logging_mixin.py:188} INFO - [2024-07-05T14:11:19.878+0000] {dag.py:3954} INFO - Setting next_dagrun for example_complex to None, run_after=None
[2024-07-05T14:11:19.889+0000] {processor.py:183} INFO - Processing /home/airflow/.local/lib/python3.12/site-packages/airflow/example_dags/example_complex.py took 0.042 seconds
[2024-07-05T14:11:50.697+0000] {processor.py:161} INFO - Started process (PID=323) to work on /home/airflow/.local/lib/python3.12/site-packages/airflow/example_dags/example_complex.py
[2024-07-05T14:11:50.698+0000] {processor.py:830} INFO - Processing file /home/airflow/.local/lib/python3.12/site-packages/airflow/example_dags/example_complex.py for tasks to queue
[2024-07-05T14:11:50.699+0000] {logging_mixin.py:188} INFO - [2024-07-05T14:11:50.699+0000] {dagbag.py:545} INFO - Filling up the DagBag from /home/airflow/.local/lib/python3.12/site-packages/airflow/example_dags/example_complex.py
[2024-07-05T14:11:50.704+0000] {processor.py:840} INFO - DAG(s) 'example_complex' retrieved from /home/airflow/.local/lib/python3.12/site-packages/airflow/example_dags/example_complex.py
[2024-07-05T14:11:50.722+0000] {logging_mixin.py:188} INFO - [2024-07-05T14:11:50.722+0000] {dag.py:3096} INFO - Sync 1 DAGs
[2024-07-05T14:11:50.730+0000] {logging_mixin.py:188} INFO - [2024-07-05T14:11:50.729+0000] {dag.py:3954} INFO - Setting next_dagrun for example_complex to None, run_after=None
[2024-07-05T14:11:50.747+0000] {processor.py:183} INFO - Processing /home/airflow/.local/lib/python3.12/site-packages/airflow/example_dags/example_complex.py took 0.053 seconds
[2024-07-05T14:12:21.007+0000] {processor.py:161} INFO - Started process (PID=381) to work on /home/airflow/.local/lib/python3.12/site-packages/airflow/example_dags/example_complex.py
[2024-07-05T14:12:21.008+0000] {processor.py:830} INFO - Processing file /home/airflow/.local/lib/python3.12/site-packages/airflow/example_dags/example_complex.py for tasks to queue
[2024-07-05T14:12:21.010+0000] {logging_mixin.py:188} INFO - [2024-07-05T14:12:21.010+0000] {dagbag.py:545} INFO - Filling up the DagBag from /home/airflow/.local/lib/python3.12/site-packages/airflow/example_dags/example_complex.py
[2024-07-05T14:12:21.015+0000] {processor.py:840} INFO - DAG(s) 'example_complex' retrieved from /home/airflow/.local/lib/python3.12/site-packages/airflow/example_dags/example_complex.py
[2024-07-05T14:12:21.031+0000] {logging_mixin.py:188} INFO - [2024-07-05T14:12:21.031+0000] {dag.py:3096} INFO - Sync 1 DAGs
[2024-07-05T14:12:21.038+0000] {logging_mixin.py:188} INFO - [2024-07-05T14:12:21.038+0000] {dag.py:3954} INFO - Setting next_dagrun for example_complex to None, run_after=None
[2024-07-05T14:12:21.049+0000] {processor.py:183} INFO - Processing /home/airflow/.local/lib/python3.12/site-packages/airflow/example_dags/example_complex.py took 0.045 seconds
[2024-07-05T14:12:51.769+0000] {processor.py:161} INFO - Started process (PID=439) to work on /home/airflow/.local/lib/python3.12/site-packages/airflow/example_dags/example_complex.py
[2024-07-05T14:12:51.772+0000] {processor.py:830} INFO - Processing file /home/airflow/.local/lib/python3.12/site-packages/airflow/example_dags/example_complex.py for tasks to queue
[2024-07-05T14:12:51.775+0000] {logging_mixin.py:188} INFO - [2024-07-05T14:12:51.775+0000] {dagbag.py:545} INFO - Filling up the DagBag from /home/airflow/.local/lib/python3.12/site-packages/airflow/example_dags/example_complex.py
[2024-07-05T14:12:51.783+0000] {processor.py:840} INFO - DAG(s) 'example_complex' retrieved from /home/airflow/.local/lib/python3.12/site-packages/airflow/example_dags/example_complex.py
[2024-07-05T14:12:51.809+0000] {logging_mixin.py:188} INFO - [2024-07-05T14:12:51.809+0000] {dag.py:3096} INFO - Sync 1 DAGs
[2024-07-05T14:12:51.818+0000] {logging_mixin.py:188} INFO - [2024-07-05T14:12:51.817+0000] {dag.py:3954} INFO - Setting next_dagrun for example_complex to None, run_after=None
[2024-07-05T14:12:51.829+0000] {processor.py:183} INFO - Processing /home/airflow/.local/lib/python3.12/site-packages/airflow/example_dags/example_complex.py took 0.090 seconds
[2024-07-05T14:13:21.896+0000] {processor.py:161} INFO - Started process (PID=497) to work on /home/airflow/.local/lib/python3.12/site-packages/airflow/example_dags/example_complex.py
[2024-07-05T14:13:21.897+0000] {processor.py:830} INFO - Processing file /home/airflow/.local/lib/python3.12/site-packages/airflow/example_dags/example_complex.py for tasks to queue
[2024-07-05T14:13:21.899+0000] {logging_mixin.py:188} INFO - [2024-07-05T14:13:21.898+0000] {dagbag.py:545} INFO - Filling up the DagBag from /home/airflow/.local/lib/python3.12/site-packages/airflow/example_dags/example_complex.py
[2024-07-05T14:13:21.904+0000] {processor.py:840} INFO - DAG(s) 'example_complex' retrieved from /home/airflow/.local/lib/python3.12/site-packages/airflow/example_dags/example_complex.py
[2024-07-05T14:13:21.925+0000] {logging_mixin.py:188} INFO - [2024-07-05T14:13:21.925+0000] {dag.py:3096} INFO - Sync 1 DAGs
[2024-07-05T14:13:21.934+0000] {logging_mixin.py:188} INFO - [2024-07-05T14:13:21.933+0000] {dag.py:3954} INFO - Setting next_dagrun for example_complex to None, run_after=None
[2024-07-05T14:13:21.945+0000] {processor.py:183} INFO - Processing /home/airflow/.local/lib/python3.12/site-packages/airflow/example_dags/example_complex.py took 0.053 seconds
[2024-07-05T14:13:52.087+0000] {processor.py:161} INFO - Started process (PID=555) to work on /home/airflow/.local/lib/python3.12/site-packages/airflow/example_dags/example_complex.py
[2024-07-05T14:13:52.088+0000] {processor.py:830} INFO - Processing file /home/airflow/.local/lib/python3.12/site-packages/airflow/example_dags/example_complex.py for tasks to queue
[2024-07-05T14:13:52.089+0000] {logging_mixin.py:188} INFO - [2024-07-05T14:13:52.089+0000] {dagbag.py:545} INFO - Filling up the DagBag from /home/airflow/.local/lib/python3.12/site-packages/airflow/example_dags/example_complex.py
[2024-07-05T14:13:52.097+0000] {processor.py:840} INFO - DAG(s) 'example_complex' retrieved from /home/airflow/.local/lib/python3.12/site-packages/airflow/example_dags/example_complex.py
[2024-07-05T14:13:52.115+0000] {logging_mixin.py:188} INFO - [2024-07-05T14:13:52.115+0000] {dag.py:3096} INFO - Sync 1 DAGs
[2024-07-05T14:13:52.121+0000] {logging_mixin.py:188} INFO - [2024-07-05T14:13:52.121+0000] {dag.py:3954} INFO - Setting next_dagrun for example_complex to None, run_after=None
[2024-07-05T14:13:52.129+0000] {processor.py:183} INFO - Processing /home/airflow/.local/lib/python3.12/site-packages/airflow/example_dags/example_complex.py took 0.044 seconds
[2024-07-05T14:14:22.432+0000] {processor.py:161} INFO - Started process (PID=613) to work on /home/airflow/.local/lib/python3.12/site-packages/airflow/example_dags/example_complex.py
[2024-07-05T14:14:22.434+0000] {processor.py:830} INFO - Processing file /home/airflow/.local/lib/python3.12/site-packages/airflow/example_dags/example_complex.py for tasks to queue
[2024-07-05T14:14:22.436+0000] {logging_mixin.py:188} INFO - [2024-07-05T14:14:22.436+0000] {dagbag.py:545} INFO - Filling up the DagBag from /home/airflow/.local/lib/python3.12/site-packages/airflow/example_dags/example_complex.py
[2024-07-05T14:14:22.441+0000] {processor.py:840} INFO - DAG(s) 'example_complex' retrieved from /home/airflow/.local/lib/python3.12/site-packages/airflow/example_dags/example_complex.py
[2024-07-05T14:14:22.459+0000] {logging_mixin.py:188} INFO - [2024-07-05T14:14:22.458+0000] {dag.py:3096} INFO - Sync 1 DAGs
[2024-07-05T14:14:22.465+0000] {logging_mixin.py:188} INFO - [2024-07-05T14:14:22.465+0000] {dag.py:3954} INFO - Setting next_dagrun for example_complex to None, run_after=None
[2024-07-05T14:14:22.477+0000] {processor.py:183} INFO - Processing /home/airflow/.local/lib/python3.12/site-packages/airflow/example_dags/example_complex.py took 0.056 seconds
[2024-07-05T14:14:52.945+0000] {processor.py:161} INFO - Started process (PID=671) to work on /home/airflow/.local/lib/python3.12/site-packages/airflow/example_dags/example_complex.py
[2024-07-05T14:14:52.945+0000] {processor.py:830} INFO - Processing file /home/airflow/.local/lib/python3.12/site-packages/airflow/example_dags/example_complex.py for tasks to queue
[2024-07-05T14:14:52.946+0000] {logging_mixin.py:188} INFO - [2024-07-05T14:14:52.946+0000] {dagbag.py:545} INFO - Filling up the DagBag from /home/airflow/.local/lib/python3.12/site-packages/airflow/example_dags/example_complex.py
[2024-07-05T14:14:52.952+0000] {processor.py:840} INFO - DAG(s) 'example_complex' retrieved from /home/airflow/.local/lib/python3.12/site-packages/airflow/example_dags/example_complex.py
[2024-07-05T14:14:52.970+0000] {logging_mixin.py:188} INFO - [2024-07-05T14:14:52.970+0000] {dag.py:3096} INFO - Sync 1 DAGs
[2024-07-05T14:14:52.978+0000] {logging_mixin.py:188} INFO - [2024-07-05T14:14:52.978+0000] {dag.py:3954} INFO - Setting next_dagrun for example_complex to None, run_after=None
[2024-07-05T14:14:52.986+0000] {processor.py:183} INFO - Processing /home/airflow/.local/lib/python3.12/site-packages/airflow/example_dags/example_complex.py took 0.045 seconds
[2024-07-05T14:15:23.395+0000] {processor.py:161} INFO - Started process (PID=729) to work on /home/airflow/.local/lib/python3.12/site-packages/airflow/example_dags/example_complex.py
[2024-07-05T14:15:23.396+0000] {processor.py:830} INFO - Processing file /home/airflow/.local/lib/python3.12/site-packages/airflow/example_dags/example_complex.py for tasks to queue
[2024-07-05T14:15:23.398+0000] {logging_mixin.py:188} INFO - [2024-07-05T14:15:23.397+0000] {dagbag.py:545} INFO - Filling up the DagBag from /home/airflow/.local/lib/python3.12/site-packages/airflow/example_dags/example_complex.py
[2024-07-05T14:15:23.406+0000] {processor.py:840} INFO - DAG(s) 'example_complex' retrieved from /home/airflow/.local/lib/python3.12/site-packages/airflow/example_dags/example_complex.py
[2024-07-05T14:15:23.427+0000] {logging_mixin.py:188} INFO - [2024-07-05T14:15:23.426+0000] {dag.py:3096} INFO - Sync 1 DAGs
[2024-07-05T14:15:23.435+0000] {logging_mixin.py:188} INFO - [2024-07-05T14:15:23.434+0000] {dag.py:3954} INFO - Setting next_dagrun for example_complex to None, run_after=None
[2024-07-05T14:15:23.443+0000] {processor.py:183} INFO - Processing /home/airflow/.local/lib/python3.12/site-packages/airflow/example_dags/example_complex.py took 0.052 seconds
[2024-07-05T14:15:53.761+0000] {processor.py:161} INFO - Started process (PID=787) to work on /home/airflow/.local/lib/python3.12/site-packages/airflow/example_dags/example_complex.py
[2024-07-05T14:15:53.762+0000] {processor.py:830} INFO - Processing file /home/airflow/.local/lib/python3.12/site-packages/airflow/example_dags/example_complex.py for tasks to queue
[2024-07-05T14:15:53.763+0000] {logging_mixin.py:188} INFO - [2024-07-05T14:15:53.763+0000] {dagbag.py:545} INFO - Filling up the DagBag from /home/airflow/.local/lib/python3.12/site-packages/airflow/example_dags/example_complex.py
[2024-07-05T14:15:53.769+0000] {processor.py:840} INFO - DAG(s) 'example_complex' retrieved from /home/airflow/.local/lib/python3.12/site-packages/airflow/example_dags/example_complex.py
[2024-07-05T14:15:53.783+0000] {logging_mixin.py:188} INFO - [2024-07-05T14:15:53.783+0000] {dag.py:3096} INFO - Sync 1 DAGs
[2024-07-05T14:15:53.788+0000] {logging_mixin.py:188} INFO - [2024-07-05T14:15:53.788+0000] {dag.py:3954} INFO - Setting next_dagrun for example_complex to None, run_after=None
[2024-07-05T14:15:53.795+0000] {processor.py:183} INFO - Processing /home/airflow/.local/lib/python3.12/site-packages/airflow/example_dags/example_complex.py took 0.037 seconds
[2024-07-05T14:16:24.092+0000] {processor.py:161} INFO - Started process (PID=845) to work on /home/airflow/.local/lib/python3.12/site-packages/airflow/example_dags/example_complex.py
[2024-07-05T14:16:24.092+0000] {processor.py:830} INFO - Processing file /home/airflow/.local/lib/python3.12/site-packages/airflow/example_dags/example_complex.py for tasks to queue
[2024-07-05T14:16:24.093+0000] {logging_mixin.py:188} INFO - [2024-07-05T14:16:24.093+0000] {dagbag.py:545} INFO - Filling up the DagBag from /home/airflow/.local/lib/python3.12/site-packages/airflow/example_dags/example_complex.py
[2024-07-05T14:16:24.098+0000] {processor.py:840} INFO - DAG(s) 'example_complex' retrieved from /home/airflow/.local/lib/python3.12/site-packages/airflow/example_dags/example_complex.py
[2024-07-05T14:16:24.112+0000] {logging_mixin.py:188} INFO - [2024-07-05T14:16:24.112+0000] {dag.py:3096} INFO - Sync 1 DAGs
[2024-07-05T14:16:24.118+0000] {logging_mixin.py:188} INFO - [2024-07-05T14:16:24.118+0000] {dag.py:3954} INFO - Setting next_dagrun for example_complex to None, run_after=None
[2024-07-05T14:16:24.125+0000] {processor.py:183} INFO - Processing /home/airflow/.local/lib/python3.12/site-packages/airflow/example_dags/example_complex.py took 0.036 seconds
[2024-07-05T14:16:54.556+0000] {processor.py:161} INFO - Started process (PID=903) to work on /home/airflow/.local/lib/python3.12/site-packages/airflow/example_dags/example_complex.py
[2024-07-05T14:16:54.557+0000] {processor.py:830} INFO - Processing file /home/airflow/.local/lib/python3.12/site-packages/airflow/example_dags/example_complex.py for tasks to queue
[2024-07-05T14:16:54.558+0000] {logging_mixin.py:188} INFO - [2024-07-05T14:16:54.558+0000] {dagbag.py:545} INFO - Filling up the DagBag from /home/airflow/.local/lib/python3.12/site-packages/airflow/example_dags/example_complex.py
[2024-07-05T14:16:54.563+0000] {processor.py:840} INFO - DAG(s) 'example_complex' retrieved from /home/airflow/.local/lib/python3.12/site-packages/airflow/example_dags/example_complex.py
[2024-07-05T14:16:54.578+0000] {logging_mixin.py:188} INFO - [2024-07-05T14:16:54.578+0000] {dag.py:3096} INFO - Sync 1 DAGs
[2024-07-05T14:16:54.583+0000] {logging_mixin.py:188} INFO - [2024-07-05T14:16:54.583+0000] {dag.py:3954} INFO - Setting next_dagrun for example_complex to None, run_after=None
[2024-07-05T14:16:54.591+0000] {processor.py:183} INFO - Processing /home/airflow/.local/lib/python3.12/site-packages/airflow/example_dags/example_complex.py took 0.039 seconds
[2024-07-05T14:17:24.863+0000] {processor.py:161} INFO - Started process (PID=961) to work on /home/airflow/.local/lib/python3.12/site-packages/airflow/example_dags/example_complex.py
[2024-07-05T14:17:24.864+0000] {processor.py:830} INFO - Processing file /home/airflow/.local/lib/python3.12/site-packages/airflow/example_dags/example_complex.py for tasks to queue
[2024-07-05T14:17:24.866+0000] {logging_mixin.py:188} INFO - [2024-07-05T14:17:24.865+0000] {dagbag.py:545} INFO - Filling up the DagBag from /home/airflow/.local/lib/python3.12/site-packages/airflow/example_dags/example_complex.py
[2024-07-05T14:17:24.871+0000] {processor.py:840} INFO - DAG(s) 'example_complex' retrieved from /home/airflow/.local/lib/python3.12/site-packages/airflow/example_dags/example_complex.py
[2024-07-05T14:17:24.886+0000] {logging_mixin.py:188} INFO - [2024-07-05T14:17:24.886+0000] {dag.py:3096} INFO - Sync 1 DAGs
[2024-07-05T14:17:24.891+0000] {logging_mixin.py:188} INFO - [2024-07-05T14:17:24.891+0000] {dag.py:3954} INFO - Setting next_dagrun for example_complex to None, run_after=None
[2024-07-05T14:17:24.899+0000] {processor.py:183} INFO - Processing /home/airflow/.local/lib/python3.12/site-packages/airflow/example_dags/example_complex.py took 0.040 seconds
[2024-07-05T14:17:55.337+0000] {processor.py:161} INFO - Started process (PID=1019) to work on /home/airflow/.local/lib/python3.12/site-packages/airflow/example_dags/example_complex.py
[2024-07-05T14:17:55.338+0000] {processor.py:830} INFO - Processing file /home/airflow/.local/lib/python3.12/site-packages/airflow/example_dags/example_complex.py for tasks to queue
[2024-07-05T14:17:55.339+0000] {logging_mixin.py:188} INFO - [2024-07-05T14:17:55.339+0000] {dagbag.py:545} INFO - Filling up the DagBag from /home/airflow/.local/lib/python3.12/site-packages/airflow/example_dags/example_complex.py
[2024-07-05T14:17:55.346+0000] {processor.py:840} INFO - DAG(s) 'example_complex' retrieved from /home/airflow/.local/lib/python3.12/site-packages/airflow/example_dags/example_complex.py
[2024-07-05T14:17:55.362+0000] {logging_mixin.py:188} INFO - [2024-07-05T14:17:55.362+0000] {dag.py:3096} INFO - Sync 1 DAGs
[2024-07-05T14:17:55.368+0000] {logging_mixin.py:188} INFO - [2024-07-05T14:17:55.367+0000] {dag.py:3954} INFO - Setting next_dagrun for example_complex to None, run_after=None
[2024-07-05T14:17:55.375+0000] {processor.py:183} INFO - Processing /home/airflow/.local/lib/python3.12/site-packages/airflow/example_dags/example_complex.py took 0.041 seconds
[2024-07-05T14:18:25.995+0000] {processor.py:161} INFO - Started process (PID=1077) to work on /home/airflow/.local/lib/python3.12/site-packages/airflow/example_dags/example_complex.py
[2024-07-05T14:18:25.996+0000] {processor.py:830} INFO - Processing file /home/airflow/.local/lib/python3.12/site-packages/airflow/example_dags/example_complex.py for tasks to queue
[2024-07-05T14:18:25.997+0000] {logging_mixin.py:188} INFO - [2024-07-05T14:18:25.997+0000] {dagbag.py:545} INFO - Filling up the DagBag from /home/airflow/.local/lib/python3.12/site-packages/airflow/example_dags/example_complex.py
[2024-07-05T14:18:26.002+0000] {processor.py:840} INFO - DAG(s) 'example_complex' retrieved from /home/airflow/.local/lib/python3.12/site-packages/airflow/example_dags/example_complex.py
[2024-07-05T14:18:26.024+0000] {logging_mixin.py:188} INFO - [2024-07-05T14:18:26.024+0000] {dag.py:3096} INFO - Sync 1 DAGs
[2024-07-05T14:18:26.030+0000] {logging_mixin.py:188} INFO - [2024-07-05T14:18:26.030+0000] {dag.py:3954} INFO - Setting next_dagrun for example_complex to None, run_after=None
[2024-07-05T14:18:26.037+0000] {processor.py:183} INFO - Processing /home/airflow/.local/lib/python3.12/site-packages/airflow/example_dags/example_complex.py took 0.045 seconds
[2024-07-05T14:18:56.428+0000] {processor.py:161} INFO - Started process (PID=1134) to work on /home/airflow/.local/lib/python3.12/site-packages/airflow/example_dags/example_complex.py
[2024-07-05T14:18:56.429+0000] {processor.py:830} INFO - Processing file /home/airflow/.local/lib/python3.12/site-packages/airflow/example_dags/example_complex.py for tasks to queue
[2024-07-05T14:18:56.431+0000] {logging_mixin.py:188} INFO - [2024-07-05T14:18:56.430+0000] {dagbag.py:545} INFO - Filling up the DagBag from /home/airflow/.local/lib/python3.12/site-packages/airflow/example_dags/example_complex.py
[2024-07-05T14:18:56.436+0000] {processor.py:840} INFO - DAG(s) 'example_complex' retrieved from /home/airflow/.local/lib/python3.12/site-packages/airflow/example_dags/example_complex.py
[2024-07-05T14:18:56.450+0000] {logging_mixin.py:188} INFO - [2024-07-05T14:18:56.450+0000] {dag.py:3096} INFO - Sync 1 DAGs
[2024-07-05T14:18:56.456+0000] {logging_mixin.py:188} INFO - [2024-07-05T14:18:56.456+0000] {dag.py:3954} INFO - Setting next_dagrun for example_complex to None, run_after=None
[2024-07-05T14:18:56.464+0000] {processor.py:183} INFO - Processing /home/airflow/.local/lib/python3.12/site-packages/airflow/example_dags/example_complex.py took 0.039 seconds
[2024-07-05T14:19:26.704+0000] {processor.py:161} INFO - Started process (PID=1192) to work on /home/airflow/.local/lib/python3.12/site-packages/airflow/example_dags/example_complex.py
[2024-07-05T14:19:26.706+0000] {processor.py:830} INFO - Processing file /home/airflow/.local/lib/python3.12/site-packages/airflow/example_dags/example_complex.py for tasks to queue
[2024-07-05T14:19:26.707+0000] {logging_mixin.py:188} INFO - [2024-07-05T14:19:26.707+0000] {dagbag.py:545} INFO - Filling up the DagBag from /home/airflow/.local/lib/python3.12/site-packages/airflow/example_dags/example_complex.py
[2024-07-05T14:19:26.715+0000] {processor.py:840} INFO - DAG(s) 'example_complex' retrieved from /home/airflow/.local/lib/python3.12/site-packages/airflow/example_dags/example_complex.py
[2024-07-05T14:19:26.732+0000] {logging_mixin.py:188} INFO - [2024-07-05T14:19:26.731+0000] {dag.py:3096} INFO - Sync 1 DAGs
[2024-07-05T14:19:26.737+0000] {logging_mixin.py:188} INFO - [2024-07-05T14:19:26.737+0000] {dag.py:3954} INFO - Setting next_dagrun for example_complex to None, run_after=None
[2024-07-05T14:19:26.745+0000] {processor.py:183} INFO - Processing /home/airflow/.local/lib/python3.12/site-packages/airflow/example_dags/example_complex.py took 0.046 seconds
[2024-07-05T14:19:57.027+0000] {processor.py:161} INFO - Started process (PID=1250) to work on /home/airflow/.local/lib/python3.12/site-packages/airflow/example_dags/example_complex.py
[2024-07-05T14:19:57.028+0000] {processor.py:830} INFO - Processing file /home/airflow/.local/lib/python3.12/site-packages/airflow/example_dags/example_complex.py for tasks to queue
[2024-07-05T14:19:57.029+0000] {logging_mixin.py:188} INFO - [2024-07-05T14:19:57.029+0000] {dagbag.py:545} INFO - Filling up the DagBag from /home/airflow/.local/lib/python3.12/site-packages/airflow/example_dags/example_complex.py
[2024-07-05T14:19:57.035+0000] {processor.py:840} INFO - DAG(s) 'example_complex' retrieved from /home/airflow/.local/lib/python3.12/site-packages/airflow/example_dags/example_complex.py
[2024-07-05T14:19:57.043+0000] {logging_mixin.py:188} INFO - [2024-07-05T14:19:57.042+0000] {dag.py:3096} INFO - Sync 1 DAGs
[2024-07-05T14:19:57.049+0000] {logging_mixin.py:188} INFO - [2024-07-05T14:19:57.049+0000] {dag.py:3954} INFO - Setting next_dagrun for example_complex to None, run_after=None
[2024-07-05T14:19:57.059+0000] {processor.py:183} INFO - Processing /home/airflow/.local/lib/python3.12/site-packages/airflow/example_dags/example_complex.py took 0.036 seconds
[2024-07-05T14:20:27.640+0000] {processor.py:161} INFO - Started process (PID=1308) to work on /home/airflow/.local/lib/python3.12/site-packages/airflow/example_dags/example_complex.py
[2024-07-05T14:20:27.645+0000] {processor.py:830} INFO - Processing file /home/airflow/.local/lib/python3.12/site-packages/airflow/example_dags/example_complex.py for tasks to queue
[2024-07-05T14:20:27.651+0000] {logging_mixin.py:188} INFO - [2024-07-05T14:20:27.651+0000] {dagbag.py:545} INFO - Filling up the DagBag from /home/airflow/.local/lib/python3.12/site-packages/airflow/example_dags/example_complex.py
[2024-07-05T14:20:27.657+0000] {processor.py:840} INFO - DAG(s) 'example_complex' retrieved from /home/airflow/.local/lib/python3.12/site-packages/airflow/example_dags/example_complex.py
[2024-07-05T14:20:27.707+0000] {logging_mixin.py:188} INFO - [2024-07-05T14:20:27.707+0000] {dag.py:3096} INFO - Sync 1 DAGs
[2024-07-05T14:20:27.788+0000] {logging_mixin.py:188} INFO - [2024-07-05T14:20:27.788+0000] {dag.py:3954} INFO - Setting next_dagrun for example_complex to None, run_after=None
[2024-07-05T14:20:27.805+0000] {processor.py:183} INFO - Processing /home/airflow/.local/lib/python3.12/site-packages/airflow/example_dags/example_complex.py took 0.168 seconds
[2024-07-05T14:20:58.253+0000] {processor.py:161} INFO - Started process (PID=1366) to work on /home/airflow/.local/lib/python3.12/site-packages/airflow/example_dags/example_complex.py
[2024-07-05T14:20:58.254+0000] {processor.py:830} INFO - Processing file /home/airflow/.local/lib/python3.12/site-packages/airflow/example_dags/example_complex.py for tasks to queue
[2024-07-05T14:20:58.255+0000] {logging_mixin.py:188} INFO - [2024-07-05T14:20:58.255+0000] {dagbag.py:545} INFO - Filling up the DagBag from /home/airflow/.local/lib/python3.12/site-packages/airflow/example_dags/example_complex.py
[2024-07-05T14:20:58.260+0000] {processor.py:840} INFO - DAG(s) 'example_complex' retrieved from /home/airflow/.local/lib/python3.12/site-packages/airflow/example_dags/example_complex.py
[2024-07-05T14:20:58.274+0000] {logging_mixin.py:188} INFO - [2024-07-05T14:20:58.274+0000] {dag.py:3096} INFO - Sync 1 DAGs
[2024-07-05T14:20:58.279+0000] {logging_mixin.py:188} INFO - [2024-07-05T14:20:58.279+0000] {dag.py:3954} INFO - Setting next_dagrun for example_complex to None, run_after=None
[2024-07-05T14:20:58.288+0000] {processor.py:183} INFO - Processing /home/airflow/.local/lib/python3.12/site-packages/airflow/example_dags/example_complex.py took 0.038 seconds
[2024-07-05T14:21:28.659+0000] {processor.py:161} INFO - Started process (PID=1424) to work on /home/airflow/.local/lib/python3.12/site-packages/airflow/example_dags/example_complex.py
[2024-07-05T14:21:28.660+0000] {processor.py:830} INFO - Processing file /home/airflow/.local/lib/python3.12/site-packages/airflow/example_dags/example_complex.py for tasks to queue
[2024-07-05T14:21:28.661+0000] {logging_mixin.py:188} INFO - [2024-07-05T14:21:28.661+0000] {dagbag.py:545} INFO - Filling up the DagBag from /home/airflow/.local/lib/python3.12/site-packages/airflow/example_dags/example_complex.py
[2024-07-05T14:21:28.667+0000] {processor.py:840} INFO - DAG(s) 'example_complex' retrieved from /home/airflow/.local/lib/python3.12/site-packages/airflow/example_dags/example_complex.py
[2024-07-05T14:21:28.681+0000] {logging_mixin.py:188} INFO - [2024-07-05T14:21:28.681+0000] {dag.py:3096} INFO - Sync 1 DAGs
[2024-07-05T14:21:28.687+0000] {logging_mixin.py:188} INFO - [2024-07-05T14:21:28.687+0000] {dag.py:3954} INFO - Setting next_dagrun for example_complex to None, run_after=None
[2024-07-05T14:21:28.695+0000] {processor.py:183} INFO - Processing /home/airflow/.local/lib/python3.12/site-packages/airflow/example_dags/example_complex.py took 0.038 seconds
[2024-07-05T14:21:59.149+0000] {processor.py:161} INFO - Started process (PID=1482) to work on /home/airflow/.local/lib/python3.12/site-packages/airflow/example_dags/example_complex.py
[2024-07-05T14:21:59.151+0000] {processor.py:830} INFO - Processing file /home/airflow/.local/lib/python3.12/site-packages/airflow/example_dags/example_complex.py for tasks to queue
[2024-07-05T14:21:59.152+0000] {logging_mixin.py:188} INFO - [2024-07-05T14:21:59.152+0000] {dagbag.py:545} INFO - Filling up the DagBag from /home/airflow/.local/lib/python3.12/site-packages/airflow/example_dags/example_complex.py
[2024-07-05T14:21:59.161+0000] {processor.py:840} INFO - DAG(s) 'example_complex' retrieved from /home/airflow/.local/lib/python3.12/site-packages/airflow/example_dags/example_complex.py
[2024-07-05T14:21:59.192+0000] {logging_mixin.py:188} INFO - [2024-07-05T14:21:59.192+0000] {dag.py:3096} INFO - Sync 1 DAGs
[2024-07-05T14:21:59.199+0000] {logging_mixin.py:188} INFO - [2024-07-05T14:21:59.199+0000] {dag.py:3954} INFO - Setting next_dagrun for example_complex to None, run_after=None
[2024-07-05T14:21:59.208+0000] {processor.py:183} INFO - Processing /home/airflow/.local/lib/python3.12/site-packages/airflow/example_dags/example_complex.py took 0.063 seconds
[2024-07-05T14:22:29.670+0000] {processor.py:161} INFO - Started process (PID=1540) to work on /home/airflow/.local/lib/python3.12/site-packages/airflow/example_dags/example_complex.py
[2024-07-05T14:22:29.671+0000] {processor.py:830} INFO - Processing file /home/airflow/.local/lib/python3.12/site-packages/airflow/example_dags/example_complex.py for tasks to queue
[2024-07-05T14:22:29.672+0000] {logging_mixin.py:188} INFO - [2024-07-05T14:22:29.672+0000] {dagbag.py:545} INFO - Filling up the DagBag from /home/airflow/.local/lib/python3.12/site-packages/airflow/example_dags/example_complex.py
[2024-07-05T14:22:29.679+0000] {processor.py:840} INFO - DAG(s) 'example_complex' retrieved from /home/airflow/.local/lib/python3.12/site-packages/airflow/example_dags/example_complex.py
[2024-07-05T14:22:29.701+0000] {logging_mixin.py:188} INFO - [2024-07-05T14:22:29.701+0000] {dag.py:3096} INFO - Sync 1 DAGs
[2024-07-05T14:22:29.712+0000] {logging_mixin.py:188} INFO - [2024-07-05T14:22:29.712+0000] {dag.py:3954} INFO - Setting next_dagrun for example_complex to None, run_after=None
[2024-07-05T14:22:29.730+0000] {processor.py:183} INFO - Processing /home/airflow/.local/lib/python3.12/site-packages/airflow/example_dags/example_complex.py took 0.064 seconds
[2024-07-05T14:22:59.874+0000] {processor.py:161} INFO - Started process (PID=1597) to work on /home/airflow/.local/lib/python3.12/site-packages/airflow/example_dags/example_complex.py
[2024-07-05T14:22:59.875+0000] {processor.py:830} INFO - Processing file /home/airflow/.local/lib/python3.12/site-packages/airflow/example_dags/example_complex.py for tasks to queue
[2024-07-05T14:22:59.878+0000] {logging_mixin.py:188} INFO - [2024-07-05T14:22:59.878+0000] {dagbag.py:545} INFO - Filling up the DagBag from /home/airflow/.local/lib/python3.12/site-packages/airflow/example_dags/example_complex.py
[2024-07-05T14:22:59.890+0000] {processor.py:840} INFO - DAG(s) 'example_complex' retrieved from /home/airflow/.local/lib/python3.12/site-packages/airflow/example_dags/example_complex.py
[2024-07-05T14:22:59.932+0000] {logging_mixin.py:188} INFO - [2024-07-05T14:22:59.932+0000] {dag.py:3096} INFO - Sync 1 DAGs
[2024-07-05T14:22:59.943+0000] {logging_mixin.py:188} INFO - [2024-07-05T14:22:59.943+0000] {dag.py:3954} INFO - Setting next_dagrun for example_complex to None, run_after=None
[2024-07-05T14:22:59.967+0000] {processor.py:183} INFO - Processing /home/airflow/.local/lib/python3.12/site-packages/airflow/example_dags/example_complex.py took 0.103 seconds
[2024-07-05T14:23:30.596+0000] {processor.py:161} INFO - Started process (PID=1656) to work on /home/airflow/.local/lib/python3.12/site-packages/airflow/example_dags/example_complex.py
[2024-07-05T14:23:30.598+0000] {processor.py:830} INFO - Processing file /home/airflow/.local/lib/python3.12/site-packages/airflow/example_dags/example_complex.py for tasks to queue
[2024-07-05T14:23:30.600+0000] {logging_mixin.py:188} INFO - [2024-07-05T14:23:30.600+0000] {dagbag.py:545} INFO - Filling up the DagBag from /home/airflow/.local/lib/python3.12/site-packages/airflow/example_dags/example_complex.py
[2024-07-05T14:23:30.610+0000] {processor.py:840} INFO - DAG(s) 'example_complex' retrieved from /home/airflow/.local/lib/python3.12/site-packages/airflow/example_dags/example_complex.py
[2024-07-05T14:23:30.626+0000] {logging_mixin.py:188} INFO - [2024-07-05T14:23:30.626+0000] {dag.py:3096} INFO - Sync 1 DAGs
[2024-07-05T14:23:30.632+0000] {logging_mixin.py:188} INFO - [2024-07-05T14:23:30.632+0000] {dag.py:3954} INFO - Setting next_dagrun for example_complex to None, run_after=None
[2024-07-05T14:23:30.641+0000] {processor.py:183} INFO - Processing /home/airflow/.local/lib/python3.12/site-packages/airflow/example_dags/example_complex.py took 0.053 seconds
[2024-07-05T14:24:01.058+0000] {processor.py:161} INFO - Started process (PID=1714) to work on /home/airflow/.local/lib/python3.12/site-packages/airflow/example_dags/example_complex.py
[2024-07-05T14:24:01.058+0000] {processor.py:830} INFO - Processing file /home/airflow/.local/lib/python3.12/site-packages/airflow/example_dags/example_complex.py for tasks to queue
[2024-07-05T14:24:01.060+0000] {logging_mixin.py:188} INFO - [2024-07-05T14:24:01.060+0000] {dagbag.py:545} INFO - Filling up the DagBag from /home/airflow/.local/lib/python3.12/site-packages/airflow/example_dags/example_complex.py
[2024-07-05T14:24:01.066+0000] {processor.py:840} INFO - DAG(s) 'example_complex' retrieved from /home/airflow/.local/lib/python3.12/site-packages/airflow/example_dags/example_complex.py
[2024-07-05T14:24:01.082+0000] {logging_mixin.py:188} INFO - [2024-07-05T14:24:01.082+0000] {dag.py:3096} INFO - Sync 1 DAGs
[2024-07-05T14:24:01.088+0000] {logging_mixin.py:188} INFO - [2024-07-05T14:24:01.087+0000] {dag.py:3954} INFO - Setting next_dagrun for example_complex to None, run_after=None
[2024-07-05T14:24:01.097+0000] {processor.py:183} INFO - Processing /home/airflow/.local/lib/python3.12/site-packages/airflow/example_dags/example_complex.py took 0.043 seconds
[2024-07-05T14:24:31.296+0000] {processor.py:161} INFO - Started process (PID=1771) to work on /home/airflow/.local/lib/python3.12/site-packages/airflow/example_dags/example_complex.py
[2024-07-05T14:24:31.297+0000] {processor.py:830} INFO - Processing file /home/airflow/.local/lib/python3.12/site-packages/airflow/example_dags/example_complex.py for tasks to queue
[2024-07-05T14:24:31.298+0000] {logging_mixin.py:188} INFO - [2024-07-05T14:24:31.298+0000] {dagbag.py:545} INFO - Filling up the DagBag from /home/airflow/.local/lib/python3.12/site-packages/airflow/example_dags/example_complex.py
[2024-07-05T14:24:31.305+0000] {processor.py:840} INFO - DAG(s) 'example_complex' retrieved from /home/airflow/.local/lib/python3.12/site-packages/airflow/example_dags/example_complex.py
[2024-07-05T14:24:31.323+0000] {logging_mixin.py:188} INFO - [2024-07-05T14:24:31.322+0000] {dag.py:3096} INFO - Sync 1 DAGs
[2024-07-05T14:24:31.329+0000] {logging_mixin.py:188} INFO - [2024-07-05T14:24:31.329+0000] {dag.py:3954} INFO - Setting next_dagrun for example_complex to None, run_after=None
[2024-07-05T14:24:31.337+0000] {processor.py:183} INFO - Processing /home/airflow/.local/lib/python3.12/site-packages/airflow/example_dags/example_complex.py took 0.045 seconds
[2024-07-05T14:25:01.574+0000] {processor.py:161} INFO - Started process (PID=1829) to work on /home/airflow/.local/lib/python3.12/site-packages/airflow/example_dags/example_complex.py
[2024-07-05T14:25:01.575+0000] {processor.py:830} INFO - Processing file /home/airflow/.local/lib/python3.12/site-packages/airflow/example_dags/example_complex.py for tasks to queue
[2024-07-05T14:25:01.578+0000] {logging_mixin.py:188} INFO - [2024-07-05T14:25:01.578+0000] {dagbag.py:545} INFO - Filling up the DagBag from /home/airflow/.local/lib/python3.12/site-packages/airflow/example_dags/example_complex.py
[2024-07-05T14:25:01.585+0000] {processor.py:840} INFO - DAG(s) 'example_complex' retrieved from /home/airflow/.local/lib/python3.12/site-packages/airflow/example_dags/example_complex.py
[2024-07-05T14:25:01.603+0000] {logging_mixin.py:188} INFO - [2024-07-05T14:25:01.603+0000] {dag.py:3096} INFO - Sync 1 DAGs
[2024-07-05T14:25:01.612+0000] {logging_mixin.py:188} INFO - [2024-07-05T14:25:01.611+0000] {dag.py:3954} INFO - Setting next_dagrun for example_complex to None, run_after=None
[2024-07-05T14:25:01.623+0000] {processor.py:183} INFO - Processing /home/airflow/.local/lib/python3.12/site-packages/airflow/example_dags/example_complex.py took 0.063 seconds
[2024-07-05T14:25:31.927+0000] {processor.py:161} INFO - Started process (PID=1887) to work on /home/airflow/.local/lib/python3.12/site-packages/airflow/example_dags/example_complex.py
[2024-07-05T14:25:31.927+0000] {processor.py:830} INFO - Processing file /home/airflow/.local/lib/python3.12/site-packages/airflow/example_dags/example_complex.py for tasks to queue
[2024-07-05T14:25:31.929+0000] {logging_mixin.py:188} INFO - [2024-07-05T14:25:31.929+0000] {dagbag.py:545} INFO - Filling up the DagBag from /home/airflow/.local/lib/python3.12/site-packages/airflow/example_dags/example_complex.py
[2024-07-05T14:25:31.937+0000] {processor.py:840} INFO - DAG(s) 'example_complex' retrieved from /home/airflow/.local/lib/python3.12/site-packages/airflow/example_dags/example_complex.py
[2024-07-05T14:25:31.952+0000] {logging_mixin.py:188} INFO - [2024-07-05T14:25:31.952+0000] {dag.py:3096} INFO - Sync 1 DAGs
[2024-07-05T14:25:31.958+0000] {logging_mixin.py:188} INFO - [2024-07-05T14:25:31.958+0000] {dag.py:3954} INFO - Setting next_dagrun for example_complex to None, run_after=None
[2024-07-05T14:25:31.968+0000] {processor.py:183} INFO - Processing /home/airflow/.local/lib/python3.12/site-packages/airflow/example_dags/example_complex.py took 0.045 seconds
[2024-07-05T14:26:02.483+0000] {processor.py:161} INFO - Started process (PID=1945) to work on /home/airflow/.local/lib/python3.12/site-packages/airflow/example_dags/example_complex.py
[2024-07-05T14:26:02.484+0000] {processor.py:830} INFO - Processing file /home/airflow/.local/lib/python3.12/site-packages/airflow/example_dags/example_complex.py for tasks to queue
[2024-07-05T14:26:02.486+0000] {logging_mixin.py:188} INFO - [2024-07-05T14:26:02.485+0000] {dagbag.py:545} INFO - Filling up the DagBag from /home/airflow/.local/lib/python3.12/site-packages/airflow/example_dags/example_complex.py
[2024-07-05T14:26:02.572+0000] {processor.py:840} INFO - DAG(s) 'example_complex' retrieved from /home/airflow/.local/lib/python3.12/site-packages/airflow/example_dags/example_complex.py
[2024-07-05T14:26:02.583+0000] {logging_mixin.py:188} INFO - [2024-07-05T14:26:02.583+0000] {dag.py:3096} INFO - Sync 1 DAGs
[2024-07-05T14:26:02.588+0000] {logging_mixin.py:188} INFO - [2024-07-05T14:26:02.588+0000] {dag.py:3954} INFO - Setting next_dagrun for example_complex to None, run_after=None
[2024-07-05T14:26:02.594+0000] {processor.py:183} INFO - Processing /home/airflow/.local/lib/python3.12/site-packages/airflow/example_dags/example_complex.py took 0.114 seconds
[2024-07-05T14:28:03.587+0000] {processor.py:161} INFO - Started process (PID=32) to work on /home/airflow/.local/lib/python3.12/site-packages/airflow/example_dags/example_complex.py
[2024-07-05T14:28:03.589+0000] {processor.py:830} INFO - Processing file /home/airflow/.local/lib/python3.12/site-packages/airflow/example_dags/example_complex.py for tasks to queue
[2024-07-05T14:28:03.592+0000] {logging_mixin.py:188} INFO - [2024-07-05T14:28:03.591+0000] {dagbag.py:545} INFO - Filling up the DagBag from /home/airflow/.local/lib/python3.12/site-packages/airflow/example_dags/example_complex.py
[2024-07-05T14:28:03.600+0000] {processor.py:840} INFO - DAG(s) 'example_complex' retrieved from /home/airflow/.local/lib/python3.12/site-packages/airflow/example_dags/example_complex.py
[2024-07-05T14:28:03.628+0000] {logging_mixin.py:188} INFO - [2024-07-05T14:28:03.628+0000] {dag.py:3096} INFO - Sync 1 DAGs
[2024-07-05T14:28:03.635+0000] {logging_mixin.py:188} INFO - [2024-07-05T14:28:03.635+0000] {dag.py:3954} INFO - Setting next_dagrun for example_complex to None, run_after=None
[2024-07-05T14:28:03.646+0000] {processor.py:183} INFO - Processing /home/airflow/.local/lib/python3.12/site-packages/airflow/example_dags/example_complex.py took 0.064 seconds
[2024-07-05T14:28:33.778+0000] {processor.py:161} INFO - Started process (PID=90) to work on /home/airflow/.local/lib/python3.12/site-packages/airflow/example_dags/example_complex.py
[2024-07-05T14:28:33.778+0000] {processor.py:830} INFO - Processing file /home/airflow/.local/lib/python3.12/site-packages/airflow/example_dags/example_complex.py for tasks to queue
[2024-07-05T14:28:33.779+0000] {logging_mixin.py:188} INFO - [2024-07-05T14:28:33.779+0000] {dagbag.py:545} INFO - Filling up the DagBag from /home/airflow/.local/lib/python3.12/site-packages/airflow/example_dags/example_complex.py
[2024-07-05T14:28:33.784+0000] {processor.py:840} INFO - DAG(s) 'example_complex' retrieved from /home/airflow/.local/lib/python3.12/site-packages/airflow/example_dags/example_complex.py
[2024-07-05T14:28:33.791+0000] {logging_mixin.py:188} INFO - [2024-07-05T14:28:33.790+0000] {dag.py:3096} INFO - Sync 1 DAGs
[2024-07-05T14:28:33.798+0000] {logging_mixin.py:188} INFO - [2024-07-05T14:28:33.798+0000] {dag.py:3954} INFO - Setting next_dagrun for example_complex to None, run_after=None
[2024-07-05T14:28:33.807+0000] {processor.py:183} INFO - Processing /home/airflow/.local/lib/python3.12/site-packages/airflow/example_dags/example_complex.py took 0.031 seconds
[2024-07-05T14:29:04.435+0000] {processor.py:161} INFO - Started process (PID=148) to work on /home/airflow/.local/lib/python3.12/site-packages/airflow/example_dags/example_complex.py
[2024-07-05T14:29:04.435+0000] {processor.py:830} INFO - Processing file /home/airflow/.local/lib/python3.12/site-packages/airflow/example_dags/example_complex.py for tasks to queue
[2024-07-05T14:29:04.436+0000] {logging_mixin.py:188} INFO - [2024-07-05T14:29:04.436+0000] {dagbag.py:545} INFO - Filling up the DagBag from /home/airflow/.local/lib/python3.12/site-packages/airflow/example_dags/example_complex.py
[2024-07-05T14:29:04.441+0000] {processor.py:840} INFO - DAG(s) 'example_complex' retrieved from /home/airflow/.local/lib/python3.12/site-packages/airflow/example_dags/example_complex.py
[2024-07-05T14:29:04.487+0000] {logging_mixin.py:188} INFO - [2024-07-05T14:29:04.487+0000] {dag.py:3096} INFO - Sync 1 DAGs
[2024-07-05T14:29:04.492+0000] {logging_mixin.py:188} INFO - [2024-07-05T14:29:04.492+0000] {dag.py:3954} INFO - Setting next_dagrun for example_complex to None, run_after=None
[2024-07-05T14:29:04.499+0000] {processor.py:183} INFO - Processing /home/airflow/.local/lib/python3.12/site-packages/airflow/example_dags/example_complex.py took 0.067 seconds
[2024-07-05T14:29:34.871+0000] {processor.py:161} INFO - Started process (PID=206) to work on /home/airflow/.local/lib/python3.12/site-packages/airflow/example_dags/example_complex.py
[2024-07-05T14:29:34.873+0000] {processor.py:830} INFO - Processing file /home/airflow/.local/lib/python3.12/site-packages/airflow/example_dags/example_complex.py for tasks to queue
[2024-07-05T14:29:34.874+0000] {logging_mixin.py:188} INFO - [2024-07-05T14:29:34.874+0000] {dagbag.py:545} INFO - Filling up the DagBag from /home/airflow/.local/lib/python3.12/site-packages/airflow/example_dags/example_complex.py
[2024-07-05T14:29:34.878+0000] {processor.py:840} INFO - DAG(s) 'example_complex' retrieved from /home/airflow/.local/lib/python3.12/site-packages/airflow/example_dags/example_complex.py
[2024-07-05T14:29:34.893+0000] {logging_mixin.py:188} INFO - [2024-07-05T14:29:34.893+0000] {dag.py:3096} INFO - Sync 1 DAGs
[2024-07-05T14:29:34.900+0000] {logging_mixin.py:188} INFO - [2024-07-05T14:29:34.899+0000] {dag.py:3954} INFO - Setting next_dagrun for example_complex to None, run_after=None
[2024-07-05T14:29:34.909+0000] {processor.py:183} INFO - Processing /home/airflow/.local/lib/python3.12/site-packages/airflow/example_dags/example_complex.py took 0.041 seconds
[2024-07-05T14:30:05.000+0000] {processor.py:161} INFO - Started process (PID=264) to work on /home/airflow/.local/lib/python3.12/site-packages/airflow/example_dags/example_complex.py
[2024-07-05T14:30:05.001+0000] {processor.py:830} INFO - Processing file /home/airflow/.local/lib/python3.12/site-packages/airflow/example_dags/example_complex.py for tasks to queue
[2024-07-05T14:30:05.002+0000] {logging_mixin.py:188} INFO - [2024-07-05T14:30:05.002+0000] {dagbag.py:545} INFO - Filling up the DagBag from /home/airflow/.local/lib/python3.12/site-packages/airflow/example_dags/example_complex.py
[2024-07-05T14:30:05.008+0000] {processor.py:840} INFO - DAG(s) 'example_complex' retrieved from /home/airflow/.local/lib/python3.12/site-packages/airflow/example_dags/example_complex.py
[2024-07-05T14:30:05.022+0000] {logging_mixin.py:188} INFO - [2024-07-05T14:30:05.022+0000] {dag.py:3096} INFO - Sync 1 DAGs
[2024-07-05T14:30:05.027+0000] {logging_mixin.py:188} INFO - [2024-07-05T14:30:05.027+0000] {dag.py:3954} INFO - Setting next_dagrun for example_complex to None, run_after=None
[2024-07-05T14:30:05.034+0000] {processor.py:183} INFO - Processing /home/airflow/.local/lib/python3.12/site-packages/airflow/example_dags/example_complex.py took 0.040 seconds
[2024-07-05T14:30:35.567+0000] {processor.py:161} INFO - Started process (PID=322) to work on /home/airflow/.local/lib/python3.12/site-packages/airflow/example_dags/example_complex.py
[2024-07-05T14:30:35.568+0000] {processor.py:830} INFO - Processing file /home/airflow/.local/lib/python3.12/site-packages/airflow/example_dags/example_complex.py for tasks to queue
[2024-07-05T14:30:35.569+0000] {logging_mixin.py:188} INFO - [2024-07-05T14:30:35.568+0000] {dagbag.py:545} INFO - Filling up the DagBag from /home/airflow/.local/lib/python3.12/site-packages/airflow/example_dags/example_complex.py
[2024-07-05T14:30:35.573+0000] {processor.py:840} INFO - DAG(s) 'example_complex' retrieved from /home/airflow/.local/lib/python3.12/site-packages/airflow/example_dags/example_complex.py
[2024-07-05T14:30:35.586+0000] {logging_mixin.py:188} INFO - [2024-07-05T14:30:35.586+0000] {dag.py:3096} INFO - Sync 1 DAGs
[2024-07-05T14:30:35.591+0000] {logging_mixin.py:188} INFO - [2024-07-05T14:30:35.591+0000] {dag.py:3954} INFO - Setting next_dagrun for example_complex to None, run_after=None
[2024-07-05T14:30:35.599+0000] {processor.py:183} INFO - Processing /home/airflow/.local/lib/python3.12/site-packages/airflow/example_dags/example_complex.py took 0.034 seconds
[2024-07-05T14:31:06.218+0000] {processor.py:161} INFO - Started process (PID=380) to work on /home/airflow/.local/lib/python3.12/site-packages/airflow/example_dags/example_complex.py
[2024-07-05T14:31:06.219+0000] {processor.py:830} INFO - Processing file /home/airflow/.local/lib/python3.12/site-packages/airflow/example_dags/example_complex.py for tasks to queue
[2024-07-05T14:31:06.220+0000] {logging_mixin.py:188} INFO - [2024-07-05T14:31:06.220+0000] {dagbag.py:545} INFO - Filling up the DagBag from /home/airflow/.local/lib/python3.12/site-packages/airflow/example_dags/example_complex.py
[2024-07-05T14:31:06.225+0000] {processor.py:840} INFO - DAG(s) 'example_complex' retrieved from /home/airflow/.local/lib/python3.12/site-packages/airflow/example_dags/example_complex.py
[2024-07-05T14:31:06.241+0000] {logging_mixin.py:188} INFO - [2024-07-05T14:31:06.240+0000] {dag.py:3096} INFO - Sync 1 DAGs
[2024-07-05T14:31:06.247+0000] {logging_mixin.py:188} INFO - [2024-07-05T14:31:06.247+0000] {dag.py:3954} INFO - Setting next_dagrun for example_complex to None, run_after=None
[2024-07-05T14:31:06.255+0000] {processor.py:183} INFO - Processing /home/airflow/.local/lib/python3.12/site-packages/airflow/example_dags/example_complex.py took 0.039 seconds
[2024-07-05T14:31:36.819+0000] {processor.py:161} INFO - Started process (PID=438) to work on /home/airflow/.local/lib/python3.12/site-packages/airflow/example_dags/example_complex.py
[2024-07-05T14:31:36.819+0000] {processor.py:830} INFO - Processing file /home/airflow/.local/lib/python3.12/site-packages/airflow/example_dags/example_complex.py for tasks to queue
[2024-07-05T14:31:36.821+0000] {logging_mixin.py:188} INFO - [2024-07-05T14:31:36.820+0000] {dagbag.py:545} INFO - Filling up the DagBag from /home/airflow/.local/lib/python3.12/site-packages/airflow/example_dags/example_complex.py
[2024-07-05T14:31:36.829+0000] {processor.py:840} INFO - DAG(s) 'example_complex' retrieved from /home/airflow/.local/lib/python3.12/site-packages/airflow/example_dags/example_complex.py
[2024-07-05T14:31:36.843+0000] {logging_mixin.py:188} INFO - [2024-07-05T14:31:36.843+0000] {dag.py:3096} INFO - Sync 1 DAGs
[2024-07-05T14:31:36.849+0000] {logging_mixin.py:188} INFO - [2024-07-05T14:31:36.849+0000] {dag.py:3954} INFO - Setting next_dagrun for example_complex to None, run_after=None
[2024-07-05T14:31:36.857+0000] {processor.py:183} INFO - Processing /home/airflow/.local/lib/python3.12/site-packages/airflow/example_dags/example_complex.py took 0.041 seconds
[2024-07-05T14:32:07.504+0000] {processor.py:161} INFO - Started process (PID=496) to work on /home/airflow/.local/lib/python3.12/site-packages/airflow/example_dags/example_complex.py
[2024-07-05T14:32:07.504+0000] {processor.py:830} INFO - Processing file /home/airflow/.local/lib/python3.12/site-packages/airflow/example_dags/example_complex.py for tasks to queue
[2024-07-05T14:32:07.505+0000] {logging_mixin.py:188} INFO - [2024-07-05T14:32:07.505+0000] {dagbag.py:545} INFO - Filling up the DagBag from /home/airflow/.local/lib/python3.12/site-packages/airflow/example_dags/example_complex.py
[2024-07-05T14:32:07.510+0000] {processor.py:840} INFO - DAG(s) 'example_complex' retrieved from /home/airflow/.local/lib/python3.12/site-packages/airflow/example_dags/example_complex.py
[2024-07-05T14:32:07.525+0000] {logging_mixin.py:188} INFO - [2024-07-05T14:32:07.525+0000] {dag.py:3096} INFO - Sync 1 DAGs
[2024-07-05T14:32:07.531+0000] {logging_mixin.py:188} INFO - [2024-07-05T14:32:07.531+0000] {dag.py:3954} INFO - Setting next_dagrun for example_complex to None, run_after=None
[2024-07-05T14:32:07.539+0000] {processor.py:183} INFO - Processing /home/airflow/.local/lib/python3.12/site-packages/airflow/example_dags/example_complex.py took 0.038 seconds
[2024-07-05T14:32:38.207+0000] {processor.py:161} INFO - Started process (PID=554) to work on /home/airflow/.local/lib/python3.12/site-packages/airflow/example_dags/example_complex.py
[2024-07-05T14:32:38.208+0000] {processor.py:830} INFO - Processing file /home/airflow/.local/lib/python3.12/site-packages/airflow/example_dags/example_complex.py for tasks to queue
[2024-07-05T14:32:38.209+0000] {logging_mixin.py:188} INFO - [2024-07-05T14:32:38.209+0000] {dagbag.py:545} INFO - Filling up the DagBag from /home/airflow/.local/lib/python3.12/site-packages/airflow/example_dags/example_complex.py
[2024-07-05T14:32:38.215+0000] {processor.py:840} INFO - DAG(s) 'example_complex' retrieved from /home/airflow/.local/lib/python3.12/site-packages/airflow/example_dags/example_complex.py
[2024-07-05T14:32:38.235+0000] {logging_mixin.py:188} INFO - [2024-07-05T14:32:38.235+0000] {dag.py:3096} INFO - Sync 1 DAGs
[2024-07-05T14:32:38.243+0000] {logging_mixin.py:188} INFO - [2024-07-05T14:32:38.243+0000] {dag.py:3954} INFO - Setting next_dagrun for example_complex to None, run_after=None
[2024-07-05T14:32:38.261+0000] {processor.py:183} INFO - Processing /home/airflow/.local/lib/python3.12/site-packages/airflow/example_dags/example_complex.py took 0.058 seconds
[2024-07-05T14:33:08.441+0000] {processor.py:161} INFO - Started process (PID=612) to work on /home/airflow/.local/lib/python3.12/site-packages/airflow/example_dags/example_complex.py
[2024-07-05T14:33:08.442+0000] {processor.py:830} INFO - Processing file /home/airflow/.local/lib/python3.12/site-packages/airflow/example_dags/example_complex.py for tasks to queue
[2024-07-05T14:33:08.443+0000] {logging_mixin.py:188} INFO - [2024-07-05T14:33:08.443+0000] {dagbag.py:545} INFO - Filling up the DagBag from /home/airflow/.local/lib/python3.12/site-packages/airflow/example_dags/example_complex.py
[2024-07-05T14:33:08.448+0000] {processor.py:840} INFO - DAG(s) 'example_complex' retrieved from /home/airflow/.local/lib/python3.12/site-packages/airflow/example_dags/example_complex.py
[2024-07-05T14:33:08.464+0000] {logging_mixin.py:188} INFO - [2024-07-05T14:33:08.464+0000] {dag.py:3096} INFO - Sync 1 DAGs
[2024-07-05T14:33:08.471+0000] {logging_mixin.py:188} INFO - [2024-07-05T14:33:08.471+0000] {dag.py:3954} INFO - Setting next_dagrun for example_complex to None, run_after=None
[2024-07-05T14:33:08.480+0000] {processor.py:183} INFO - Processing /home/airflow/.local/lib/python3.12/site-packages/airflow/example_dags/example_complex.py took 0.041 seconds
[2024-07-05T14:33:38.763+0000] {processor.py:161} INFO - Started process (PID=670) to work on /home/airflow/.local/lib/python3.12/site-packages/airflow/example_dags/example_complex.py
[2024-07-05T14:33:38.764+0000] {processor.py:830} INFO - Processing file /home/airflow/.local/lib/python3.12/site-packages/airflow/example_dags/example_complex.py for tasks to queue
[2024-07-05T14:33:38.765+0000] {logging_mixin.py:188} INFO - [2024-07-05T14:33:38.765+0000] {dagbag.py:545} INFO - Filling up the DagBag from /home/airflow/.local/lib/python3.12/site-packages/airflow/example_dags/example_complex.py
[2024-07-05T14:33:38.770+0000] {processor.py:840} INFO - DAG(s) 'example_complex' retrieved from /home/airflow/.local/lib/python3.12/site-packages/airflow/example_dags/example_complex.py
[2024-07-05T14:33:38.783+0000] {logging_mixin.py:188} INFO - [2024-07-05T14:33:38.783+0000] {dag.py:3096} INFO - Sync 1 DAGs
[2024-07-05T14:33:38.788+0000] {logging_mixin.py:188} INFO - [2024-07-05T14:33:38.788+0000] {dag.py:3954} INFO - Setting next_dagrun for example_complex to None, run_after=None
[2024-07-05T14:33:38.795+0000] {processor.py:183} INFO - Processing /home/airflow/.local/lib/python3.12/site-packages/airflow/example_dags/example_complex.py took 0.035 seconds
[2024-07-05T14:34:09.442+0000] {processor.py:161} INFO - Started process (PID=728) to work on /home/airflow/.local/lib/python3.12/site-packages/airflow/example_dags/example_complex.py
[2024-07-05T14:34:09.443+0000] {processor.py:830} INFO - Processing file /home/airflow/.local/lib/python3.12/site-packages/airflow/example_dags/example_complex.py for tasks to queue
[2024-07-05T14:34:09.444+0000] {logging_mixin.py:188} INFO - [2024-07-05T14:34:09.444+0000] {dagbag.py:545} INFO - Filling up the DagBag from /home/airflow/.local/lib/python3.12/site-packages/airflow/example_dags/example_complex.py
[2024-07-05T14:34:09.449+0000] {processor.py:840} INFO - DAG(s) 'example_complex' retrieved from /home/airflow/.local/lib/python3.12/site-packages/airflow/example_dags/example_complex.py
[2024-07-05T14:34:09.464+0000] {logging_mixin.py:188} INFO - [2024-07-05T14:34:09.464+0000] {dag.py:3096} INFO - Sync 1 DAGs
[2024-07-05T14:34:09.473+0000] {logging_mixin.py:188} INFO - [2024-07-05T14:34:09.473+0000] {dag.py:3954} INFO - Setting next_dagrun for example_complex to None, run_after=None
[2024-07-05T14:34:09.482+0000] {processor.py:183} INFO - Processing /home/airflow/.local/lib/python3.12/site-packages/airflow/example_dags/example_complex.py took 0.043 seconds
[2024-07-05T14:34:40.102+0000] {processor.py:161} INFO - Started process (PID=786) to work on /home/airflow/.local/lib/python3.12/site-packages/airflow/example_dags/example_complex.py
[2024-07-05T14:34:40.103+0000] {processor.py:830} INFO - Processing file /home/airflow/.local/lib/python3.12/site-packages/airflow/example_dags/example_complex.py for tasks to queue
[2024-07-05T14:34:40.104+0000] {logging_mixin.py:188} INFO - [2024-07-05T14:34:40.103+0000] {dagbag.py:545} INFO - Filling up the DagBag from /home/airflow/.local/lib/python3.12/site-packages/airflow/example_dags/example_complex.py
[2024-07-05T14:34:40.108+0000] {processor.py:840} INFO - DAG(s) 'example_complex' retrieved from /home/airflow/.local/lib/python3.12/site-packages/airflow/example_dags/example_complex.py
[2024-07-05T14:34:40.120+0000] {logging_mixin.py:188} INFO - [2024-07-05T14:34:40.120+0000] {dag.py:3096} INFO - Sync 1 DAGs
[2024-07-05T14:34:40.126+0000] {logging_mixin.py:188} INFO - [2024-07-05T14:34:40.126+0000] {dag.py:3954} INFO - Setting next_dagrun for example_complex to None, run_after=None
[2024-07-05T14:34:40.133+0000] {processor.py:183} INFO - Processing /home/airflow/.local/lib/python3.12/site-packages/airflow/example_dags/example_complex.py took 0.034 seconds
[2024-07-05T14:35:10.284+0000] {processor.py:161} INFO - Started process (PID=844) to work on /home/airflow/.local/lib/python3.12/site-packages/airflow/example_dags/example_complex.py
[2024-07-05T14:35:10.285+0000] {processor.py:830} INFO - Processing file /home/airflow/.local/lib/python3.12/site-packages/airflow/example_dags/example_complex.py for tasks to queue
[2024-07-05T14:35:10.286+0000] {logging_mixin.py:188} INFO - [2024-07-05T14:35:10.286+0000] {dagbag.py:545} INFO - Filling up the DagBag from /home/airflow/.local/lib/python3.12/site-packages/airflow/example_dags/example_complex.py
[2024-07-05T14:35:10.291+0000] {processor.py:840} INFO - DAG(s) 'example_complex' retrieved from /home/airflow/.local/lib/python3.12/site-packages/airflow/example_dags/example_complex.py
[2024-07-05T14:35:10.305+0000] {logging_mixin.py:188} INFO - [2024-07-05T14:35:10.305+0000] {dag.py:3096} INFO - Sync 1 DAGs
[2024-07-05T14:35:10.311+0000] {logging_mixin.py:188} INFO - [2024-07-05T14:35:10.311+0000] {dag.py:3954} INFO - Setting next_dagrun for example_complex to None, run_after=None
[2024-07-05T14:35:10.322+0000] {processor.py:183} INFO - Processing /home/airflow/.local/lib/python3.12/site-packages/airflow/example_dags/example_complex.py took 0.041 seconds
[2024-07-05T14:35:41.454+0000] {processor.py:161} INFO - Started process (PID=902) to work on /home/airflow/.local/lib/python3.12/site-packages/airflow/example_dags/example_complex.py
[2024-07-05T14:35:41.455+0000] {processor.py:830} INFO - Processing file /home/airflow/.local/lib/python3.12/site-packages/airflow/example_dags/example_complex.py for tasks to queue
[2024-07-05T14:35:41.456+0000] {logging_mixin.py:188} INFO - [2024-07-05T14:35:41.456+0000] {dagbag.py:545} INFO - Filling up the DagBag from /home/airflow/.local/lib/python3.12/site-packages/airflow/example_dags/example_complex.py
[2024-07-05T14:35:41.462+0000] {processor.py:840} INFO - DAG(s) 'example_complex' retrieved from /home/airflow/.local/lib/python3.12/site-packages/airflow/example_dags/example_complex.py
[2024-07-05T14:35:41.477+0000] {logging_mixin.py:188} INFO - [2024-07-05T14:35:41.477+0000] {dag.py:3096} INFO - Sync 1 DAGs
[2024-07-05T14:35:41.483+0000] {logging_mixin.py:188} INFO - [2024-07-05T14:35:41.483+0000] {dag.py:3954} INFO - Setting next_dagrun for example_complex to None, run_after=None
[2024-07-05T14:35:41.491+0000] {processor.py:183} INFO - Processing /home/airflow/.local/lib/python3.12/site-packages/airflow/example_dags/example_complex.py took 0.041 seconds
[2024-07-05T14:36:11.566+0000] {processor.py:161} INFO - Started process (PID=960) to work on /home/airflow/.local/lib/python3.12/site-packages/airflow/example_dags/example_complex.py
[2024-07-05T14:36:11.566+0000] {processor.py:830} INFO - Processing file /home/airflow/.local/lib/python3.12/site-packages/airflow/example_dags/example_complex.py for tasks to queue
[2024-07-05T14:36:11.567+0000] {logging_mixin.py:188} INFO - [2024-07-05T14:36:11.567+0000] {dagbag.py:545} INFO - Filling up the DagBag from /home/airflow/.local/lib/python3.12/site-packages/airflow/example_dags/example_complex.py
[2024-07-05T14:36:11.572+0000] {processor.py:840} INFO - DAG(s) 'example_complex' retrieved from /home/airflow/.local/lib/python3.12/site-packages/airflow/example_dags/example_complex.py
[2024-07-05T14:36:11.588+0000] {logging_mixin.py:188} INFO - [2024-07-05T14:36:11.588+0000] {dag.py:3096} INFO - Sync 1 DAGs
[2024-07-05T14:36:11.596+0000] {logging_mixin.py:188} INFO - [2024-07-05T14:36:11.595+0000] {dag.py:3954} INFO - Setting next_dagrun for example_complex to None, run_after=None
[2024-07-05T14:36:11.605+0000] {processor.py:183} INFO - Processing /home/airflow/.local/lib/python3.12/site-packages/airflow/example_dags/example_complex.py took 0.042 seconds
[2024-07-05T14:36:42.187+0000] {processor.py:161} INFO - Started process (PID=1018) to work on /home/airflow/.local/lib/python3.12/site-packages/airflow/example_dags/example_complex.py
[2024-07-05T14:36:42.188+0000] {processor.py:830} INFO - Processing file /home/airflow/.local/lib/python3.12/site-packages/airflow/example_dags/example_complex.py for tasks to queue
[2024-07-05T14:36:42.189+0000] {logging_mixin.py:188} INFO - [2024-07-05T14:36:42.188+0000] {dagbag.py:545} INFO - Filling up the DagBag from /home/airflow/.local/lib/python3.12/site-packages/airflow/example_dags/example_complex.py
[2024-07-05T14:36:42.194+0000] {processor.py:840} INFO - DAG(s) 'example_complex' retrieved from /home/airflow/.local/lib/python3.12/site-packages/airflow/example_dags/example_complex.py
[2024-07-05T14:36:42.208+0000] {logging_mixin.py:188} INFO - [2024-07-05T14:36:42.208+0000] {dag.py:3096} INFO - Sync 1 DAGs
[2024-07-05T14:36:42.214+0000] {logging_mixin.py:188} INFO - [2024-07-05T14:36:42.213+0000] {dag.py:3954} INFO - Setting next_dagrun for example_complex to None, run_after=None
[2024-07-05T14:36:42.222+0000] {processor.py:183} INFO - Processing /home/airflow/.local/lib/python3.12/site-packages/airflow/example_dags/example_complex.py took 0.038 seconds
[2024-07-05T14:37:12.752+0000] {processor.py:161} INFO - Started process (PID=1076) to work on /home/airflow/.local/lib/python3.12/site-packages/airflow/example_dags/example_complex.py
[2024-07-05T14:37:12.752+0000] {processor.py:830} INFO - Processing file /home/airflow/.local/lib/python3.12/site-packages/airflow/example_dags/example_complex.py for tasks to queue
[2024-07-05T14:37:12.754+0000] {logging_mixin.py:188} INFO - [2024-07-05T14:37:12.754+0000] {dagbag.py:545} INFO - Filling up the DagBag from /home/airflow/.local/lib/python3.12/site-packages/airflow/example_dags/example_complex.py
[2024-07-05T14:37:12.759+0000] {processor.py:840} INFO - DAG(s) 'example_complex' retrieved from /home/airflow/.local/lib/python3.12/site-packages/airflow/example_dags/example_complex.py
[2024-07-05T14:37:12.773+0000] {logging_mixin.py:188} INFO - [2024-07-05T14:37:12.773+0000] {dag.py:3096} INFO - Sync 1 DAGs
[2024-07-05T14:37:12.779+0000] {logging_mixin.py:188} INFO - [2024-07-05T14:37:12.779+0000] {dag.py:3954} INFO - Setting next_dagrun for example_complex to None, run_after=None
[2024-07-05T14:37:12.787+0000] {processor.py:183} INFO - Processing /home/airflow/.local/lib/python3.12/site-packages/airflow/example_dags/example_complex.py took 0.038 seconds
[2024-07-05T14:37:43.423+0000] {processor.py:161} INFO - Started process (PID=1134) to work on /home/airflow/.local/lib/python3.12/site-packages/airflow/example_dags/example_complex.py
[2024-07-05T14:37:43.424+0000] {processor.py:830} INFO - Processing file /home/airflow/.local/lib/python3.12/site-packages/airflow/example_dags/example_complex.py for tasks to queue
[2024-07-05T14:37:43.425+0000] {logging_mixin.py:188} INFO - [2024-07-05T14:37:43.425+0000] {dagbag.py:545} INFO - Filling up the DagBag from /home/airflow/.local/lib/python3.12/site-packages/airflow/example_dags/example_complex.py
[2024-07-05T14:37:43.430+0000] {processor.py:840} INFO - DAG(s) 'example_complex' retrieved from /home/airflow/.local/lib/python3.12/site-packages/airflow/example_dags/example_complex.py
[2024-07-05T14:37:43.443+0000] {logging_mixin.py:188} INFO - [2024-07-05T14:37:43.443+0000] {dag.py:3096} INFO - Sync 1 DAGs
[2024-07-05T14:37:43.449+0000] {logging_mixin.py:188} INFO - [2024-07-05T14:37:43.449+0000] {dag.py:3954} INFO - Setting next_dagrun for example_complex to None, run_after=None
[2024-07-05T14:37:43.457+0000] {processor.py:183} INFO - Processing /home/airflow/.local/lib/python3.12/site-packages/airflow/example_dags/example_complex.py took 0.037 seconds
[2024-07-05T14:38:14.120+0000] {processor.py:161} INFO - Started process (PID=1192) to work on /home/airflow/.local/lib/python3.12/site-packages/airflow/example_dags/example_complex.py
[2024-07-05T14:38:14.120+0000] {processor.py:830} INFO - Processing file /home/airflow/.local/lib/python3.12/site-packages/airflow/example_dags/example_complex.py for tasks to queue
[2024-07-05T14:38:14.121+0000] {logging_mixin.py:188} INFO - [2024-07-05T14:38:14.121+0000] {dagbag.py:545} INFO - Filling up the DagBag from /home/airflow/.local/lib/python3.12/site-packages/airflow/example_dags/example_complex.py
[2024-07-05T14:38:14.127+0000] {processor.py:840} INFO - DAG(s) 'example_complex' retrieved from /home/airflow/.local/lib/python3.12/site-packages/airflow/example_dags/example_complex.py
[2024-07-05T14:38:14.141+0000] {logging_mixin.py:188} INFO - [2024-07-05T14:38:14.140+0000] {dag.py:3096} INFO - Sync 1 DAGs
[2024-07-05T14:38:14.147+0000] {logging_mixin.py:188} INFO - [2024-07-05T14:38:14.146+0000] {dag.py:3954} INFO - Setting next_dagrun for example_complex to None, run_after=None
[2024-07-05T14:38:14.155+0000] {processor.py:183} INFO - Processing /home/airflow/.local/lib/python3.12/site-packages/airflow/example_dags/example_complex.py took 0.038 seconds
[2024-07-05T14:38:44.738+0000] {processor.py:161} INFO - Started process (PID=1250) to work on /home/airflow/.local/lib/python3.12/site-packages/airflow/example_dags/example_complex.py
[2024-07-05T14:38:44.738+0000] {processor.py:830} INFO - Processing file /home/airflow/.local/lib/python3.12/site-packages/airflow/example_dags/example_complex.py for tasks to queue
[2024-07-05T14:38:44.739+0000] {logging_mixin.py:188} INFO - [2024-07-05T14:38:44.739+0000] {dagbag.py:545} INFO - Filling up the DagBag from /home/airflow/.local/lib/python3.12/site-packages/airflow/example_dags/example_complex.py
[2024-07-05T14:38:44.744+0000] {processor.py:840} INFO - DAG(s) 'example_complex' retrieved from /home/airflow/.local/lib/python3.12/site-packages/airflow/example_dags/example_complex.py
[2024-07-05T14:38:44.757+0000] {logging_mixin.py:188} INFO - [2024-07-05T14:38:44.757+0000] {dag.py:3096} INFO - Sync 1 DAGs
[2024-07-05T14:38:44.763+0000] {logging_mixin.py:188} INFO - [2024-07-05T14:38:44.763+0000] {dag.py:3954} INFO - Setting next_dagrun for example_complex to None, run_after=None
[2024-07-05T14:38:44.771+0000] {processor.py:183} INFO - Processing /home/airflow/.local/lib/python3.12/site-packages/airflow/example_dags/example_complex.py took 0.036 seconds
[2024-07-05T14:39:15.287+0000] {processor.py:161} INFO - Started process (PID=1308) to work on /home/airflow/.local/lib/python3.12/site-packages/airflow/example_dags/example_complex.py
[2024-07-05T14:39:15.288+0000] {processor.py:830} INFO - Processing file /home/airflow/.local/lib/python3.12/site-packages/airflow/example_dags/example_complex.py for tasks to queue
[2024-07-05T14:39:15.289+0000] {logging_mixin.py:188} INFO - [2024-07-05T14:39:15.289+0000] {dagbag.py:545} INFO - Filling up the DagBag from /home/airflow/.local/lib/python3.12/site-packages/airflow/example_dags/example_complex.py
[2024-07-05T14:39:15.293+0000] {processor.py:840} INFO - DAG(s) 'example_complex' retrieved from /home/airflow/.local/lib/python3.12/site-packages/airflow/example_dags/example_complex.py
[2024-07-05T14:39:15.307+0000] {logging_mixin.py:188} INFO - [2024-07-05T14:39:15.307+0000] {dag.py:3096} INFO - Sync 1 DAGs
[2024-07-05T14:39:15.313+0000] {logging_mixin.py:188} INFO - [2024-07-05T14:39:15.312+0000] {dag.py:3954} INFO - Setting next_dagrun for example_complex to None, run_after=None
[2024-07-05T14:39:15.320+0000] {processor.py:183} INFO - Processing /home/airflow/.local/lib/python3.12/site-packages/airflow/example_dags/example_complex.py took 0.036 seconds
[2024-07-05T14:39:45.920+0000] {processor.py:161} INFO - Started process (PID=1366) to work on /home/airflow/.local/lib/python3.12/site-packages/airflow/example_dags/example_complex.py
[2024-07-05T14:39:45.921+0000] {processor.py:830} INFO - Processing file /home/airflow/.local/lib/python3.12/site-packages/airflow/example_dags/example_complex.py for tasks to queue
[2024-07-05T14:39:45.922+0000] {logging_mixin.py:188} INFO - [2024-07-05T14:39:45.922+0000] {dagbag.py:545} INFO - Filling up the DagBag from /home/airflow/.local/lib/python3.12/site-packages/airflow/example_dags/example_complex.py
[2024-07-05T14:39:45.928+0000] {processor.py:840} INFO - DAG(s) 'example_complex' retrieved from /home/airflow/.local/lib/python3.12/site-packages/airflow/example_dags/example_complex.py
[2024-07-05T14:39:45.945+0000] {logging_mixin.py:188} INFO - [2024-07-05T14:39:45.945+0000] {dag.py:3096} INFO - Sync 1 DAGs
[2024-07-05T14:39:45.951+0000] {logging_mixin.py:188} INFO - [2024-07-05T14:39:45.951+0000] {dag.py:3954} INFO - Setting next_dagrun for example_complex to None, run_after=None
[2024-07-05T14:39:45.960+0000] {processor.py:183} INFO - Processing /home/airflow/.local/lib/python3.12/site-packages/airflow/example_dags/example_complex.py took 0.042 seconds
[2024-07-05T14:40:16.660+0000] {processor.py:161} INFO - Started process (PID=1424) to work on /home/airflow/.local/lib/python3.12/site-packages/airflow/example_dags/example_complex.py
[2024-07-05T14:40:16.660+0000] {processor.py:830} INFO - Processing file /home/airflow/.local/lib/python3.12/site-packages/airflow/example_dags/example_complex.py for tasks to queue
[2024-07-05T14:40:16.661+0000] {logging_mixin.py:188} INFO - [2024-07-05T14:40:16.661+0000] {dagbag.py:545} INFO - Filling up the DagBag from /home/airflow/.local/lib/python3.12/site-packages/airflow/example_dags/example_complex.py
[2024-07-05T14:40:16.666+0000] {processor.py:840} INFO - DAG(s) 'example_complex' retrieved from /home/airflow/.local/lib/python3.12/site-packages/airflow/example_dags/example_complex.py
[2024-07-05T14:40:16.678+0000] {logging_mixin.py:188} INFO - [2024-07-05T14:40:16.678+0000] {dag.py:3096} INFO - Sync 1 DAGs
[2024-07-05T14:40:16.683+0000] {logging_mixin.py:188} INFO - [2024-07-05T14:40:16.683+0000] {dag.py:3954} INFO - Setting next_dagrun for example_complex to None, run_after=None
[2024-07-05T14:40:16.690+0000] {processor.py:183} INFO - Processing /home/airflow/.local/lib/python3.12/site-packages/airflow/example_dags/example_complex.py took 0.033 seconds
[2024-07-05T14:40:47.442+0000] {processor.py:161} INFO - Started process (PID=1481) to work on /home/airflow/.local/lib/python3.12/site-packages/airflow/example_dags/example_complex.py
[2024-07-05T14:40:47.443+0000] {processor.py:830} INFO - Processing file /home/airflow/.local/lib/python3.12/site-packages/airflow/example_dags/example_complex.py for tasks to queue
[2024-07-05T14:40:47.444+0000] {logging_mixin.py:188} INFO - [2024-07-05T14:40:47.444+0000] {dagbag.py:545} INFO - Filling up the DagBag from /home/airflow/.local/lib/python3.12/site-packages/airflow/example_dags/example_complex.py
[2024-07-05T14:40:47.449+0000] {processor.py:840} INFO - DAG(s) 'example_complex' retrieved from /home/airflow/.local/lib/python3.12/site-packages/airflow/example_dags/example_complex.py
[2024-07-05T14:40:47.462+0000] {logging_mixin.py:188} INFO - [2024-07-05T14:40:47.462+0000] {dag.py:3096} INFO - Sync 1 DAGs
[2024-07-05T14:40:47.467+0000] {logging_mixin.py:188} INFO - [2024-07-05T14:40:47.467+0000] {dag.py:3954} INFO - Setting next_dagrun for example_complex to None, run_after=None
[2024-07-05T14:40:47.475+0000] {processor.py:183} INFO - Processing /home/airflow/.local/lib/python3.12/site-packages/airflow/example_dags/example_complex.py took 0.035 seconds
[2024-07-05T14:41:18.157+0000] {processor.py:161} INFO - Started process (PID=1539) to work on /home/airflow/.local/lib/python3.12/site-packages/airflow/example_dags/example_complex.py
[2024-07-05T14:41:18.158+0000] {processor.py:830} INFO - Processing file /home/airflow/.local/lib/python3.12/site-packages/airflow/example_dags/example_complex.py for tasks to queue
[2024-07-05T14:41:18.159+0000] {logging_mixin.py:188} INFO - [2024-07-05T14:41:18.159+0000] {dagbag.py:545} INFO - Filling up the DagBag from /home/airflow/.local/lib/python3.12/site-packages/airflow/example_dags/example_complex.py
[2024-07-05T14:41:18.163+0000] {processor.py:840} INFO - DAG(s) 'example_complex' retrieved from /home/airflow/.local/lib/python3.12/site-packages/airflow/example_dags/example_complex.py
[2024-07-05T14:41:18.176+0000] {logging_mixin.py:188} INFO - [2024-07-05T14:41:18.176+0000] {dag.py:3096} INFO - Sync 1 DAGs
[2024-07-05T14:41:18.181+0000] {logging_mixin.py:188} INFO - [2024-07-05T14:41:18.181+0000] {dag.py:3954} INFO - Setting next_dagrun for example_complex to None, run_after=None
[2024-07-05T14:41:18.189+0000] {processor.py:183} INFO - Processing /home/airflow/.local/lib/python3.12/site-packages/airflow/example_dags/example_complex.py took 0.033 seconds
[2024-07-05T14:41:48.306+0000] {processor.py:161} INFO - Started process (PID=1597) to work on /home/airflow/.local/lib/python3.12/site-packages/airflow/example_dags/example_complex.py
[2024-07-05T14:41:48.307+0000] {processor.py:830} INFO - Processing file /home/airflow/.local/lib/python3.12/site-packages/airflow/example_dags/example_complex.py for tasks to queue
[2024-07-05T14:41:48.308+0000] {logging_mixin.py:188} INFO - [2024-07-05T14:41:48.308+0000] {dagbag.py:545} INFO - Filling up the DagBag from /home/airflow/.local/lib/python3.12/site-packages/airflow/example_dags/example_complex.py
[2024-07-05T14:41:48.313+0000] {processor.py:840} INFO - DAG(s) 'example_complex' retrieved from /home/airflow/.local/lib/python3.12/site-packages/airflow/example_dags/example_complex.py
[2024-07-05T14:41:48.328+0000] {logging_mixin.py:188} INFO - [2024-07-05T14:41:48.327+0000] {dag.py:3096} INFO - Sync 1 DAGs
[2024-07-05T14:41:48.334+0000] {logging_mixin.py:188} INFO - [2024-07-05T14:41:48.334+0000] {dag.py:3954} INFO - Setting next_dagrun for example_complex to None, run_after=None
[2024-07-05T14:41:48.345+0000] {processor.py:183} INFO - Processing /home/airflow/.local/lib/python3.12/site-packages/airflow/example_dags/example_complex.py took 0.041 seconds
[2024-07-05T14:42:18.570+0000] {processor.py:161} INFO - Started process (PID=1655) to work on /home/airflow/.local/lib/python3.12/site-packages/airflow/example_dags/example_complex.py
[2024-07-05T14:42:18.571+0000] {processor.py:830} INFO - Processing file /home/airflow/.local/lib/python3.12/site-packages/airflow/example_dags/example_complex.py for tasks to queue
[2024-07-05T14:42:18.572+0000] {logging_mixin.py:188} INFO - [2024-07-05T14:42:18.572+0000] {dagbag.py:545} INFO - Filling up the DagBag from /home/airflow/.local/lib/python3.12/site-packages/airflow/example_dags/example_complex.py
[2024-07-05T14:42:18.576+0000] {processor.py:840} INFO - DAG(s) 'example_complex' retrieved from /home/airflow/.local/lib/python3.12/site-packages/airflow/example_dags/example_complex.py
[2024-07-05T14:42:18.589+0000] {logging_mixin.py:188} INFO - [2024-07-05T14:42:18.589+0000] {dag.py:3096} INFO - Sync 1 DAGs
[2024-07-05T14:42:18.594+0000] {logging_mixin.py:188} INFO - [2024-07-05T14:42:18.594+0000] {dag.py:3954} INFO - Setting next_dagrun for example_complex to None, run_after=None
[2024-07-05T14:42:18.602+0000] {processor.py:183} INFO - Processing /home/airflow/.local/lib/python3.12/site-packages/airflow/example_dags/example_complex.py took 0.034 seconds
[2024-07-05T14:42:48.705+0000] {processor.py:161} INFO - Started process (PID=1712) to work on /home/airflow/.local/lib/python3.12/site-packages/airflow/example_dags/example_complex.py
[2024-07-05T14:42:48.706+0000] {processor.py:830} INFO - Processing file /home/airflow/.local/lib/python3.12/site-packages/airflow/example_dags/example_complex.py for tasks to queue
[2024-07-05T14:42:48.707+0000] {logging_mixin.py:188} INFO - [2024-07-05T14:42:48.707+0000] {dagbag.py:545} INFO - Filling up the DagBag from /home/airflow/.local/lib/python3.12/site-packages/airflow/example_dags/example_complex.py
[2024-07-05T14:42:48.712+0000] {processor.py:840} INFO - DAG(s) 'example_complex' retrieved from /home/airflow/.local/lib/python3.12/site-packages/airflow/example_dags/example_complex.py
[2024-07-05T14:42:48.726+0000] {logging_mixin.py:188} INFO - [2024-07-05T14:42:48.726+0000] {dag.py:3096} INFO - Sync 1 DAGs
[2024-07-05T14:42:48.731+0000] {logging_mixin.py:188} INFO - [2024-07-05T14:42:48.731+0000] {dag.py:3954} INFO - Setting next_dagrun for example_complex to None, run_after=None
[2024-07-05T14:42:48.739+0000] {processor.py:183} INFO - Processing /home/airflow/.local/lib/python3.12/site-packages/airflow/example_dags/example_complex.py took 0.037 seconds
[2024-07-05T14:43:19.060+0000] {processor.py:161} INFO - Started process (PID=1770) to work on /home/airflow/.local/lib/python3.12/site-packages/airflow/example_dags/example_complex.py
[2024-07-05T14:43:19.061+0000] {processor.py:830} INFO - Processing file /home/airflow/.local/lib/python3.12/site-packages/airflow/example_dags/example_complex.py for tasks to queue
[2024-07-05T14:43:19.062+0000] {logging_mixin.py:188} INFO - [2024-07-05T14:43:19.062+0000] {dagbag.py:545} INFO - Filling up the DagBag from /home/airflow/.local/lib/python3.12/site-packages/airflow/example_dags/example_complex.py
[2024-07-05T14:43:19.066+0000] {processor.py:840} INFO - DAG(s) 'example_complex' retrieved from /home/airflow/.local/lib/python3.12/site-packages/airflow/example_dags/example_complex.py
[2024-07-05T14:43:19.079+0000] {logging_mixin.py:188} INFO - [2024-07-05T14:43:19.079+0000] {dag.py:3096} INFO - Sync 1 DAGs
[2024-07-05T14:43:19.084+0000] {logging_mixin.py:188} INFO - [2024-07-05T14:43:19.084+0000] {dag.py:3954} INFO - Setting next_dagrun for example_complex to None, run_after=None
[2024-07-05T14:43:19.092+0000] {processor.py:183} INFO - Processing /home/airflow/.local/lib/python3.12/site-packages/airflow/example_dags/example_complex.py took 0.034 seconds
[2024-07-05T14:43:49.816+0000] {processor.py:161} INFO - Started process (PID=1828) to work on /home/airflow/.local/lib/python3.12/site-packages/airflow/example_dags/example_complex.py
[2024-07-05T14:43:49.817+0000] {processor.py:830} INFO - Processing file /home/airflow/.local/lib/python3.12/site-packages/airflow/example_dags/example_complex.py for tasks to queue
[2024-07-05T14:43:49.818+0000] {logging_mixin.py:188} INFO - [2024-07-05T14:43:49.817+0000] {dagbag.py:545} INFO - Filling up the DagBag from /home/airflow/.local/lib/python3.12/site-packages/airflow/example_dags/example_complex.py
[2024-07-05T14:43:49.823+0000] {processor.py:840} INFO - DAG(s) 'example_complex' retrieved from /home/airflow/.local/lib/python3.12/site-packages/airflow/example_dags/example_complex.py
[2024-07-05T14:43:49.837+0000] {logging_mixin.py:188} INFO - [2024-07-05T14:43:49.837+0000] {dag.py:3096} INFO - Sync 1 DAGs
[2024-07-05T14:43:49.843+0000] {logging_mixin.py:188} INFO - [2024-07-05T14:43:49.843+0000] {dag.py:3954} INFO - Setting next_dagrun for example_complex to None, run_after=None
[2024-07-05T14:43:49.851+0000] {processor.py:183} INFO - Processing /home/airflow/.local/lib/python3.12/site-packages/airflow/example_dags/example_complex.py took 0.039 seconds
[2024-07-05T14:44:20.648+0000] {processor.py:161} INFO - Started process (PID=1885) to work on /home/airflow/.local/lib/python3.12/site-packages/airflow/example_dags/example_complex.py
[2024-07-05T14:44:20.649+0000] {processor.py:830} INFO - Processing file /home/airflow/.local/lib/python3.12/site-packages/airflow/example_dags/example_complex.py for tasks to queue
[2024-07-05T14:44:20.651+0000] {logging_mixin.py:188} INFO - [2024-07-05T14:44:20.650+0000] {dagbag.py:545} INFO - Filling up the DagBag from /home/airflow/.local/lib/python3.12/site-packages/airflow/example_dags/example_complex.py
[2024-07-05T14:44:20.656+0000] {processor.py:840} INFO - DAG(s) 'example_complex' retrieved from /home/airflow/.local/lib/python3.12/site-packages/airflow/example_dags/example_complex.py
[2024-07-05T14:44:20.673+0000] {logging_mixin.py:188} INFO - [2024-07-05T14:44:20.673+0000] {dag.py:3096} INFO - Sync 1 DAGs
[2024-07-05T14:44:20.682+0000] {logging_mixin.py:188} INFO - [2024-07-05T14:44:20.681+0000] {dag.py:3954} INFO - Setting next_dagrun for example_complex to None, run_after=None
[2024-07-05T14:44:20.691+0000] {processor.py:183} INFO - Processing /home/airflow/.local/lib/python3.12/site-packages/airflow/example_dags/example_complex.py took 0.047 seconds
[2024-07-05T14:44:51.817+0000] {processor.py:161} INFO - Started process (PID=1943) to work on /home/airflow/.local/lib/python3.12/site-packages/airflow/example_dags/example_complex.py
[2024-07-05T14:44:51.831+0000] {processor.py:830} INFO - Processing file /home/airflow/.local/lib/python3.12/site-packages/airflow/example_dags/example_complex.py for tasks to queue
[2024-07-05T14:44:51.846+0000] {logging_mixin.py:188} INFO - [2024-07-05T14:44:51.843+0000] {dagbag.py:545} INFO - Filling up the DagBag from /home/airflow/.local/lib/python3.12/site-packages/airflow/example_dags/example_complex.py
[2024-07-05T14:44:51.924+0000] {processor.py:840} INFO - DAG(s) 'example_complex' retrieved from /home/airflow/.local/lib/python3.12/site-packages/airflow/example_dags/example_complex.py
[2024-07-05T14:44:52.078+0000] {logging_mixin.py:188} INFO - [2024-07-05T14:44:52.076+0000] {dag.py:3096} INFO - Sync 1 DAGs
[2024-07-05T14:44:53.099+0000] {logging_mixin.py:188} INFO - [2024-07-05T14:44:53.095+0000] {dag.py:3954} INFO - Setting next_dagrun for example_complex to None, run_after=None
[2024-07-05T14:44:53.181+0000] {processor.py:183} INFO - Processing /home/airflow/.local/lib/python3.12/site-packages/airflow/example_dags/example_complex.py took 1.479 seconds
