[2024-07-05T14:09:17.622+0000] {processor.py:161} INFO - Started process (PID=39) to work on /home/airflow/.local/lib/python3.12/site-packages/airflow/example_dags/example_python_decorator.py
[2024-07-05T14:09:17.623+0000] {processor.py:830} INFO - Processing file /home/airflow/.local/lib/python3.12/site-packages/airflow/example_dags/example_python_decorator.py for tasks to queue
[2024-07-05T14:09:17.624+0000] {logging_mixin.py:188} INFO - [2024-07-05T14:09:17.624+0000] {dagbag.py:545} INFO - Filling up the DagBag from /home/airflow/.local/lib/python3.12/site-packages/airflow/example_dags/example_python_decorator.py
[2024-07-05T14:09:17.633+0000] {processor.py:840} INFO - DAG(s) 'example_python_decorator' retrieved from /home/airflow/.local/lib/python3.12/site-packages/airflow/example_dags/example_python_decorator.py
[2024-07-05T14:09:17.640+0000] {logging_mixin.py:188} INFO - [2024-07-05T14:09:17.639+0000] {dag.py:3096} INFO - Sync 1 DAGs
[2024-07-05T14:09:17.665+0000] {logging_mixin.py:188} INFO - [2024-07-05T14:09:17.655+0000] {dag.py:3954} INFO - Setting next_dagrun for example_python_decorator to None, run_after=None
[2024-07-05T14:09:17.688+0000] {processor.py:183} INFO - Processing /home/airflow/.local/lib/python3.12/site-packages/airflow/example_dags/example_python_decorator.py took 0.070 seconds
[2024-07-05T14:09:48.484+0000] {processor.py:161} INFO - Started process (PID=97) to work on /home/airflow/.local/lib/python3.12/site-packages/airflow/example_dags/example_python_decorator.py
[2024-07-05T14:09:48.485+0000] {processor.py:830} INFO - Processing file /home/airflow/.local/lib/python3.12/site-packages/airflow/example_dags/example_python_decorator.py for tasks to queue
[2024-07-05T14:09:48.486+0000] {logging_mixin.py:188} INFO - [2024-07-05T14:09:48.485+0000] {dagbag.py:545} INFO - Filling up the DagBag from /home/airflow/.local/lib/python3.12/site-packages/airflow/example_dags/example_python_decorator.py
[2024-07-05T14:09:48.492+0000] {processor.py:840} INFO - DAG(s) 'example_python_decorator' retrieved from /home/airflow/.local/lib/python3.12/site-packages/airflow/example_dags/example_python_decorator.py
[2024-07-05T14:09:48.538+0000] {logging_mixin.py:188} INFO - [2024-07-05T14:09:48.537+0000] {dag.py:3096} INFO - Sync 1 DAGs
[2024-07-05T14:09:48.543+0000] {logging_mixin.py:188} INFO - [2024-07-05T14:09:48.543+0000] {dag.py:3954} INFO - Setting next_dagrun for example_python_decorator to None, run_after=None
[2024-07-05T14:09:48.551+0000] {processor.py:183} INFO - Processing /home/airflow/.local/lib/python3.12/site-packages/airflow/example_dags/example_python_decorator.py took 0.070 seconds
[2024-07-05T14:10:19.392+0000] {processor.py:161} INFO - Started process (PID=155) to work on /home/airflow/.local/lib/python3.12/site-packages/airflow/example_dags/example_python_decorator.py
[2024-07-05T14:10:19.393+0000] {processor.py:830} INFO - Processing file /home/airflow/.local/lib/python3.12/site-packages/airflow/example_dags/example_python_decorator.py for tasks to queue
[2024-07-05T14:10:19.394+0000] {logging_mixin.py:188} INFO - [2024-07-05T14:10:19.394+0000] {dagbag.py:545} INFO - Filling up the DagBag from /home/airflow/.local/lib/python3.12/site-packages/airflow/example_dags/example_python_decorator.py
[2024-07-05T14:10:19.402+0000] {processor.py:840} INFO - DAG(s) 'example_python_decorator' retrieved from /home/airflow/.local/lib/python3.12/site-packages/airflow/example_dags/example_python_decorator.py
[2024-07-05T14:10:19.415+0000] {logging_mixin.py:188} INFO - [2024-07-05T14:10:19.415+0000] {dag.py:3096} INFO - Sync 1 DAGs
[2024-07-05T14:10:19.421+0000] {logging_mixin.py:188} INFO - [2024-07-05T14:10:19.421+0000] {dag.py:3954} INFO - Setting next_dagrun for example_python_decorator to None, run_after=None
[2024-07-05T14:10:19.431+0000] {processor.py:183} INFO - Processing /home/airflow/.local/lib/python3.12/site-packages/airflow/example_dags/example_python_decorator.py took 0.042 seconds
[2024-07-05T14:10:49.837+0000] {processor.py:161} INFO - Started process (PID=213) to work on /home/airflow/.local/lib/python3.12/site-packages/airflow/example_dags/example_python_decorator.py
[2024-07-05T14:10:49.838+0000] {processor.py:830} INFO - Processing file /home/airflow/.local/lib/python3.12/site-packages/airflow/example_dags/example_python_decorator.py for tasks to queue
[2024-07-05T14:10:49.840+0000] {logging_mixin.py:188} INFO - [2024-07-05T14:10:49.839+0000] {dagbag.py:545} INFO - Filling up the DagBag from /home/airflow/.local/lib/python3.12/site-packages/airflow/example_dags/example_python_decorator.py
[2024-07-05T14:10:49.846+0000] {processor.py:840} INFO - DAG(s) 'example_python_decorator' retrieved from /home/airflow/.local/lib/python3.12/site-packages/airflow/example_dags/example_python_decorator.py
[2024-07-05T14:10:49.856+0000] {logging_mixin.py:188} INFO - [2024-07-05T14:10:49.856+0000] {dag.py:3096} INFO - Sync 1 DAGs
[2024-07-05T14:10:49.862+0000] {logging_mixin.py:188} INFO - [2024-07-05T14:10:49.862+0000] {dag.py:3954} INFO - Setting next_dagrun for example_python_decorator to None, run_after=None
[2024-07-05T14:10:49.870+0000] {processor.py:183} INFO - Processing /home/airflow/.local/lib/python3.12/site-packages/airflow/example_dags/example_python_decorator.py took 0.036 seconds
[2024-07-05T14:11:20.004+0000] {processor.py:161} INFO - Started process (PID=271) to work on /home/airflow/.local/lib/python3.12/site-packages/airflow/example_dags/example_python_decorator.py
[2024-07-05T14:11:20.004+0000] {processor.py:830} INFO - Processing file /home/airflow/.local/lib/python3.12/site-packages/airflow/example_dags/example_python_decorator.py for tasks to queue
[2024-07-05T14:11:20.005+0000] {logging_mixin.py:188} INFO - [2024-07-05T14:11:20.005+0000] {dagbag.py:545} INFO - Filling up the DagBag from /home/airflow/.local/lib/python3.12/site-packages/airflow/example_dags/example_python_decorator.py
[2024-07-05T14:11:20.012+0000] {processor.py:840} INFO - DAG(s) 'example_python_decorator' retrieved from /home/airflow/.local/lib/python3.12/site-packages/airflow/example_dags/example_python_decorator.py
[2024-07-05T14:11:20.022+0000] {logging_mixin.py:188} INFO - [2024-07-05T14:11:20.022+0000] {dag.py:3096} INFO - Sync 1 DAGs
[2024-07-05T14:11:20.028+0000] {logging_mixin.py:188} INFO - [2024-07-05T14:11:20.028+0000] {dag.py:3954} INFO - Setting next_dagrun for example_python_decorator to None, run_after=None
[2024-07-05T14:11:20.037+0000] {processor.py:183} INFO - Processing /home/airflow/.local/lib/python3.12/site-packages/airflow/example_dags/example_python_decorator.py took 0.036 seconds
[2024-07-05T14:11:51.065+0000] {processor.py:161} INFO - Started process (PID=329) to work on /home/airflow/.local/lib/python3.12/site-packages/airflow/example_dags/example_python_decorator.py
[2024-07-05T14:11:51.066+0000] {processor.py:830} INFO - Processing file /home/airflow/.local/lib/python3.12/site-packages/airflow/example_dags/example_python_decorator.py for tasks to queue
[2024-07-05T14:11:51.067+0000] {logging_mixin.py:188} INFO - [2024-07-05T14:11:51.067+0000] {dagbag.py:545} INFO - Filling up the DagBag from /home/airflow/.local/lib/python3.12/site-packages/airflow/example_dags/example_python_decorator.py
[2024-07-05T14:11:51.076+0000] {processor.py:840} INFO - DAG(s) 'example_python_decorator' retrieved from /home/airflow/.local/lib/python3.12/site-packages/airflow/example_dags/example_python_decorator.py
[2024-07-05T14:11:51.088+0000] {logging_mixin.py:188} INFO - [2024-07-05T14:11:51.088+0000] {dag.py:3096} INFO - Sync 1 DAGs
[2024-07-05T14:11:51.095+0000] {logging_mixin.py:188} INFO - [2024-07-05T14:11:51.095+0000] {dag.py:3954} INFO - Setting next_dagrun for example_python_decorator to None, run_after=None
[2024-07-05T14:11:51.118+0000] {processor.py:183} INFO - Processing /home/airflow/.local/lib/python3.12/site-packages/airflow/example_dags/example_python_decorator.py took 0.056 seconds
[2024-07-05T14:12:21.168+0000] {processor.py:161} INFO - Started process (PID=387) to work on /home/airflow/.local/lib/python3.12/site-packages/airflow/example_dags/example_python_decorator.py
[2024-07-05T14:12:21.169+0000] {processor.py:830} INFO - Processing file /home/airflow/.local/lib/python3.12/site-packages/airflow/example_dags/example_python_decorator.py for tasks to queue
[2024-07-05T14:12:21.170+0000] {logging_mixin.py:188} INFO - [2024-07-05T14:12:21.170+0000] {dagbag.py:545} INFO - Filling up the DagBag from /home/airflow/.local/lib/python3.12/site-packages/airflow/example_dags/example_python_decorator.py
[2024-07-05T14:12:21.182+0000] {processor.py:840} INFO - DAG(s) 'example_python_decorator' retrieved from /home/airflow/.local/lib/python3.12/site-packages/airflow/example_dags/example_python_decorator.py
[2024-07-05T14:12:21.196+0000] {logging_mixin.py:188} INFO - [2024-07-05T14:12:21.196+0000] {dag.py:3096} INFO - Sync 1 DAGs
[2024-07-05T14:12:21.202+0000] {logging_mixin.py:188} INFO - [2024-07-05T14:12:21.202+0000] {dag.py:3954} INFO - Setting next_dagrun for example_python_decorator to None, run_after=None
[2024-07-05T14:12:21.211+0000] {processor.py:183} INFO - Processing /home/airflow/.local/lib/python3.12/site-packages/airflow/example_dags/example_python_decorator.py took 0.045 seconds
[2024-07-05T14:12:52.201+0000] {processor.py:161} INFO - Started process (PID=445) to work on /home/airflow/.local/lib/python3.12/site-packages/airflow/example_dags/example_python_decorator.py
[2024-07-05T14:12:52.202+0000] {processor.py:830} INFO - Processing file /home/airflow/.local/lib/python3.12/site-packages/airflow/example_dags/example_python_decorator.py for tasks to queue
[2024-07-05T14:12:52.203+0000] {logging_mixin.py:188} INFO - [2024-07-05T14:12:52.203+0000] {dagbag.py:545} INFO - Filling up the DagBag from /home/airflow/.local/lib/python3.12/site-packages/airflow/example_dags/example_python_decorator.py
[2024-07-05T14:12:52.212+0000] {processor.py:840} INFO - DAG(s) 'example_python_decorator' retrieved from /home/airflow/.local/lib/python3.12/site-packages/airflow/example_dags/example_python_decorator.py
[2024-07-05T14:12:52.240+0000] {logging_mixin.py:188} INFO - [2024-07-05T14:12:52.240+0000] {dag.py:3096} INFO - Sync 1 DAGs
[2024-07-05T14:12:52.251+0000] {logging_mixin.py:188} INFO - [2024-07-05T14:12:52.250+0000] {dag.py:3954} INFO - Setting next_dagrun for example_python_decorator to None, run_after=None
[2024-07-05T14:12:52.263+0000] {processor.py:183} INFO - Processing /home/airflow/.local/lib/python3.12/site-packages/airflow/example_dags/example_python_decorator.py took 0.065 seconds
[2024-07-05T14:13:23.117+0000] {processor.py:161} INFO - Started process (PID=503) to work on /home/airflow/.local/lib/python3.12/site-packages/airflow/example_dags/example_python_decorator.py
[2024-07-05T14:13:23.118+0000] {processor.py:830} INFO - Processing file /home/airflow/.local/lib/python3.12/site-packages/airflow/example_dags/example_python_decorator.py for tasks to queue
[2024-07-05T14:13:23.119+0000] {logging_mixin.py:188} INFO - [2024-07-05T14:13:23.119+0000] {dagbag.py:545} INFO - Filling up the DagBag from /home/airflow/.local/lib/python3.12/site-packages/airflow/example_dags/example_python_decorator.py
[2024-07-05T14:13:23.131+0000] {processor.py:840} INFO - DAG(s) 'example_python_decorator' retrieved from /home/airflow/.local/lib/python3.12/site-packages/airflow/example_dags/example_python_decorator.py
[2024-07-05T14:13:23.150+0000] {logging_mixin.py:188} INFO - [2024-07-05T14:13:23.150+0000] {dag.py:3096} INFO - Sync 1 DAGs
[2024-07-05T14:13:23.160+0000] {logging_mixin.py:188} INFO - [2024-07-05T14:13:23.160+0000] {dag.py:3954} INFO - Setting next_dagrun for example_python_decorator to None, run_after=None
[2024-07-05T14:13:23.170+0000] {processor.py:183} INFO - Processing /home/airflow/.local/lib/python3.12/site-packages/airflow/example_dags/example_python_decorator.py took 0.058 seconds
[2024-07-05T14:13:53.323+0000] {processor.py:161} INFO - Started process (PID=561) to work on /home/airflow/.local/lib/python3.12/site-packages/airflow/example_dags/example_python_decorator.py
[2024-07-05T14:13:53.324+0000] {processor.py:830} INFO - Processing file /home/airflow/.local/lib/python3.12/site-packages/airflow/example_dags/example_python_decorator.py for tasks to queue
[2024-07-05T14:13:53.325+0000] {logging_mixin.py:188} INFO - [2024-07-05T14:13:53.325+0000] {dagbag.py:545} INFO - Filling up the DagBag from /home/airflow/.local/lib/python3.12/site-packages/airflow/example_dags/example_python_decorator.py
[2024-07-05T14:13:53.333+0000] {processor.py:840} INFO - DAG(s) 'example_python_decorator' retrieved from /home/airflow/.local/lib/python3.12/site-packages/airflow/example_dags/example_python_decorator.py
[2024-07-05T14:13:53.347+0000] {logging_mixin.py:188} INFO - [2024-07-05T14:13:53.347+0000] {dag.py:3096} INFO - Sync 1 DAGs
[2024-07-05T14:13:53.354+0000] {logging_mixin.py:188} INFO - [2024-07-05T14:13:53.354+0000] {dag.py:3954} INFO - Setting next_dagrun for example_python_decorator to None, run_after=None
[2024-07-05T14:13:53.364+0000] {processor.py:183} INFO - Processing /home/airflow/.local/lib/python3.12/site-packages/airflow/example_dags/example_python_decorator.py took 0.045 seconds
[2024-07-05T14:14:23.712+0000] {processor.py:161} INFO - Started process (PID=619) to work on /home/airflow/.local/lib/python3.12/site-packages/airflow/example_dags/example_python_decorator.py
[2024-07-05T14:14:23.713+0000] {processor.py:830} INFO - Processing file /home/airflow/.local/lib/python3.12/site-packages/airflow/example_dags/example_python_decorator.py for tasks to queue
[2024-07-05T14:14:23.714+0000] {logging_mixin.py:188} INFO - [2024-07-05T14:14:23.714+0000] {dagbag.py:545} INFO - Filling up the DagBag from /home/airflow/.local/lib/python3.12/site-packages/airflow/example_dags/example_python_decorator.py
[2024-07-05T14:14:23.720+0000] {processor.py:840} INFO - DAG(s) 'example_python_decorator' retrieved from /home/airflow/.local/lib/python3.12/site-packages/airflow/example_dags/example_python_decorator.py
[2024-07-05T14:14:23.731+0000] {logging_mixin.py:188} INFO - [2024-07-05T14:14:23.731+0000] {dag.py:3096} INFO - Sync 1 DAGs
[2024-07-05T14:14:23.737+0000] {logging_mixin.py:188} INFO - [2024-07-05T14:14:23.737+0000] {dag.py:3954} INFO - Setting next_dagrun for example_python_decorator to None, run_after=None
[2024-07-05T14:14:23.746+0000] {processor.py:183} INFO - Processing /home/airflow/.local/lib/python3.12/site-packages/airflow/example_dags/example_python_decorator.py took 0.038 seconds
[2024-07-05T14:14:54.167+0000] {processor.py:161} INFO - Started process (PID=677) to work on /home/airflow/.local/lib/python3.12/site-packages/airflow/example_dags/example_python_decorator.py
[2024-07-05T14:14:54.168+0000] {processor.py:830} INFO - Processing file /home/airflow/.local/lib/python3.12/site-packages/airflow/example_dags/example_python_decorator.py for tasks to queue
[2024-07-05T14:14:54.169+0000] {logging_mixin.py:188} INFO - [2024-07-05T14:14:54.169+0000] {dagbag.py:545} INFO - Filling up the DagBag from /home/airflow/.local/lib/python3.12/site-packages/airflow/example_dags/example_python_decorator.py
[2024-07-05T14:14:54.182+0000] {processor.py:840} INFO - DAG(s) 'example_python_decorator' retrieved from /home/airflow/.local/lib/python3.12/site-packages/airflow/example_dags/example_python_decorator.py
[2024-07-05T14:14:54.201+0000] {logging_mixin.py:188} INFO - [2024-07-05T14:14:54.201+0000] {dag.py:3096} INFO - Sync 1 DAGs
[2024-07-05T14:14:54.209+0000] {logging_mixin.py:188} INFO - [2024-07-05T14:14:54.208+0000] {dag.py:3954} INFO - Setting next_dagrun for example_python_decorator to None, run_after=None
[2024-07-05T14:14:54.218+0000] {processor.py:183} INFO - Processing /home/airflow/.local/lib/python3.12/site-packages/airflow/example_dags/example_python_decorator.py took 0.054 seconds
[2024-07-05T14:15:24.587+0000] {processor.py:161} INFO - Started process (PID=735) to work on /home/airflow/.local/lib/python3.12/site-packages/airflow/example_dags/example_python_decorator.py
[2024-07-05T14:15:24.588+0000] {processor.py:830} INFO - Processing file /home/airflow/.local/lib/python3.12/site-packages/airflow/example_dags/example_python_decorator.py for tasks to queue
[2024-07-05T14:15:24.588+0000] {logging_mixin.py:188} INFO - [2024-07-05T14:15:24.588+0000] {dagbag.py:545} INFO - Filling up the DagBag from /home/airflow/.local/lib/python3.12/site-packages/airflow/example_dags/example_python_decorator.py
[2024-07-05T14:15:24.595+0000] {processor.py:840} INFO - DAG(s) 'example_python_decorator' retrieved from /home/airflow/.local/lib/python3.12/site-packages/airflow/example_dags/example_python_decorator.py
[2024-07-05T14:15:24.611+0000] {logging_mixin.py:188} INFO - [2024-07-05T14:15:24.611+0000] {dag.py:3096} INFO - Sync 1 DAGs
[2024-07-05T14:15:24.617+0000] {logging_mixin.py:188} INFO - [2024-07-05T14:15:24.617+0000] {dag.py:3954} INFO - Setting next_dagrun for example_python_decorator to None, run_after=None
[2024-07-05T14:15:24.625+0000] {processor.py:183} INFO - Processing /home/airflow/.local/lib/python3.12/site-packages/airflow/example_dags/example_python_decorator.py took 0.041 seconds
[2024-07-05T14:15:54.977+0000] {processor.py:161} INFO - Started process (PID=793) to work on /home/airflow/.local/lib/python3.12/site-packages/airflow/example_dags/example_python_decorator.py
[2024-07-05T14:15:54.977+0000] {processor.py:830} INFO - Processing file /home/airflow/.local/lib/python3.12/site-packages/airflow/example_dags/example_python_decorator.py for tasks to queue
[2024-07-05T14:15:54.978+0000] {logging_mixin.py:188} INFO - [2024-07-05T14:15:54.978+0000] {dagbag.py:545} INFO - Filling up the DagBag from /home/airflow/.local/lib/python3.12/site-packages/airflow/example_dags/example_python_decorator.py
[2024-07-05T14:15:54.984+0000] {processor.py:840} INFO - DAG(s) 'example_python_decorator' retrieved from /home/airflow/.local/lib/python3.12/site-packages/airflow/example_dags/example_python_decorator.py
[2024-07-05T14:15:54.995+0000] {logging_mixin.py:188} INFO - [2024-07-05T14:15:54.995+0000] {dag.py:3096} INFO - Sync 1 DAGs
[2024-07-05T14:15:55.000+0000] {logging_mixin.py:188} INFO - [2024-07-05T14:15:55.000+0000] {dag.py:3954} INFO - Setting next_dagrun for example_python_decorator to None, run_after=None
[2024-07-05T14:15:55.009+0000] {processor.py:183} INFO - Processing /home/airflow/.local/lib/python3.12/site-packages/airflow/example_dags/example_python_decorator.py took 0.035 seconds
[2024-07-05T14:16:25.278+0000] {processor.py:161} INFO - Started process (PID=851) to work on /home/airflow/.local/lib/python3.12/site-packages/airflow/example_dags/example_python_decorator.py
[2024-07-05T14:16:25.279+0000] {processor.py:830} INFO - Processing file /home/airflow/.local/lib/python3.12/site-packages/airflow/example_dags/example_python_decorator.py for tasks to queue
[2024-07-05T14:16:25.280+0000] {logging_mixin.py:188} INFO - [2024-07-05T14:16:25.279+0000] {dagbag.py:545} INFO - Filling up the DagBag from /home/airflow/.local/lib/python3.12/site-packages/airflow/example_dags/example_python_decorator.py
[2024-07-05T14:16:25.286+0000] {processor.py:840} INFO - DAG(s) 'example_python_decorator' retrieved from /home/airflow/.local/lib/python3.12/site-packages/airflow/example_dags/example_python_decorator.py
[2024-07-05T14:16:25.298+0000] {logging_mixin.py:188} INFO - [2024-07-05T14:16:25.298+0000] {dag.py:3096} INFO - Sync 1 DAGs
[2024-07-05T14:16:25.334+0000] {logging_mixin.py:188} INFO - [2024-07-05T14:16:25.334+0000] {dag.py:3954} INFO - Setting next_dagrun for example_python_decorator to None, run_after=None
[2024-07-05T14:16:25.345+0000] {processor.py:183} INFO - Processing /home/airflow/.local/lib/python3.12/site-packages/airflow/example_dags/example_python_decorator.py took 0.069 seconds
[2024-07-05T14:16:55.739+0000] {processor.py:161} INFO - Started process (PID=909) to work on /home/airflow/.local/lib/python3.12/site-packages/airflow/example_dags/example_python_decorator.py
[2024-07-05T14:16:55.740+0000] {processor.py:830} INFO - Processing file /home/airflow/.local/lib/python3.12/site-packages/airflow/example_dags/example_python_decorator.py for tasks to queue
[2024-07-05T14:16:55.741+0000] {logging_mixin.py:188} INFO - [2024-07-05T14:16:55.741+0000] {dagbag.py:545} INFO - Filling up the DagBag from /home/airflow/.local/lib/python3.12/site-packages/airflow/example_dags/example_python_decorator.py
[2024-07-05T14:16:55.748+0000] {processor.py:840} INFO - DAG(s) 'example_python_decorator' retrieved from /home/airflow/.local/lib/python3.12/site-packages/airflow/example_dags/example_python_decorator.py
[2024-07-05T14:16:55.759+0000] {logging_mixin.py:188} INFO - [2024-07-05T14:16:55.759+0000] {dag.py:3096} INFO - Sync 1 DAGs
[2024-07-05T14:16:55.764+0000] {logging_mixin.py:188} INFO - [2024-07-05T14:16:55.764+0000] {dag.py:3954} INFO - Setting next_dagrun for example_python_decorator to None, run_after=None
[2024-07-05T14:16:55.773+0000] {processor.py:183} INFO - Processing /home/airflow/.local/lib/python3.12/site-packages/airflow/example_dags/example_python_decorator.py took 0.037 seconds
[2024-07-05T14:17:26.098+0000] {processor.py:161} INFO - Started process (PID=967) to work on /home/airflow/.local/lib/python3.12/site-packages/airflow/example_dags/example_python_decorator.py
[2024-07-05T14:17:26.099+0000] {processor.py:830} INFO - Processing file /home/airflow/.local/lib/python3.12/site-packages/airflow/example_dags/example_python_decorator.py for tasks to queue
[2024-07-05T14:17:26.100+0000] {logging_mixin.py:188} INFO - [2024-07-05T14:17:26.100+0000] {dagbag.py:545} INFO - Filling up the DagBag from /home/airflow/.local/lib/python3.12/site-packages/airflow/example_dags/example_python_decorator.py
[2024-07-05T14:17:26.106+0000] {processor.py:840} INFO - DAG(s) 'example_python_decorator' retrieved from /home/airflow/.local/lib/python3.12/site-packages/airflow/example_dags/example_python_decorator.py
[2024-07-05T14:17:26.117+0000] {logging_mixin.py:188} INFO - [2024-07-05T14:17:26.116+0000] {dag.py:3096} INFO - Sync 1 DAGs
[2024-07-05T14:17:26.123+0000] {logging_mixin.py:188} INFO - [2024-07-05T14:17:26.123+0000] {dag.py:3954} INFO - Setting next_dagrun for example_python_decorator to None, run_after=None
[2024-07-05T14:17:26.131+0000] {processor.py:183} INFO - Processing /home/airflow/.local/lib/python3.12/site-packages/airflow/example_dags/example_python_decorator.py took 0.036 seconds
[2024-07-05T14:17:56.532+0000] {processor.py:161} INFO - Started process (PID=1025) to work on /home/airflow/.local/lib/python3.12/site-packages/airflow/example_dags/example_python_decorator.py
[2024-07-05T14:17:56.533+0000] {processor.py:830} INFO - Processing file /home/airflow/.local/lib/python3.12/site-packages/airflow/example_dags/example_python_decorator.py for tasks to queue
[2024-07-05T14:17:56.534+0000] {logging_mixin.py:188} INFO - [2024-07-05T14:17:56.534+0000] {dagbag.py:545} INFO - Filling up the DagBag from /home/airflow/.local/lib/python3.12/site-packages/airflow/example_dags/example_python_decorator.py
[2024-07-05T14:17:56.540+0000] {processor.py:840} INFO - DAG(s) 'example_python_decorator' retrieved from /home/airflow/.local/lib/python3.12/site-packages/airflow/example_dags/example_python_decorator.py
[2024-07-05T14:17:56.550+0000] {logging_mixin.py:188} INFO - [2024-07-05T14:17:56.549+0000] {dag.py:3096} INFO - Sync 1 DAGs
[2024-07-05T14:17:56.555+0000] {logging_mixin.py:188} INFO - [2024-07-05T14:17:56.555+0000] {dag.py:3954} INFO - Setting next_dagrun for example_python_decorator to None, run_after=None
[2024-07-05T14:17:56.563+0000] {processor.py:183} INFO - Processing /home/airflow/.local/lib/python3.12/site-packages/airflow/example_dags/example_python_decorator.py took 0.033 seconds
[2024-07-05T14:18:27.194+0000] {processor.py:161} INFO - Started process (PID=1083) to work on /home/airflow/.local/lib/python3.12/site-packages/airflow/example_dags/example_python_decorator.py
[2024-07-05T14:18:27.195+0000] {processor.py:830} INFO - Processing file /home/airflow/.local/lib/python3.12/site-packages/airflow/example_dags/example_python_decorator.py for tasks to queue
[2024-07-05T14:18:27.196+0000] {logging_mixin.py:188} INFO - [2024-07-05T14:18:27.196+0000] {dagbag.py:545} INFO - Filling up the DagBag from /home/airflow/.local/lib/python3.12/site-packages/airflow/example_dags/example_python_decorator.py
[2024-07-05T14:18:27.202+0000] {processor.py:840} INFO - DAG(s) 'example_python_decorator' retrieved from /home/airflow/.local/lib/python3.12/site-packages/airflow/example_dags/example_python_decorator.py
[2024-07-05T14:18:27.213+0000] {logging_mixin.py:188} INFO - [2024-07-05T14:18:27.212+0000] {dag.py:3096} INFO - Sync 1 DAGs
[2024-07-05T14:18:27.219+0000] {logging_mixin.py:188} INFO - [2024-07-05T14:18:27.218+0000] {dag.py:3954} INFO - Setting next_dagrun for example_python_decorator to None, run_after=None
[2024-07-05T14:18:27.226+0000] {processor.py:183} INFO - Processing /home/airflow/.local/lib/python3.12/site-packages/airflow/example_dags/example_python_decorator.py took 0.035 seconds
[2024-07-05T14:18:57.666+0000] {processor.py:161} INFO - Started process (PID=1140) to work on /home/airflow/.local/lib/python3.12/site-packages/airflow/example_dags/example_python_decorator.py
[2024-07-05T14:18:57.667+0000] {processor.py:830} INFO - Processing file /home/airflow/.local/lib/python3.12/site-packages/airflow/example_dags/example_python_decorator.py for tasks to queue
[2024-07-05T14:18:57.667+0000] {logging_mixin.py:188} INFO - [2024-07-05T14:18:57.667+0000] {dagbag.py:545} INFO - Filling up the DagBag from /home/airflow/.local/lib/python3.12/site-packages/airflow/example_dags/example_python_decorator.py
[2024-07-05T14:18:57.673+0000] {processor.py:840} INFO - DAG(s) 'example_python_decorator' retrieved from /home/airflow/.local/lib/python3.12/site-packages/airflow/example_dags/example_python_decorator.py
[2024-07-05T14:18:57.683+0000] {logging_mixin.py:188} INFO - [2024-07-05T14:18:57.683+0000] {dag.py:3096} INFO - Sync 1 DAGs
[2024-07-05T14:18:57.688+0000] {logging_mixin.py:188} INFO - [2024-07-05T14:18:57.688+0000] {dag.py:3954} INFO - Setting next_dagrun for example_python_decorator to None, run_after=None
[2024-07-05T14:18:57.696+0000] {processor.py:183} INFO - Processing /home/airflow/.local/lib/python3.12/site-packages/airflow/example_dags/example_python_decorator.py took 0.032 seconds
[2024-07-05T14:19:27.902+0000] {processor.py:161} INFO - Started process (PID=1198) to work on /home/airflow/.local/lib/python3.12/site-packages/airflow/example_dags/example_python_decorator.py
[2024-07-05T14:19:27.903+0000] {processor.py:830} INFO - Processing file /home/airflow/.local/lib/python3.12/site-packages/airflow/example_dags/example_python_decorator.py for tasks to queue
[2024-07-05T14:19:27.903+0000] {logging_mixin.py:188} INFO - [2024-07-05T14:19:27.903+0000] {dagbag.py:545} INFO - Filling up the DagBag from /home/airflow/.local/lib/python3.12/site-packages/airflow/example_dags/example_python_decorator.py
[2024-07-05T14:19:27.909+0000] {processor.py:840} INFO - DAG(s) 'example_python_decorator' retrieved from /home/airflow/.local/lib/python3.12/site-packages/airflow/example_dags/example_python_decorator.py
[2024-07-05T14:19:27.921+0000] {logging_mixin.py:188} INFO - [2024-07-05T14:19:27.921+0000] {dag.py:3096} INFO - Sync 1 DAGs
[2024-07-05T14:19:27.928+0000] {logging_mixin.py:188} INFO - [2024-07-05T14:19:27.928+0000] {dag.py:3954} INFO - Setting next_dagrun for example_python_decorator to None, run_after=None
[2024-07-05T14:19:27.937+0000] {processor.py:183} INFO - Processing /home/airflow/.local/lib/python3.12/site-packages/airflow/example_dags/example_python_decorator.py took 0.037 seconds
[2024-07-05T14:19:58.257+0000] {processor.py:161} INFO - Started process (PID=1256) to work on /home/airflow/.local/lib/python3.12/site-packages/airflow/example_dags/example_python_decorator.py
[2024-07-05T14:19:58.258+0000] {processor.py:830} INFO - Processing file /home/airflow/.local/lib/python3.12/site-packages/airflow/example_dags/example_python_decorator.py for tasks to queue
[2024-07-05T14:19:58.259+0000] {logging_mixin.py:188} INFO - [2024-07-05T14:19:58.259+0000] {dagbag.py:545} INFO - Filling up the DagBag from /home/airflow/.local/lib/python3.12/site-packages/airflow/example_dags/example_python_decorator.py
[2024-07-05T14:19:58.284+0000] {processor.py:840} INFO - DAG(s) 'example_python_decorator' retrieved from /home/airflow/.local/lib/python3.12/site-packages/airflow/example_dags/example_python_decorator.py
[2024-07-05T14:19:58.294+0000] {logging_mixin.py:188} INFO - [2024-07-05T14:19:58.294+0000] {dag.py:3096} INFO - Sync 1 DAGs
[2024-07-05T14:19:58.301+0000] {logging_mixin.py:188} INFO - [2024-07-05T14:19:58.300+0000] {dag.py:3954} INFO - Setting next_dagrun for example_python_decorator to None, run_after=None
[2024-07-05T14:19:58.309+0000] {processor.py:183} INFO - Processing /home/airflow/.local/lib/python3.12/site-packages/airflow/example_dags/example_python_decorator.py took 0.056 seconds
[2024-07-05T14:20:28.946+0000] {processor.py:161} INFO - Started process (PID=1314) to work on /home/airflow/.local/lib/python3.12/site-packages/airflow/example_dags/example_python_decorator.py
[2024-07-05T14:20:28.947+0000] {processor.py:830} INFO - Processing file /home/airflow/.local/lib/python3.12/site-packages/airflow/example_dags/example_python_decorator.py for tasks to queue
[2024-07-05T14:20:28.948+0000] {logging_mixin.py:188} INFO - [2024-07-05T14:20:28.948+0000] {dagbag.py:545} INFO - Filling up the DagBag from /home/airflow/.local/lib/python3.12/site-packages/airflow/example_dags/example_python_decorator.py
[2024-07-05T14:20:28.954+0000] {processor.py:840} INFO - DAG(s) 'example_python_decorator' retrieved from /home/airflow/.local/lib/python3.12/site-packages/airflow/example_dags/example_python_decorator.py
[2024-07-05T14:20:28.996+0000] {logging_mixin.py:188} INFO - [2024-07-05T14:20:28.995+0000] {dag.py:3096} INFO - Sync 1 DAGs
[2024-07-05T14:20:29.000+0000] {logging_mixin.py:188} INFO - [2024-07-05T14:20:29.000+0000] {dag.py:3954} INFO - Setting next_dagrun for example_python_decorator to None, run_after=None
[2024-07-05T14:20:29.007+0000] {processor.py:183} INFO - Processing /home/airflow/.local/lib/python3.12/site-packages/airflow/example_dags/example_python_decorator.py took 0.064 seconds
[2024-07-05T14:20:59.490+0000] {processor.py:161} INFO - Started process (PID=1372) to work on /home/airflow/.local/lib/python3.12/site-packages/airflow/example_dags/example_python_decorator.py
[2024-07-05T14:20:59.490+0000] {processor.py:830} INFO - Processing file /home/airflow/.local/lib/python3.12/site-packages/airflow/example_dags/example_python_decorator.py for tasks to queue
[2024-07-05T14:20:59.491+0000] {logging_mixin.py:188} INFO - [2024-07-05T14:20:59.491+0000] {dagbag.py:545} INFO - Filling up the DagBag from /home/airflow/.local/lib/python3.12/site-packages/airflow/example_dags/example_python_decorator.py
[2024-07-05T14:20:59.497+0000] {processor.py:840} INFO - DAG(s) 'example_python_decorator' retrieved from /home/airflow/.local/lib/python3.12/site-packages/airflow/example_dags/example_python_decorator.py
[2024-07-05T14:20:59.507+0000] {logging_mixin.py:188} INFO - [2024-07-05T14:20:59.507+0000] {dag.py:3096} INFO - Sync 1 DAGs
[2024-07-05T14:20:59.513+0000] {logging_mixin.py:188} INFO - [2024-07-05T14:20:59.513+0000] {dag.py:3954} INFO - Setting next_dagrun for example_python_decorator to None, run_after=None
[2024-07-05T14:20:59.520+0000] {processor.py:183} INFO - Processing /home/airflow/.local/lib/python3.12/site-packages/airflow/example_dags/example_python_decorator.py took 0.033 seconds
[2024-07-05T14:21:29.863+0000] {processor.py:161} INFO - Started process (PID=1430) to work on /home/airflow/.local/lib/python3.12/site-packages/airflow/example_dags/example_python_decorator.py
[2024-07-05T14:21:29.864+0000] {processor.py:830} INFO - Processing file /home/airflow/.local/lib/python3.12/site-packages/airflow/example_dags/example_python_decorator.py for tasks to queue
[2024-07-05T14:21:29.865+0000] {logging_mixin.py:188} INFO - [2024-07-05T14:21:29.864+0000] {dagbag.py:545} INFO - Filling up the DagBag from /home/airflow/.local/lib/python3.12/site-packages/airflow/example_dags/example_python_decorator.py
[2024-07-05T14:21:29.871+0000] {processor.py:840} INFO - DAG(s) 'example_python_decorator' retrieved from /home/airflow/.local/lib/python3.12/site-packages/airflow/example_dags/example_python_decorator.py
[2024-07-05T14:21:29.881+0000] {logging_mixin.py:188} INFO - [2024-07-05T14:21:29.880+0000] {dag.py:3096} INFO - Sync 1 DAGs
[2024-07-05T14:21:29.887+0000] {logging_mixin.py:188} INFO - [2024-07-05T14:21:29.886+0000] {dag.py:3954} INFO - Setting next_dagrun for example_python_decorator to None, run_after=None
[2024-07-05T14:21:29.894+0000] {processor.py:183} INFO - Processing /home/airflow/.local/lib/python3.12/site-packages/airflow/example_dags/example_python_decorator.py took 0.034 seconds
[2024-07-05T14:22:00.388+0000] {processor.py:161} INFO - Started process (PID=1488) to work on /home/airflow/.local/lib/python3.12/site-packages/airflow/example_dags/example_python_decorator.py
[2024-07-05T14:22:00.389+0000] {processor.py:830} INFO - Processing file /home/airflow/.local/lib/python3.12/site-packages/airflow/example_dags/example_python_decorator.py for tasks to queue
[2024-07-05T14:22:00.391+0000] {logging_mixin.py:188} INFO - [2024-07-05T14:22:00.390+0000] {dagbag.py:545} INFO - Filling up the DagBag from /home/airflow/.local/lib/python3.12/site-packages/airflow/example_dags/example_python_decorator.py
[2024-07-05T14:22:00.407+0000] {processor.py:840} INFO - DAG(s) 'example_python_decorator' retrieved from /home/airflow/.local/lib/python3.12/site-packages/airflow/example_dags/example_python_decorator.py
[2024-07-05T14:22:00.423+0000] {logging_mixin.py:188} INFO - [2024-07-05T14:22:00.423+0000] {dag.py:3096} INFO - Sync 1 DAGs
[2024-07-05T14:22:00.438+0000] {logging_mixin.py:188} INFO - [2024-07-05T14:22:00.437+0000] {dag.py:3954} INFO - Setting next_dagrun for example_python_decorator to None, run_after=None
[2024-07-05T14:22:00.451+0000] {processor.py:183} INFO - Processing /home/airflow/.local/lib/python3.12/site-packages/airflow/example_dags/example_python_decorator.py took 0.067 seconds
[2024-07-05T14:22:31.056+0000] {processor.py:161} INFO - Started process (PID=1546) to work on /home/airflow/.local/lib/python3.12/site-packages/airflow/example_dags/example_python_decorator.py
[2024-07-05T14:22:31.058+0000] {processor.py:830} INFO - Processing file /home/airflow/.local/lib/python3.12/site-packages/airflow/example_dags/example_python_decorator.py for tasks to queue
[2024-07-05T14:22:31.061+0000] {logging_mixin.py:188} INFO - [2024-07-05T14:22:31.061+0000] {dagbag.py:545} INFO - Filling up the DagBag from /home/airflow/.local/lib/python3.12/site-packages/airflow/example_dags/example_python_decorator.py
[2024-07-05T14:22:31.076+0000] {processor.py:840} INFO - DAG(s) 'example_python_decorator' retrieved from /home/airflow/.local/lib/python3.12/site-packages/airflow/example_dags/example_python_decorator.py
[2024-07-05T14:22:31.093+0000] {logging_mixin.py:188} INFO - [2024-07-05T14:22:31.092+0000] {dag.py:3096} INFO - Sync 1 DAGs
[2024-07-05T14:22:31.110+0000] {logging_mixin.py:188} INFO - [2024-07-05T14:22:31.110+0000] {dag.py:3954} INFO - Setting next_dagrun for example_python_decorator to None, run_after=None
[2024-07-05T14:22:31.124+0000] {processor.py:183} INFO - Processing /home/airflow/.local/lib/python3.12/site-packages/airflow/example_dags/example_python_decorator.py took 0.080 seconds
[2024-07-05T14:23:01.293+0000] {processor.py:161} INFO - Started process (PID=1604) to work on /home/airflow/.local/lib/python3.12/site-packages/airflow/example_dags/example_python_decorator.py
[2024-07-05T14:23:01.294+0000] {processor.py:830} INFO - Processing file /home/airflow/.local/lib/python3.12/site-packages/airflow/example_dags/example_python_decorator.py for tasks to queue
[2024-07-05T14:23:01.295+0000] {logging_mixin.py:188} INFO - [2024-07-05T14:23:01.295+0000] {dagbag.py:545} INFO - Filling up the DagBag from /home/airflow/.local/lib/python3.12/site-packages/airflow/example_dags/example_python_decorator.py
[2024-07-05T14:23:01.305+0000] {processor.py:840} INFO - DAG(s) 'example_python_decorator' retrieved from /home/airflow/.local/lib/python3.12/site-packages/airflow/example_dags/example_python_decorator.py
[2024-07-05T14:23:01.325+0000] {logging_mixin.py:188} INFO - [2024-07-05T14:23:01.325+0000] {dag.py:3096} INFO - Sync 1 DAGs
[2024-07-05T14:23:01.333+0000] {logging_mixin.py:188} INFO - [2024-07-05T14:23:01.333+0000] {dag.py:3954} INFO - Setting next_dagrun for example_python_decorator to None, run_after=None
[2024-07-05T14:23:01.346+0000] {processor.py:183} INFO - Processing /home/airflow/.local/lib/python3.12/site-packages/airflow/example_dags/example_python_decorator.py took 0.058 seconds
[2024-07-05T14:23:31.969+0000] {processor.py:161} INFO - Started process (PID=1662) to work on /home/airflow/.local/lib/python3.12/site-packages/airflow/example_dags/example_python_decorator.py
[2024-07-05T14:23:31.970+0000] {processor.py:830} INFO - Processing file /home/airflow/.local/lib/python3.12/site-packages/airflow/example_dags/example_python_decorator.py for tasks to queue
[2024-07-05T14:23:31.971+0000] {logging_mixin.py:188} INFO - [2024-07-05T14:23:31.970+0000] {dagbag.py:545} INFO - Filling up the DagBag from /home/airflow/.local/lib/python3.12/site-packages/airflow/example_dags/example_python_decorator.py
[2024-07-05T14:23:31.977+0000] {processor.py:840} INFO - DAG(s) 'example_python_decorator' retrieved from /home/airflow/.local/lib/python3.12/site-packages/airflow/example_dags/example_python_decorator.py
[2024-07-05T14:23:31.989+0000] {logging_mixin.py:188} INFO - [2024-07-05T14:23:31.988+0000] {dag.py:3096} INFO - Sync 1 DAGs
[2024-07-05T14:23:31.995+0000] {logging_mixin.py:188} INFO - [2024-07-05T14:23:31.995+0000] {dag.py:3954} INFO - Setting next_dagrun for example_python_decorator to None, run_after=None
[2024-07-05T14:23:32.005+0000] {processor.py:183} INFO - Processing /home/airflow/.local/lib/python3.12/site-packages/airflow/example_dags/example_python_decorator.py took 0.039 seconds
[2024-07-05T14:24:02.293+0000] {processor.py:161} INFO - Started process (PID=1720) to work on /home/airflow/.local/lib/python3.12/site-packages/airflow/example_dags/example_python_decorator.py
[2024-07-05T14:24:02.293+0000] {processor.py:830} INFO - Processing file /home/airflow/.local/lib/python3.12/site-packages/airflow/example_dags/example_python_decorator.py for tasks to queue
[2024-07-05T14:24:02.295+0000] {logging_mixin.py:188} INFO - [2024-07-05T14:24:02.295+0000] {dagbag.py:545} INFO - Filling up the DagBag from /home/airflow/.local/lib/python3.12/site-packages/airflow/example_dags/example_python_decorator.py
[2024-07-05T14:24:02.301+0000] {processor.py:840} INFO - DAG(s) 'example_python_decorator' retrieved from /home/airflow/.local/lib/python3.12/site-packages/airflow/example_dags/example_python_decorator.py
[2024-07-05T14:24:02.316+0000] {logging_mixin.py:188} INFO - [2024-07-05T14:24:02.316+0000] {dag.py:3096} INFO - Sync 1 DAGs
[2024-07-05T14:24:02.324+0000] {logging_mixin.py:188} INFO - [2024-07-05T14:24:02.323+0000] {dag.py:3954} INFO - Setting next_dagrun for example_python_decorator to None, run_after=None
[2024-07-05T14:24:02.338+0000] {processor.py:183} INFO - Processing /home/airflow/.local/lib/python3.12/site-packages/airflow/example_dags/example_python_decorator.py took 0.049 seconds
[2024-07-05T14:24:32.494+0000] {processor.py:161} INFO - Started process (PID=1777) to work on /home/airflow/.local/lib/python3.12/site-packages/airflow/example_dags/example_python_decorator.py
[2024-07-05T14:24:32.494+0000] {processor.py:830} INFO - Processing file /home/airflow/.local/lib/python3.12/site-packages/airflow/example_dags/example_python_decorator.py for tasks to queue
[2024-07-05T14:24:32.495+0000] {logging_mixin.py:188} INFO - [2024-07-05T14:24:32.495+0000] {dagbag.py:545} INFO - Filling up the DagBag from /home/airflow/.local/lib/python3.12/site-packages/airflow/example_dags/example_python_decorator.py
[2024-07-05T14:24:32.501+0000] {processor.py:840} INFO - DAG(s) 'example_python_decorator' retrieved from /home/airflow/.local/lib/python3.12/site-packages/airflow/example_dags/example_python_decorator.py
[2024-07-05T14:24:32.511+0000] {logging_mixin.py:188} INFO - [2024-07-05T14:24:32.511+0000] {dag.py:3096} INFO - Sync 1 DAGs
[2024-07-05T14:24:32.517+0000] {logging_mixin.py:188} INFO - [2024-07-05T14:24:32.517+0000] {dag.py:3954} INFO - Setting next_dagrun for example_python_decorator to None, run_after=None
[2024-07-05T14:24:32.524+0000] {processor.py:183} INFO - Processing /home/airflow/.local/lib/python3.12/site-packages/airflow/example_dags/example_python_decorator.py took 0.033 seconds
[2024-07-05T14:25:02.754+0000] {processor.py:161} INFO - Started process (PID=1835) to work on /home/airflow/.local/lib/python3.12/site-packages/airflow/example_dags/example_python_decorator.py
[2024-07-05T14:25:02.754+0000] {processor.py:830} INFO - Processing file /home/airflow/.local/lib/python3.12/site-packages/airflow/example_dags/example_python_decorator.py for tasks to queue
[2024-07-05T14:25:02.755+0000] {logging_mixin.py:188} INFO - [2024-07-05T14:25:02.755+0000] {dagbag.py:545} INFO - Filling up the DagBag from /home/airflow/.local/lib/python3.12/site-packages/airflow/example_dags/example_python_decorator.py
[2024-07-05T14:25:02.762+0000] {processor.py:840} INFO - DAG(s) 'example_python_decorator' retrieved from /home/airflow/.local/lib/python3.12/site-packages/airflow/example_dags/example_python_decorator.py
[2024-07-05T14:25:02.772+0000] {logging_mixin.py:188} INFO - [2024-07-05T14:25:02.772+0000] {dag.py:3096} INFO - Sync 1 DAGs
[2024-07-05T14:25:02.777+0000] {logging_mixin.py:188} INFO - [2024-07-05T14:25:02.777+0000] {dag.py:3954} INFO - Setting next_dagrun for example_python_decorator to None, run_after=None
[2024-07-05T14:25:02.785+0000] {processor.py:183} INFO - Processing /home/airflow/.local/lib/python3.12/site-packages/airflow/example_dags/example_python_decorator.py took 0.035 seconds
[2024-07-05T14:25:33.170+0000] {processor.py:161} INFO - Started process (PID=1893) to work on /home/airflow/.local/lib/python3.12/site-packages/airflow/example_dags/example_python_decorator.py
[2024-07-05T14:25:33.171+0000] {processor.py:830} INFO - Processing file /home/airflow/.local/lib/python3.12/site-packages/airflow/example_dags/example_python_decorator.py for tasks to queue
[2024-07-05T14:25:33.174+0000] {logging_mixin.py:188} INFO - [2024-07-05T14:25:33.173+0000] {dagbag.py:545} INFO - Filling up the DagBag from /home/airflow/.local/lib/python3.12/site-packages/airflow/example_dags/example_python_decorator.py
[2024-07-05T14:25:33.182+0000] {processor.py:840} INFO - DAG(s) 'example_python_decorator' retrieved from /home/airflow/.local/lib/python3.12/site-packages/airflow/example_dags/example_python_decorator.py
[2024-07-05T14:25:33.194+0000] {logging_mixin.py:188} INFO - [2024-07-05T14:25:33.194+0000] {dag.py:3096} INFO - Sync 1 DAGs
[2024-07-05T14:25:33.201+0000] {logging_mixin.py:188} INFO - [2024-07-05T14:25:33.201+0000] {dag.py:3954} INFO - Setting next_dagrun for example_python_decorator to None, run_after=None
[2024-07-05T14:25:33.211+0000] {processor.py:183} INFO - Processing /home/airflow/.local/lib/python3.12/site-packages/airflow/example_dags/example_python_decorator.py took 0.047 seconds
[2024-07-05T14:26:03.939+0000] {processor.py:161} INFO - Started process (PID=1951) to work on /home/airflow/.local/lib/python3.12/site-packages/airflow/example_dags/example_python_decorator.py
[2024-07-05T14:26:03.940+0000] {processor.py:830} INFO - Processing file /home/airflow/.local/lib/python3.12/site-packages/airflow/example_dags/example_python_decorator.py for tasks to queue
[2024-07-05T14:26:03.941+0000] {logging_mixin.py:188} INFO - [2024-07-05T14:26:03.941+0000] {dagbag.py:545} INFO - Filling up the DagBag from /home/airflow/.local/lib/python3.12/site-packages/airflow/example_dags/example_python_decorator.py
[2024-07-05T14:26:03.948+0000] {processor.py:840} INFO - DAG(s) 'example_python_decorator' retrieved from /home/airflow/.local/lib/python3.12/site-packages/airflow/example_dags/example_python_decorator.py
[2024-07-05T14:26:03.961+0000] {logging_mixin.py:188} INFO - [2024-07-05T14:26:03.960+0000] {dag.py:3096} INFO - Sync 1 DAGs
[2024-07-05T14:26:03.969+0000] {logging_mixin.py:188} INFO - [2024-07-05T14:26:03.969+0000] {dag.py:3954} INFO - Setting next_dagrun for example_python_decorator to None, run_after=None
[2024-07-05T14:26:03.979+0000] {processor.py:183} INFO - Processing /home/airflow/.local/lib/python3.12/site-packages/airflow/example_dags/example_python_decorator.py took 0.043 seconds
[2024-07-05T14:28:03.853+0000] {processor.py:161} INFO - Started process (PID=38) to work on /home/airflow/.local/lib/python3.12/site-packages/airflow/example_dags/example_python_decorator.py
[2024-07-05T14:28:03.855+0000] {processor.py:830} INFO - Processing file /home/airflow/.local/lib/python3.12/site-packages/airflow/example_dags/example_python_decorator.py for tasks to queue
[2024-07-05T14:28:03.857+0000] {logging_mixin.py:188} INFO - [2024-07-05T14:28:03.856+0000] {dagbag.py:545} INFO - Filling up the DagBag from /home/airflow/.local/lib/python3.12/site-packages/airflow/example_dags/example_python_decorator.py
[2024-07-05T14:28:03.872+0000] {processor.py:840} INFO - DAG(s) 'example_python_decorator' retrieved from /home/airflow/.local/lib/python3.12/site-packages/airflow/example_dags/example_python_decorator.py
[2024-07-05T14:28:03.964+0000] {logging_mixin.py:188} INFO - [2024-07-05T14:28:03.964+0000] {dag.py:3096} INFO - Sync 1 DAGs
[2024-07-05T14:28:03.978+0000] {logging_mixin.py:188} INFO - [2024-07-05T14:28:03.978+0000] {dag.py:3954} INFO - Setting next_dagrun for example_python_decorator to None, run_after=None
[2024-07-05T14:28:03.995+0000] {processor.py:183} INFO - Processing /home/airflow/.local/lib/python3.12/site-packages/airflow/example_dags/example_python_decorator.py took 0.147 seconds
[2024-07-05T14:28:34.910+0000] {processor.py:161} INFO - Started process (PID=96) to work on /home/airflow/.local/lib/python3.12/site-packages/airflow/example_dags/example_python_decorator.py
[2024-07-05T14:28:34.910+0000] {processor.py:830} INFO - Processing file /home/airflow/.local/lib/python3.12/site-packages/airflow/example_dags/example_python_decorator.py for tasks to queue
[2024-07-05T14:28:34.911+0000] {logging_mixin.py:188} INFO - [2024-07-05T14:28:34.911+0000] {dagbag.py:545} INFO - Filling up the DagBag from /home/airflow/.local/lib/python3.12/site-packages/airflow/example_dags/example_python_decorator.py
[2024-07-05T14:28:34.918+0000] {processor.py:840} INFO - DAG(s) 'example_python_decorator' retrieved from /home/airflow/.local/lib/python3.12/site-packages/airflow/example_dags/example_python_decorator.py
[2024-07-05T14:28:34.925+0000] {logging_mixin.py:188} INFO - [2024-07-05T14:28:34.925+0000] {dag.py:3096} INFO - Sync 1 DAGs
[2024-07-05T14:28:34.933+0000] {logging_mixin.py:188} INFO - [2024-07-05T14:28:34.933+0000] {dag.py:3954} INFO - Setting next_dagrun for example_python_decorator to None, run_after=None
[2024-07-05T14:28:34.951+0000] {processor.py:183} INFO - Processing /home/airflow/.local/lib/python3.12/site-packages/airflow/example_dags/example_python_decorator.py took 0.043 seconds
[2024-07-05T14:29:05.702+0000] {processor.py:161} INFO - Started process (PID=154) to work on /home/airflow/.local/lib/python3.12/site-packages/airflow/example_dags/example_python_decorator.py
[2024-07-05T14:29:05.703+0000] {processor.py:830} INFO - Processing file /home/airflow/.local/lib/python3.12/site-packages/airflow/example_dags/example_python_decorator.py for tasks to queue
[2024-07-05T14:29:05.705+0000] {logging_mixin.py:188} INFO - [2024-07-05T14:29:05.704+0000] {dagbag.py:545} INFO - Filling up the DagBag from /home/airflow/.local/lib/python3.12/site-packages/airflow/example_dags/example_python_decorator.py
[2024-07-05T14:29:05.715+0000] {processor.py:840} INFO - DAG(s) 'example_python_decorator' retrieved from /home/airflow/.local/lib/python3.12/site-packages/airflow/example_dags/example_python_decorator.py
[2024-07-05T14:29:05.770+0000] {logging_mixin.py:188} INFO - [2024-07-05T14:29:05.770+0000] {dag.py:3096} INFO - Sync 1 DAGs
[2024-07-05T14:29:05.774+0000] {logging_mixin.py:188} INFO - [2024-07-05T14:29:05.774+0000] {dag.py:3954} INFO - Setting next_dagrun for example_python_decorator to None, run_after=None
[2024-07-05T14:29:05.782+0000] {processor.py:183} INFO - Processing /home/airflow/.local/lib/python3.12/site-packages/airflow/example_dags/example_python_decorator.py took 0.086 seconds
[2024-07-05T14:29:36.000+0000] {processor.py:161} INFO - Started process (PID=212) to work on /home/airflow/.local/lib/python3.12/site-packages/airflow/example_dags/example_python_decorator.py
[2024-07-05T14:29:36.001+0000] {processor.py:830} INFO - Processing file /home/airflow/.local/lib/python3.12/site-packages/airflow/example_dags/example_python_decorator.py for tasks to queue
[2024-07-05T14:29:36.003+0000] {logging_mixin.py:188} INFO - [2024-07-05T14:29:36.002+0000] {dagbag.py:545} INFO - Filling up the DagBag from /home/airflow/.local/lib/python3.12/site-packages/airflow/example_dags/example_python_decorator.py
[2024-07-05T14:29:36.011+0000] {processor.py:840} INFO - DAG(s) 'example_python_decorator' retrieved from /home/airflow/.local/lib/python3.12/site-packages/airflow/example_dags/example_python_decorator.py
[2024-07-05T14:29:36.024+0000] {logging_mixin.py:188} INFO - [2024-07-05T14:29:36.024+0000] {dag.py:3096} INFO - Sync 1 DAGs
[2024-07-05T14:29:36.033+0000] {logging_mixin.py:188} INFO - [2024-07-05T14:29:36.033+0000] {dag.py:3954} INFO - Setting next_dagrun for example_python_decorator to None, run_after=None
[2024-07-05T14:29:36.044+0000] {processor.py:183} INFO - Processing /home/airflow/.local/lib/python3.12/site-packages/airflow/example_dags/example_python_decorator.py took 0.048 seconds
[2024-07-05T14:30:06.181+0000] {processor.py:161} INFO - Started process (PID=270) to work on /home/airflow/.local/lib/python3.12/site-packages/airflow/example_dags/example_python_decorator.py
[2024-07-05T14:30:06.182+0000] {processor.py:830} INFO - Processing file /home/airflow/.local/lib/python3.12/site-packages/airflow/example_dags/example_python_decorator.py for tasks to queue
[2024-07-05T14:30:06.184+0000] {logging_mixin.py:188} INFO - [2024-07-05T14:30:06.183+0000] {dagbag.py:545} INFO - Filling up the DagBag from /home/airflow/.local/lib/python3.12/site-packages/airflow/example_dags/example_python_decorator.py
[2024-07-05T14:30:06.194+0000] {processor.py:840} INFO - DAG(s) 'example_python_decorator' retrieved from /home/airflow/.local/lib/python3.12/site-packages/airflow/example_dags/example_python_decorator.py
[2024-07-05T14:30:06.209+0000] {logging_mixin.py:188} INFO - [2024-07-05T14:30:06.209+0000] {dag.py:3096} INFO - Sync 1 DAGs
[2024-07-05T14:30:06.217+0000] {logging_mixin.py:188} INFO - [2024-07-05T14:30:06.217+0000] {dag.py:3954} INFO - Setting next_dagrun for example_python_decorator to None, run_after=None
[2024-07-05T14:30:06.226+0000] {processor.py:183} INFO - Processing /home/airflow/.local/lib/python3.12/site-packages/airflow/example_dags/example_python_decorator.py took 0.052 seconds
[2024-07-05T14:30:36.743+0000] {processor.py:161} INFO - Started process (PID=328) to work on /home/airflow/.local/lib/python3.12/site-packages/airflow/example_dags/example_python_decorator.py
[2024-07-05T14:30:36.744+0000] {processor.py:830} INFO - Processing file /home/airflow/.local/lib/python3.12/site-packages/airflow/example_dags/example_python_decorator.py for tasks to queue
[2024-07-05T14:30:36.746+0000] {logging_mixin.py:188} INFO - [2024-07-05T14:30:36.745+0000] {dagbag.py:545} INFO - Filling up the DagBag from /home/airflow/.local/lib/python3.12/site-packages/airflow/example_dags/example_python_decorator.py
[2024-07-05T14:30:36.757+0000] {processor.py:840} INFO - DAG(s) 'example_python_decorator' retrieved from /home/airflow/.local/lib/python3.12/site-packages/airflow/example_dags/example_python_decorator.py
[2024-07-05T14:30:36.772+0000] {logging_mixin.py:188} INFO - [2024-07-05T14:30:36.772+0000] {dag.py:3096} INFO - Sync 1 DAGs
[2024-07-05T14:30:36.779+0000] {logging_mixin.py:188} INFO - [2024-07-05T14:30:36.779+0000] {dag.py:3954} INFO - Setting next_dagrun for example_python_decorator to None, run_after=None
[2024-07-05T14:30:36.789+0000] {processor.py:183} INFO - Processing /home/airflow/.local/lib/python3.12/site-packages/airflow/example_dags/example_python_decorator.py took 0.053 seconds
[2024-07-05T14:31:07.400+0000] {processor.py:161} INFO - Started process (PID=386) to work on /home/airflow/.local/lib/python3.12/site-packages/airflow/example_dags/example_python_decorator.py
[2024-07-05T14:31:07.401+0000] {processor.py:830} INFO - Processing file /home/airflow/.local/lib/python3.12/site-packages/airflow/example_dags/example_python_decorator.py for tasks to queue
[2024-07-05T14:31:07.403+0000] {logging_mixin.py:188} INFO - [2024-07-05T14:31:07.403+0000] {dagbag.py:545} INFO - Filling up the DagBag from /home/airflow/.local/lib/python3.12/site-packages/airflow/example_dags/example_python_decorator.py
[2024-07-05T14:31:07.414+0000] {processor.py:840} INFO - DAG(s) 'example_python_decorator' retrieved from /home/airflow/.local/lib/python3.12/site-packages/airflow/example_dags/example_python_decorator.py
[2024-07-05T14:31:07.429+0000] {logging_mixin.py:188} INFO - [2024-07-05T14:31:07.429+0000] {dag.py:3096} INFO - Sync 1 DAGs
[2024-07-05T14:31:07.436+0000] {logging_mixin.py:188} INFO - [2024-07-05T14:31:07.436+0000] {dag.py:3954} INFO - Setting next_dagrun for example_python_decorator to None, run_after=None
[2024-07-05T14:31:07.447+0000] {processor.py:183} INFO - Processing /home/airflow/.local/lib/python3.12/site-packages/airflow/example_dags/example_python_decorator.py took 0.053 seconds
[2024-07-05T14:31:37.958+0000] {processor.py:161} INFO - Started process (PID=444) to work on /home/airflow/.local/lib/python3.12/site-packages/airflow/example_dags/example_python_decorator.py
[2024-07-05T14:31:37.959+0000] {processor.py:830} INFO - Processing file /home/airflow/.local/lib/python3.12/site-packages/airflow/example_dags/example_python_decorator.py for tasks to queue
[2024-07-05T14:31:37.961+0000] {logging_mixin.py:188} INFO - [2024-07-05T14:31:37.961+0000] {dagbag.py:545} INFO - Filling up the DagBag from /home/airflow/.local/lib/python3.12/site-packages/airflow/example_dags/example_python_decorator.py
[2024-07-05T14:31:37.971+0000] {processor.py:840} INFO - DAG(s) 'example_python_decorator' retrieved from /home/airflow/.local/lib/python3.12/site-packages/airflow/example_dags/example_python_decorator.py
[2024-07-05T14:31:37.985+0000] {logging_mixin.py:188} INFO - [2024-07-05T14:31:37.985+0000] {dag.py:3096} INFO - Sync 1 DAGs
[2024-07-05T14:31:37.992+0000] {logging_mixin.py:188} INFO - [2024-07-05T14:31:37.992+0000] {dag.py:3954} INFO - Setting next_dagrun for example_python_decorator to None, run_after=None
[2024-07-05T14:31:38.001+0000] {processor.py:183} INFO - Processing /home/airflow/.local/lib/python3.12/site-packages/airflow/example_dags/example_python_decorator.py took 0.048 seconds
[2024-07-05T14:32:08.646+0000] {processor.py:161} INFO - Started process (PID=502) to work on /home/airflow/.local/lib/python3.12/site-packages/airflow/example_dags/example_python_decorator.py
[2024-07-05T14:32:08.647+0000] {processor.py:830} INFO - Processing file /home/airflow/.local/lib/python3.12/site-packages/airflow/example_dags/example_python_decorator.py for tasks to queue
[2024-07-05T14:32:08.649+0000] {logging_mixin.py:188} INFO - [2024-07-05T14:32:08.649+0000] {dagbag.py:545} INFO - Filling up the DagBag from /home/airflow/.local/lib/python3.12/site-packages/airflow/example_dags/example_python_decorator.py
[2024-07-05T14:32:08.661+0000] {processor.py:840} INFO - DAG(s) 'example_python_decorator' retrieved from /home/airflow/.local/lib/python3.12/site-packages/airflow/example_dags/example_python_decorator.py
[2024-07-05T14:32:08.676+0000] {logging_mixin.py:188} INFO - [2024-07-05T14:32:08.676+0000] {dag.py:3096} INFO - Sync 1 DAGs
[2024-07-05T14:32:08.684+0000] {logging_mixin.py:188} INFO - [2024-07-05T14:32:08.684+0000] {dag.py:3954} INFO - Setting next_dagrun for example_python_decorator to None, run_after=None
[2024-07-05T14:32:08.694+0000] {processor.py:183} INFO - Processing /home/airflow/.local/lib/python3.12/site-packages/airflow/example_dags/example_python_decorator.py took 0.056 seconds
[2024-07-05T14:32:39.516+0000] {processor.py:161} INFO - Started process (PID=560) to work on /home/airflow/.local/lib/python3.12/site-packages/airflow/example_dags/example_python_decorator.py
[2024-07-05T14:32:39.516+0000] {processor.py:830} INFO - Processing file /home/airflow/.local/lib/python3.12/site-packages/airflow/example_dags/example_python_decorator.py for tasks to queue
[2024-07-05T14:32:39.518+0000] {logging_mixin.py:188} INFO - [2024-07-05T14:32:39.517+0000] {dagbag.py:545} INFO - Filling up the DagBag from /home/airflow/.local/lib/python3.12/site-packages/airflow/example_dags/example_python_decorator.py
[2024-07-05T14:32:39.524+0000] {processor.py:840} INFO - DAG(s) 'example_python_decorator' retrieved from /home/airflow/.local/lib/python3.12/site-packages/airflow/example_dags/example_python_decorator.py
[2024-07-05T14:32:39.536+0000] {logging_mixin.py:188} INFO - [2024-07-05T14:32:39.535+0000] {dag.py:3096} INFO - Sync 1 DAGs
[2024-07-05T14:32:39.542+0000] {logging_mixin.py:188} INFO - [2024-07-05T14:32:39.542+0000] {dag.py:3954} INFO - Setting next_dagrun for example_python_decorator to None, run_after=None
[2024-07-05T14:32:39.550+0000] {processor.py:183} INFO - Processing /home/airflow/.local/lib/python3.12/site-packages/airflow/example_dags/example_python_decorator.py took 0.038 seconds
[2024-07-05T14:33:09.607+0000] {processor.py:161} INFO - Started process (PID=618) to work on /home/airflow/.local/lib/python3.12/site-packages/airflow/example_dags/example_python_decorator.py
[2024-07-05T14:33:09.608+0000] {processor.py:830} INFO - Processing file /home/airflow/.local/lib/python3.12/site-packages/airflow/example_dags/example_python_decorator.py for tasks to queue
[2024-07-05T14:33:09.608+0000] {logging_mixin.py:188} INFO - [2024-07-05T14:33:09.608+0000] {dagbag.py:545} INFO - Filling up the DagBag from /home/airflow/.local/lib/python3.12/site-packages/airflow/example_dags/example_python_decorator.py
[2024-07-05T14:33:09.615+0000] {processor.py:840} INFO - DAG(s) 'example_python_decorator' retrieved from /home/airflow/.local/lib/python3.12/site-packages/airflow/example_dags/example_python_decorator.py
[2024-07-05T14:33:09.627+0000] {logging_mixin.py:188} INFO - [2024-07-05T14:33:09.627+0000] {dag.py:3096} INFO - Sync 1 DAGs
[2024-07-05T14:33:09.634+0000] {logging_mixin.py:188} INFO - [2024-07-05T14:33:09.634+0000] {dag.py:3954} INFO - Setting next_dagrun for example_python_decorator to None, run_after=None
[2024-07-05T14:33:09.645+0000] {processor.py:183} INFO - Processing /home/airflow/.local/lib/python3.12/site-packages/airflow/example_dags/example_python_decorator.py took 0.041 seconds
[2024-07-05T14:33:39.918+0000] {processor.py:161} INFO - Started process (PID=676) to work on /home/airflow/.local/lib/python3.12/site-packages/airflow/example_dags/example_python_decorator.py
[2024-07-05T14:33:39.919+0000] {processor.py:830} INFO - Processing file /home/airflow/.local/lib/python3.12/site-packages/airflow/example_dags/example_python_decorator.py for tasks to queue
[2024-07-05T14:33:39.920+0000] {logging_mixin.py:188} INFO - [2024-07-05T14:33:39.920+0000] {dagbag.py:545} INFO - Filling up the DagBag from /home/airflow/.local/lib/python3.12/site-packages/airflow/example_dags/example_python_decorator.py
[2024-07-05T14:33:39.926+0000] {processor.py:840} INFO - DAG(s) 'example_python_decorator' retrieved from /home/airflow/.local/lib/python3.12/site-packages/airflow/example_dags/example_python_decorator.py
[2024-07-05T14:33:39.938+0000] {logging_mixin.py:188} INFO - [2024-07-05T14:33:39.938+0000] {dag.py:3096} INFO - Sync 1 DAGs
[2024-07-05T14:33:39.945+0000] {logging_mixin.py:188} INFO - [2024-07-05T14:33:39.945+0000] {dag.py:3954} INFO - Setting next_dagrun for example_python_decorator to None, run_after=None
[2024-07-05T14:33:39.962+0000] {processor.py:183} INFO - Processing /home/airflow/.local/lib/python3.12/site-packages/airflow/example_dags/example_python_decorator.py took 0.047 seconds
[2024-07-05T14:34:10.578+0000] {processor.py:161} INFO - Started process (PID=734) to work on /home/airflow/.local/lib/python3.12/site-packages/airflow/example_dags/example_python_decorator.py
[2024-07-05T14:34:10.580+0000] {processor.py:830} INFO - Processing file /home/airflow/.local/lib/python3.12/site-packages/airflow/example_dags/example_python_decorator.py for tasks to queue
[2024-07-05T14:34:10.584+0000] {logging_mixin.py:188} INFO - [2024-07-05T14:34:10.583+0000] {dagbag.py:545} INFO - Filling up the DagBag from /home/airflow/.local/lib/python3.12/site-packages/airflow/example_dags/example_python_decorator.py
[2024-07-05T14:34:10.595+0000] {processor.py:840} INFO - DAG(s) 'example_python_decorator' retrieved from /home/airflow/.local/lib/python3.12/site-packages/airflow/example_dags/example_python_decorator.py
[2024-07-05T14:34:10.609+0000] {logging_mixin.py:188} INFO - [2024-07-05T14:34:10.609+0000] {dag.py:3096} INFO - Sync 1 DAGs
[2024-07-05T14:34:10.616+0000] {logging_mixin.py:188} INFO - [2024-07-05T14:34:10.616+0000] {dag.py:3954} INFO - Setting next_dagrun for example_python_decorator to None, run_after=None
[2024-07-05T14:34:10.626+0000] {processor.py:183} INFO - Processing /home/airflow/.local/lib/python3.12/site-packages/airflow/example_dags/example_python_decorator.py took 0.054 seconds
[2024-07-05T14:34:41.264+0000] {processor.py:161} INFO - Started process (PID=792) to work on /home/airflow/.local/lib/python3.12/site-packages/airflow/example_dags/example_python_decorator.py
[2024-07-05T14:34:41.266+0000] {processor.py:830} INFO - Processing file /home/airflow/.local/lib/python3.12/site-packages/airflow/example_dags/example_python_decorator.py for tasks to queue
[2024-07-05T14:34:41.268+0000] {logging_mixin.py:188} INFO - [2024-07-05T14:34:41.267+0000] {dagbag.py:545} INFO - Filling up the DagBag from /home/airflow/.local/lib/python3.12/site-packages/airflow/example_dags/example_python_decorator.py
[2024-07-05T14:34:41.279+0000] {processor.py:840} INFO - DAG(s) 'example_python_decorator' retrieved from /home/airflow/.local/lib/python3.12/site-packages/airflow/example_dags/example_python_decorator.py
[2024-07-05T14:34:41.295+0000] {logging_mixin.py:188} INFO - [2024-07-05T14:34:41.294+0000] {dag.py:3096} INFO - Sync 1 DAGs
[2024-07-05T14:34:41.302+0000] {logging_mixin.py:188} INFO - [2024-07-05T14:34:41.302+0000] {dag.py:3954} INFO - Setting next_dagrun for example_python_decorator to None, run_after=None
[2024-07-05T14:34:41.312+0000] {processor.py:183} INFO - Processing /home/airflow/.local/lib/python3.12/site-packages/airflow/example_dags/example_python_decorator.py took 0.054 seconds
[2024-07-05T14:35:11.458+0000] {processor.py:161} INFO - Started process (PID=850) to work on /home/airflow/.local/lib/python3.12/site-packages/airflow/example_dags/example_python_decorator.py
[2024-07-05T14:35:11.459+0000] {processor.py:830} INFO - Processing file /home/airflow/.local/lib/python3.12/site-packages/airflow/example_dags/example_python_decorator.py for tasks to queue
[2024-07-05T14:35:11.460+0000] {logging_mixin.py:188} INFO - [2024-07-05T14:35:11.460+0000] {dagbag.py:545} INFO - Filling up the DagBag from /home/airflow/.local/lib/python3.12/site-packages/airflow/example_dags/example_python_decorator.py
[2024-07-05T14:35:11.467+0000] {processor.py:840} INFO - DAG(s) 'example_python_decorator' retrieved from /home/airflow/.local/lib/python3.12/site-packages/airflow/example_dags/example_python_decorator.py
[2024-07-05T14:35:11.478+0000] {logging_mixin.py:188} INFO - [2024-07-05T14:35:11.478+0000] {dag.py:3096} INFO - Sync 1 DAGs
[2024-07-05T14:35:11.484+0000] {logging_mixin.py:188} INFO - [2024-07-05T14:35:11.484+0000] {dag.py:3954} INFO - Setting next_dagrun for example_python_decorator to None, run_after=None
[2024-07-05T14:35:11.492+0000] {processor.py:183} INFO - Processing /home/airflow/.local/lib/python3.12/site-packages/airflow/example_dags/example_python_decorator.py took 0.037 seconds
[2024-07-05T14:35:41.648+0000] {processor.py:161} INFO - Started process (PID=908) to work on /home/airflow/.local/lib/python3.12/site-packages/airflow/example_dags/example_python_decorator.py
[2024-07-05T14:35:41.649+0000] {processor.py:830} INFO - Processing file /home/airflow/.local/lib/python3.12/site-packages/airflow/example_dags/example_python_decorator.py for tasks to queue
[2024-07-05T14:35:41.650+0000] {logging_mixin.py:188} INFO - [2024-07-05T14:35:41.650+0000] {dagbag.py:545} INFO - Filling up the DagBag from /home/airflow/.local/lib/python3.12/site-packages/airflow/example_dags/example_python_decorator.py
[2024-07-05T14:35:41.657+0000] {processor.py:840} INFO - DAG(s) 'example_python_decorator' retrieved from /home/airflow/.local/lib/python3.12/site-packages/airflow/example_dags/example_python_decorator.py
[2024-07-05T14:35:41.667+0000] {logging_mixin.py:188} INFO - [2024-07-05T14:35:41.667+0000] {dag.py:3096} INFO - Sync 1 DAGs
[2024-07-05T14:35:41.672+0000] {logging_mixin.py:188} INFO - [2024-07-05T14:35:41.672+0000] {dag.py:3954} INFO - Setting next_dagrun for example_python_decorator to None, run_after=None
[2024-07-05T14:35:41.681+0000] {processor.py:183} INFO - Processing /home/airflow/.local/lib/python3.12/site-packages/airflow/example_dags/example_python_decorator.py took 0.035 seconds
[2024-07-05T14:36:11.756+0000] {processor.py:161} INFO - Started process (PID=966) to work on /home/airflow/.local/lib/python3.12/site-packages/airflow/example_dags/example_python_decorator.py
[2024-07-05T14:36:11.756+0000] {processor.py:830} INFO - Processing file /home/airflow/.local/lib/python3.12/site-packages/airflow/example_dags/example_python_decorator.py for tasks to queue
[2024-07-05T14:36:11.757+0000] {logging_mixin.py:188} INFO - [2024-07-05T14:36:11.757+0000] {dagbag.py:545} INFO - Filling up the DagBag from /home/airflow/.local/lib/python3.12/site-packages/airflow/example_dags/example_python_decorator.py
[2024-07-05T14:36:11.763+0000] {processor.py:840} INFO - DAG(s) 'example_python_decorator' retrieved from /home/airflow/.local/lib/python3.12/site-packages/airflow/example_dags/example_python_decorator.py
[2024-07-05T14:36:11.772+0000] {logging_mixin.py:188} INFO - [2024-07-05T14:36:11.772+0000] {dag.py:3096} INFO - Sync 1 DAGs
[2024-07-05T14:36:11.777+0000] {logging_mixin.py:188} INFO - [2024-07-05T14:36:11.777+0000] {dag.py:3954} INFO - Setting next_dagrun for example_python_decorator to None, run_after=None
[2024-07-05T14:36:11.785+0000] {processor.py:183} INFO - Processing /home/airflow/.local/lib/python3.12/site-packages/airflow/example_dags/example_python_decorator.py took 0.031 seconds
[2024-07-05T14:36:42.328+0000] {processor.py:161} INFO - Started process (PID=1024) to work on /home/airflow/.local/lib/python3.12/site-packages/airflow/example_dags/example_python_decorator.py
[2024-07-05T14:36:42.329+0000] {processor.py:830} INFO - Processing file /home/airflow/.local/lib/python3.12/site-packages/airflow/example_dags/example_python_decorator.py for tasks to queue
[2024-07-05T14:36:42.329+0000] {logging_mixin.py:188} INFO - [2024-07-05T14:36:42.329+0000] {dagbag.py:545} INFO - Filling up the DagBag from /home/airflow/.local/lib/python3.12/site-packages/airflow/example_dags/example_python_decorator.py
[2024-07-05T14:36:42.336+0000] {processor.py:840} INFO - DAG(s) 'example_python_decorator' retrieved from /home/airflow/.local/lib/python3.12/site-packages/airflow/example_dags/example_python_decorator.py
[2024-07-05T14:36:42.346+0000] {logging_mixin.py:188} INFO - [2024-07-05T14:36:42.346+0000] {dag.py:3096} INFO - Sync 1 DAGs
[2024-07-05T14:36:42.352+0000] {logging_mixin.py:188} INFO - [2024-07-05T14:36:42.352+0000] {dag.py:3954} INFO - Setting next_dagrun for example_python_decorator to None, run_after=None
[2024-07-05T14:36:42.360+0000] {processor.py:183} INFO - Processing /home/airflow/.local/lib/python3.12/site-packages/airflow/example_dags/example_python_decorator.py took 0.035 seconds
[2024-07-05T14:37:12.890+0000] {processor.py:161} INFO - Started process (PID=1082) to work on /home/airflow/.local/lib/python3.12/site-packages/airflow/example_dags/example_python_decorator.py
[2024-07-05T14:37:12.890+0000] {processor.py:830} INFO - Processing file /home/airflow/.local/lib/python3.12/site-packages/airflow/example_dags/example_python_decorator.py for tasks to queue
[2024-07-05T14:37:12.891+0000] {logging_mixin.py:188} INFO - [2024-07-05T14:37:12.891+0000] {dagbag.py:545} INFO - Filling up the DagBag from /home/airflow/.local/lib/python3.12/site-packages/airflow/example_dags/example_python_decorator.py
[2024-07-05T14:37:12.898+0000] {processor.py:840} INFO - DAG(s) 'example_python_decorator' retrieved from /home/airflow/.local/lib/python3.12/site-packages/airflow/example_dags/example_python_decorator.py
[2024-07-05T14:37:12.908+0000] {logging_mixin.py:188} INFO - [2024-07-05T14:37:12.908+0000] {dag.py:3096} INFO - Sync 1 DAGs
[2024-07-05T14:37:12.914+0000] {logging_mixin.py:188} INFO - [2024-07-05T14:37:12.914+0000] {dag.py:3954} INFO - Setting next_dagrun for example_python_decorator to None, run_after=None
[2024-07-05T14:37:12.922+0000] {processor.py:183} INFO - Processing /home/airflow/.local/lib/python3.12/site-packages/airflow/example_dags/example_python_decorator.py took 0.035 seconds
[2024-07-05T14:37:43.557+0000] {processor.py:161} INFO - Started process (PID=1140) to work on /home/airflow/.local/lib/python3.12/site-packages/airflow/example_dags/example_python_decorator.py
[2024-07-05T14:37:43.557+0000] {processor.py:830} INFO - Processing file /home/airflow/.local/lib/python3.12/site-packages/airflow/example_dags/example_python_decorator.py for tasks to queue
[2024-07-05T14:37:43.558+0000] {logging_mixin.py:188} INFO - [2024-07-05T14:37:43.558+0000] {dagbag.py:545} INFO - Filling up the DagBag from /home/airflow/.local/lib/python3.12/site-packages/airflow/example_dags/example_python_decorator.py
[2024-07-05T14:37:43.565+0000] {processor.py:840} INFO - DAG(s) 'example_python_decorator' retrieved from /home/airflow/.local/lib/python3.12/site-packages/airflow/example_dags/example_python_decorator.py
[2024-07-05T14:37:43.575+0000] {logging_mixin.py:188} INFO - [2024-07-05T14:37:43.575+0000] {dag.py:3096} INFO - Sync 1 DAGs
[2024-07-05T14:37:43.581+0000] {logging_mixin.py:188} INFO - [2024-07-05T14:37:43.581+0000] {dag.py:3954} INFO - Setting next_dagrun for example_python_decorator to None, run_after=None
[2024-07-05T14:37:43.589+0000] {processor.py:183} INFO - Processing /home/airflow/.local/lib/python3.12/site-packages/airflow/example_dags/example_python_decorator.py took 0.035 seconds
[2024-07-05T14:38:14.255+0000] {processor.py:161} INFO - Started process (PID=1198) to work on /home/airflow/.local/lib/python3.12/site-packages/airflow/example_dags/example_python_decorator.py
[2024-07-05T14:38:14.256+0000] {processor.py:830} INFO - Processing file /home/airflow/.local/lib/python3.12/site-packages/airflow/example_dags/example_python_decorator.py for tasks to queue
[2024-07-05T14:38:14.257+0000] {logging_mixin.py:188} INFO - [2024-07-05T14:38:14.257+0000] {dagbag.py:545} INFO - Filling up the DagBag from /home/airflow/.local/lib/python3.12/site-packages/airflow/example_dags/example_python_decorator.py
[2024-07-05T14:38:14.263+0000] {processor.py:840} INFO - DAG(s) 'example_python_decorator' retrieved from /home/airflow/.local/lib/python3.12/site-packages/airflow/example_dags/example_python_decorator.py
[2024-07-05T14:38:14.274+0000] {logging_mixin.py:188} INFO - [2024-07-05T14:38:14.274+0000] {dag.py:3096} INFO - Sync 1 DAGs
[2024-07-05T14:38:14.280+0000] {logging_mixin.py:188} INFO - [2024-07-05T14:38:14.280+0000] {dag.py:3954} INFO - Setting next_dagrun for example_python_decorator to None, run_after=None
[2024-07-05T14:38:14.288+0000] {processor.py:183} INFO - Processing /home/airflow/.local/lib/python3.12/site-packages/airflow/example_dags/example_python_decorator.py took 0.035 seconds
[2024-07-05T14:38:44.869+0000] {processor.py:161} INFO - Started process (PID=1256) to work on /home/airflow/.local/lib/python3.12/site-packages/airflow/example_dags/example_python_decorator.py
[2024-07-05T14:38:44.870+0000] {processor.py:830} INFO - Processing file /home/airflow/.local/lib/python3.12/site-packages/airflow/example_dags/example_python_decorator.py for tasks to queue
[2024-07-05T14:38:44.871+0000] {logging_mixin.py:188} INFO - [2024-07-05T14:38:44.871+0000] {dagbag.py:545} INFO - Filling up the DagBag from /home/airflow/.local/lib/python3.12/site-packages/airflow/example_dags/example_python_decorator.py
[2024-07-05T14:38:44.877+0000] {processor.py:840} INFO - DAG(s) 'example_python_decorator' retrieved from /home/airflow/.local/lib/python3.12/site-packages/airflow/example_dags/example_python_decorator.py
[2024-07-05T14:38:44.887+0000] {logging_mixin.py:188} INFO - [2024-07-05T14:38:44.887+0000] {dag.py:3096} INFO - Sync 1 DAGs
[2024-07-05T14:38:44.893+0000] {logging_mixin.py:188} INFO - [2024-07-05T14:38:44.893+0000] {dag.py:3954} INFO - Setting next_dagrun for example_python_decorator to None, run_after=None
[2024-07-05T14:38:44.901+0000] {processor.py:183} INFO - Processing /home/airflow/.local/lib/python3.12/site-packages/airflow/example_dags/example_python_decorator.py took 0.034 seconds
[2024-07-05T14:39:15.421+0000] {processor.py:161} INFO - Started process (PID=1314) to work on /home/airflow/.local/lib/python3.12/site-packages/airflow/example_dags/example_python_decorator.py
[2024-07-05T14:39:15.421+0000] {processor.py:830} INFO - Processing file /home/airflow/.local/lib/python3.12/site-packages/airflow/example_dags/example_python_decorator.py for tasks to queue
[2024-07-05T14:39:15.422+0000] {logging_mixin.py:188} INFO - [2024-07-05T14:39:15.422+0000] {dagbag.py:545} INFO - Filling up the DagBag from /home/airflow/.local/lib/python3.12/site-packages/airflow/example_dags/example_python_decorator.py
[2024-07-05T14:39:15.428+0000] {processor.py:840} INFO - DAG(s) 'example_python_decorator' retrieved from /home/airflow/.local/lib/python3.12/site-packages/airflow/example_dags/example_python_decorator.py
[2024-07-05T14:39:15.438+0000] {logging_mixin.py:188} INFO - [2024-07-05T14:39:15.438+0000] {dag.py:3096} INFO - Sync 1 DAGs
[2024-07-05T14:39:15.443+0000] {logging_mixin.py:188} INFO - [2024-07-05T14:39:15.443+0000] {dag.py:3954} INFO - Setting next_dagrun for example_python_decorator to None, run_after=None
[2024-07-05T14:39:15.451+0000] {processor.py:183} INFO - Processing /home/airflow/.local/lib/python3.12/site-packages/airflow/example_dags/example_python_decorator.py took 0.033 seconds
[2024-07-05T14:39:46.063+0000] {processor.py:161} INFO - Started process (PID=1372) to work on /home/airflow/.local/lib/python3.12/site-packages/airflow/example_dags/example_python_decorator.py
[2024-07-05T14:39:46.063+0000] {processor.py:830} INFO - Processing file /home/airflow/.local/lib/python3.12/site-packages/airflow/example_dags/example_python_decorator.py for tasks to queue
[2024-07-05T14:39:46.064+0000] {logging_mixin.py:188} INFO - [2024-07-05T14:39:46.064+0000] {dagbag.py:545} INFO - Filling up the DagBag from /home/airflow/.local/lib/python3.12/site-packages/airflow/example_dags/example_python_decorator.py
[2024-07-05T14:39:46.070+0000] {processor.py:840} INFO - DAG(s) 'example_python_decorator' retrieved from /home/airflow/.local/lib/python3.12/site-packages/airflow/example_dags/example_python_decorator.py
[2024-07-05T14:39:46.081+0000] {logging_mixin.py:188} INFO - [2024-07-05T14:39:46.081+0000] {dag.py:3096} INFO - Sync 1 DAGs
[2024-07-05T14:39:46.087+0000] {logging_mixin.py:188} INFO - [2024-07-05T14:39:46.087+0000] {dag.py:3954} INFO - Setting next_dagrun for example_python_decorator to None, run_after=None
[2024-07-05T14:39:46.096+0000] {processor.py:183} INFO - Processing /home/airflow/.local/lib/python3.12/site-packages/airflow/example_dags/example_python_decorator.py took 0.036 seconds
[2024-07-05T14:40:16.834+0000] {processor.py:161} INFO - Started process (PID=1430) to work on /home/airflow/.local/lib/python3.12/site-packages/airflow/example_dags/example_python_decorator.py
[2024-07-05T14:40:16.834+0000] {processor.py:830} INFO - Processing file /home/airflow/.local/lib/python3.12/site-packages/airflow/example_dags/example_python_decorator.py for tasks to queue
[2024-07-05T14:40:16.835+0000] {logging_mixin.py:188} INFO - [2024-07-05T14:40:16.835+0000] {dagbag.py:545} INFO - Filling up the DagBag from /home/airflow/.local/lib/python3.12/site-packages/airflow/example_dags/example_python_decorator.py
[2024-07-05T14:40:16.841+0000] {processor.py:840} INFO - DAG(s) 'example_python_decorator' retrieved from /home/airflow/.local/lib/python3.12/site-packages/airflow/example_dags/example_python_decorator.py
[2024-07-05T14:40:16.850+0000] {logging_mixin.py:188} INFO - [2024-07-05T14:40:16.850+0000] {dag.py:3096} INFO - Sync 1 DAGs
[2024-07-05T14:40:16.855+0000] {logging_mixin.py:188} INFO - [2024-07-05T14:40:16.855+0000] {dag.py:3954} INFO - Setting next_dagrun for example_python_decorator to None, run_after=None
[2024-07-05T14:40:16.862+0000] {processor.py:183} INFO - Processing /home/airflow/.local/lib/python3.12/site-packages/airflow/example_dags/example_python_decorator.py took 0.031 seconds
[2024-07-05T14:40:47.622+0000] {processor.py:161} INFO - Started process (PID=1487) to work on /home/airflow/.local/lib/python3.12/site-packages/airflow/example_dags/example_python_decorator.py
[2024-07-05T14:40:47.623+0000] {processor.py:830} INFO - Processing file /home/airflow/.local/lib/python3.12/site-packages/airflow/example_dags/example_python_decorator.py for tasks to queue
[2024-07-05T14:40:47.624+0000] {logging_mixin.py:188} INFO - [2024-07-05T14:40:47.624+0000] {dagbag.py:545} INFO - Filling up the DagBag from /home/airflow/.local/lib/python3.12/site-packages/airflow/example_dags/example_python_decorator.py
[2024-07-05T14:40:47.629+0000] {processor.py:840} INFO - DAG(s) 'example_python_decorator' retrieved from /home/airflow/.local/lib/python3.12/site-packages/airflow/example_dags/example_python_decorator.py
[2024-07-05T14:40:47.639+0000] {logging_mixin.py:188} INFO - [2024-07-05T14:40:47.639+0000] {dag.py:3096} INFO - Sync 1 DAGs
[2024-07-05T14:40:47.644+0000] {logging_mixin.py:188} INFO - [2024-07-05T14:40:47.644+0000] {dag.py:3954} INFO - Setting next_dagrun for example_python_decorator to None, run_after=None
[2024-07-05T14:40:47.651+0000] {processor.py:183} INFO - Processing /home/airflow/.local/lib/python3.12/site-packages/airflow/example_dags/example_python_decorator.py took 0.031 seconds
[2024-07-05T14:41:18.357+0000] {processor.py:161} INFO - Started process (PID=1545) to work on /home/airflow/.local/lib/python3.12/site-packages/airflow/example_dags/example_python_decorator.py
[2024-07-05T14:41:18.358+0000] {processor.py:830} INFO - Processing file /home/airflow/.local/lib/python3.12/site-packages/airflow/example_dags/example_python_decorator.py for tasks to queue
[2024-07-05T14:41:18.359+0000] {logging_mixin.py:188} INFO - [2024-07-05T14:41:18.358+0000] {dagbag.py:545} INFO - Filling up the DagBag from /home/airflow/.local/lib/python3.12/site-packages/airflow/example_dags/example_python_decorator.py
[2024-07-05T14:41:18.364+0000] {processor.py:840} INFO - DAG(s) 'example_python_decorator' retrieved from /home/airflow/.local/lib/python3.12/site-packages/airflow/example_dags/example_python_decorator.py
[2024-07-05T14:41:18.376+0000] {logging_mixin.py:188} INFO - [2024-07-05T14:41:18.376+0000] {dag.py:3096} INFO - Sync 1 DAGs
[2024-07-05T14:41:18.381+0000] {logging_mixin.py:188} INFO - [2024-07-05T14:41:18.381+0000] {dag.py:3954} INFO - Setting next_dagrun for example_python_decorator to None, run_after=None
[2024-07-05T14:41:18.389+0000] {processor.py:183} INFO - Processing /home/airflow/.local/lib/python3.12/site-packages/airflow/example_dags/example_python_decorator.py took 0.034 seconds
[2024-07-05T14:41:48.450+0000] {processor.py:161} INFO - Started process (PID=1603) to work on /home/airflow/.local/lib/python3.12/site-packages/airflow/example_dags/example_python_decorator.py
[2024-07-05T14:41:48.451+0000] {processor.py:830} INFO - Processing file /home/airflow/.local/lib/python3.12/site-packages/airflow/example_dags/example_python_decorator.py for tasks to queue
[2024-07-05T14:41:48.452+0000] {logging_mixin.py:188} INFO - [2024-07-05T14:41:48.451+0000] {dagbag.py:545} INFO - Filling up the DagBag from /home/airflow/.local/lib/python3.12/site-packages/airflow/example_dags/example_python_decorator.py
[2024-07-05T14:41:48.458+0000] {processor.py:840} INFO - DAG(s) 'example_python_decorator' retrieved from /home/airflow/.local/lib/python3.12/site-packages/airflow/example_dags/example_python_decorator.py
[2024-07-05T14:41:48.469+0000] {logging_mixin.py:188} INFO - [2024-07-05T14:41:48.469+0000] {dag.py:3096} INFO - Sync 1 DAGs
[2024-07-05T14:41:48.475+0000] {logging_mixin.py:188} INFO - [2024-07-05T14:41:48.475+0000] {dag.py:3954} INFO - Setting next_dagrun for example_python_decorator to None, run_after=None
[2024-07-05T14:41:48.483+0000] {processor.py:183} INFO - Processing /home/airflow/.local/lib/python3.12/site-packages/airflow/example_dags/example_python_decorator.py took 0.036 seconds
[2024-07-05T14:42:18.756+0000] {processor.py:161} INFO - Started process (PID=1661) to work on /home/airflow/.local/lib/python3.12/site-packages/airflow/example_dags/example_python_decorator.py
[2024-07-05T14:42:18.759+0000] {processor.py:830} INFO - Processing file /home/airflow/.local/lib/python3.12/site-packages/airflow/example_dags/example_python_decorator.py for tasks to queue
[2024-07-05T14:42:18.760+0000] {logging_mixin.py:188} INFO - [2024-07-05T14:42:18.760+0000] {dagbag.py:545} INFO - Filling up the DagBag from /home/airflow/.local/lib/python3.12/site-packages/airflow/example_dags/example_python_decorator.py
[2024-07-05T14:42:18.766+0000] {processor.py:840} INFO - DAG(s) 'example_python_decorator' retrieved from /home/airflow/.local/lib/python3.12/site-packages/airflow/example_dags/example_python_decorator.py
[2024-07-05T14:42:18.776+0000] {logging_mixin.py:188} INFO - [2024-07-05T14:42:18.776+0000] {dag.py:3096} INFO - Sync 1 DAGs
[2024-07-05T14:42:18.781+0000] {logging_mixin.py:188} INFO - [2024-07-05T14:42:18.781+0000] {dag.py:3954} INFO - Setting next_dagrun for example_python_decorator to None, run_after=None
[2024-07-05T14:42:18.789+0000] {processor.py:183} INFO - Processing /home/airflow/.local/lib/python3.12/site-packages/airflow/example_dags/example_python_decorator.py took 0.035 seconds
[2024-07-05T14:42:48.894+0000] {processor.py:161} INFO - Started process (PID=1718) to work on /home/airflow/.local/lib/python3.12/site-packages/airflow/example_dags/example_python_decorator.py
[2024-07-05T14:42:48.894+0000] {processor.py:830} INFO - Processing file /home/airflow/.local/lib/python3.12/site-packages/airflow/example_dags/example_python_decorator.py for tasks to queue
[2024-07-05T14:42:48.895+0000] {logging_mixin.py:188} INFO - [2024-07-05T14:42:48.895+0000] {dagbag.py:545} INFO - Filling up the DagBag from /home/airflow/.local/lib/python3.12/site-packages/airflow/example_dags/example_python_decorator.py
[2024-07-05T14:42:48.902+0000] {processor.py:840} INFO - DAG(s) 'example_python_decorator' retrieved from /home/airflow/.local/lib/python3.12/site-packages/airflow/example_dags/example_python_decorator.py
[2024-07-05T14:42:48.912+0000] {logging_mixin.py:188} INFO - [2024-07-05T14:42:48.912+0000] {dag.py:3096} INFO - Sync 1 DAGs
[2024-07-05T14:42:48.917+0000] {logging_mixin.py:188} INFO - [2024-07-05T14:42:48.917+0000] {dag.py:3954} INFO - Setting next_dagrun for example_python_decorator to None, run_after=None
[2024-07-05T14:42:48.925+0000] {processor.py:183} INFO - Processing /home/airflow/.local/lib/python3.12/site-packages/airflow/example_dags/example_python_decorator.py took 0.035 seconds
[2024-07-05T14:43:19.238+0000] {processor.py:161} INFO - Started process (PID=1776) to work on /home/airflow/.local/lib/python3.12/site-packages/airflow/example_dags/example_python_decorator.py
[2024-07-05T14:43:19.238+0000] {processor.py:830} INFO - Processing file /home/airflow/.local/lib/python3.12/site-packages/airflow/example_dags/example_python_decorator.py for tasks to queue
[2024-07-05T14:43:19.239+0000] {logging_mixin.py:188} INFO - [2024-07-05T14:43:19.239+0000] {dagbag.py:545} INFO - Filling up the DagBag from /home/airflow/.local/lib/python3.12/site-packages/airflow/example_dags/example_python_decorator.py
[2024-07-05T14:43:19.247+0000] {processor.py:840} INFO - DAG(s) 'example_python_decorator' retrieved from /home/airflow/.local/lib/python3.12/site-packages/airflow/example_dags/example_python_decorator.py
[2024-07-05T14:43:19.258+0000] {logging_mixin.py:188} INFO - [2024-07-05T14:43:19.258+0000] {dag.py:3096} INFO - Sync 1 DAGs
[2024-07-05T14:43:19.264+0000] {logging_mixin.py:188} INFO - [2024-07-05T14:43:19.264+0000] {dag.py:3954} INFO - Setting next_dagrun for example_python_decorator to None, run_after=None
[2024-07-05T14:43:19.273+0000] {processor.py:183} INFO - Processing /home/airflow/.local/lib/python3.12/site-packages/airflow/example_dags/example_python_decorator.py took 0.038 seconds
[2024-07-05T14:43:49.962+0000] {processor.py:161} INFO - Started process (PID=1834) to work on /home/airflow/.local/lib/python3.12/site-packages/airflow/example_dags/example_python_decorator.py
[2024-07-05T14:43:49.963+0000] {processor.py:830} INFO - Processing file /home/airflow/.local/lib/python3.12/site-packages/airflow/example_dags/example_python_decorator.py for tasks to queue
[2024-07-05T14:43:49.964+0000] {logging_mixin.py:188} INFO - [2024-07-05T14:43:49.963+0000] {dagbag.py:545} INFO - Filling up the DagBag from /home/airflow/.local/lib/python3.12/site-packages/airflow/example_dags/example_python_decorator.py
[2024-07-05T14:43:49.970+0000] {processor.py:840} INFO - DAG(s) 'example_python_decorator' retrieved from /home/airflow/.local/lib/python3.12/site-packages/airflow/example_dags/example_python_decorator.py
[2024-07-05T14:43:49.981+0000] {logging_mixin.py:188} INFO - [2024-07-05T14:43:49.980+0000] {dag.py:3096} INFO - Sync 1 DAGs
[2024-07-05T14:43:49.986+0000] {logging_mixin.py:188} INFO - [2024-07-05T14:43:49.986+0000] {dag.py:3954} INFO - Setting next_dagrun for example_python_decorator to None, run_after=None
[2024-07-05T14:43:49.994+0000] {processor.py:183} INFO - Processing /home/airflow/.local/lib/python3.12/site-packages/airflow/example_dags/example_python_decorator.py took 0.035 seconds
[2024-07-05T14:44:20.858+0000] {processor.py:161} INFO - Started process (PID=1891) to work on /home/airflow/.local/lib/python3.12/site-packages/airflow/example_dags/example_python_decorator.py
[2024-07-05T14:44:20.861+0000] {processor.py:830} INFO - Processing file /home/airflow/.local/lib/python3.12/site-packages/airflow/example_dags/example_python_decorator.py for tasks to queue
[2024-07-05T14:44:20.863+0000] {logging_mixin.py:188} INFO - [2024-07-05T14:44:20.862+0000] {dagbag.py:545} INFO - Filling up the DagBag from /home/airflow/.local/lib/python3.12/site-packages/airflow/example_dags/example_python_decorator.py
[2024-07-05T14:44:20.869+0000] {processor.py:840} INFO - DAG(s) 'example_python_decorator' retrieved from /home/airflow/.local/lib/python3.12/site-packages/airflow/example_dags/example_python_decorator.py
[2024-07-05T14:44:20.880+0000] {logging_mixin.py:188} INFO - [2024-07-05T14:44:20.880+0000] {dag.py:3096} INFO - Sync 1 DAGs
[2024-07-05T14:44:20.886+0000] {logging_mixin.py:188} INFO - [2024-07-05T14:44:20.886+0000] {dag.py:3954} INFO - Setting next_dagrun for example_python_decorator to None, run_after=None
[2024-07-05T14:44:20.895+0000] {processor.py:183} INFO - Processing /home/airflow/.local/lib/python3.12/site-packages/airflow/example_dags/example_python_decorator.py took 0.039 seconds
[2024-07-05T14:44:56.995+0000] {processor.py:161} INFO - Started process (PID=1955) to work on /home/airflow/.local/lib/python3.12/site-packages/airflow/example_dags/example_python_decorator.py
[2024-07-05T14:44:56.999+0000] {processor.py:830} INFO - Processing file /home/airflow/.local/lib/python3.12/site-packages/airflow/example_dags/example_python_decorator.py for tasks to queue
[2024-07-05T14:44:57.006+0000] {logging_mixin.py:188} INFO - [2024-07-05T14:44:57.005+0000] {dagbag.py:545} INFO - Filling up the DagBag from /home/airflow/.local/lib/python3.12/site-packages/airflow/example_dags/example_python_decorator.py
[2024-07-05T14:44:57.063+0000] {processor.py:840} INFO - DAG(s) 'example_python_decorator' retrieved from /home/airflow/.local/lib/python3.12/site-packages/airflow/example_dags/example_python_decorator.py
[2024-07-05T14:44:57.151+0000] {logging_mixin.py:188} INFO - [2024-07-05T14:44:57.149+0000] {dag.py:3096} INFO - Sync 1 DAGs
[2024-07-05T14:44:57.772+0000] {logging_mixin.py:188} INFO - [2024-07-05T14:44:57.771+0000] {dag.py:3954} INFO - Setting next_dagrun for example_python_decorator to None, run_after=None
[2024-07-05T14:44:57.815+0000] {processor.py:183} INFO - Processing /home/airflow/.local/lib/python3.12/site-packages/airflow/example_dags/example_python_decorator.py took 0.846 seconds
