[2024-07-05T14:09:17.778+0000] {processor.py:161} INFO - Started process (PID=42) to work on /home/airflow/.local/lib/python3.12/site-packages/airflow/example_dags/tutorial_dag.py
[2024-07-05T14:09:17.780+0000] {processor.py:830} INFO - Processing file /home/airflow/.local/lib/python3.12/site-packages/airflow/example_dags/tutorial_dag.py for tasks to queue
[2024-07-05T14:09:17.782+0000] {logging_mixin.py:188} INFO - [2024-07-05T14:09:17.782+0000] {dagbag.py:545} INFO - Filling up the DagBag from /home/airflow/.local/lib/python3.12/site-packages/airflow/example_dags/tutorial_dag.py
[2024-07-05T14:09:17.793+0000] {processor.py:840} INFO - DAG(s) 'tutorial_dag' retrieved from /home/airflow/.local/lib/python3.12/site-packages/airflow/example_dags/tutorial_dag.py
[2024-07-05T14:09:17.804+0000] {logging_mixin.py:188} INFO - [2024-07-05T14:09:17.804+0000] {dag.py:3096} INFO - Sync 1 DAGs
[2024-07-05T14:09:17.813+0000] {logging_mixin.py:188} INFO - [2024-07-05T14:09:17.813+0000] {dag.py:3954} INFO - Setting next_dagrun for tutorial_dag to None, run_after=None
[2024-07-05T14:09:17.827+0000] {processor.py:183} INFO - Processing /home/airflow/.local/lib/python3.12/site-packages/airflow/example_dags/tutorial_dag.py took 0.057 seconds
[2024-07-05T14:09:48.572+0000] {processor.py:161} INFO - Started process (PID=100) to work on /home/airflow/.local/lib/python3.12/site-packages/airflow/example_dags/tutorial_dag.py
[2024-07-05T14:09:48.572+0000] {processor.py:830} INFO - Processing file /home/airflow/.local/lib/python3.12/site-packages/airflow/example_dags/tutorial_dag.py for tasks to queue
[2024-07-05T14:09:48.573+0000] {logging_mixin.py:188} INFO - [2024-07-05T14:09:48.573+0000] {dagbag.py:545} INFO - Filling up the DagBag from /home/airflow/.local/lib/python3.12/site-packages/airflow/example_dags/tutorial_dag.py
[2024-07-05T14:09:48.578+0000] {processor.py:840} INFO - DAG(s) 'tutorial_dag' retrieved from /home/airflow/.local/lib/python3.12/site-packages/airflow/example_dags/tutorial_dag.py
[2024-07-05T14:09:48.625+0000] {logging_mixin.py:188} INFO - [2024-07-05T14:09:48.625+0000] {dag.py:3096} INFO - Sync 1 DAGs
[2024-07-05T14:09:48.631+0000] {logging_mixin.py:188} INFO - [2024-07-05T14:09:48.630+0000] {dag.py:3954} INFO - Setting next_dagrun for tutorial_dag to None, run_after=None
[2024-07-05T14:09:48.639+0000] {processor.py:183} INFO - Processing /home/airflow/.local/lib/python3.12/site-packages/airflow/example_dags/tutorial_dag.py took 0.070 seconds
[2024-07-05T14:10:19.470+0000] {processor.py:161} INFO - Started process (PID=158) to work on /home/airflow/.local/lib/python3.12/site-packages/airflow/example_dags/tutorial_dag.py
[2024-07-05T14:10:19.472+0000] {processor.py:830} INFO - Processing file /home/airflow/.local/lib/python3.12/site-packages/airflow/example_dags/tutorial_dag.py for tasks to queue
[2024-07-05T14:10:19.473+0000] {logging_mixin.py:188} INFO - [2024-07-05T14:10:19.473+0000] {dagbag.py:545} INFO - Filling up the DagBag from /home/airflow/.local/lib/python3.12/site-packages/airflow/example_dags/tutorial_dag.py
[2024-07-05T14:10:19.476+0000] {processor.py:840} INFO - DAG(s) 'tutorial_dag' retrieved from /home/airflow/.local/lib/python3.12/site-packages/airflow/example_dags/tutorial_dag.py
[2024-07-05T14:10:19.489+0000] {logging_mixin.py:188} INFO - [2024-07-05T14:10:19.489+0000] {dag.py:3096} INFO - Sync 1 DAGs
[2024-07-05T14:10:19.496+0000] {logging_mixin.py:188} INFO - [2024-07-05T14:10:19.496+0000] {dag.py:3954} INFO - Setting next_dagrun for tutorial_dag to None, run_after=None
[2024-07-05T14:10:19.505+0000] {processor.py:183} INFO - Processing /home/airflow/.local/lib/python3.12/site-packages/airflow/example_dags/tutorial_dag.py took 0.041 seconds
[2024-07-05T14:10:49.885+0000] {processor.py:161} INFO - Started process (PID=216) to work on /home/airflow/.local/lib/python3.12/site-packages/airflow/example_dags/tutorial_dag.py
[2024-07-05T14:10:49.885+0000] {processor.py:830} INFO - Processing file /home/airflow/.local/lib/python3.12/site-packages/airflow/example_dags/tutorial_dag.py for tasks to queue
[2024-07-05T14:10:49.886+0000] {logging_mixin.py:188} INFO - [2024-07-05T14:10:49.886+0000] {dagbag.py:545} INFO - Filling up the DagBag from /home/airflow/.local/lib/python3.12/site-packages/airflow/example_dags/tutorial_dag.py
[2024-07-05T14:10:49.889+0000] {processor.py:840} INFO - DAG(s) 'tutorial_dag' retrieved from /home/airflow/.local/lib/python3.12/site-packages/airflow/example_dags/tutorial_dag.py
[2024-07-05T14:10:49.899+0000] {logging_mixin.py:188} INFO - [2024-07-05T14:10:49.899+0000] {dag.py:3096} INFO - Sync 1 DAGs
[2024-07-05T14:10:49.905+0000] {logging_mixin.py:188} INFO - [2024-07-05T14:10:49.905+0000] {dag.py:3954} INFO - Setting next_dagrun for tutorial_dag to None, run_after=None
[2024-07-05T14:10:49.913+0000] {processor.py:183} INFO - Processing /home/airflow/.local/lib/python3.12/site-packages/airflow/example_dags/tutorial_dag.py took 0.031 seconds
[2024-07-05T14:11:20.066+0000] {processor.py:161} INFO - Started process (PID=274) to work on /home/airflow/.local/lib/python3.12/site-packages/airflow/example_dags/tutorial_dag.py
[2024-07-05T14:11:20.066+0000] {processor.py:830} INFO - Processing file /home/airflow/.local/lib/python3.12/site-packages/airflow/example_dags/tutorial_dag.py for tasks to queue
[2024-07-05T14:11:20.067+0000] {logging_mixin.py:188} INFO - [2024-07-05T14:11:20.067+0000] {dagbag.py:545} INFO - Filling up the DagBag from /home/airflow/.local/lib/python3.12/site-packages/airflow/example_dags/tutorial_dag.py
[2024-07-05T14:11:20.070+0000] {processor.py:840} INFO - DAG(s) 'tutorial_dag' retrieved from /home/airflow/.local/lib/python3.12/site-packages/airflow/example_dags/tutorial_dag.py
[2024-07-05T14:11:20.079+0000] {logging_mixin.py:188} INFO - [2024-07-05T14:11:20.079+0000] {dag.py:3096} INFO - Sync 1 DAGs
[2024-07-05T14:11:20.085+0000] {logging_mixin.py:188} INFO - [2024-07-05T14:11:20.085+0000] {dag.py:3954} INFO - Setting next_dagrun for tutorial_dag to None, run_after=None
[2024-07-05T14:11:20.093+0000] {processor.py:183} INFO - Processing /home/airflow/.local/lib/python3.12/site-packages/airflow/example_dags/tutorial_dag.py took 0.030 seconds
[2024-07-05T14:11:51.237+0000] {processor.py:161} INFO - Started process (PID=332) to work on /home/airflow/.local/lib/python3.12/site-packages/airflow/example_dags/tutorial_dag.py
[2024-07-05T14:11:51.237+0000] {processor.py:830} INFO - Processing file /home/airflow/.local/lib/python3.12/site-packages/airflow/example_dags/tutorial_dag.py for tasks to queue
[2024-07-05T14:11:51.239+0000] {logging_mixin.py:188} INFO - [2024-07-05T14:11:51.239+0000] {dagbag.py:545} INFO - Filling up the DagBag from /home/airflow/.local/lib/python3.12/site-packages/airflow/example_dags/tutorial_dag.py
[2024-07-05T14:11:51.243+0000] {processor.py:840} INFO - DAG(s) 'tutorial_dag' retrieved from /home/airflow/.local/lib/python3.12/site-packages/airflow/example_dags/tutorial_dag.py
[2024-07-05T14:11:51.276+0000] {logging_mixin.py:188} INFO - [2024-07-05T14:11:51.276+0000] {dag.py:3096} INFO - Sync 1 DAGs
[2024-07-05T14:11:51.287+0000] {logging_mixin.py:188} INFO - [2024-07-05T14:11:51.287+0000] {dag.py:3954} INFO - Setting next_dagrun for tutorial_dag to None, run_after=None
[2024-07-05T14:11:51.300+0000] {processor.py:183} INFO - Processing /home/airflow/.local/lib/python3.12/site-packages/airflow/example_dags/tutorial_dag.py took 0.070 seconds
[2024-07-05T14:12:22.352+0000] {processor.py:161} INFO - Started process (PID=390) to work on /home/airflow/.local/lib/python3.12/site-packages/airflow/example_dags/tutorial_dag.py
[2024-07-05T14:12:22.353+0000] {processor.py:830} INFO - Processing file /home/airflow/.local/lib/python3.12/site-packages/airflow/example_dags/tutorial_dag.py for tasks to queue
[2024-07-05T14:12:22.354+0000] {logging_mixin.py:188} INFO - [2024-07-05T14:12:22.354+0000] {dagbag.py:545} INFO - Filling up the DagBag from /home/airflow/.local/lib/python3.12/site-packages/airflow/example_dags/tutorial_dag.py
[2024-07-05T14:12:22.358+0000] {processor.py:840} INFO - DAG(s) 'tutorial_dag' retrieved from /home/airflow/.local/lib/python3.12/site-packages/airflow/example_dags/tutorial_dag.py
[2024-07-05T14:12:22.372+0000] {logging_mixin.py:188} INFO - [2024-07-05T14:12:22.371+0000] {dag.py:3096} INFO - Sync 1 DAGs
[2024-07-05T14:12:22.380+0000] {logging_mixin.py:188} INFO - [2024-07-05T14:12:22.380+0000] {dag.py:3954} INFO - Setting next_dagrun for tutorial_dag to None, run_after=None
[2024-07-05T14:12:22.391+0000] {processor.py:183} INFO - Processing /home/airflow/.local/lib/python3.12/site-packages/airflow/example_dags/tutorial_dag.py took 0.043 seconds
[2024-07-05T14:12:53.298+0000] {processor.py:161} INFO - Started process (PID=448) to work on /home/airflow/.local/lib/python3.12/site-packages/airflow/example_dags/tutorial_dag.py
[2024-07-05T14:12:53.299+0000] {processor.py:830} INFO - Processing file /home/airflow/.local/lib/python3.12/site-packages/airflow/example_dags/tutorial_dag.py for tasks to queue
[2024-07-05T14:12:53.300+0000] {logging_mixin.py:188} INFO - [2024-07-05T14:12:53.300+0000] {dagbag.py:545} INFO - Filling up the DagBag from /home/airflow/.local/lib/python3.12/site-packages/airflow/example_dags/tutorial_dag.py
[2024-07-05T14:12:53.304+0000] {processor.py:840} INFO - DAG(s) 'tutorial_dag' retrieved from /home/airflow/.local/lib/python3.12/site-packages/airflow/example_dags/tutorial_dag.py
[2024-07-05T14:12:53.321+0000] {logging_mixin.py:188} INFO - [2024-07-05T14:12:53.321+0000] {dag.py:3096} INFO - Sync 1 DAGs
[2024-07-05T14:12:53.332+0000] {logging_mixin.py:188} INFO - [2024-07-05T14:12:53.331+0000] {dag.py:3954} INFO - Setting next_dagrun for tutorial_dag to None, run_after=None
[2024-07-05T14:12:53.344+0000] {processor.py:183} INFO - Processing /home/airflow/.local/lib/python3.12/site-packages/airflow/example_dags/tutorial_dag.py took 0.049 seconds
[2024-07-05T14:13:24.236+0000] {processor.py:161} INFO - Started process (PID=506) to work on /home/airflow/.local/lib/python3.12/site-packages/airflow/example_dags/tutorial_dag.py
[2024-07-05T14:13:24.237+0000] {processor.py:830} INFO - Processing file /home/airflow/.local/lib/python3.12/site-packages/airflow/example_dags/tutorial_dag.py for tasks to queue
[2024-07-05T14:13:24.237+0000] {logging_mixin.py:188} INFO - [2024-07-05T14:13:24.237+0000] {dagbag.py:545} INFO - Filling up the DagBag from /home/airflow/.local/lib/python3.12/site-packages/airflow/example_dags/tutorial_dag.py
[2024-07-05T14:13:24.243+0000] {processor.py:840} INFO - DAG(s) 'tutorial_dag' retrieved from /home/airflow/.local/lib/python3.12/site-packages/airflow/example_dags/tutorial_dag.py
[2024-07-05T14:13:24.261+0000] {logging_mixin.py:188} INFO - [2024-07-05T14:13:24.261+0000] {dag.py:3096} INFO - Sync 1 DAGs
[2024-07-05T14:13:24.271+0000] {logging_mixin.py:188} INFO - [2024-07-05T14:13:24.270+0000] {dag.py:3954} INFO - Setting next_dagrun for tutorial_dag to None, run_after=None
[2024-07-05T14:13:24.282+0000] {processor.py:183} INFO - Processing /home/airflow/.local/lib/python3.12/site-packages/airflow/example_dags/tutorial_dag.py took 0.049 seconds
[2024-07-05T14:13:54.430+0000] {processor.py:161} INFO - Started process (PID=564) to work on /home/airflow/.local/lib/python3.12/site-packages/airflow/example_dags/tutorial_dag.py
[2024-07-05T14:13:54.431+0000] {processor.py:830} INFO - Processing file /home/airflow/.local/lib/python3.12/site-packages/airflow/example_dags/tutorial_dag.py for tasks to queue
[2024-07-05T14:13:54.432+0000] {logging_mixin.py:188} INFO - [2024-07-05T14:13:54.432+0000] {dagbag.py:545} INFO - Filling up the DagBag from /home/airflow/.local/lib/python3.12/site-packages/airflow/example_dags/tutorial_dag.py
[2024-07-05T14:13:54.436+0000] {processor.py:840} INFO - DAG(s) 'tutorial_dag' retrieved from /home/airflow/.local/lib/python3.12/site-packages/airflow/example_dags/tutorial_dag.py
[2024-07-05T14:13:54.453+0000] {logging_mixin.py:188} INFO - [2024-07-05T14:13:54.453+0000] {dag.py:3096} INFO - Sync 1 DAGs
[2024-07-05T14:13:54.460+0000] {logging_mixin.py:188} INFO - [2024-07-05T14:13:54.460+0000] {dag.py:3954} INFO - Setting next_dagrun for tutorial_dag to None, run_after=None
[2024-07-05T14:13:54.471+0000] {processor.py:183} INFO - Processing /home/airflow/.local/lib/python3.12/site-packages/airflow/example_dags/tutorial_dag.py took 0.044 seconds
[2024-07-05T14:14:24.795+0000] {processor.py:161} INFO - Started process (PID=622) to work on /home/airflow/.local/lib/python3.12/site-packages/airflow/example_dags/tutorial_dag.py
[2024-07-05T14:14:24.796+0000] {processor.py:830} INFO - Processing file /home/airflow/.local/lib/python3.12/site-packages/airflow/example_dags/tutorial_dag.py for tasks to queue
[2024-07-05T14:14:24.798+0000] {logging_mixin.py:188} INFO - [2024-07-05T14:14:24.797+0000] {dagbag.py:545} INFO - Filling up the DagBag from /home/airflow/.local/lib/python3.12/site-packages/airflow/example_dags/tutorial_dag.py
[2024-07-05T14:14:24.802+0000] {processor.py:840} INFO - DAG(s) 'tutorial_dag' retrieved from /home/airflow/.local/lib/python3.12/site-packages/airflow/example_dags/tutorial_dag.py
[2024-07-05T14:14:24.822+0000] {logging_mixin.py:188} INFO - [2024-07-05T14:14:24.822+0000] {dag.py:3096} INFO - Sync 1 DAGs
[2024-07-05T14:14:24.832+0000] {logging_mixin.py:188} INFO - [2024-07-05T14:14:24.832+0000] {dag.py:3954} INFO - Setting next_dagrun for tutorial_dag to None, run_after=None
[2024-07-05T14:14:24.846+0000] {processor.py:183} INFO - Processing /home/airflow/.local/lib/python3.12/site-packages/airflow/example_dags/tutorial_dag.py took 0.055 seconds
[2024-07-05T14:14:55.245+0000] {processor.py:161} INFO - Started process (PID=680) to work on /home/airflow/.local/lib/python3.12/site-packages/airflow/example_dags/tutorial_dag.py
[2024-07-05T14:14:55.246+0000] {processor.py:830} INFO - Processing file /home/airflow/.local/lib/python3.12/site-packages/airflow/example_dags/tutorial_dag.py for tasks to queue
[2024-07-05T14:14:55.247+0000] {logging_mixin.py:188} INFO - [2024-07-05T14:14:55.247+0000] {dagbag.py:545} INFO - Filling up the DagBag from /home/airflow/.local/lib/python3.12/site-packages/airflow/example_dags/tutorial_dag.py
[2024-07-05T14:14:55.250+0000] {processor.py:840} INFO - DAG(s) 'tutorial_dag' retrieved from /home/airflow/.local/lib/python3.12/site-packages/airflow/example_dags/tutorial_dag.py
[2024-07-05T14:14:55.262+0000] {logging_mixin.py:188} INFO - [2024-07-05T14:14:55.261+0000] {dag.py:3096} INFO - Sync 1 DAGs
[2024-07-05T14:14:55.268+0000] {logging_mixin.py:188} INFO - [2024-07-05T14:14:55.268+0000] {dag.py:3954} INFO - Setting next_dagrun for tutorial_dag to None, run_after=None
[2024-07-05T14:14:55.278+0000] {processor.py:183} INFO - Processing /home/airflow/.local/lib/python3.12/site-packages/airflow/example_dags/tutorial_dag.py took 0.036 seconds
[2024-07-05T14:15:25.686+0000] {processor.py:161} INFO - Started process (PID=738) to work on /home/airflow/.local/lib/python3.12/site-packages/airflow/example_dags/tutorial_dag.py
[2024-07-05T14:15:25.687+0000] {processor.py:830} INFO - Processing file /home/airflow/.local/lib/python3.12/site-packages/airflow/example_dags/tutorial_dag.py for tasks to queue
[2024-07-05T14:15:25.688+0000] {logging_mixin.py:188} INFO - [2024-07-05T14:15:25.688+0000] {dagbag.py:545} INFO - Filling up the DagBag from /home/airflow/.local/lib/python3.12/site-packages/airflow/example_dags/tutorial_dag.py
[2024-07-05T14:15:25.691+0000] {processor.py:840} INFO - DAG(s) 'tutorial_dag' retrieved from /home/airflow/.local/lib/python3.12/site-packages/airflow/example_dags/tutorial_dag.py
[2024-07-05T14:15:25.701+0000] {logging_mixin.py:188} INFO - [2024-07-05T14:15:25.701+0000] {dag.py:3096} INFO - Sync 1 DAGs
[2024-07-05T14:15:25.708+0000] {logging_mixin.py:188} INFO - [2024-07-05T14:15:25.708+0000] {dag.py:3954} INFO - Setting next_dagrun for tutorial_dag to None, run_after=None
[2024-07-05T14:15:25.717+0000] {processor.py:183} INFO - Processing /home/airflow/.local/lib/python3.12/site-packages/airflow/example_dags/tutorial_dag.py took 0.034 seconds
[2024-07-05T14:15:56.071+0000] {processor.py:161} INFO - Started process (PID=796) to work on /home/airflow/.local/lib/python3.12/site-packages/airflow/example_dags/tutorial_dag.py
[2024-07-05T14:15:56.072+0000] {processor.py:830} INFO - Processing file /home/airflow/.local/lib/python3.12/site-packages/airflow/example_dags/tutorial_dag.py for tasks to queue
[2024-07-05T14:15:56.073+0000] {logging_mixin.py:188} INFO - [2024-07-05T14:15:56.073+0000] {dagbag.py:545} INFO - Filling up the DagBag from /home/airflow/.local/lib/python3.12/site-packages/airflow/example_dags/tutorial_dag.py
[2024-07-05T14:15:56.076+0000] {processor.py:840} INFO - DAG(s) 'tutorial_dag' retrieved from /home/airflow/.local/lib/python3.12/site-packages/airflow/example_dags/tutorial_dag.py
[2024-07-05T14:15:56.087+0000] {logging_mixin.py:188} INFO - [2024-07-05T14:15:56.087+0000] {dag.py:3096} INFO - Sync 1 DAGs
[2024-07-05T14:15:56.094+0000] {logging_mixin.py:188} INFO - [2024-07-05T14:15:56.093+0000] {dag.py:3954} INFO - Setting next_dagrun for tutorial_dag to None, run_after=None
[2024-07-05T14:15:56.103+0000] {processor.py:183} INFO - Processing /home/airflow/.local/lib/python3.12/site-packages/airflow/example_dags/tutorial_dag.py took 0.035 seconds
[2024-07-05T14:16:26.366+0000] {processor.py:161} INFO - Started process (PID=854) to work on /home/airflow/.local/lib/python3.12/site-packages/airflow/example_dags/tutorial_dag.py
[2024-07-05T14:16:26.367+0000] {processor.py:830} INFO - Processing file /home/airflow/.local/lib/python3.12/site-packages/airflow/example_dags/tutorial_dag.py for tasks to queue
[2024-07-05T14:16:26.368+0000] {logging_mixin.py:188} INFO - [2024-07-05T14:16:26.368+0000] {dagbag.py:545} INFO - Filling up the DagBag from /home/airflow/.local/lib/python3.12/site-packages/airflow/example_dags/tutorial_dag.py
[2024-07-05T14:16:26.371+0000] {processor.py:840} INFO - DAG(s) 'tutorial_dag' retrieved from /home/airflow/.local/lib/python3.12/site-packages/airflow/example_dags/tutorial_dag.py
[2024-07-05T14:16:26.390+0000] {logging_mixin.py:188} INFO - [2024-07-05T14:16:26.390+0000] {dag.py:3096} INFO - Sync 1 DAGs
[2024-07-05T14:16:26.397+0000] {logging_mixin.py:188} INFO - [2024-07-05T14:16:26.397+0000] {dag.py:3954} INFO - Setting next_dagrun for tutorial_dag to None, run_after=None
[2024-07-05T14:16:26.406+0000] {processor.py:183} INFO - Processing /home/airflow/.local/lib/python3.12/site-packages/airflow/example_dags/tutorial_dag.py took 0.046 seconds
[2024-07-05T14:16:56.868+0000] {processor.py:161} INFO - Started process (PID=912) to work on /home/airflow/.local/lib/python3.12/site-packages/airflow/example_dags/tutorial_dag.py
[2024-07-05T14:16:56.869+0000] {processor.py:830} INFO - Processing file /home/airflow/.local/lib/python3.12/site-packages/airflow/example_dags/tutorial_dag.py for tasks to queue
[2024-07-05T14:16:56.870+0000] {logging_mixin.py:188} INFO - [2024-07-05T14:16:56.870+0000] {dagbag.py:545} INFO - Filling up the DagBag from /home/airflow/.local/lib/python3.12/site-packages/airflow/example_dags/tutorial_dag.py
[2024-07-05T14:16:56.873+0000] {processor.py:840} INFO - DAG(s) 'tutorial_dag' retrieved from /home/airflow/.local/lib/python3.12/site-packages/airflow/example_dags/tutorial_dag.py
[2024-07-05T14:16:56.885+0000] {logging_mixin.py:188} INFO - [2024-07-05T14:16:56.885+0000] {dag.py:3096} INFO - Sync 1 DAGs
[2024-07-05T14:16:56.891+0000] {logging_mixin.py:188} INFO - [2024-07-05T14:16:56.891+0000] {dag.py:3954} INFO - Setting next_dagrun for tutorial_dag to None, run_after=None
[2024-07-05T14:16:56.900+0000] {processor.py:183} INFO - Processing /home/airflow/.local/lib/python3.12/site-packages/airflow/example_dags/tutorial_dag.py took 0.035 seconds
[2024-07-05T14:17:27.195+0000] {processor.py:161} INFO - Started process (PID=970) to work on /home/airflow/.local/lib/python3.12/site-packages/airflow/example_dags/tutorial_dag.py
[2024-07-05T14:17:27.197+0000] {processor.py:830} INFO - Processing file /home/airflow/.local/lib/python3.12/site-packages/airflow/example_dags/tutorial_dag.py for tasks to queue
[2024-07-05T14:17:27.203+0000] {logging_mixin.py:188} INFO - [2024-07-05T14:17:27.203+0000] {dagbag.py:545} INFO - Filling up the DagBag from /home/airflow/.local/lib/python3.12/site-packages/airflow/example_dags/tutorial_dag.py
[2024-07-05T14:17:27.206+0000] {processor.py:840} INFO - DAG(s) 'tutorial_dag' retrieved from /home/airflow/.local/lib/python3.12/site-packages/airflow/example_dags/tutorial_dag.py
[2024-07-05T14:17:27.217+0000] {logging_mixin.py:188} INFO - [2024-07-05T14:17:27.216+0000] {dag.py:3096} INFO - Sync 1 DAGs
[2024-07-05T14:17:27.223+0000] {logging_mixin.py:188} INFO - [2024-07-05T14:17:27.223+0000] {dag.py:3954} INFO - Setting next_dagrun for tutorial_dag to None, run_after=None
[2024-07-05T14:17:27.231+0000] {processor.py:183} INFO - Processing /home/airflow/.local/lib/python3.12/site-packages/airflow/example_dags/tutorial_dag.py took 0.039 seconds
[2024-07-05T14:17:57.629+0000] {processor.py:161} INFO - Started process (PID=1028) to work on /home/airflow/.local/lib/python3.12/site-packages/airflow/example_dags/tutorial_dag.py
[2024-07-05T14:17:57.630+0000] {processor.py:830} INFO - Processing file /home/airflow/.local/lib/python3.12/site-packages/airflow/example_dags/tutorial_dag.py for tasks to queue
[2024-07-05T14:17:57.631+0000] {logging_mixin.py:188} INFO - [2024-07-05T14:17:57.631+0000] {dagbag.py:545} INFO - Filling up the DagBag from /home/airflow/.local/lib/python3.12/site-packages/airflow/example_dags/tutorial_dag.py
[2024-07-05T14:17:57.635+0000] {processor.py:840} INFO - DAG(s) 'tutorial_dag' retrieved from /home/airflow/.local/lib/python3.12/site-packages/airflow/example_dags/tutorial_dag.py
[2024-07-05T14:17:57.650+0000] {logging_mixin.py:188} INFO - [2024-07-05T14:17:57.650+0000] {dag.py:3096} INFO - Sync 1 DAGs
[2024-07-05T14:17:57.657+0000] {logging_mixin.py:188} INFO - [2024-07-05T14:17:57.657+0000] {dag.py:3954} INFO - Setting next_dagrun for tutorial_dag to None, run_after=None
[2024-07-05T14:17:57.666+0000] {processor.py:183} INFO - Processing /home/airflow/.local/lib/python3.12/site-packages/airflow/example_dags/tutorial_dag.py took 0.040 seconds
[2024-07-05T14:18:28.284+0000] {processor.py:161} INFO - Started process (PID=1086) to work on /home/airflow/.local/lib/python3.12/site-packages/airflow/example_dags/tutorial_dag.py
[2024-07-05T14:18:28.285+0000] {processor.py:830} INFO - Processing file /home/airflow/.local/lib/python3.12/site-packages/airflow/example_dags/tutorial_dag.py for tasks to queue
[2024-07-05T14:18:28.286+0000] {logging_mixin.py:188} INFO - [2024-07-05T14:18:28.286+0000] {dagbag.py:545} INFO - Filling up the DagBag from /home/airflow/.local/lib/python3.12/site-packages/airflow/example_dags/tutorial_dag.py
[2024-07-05T14:18:28.289+0000] {processor.py:840} INFO - DAG(s) 'tutorial_dag' retrieved from /home/airflow/.local/lib/python3.12/site-packages/airflow/example_dags/tutorial_dag.py
[2024-07-05T14:18:28.299+0000] {logging_mixin.py:188} INFO - [2024-07-05T14:18:28.299+0000] {dag.py:3096} INFO - Sync 1 DAGs
[2024-07-05T14:18:28.305+0000] {logging_mixin.py:188} INFO - [2024-07-05T14:18:28.305+0000] {dag.py:3954} INFO - Setting next_dagrun for tutorial_dag to None, run_after=None
[2024-07-05T14:18:28.314+0000] {processor.py:183} INFO - Processing /home/airflow/.local/lib/python3.12/site-packages/airflow/example_dags/tutorial_dag.py took 0.033 seconds
[2024-07-05T14:18:58.766+0000] {processor.py:161} INFO - Started process (PID=1143) to work on /home/airflow/.local/lib/python3.12/site-packages/airflow/example_dags/tutorial_dag.py
[2024-07-05T14:18:58.767+0000] {processor.py:830} INFO - Processing file /home/airflow/.local/lib/python3.12/site-packages/airflow/example_dags/tutorial_dag.py for tasks to queue
[2024-07-05T14:18:58.768+0000] {logging_mixin.py:188} INFO - [2024-07-05T14:18:58.767+0000] {dagbag.py:545} INFO - Filling up the DagBag from /home/airflow/.local/lib/python3.12/site-packages/airflow/example_dags/tutorial_dag.py
[2024-07-05T14:18:58.770+0000] {processor.py:840} INFO - DAG(s) 'tutorial_dag' retrieved from /home/airflow/.local/lib/python3.12/site-packages/airflow/example_dags/tutorial_dag.py
[2024-07-05T14:18:58.782+0000] {logging_mixin.py:188} INFO - [2024-07-05T14:18:58.782+0000] {dag.py:3096} INFO - Sync 1 DAGs
[2024-07-05T14:18:58.788+0000] {logging_mixin.py:188} INFO - [2024-07-05T14:18:58.788+0000] {dag.py:3954} INFO - Setting next_dagrun for tutorial_dag to None, run_after=None
[2024-07-05T14:18:58.797+0000] {processor.py:183} INFO - Processing /home/airflow/.local/lib/python3.12/site-packages/airflow/example_dags/tutorial_dag.py took 0.034 seconds
[2024-07-05T14:19:28.997+0000] {processor.py:161} INFO - Started process (PID=1201) to work on /home/airflow/.local/lib/python3.12/site-packages/airflow/example_dags/tutorial_dag.py
[2024-07-05T14:19:28.998+0000] {processor.py:830} INFO - Processing file /home/airflow/.local/lib/python3.12/site-packages/airflow/example_dags/tutorial_dag.py for tasks to queue
[2024-07-05T14:19:28.999+0000] {logging_mixin.py:188} INFO - [2024-07-05T14:19:28.998+0000] {dagbag.py:545} INFO - Filling up the DagBag from /home/airflow/.local/lib/python3.12/site-packages/airflow/example_dags/tutorial_dag.py
[2024-07-05T14:19:29.002+0000] {processor.py:840} INFO - DAG(s) 'tutorial_dag' retrieved from /home/airflow/.local/lib/python3.12/site-packages/airflow/example_dags/tutorial_dag.py
[2024-07-05T14:19:29.012+0000] {logging_mixin.py:188} INFO - [2024-07-05T14:19:29.012+0000] {dag.py:3096} INFO - Sync 1 DAGs
[2024-07-05T14:19:29.022+0000] {logging_mixin.py:188} INFO - [2024-07-05T14:19:29.022+0000] {dag.py:3954} INFO - Setting next_dagrun for tutorial_dag to None, run_after=None
[2024-07-05T14:19:29.032+0000] {processor.py:183} INFO - Processing /home/airflow/.local/lib/python3.12/site-packages/airflow/example_dags/tutorial_dag.py took 0.038 seconds
[2024-07-05T14:19:59.342+0000] {processor.py:161} INFO - Started process (PID=1259) to work on /home/airflow/.local/lib/python3.12/site-packages/airflow/example_dags/tutorial_dag.py
[2024-07-05T14:19:59.342+0000] {processor.py:830} INFO - Processing file /home/airflow/.local/lib/python3.12/site-packages/airflow/example_dags/tutorial_dag.py for tasks to queue
[2024-07-05T14:19:59.343+0000] {logging_mixin.py:188} INFO - [2024-07-05T14:19:59.343+0000] {dagbag.py:545} INFO - Filling up the DagBag from /home/airflow/.local/lib/python3.12/site-packages/airflow/example_dags/tutorial_dag.py
[2024-07-05T14:19:59.347+0000] {processor.py:840} INFO - DAG(s) 'tutorial_dag' retrieved from /home/airflow/.local/lib/python3.12/site-packages/airflow/example_dags/tutorial_dag.py
[2024-07-05T14:19:59.353+0000] {logging_mixin.py:188} INFO - [2024-07-05T14:19:59.352+0000] {dag.py:3096} INFO - Sync 1 DAGs
[2024-07-05T14:19:59.359+0000] {logging_mixin.py:188} INFO - [2024-07-05T14:19:59.358+0000] {dag.py:3954} INFO - Setting next_dagrun for tutorial_dag to None, run_after=None
[2024-07-05T14:19:59.367+0000] {processor.py:183} INFO - Processing /home/airflow/.local/lib/python3.12/site-packages/airflow/example_dags/tutorial_dag.py took 0.028 seconds
[2024-07-05T14:20:30.086+0000] {processor.py:161} INFO - Started process (PID=1317) to work on /home/airflow/.local/lib/python3.12/site-packages/airflow/example_dags/tutorial_dag.py
[2024-07-05T14:20:30.087+0000] {processor.py:830} INFO - Processing file /home/airflow/.local/lib/python3.12/site-packages/airflow/example_dags/tutorial_dag.py for tasks to queue
[2024-07-05T14:20:30.088+0000] {logging_mixin.py:188} INFO - [2024-07-05T14:20:30.088+0000] {dagbag.py:545} INFO - Filling up the DagBag from /home/airflow/.local/lib/python3.12/site-packages/airflow/example_dags/tutorial_dag.py
[2024-07-05T14:20:30.091+0000] {processor.py:840} INFO - DAG(s) 'tutorial_dag' retrieved from /home/airflow/.local/lib/python3.12/site-packages/airflow/example_dags/tutorial_dag.py
[2024-07-05T14:20:30.141+0000] {logging_mixin.py:188} INFO - [2024-07-05T14:20:30.141+0000] {dag.py:3096} INFO - Sync 1 DAGs
[2024-07-05T14:20:30.146+0000] {logging_mixin.py:188} INFO - [2024-07-05T14:20:30.146+0000] {dag.py:3954} INFO - Setting next_dagrun for tutorial_dag to None, run_after=None
[2024-07-05T14:20:30.154+0000] {processor.py:183} INFO - Processing /home/airflow/.local/lib/python3.12/site-packages/airflow/example_dags/tutorial_dag.py took 0.071 seconds
[2024-07-05T14:21:00.592+0000] {processor.py:161} INFO - Started process (PID=1375) to work on /home/airflow/.local/lib/python3.12/site-packages/airflow/example_dags/tutorial_dag.py
[2024-07-05T14:21:00.593+0000] {processor.py:830} INFO - Processing file /home/airflow/.local/lib/python3.12/site-packages/airflow/example_dags/tutorial_dag.py for tasks to queue
[2024-07-05T14:21:00.595+0000] {logging_mixin.py:188} INFO - [2024-07-05T14:21:00.595+0000] {dagbag.py:545} INFO - Filling up the DagBag from /home/airflow/.local/lib/python3.12/site-packages/airflow/example_dags/tutorial_dag.py
[2024-07-05T14:21:00.602+0000] {processor.py:840} INFO - DAG(s) 'tutorial_dag' retrieved from /home/airflow/.local/lib/python3.12/site-packages/airflow/example_dags/tutorial_dag.py
[2024-07-05T14:21:00.623+0000] {logging_mixin.py:188} INFO - [2024-07-05T14:21:00.622+0000] {dag.py:3096} INFO - Sync 1 DAGs
[2024-07-05T14:21:00.631+0000] {logging_mixin.py:188} INFO - [2024-07-05T14:21:00.630+0000] {dag.py:3954} INFO - Setting next_dagrun for tutorial_dag to None, run_after=None
[2024-07-05T14:21:00.639+0000] {processor.py:183} INFO - Processing /home/airflow/.local/lib/python3.12/site-packages/airflow/example_dags/tutorial_dag.py took 0.050 seconds
[2024-07-05T14:21:31.005+0000] {processor.py:161} INFO - Started process (PID=1433) to work on /home/airflow/.local/lib/python3.12/site-packages/airflow/example_dags/tutorial_dag.py
[2024-07-05T14:21:31.006+0000] {processor.py:830} INFO - Processing file /home/airflow/.local/lib/python3.12/site-packages/airflow/example_dags/tutorial_dag.py for tasks to queue
[2024-07-05T14:21:31.007+0000] {logging_mixin.py:188} INFO - [2024-07-05T14:21:31.007+0000] {dagbag.py:545} INFO - Filling up the DagBag from /home/airflow/.local/lib/python3.12/site-packages/airflow/example_dags/tutorial_dag.py
[2024-07-05T14:21:31.011+0000] {processor.py:840} INFO - DAG(s) 'tutorial_dag' retrieved from /home/airflow/.local/lib/python3.12/site-packages/airflow/example_dags/tutorial_dag.py
[2024-07-05T14:21:31.022+0000] {logging_mixin.py:188} INFO - [2024-07-05T14:21:31.022+0000] {dag.py:3096} INFO - Sync 1 DAGs
[2024-07-05T14:21:31.028+0000] {logging_mixin.py:188} INFO - [2024-07-05T14:21:31.028+0000] {dag.py:3954} INFO - Setting next_dagrun for tutorial_dag to None, run_after=None
[2024-07-05T14:21:31.037+0000] {processor.py:183} INFO - Processing /home/airflow/.local/lib/python3.12/site-packages/airflow/example_dags/tutorial_dag.py took 0.035 seconds
[2024-07-05T14:22:01.527+0000] {processor.py:161} INFO - Started process (PID=1491) to work on /home/airflow/.local/lib/python3.12/site-packages/airflow/example_dags/tutorial_dag.py
[2024-07-05T14:22:01.528+0000] {processor.py:830} INFO - Processing file /home/airflow/.local/lib/python3.12/site-packages/airflow/example_dags/tutorial_dag.py for tasks to queue
[2024-07-05T14:22:01.529+0000] {logging_mixin.py:188} INFO - [2024-07-05T14:22:01.529+0000] {dagbag.py:545} INFO - Filling up the DagBag from /home/airflow/.local/lib/python3.12/site-packages/airflow/example_dags/tutorial_dag.py
[2024-07-05T14:22:01.533+0000] {processor.py:840} INFO - DAG(s) 'tutorial_dag' retrieved from /home/airflow/.local/lib/python3.12/site-packages/airflow/example_dags/tutorial_dag.py
[2024-07-05T14:22:01.545+0000] {logging_mixin.py:188} INFO - [2024-07-05T14:22:01.545+0000] {dag.py:3096} INFO - Sync 1 DAGs
[2024-07-05T14:22:01.554+0000] {logging_mixin.py:188} INFO - [2024-07-05T14:22:01.554+0000] {dag.py:3954} INFO - Setting next_dagrun for tutorial_dag to None, run_after=None
[2024-07-05T14:22:01.564+0000] {processor.py:183} INFO - Processing /home/airflow/.local/lib/python3.12/site-packages/airflow/example_dags/tutorial_dag.py took 0.039 seconds
[2024-07-05T14:22:32.196+0000] {processor.py:161} INFO - Started process (PID=1549) to work on /home/airflow/.local/lib/python3.12/site-packages/airflow/example_dags/tutorial_dag.py
[2024-07-05T14:22:32.197+0000] {processor.py:830} INFO - Processing file /home/airflow/.local/lib/python3.12/site-packages/airflow/example_dags/tutorial_dag.py for tasks to queue
[2024-07-05T14:22:32.199+0000] {logging_mixin.py:188} INFO - [2024-07-05T14:22:32.198+0000] {dagbag.py:545} INFO - Filling up the DagBag from /home/airflow/.local/lib/python3.12/site-packages/airflow/example_dags/tutorial_dag.py
[2024-07-05T14:22:32.210+0000] {processor.py:840} INFO - DAG(s) 'tutorial_dag' retrieved from /home/airflow/.local/lib/python3.12/site-packages/airflow/example_dags/tutorial_dag.py
[2024-07-05T14:22:32.227+0000] {logging_mixin.py:188} INFO - [2024-07-05T14:22:32.227+0000] {dag.py:3096} INFO - Sync 1 DAGs
[2024-07-05T14:22:32.235+0000] {logging_mixin.py:188} INFO - [2024-07-05T14:22:32.234+0000] {dag.py:3954} INFO - Setting next_dagrun for tutorial_dag to None, run_after=None
[2024-07-05T14:22:32.246+0000] {processor.py:183} INFO - Processing /home/airflow/.local/lib/python3.12/site-packages/airflow/example_dags/tutorial_dag.py took 0.054 seconds
[2024-07-05T14:23:02.489+0000] {processor.py:161} INFO - Started process (PID=1607) to work on /home/airflow/.local/lib/python3.12/site-packages/airflow/example_dags/tutorial_dag.py
[2024-07-05T14:23:02.491+0000] {processor.py:830} INFO - Processing file /home/airflow/.local/lib/python3.12/site-packages/airflow/example_dags/tutorial_dag.py for tasks to queue
[2024-07-05T14:23:02.493+0000] {logging_mixin.py:188} INFO - [2024-07-05T14:23:02.493+0000] {dagbag.py:545} INFO - Filling up the DagBag from /home/airflow/.local/lib/python3.12/site-packages/airflow/example_dags/tutorial_dag.py
[2024-07-05T14:23:02.497+0000] {processor.py:840} INFO - DAG(s) 'tutorial_dag' retrieved from /home/airflow/.local/lib/python3.12/site-packages/airflow/example_dags/tutorial_dag.py
[2024-07-05T14:23:02.522+0000] {logging_mixin.py:188} INFO - [2024-07-05T14:23:02.522+0000] {dag.py:3096} INFO - Sync 1 DAGs
[2024-07-05T14:23:02.533+0000] {logging_mixin.py:188} INFO - [2024-07-05T14:23:02.533+0000] {dag.py:3954} INFO - Setting next_dagrun for tutorial_dag to None, run_after=None
[2024-07-05T14:23:02.546+0000] {processor.py:183} INFO - Processing /home/airflow/.local/lib/python3.12/site-packages/airflow/example_dags/tutorial_dag.py took 0.061 seconds
[2024-07-05T14:23:33.074+0000] {processor.py:161} INFO - Started process (PID=1665) to work on /home/airflow/.local/lib/python3.12/site-packages/airflow/example_dags/tutorial_dag.py
[2024-07-05T14:23:33.075+0000] {processor.py:830} INFO - Processing file /home/airflow/.local/lib/python3.12/site-packages/airflow/example_dags/tutorial_dag.py for tasks to queue
[2024-07-05T14:23:33.077+0000] {logging_mixin.py:188} INFO - [2024-07-05T14:23:33.076+0000] {dagbag.py:545} INFO - Filling up the DagBag from /home/airflow/.local/lib/python3.12/site-packages/airflow/example_dags/tutorial_dag.py
[2024-07-05T14:23:33.081+0000] {processor.py:840} INFO - DAG(s) 'tutorial_dag' retrieved from /home/airflow/.local/lib/python3.12/site-packages/airflow/example_dags/tutorial_dag.py
[2024-07-05T14:23:33.094+0000] {logging_mixin.py:188} INFO - [2024-07-05T14:23:33.093+0000] {dag.py:3096} INFO - Sync 1 DAGs
[2024-07-05T14:23:33.101+0000] {logging_mixin.py:188} INFO - [2024-07-05T14:23:33.101+0000] {dag.py:3954} INFO - Setting next_dagrun for tutorial_dag to None, run_after=None
[2024-07-05T14:23:33.112+0000] {processor.py:183} INFO - Processing /home/airflow/.local/lib/python3.12/site-packages/airflow/example_dags/tutorial_dag.py took 0.043 seconds
[2024-07-05T14:24:03.401+0000] {processor.py:161} INFO - Started process (PID=1723) to work on /home/airflow/.local/lib/python3.12/site-packages/airflow/example_dags/tutorial_dag.py
[2024-07-05T14:24:03.402+0000] {processor.py:830} INFO - Processing file /home/airflow/.local/lib/python3.12/site-packages/airflow/example_dags/tutorial_dag.py for tasks to queue
[2024-07-05T14:24:03.404+0000] {logging_mixin.py:188} INFO - [2024-07-05T14:24:03.403+0000] {dagbag.py:545} INFO - Filling up the DagBag from /home/airflow/.local/lib/python3.12/site-packages/airflow/example_dags/tutorial_dag.py
[2024-07-05T14:24:03.409+0000] {processor.py:840} INFO - DAG(s) 'tutorial_dag' retrieved from /home/airflow/.local/lib/python3.12/site-packages/airflow/example_dags/tutorial_dag.py
[2024-07-05T14:24:03.428+0000] {logging_mixin.py:188} INFO - [2024-07-05T14:24:03.428+0000] {dag.py:3096} INFO - Sync 1 DAGs
[2024-07-05T14:24:03.438+0000] {logging_mixin.py:188} INFO - [2024-07-05T14:24:03.438+0000] {dag.py:3954} INFO - Setting next_dagrun for tutorial_dag to None, run_after=None
[2024-07-05T14:24:03.448+0000] {processor.py:183} INFO - Processing /home/airflow/.local/lib/python3.12/site-packages/airflow/example_dags/tutorial_dag.py took 0.051 seconds
[2024-07-05T14:24:33.601+0000] {processor.py:161} INFO - Started process (PID=1780) to work on /home/airflow/.local/lib/python3.12/site-packages/airflow/example_dags/tutorial_dag.py
[2024-07-05T14:24:33.602+0000] {processor.py:830} INFO - Processing file /home/airflow/.local/lib/python3.12/site-packages/airflow/example_dags/tutorial_dag.py for tasks to queue
[2024-07-05T14:24:33.603+0000] {logging_mixin.py:188} INFO - [2024-07-05T14:24:33.603+0000] {dagbag.py:545} INFO - Filling up the DagBag from /home/airflow/.local/lib/python3.12/site-packages/airflow/example_dags/tutorial_dag.py
[2024-07-05T14:24:33.606+0000] {processor.py:840} INFO - DAG(s) 'tutorial_dag' retrieved from /home/airflow/.local/lib/python3.12/site-packages/airflow/example_dags/tutorial_dag.py
[2024-07-05T14:24:33.616+0000] {logging_mixin.py:188} INFO - [2024-07-05T14:24:33.616+0000] {dag.py:3096} INFO - Sync 1 DAGs
[2024-07-05T14:24:33.623+0000] {logging_mixin.py:188} INFO - [2024-07-05T14:24:33.623+0000] {dag.py:3954} INFO - Setting next_dagrun for tutorial_dag to None, run_after=None
[2024-07-05T14:24:33.631+0000] {processor.py:183} INFO - Processing /home/airflow/.local/lib/python3.12/site-packages/airflow/example_dags/tutorial_dag.py took 0.033 seconds
[2024-07-05T14:25:03.846+0000] {processor.py:161} INFO - Started process (PID=1838) to work on /home/airflow/.local/lib/python3.12/site-packages/airflow/example_dags/tutorial_dag.py
[2024-07-05T14:25:03.847+0000] {processor.py:830} INFO - Processing file /home/airflow/.local/lib/python3.12/site-packages/airflow/example_dags/tutorial_dag.py for tasks to queue
[2024-07-05T14:25:03.848+0000] {logging_mixin.py:188} INFO - [2024-07-05T14:25:03.847+0000] {dagbag.py:545} INFO - Filling up the DagBag from /home/airflow/.local/lib/python3.12/site-packages/airflow/example_dags/tutorial_dag.py
[2024-07-05T14:25:03.851+0000] {processor.py:840} INFO - DAG(s) 'tutorial_dag' retrieved from /home/airflow/.local/lib/python3.12/site-packages/airflow/example_dags/tutorial_dag.py
[2024-07-05T14:25:03.861+0000] {logging_mixin.py:188} INFO - [2024-07-05T14:25:03.861+0000] {dag.py:3096} INFO - Sync 1 DAGs
[2024-07-05T14:25:03.867+0000] {logging_mixin.py:188} INFO - [2024-07-05T14:25:03.867+0000] {dag.py:3954} INFO - Setting next_dagrun for tutorial_dag to None, run_after=None
[2024-07-05T14:25:03.876+0000] {processor.py:183} INFO - Processing /home/airflow/.local/lib/python3.12/site-packages/airflow/example_dags/tutorial_dag.py took 0.033 seconds
[2024-07-05T14:25:34.271+0000] {processor.py:161} INFO - Started process (PID=1896) to work on /home/airflow/.local/lib/python3.12/site-packages/airflow/example_dags/tutorial_dag.py
[2024-07-05T14:25:34.272+0000] {processor.py:830} INFO - Processing file /home/airflow/.local/lib/python3.12/site-packages/airflow/example_dags/tutorial_dag.py for tasks to queue
[2024-07-05T14:25:34.274+0000] {logging_mixin.py:188} INFO - [2024-07-05T14:25:34.274+0000] {dagbag.py:545} INFO - Filling up the DagBag from /home/airflow/.local/lib/python3.12/site-packages/airflow/example_dags/tutorial_dag.py
[2024-07-05T14:25:34.277+0000] {processor.py:840} INFO - DAG(s) 'tutorial_dag' retrieved from /home/airflow/.local/lib/python3.12/site-packages/airflow/example_dags/tutorial_dag.py
[2024-07-05T14:25:34.289+0000] {logging_mixin.py:188} INFO - [2024-07-05T14:25:34.289+0000] {dag.py:3096} INFO - Sync 1 DAGs
[2024-07-05T14:25:34.295+0000] {logging_mixin.py:188} INFO - [2024-07-05T14:25:34.295+0000] {dag.py:3954} INFO - Setting next_dagrun for tutorial_dag to None, run_after=None
[2024-07-05T14:25:34.304+0000] {processor.py:183} INFO - Processing /home/airflow/.local/lib/python3.12/site-packages/airflow/example_dags/tutorial_dag.py took 0.037 seconds
[2024-07-05T14:26:05.173+0000] {processor.py:161} INFO - Started process (PID=1954) to work on /home/airflow/.local/lib/python3.12/site-packages/airflow/example_dags/tutorial_dag.py
[2024-07-05T14:26:05.176+0000] {processor.py:830} INFO - Processing file /home/airflow/.local/lib/python3.12/site-packages/airflow/example_dags/tutorial_dag.py for tasks to queue
[2024-07-05T14:26:05.178+0000] {logging_mixin.py:188} INFO - [2024-07-05T14:26:05.177+0000] {dagbag.py:545} INFO - Filling up the DagBag from /home/airflow/.local/lib/python3.12/site-packages/airflow/example_dags/tutorial_dag.py
[2024-07-05T14:26:05.188+0000] {processor.py:840} INFO - DAG(s) 'tutorial_dag' retrieved from /home/airflow/.local/lib/python3.12/site-packages/airflow/example_dags/tutorial_dag.py
[2024-07-05T14:26:05.230+0000] {logging_mixin.py:188} INFO - [2024-07-05T14:26:05.230+0000] {dag.py:3096} INFO - Sync 1 DAGs
[2024-07-05T14:26:05.242+0000] {logging_mixin.py:188} INFO - [2024-07-05T14:26:05.242+0000] {dag.py:3954} INFO - Setting next_dagrun for tutorial_dag to None, run_after=None
[2024-07-05T14:26:05.276+0000] {processor.py:183} INFO - Processing /home/airflow/.local/lib/python3.12/site-packages/airflow/example_dags/tutorial_dag.py took 0.130 seconds
[2024-07-05T14:28:04.027+0000] {processor.py:161} INFO - Started process (PID=41) to work on /home/airflow/.local/lib/python3.12/site-packages/airflow/example_dags/tutorial_dag.py
[2024-07-05T14:28:04.028+0000] {processor.py:830} INFO - Processing file /home/airflow/.local/lib/python3.12/site-packages/airflow/example_dags/tutorial_dag.py for tasks to queue
[2024-07-05T14:28:04.029+0000] {logging_mixin.py:188} INFO - [2024-07-05T14:28:04.029+0000] {dagbag.py:545} INFO - Filling up the DagBag from /home/airflow/.local/lib/python3.12/site-packages/airflow/example_dags/tutorial_dag.py
[2024-07-05T14:28:04.034+0000] {processor.py:840} INFO - DAG(s) 'tutorial_dag' retrieved from /home/airflow/.local/lib/python3.12/site-packages/airflow/example_dags/tutorial_dag.py
[2024-07-05T14:28:04.051+0000] {logging_mixin.py:188} INFO - [2024-07-05T14:28:04.050+0000] {dag.py:3096} INFO - Sync 1 DAGs
[2024-07-05T14:28:04.061+0000] {logging_mixin.py:188} INFO - [2024-07-05T14:28:04.061+0000] {dag.py:3954} INFO - Setting next_dagrun for tutorial_dag to None, run_after=None
[2024-07-05T14:28:04.082+0000] {processor.py:183} INFO - Processing /home/airflow/.local/lib/python3.12/site-packages/airflow/example_dags/tutorial_dag.py took 0.059 seconds
[2024-07-05T14:28:35.027+0000] {processor.py:161} INFO - Started process (PID=99) to work on /home/airflow/.local/lib/python3.12/site-packages/airflow/example_dags/tutorial_dag.py
[2024-07-05T14:28:35.029+0000] {processor.py:830} INFO - Processing file /home/airflow/.local/lib/python3.12/site-packages/airflow/example_dags/tutorial_dag.py for tasks to queue
[2024-07-05T14:28:35.030+0000] {logging_mixin.py:188} INFO - [2024-07-05T14:28:35.030+0000] {dagbag.py:545} INFO - Filling up the DagBag from /home/airflow/.local/lib/python3.12/site-packages/airflow/example_dags/tutorial_dag.py
[2024-07-05T14:28:35.034+0000] {processor.py:840} INFO - DAG(s) 'tutorial_dag' retrieved from /home/airflow/.local/lib/python3.12/site-packages/airflow/example_dags/tutorial_dag.py
[2024-07-05T14:28:35.042+0000] {logging_mixin.py:188} INFO - [2024-07-05T14:28:35.042+0000] {dag.py:3096} INFO - Sync 1 DAGs
[2024-07-05T14:28:35.049+0000] {logging_mixin.py:188} INFO - [2024-07-05T14:28:35.049+0000] {dag.py:3954} INFO - Setting next_dagrun for tutorial_dag to None, run_after=None
[2024-07-05T14:28:35.059+0000] {processor.py:183} INFO - Processing /home/airflow/.local/lib/python3.12/site-packages/airflow/example_dags/tutorial_dag.py took 0.038 seconds
[2024-07-05T14:29:05.865+0000] {processor.py:161} INFO - Started process (PID=157) to work on /home/airflow/.local/lib/python3.12/site-packages/airflow/example_dags/tutorial_dag.py
[2024-07-05T14:29:05.866+0000] {processor.py:830} INFO - Processing file /home/airflow/.local/lib/python3.12/site-packages/airflow/example_dags/tutorial_dag.py for tasks to queue
[2024-07-05T14:29:05.867+0000] {logging_mixin.py:188} INFO - [2024-07-05T14:29:05.867+0000] {dagbag.py:545} INFO - Filling up the DagBag from /home/airflow/.local/lib/python3.12/site-packages/airflow/example_dags/tutorial_dag.py
[2024-07-05T14:29:05.870+0000] {processor.py:840} INFO - DAG(s) 'tutorial_dag' retrieved from /home/airflow/.local/lib/python3.12/site-packages/airflow/example_dags/tutorial_dag.py
[2024-07-05T14:29:05.916+0000] {logging_mixin.py:188} INFO - [2024-07-05T14:29:05.916+0000] {dag.py:3096} INFO - Sync 1 DAGs
[2024-07-05T14:29:05.922+0000] {logging_mixin.py:188} INFO - [2024-07-05T14:29:05.922+0000] {dag.py:3954} INFO - Setting next_dagrun for tutorial_dag to None, run_after=None
[2024-07-05T14:29:05.931+0000] {processor.py:183} INFO - Processing /home/airflow/.local/lib/python3.12/site-packages/airflow/example_dags/tutorial_dag.py took 0.068 seconds
[2024-07-05T14:29:36.095+0000] {processor.py:161} INFO - Started process (PID=215) to work on /home/airflow/.local/lib/python3.12/site-packages/airflow/example_dags/tutorial_dag.py
[2024-07-05T14:29:36.095+0000] {processor.py:830} INFO - Processing file /home/airflow/.local/lib/python3.12/site-packages/airflow/example_dags/tutorial_dag.py for tasks to queue
[2024-07-05T14:29:36.097+0000] {logging_mixin.py:188} INFO - [2024-07-05T14:29:36.097+0000] {dagbag.py:545} INFO - Filling up the DagBag from /home/airflow/.local/lib/python3.12/site-packages/airflow/example_dags/tutorial_dag.py
[2024-07-05T14:29:36.100+0000] {processor.py:840} INFO - DAG(s) 'tutorial_dag' retrieved from /home/airflow/.local/lib/python3.12/site-packages/airflow/example_dags/tutorial_dag.py
[2024-07-05T14:29:36.109+0000] {logging_mixin.py:188} INFO - [2024-07-05T14:29:36.109+0000] {dag.py:3096} INFO - Sync 1 DAGs
[2024-07-05T14:29:36.115+0000] {logging_mixin.py:188} INFO - [2024-07-05T14:29:36.115+0000] {dag.py:3954} INFO - Setting next_dagrun for tutorial_dag to None, run_after=None
[2024-07-05T14:29:36.123+0000] {processor.py:183} INFO - Processing /home/airflow/.local/lib/python3.12/site-packages/airflow/example_dags/tutorial_dag.py took 0.032 seconds
[2024-07-05T14:30:06.280+0000] {processor.py:161} INFO - Started process (PID=273) to work on /home/airflow/.local/lib/python3.12/site-packages/airflow/example_dags/tutorial_dag.py
[2024-07-05T14:30:06.280+0000] {processor.py:830} INFO - Processing file /home/airflow/.local/lib/python3.12/site-packages/airflow/example_dags/tutorial_dag.py for tasks to queue
[2024-07-05T14:30:06.281+0000] {logging_mixin.py:188} INFO - [2024-07-05T14:30:06.281+0000] {dagbag.py:545} INFO - Filling up the DagBag from /home/airflow/.local/lib/python3.12/site-packages/airflow/example_dags/tutorial_dag.py
[2024-07-05T14:30:06.284+0000] {processor.py:840} INFO - DAG(s) 'tutorial_dag' retrieved from /home/airflow/.local/lib/python3.12/site-packages/airflow/example_dags/tutorial_dag.py
[2024-07-05T14:30:06.293+0000] {logging_mixin.py:188} INFO - [2024-07-05T14:30:06.293+0000] {dag.py:3096} INFO - Sync 1 DAGs
[2024-07-05T14:30:06.302+0000] {logging_mixin.py:188} INFO - [2024-07-05T14:30:06.302+0000] {dag.py:3954} INFO - Setting next_dagrun for tutorial_dag to None, run_after=None
[2024-07-05T14:30:06.309+0000] {processor.py:183} INFO - Processing /home/airflow/.local/lib/python3.12/site-packages/airflow/example_dags/tutorial_dag.py took 0.032 seconds
[2024-07-05T14:30:36.841+0000] {processor.py:161} INFO - Started process (PID=331) to work on /home/airflow/.local/lib/python3.12/site-packages/airflow/example_dags/tutorial_dag.py
[2024-07-05T14:30:36.842+0000] {processor.py:830} INFO - Processing file /home/airflow/.local/lib/python3.12/site-packages/airflow/example_dags/tutorial_dag.py for tasks to queue
[2024-07-05T14:30:36.843+0000] {logging_mixin.py:188} INFO - [2024-07-05T14:30:36.842+0000] {dagbag.py:545} INFO - Filling up the DagBag from /home/airflow/.local/lib/python3.12/site-packages/airflow/example_dags/tutorial_dag.py
[2024-07-05T14:30:36.845+0000] {processor.py:840} INFO - DAG(s) 'tutorial_dag' retrieved from /home/airflow/.local/lib/python3.12/site-packages/airflow/example_dags/tutorial_dag.py
[2024-07-05T14:30:36.855+0000] {logging_mixin.py:188} INFO - [2024-07-05T14:30:36.855+0000] {dag.py:3096} INFO - Sync 1 DAGs
[2024-07-05T14:30:36.862+0000] {logging_mixin.py:188} INFO - [2024-07-05T14:30:36.862+0000] {dag.py:3954} INFO - Setting next_dagrun for tutorial_dag to None, run_after=None
[2024-07-05T14:30:36.870+0000] {processor.py:183} INFO - Processing /home/airflow/.local/lib/python3.12/site-packages/airflow/example_dags/tutorial_dag.py took 0.031 seconds
[2024-07-05T14:31:07.506+0000] {processor.py:161} INFO - Started process (PID=389) to work on /home/airflow/.local/lib/python3.12/site-packages/airflow/example_dags/tutorial_dag.py
[2024-07-05T14:31:07.507+0000] {processor.py:830} INFO - Processing file /home/airflow/.local/lib/python3.12/site-packages/airflow/example_dags/tutorial_dag.py for tasks to queue
[2024-07-05T14:31:07.508+0000] {logging_mixin.py:188} INFO - [2024-07-05T14:31:07.507+0000] {dagbag.py:545} INFO - Filling up the DagBag from /home/airflow/.local/lib/python3.12/site-packages/airflow/example_dags/tutorial_dag.py
[2024-07-05T14:31:07.510+0000] {processor.py:840} INFO - DAG(s) 'tutorial_dag' retrieved from /home/airflow/.local/lib/python3.12/site-packages/airflow/example_dags/tutorial_dag.py
[2024-07-05T14:31:07.521+0000] {logging_mixin.py:188} INFO - [2024-07-05T14:31:07.521+0000] {dag.py:3096} INFO - Sync 1 DAGs
[2024-07-05T14:31:07.529+0000] {logging_mixin.py:188} INFO - [2024-07-05T14:31:07.529+0000] {dag.py:3954} INFO - Setting next_dagrun for tutorial_dag to None, run_after=None
[2024-07-05T14:31:07.537+0000] {processor.py:183} INFO - Processing /home/airflow/.local/lib/python3.12/site-packages/airflow/example_dags/tutorial_dag.py took 0.034 seconds
[2024-07-05T14:31:38.057+0000] {processor.py:161} INFO - Started process (PID=447) to work on /home/airflow/.local/lib/python3.12/site-packages/airflow/example_dags/tutorial_dag.py
[2024-07-05T14:31:38.058+0000] {processor.py:830} INFO - Processing file /home/airflow/.local/lib/python3.12/site-packages/airflow/example_dags/tutorial_dag.py for tasks to queue
[2024-07-05T14:31:38.059+0000] {logging_mixin.py:188} INFO - [2024-07-05T14:31:38.059+0000] {dagbag.py:545} INFO - Filling up the DagBag from /home/airflow/.local/lib/python3.12/site-packages/airflow/example_dags/tutorial_dag.py
[2024-07-05T14:31:38.062+0000] {processor.py:840} INFO - DAG(s) 'tutorial_dag' retrieved from /home/airflow/.local/lib/python3.12/site-packages/airflow/example_dags/tutorial_dag.py
[2024-07-05T14:31:38.071+0000] {logging_mixin.py:188} INFO - [2024-07-05T14:31:38.071+0000] {dag.py:3096} INFO - Sync 1 DAGs
[2024-07-05T14:31:38.078+0000] {logging_mixin.py:188} INFO - [2024-07-05T14:31:38.078+0000] {dag.py:3954} INFO - Setting next_dagrun for tutorial_dag to None, run_after=None
[2024-07-05T14:31:38.088+0000] {processor.py:183} INFO - Processing /home/airflow/.local/lib/python3.12/site-packages/airflow/example_dags/tutorial_dag.py took 0.034 seconds
[2024-07-05T14:32:08.750+0000] {processor.py:161} INFO - Started process (PID=505) to work on /home/airflow/.local/lib/python3.12/site-packages/airflow/example_dags/tutorial_dag.py
[2024-07-05T14:32:08.750+0000] {processor.py:830} INFO - Processing file /home/airflow/.local/lib/python3.12/site-packages/airflow/example_dags/tutorial_dag.py for tasks to queue
[2024-07-05T14:32:08.751+0000] {logging_mixin.py:188} INFO - [2024-07-05T14:32:08.751+0000] {dagbag.py:545} INFO - Filling up the DagBag from /home/airflow/.local/lib/python3.12/site-packages/airflow/example_dags/tutorial_dag.py
[2024-07-05T14:32:08.754+0000] {processor.py:840} INFO - DAG(s) 'tutorial_dag' retrieved from /home/airflow/.local/lib/python3.12/site-packages/airflow/example_dags/tutorial_dag.py
[2024-07-05T14:32:08.764+0000] {logging_mixin.py:188} INFO - [2024-07-05T14:32:08.764+0000] {dag.py:3096} INFO - Sync 1 DAGs
[2024-07-05T14:32:08.770+0000] {logging_mixin.py:188} INFO - [2024-07-05T14:32:08.769+0000] {dag.py:3954} INFO - Setting next_dagrun for tutorial_dag to None, run_after=None
[2024-07-05T14:32:08.777+0000] {processor.py:183} INFO - Processing /home/airflow/.local/lib/python3.12/site-packages/airflow/example_dags/tutorial_dag.py took 0.031 seconds
[2024-07-05T14:32:39.610+0000] {processor.py:161} INFO - Started process (PID=563) to work on /home/airflow/.local/lib/python3.12/site-packages/airflow/example_dags/tutorial_dag.py
[2024-07-05T14:32:39.610+0000] {processor.py:830} INFO - Processing file /home/airflow/.local/lib/python3.12/site-packages/airflow/example_dags/tutorial_dag.py for tasks to queue
[2024-07-05T14:32:39.612+0000] {logging_mixin.py:188} INFO - [2024-07-05T14:32:39.611+0000] {dagbag.py:545} INFO - Filling up the DagBag from /home/airflow/.local/lib/python3.12/site-packages/airflow/example_dags/tutorial_dag.py
[2024-07-05T14:32:39.615+0000] {processor.py:840} INFO - DAG(s) 'tutorial_dag' retrieved from /home/airflow/.local/lib/python3.12/site-packages/airflow/example_dags/tutorial_dag.py
[2024-07-05T14:32:39.624+0000] {logging_mixin.py:188} INFO - [2024-07-05T14:32:39.624+0000] {dag.py:3096} INFO - Sync 1 DAGs
[2024-07-05T14:32:39.631+0000] {logging_mixin.py:188} INFO - [2024-07-05T14:32:39.631+0000] {dag.py:3954} INFO - Setting next_dagrun for tutorial_dag to None, run_after=None
[2024-07-05T14:32:39.639+0000] {processor.py:183} INFO - Processing /home/airflow/.local/lib/python3.12/site-packages/airflow/example_dags/tutorial_dag.py took 0.033 seconds
[2024-07-05T14:33:09.666+0000] {processor.py:161} INFO - Started process (PID=620) to work on /home/airflow/.local/lib/python3.12/site-packages/airflow/example_dags/tutorial_dag.py
[2024-07-05T14:33:09.667+0000] {processor.py:830} INFO - Processing file /home/airflow/.local/lib/python3.12/site-packages/airflow/example_dags/tutorial_dag.py for tasks to queue
[2024-07-05T14:33:09.668+0000] {logging_mixin.py:188} INFO - [2024-07-05T14:33:09.668+0000] {dagbag.py:545} INFO - Filling up the DagBag from /home/airflow/.local/lib/python3.12/site-packages/airflow/example_dags/tutorial_dag.py
[2024-07-05T14:33:09.671+0000] {processor.py:840} INFO - DAG(s) 'tutorial_dag' retrieved from /home/airflow/.local/lib/python3.12/site-packages/airflow/example_dags/tutorial_dag.py
[2024-07-05T14:33:09.681+0000] {logging_mixin.py:188} INFO - [2024-07-05T14:33:09.680+0000] {dag.py:3096} INFO - Sync 1 DAGs
[2024-07-05T14:33:09.687+0000] {logging_mixin.py:188} INFO - [2024-07-05T14:33:09.686+0000] {dag.py:3954} INFO - Setting next_dagrun for tutorial_dag to None, run_after=None
[2024-07-05T14:33:09.695+0000] {processor.py:183} INFO - Processing /home/airflow/.local/lib/python3.12/site-packages/airflow/example_dags/tutorial_dag.py took 0.032 seconds
[2024-07-05T14:33:40.023+0000] {processor.py:161} INFO - Started process (PID=679) to work on /home/airflow/.local/lib/python3.12/site-packages/airflow/example_dags/tutorial_dag.py
[2024-07-05T14:33:40.024+0000] {processor.py:830} INFO - Processing file /home/airflow/.local/lib/python3.12/site-packages/airflow/example_dags/tutorial_dag.py for tasks to queue
[2024-07-05T14:33:40.025+0000] {logging_mixin.py:188} INFO - [2024-07-05T14:33:40.025+0000] {dagbag.py:545} INFO - Filling up the DagBag from /home/airflow/.local/lib/python3.12/site-packages/airflow/example_dags/tutorial_dag.py
[2024-07-05T14:33:40.028+0000] {processor.py:840} INFO - DAG(s) 'tutorial_dag' retrieved from /home/airflow/.local/lib/python3.12/site-packages/airflow/example_dags/tutorial_dag.py
[2024-07-05T14:33:40.040+0000] {logging_mixin.py:188} INFO - [2024-07-05T14:33:40.039+0000] {dag.py:3096} INFO - Sync 1 DAGs
[2024-07-05T14:33:40.046+0000] {logging_mixin.py:188} INFO - [2024-07-05T14:33:40.046+0000] {dag.py:3954} INFO - Setting next_dagrun for tutorial_dag to None, run_after=None
[2024-07-05T14:33:40.055+0000] {processor.py:183} INFO - Processing /home/airflow/.local/lib/python3.12/site-packages/airflow/example_dags/tutorial_dag.py took 0.034 seconds
[2024-07-05T14:34:10.682+0000] {processor.py:161} INFO - Started process (PID=737) to work on /home/airflow/.local/lib/python3.12/site-packages/airflow/example_dags/tutorial_dag.py
[2024-07-05T14:34:10.683+0000] {processor.py:830} INFO - Processing file /home/airflow/.local/lib/python3.12/site-packages/airflow/example_dags/tutorial_dag.py for tasks to queue
[2024-07-05T14:34:10.684+0000] {logging_mixin.py:188} INFO - [2024-07-05T14:34:10.684+0000] {dagbag.py:545} INFO - Filling up the DagBag from /home/airflow/.local/lib/python3.12/site-packages/airflow/example_dags/tutorial_dag.py
[2024-07-05T14:34:10.688+0000] {processor.py:840} INFO - DAG(s) 'tutorial_dag' retrieved from /home/airflow/.local/lib/python3.12/site-packages/airflow/example_dags/tutorial_dag.py
[2024-07-05T14:34:10.699+0000] {logging_mixin.py:188} INFO - [2024-07-05T14:34:10.698+0000] {dag.py:3096} INFO - Sync 1 DAGs
[2024-07-05T14:34:10.705+0000] {logging_mixin.py:188} INFO - [2024-07-05T14:34:10.705+0000] {dag.py:3954} INFO - Setting next_dagrun for tutorial_dag to None, run_after=None
[2024-07-05T14:34:10.714+0000] {processor.py:183} INFO - Processing /home/airflow/.local/lib/python3.12/site-packages/airflow/example_dags/tutorial_dag.py took 0.034 seconds
[2024-07-05T14:34:41.373+0000] {processor.py:161} INFO - Started process (PID=795) to work on /home/airflow/.local/lib/python3.12/site-packages/airflow/example_dags/tutorial_dag.py
[2024-07-05T14:34:41.373+0000] {processor.py:830} INFO - Processing file /home/airflow/.local/lib/python3.12/site-packages/airflow/example_dags/tutorial_dag.py for tasks to queue
[2024-07-05T14:34:41.375+0000] {logging_mixin.py:188} INFO - [2024-07-05T14:34:41.375+0000] {dagbag.py:545} INFO - Filling up the DagBag from /home/airflow/.local/lib/python3.12/site-packages/airflow/example_dags/tutorial_dag.py
[2024-07-05T14:34:41.377+0000] {processor.py:840} INFO - DAG(s) 'tutorial_dag' retrieved from /home/airflow/.local/lib/python3.12/site-packages/airflow/example_dags/tutorial_dag.py
[2024-07-05T14:34:41.387+0000] {logging_mixin.py:188} INFO - [2024-07-05T14:34:41.387+0000] {dag.py:3096} INFO - Sync 1 DAGs
[2024-07-05T14:34:41.393+0000] {logging_mixin.py:188} INFO - [2024-07-05T14:34:41.393+0000] {dag.py:3954} INFO - Setting next_dagrun for tutorial_dag to None, run_after=None
[2024-07-05T14:34:41.401+0000] {processor.py:183} INFO - Processing /home/airflow/.local/lib/python3.12/site-packages/airflow/example_dags/tutorial_dag.py took 0.030 seconds
[2024-07-05T14:35:11.551+0000] {processor.py:161} INFO - Started process (PID=853) to work on /home/airflow/.local/lib/python3.12/site-packages/airflow/example_dags/tutorial_dag.py
[2024-07-05T14:35:11.553+0000] {processor.py:830} INFO - Processing file /home/airflow/.local/lib/python3.12/site-packages/airflow/example_dags/tutorial_dag.py for tasks to queue
[2024-07-05T14:35:11.554+0000] {logging_mixin.py:188} INFO - [2024-07-05T14:35:11.553+0000] {dagbag.py:545} INFO - Filling up the DagBag from /home/airflow/.local/lib/python3.12/site-packages/airflow/example_dags/tutorial_dag.py
[2024-07-05T14:35:11.556+0000] {processor.py:840} INFO - DAG(s) 'tutorial_dag' retrieved from /home/airflow/.local/lib/python3.12/site-packages/airflow/example_dags/tutorial_dag.py
[2024-07-05T14:35:11.566+0000] {logging_mixin.py:188} INFO - [2024-07-05T14:35:11.566+0000] {dag.py:3096} INFO - Sync 1 DAGs
[2024-07-05T14:35:11.573+0000] {logging_mixin.py:188} INFO - [2024-07-05T14:35:11.573+0000] {dag.py:3954} INFO - Setting next_dagrun for tutorial_dag to None, run_after=None
[2024-07-05T14:35:11.581+0000] {processor.py:183} INFO - Processing /home/airflow/.local/lib/python3.12/site-packages/airflow/example_dags/tutorial_dag.py took 0.033 seconds
[2024-07-05T14:35:41.734+0000] {processor.py:161} INFO - Started process (PID=911) to work on /home/airflow/.local/lib/python3.12/site-packages/airflow/example_dags/tutorial_dag.py
[2024-07-05T14:35:41.735+0000] {processor.py:830} INFO - Processing file /home/airflow/.local/lib/python3.12/site-packages/airflow/example_dags/tutorial_dag.py for tasks to queue
[2024-07-05T14:35:41.736+0000] {logging_mixin.py:188} INFO - [2024-07-05T14:35:41.736+0000] {dagbag.py:545} INFO - Filling up the DagBag from /home/airflow/.local/lib/python3.12/site-packages/airflow/example_dags/tutorial_dag.py
[2024-07-05T14:35:41.739+0000] {processor.py:840} INFO - DAG(s) 'tutorial_dag' retrieved from /home/airflow/.local/lib/python3.12/site-packages/airflow/example_dags/tutorial_dag.py
[2024-07-05T14:35:41.749+0000] {logging_mixin.py:188} INFO - [2024-07-05T14:35:41.749+0000] {dag.py:3096} INFO - Sync 1 DAGs
[2024-07-05T14:35:41.755+0000] {logging_mixin.py:188} INFO - [2024-07-05T14:35:41.755+0000] {dag.py:3954} INFO - Setting next_dagrun for tutorial_dag to None, run_after=None
[2024-07-05T14:35:41.763+0000] {processor.py:183} INFO - Processing /home/airflow/.local/lib/python3.12/site-packages/airflow/example_dags/tutorial_dag.py took 0.031 seconds
[2024-07-05T14:36:11.837+0000] {processor.py:161} INFO - Started process (PID=969) to work on /home/airflow/.local/lib/python3.12/site-packages/airflow/example_dags/tutorial_dag.py
[2024-07-05T14:36:11.838+0000] {processor.py:830} INFO - Processing file /home/airflow/.local/lib/python3.12/site-packages/airflow/example_dags/tutorial_dag.py for tasks to queue
[2024-07-05T14:36:11.839+0000] {logging_mixin.py:188} INFO - [2024-07-05T14:36:11.838+0000] {dagbag.py:545} INFO - Filling up the DagBag from /home/airflow/.local/lib/python3.12/site-packages/airflow/example_dags/tutorial_dag.py
[2024-07-05T14:36:11.841+0000] {processor.py:840} INFO - DAG(s) 'tutorial_dag' retrieved from /home/airflow/.local/lib/python3.12/site-packages/airflow/example_dags/tutorial_dag.py
[2024-07-05T14:36:11.851+0000] {logging_mixin.py:188} INFO - [2024-07-05T14:36:11.851+0000] {dag.py:3096} INFO - Sync 1 DAGs
[2024-07-05T14:36:11.857+0000] {logging_mixin.py:188} INFO - [2024-07-05T14:36:11.857+0000] {dag.py:3954} INFO - Setting next_dagrun for tutorial_dag to None, run_after=None
[2024-07-05T14:36:11.866+0000] {processor.py:183} INFO - Processing /home/airflow/.local/lib/python3.12/site-packages/airflow/example_dags/tutorial_dag.py took 0.032 seconds
[2024-07-05T14:36:42.383+0000] {processor.py:161} INFO - Started process (PID=1027) to work on /home/airflow/.local/lib/python3.12/site-packages/airflow/example_dags/tutorial_dag.py
[2024-07-05T14:36:42.383+0000] {processor.py:830} INFO - Processing file /home/airflow/.local/lib/python3.12/site-packages/airflow/example_dags/tutorial_dag.py for tasks to queue
[2024-07-05T14:36:42.384+0000] {logging_mixin.py:188} INFO - [2024-07-05T14:36:42.384+0000] {dagbag.py:545} INFO - Filling up the DagBag from /home/airflow/.local/lib/python3.12/site-packages/airflow/example_dags/tutorial_dag.py
[2024-07-05T14:36:42.387+0000] {processor.py:840} INFO - DAG(s) 'tutorial_dag' retrieved from /home/airflow/.local/lib/python3.12/site-packages/airflow/example_dags/tutorial_dag.py
[2024-07-05T14:36:42.396+0000] {logging_mixin.py:188} INFO - [2024-07-05T14:36:42.396+0000] {dag.py:3096} INFO - Sync 1 DAGs
[2024-07-05T14:36:42.402+0000] {logging_mixin.py:188} INFO - [2024-07-05T14:36:42.402+0000] {dag.py:3954} INFO - Setting next_dagrun for tutorial_dag to None, run_after=None
[2024-07-05T14:36:42.410+0000] {processor.py:183} INFO - Processing /home/airflow/.local/lib/python3.12/site-packages/airflow/example_dags/tutorial_dag.py took 0.030 seconds
[2024-07-05T14:37:12.948+0000] {processor.py:161} INFO - Started process (PID=1085) to work on /home/airflow/.local/lib/python3.12/site-packages/airflow/example_dags/tutorial_dag.py
[2024-07-05T14:37:12.949+0000] {processor.py:830} INFO - Processing file /home/airflow/.local/lib/python3.12/site-packages/airflow/example_dags/tutorial_dag.py for tasks to queue
[2024-07-05T14:37:12.950+0000] {logging_mixin.py:188} INFO - [2024-07-05T14:37:12.950+0000] {dagbag.py:545} INFO - Filling up the DagBag from /home/airflow/.local/lib/python3.12/site-packages/airflow/example_dags/tutorial_dag.py
[2024-07-05T14:37:12.952+0000] {processor.py:840} INFO - DAG(s) 'tutorial_dag' retrieved from /home/airflow/.local/lib/python3.12/site-packages/airflow/example_dags/tutorial_dag.py
[2024-07-05T14:37:12.962+0000] {logging_mixin.py:188} INFO - [2024-07-05T14:37:12.961+0000] {dag.py:3096} INFO - Sync 1 DAGs
[2024-07-05T14:37:12.967+0000] {logging_mixin.py:188} INFO - [2024-07-05T14:37:12.967+0000] {dag.py:3954} INFO - Setting next_dagrun for tutorial_dag to None, run_after=None
[2024-07-05T14:37:12.975+0000] {processor.py:183} INFO - Processing /home/airflow/.local/lib/python3.12/site-packages/airflow/example_dags/tutorial_dag.py took 0.030 seconds
[2024-07-05T14:37:43.614+0000] {processor.py:161} INFO - Started process (PID=1143) to work on /home/airflow/.local/lib/python3.12/site-packages/airflow/example_dags/tutorial_dag.py
[2024-07-05T14:37:43.614+0000] {processor.py:830} INFO - Processing file /home/airflow/.local/lib/python3.12/site-packages/airflow/example_dags/tutorial_dag.py for tasks to queue
[2024-07-05T14:37:43.615+0000] {logging_mixin.py:188} INFO - [2024-07-05T14:37:43.615+0000] {dagbag.py:545} INFO - Filling up the DagBag from /home/airflow/.local/lib/python3.12/site-packages/airflow/example_dags/tutorial_dag.py
[2024-07-05T14:37:43.618+0000] {processor.py:840} INFO - DAG(s) 'tutorial_dag' retrieved from /home/airflow/.local/lib/python3.12/site-packages/airflow/example_dags/tutorial_dag.py
[2024-07-05T14:37:43.627+0000] {logging_mixin.py:188} INFO - [2024-07-05T14:37:43.627+0000] {dag.py:3096} INFO - Sync 1 DAGs
[2024-07-05T14:37:43.632+0000] {logging_mixin.py:188} INFO - [2024-07-05T14:37:43.632+0000] {dag.py:3954} INFO - Setting next_dagrun for tutorial_dag to None, run_after=None
[2024-07-05T14:37:43.640+0000] {processor.py:183} INFO - Processing /home/airflow/.local/lib/python3.12/site-packages/airflow/example_dags/tutorial_dag.py took 0.029 seconds
[2024-07-05T14:38:14.316+0000] {processor.py:161} INFO - Started process (PID=1201) to work on /home/airflow/.local/lib/python3.12/site-packages/airflow/example_dags/tutorial_dag.py
[2024-07-05T14:38:14.316+0000] {processor.py:830} INFO - Processing file /home/airflow/.local/lib/python3.12/site-packages/airflow/example_dags/tutorial_dag.py for tasks to queue
[2024-07-05T14:38:14.317+0000] {logging_mixin.py:188} INFO - [2024-07-05T14:38:14.317+0000] {dagbag.py:545} INFO - Filling up the DagBag from /home/airflow/.local/lib/python3.12/site-packages/airflow/example_dags/tutorial_dag.py
[2024-07-05T14:38:14.320+0000] {processor.py:840} INFO - DAG(s) 'tutorial_dag' retrieved from /home/airflow/.local/lib/python3.12/site-packages/airflow/example_dags/tutorial_dag.py
[2024-07-05T14:38:14.331+0000] {logging_mixin.py:188} INFO - [2024-07-05T14:38:14.331+0000] {dag.py:3096} INFO - Sync 1 DAGs
[2024-07-05T14:38:14.337+0000] {logging_mixin.py:188} INFO - [2024-07-05T14:38:14.337+0000] {dag.py:3954} INFO - Setting next_dagrun for tutorial_dag to None, run_after=None
[2024-07-05T14:38:14.346+0000] {processor.py:183} INFO - Processing /home/airflow/.local/lib/python3.12/site-packages/airflow/example_dags/tutorial_dag.py took 0.033 seconds
[2024-07-05T14:38:44.929+0000] {processor.py:161} INFO - Started process (PID=1259) to work on /home/airflow/.local/lib/python3.12/site-packages/airflow/example_dags/tutorial_dag.py
[2024-07-05T14:38:44.929+0000] {processor.py:830} INFO - Processing file /home/airflow/.local/lib/python3.12/site-packages/airflow/example_dags/tutorial_dag.py for tasks to queue
[2024-07-05T14:38:44.930+0000] {logging_mixin.py:188} INFO - [2024-07-05T14:38:44.930+0000] {dagbag.py:545} INFO - Filling up the DagBag from /home/airflow/.local/lib/python3.12/site-packages/airflow/example_dags/tutorial_dag.py
[2024-07-05T14:38:44.933+0000] {processor.py:840} INFO - DAG(s) 'tutorial_dag' retrieved from /home/airflow/.local/lib/python3.12/site-packages/airflow/example_dags/tutorial_dag.py
[2024-07-05T14:38:44.942+0000] {logging_mixin.py:188} INFO - [2024-07-05T14:38:44.942+0000] {dag.py:3096} INFO - Sync 1 DAGs
[2024-07-05T14:38:44.947+0000] {logging_mixin.py:188} INFO - [2024-07-05T14:38:44.947+0000] {dag.py:3954} INFO - Setting next_dagrun for tutorial_dag to None, run_after=None
[2024-07-05T14:38:44.955+0000] {processor.py:183} INFO - Processing /home/airflow/.local/lib/python3.12/site-packages/airflow/example_dags/tutorial_dag.py took 0.028 seconds
[2024-07-05T14:39:15.498+0000] {processor.py:161} INFO - Started process (PID=1317) to work on /home/airflow/.local/lib/python3.12/site-packages/airflow/example_dags/tutorial_dag.py
[2024-07-05T14:39:15.498+0000] {processor.py:830} INFO - Processing file /home/airflow/.local/lib/python3.12/site-packages/airflow/example_dags/tutorial_dag.py for tasks to queue
[2024-07-05T14:39:15.499+0000] {logging_mixin.py:188} INFO - [2024-07-05T14:39:15.499+0000] {dagbag.py:545} INFO - Filling up the DagBag from /home/airflow/.local/lib/python3.12/site-packages/airflow/example_dags/tutorial_dag.py
[2024-07-05T14:39:15.502+0000] {processor.py:840} INFO - DAG(s) 'tutorial_dag' retrieved from /home/airflow/.local/lib/python3.12/site-packages/airflow/example_dags/tutorial_dag.py
[2024-07-05T14:39:15.512+0000] {logging_mixin.py:188} INFO - [2024-07-05T14:39:15.511+0000] {dag.py:3096} INFO - Sync 1 DAGs
[2024-07-05T14:39:15.518+0000] {logging_mixin.py:188} INFO - [2024-07-05T14:39:15.518+0000] {dag.py:3954} INFO - Setting next_dagrun for tutorial_dag to None, run_after=None
[2024-07-05T14:39:15.526+0000] {processor.py:183} INFO - Processing /home/airflow/.local/lib/python3.12/site-packages/airflow/example_dags/tutorial_dag.py took 0.031 seconds
[2024-07-05T14:39:46.123+0000] {processor.py:161} INFO - Started process (PID=1375) to work on /home/airflow/.local/lib/python3.12/site-packages/airflow/example_dags/tutorial_dag.py
[2024-07-05T14:39:46.124+0000] {processor.py:830} INFO - Processing file /home/airflow/.local/lib/python3.12/site-packages/airflow/example_dags/tutorial_dag.py for tasks to queue
[2024-07-05T14:39:46.125+0000] {logging_mixin.py:188} INFO - [2024-07-05T14:39:46.125+0000] {dagbag.py:545} INFO - Filling up the DagBag from /home/airflow/.local/lib/python3.12/site-packages/airflow/example_dags/tutorial_dag.py
[2024-07-05T14:39:46.128+0000] {processor.py:840} INFO - DAG(s) 'tutorial_dag' retrieved from /home/airflow/.local/lib/python3.12/site-packages/airflow/example_dags/tutorial_dag.py
[2024-07-05T14:39:46.137+0000] {logging_mixin.py:188} INFO - [2024-07-05T14:39:46.137+0000] {dag.py:3096} INFO - Sync 1 DAGs
[2024-07-05T14:39:46.143+0000] {logging_mixin.py:188} INFO - [2024-07-05T14:39:46.143+0000] {dag.py:3954} INFO - Setting next_dagrun for tutorial_dag to None, run_after=None
[2024-07-05T14:39:46.151+0000] {processor.py:183} INFO - Processing /home/airflow/.local/lib/python3.12/site-packages/airflow/example_dags/tutorial_dag.py took 0.030 seconds
[2024-07-05T14:40:16.922+0000] {processor.py:161} INFO - Started process (PID=1433) to work on /home/airflow/.local/lib/python3.12/site-packages/airflow/example_dags/tutorial_dag.py
[2024-07-05T14:40:16.923+0000] {processor.py:830} INFO - Processing file /home/airflow/.local/lib/python3.12/site-packages/airflow/example_dags/tutorial_dag.py for tasks to queue
[2024-07-05T14:40:16.924+0000] {logging_mixin.py:188} INFO - [2024-07-05T14:40:16.924+0000] {dagbag.py:545} INFO - Filling up the DagBag from /home/airflow/.local/lib/python3.12/site-packages/airflow/example_dags/tutorial_dag.py
[2024-07-05T14:40:16.927+0000] {processor.py:840} INFO - DAG(s) 'tutorial_dag' retrieved from /home/airflow/.local/lib/python3.12/site-packages/airflow/example_dags/tutorial_dag.py
[2024-07-05T14:40:16.939+0000] {logging_mixin.py:188} INFO - [2024-07-05T14:40:16.939+0000] {dag.py:3096} INFO - Sync 1 DAGs
[2024-07-05T14:40:16.947+0000] {logging_mixin.py:188} INFO - [2024-07-05T14:40:16.947+0000] {dag.py:3954} INFO - Setting next_dagrun for tutorial_dag to None, run_after=None
[2024-07-05T14:40:16.956+0000] {processor.py:183} INFO - Processing /home/airflow/.local/lib/python3.12/site-packages/airflow/example_dags/tutorial_dag.py took 0.037 seconds
[2024-07-05T14:40:47.702+0000] {processor.py:161} INFO - Started process (PID=1490) to work on /home/airflow/.local/lib/python3.12/site-packages/airflow/example_dags/tutorial_dag.py
[2024-07-05T14:40:47.702+0000] {processor.py:830} INFO - Processing file /home/airflow/.local/lib/python3.12/site-packages/airflow/example_dags/tutorial_dag.py for tasks to queue
[2024-07-05T14:40:47.703+0000] {logging_mixin.py:188} INFO - [2024-07-05T14:40:47.703+0000] {dagbag.py:545} INFO - Filling up the DagBag from /home/airflow/.local/lib/python3.12/site-packages/airflow/example_dags/tutorial_dag.py
[2024-07-05T14:40:47.706+0000] {processor.py:840} INFO - DAG(s) 'tutorial_dag' retrieved from /home/airflow/.local/lib/python3.12/site-packages/airflow/example_dags/tutorial_dag.py
[2024-07-05T14:40:47.716+0000] {logging_mixin.py:188} INFO - [2024-07-05T14:40:47.716+0000] {dag.py:3096} INFO - Sync 1 DAGs
[2024-07-05T14:40:47.722+0000] {logging_mixin.py:188} INFO - [2024-07-05T14:40:47.721+0000] {dag.py:3954} INFO - Setting next_dagrun for tutorial_dag to None, run_after=None
[2024-07-05T14:40:47.731+0000] {processor.py:183} INFO - Processing /home/airflow/.local/lib/python3.12/site-packages/airflow/example_dags/tutorial_dag.py took 0.032 seconds
[2024-07-05T14:41:18.446+0000] {processor.py:161} INFO - Started process (PID=1548) to work on /home/airflow/.local/lib/python3.12/site-packages/airflow/example_dags/tutorial_dag.py
[2024-07-05T14:41:18.447+0000] {processor.py:830} INFO - Processing file /home/airflow/.local/lib/python3.12/site-packages/airflow/example_dags/tutorial_dag.py for tasks to queue
[2024-07-05T14:41:18.447+0000] {logging_mixin.py:188} INFO - [2024-07-05T14:41:18.447+0000] {dagbag.py:545} INFO - Filling up the DagBag from /home/airflow/.local/lib/python3.12/site-packages/airflow/example_dags/tutorial_dag.py
[2024-07-05T14:41:18.451+0000] {processor.py:840} INFO - DAG(s) 'tutorial_dag' retrieved from /home/airflow/.local/lib/python3.12/site-packages/airflow/example_dags/tutorial_dag.py
[2024-07-05T14:41:18.461+0000] {logging_mixin.py:188} INFO - [2024-07-05T14:41:18.461+0000] {dag.py:3096} INFO - Sync 1 DAGs
[2024-07-05T14:41:18.468+0000] {logging_mixin.py:188} INFO - [2024-07-05T14:41:18.468+0000] {dag.py:3954} INFO - Setting next_dagrun for tutorial_dag to None, run_after=None
[2024-07-05T14:41:18.477+0000] {processor.py:183} INFO - Processing /home/airflow/.local/lib/python3.12/site-packages/airflow/example_dags/tutorial_dag.py took 0.034 seconds
[2024-07-05T14:41:48.505+0000] {processor.py:161} INFO - Started process (PID=1606) to work on /home/airflow/.local/lib/python3.12/site-packages/airflow/example_dags/tutorial_dag.py
[2024-07-05T14:41:48.506+0000] {processor.py:830} INFO - Processing file /home/airflow/.local/lib/python3.12/site-packages/airflow/example_dags/tutorial_dag.py for tasks to queue
[2024-07-05T14:41:48.507+0000] {logging_mixin.py:188} INFO - [2024-07-05T14:41:48.507+0000] {dagbag.py:545} INFO - Filling up the DagBag from /home/airflow/.local/lib/python3.12/site-packages/airflow/example_dags/tutorial_dag.py
[2024-07-05T14:41:48.509+0000] {processor.py:840} INFO - DAG(s) 'tutorial_dag' retrieved from /home/airflow/.local/lib/python3.12/site-packages/airflow/example_dags/tutorial_dag.py
[2024-07-05T14:41:48.518+0000] {logging_mixin.py:188} INFO - [2024-07-05T14:41:48.518+0000] {dag.py:3096} INFO - Sync 1 DAGs
[2024-07-05T14:41:48.524+0000] {logging_mixin.py:188} INFO - [2024-07-05T14:41:48.524+0000] {dag.py:3954} INFO - Setting next_dagrun for tutorial_dag to None, run_after=None
[2024-07-05T14:41:48.532+0000] {processor.py:183} INFO - Processing /home/airflow/.local/lib/python3.12/site-packages/airflow/example_dags/tutorial_dag.py took 0.030 seconds
[2024-07-05T14:42:18.853+0000] {processor.py:161} INFO - Started process (PID=1664) to work on /home/airflow/.local/lib/python3.12/site-packages/airflow/example_dags/tutorial_dag.py
[2024-07-05T14:42:18.854+0000] {processor.py:830} INFO - Processing file /home/airflow/.local/lib/python3.12/site-packages/airflow/example_dags/tutorial_dag.py for tasks to queue
[2024-07-05T14:42:18.855+0000] {logging_mixin.py:188} INFO - [2024-07-05T14:42:18.855+0000] {dagbag.py:545} INFO - Filling up the DagBag from /home/airflow/.local/lib/python3.12/site-packages/airflow/example_dags/tutorial_dag.py
[2024-07-05T14:42:18.858+0000] {processor.py:840} INFO - DAG(s) 'tutorial_dag' retrieved from /home/airflow/.local/lib/python3.12/site-packages/airflow/example_dags/tutorial_dag.py
[2024-07-05T14:42:18.870+0000] {logging_mixin.py:188} INFO - [2024-07-05T14:42:18.869+0000] {dag.py:3096} INFO - Sync 1 DAGs
[2024-07-05T14:42:18.876+0000] {logging_mixin.py:188} INFO - [2024-07-05T14:42:18.876+0000] {dag.py:3954} INFO - Setting next_dagrun for tutorial_dag to None, run_after=None
[2024-07-05T14:42:18.885+0000] {processor.py:183} INFO - Processing /home/airflow/.local/lib/python3.12/site-packages/airflow/example_dags/tutorial_dag.py took 0.035 seconds
[2024-07-05T14:42:48.987+0000] {processor.py:161} INFO - Started process (PID=1721) to work on /home/airflow/.local/lib/python3.12/site-packages/airflow/example_dags/tutorial_dag.py
[2024-07-05T14:42:48.988+0000] {processor.py:830} INFO - Processing file /home/airflow/.local/lib/python3.12/site-packages/airflow/example_dags/tutorial_dag.py for tasks to queue
[2024-07-05T14:42:48.989+0000] {logging_mixin.py:188} INFO - [2024-07-05T14:42:48.989+0000] {dagbag.py:545} INFO - Filling up the DagBag from /home/airflow/.local/lib/python3.12/site-packages/airflow/example_dags/tutorial_dag.py
[2024-07-05T14:42:48.992+0000] {processor.py:840} INFO - DAG(s) 'tutorial_dag' retrieved from /home/airflow/.local/lib/python3.12/site-packages/airflow/example_dags/tutorial_dag.py
[2024-07-05T14:42:49.001+0000] {logging_mixin.py:188} INFO - [2024-07-05T14:42:49.001+0000] {dag.py:3096} INFO - Sync 1 DAGs
[2024-07-05T14:42:49.006+0000] {logging_mixin.py:188} INFO - [2024-07-05T14:42:49.006+0000] {dag.py:3954} INFO - Setting next_dagrun for tutorial_dag to None, run_after=None
[2024-07-05T14:42:49.014+0000] {processor.py:183} INFO - Processing /home/airflow/.local/lib/python3.12/site-packages/airflow/example_dags/tutorial_dag.py took 0.030 seconds
[2024-07-05T14:43:19.344+0000] {processor.py:161} INFO - Started process (PID=1779) to work on /home/airflow/.local/lib/python3.12/site-packages/airflow/example_dags/tutorial_dag.py
[2024-07-05T14:43:19.344+0000] {processor.py:830} INFO - Processing file /home/airflow/.local/lib/python3.12/site-packages/airflow/example_dags/tutorial_dag.py for tasks to queue
[2024-07-05T14:43:19.345+0000] {logging_mixin.py:188} INFO - [2024-07-05T14:43:19.345+0000] {dagbag.py:545} INFO - Filling up the DagBag from /home/airflow/.local/lib/python3.12/site-packages/airflow/example_dags/tutorial_dag.py
[2024-07-05T14:43:19.348+0000] {processor.py:840} INFO - DAG(s) 'tutorial_dag' retrieved from /home/airflow/.local/lib/python3.12/site-packages/airflow/example_dags/tutorial_dag.py
[2024-07-05T14:43:19.358+0000] {logging_mixin.py:188} INFO - [2024-07-05T14:43:19.358+0000] {dag.py:3096} INFO - Sync 1 DAGs
[2024-07-05T14:43:19.364+0000] {logging_mixin.py:188} INFO - [2024-07-05T14:43:19.364+0000] {dag.py:3954} INFO - Setting next_dagrun for tutorial_dag to None, run_after=None
[2024-07-05T14:43:19.373+0000] {processor.py:183} INFO - Processing /home/airflow/.local/lib/python3.12/site-packages/airflow/example_dags/tutorial_dag.py took 0.032 seconds
[2024-07-05T14:43:50.021+0000] {processor.py:161} INFO - Started process (PID=1837) to work on /home/airflow/.local/lib/python3.12/site-packages/airflow/example_dags/tutorial_dag.py
[2024-07-05T14:43:50.023+0000] {processor.py:830} INFO - Processing file /home/airflow/.local/lib/python3.12/site-packages/airflow/example_dags/tutorial_dag.py for tasks to queue
[2024-07-05T14:43:50.024+0000] {logging_mixin.py:188} INFO - [2024-07-05T14:43:50.024+0000] {dagbag.py:545} INFO - Filling up the DagBag from /home/airflow/.local/lib/python3.12/site-packages/airflow/example_dags/tutorial_dag.py
[2024-07-05T14:43:50.026+0000] {processor.py:840} INFO - DAG(s) 'tutorial_dag' retrieved from /home/airflow/.local/lib/python3.12/site-packages/airflow/example_dags/tutorial_dag.py
[2024-07-05T14:43:50.035+0000] {logging_mixin.py:188} INFO - [2024-07-05T14:43:50.035+0000] {dag.py:3096} INFO - Sync 1 DAGs
[2024-07-05T14:43:50.041+0000] {logging_mixin.py:188} INFO - [2024-07-05T14:43:50.040+0000] {dag.py:3954} INFO - Setting next_dagrun for tutorial_dag to None, run_after=None
[2024-07-05T14:43:50.048+0000] {processor.py:183} INFO - Processing /home/airflow/.local/lib/python3.12/site-packages/airflow/example_dags/tutorial_dag.py took 0.030 seconds
[2024-07-05T14:44:20.921+0000] {processor.py:161} INFO - Started process (PID=1894) to work on /home/airflow/.local/lib/python3.12/site-packages/airflow/example_dags/tutorial_dag.py
[2024-07-05T14:44:20.922+0000] {processor.py:830} INFO - Processing file /home/airflow/.local/lib/python3.12/site-packages/airflow/example_dags/tutorial_dag.py for tasks to queue
[2024-07-05T14:44:20.923+0000] {logging_mixin.py:188} INFO - [2024-07-05T14:44:20.923+0000] {dagbag.py:545} INFO - Filling up the DagBag from /home/airflow/.local/lib/python3.12/site-packages/airflow/example_dags/tutorial_dag.py
[2024-07-05T14:44:20.925+0000] {processor.py:840} INFO - DAG(s) 'tutorial_dag' retrieved from /home/airflow/.local/lib/python3.12/site-packages/airflow/example_dags/tutorial_dag.py
[2024-07-05T14:44:20.934+0000] {logging_mixin.py:188} INFO - [2024-07-05T14:44:20.934+0000] {dag.py:3096} INFO - Sync 1 DAGs
[2024-07-05T14:44:20.940+0000] {logging_mixin.py:188} INFO - [2024-07-05T14:44:20.940+0000] {dag.py:3954} INFO - Setting next_dagrun for tutorial_dag to None, run_after=None
[2024-07-05T14:44:20.948+0000] {processor.py:183} INFO - Processing /home/airflow/.local/lib/python3.12/site-packages/airflow/example_dags/tutorial_dag.py took 0.030 seconds
[2024-07-05T14:44:58.357+0000] {processor.py:161} INFO - Started process (PID=1958) to work on /home/airflow/.local/lib/python3.12/site-packages/airflow/example_dags/tutorial_dag.py
[2024-07-05T14:44:58.361+0000] {processor.py:830} INFO - Processing file /home/airflow/.local/lib/python3.12/site-packages/airflow/example_dags/tutorial_dag.py for tasks to queue
[2024-07-05T14:44:58.369+0000] {logging_mixin.py:188} INFO - [2024-07-05T14:44:58.368+0000] {dagbag.py:545} INFO - Filling up the DagBag from /home/airflow/.local/lib/python3.12/site-packages/airflow/example_dags/tutorial_dag.py
[2024-07-05T14:44:58.390+0000] {processor.py:840} INFO - DAG(s) 'tutorial_dag' retrieved from /home/airflow/.local/lib/python3.12/site-packages/airflow/example_dags/tutorial_dag.py
[2024-07-05T14:44:58.468+0000] {logging_mixin.py:188} INFO - [2024-07-05T14:44:58.467+0000] {dag.py:3096} INFO - Sync 1 DAGs
[2024-07-05T14:44:58.509+0000] {logging_mixin.py:188} INFO - [2024-07-05T14:44:58.508+0000] {dag.py:3954} INFO - Setting next_dagrun for tutorial_dag to None, run_after=None
[2024-07-05T14:44:58.580+0000] {processor.py:183} INFO - Processing /home/airflow/.local/lib/python3.12/site-packages/airflow/example_dags/tutorial_dag.py took 0.244 seconds
