[2024-07-19T12:42:34.569+0000] {local_task_job_runner.py:120} INFO - ::group::Pre task execution logs
[2024-07-19T12:42:34.673+0000] {taskinstance.py:2076} INFO - Dependencies all met for dep_context=non-requeueable deps ti=<TaskInstance: example_dag.print_hello scheduled__2024-07-04T00:00:00+00:00 [queued]>
[2024-07-19T12:42:34.727+0000] {taskinstance.py:2076} INFO - Dependencies all met for dep_context=requeueable deps ti=<TaskInstance: example_dag.print_hello scheduled__2024-07-04T00:00:00+00:00 [queued]>
[2024-07-19T12:42:34.734+0000] {taskinstance.py:2306} INFO - Starting attempt 1 of 2
[2024-07-19T12:42:34.799+0000] {taskinstance.py:2330} INFO - Executing <Task(PythonOperator): print_hello> on 2024-07-04 00:00:00+00:00
[2024-07-19T12:42:34.835+0000] {warnings.py:112} WARNING - /home/***/.local/lib/python3.12/site-packages/***/task/task_runner/standard_task_runner.py:62: DeprecationWarning: This process (pid=1165) is multi-threaded, use of fork() may lead to deadlocks in the child.
  pid = os.fork()

[2024-07-19T12:42:34.846+0000] {standard_task_runner.py:64} INFO - Started process 1171 to run task
[2024-07-19T12:42:34.857+0000] {standard_task_runner.py:90} INFO - Running: ['***', 'tasks', 'run', 'example_dag', 'print_hello', 'scheduled__2024-07-04T00:00:00+00:00', '--job-id', '413', '--raw', '--subdir', 'DAGS_FOLDER/hello_dag.py', '--cfg-path', '/tmp/tmp_tw93rpg']
[2024-07-19T12:42:34.862+0000] {standard_task_runner.py:91} INFO - Job 413: Subtask print_hello
[2024-07-19T12:42:35.062+0000] {task_command.py:426} INFO - Running <TaskInstance: example_dag.print_hello scheduled__2024-07-04T00:00:00+00:00 [running]> on host 6e10856c4017
[2024-07-19T12:42:35.339+0000] {taskinstance.py:2648} INFO - Exporting env vars: AIRFLOW_CTX_DAG_OWNER='***' AIRFLOW_CTX_DAG_ID='example_dag' AIRFLOW_CTX_TASK_ID='print_hello' AIRFLOW_CTX_EXECUTION_DATE='2024-07-04T00:00:00+00:00' AIRFLOW_CTX_TRY_NUMBER='1' AIRFLOW_CTX_DAG_RUN_ID='scheduled__2024-07-04T00:00:00+00:00'
[2024-07-19T12:42:35.342+0000] {taskinstance.py:430} INFO - ::endgroup::
[2024-07-19T12:42:35.376+0000] {logging_mixin.py:188} INFO - Hello, World!
[2024-07-19T12:42:35.410+0000] {python.py:237} INFO - Done. Returned value was: None
[2024-07-19T12:42:35.426+0000] {taskinstance.py:441} INFO - ::group::Post task execution logs
[2024-07-19T12:42:35.508+0000] {taskinstance.py:1206} INFO - Marking task as SUCCESS. dag_id=example_dag, task_id=print_hello, run_id=scheduled__2024-07-04T00:00:00+00:00, execution_date=20240704T000000, start_date=20240719T124234, end_date=20240719T124235
[2024-07-19T12:42:35.621+0000] {local_task_job_runner.py:243} INFO - Task exited with return code 0
[2024-07-19T12:42:35.746+0000] {taskinstance.py:3503} INFO - 0 downstream tasks scheduled from follow-on schedule check
[2024-07-19T12:42:35.767+0000] {local_task_job_runner.py:222} INFO - ::endgroup::
