[2024-07-20T00:52:14.144+0000] {processor.py:161} INFO - Started process (PID=2190) to work on /opt/airflow/dags/hello_dag.py
[2024-07-20T00:52:14.149+0000] {processor.py:830} INFO - Processing file /opt/airflow/dags/hello_dag.py for tasks to queue
[2024-07-20T00:52:14.153+0000] {logging_mixin.py:188} INFO - [2024-07-20T00:52:14.151+0000] {dagbag.py:545} INFO - Filling up the DagBag from /opt/airflow/dags/hello_dag.py
[2024-07-20T00:52:14.185+0000] {processor.py:840} INFO - DAG(s) 'example_dag' retrieved from /opt/airflow/dags/hello_dag.py
[2024-07-20T00:52:14.231+0000] {logging_mixin.py:188} INFO - [2024-07-20T00:52:14.231+0000] {dag.py:3089} INFO - Sync 1 DAGs
[2024-07-20T00:52:14.469+0000] {logging_mixin.py:188} INFO - [2024-07-20T00:52:14.469+0000] {dag.py:3947} INFO - Setting next_dagrun for example_dag to 2024-07-20 00:00:00+00:00, run_after=2024-07-21 00:00:00+00:00
[2024-07-20T00:52:14.480+0000] {processor.py:183} INFO - Processing /opt/airflow/dags/hello_dag.py took 0.346 seconds
[2024-07-20T01:54:35.003+0000] {processor.py:161} INFO - Started process (PID=2219) to work on /opt/airflow/dags/hello_dag.py
[2024-07-20T01:54:35.005+0000] {processor.py:830} INFO - Processing file /opt/airflow/dags/hello_dag.py for tasks to queue
[2024-07-20T01:54:35.006+0000] {logging_mixin.py:188} INFO - [2024-07-20T01:54:35.006+0000] {dagbag.py:545} INFO - Filling up the DagBag from /opt/airflow/dags/hello_dag.py
[2024-07-20T01:54:35.043+0000] {processor.py:840} INFO - DAG(s) 'example_dag' retrieved from /opt/airflow/dags/hello_dag.py
[2024-07-20T01:54:35.095+0000] {logging_mixin.py:188} INFO - [2024-07-20T01:54:35.095+0000] {dag.py:3089} INFO - Sync 1 DAGs
[2024-07-20T01:54:35.128+0000] {logging_mixin.py:188} INFO - [2024-07-20T01:54:35.128+0000] {dag.py:3947} INFO - Setting next_dagrun for example_dag to 2024-07-20 00:00:00+00:00, run_after=2024-07-21 00:00:00+00:00
[2024-07-20T01:54:35.149+0000] {processor.py:183} INFO - Processing /opt/airflow/dags/hello_dag.py took 0.170 seconds
[2024-07-20T02:47:19.171+0000] {processor.py:161} INFO - Started process (PID=2244) to work on /opt/airflow/dags/hello_dag.py
[2024-07-20T02:47:19.172+0000] {processor.py:830} INFO - Processing file /opt/airflow/dags/hello_dag.py for tasks to queue
[2024-07-20T02:47:19.174+0000] {logging_mixin.py:188} INFO - [2024-07-20T02:47:19.174+0000] {dagbag.py:545} INFO - Filling up the DagBag from /opt/airflow/dags/hello_dag.py
[2024-07-20T02:47:19.205+0000] {processor.py:840} INFO - DAG(s) 'example_dag' retrieved from /opt/airflow/dags/hello_dag.py
[2024-07-20T02:47:19.250+0000] {logging_mixin.py:188} INFO - [2024-07-20T02:47:19.249+0000] {dag.py:3089} INFO - Sync 1 DAGs
[2024-07-20T02:47:19.273+0000] {logging_mixin.py:188} INFO - [2024-07-20T02:47:19.273+0000] {dag.py:3947} INFO - Setting next_dagrun for example_dag to 2024-07-20 00:00:00+00:00, run_after=2024-07-21 00:00:00+00:00
[2024-07-20T02:47:19.302+0000] {processor.py:183} INFO - Processing /opt/airflow/dags/hello_dag.py took 0.140 seconds
[2024-07-20T03:11:52.807+0000] {processor.py:161} INFO - Started process (PID=2269) to work on /opt/airflow/dags/hello_dag.py
[2024-07-20T03:11:52.811+0000] {processor.py:830} INFO - Processing file /opt/airflow/dags/hello_dag.py for tasks to queue
[2024-07-20T03:11:52.814+0000] {logging_mixin.py:188} INFO - [2024-07-20T03:11:52.813+0000] {dagbag.py:545} INFO - Filling up the DagBag from /opt/airflow/dags/hello_dag.py
[2024-07-20T03:11:52.839+0000] {processor.py:840} INFO - DAG(s) 'example_dag' retrieved from /opt/airflow/dags/hello_dag.py
[2024-07-20T03:11:52.904+0000] {logging_mixin.py:188} INFO - [2024-07-20T03:11:52.904+0000] {dag.py:3089} INFO - Sync 1 DAGs
[2024-07-20T03:11:53.201+0000] {logging_mixin.py:188} INFO - [2024-07-20T03:11:53.201+0000] {dag.py:3947} INFO - Setting next_dagrun for example_dag to 2024-07-20 00:00:00+00:00, run_after=2024-07-21 00:00:00+00:00
[2024-07-20T03:11:53.219+0000] {processor.py:183} INFO - Processing /opt/airflow/dags/hello_dag.py took 0.427 seconds
[2024-07-20T04:17:48.788+0000] {processor.py:161} INFO - Started process (PID=2294) to work on /opt/airflow/dags/hello_dag.py
[2024-07-20T04:17:48.791+0000] {processor.py:830} INFO - Processing file /opt/airflow/dags/hello_dag.py for tasks to queue
[2024-07-20T04:17:48.792+0000] {logging_mixin.py:188} INFO - [2024-07-20T04:17:48.792+0000] {dagbag.py:545} INFO - Filling up the DagBag from /opt/airflow/dags/hello_dag.py
[2024-07-20T04:17:49.171+0000] {processor.py:840} INFO - DAG(s) 'example_dag' retrieved from /opt/airflow/dags/hello_dag.py
[2024-07-20T04:17:49.187+0000] {logging_mixin.py:188} INFO - [2024-07-20T04:17:49.187+0000] {dag.py:3089} INFO - Sync 1 DAGs
[2024-07-20T04:17:49.197+0000] {logging_mixin.py:188} INFO - [2024-07-20T04:17:49.197+0000] {dag.py:3947} INFO - Setting next_dagrun for example_dag to 2024-07-20 00:00:00+00:00, run_after=2024-07-21 00:00:00+00:00
[2024-07-20T04:17:49.209+0000] {processor.py:183} INFO - Processing /opt/airflow/dags/hello_dag.py took 0.439 seconds
[2024-07-20T05:33:54.046+0000] {processor.py:161} INFO - Started process (PID=2319) to work on /opt/airflow/dags/hello_dag.py
[2024-07-20T05:33:54.050+0000] {processor.py:830} INFO - Processing file /opt/airflow/dags/hello_dag.py for tasks to queue
[2024-07-20T05:33:54.051+0000] {logging_mixin.py:188} INFO - [2024-07-20T05:33:54.051+0000] {dagbag.py:545} INFO - Filling up the DagBag from /opt/airflow/dags/hello_dag.py
[2024-07-20T05:33:54.098+0000] {processor.py:840} INFO - DAG(s) 'example_dag' retrieved from /opt/airflow/dags/hello_dag.py
[2024-07-20T05:33:54.140+0000] {logging_mixin.py:188} INFO - [2024-07-20T05:33:54.140+0000] {dag.py:3089} INFO - Sync 1 DAGs
[2024-07-20T05:33:54.162+0000] {logging_mixin.py:188} INFO - [2024-07-20T05:33:54.162+0000] {dag.py:3947} INFO - Setting next_dagrun for example_dag to 2024-07-20 00:00:00+00:00, run_after=2024-07-21 00:00:00+00:00
[2024-07-20T05:33:54.183+0000] {processor.py:183} INFO - Processing /opt/airflow/dags/hello_dag.py took 0.154 seconds
[2024-07-20T06:50:08.959+0000] {processor.py:161} INFO - Started process (PID=2344) to work on /opt/airflow/dags/hello_dag.py
[2024-07-20T06:50:08.961+0000] {processor.py:830} INFO - Processing file /opt/airflow/dags/hello_dag.py for tasks to queue
[2024-07-20T06:50:08.962+0000] {logging_mixin.py:188} INFO - [2024-07-20T06:50:08.962+0000] {dagbag.py:545} INFO - Filling up the DagBag from /opt/airflow/dags/hello_dag.py
[2024-07-20T06:50:09.009+0000] {processor.py:840} INFO - DAG(s) 'example_dag' retrieved from /opt/airflow/dags/hello_dag.py
[2024-07-20T06:50:09.066+0000] {logging_mixin.py:188} INFO - [2024-07-20T06:50:09.066+0000] {dag.py:3089} INFO - Sync 1 DAGs
[2024-07-20T06:50:09.095+0000] {logging_mixin.py:188} INFO - [2024-07-20T06:50:09.095+0000] {dag.py:3947} INFO - Setting next_dagrun for example_dag to 2024-07-20 00:00:00+00:00, run_after=2024-07-21 00:00:00+00:00
[2024-07-20T06:50:09.107+0000] {processor.py:183} INFO - Processing /opt/airflow/dags/hello_dag.py took 0.155 seconds
[2024-07-20T07:52:39.920+0000] {processor.py:161} INFO - Started process (PID=2369) to work on /opt/airflow/dags/hello_dag.py
[2024-07-20T07:52:39.922+0000] {processor.py:830} INFO - Processing file /opt/airflow/dags/hello_dag.py for tasks to queue
[2024-07-20T07:52:39.923+0000] {logging_mixin.py:188} INFO - [2024-07-20T07:52:39.923+0000] {dagbag.py:545} INFO - Filling up the DagBag from /opt/airflow/dags/hello_dag.py
[2024-07-20T07:52:39.959+0000] {processor.py:840} INFO - DAG(s) 'example_dag' retrieved from /opt/airflow/dags/hello_dag.py
[2024-07-20T07:52:39.995+0000] {logging_mixin.py:188} INFO - [2024-07-20T07:52:39.995+0000] {dag.py:3089} INFO - Sync 1 DAGs
[2024-07-20T07:52:40.027+0000] {logging_mixin.py:188} INFO - [2024-07-20T07:52:40.026+0000] {dag.py:3947} INFO - Setting next_dagrun for example_dag to 2024-07-20 00:00:00+00:00, run_after=2024-07-21 00:00:00+00:00
[2024-07-20T07:52:40.046+0000] {processor.py:183} INFO - Processing /opt/airflow/dags/hello_dag.py took 0.131 seconds
[2024-07-20T07:53:10.480+0000] {processor.py:161} INFO - Started process (PID=2393) to work on /opt/airflow/dags/hello_dag.py
[2024-07-20T07:53:10.482+0000] {processor.py:830} INFO - Processing file /opt/airflow/dags/hello_dag.py for tasks to queue
[2024-07-20T07:53:10.484+0000] {logging_mixin.py:188} INFO - [2024-07-20T07:53:10.483+0000] {dagbag.py:545} INFO - Filling up the DagBag from /opt/airflow/dags/hello_dag.py
[2024-07-20T07:53:10.506+0000] {processor.py:840} INFO - DAG(s) 'example_dag' retrieved from /opt/airflow/dags/hello_dag.py
[2024-07-20T07:53:10.530+0000] {logging_mixin.py:188} INFO - [2024-07-20T07:53:10.530+0000] {dag.py:3089} INFO - Sync 1 DAGs
[2024-07-20T07:53:10.556+0000] {logging_mixin.py:188} INFO - [2024-07-20T07:53:10.556+0000] {dag.py:3947} INFO - Setting next_dagrun for example_dag to 2024-07-20 00:00:00+00:00, run_after=2024-07-21 00:00:00+00:00
[2024-07-20T07:53:10.566+0000] {processor.py:183} INFO - Processing /opt/airflow/dags/hello_dag.py took 0.097 seconds
[2024-07-20T07:53:40.882+0000] {processor.py:161} INFO - Started process (PID=2418) to work on /opt/airflow/dags/hello_dag.py
[2024-07-20T07:53:40.884+0000] {processor.py:830} INFO - Processing file /opt/airflow/dags/hello_dag.py for tasks to queue
[2024-07-20T07:53:40.885+0000] {logging_mixin.py:188} INFO - [2024-07-20T07:53:40.885+0000] {dagbag.py:545} INFO - Filling up the DagBag from /opt/airflow/dags/hello_dag.py
[2024-07-20T07:53:40.897+0000] {processor.py:840} INFO - DAG(s) 'example_dag' retrieved from /opt/airflow/dags/hello_dag.py
[2024-07-20T07:53:40.918+0000] {logging_mixin.py:188} INFO - [2024-07-20T07:53:40.917+0000] {dag.py:3089} INFO - Sync 1 DAGs
[2024-07-20T07:53:40.935+0000] {logging_mixin.py:188} INFO - [2024-07-20T07:53:40.935+0000] {dag.py:3947} INFO - Setting next_dagrun for example_dag to 2024-07-20 00:00:00+00:00, run_after=2024-07-21 00:00:00+00:00
[2024-07-20T07:53:40.947+0000] {processor.py:183} INFO - Processing /opt/airflow/dags/hello_dag.py took 0.070 seconds
[2024-07-20T07:54:11.162+0000] {processor.py:161} INFO - Started process (PID=2443) to work on /opt/airflow/dags/hello_dag.py
[2024-07-20T07:54:11.165+0000] {processor.py:830} INFO - Processing file /opt/airflow/dags/hello_dag.py for tasks to queue
[2024-07-20T07:54:11.168+0000] {logging_mixin.py:188} INFO - [2024-07-20T07:54:11.167+0000] {dagbag.py:545} INFO - Filling up the DagBag from /opt/airflow/dags/hello_dag.py
[2024-07-20T07:54:11.223+0000] {processor.py:840} INFO - DAG(s) 'example_dag' retrieved from /opt/airflow/dags/hello_dag.py
[2024-07-20T07:54:11.270+0000] {logging_mixin.py:188} INFO - [2024-07-20T07:54:11.269+0000] {dag.py:3089} INFO - Sync 1 DAGs
[2024-07-20T07:54:11.308+0000] {logging_mixin.py:188} INFO - [2024-07-20T07:54:11.308+0000] {dag.py:3947} INFO - Setting next_dagrun for example_dag to 2024-07-20 00:00:00+00:00, run_after=2024-07-21 00:00:00+00:00
[2024-07-20T07:54:11.330+0000] {processor.py:183} INFO - Processing /opt/airflow/dags/hello_dag.py took 0.202 seconds
[2024-07-20T07:54:41.494+0000] {processor.py:161} INFO - Started process (PID=2468) to work on /opt/airflow/dags/hello_dag.py
[2024-07-20T07:54:41.497+0000] {processor.py:830} INFO - Processing file /opt/airflow/dags/hello_dag.py for tasks to queue
[2024-07-20T07:54:41.499+0000] {logging_mixin.py:188} INFO - [2024-07-20T07:54:41.498+0000] {dagbag.py:545} INFO - Filling up the DagBag from /opt/airflow/dags/hello_dag.py
[2024-07-20T07:54:41.529+0000] {processor.py:840} INFO - DAG(s) 'example_dag' retrieved from /opt/airflow/dags/hello_dag.py
[2024-07-20T07:54:41.592+0000] {logging_mixin.py:188} INFO - [2024-07-20T07:54:41.591+0000] {dag.py:3089} INFO - Sync 1 DAGs
[2024-07-20T07:54:41.616+0000] {logging_mixin.py:188} INFO - [2024-07-20T07:54:41.615+0000] {dag.py:3947} INFO - Setting next_dagrun for example_dag to 2024-07-20 00:00:00+00:00, run_after=2024-07-21 00:00:00+00:00
[2024-07-20T07:54:41.631+0000] {processor.py:183} INFO - Processing /opt/airflow/dags/hello_dag.py took 0.174 seconds
[2024-07-20T07:55:11.846+0000] {processor.py:161} INFO - Started process (PID=2493) to work on /opt/airflow/dags/hello_dag.py
[2024-07-20T07:55:11.849+0000] {processor.py:830} INFO - Processing file /opt/airflow/dags/hello_dag.py for tasks to queue
[2024-07-20T07:55:11.853+0000] {logging_mixin.py:188} INFO - [2024-07-20T07:55:11.852+0000] {dagbag.py:545} INFO - Filling up the DagBag from /opt/airflow/dags/hello_dag.py
[2024-07-20T07:55:11.902+0000] {processor.py:840} INFO - DAG(s) 'example_dag' retrieved from /opt/airflow/dags/hello_dag.py
[2024-07-20T07:55:11.952+0000] {logging_mixin.py:188} INFO - [2024-07-20T07:55:11.952+0000] {dag.py:3089} INFO - Sync 1 DAGs
[2024-07-20T07:55:11.971+0000] {logging_mixin.py:188} INFO - [2024-07-20T07:55:11.971+0000] {dag.py:3947} INFO - Setting next_dagrun for example_dag to 2024-07-20 00:00:00+00:00, run_after=2024-07-21 00:00:00+00:00
[2024-07-20T07:55:11.982+0000] {processor.py:183} INFO - Processing /opt/airflow/dags/hello_dag.py took 0.152 seconds
[2024-07-20T08:40:49.739+0000] {processor.py:161} INFO - Started process (PID=2519) to work on /opt/airflow/dags/hello_dag.py
[2024-07-20T08:40:49.743+0000] {processor.py:830} INFO - Processing file /opt/airflow/dags/hello_dag.py for tasks to queue
[2024-07-20T08:40:49.746+0000] {logging_mixin.py:188} INFO - [2024-07-20T08:40:49.745+0000] {dagbag.py:545} INFO - Filling up the DagBag from /opt/airflow/dags/hello_dag.py
[2024-07-20T08:40:49.793+0000] {processor.py:840} INFO - DAG(s) 'example_dag' retrieved from /opt/airflow/dags/hello_dag.py
[2024-07-20T08:40:49.836+0000] {logging_mixin.py:188} INFO - [2024-07-20T08:40:49.836+0000] {dag.py:3089} INFO - Sync 1 DAGs
[2024-07-20T08:40:49.860+0000] {logging_mixin.py:188} INFO - [2024-07-20T08:40:49.860+0000] {dag.py:3947} INFO - Setting next_dagrun for example_dag to 2024-07-20 00:00:00+00:00, run_after=2024-07-21 00:00:00+00:00
[2024-07-20T08:40:49.876+0000] {processor.py:183} INFO - Processing /opt/airflow/dags/hello_dag.py took 0.146 seconds
[2024-07-20T09:43:36.625+0000] {processor.py:161} INFO - Started process (PID=2544) to work on /opt/airflow/dags/hello_dag.py
[2024-07-20T09:43:36.633+0000] {processor.py:830} INFO - Processing file /opt/airflow/dags/hello_dag.py for tasks to queue
[2024-07-20T09:43:36.635+0000] {logging_mixin.py:188} INFO - [2024-07-20T09:43:36.635+0000] {dagbag.py:545} INFO - Filling up the DagBag from /opt/airflow/dags/hello_dag.py
[2024-07-20T09:43:36.656+0000] {processor.py:840} INFO - DAG(s) 'example_dag' retrieved from /opt/airflow/dags/hello_dag.py
[2024-07-20T09:43:36.699+0000] {logging_mixin.py:188} INFO - [2024-07-20T09:43:36.699+0000] {dag.py:3089} INFO - Sync 1 DAGs
[2024-07-20T09:43:36.731+0000] {logging_mixin.py:188} INFO - [2024-07-20T09:43:36.731+0000] {dag.py:3947} INFO - Setting next_dagrun for example_dag to 2024-07-20 00:00:00+00:00, run_after=2024-07-21 00:00:00+00:00
[2024-07-20T09:43:36.752+0000] {processor.py:183} INFO - Processing /opt/airflow/dags/hello_dag.py took 0.135 seconds
[2024-07-20T10:08:44.037+0000] {processor.py:161} INFO - Started process (PID=2569) to work on /opt/airflow/dags/hello_dag.py
[2024-07-20T10:08:44.041+0000] {processor.py:830} INFO - Processing file /opt/airflow/dags/hello_dag.py for tasks to queue
[2024-07-20T10:08:44.045+0000] {logging_mixin.py:188} INFO - [2024-07-20T10:08:44.044+0000] {dagbag.py:545} INFO - Filling up the DagBag from /opt/airflow/dags/hello_dag.py
[2024-07-20T10:08:44.074+0000] {processor.py:840} INFO - DAG(s) 'example_dag' retrieved from /opt/airflow/dags/hello_dag.py
[2024-07-20T10:08:44.121+0000] {logging_mixin.py:188} INFO - [2024-07-20T10:08:44.121+0000] {dag.py:3089} INFO - Sync 1 DAGs
[2024-07-20T10:08:44.150+0000] {logging_mixin.py:188} INFO - [2024-07-20T10:08:44.149+0000] {dag.py:3947} INFO - Setting next_dagrun for example_dag to 2024-07-20 00:00:00+00:00, run_after=2024-07-21 00:00:00+00:00
[2024-07-20T10:08:44.163+0000] {processor.py:183} INFO - Processing /opt/airflow/dags/hello_dag.py took 0.142 seconds
[2024-07-20T10:40:43.197+0000] {processor.py:161} INFO - Started process (PID=2594) to work on /opt/airflow/dags/hello_dag.py
[2024-07-20T10:40:43.199+0000] {processor.py:830} INFO - Processing file /opt/airflow/dags/hello_dag.py for tasks to queue
[2024-07-20T10:40:43.200+0000] {logging_mixin.py:188} INFO - [2024-07-20T10:40:43.200+0000] {dagbag.py:545} INFO - Filling up the DagBag from /opt/airflow/dags/hello_dag.py
[2024-07-20T10:40:43.242+0000] {processor.py:840} INFO - DAG(s) 'example_dag' retrieved from /opt/airflow/dags/hello_dag.py
[2024-07-20T10:40:43.284+0000] {logging_mixin.py:188} INFO - [2024-07-20T10:40:43.284+0000] {dag.py:3089} INFO - Sync 1 DAGs
[2024-07-20T10:40:43.305+0000] {logging_mixin.py:188} INFO - [2024-07-20T10:40:43.305+0000] {dag.py:3947} INFO - Setting next_dagrun for example_dag to 2024-07-20 00:00:00+00:00, run_after=2024-07-21 00:00:00+00:00
[2024-07-20T10:40:43.322+0000] {processor.py:183} INFO - Processing /opt/airflow/dags/hello_dag.py took 0.133 seconds
[2024-07-20T10:49:35.427+0000] {processor.py:161} INFO - Started process (PID=2619) to work on /opt/airflow/dags/hello_dag.py
[2024-07-20T10:49:35.429+0000] {processor.py:830} INFO - Processing file /opt/airflow/dags/hello_dag.py for tasks to queue
[2024-07-20T10:49:35.431+0000] {logging_mixin.py:188} INFO - [2024-07-20T10:49:35.430+0000] {dagbag.py:545} INFO - Filling up the DagBag from /opt/airflow/dags/hello_dag.py
[2024-07-20T10:49:35.468+0000] {processor.py:840} INFO - DAG(s) 'example_dag' retrieved from /opt/airflow/dags/hello_dag.py
[2024-07-20T10:49:35.513+0000] {logging_mixin.py:188} INFO - [2024-07-20T10:49:35.513+0000] {dag.py:3089} INFO - Sync 1 DAGs
[2024-07-20T10:49:35.543+0000] {logging_mixin.py:188} INFO - [2024-07-20T10:49:35.543+0000] {dag.py:3947} INFO - Setting next_dagrun for example_dag to 2024-07-20 00:00:00+00:00, run_after=2024-07-21 00:00:00+00:00
[2024-07-20T10:49:35.558+0000] {processor.py:183} INFO - Processing /opt/airflow/dags/hello_dag.py took 0.138 seconds
[2024-07-20T11:15:33.712+0000] {processor.py:161} INFO - Started process (PID=2644) to work on /opt/airflow/dags/hello_dag.py
[2024-07-20T11:15:33.717+0000] {processor.py:830} INFO - Processing file /opt/airflow/dags/hello_dag.py for tasks to queue
[2024-07-20T11:15:33.721+0000] {logging_mixin.py:188} INFO - [2024-07-20T11:15:33.719+0000] {dagbag.py:545} INFO - Filling up the DagBag from /opt/airflow/dags/hello_dag.py
[2024-07-20T11:15:33.744+0000] {processor.py:840} INFO - DAG(s) 'example_dag' retrieved from /opt/airflow/dags/hello_dag.py
[2024-07-20T11:15:33.793+0000] {logging_mixin.py:188} INFO - [2024-07-20T11:15:33.793+0000] {dag.py:3089} INFO - Sync 1 DAGs
[2024-07-20T11:15:33.822+0000] {logging_mixin.py:188} INFO - [2024-07-20T11:15:33.822+0000] {dag.py:3947} INFO - Setting next_dagrun for example_dag to 2024-07-20 00:00:00+00:00, run_after=2024-07-21 00:00:00+00:00
[2024-07-20T11:15:33.835+0000] {processor.py:183} INFO - Processing /opt/airflow/dags/hello_dag.py took 0.139 seconds
[2024-07-20T11:41:40.673+0000] {processor.py:161} INFO - Started process (PID=2669) to work on /opt/airflow/dags/hello_dag.py
[2024-07-20T11:41:40.675+0000] {processor.py:830} INFO - Processing file /opt/airflow/dags/hello_dag.py for tasks to queue
[2024-07-20T11:41:40.677+0000] {logging_mixin.py:188} INFO - [2024-07-20T11:41:40.677+0000] {dagbag.py:545} INFO - Filling up the DagBag from /opt/airflow/dags/hello_dag.py
[2024-07-20T11:41:40.713+0000] {processor.py:840} INFO - DAG(s) 'example_dag' retrieved from /opt/airflow/dags/hello_dag.py
[2024-07-20T11:41:40.783+0000] {logging_mixin.py:188} INFO - [2024-07-20T11:41:40.783+0000] {dag.py:3089} INFO - Sync 1 DAGs
[2024-07-20T11:41:40.816+0000] {logging_mixin.py:188} INFO - [2024-07-20T11:41:40.816+0000] {dag.py:3947} INFO - Setting next_dagrun for example_dag to 2024-07-20 00:00:00+00:00, run_after=2024-07-21 00:00:00+00:00
[2024-07-20T11:41:40.834+0000] {processor.py:183} INFO - Processing /opt/airflow/dags/hello_dag.py took 0.185 seconds
[2024-07-20T12:32:39.743+0000] {processor.py:161} INFO - Started process (PID=2694) to work on /opt/airflow/dags/hello_dag.py
[2024-07-20T12:32:39.745+0000] {processor.py:830} INFO - Processing file /opt/airflow/dags/hello_dag.py for tasks to queue
[2024-07-20T12:32:39.746+0000] {logging_mixin.py:188} INFO - [2024-07-20T12:32:39.746+0000] {dagbag.py:545} INFO - Filling up the DagBag from /opt/airflow/dags/hello_dag.py
[2024-07-20T12:32:39.784+0000] {processor.py:840} INFO - DAG(s) 'example_dag' retrieved from /opt/airflow/dags/hello_dag.py
[2024-07-20T12:32:39.820+0000] {logging_mixin.py:188} INFO - [2024-07-20T12:32:39.820+0000] {dag.py:3089} INFO - Sync 1 DAGs
[2024-07-20T12:32:39.850+0000] {logging_mixin.py:188} INFO - [2024-07-20T12:32:39.850+0000] {dag.py:3947} INFO - Setting next_dagrun for example_dag to 2024-07-20 00:00:00+00:00, run_after=2024-07-21 00:00:00+00:00
[2024-07-20T12:32:39.865+0000] {processor.py:183} INFO - Processing /opt/airflow/dags/hello_dag.py took 0.133 seconds
[2024-07-20T13:32:46.531+0000] {processor.py:161} INFO - Started process (PID=2719) to work on /opt/airflow/dags/hello_dag.py
[2024-07-20T13:32:46.537+0000] {processor.py:830} INFO - Processing file /opt/airflow/dags/hello_dag.py for tasks to queue
[2024-07-20T13:32:46.538+0000] {logging_mixin.py:188} INFO - [2024-07-20T13:32:46.538+0000] {dagbag.py:545} INFO - Filling up the DagBag from /opt/airflow/dags/hello_dag.py
[2024-07-20T13:32:46.557+0000] {processor.py:840} INFO - DAG(s) 'example_dag' retrieved from /opt/airflow/dags/hello_dag.py
[2024-07-20T13:32:46.601+0000] {logging_mixin.py:188} INFO - [2024-07-20T13:32:46.600+0000] {dag.py:3089} INFO - Sync 1 DAGs
[2024-07-20T13:32:46.618+0000] {logging_mixin.py:188} INFO - [2024-07-20T13:32:46.618+0000] {dag.py:3947} INFO - Setting next_dagrun for example_dag to 2024-07-20 00:00:00+00:00, run_after=2024-07-21 00:00:00+00:00
[2024-07-20T13:32:46.638+0000] {processor.py:183} INFO - Processing /opt/airflow/dags/hello_dag.py took 0.129 seconds
[2024-07-20T13:58:50.337+0000] {processor.py:161} INFO - Started process (PID=2744) to work on /opt/airflow/dags/hello_dag.py
[2024-07-20T13:58:50.338+0000] {processor.py:830} INFO - Processing file /opt/airflow/dags/hello_dag.py for tasks to queue
[2024-07-20T13:58:50.339+0000] {logging_mixin.py:188} INFO - [2024-07-20T13:58:50.339+0000] {dagbag.py:545} INFO - Filling up the DagBag from /opt/airflow/dags/hello_dag.py
[2024-07-20T13:58:50.372+0000] {processor.py:840} INFO - DAG(s) 'example_dag' retrieved from /opt/airflow/dags/hello_dag.py
[2024-07-20T13:58:50.427+0000] {logging_mixin.py:188} INFO - [2024-07-20T13:58:50.426+0000] {dag.py:3089} INFO - Sync 1 DAGs
[2024-07-20T13:58:50.452+0000] {logging_mixin.py:188} INFO - [2024-07-20T13:58:50.452+0000] {dag.py:3947} INFO - Setting next_dagrun for example_dag to 2024-07-20 00:00:00+00:00, run_after=2024-07-21 00:00:00+00:00
[2024-07-20T13:58:50.471+0000] {processor.py:183} INFO - Processing /opt/airflow/dags/hello_dag.py took 0.138 seconds
[2024-07-20T14:58:11.894+0000] {processor.py:161} INFO - Started process (PID=2769) to work on /opt/airflow/dags/hello_dag.py
[2024-07-20T14:58:11.897+0000] {processor.py:830} INFO - Processing file /opt/airflow/dags/hello_dag.py for tasks to queue
[2024-07-20T14:58:11.902+0000] {logging_mixin.py:188} INFO - [2024-07-20T14:58:11.900+0000] {dagbag.py:545} INFO - Filling up the DagBag from /opt/airflow/dags/hello_dag.py
[2024-07-20T14:58:11.928+0000] {processor.py:840} INFO - DAG(s) 'example_dag' retrieved from /opt/airflow/dags/hello_dag.py
[2024-07-20T14:58:11.974+0000] {logging_mixin.py:188} INFO - [2024-07-20T14:58:11.974+0000] {dag.py:3089} INFO - Sync 1 DAGs
[2024-07-20T14:58:11.996+0000] {logging_mixin.py:188} INFO - [2024-07-20T14:58:11.996+0000] {dag.py:3947} INFO - Setting next_dagrun for example_dag to 2024-07-20 00:00:00+00:00, run_after=2024-07-21 00:00:00+00:00
[2024-07-20T14:58:12.020+0000] {processor.py:183} INFO - Processing /opt/airflow/dags/hello_dag.py took 0.141 seconds
[2024-07-20T15:36:24.364+0000] {processor.py:161} INFO - Started process (PID=2794) to work on /opt/airflow/dags/hello_dag.py
[2024-07-20T15:36:24.367+0000] {processor.py:830} INFO - Processing file /opt/airflow/dags/hello_dag.py for tasks to queue
[2024-07-20T15:36:24.368+0000] {logging_mixin.py:188} INFO - [2024-07-20T15:36:24.368+0000] {dagbag.py:545} INFO - Filling up the DagBag from /opt/airflow/dags/hello_dag.py
[2024-07-20T15:36:24.405+0000] {processor.py:840} INFO - DAG(s) 'example_dag' retrieved from /opt/airflow/dags/hello_dag.py
[2024-07-20T15:36:24.436+0000] {logging_mixin.py:188} INFO - [2024-07-20T15:36:24.435+0000] {dag.py:3089} INFO - Sync 1 DAGs
[2024-07-20T15:36:24.457+0000] {logging_mixin.py:188} INFO - [2024-07-20T15:36:24.456+0000] {dag.py:3947} INFO - Setting next_dagrun for example_dag to 2024-07-20 00:00:00+00:00, run_after=2024-07-21 00:00:00+00:00
[2024-07-20T15:36:24.467+0000] {processor.py:183} INFO - Processing /opt/airflow/dags/hello_dag.py took 0.111 seconds
[2024-07-20T16:52:44.761+0000] {processor.py:161} INFO - Started process (PID=2819) to work on /opt/airflow/dags/hello_dag.py
[2024-07-20T16:52:44.762+0000] {processor.py:830} INFO - Processing file /opt/airflow/dags/hello_dag.py for tasks to queue
[2024-07-20T16:52:44.764+0000] {logging_mixin.py:188} INFO - [2024-07-20T16:52:44.763+0000] {dagbag.py:545} INFO - Filling up the DagBag from /opt/airflow/dags/hello_dag.py
[2024-07-20T16:52:44.785+0000] {processor.py:840} INFO - DAG(s) 'example_dag' retrieved from /opt/airflow/dags/hello_dag.py
[2024-07-20T16:52:44.829+0000] {logging_mixin.py:188} INFO - [2024-07-20T16:52:44.829+0000] {dag.py:3089} INFO - Sync 1 DAGs
[2024-07-20T16:52:44.859+0000] {logging_mixin.py:188} INFO - [2024-07-20T16:52:44.859+0000] {dag.py:3947} INFO - Setting next_dagrun for example_dag to 2024-07-20 00:00:00+00:00, run_after=2024-07-21 00:00:00+00:00
[2024-07-20T16:52:44.872+0000] {processor.py:183} INFO - Processing /opt/airflow/dags/hello_dag.py took 0.129 seconds
[2024-07-20T18:03:13.322+0000] {processor.py:161} INFO - Started process (PID=2844) to work on /opt/airflow/dags/hello_dag.py
[2024-07-20T18:03:13.324+0000] {processor.py:830} INFO - Processing file /opt/airflow/dags/hello_dag.py for tasks to queue
[2024-07-20T18:03:13.325+0000] {logging_mixin.py:188} INFO - [2024-07-20T18:03:13.325+0000] {dagbag.py:545} INFO - Filling up the DagBag from /opt/airflow/dags/hello_dag.py
[2024-07-20T18:03:13.361+0000] {processor.py:840} INFO - DAG(s) 'example_dag' retrieved from /opt/airflow/dags/hello_dag.py
[2024-07-20T18:03:13.411+0000] {logging_mixin.py:188} INFO - [2024-07-20T18:03:13.410+0000] {dag.py:3089} INFO - Sync 1 DAGs
[2024-07-20T18:03:13.437+0000] {logging_mixin.py:188} INFO - [2024-07-20T18:03:13.437+0000] {dag.py:3947} INFO - Setting next_dagrun for example_dag to 2024-07-20 00:00:00+00:00, run_after=2024-07-21 00:00:00+00:00
[2024-07-20T18:03:13.456+0000] {processor.py:183} INFO - Processing /opt/airflow/dags/hello_dag.py took 0.147 seconds
[2024-07-20T18:27:20.959+0000] {processor.py:161} INFO - Started process (PID=2869) to work on /opt/airflow/dags/hello_dag.py
[2024-07-20T18:27:20.961+0000] {processor.py:830} INFO - Processing file /opt/airflow/dags/hello_dag.py for tasks to queue
[2024-07-20T18:27:20.966+0000] {logging_mixin.py:188} INFO - [2024-07-20T18:27:20.965+0000] {dagbag.py:545} INFO - Filling up the DagBag from /opt/airflow/dags/hello_dag.py
[2024-07-20T18:27:20.999+0000] {processor.py:840} INFO - DAG(s) 'example_dag' retrieved from /opt/airflow/dags/hello_dag.py
[2024-07-20T18:27:21.048+0000] {logging_mixin.py:188} INFO - [2024-07-20T18:27:21.048+0000] {dag.py:3089} INFO - Sync 1 DAGs
[2024-07-20T18:27:21.069+0000] {logging_mixin.py:188} INFO - [2024-07-20T18:27:21.069+0000] {dag.py:3947} INFO - Setting next_dagrun for example_dag to 2024-07-20 00:00:00+00:00, run_after=2024-07-21 00:00:00+00:00
[2024-07-20T18:27:21.085+0000] {processor.py:183} INFO - Processing /opt/airflow/dags/hello_dag.py took 0.134 seconds
[2024-07-20T18:54:48.787+0000] {processor.py:161} INFO - Started process (PID=2894) to work on /opt/airflow/dags/hello_dag.py
[2024-07-20T18:54:48.789+0000] {processor.py:830} INFO - Processing file /opt/airflow/dags/hello_dag.py for tasks to queue
[2024-07-20T18:54:48.790+0000] {logging_mixin.py:188} INFO - [2024-07-20T18:54:48.790+0000] {dagbag.py:545} INFO - Filling up the DagBag from /opt/airflow/dags/hello_dag.py
[2024-07-20T18:54:48.812+0000] {processor.py:840} INFO - DAG(s) 'example_dag' retrieved from /opt/airflow/dags/hello_dag.py
[2024-07-20T18:54:48.914+0000] {logging_mixin.py:188} INFO - [2024-07-20T18:54:48.914+0000] {dag.py:3089} INFO - Sync 1 DAGs
[2024-07-20T18:54:48.943+0000] {logging_mixin.py:188} INFO - [2024-07-20T18:54:48.943+0000] {dag.py:3947} INFO - Setting next_dagrun for example_dag to 2024-07-20 00:00:00+00:00, run_after=2024-07-21 00:00:00+00:00
[2024-07-20T18:54:48.969+0000] {processor.py:183} INFO - Processing /opt/airflow/dags/hello_dag.py took 0.200 seconds
[2024-07-20T20:07:56.894+0000] {processor.py:161} INFO - Started process (PID=2919) to work on /opt/airflow/dags/hello_dag.py
[2024-07-20T20:07:56.898+0000] {processor.py:830} INFO - Processing file /opt/airflow/dags/hello_dag.py for tasks to queue
[2024-07-20T20:07:56.899+0000] {logging_mixin.py:188} INFO - [2024-07-20T20:07:56.898+0000] {dagbag.py:545} INFO - Filling up the DagBag from /opt/airflow/dags/hello_dag.py
[2024-07-20T20:07:56.933+0000] {processor.py:840} INFO - DAG(s) 'example_dag' retrieved from /opt/airflow/dags/hello_dag.py
[2024-07-20T20:07:56.970+0000] {logging_mixin.py:188} INFO - [2024-07-20T20:07:56.969+0000] {dag.py:3089} INFO - Sync 1 DAGs
[2024-07-20T20:07:57.008+0000] {logging_mixin.py:188} INFO - [2024-07-20T20:07:57.008+0000] {dag.py:3947} INFO - Setting next_dagrun for example_dag to 2024-07-20 00:00:00+00:00, run_after=2024-07-21 00:00:00+00:00
[2024-07-20T20:07:57.022+0000] {processor.py:183} INFO - Processing /opt/airflow/dags/hello_dag.py took 0.143 seconds
[2024-07-20T20:44:20.110+0000] {processor.py:161} INFO - Started process (PID=2944) to work on /opt/airflow/dags/hello_dag.py
[2024-07-20T20:44:20.114+0000] {processor.py:830} INFO - Processing file /opt/airflow/dags/hello_dag.py for tasks to queue
[2024-07-20T20:44:20.115+0000] {logging_mixin.py:188} INFO - [2024-07-20T20:44:20.115+0000] {dagbag.py:545} INFO - Filling up the DagBag from /opt/airflow/dags/hello_dag.py
[2024-07-20T20:44:20.139+0000] {processor.py:840} INFO - DAG(s) 'example_dag' retrieved from /opt/airflow/dags/hello_dag.py
[2024-07-20T20:44:20.179+0000] {logging_mixin.py:188} INFO - [2024-07-20T20:44:20.179+0000] {dag.py:3089} INFO - Sync 1 DAGs
[2024-07-20T20:44:20.204+0000] {logging_mixin.py:188} INFO - [2024-07-20T20:44:20.204+0000] {dag.py:3947} INFO - Setting next_dagrun for example_dag to 2024-07-20 00:00:00+00:00, run_after=2024-07-21 00:00:00+00:00
[2024-07-20T20:44:20.220+0000] {processor.py:183} INFO - Processing /opt/airflow/dags/hello_dag.py took 0.121 seconds
[2024-07-20T21:26:41.664+0000] {processor.py:161} INFO - Started process (PID=2969) to work on /opt/airflow/dags/hello_dag.py
[2024-07-20T21:26:41.666+0000] {processor.py:830} INFO - Processing file /opt/airflow/dags/hello_dag.py for tasks to queue
[2024-07-20T21:26:41.668+0000] {logging_mixin.py:188} INFO - [2024-07-20T21:26:41.667+0000] {dagbag.py:545} INFO - Filling up the DagBag from /opt/airflow/dags/hello_dag.py
[2024-07-20T21:26:41.730+0000] {processor.py:840} INFO - DAG(s) 'example_dag' retrieved from /opt/airflow/dags/hello_dag.py
[2024-07-20T21:26:42.035+0000] {logging_mixin.py:188} INFO - [2024-07-20T21:26:42.035+0000] {dag.py:3089} INFO - Sync 1 DAGs
[2024-07-20T21:26:42.145+0000] {logging_mixin.py:188} INFO - [2024-07-20T21:26:42.145+0000] {dag.py:3947} INFO - Setting next_dagrun for example_dag to 2024-07-20 00:00:00+00:00, run_after=2024-07-21 00:00:00+00:00
[2024-07-20T21:26:42.190+0000] {processor.py:183} INFO - Processing /opt/airflow/dags/hello_dag.py took 0.555 seconds
[2024-07-20T21:30:30.517+0000] {processor.py:161} INFO - Started process (PID=2994) to work on /opt/airflow/dags/hello_dag.py
[2024-07-20T21:30:30.521+0000] {processor.py:830} INFO - Processing file /opt/airflow/dags/hello_dag.py for tasks to queue
[2024-07-20T21:30:30.529+0000] {logging_mixin.py:188} INFO - [2024-07-20T21:30:30.524+0000] {dagbag.py:545} INFO - Filling up the DagBag from /opt/airflow/dags/hello_dag.py
[2024-07-20T21:30:30.575+0000] {processor.py:840} INFO - DAG(s) 'example_dag' retrieved from /opt/airflow/dags/hello_dag.py
[2024-07-20T21:30:30.799+0000] {logging_mixin.py:188} INFO - [2024-07-20T21:30:30.799+0000] {dag.py:3089} INFO - Sync 1 DAGs
[2024-07-20T21:30:30.928+0000] {logging_mixin.py:188} INFO - [2024-07-20T21:30:30.927+0000] {dag.py:3947} INFO - Setting next_dagrun for example_dag to 2024-07-20 00:00:00+00:00, run_after=2024-07-21 00:00:00+00:00
[2024-07-20T21:30:31.008+0000] {processor.py:183} INFO - Processing /opt/airflow/dags/hello_dag.py took 0.536 seconds
