[2024-07-20T00:52:14.508+0000] {processor.py:161} INFO - Started process (PID=2192) to work on /opt/airflow/dags/model_train_dag.py
[2024-07-20T00:52:14.511+0000] {processor.py:830} INFO - Processing file /opt/airflow/dags/model_train_dag.py for tasks to queue
[2024-07-20T00:52:14.513+0000] {logging_mixin.py:188} INFO - [2024-07-20T00:52:14.513+0000] {dagbag.py:545} INFO - Filling up the DagBag from /opt/airflow/dags/model_train_dag.py
[2024-07-20T00:52:16.149+0000] {processor.py:840} INFO - DAG(s) 'random_forest_training' retrieved from /opt/airflow/dags/model_train_dag.py
[2024-07-20T00:52:16.613+0000] {logging_mixin.py:188} INFO - [2024-07-20T00:52:16.612+0000] {dag.py:3089} INFO - Sync 1 DAGs
[2024-07-20T00:52:16.672+0000] {logging_mixin.py:188} INFO - [2024-07-20T00:52:16.672+0000] {dag.py:3947} INFO - Setting next_dagrun for random_forest_training to 2024-07-20 00:00:00+00:00, run_after=2024-07-21 00:00:00+00:00
[2024-07-20T00:52:16.688+0000] {processor.py:183} INFO - Processing /opt/airflow/dags/model_train_dag.py took 2.186 seconds
[2024-07-20T01:54:35.177+0000] {processor.py:161} INFO - Started process (PID=2221) to work on /opt/airflow/dags/model_train_dag.py
[2024-07-20T01:54:35.178+0000] {processor.py:830} INFO - Processing file /opt/airflow/dags/model_train_dag.py for tasks to queue
[2024-07-20T01:54:35.180+0000] {logging_mixin.py:188} INFO - [2024-07-20T01:54:35.179+0000] {dagbag.py:545} INFO - Filling up the DagBag from /opt/airflow/dags/model_train_dag.py
[2024-07-20T01:54:36.446+0000] {processor.py:840} INFO - DAG(s) 'random_forest_training' retrieved from /opt/airflow/dags/model_train_dag.py
[2024-07-20T01:54:36.460+0000] {logging_mixin.py:188} INFO - [2024-07-20T01:54:36.460+0000] {dag.py:3089} INFO - Sync 1 DAGs
[2024-07-20T01:54:36.471+0000] {logging_mixin.py:188} INFO - [2024-07-20T01:54:36.471+0000] {dag.py:3947} INFO - Setting next_dagrun for random_forest_training to 2024-07-20 00:00:00+00:00, run_after=2024-07-21 00:00:00+00:00
[2024-07-20T01:54:36.480+0000] {processor.py:183} INFO - Processing /opt/airflow/dags/model_train_dag.py took 1.308 seconds
[2024-07-20T02:47:19.318+0000] {processor.py:161} INFO - Started process (PID=2246) to work on /opt/airflow/dags/model_train_dag.py
[2024-07-20T02:47:19.319+0000] {processor.py:830} INFO - Processing file /opt/airflow/dags/model_train_dag.py for tasks to queue
[2024-07-20T02:47:19.320+0000] {logging_mixin.py:188} INFO - [2024-07-20T02:47:19.320+0000] {dagbag.py:545} INFO - Filling up the DagBag from /opt/airflow/dags/model_train_dag.py
[2024-07-20T02:47:20.426+0000] {processor.py:840} INFO - DAG(s) 'random_forest_training' retrieved from /opt/airflow/dags/model_train_dag.py
[2024-07-20T02:47:20.447+0000] {logging_mixin.py:188} INFO - [2024-07-20T02:47:20.447+0000] {dag.py:3089} INFO - Sync 1 DAGs
[2024-07-20T02:47:20.459+0000] {logging_mixin.py:188} INFO - [2024-07-20T02:47:20.459+0000] {dag.py:3947} INFO - Setting next_dagrun for random_forest_training to 2024-07-20 00:00:00+00:00, run_after=2024-07-21 00:00:00+00:00
[2024-07-20T02:47:20.466+0000] {processor.py:183} INFO - Processing /opt/airflow/dags/model_train_dag.py took 1.152 seconds
[2024-07-20T03:11:53.249+0000] {processor.py:161} INFO - Started process (PID=2271) to work on /opt/airflow/dags/model_train_dag.py
[2024-07-20T03:11:53.251+0000] {processor.py:830} INFO - Processing file /opt/airflow/dags/model_train_dag.py for tasks to queue
[2024-07-20T03:11:53.251+0000] {logging_mixin.py:188} INFO - [2024-07-20T03:11:53.251+0000] {dagbag.py:545} INFO - Filling up the DagBag from /opt/airflow/dags/model_train_dag.py
[2024-07-20T03:11:54.144+0000] {processor.py:840} INFO - DAG(s) 'random_forest_training' retrieved from /opt/airflow/dags/model_train_dag.py
[2024-07-20T03:11:54.159+0000] {logging_mixin.py:188} INFO - [2024-07-20T03:11:54.159+0000] {dag.py:3089} INFO - Sync 1 DAGs
[2024-07-20T03:11:54.168+0000] {logging_mixin.py:188} INFO - [2024-07-20T03:11:54.168+0000] {dag.py:3947} INFO - Setting next_dagrun for random_forest_training to 2024-07-20 00:00:00+00:00, run_after=2024-07-21 00:00:00+00:00
[2024-07-20T03:11:54.175+0000] {processor.py:183} INFO - Processing /opt/airflow/dags/model_train_dag.py took 0.930 seconds
[2024-07-20T04:17:49.338+0000] {processor.py:161} INFO - Started process (PID=2296) to work on /opt/airflow/dags/model_train_dag.py
[2024-07-20T04:17:49.339+0000] {processor.py:830} INFO - Processing file /opt/airflow/dags/model_train_dag.py for tasks to queue
[2024-07-20T04:17:49.340+0000] {logging_mixin.py:188} INFO - [2024-07-20T04:17:49.339+0000] {dagbag.py:545} INFO - Filling up the DagBag from /opt/airflow/dags/model_train_dag.py
[2024-07-20T04:17:50.399+0000] {processor.py:840} INFO - DAG(s) 'random_forest_training' retrieved from /opt/airflow/dags/model_train_dag.py
[2024-07-20T04:17:50.479+0000] {logging_mixin.py:188} INFO - [2024-07-20T04:17:50.478+0000] {dag.py:3089} INFO - Sync 1 DAGs
[2024-07-20T04:17:50.500+0000] {logging_mixin.py:188} INFO - [2024-07-20T04:17:50.499+0000] {dag.py:3947} INFO - Setting next_dagrun for random_forest_training to 2024-07-20 00:00:00+00:00, run_after=2024-07-21 00:00:00+00:00
[2024-07-20T04:17:50.517+0000] {processor.py:183} INFO - Processing /opt/airflow/dags/model_train_dag.py took 1.183 seconds
[2024-07-20T05:33:54.210+0000] {processor.py:161} INFO - Started process (PID=2321) to work on /opt/airflow/dags/model_train_dag.py
[2024-07-20T05:33:54.211+0000] {processor.py:830} INFO - Processing file /opt/airflow/dags/model_train_dag.py for tasks to queue
[2024-07-20T05:33:54.212+0000] {logging_mixin.py:188} INFO - [2024-07-20T05:33:54.211+0000] {dagbag.py:545} INFO - Filling up the DagBag from /opt/airflow/dags/model_train_dag.py
[2024-07-20T05:33:55.151+0000] {processor.py:840} INFO - DAG(s) 'random_forest_training' retrieved from /opt/airflow/dags/model_train_dag.py
[2024-07-20T05:33:55.163+0000] {logging_mixin.py:188} INFO - [2024-07-20T05:33:55.163+0000] {dag.py:3089} INFO - Sync 1 DAGs
[2024-07-20T05:33:55.172+0000] {logging_mixin.py:188} INFO - [2024-07-20T05:33:55.172+0000] {dag.py:3947} INFO - Setting next_dagrun for random_forest_training to 2024-07-20 00:00:00+00:00, run_after=2024-07-21 00:00:00+00:00
[2024-07-20T05:33:55.180+0000] {processor.py:183} INFO - Processing /opt/airflow/dags/model_train_dag.py took 0.974 seconds
[2024-07-20T06:50:09.124+0000] {processor.py:161} INFO - Started process (PID=2346) to work on /opt/airflow/dags/model_train_dag.py
[2024-07-20T06:50:09.125+0000] {processor.py:830} INFO - Processing file /opt/airflow/dags/model_train_dag.py for tasks to queue
[2024-07-20T06:50:09.126+0000] {logging_mixin.py:188} INFO - [2024-07-20T06:50:09.125+0000] {dagbag.py:545} INFO - Filling up the DagBag from /opt/airflow/dags/model_train_dag.py
[2024-07-20T06:50:10.087+0000] {processor.py:840} INFO - DAG(s) 'random_forest_training' retrieved from /opt/airflow/dags/model_train_dag.py
[2024-07-20T06:50:10.099+0000] {logging_mixin.py:188} INFO - [2024-07-20T06:50:10.099+0000] {dag.py:3089} INFO - Sync 1 DAGs
[2024-07-20T06:50:10.108+0000] {logging_mixin.py:188} INFO - [2024-07-20T06:50:10.108+0000] {dag.py:3947} INFO - Setting next_dagrun for random_forest_training to 2024-07-20 00:00:00+00:00, run_after=2024-07-21 00:00:00+00:00
[2024-07-20T06:50:10.115+0000] {processor.py:183} INFO - Processing /opt/airflow/dags/model_train_dag.py took 0.994 seconds
[2024-07-20T07:52:40.063+0000] {processor.py:161} INFO - Started process (PID=2371) to work on /opt/airflow/dags/model_train_dag.py
[2024-07-20T07:52:40.064+0000] {processor.py:830} INFO - Processing file /opt/airflow/dags/model_train_dag.py for tasks to queue
[2024-07-20T07:52:40.065+0000] {logging_mixin.py:188} INFO - [2024-07-20T07:52:40.065+0000] {dagbag.py:545} INFO - Filling up the DagBag from /opt/airflow/dags/model_train_dag.py
[2024-07-20T07:52:41.081+0000] {processor.py:840} INFO - DAG(s) 'random_forest_training' retrieved from /opt/airflow/dags/model_train_dag.py
[2024-07-20T07:52:41.098+0000] {logging_mixin.py:188} INFO - [2024-07-20T07:52:41.098+0000] {dag.py:3089} INFO - Sync 1 DAGs
[2024-07-20T07:52:41.110+0000] {logging_mixin.py:188} INFO - [2024-07-20T07:52:41.110+0000] {dag.py:3947} INFO - Setting next_dagrun for random_forest_training to 2024-07-20 00:00:00+00:00, run_after=2024-07-21 00:00:00+00:00
[2024-07-20T07:52:41.120+0000] {processor.py:183} INFO - Processing /opt/airflow/dags/model_train_dag.py took 1.061 seconds
[2024-07-20T07:53:11.512+0000] {processor.py:161} INFO - Started process (PID=2395) to work on /opt/airflow/dags/model_train_dag.py
[2024-07-20T07:53:11.514+0000] {processor.py:830} INFO - Processing file /opt/airflow/dags/model_train_dag.py for tasks to queue
[2024-07-20T07:53:11.516+0000] {logging_mixin.py:188} INFO - [2024-07-20T07:53:11.515+0000] {dagbag.py:545} INFO - Filling up the DagBag from /opt/airflow/dags/model_train_dag.py
[2024-07-20T07:53:12.724+0000] {processor.py:840} INFO - DAG(s) 'random_forest_training' retrieved from /opt/airflow/dags/model_train_dag.py
[2024-07-20T07:53:12.743+0000] {logging_mixin.py:188} INFO - [2024-07-20T07:53:12.742+0000] {dag.py:3089} INFO - Sync 1 DAGs
[2024-07-20T07:53:12.754+0000] {logging_mixin.py:188} INFO - [2024-07-20T07:53:12.754+0000] {dag.py:3947} INFO - Setting next_dagrun for random_forest_training to 2024-07-20 00:00:00+00:00, run_after=2024-07-21 00:00:00+00:00
[2024-07-20T07:53:12.761+0000] {processor.py:183} INFO - Processing /opt/airflow/dags/model_train_dag.py took 1.255 seconds
[2024-07-20T07:53:42.930+0000] {processor.py:161} INFO - Started process (PID=2420) to work on /opt/airflow/dags/model_train_dag.py
[2024-07-20T07:53:42.932+0000] {processor.py:830} INFO - Processing file /opt/airflow/dags/model_train_dag.py for tasks to queue
[2024-07-20T07:53:42.934+0000] {logging_mixin.py:188} INFO - [2024-07-20T07:53:42.934+0000] {dagbag.py:545} INFO - Filling up the DagBag from /opt/airflow/dags/model_train_dag.py
[2024-07-20T07:53:43.811+0000] {processor.py:840} INFO - DAG(s) 'random_forest_training' retrieved from /opt/airflow/dags/model_train_dag.py
[2024-07-20T07:53:43.825+0000] {logging_mixin.py:188} INFO - [2024-07-20T07:53:43.825+0000] {dag.py:3089} INFO - Sync 1 DAGs
[2024-07-20T07:53:43.835+0000] {logging_mixin.py:188} INFO - [2024-07-20T07:53:43.835+0000] {dag.py:3947} INFO - Setting next_dagrun for random_forest_training to 2024-07-20 00:00:00+00:00, run_after=2024-07-21 00:00:00+00:00
[2024-07-20T07:53:43.842+0000] {processor.py:183} INFO - Processing /opt/airflow/dags/model_train_dag.py took 0.918 seconds
[2024-07-20T07:54:14.183+0000] {processor.py:161} INFO - Started process (PID=2445) to work on /opt/airflow/dags/model_train_dag.py
[2024-07-20T07:54:14.185+0000] {processor.py:830} INFO - Processing file /opt/airflow/dags/model_train_dag.py for tasks to queue
[2024-07-20T07:54:14.187+0000] {logging_mixin.py:188} INFO - [2024-07-20T07:54:14.186+0000] {dagbag.py:545} INFO - Filling up the DagBag from /opt/airflow/dags/model_train_dag.py
[2024-07-20T07:54:15.083+0000] {processor.py:840} INFO - DAG(s) 'random_forest_training' retrieved from /opt/airflow/dags/model_train_dag.py
[2024-07-20T07:54:15.094+0000] {logging_mixin.py:188} INFO - [2024-07-20T07:54:15.094+0000] {dag.py:3089} INFO - Sync 1 DAGs
[2024-07-20T07:54:15.103+0000] {logging_mixin.py:188} INFO - [2024-07-20T07:54:15.103+0000] {dag.py:3947} INFO - Setting next_dagrun for random_forest_training to 2024-07-20 00:00:00+00:00, run_after=2024-07-21 00:00:00+00:00
[2024-07-20T07:54:15.110+0000] {processor.py:183} INFO - Processing /opt/airflow/dags/model_train_dag.py took 0.932 seconds
[2024-07-20T07:54:45.526+0000] {processor.py:161} INFO - Started process (PID=2470) to work on /opt/airflow/dags/model_train_dag.py
[2024-07-20T07:54:45.528+0000] {processor.py:830} INFO - Processing file /opt/airflow/dags/model_train_dag.py for tasks to queue
[2024-07-20T07:54:45.529+0000] {logging_mixin.py:188} INFO - [2024-07-20T07:54:45.529+0000] {dagbag.py:545} INFO - Filling up the DagBag from /opt/airflow/dags/model_train_dag.py
[2024-07-20T07:54:46.555+0000] {processor.py:840} INFO - DAG(s) 'random_forest_training' retrieved from /opt/airflow/dags/model_train_dag.py
[2024-07-20T07:54:46.572+0000] {logging_mixin.py:188} INFO - [2024-07-20T07:54:46.572+0000] {dag.py:3089} INFO - Sync 1 DAGs
[2024-07-20T07:54:46.582+0000] {logging_mixin.py:188} INFO - [2024-07-20T07:54:46.582+0000] {dag.py:3947} INFO - Setting next_dagrun for random_forest_training to 2024-07-20 00:00:00+00:00, run_after=2024-07-21 00:00:00+00:00
[2024-07-20T07:54:46.588+0000] {processor.py:183} INFO - Processing /opt/airflow/dags/model_train_dag.py took 1.070 seconds
[2024-07-20T07:55:16.962+0000] {processor.py:161} INFO - Started process (PID=2495) to work on /opt/airflow/dags/model_train_dag.py
[2024-07-20T07:55:16.966+0000] {processor.py:830} INFO - Processing file /opt/airflow/dags/model_train_dag.py for tasks to queue
[2024-07-20T07:55:16.975+0000] {logging_mixin.py:188} INFO - [2024-07-20T07:55:16.970+0000] {dagbag.py:545} INFO - Filling up the DagBag from /opt/airflow/dags/model_train_dag.py
[2024-07-20T07:55:18.145+0000] {processor.py:840} INFO - DAG(s) 'random_forest_training' retrieved from /opt/airflow/dags/model_train_dag.py
[2024-07-20T07:55:18.156+0000] {logging_mixin.py:188} INFO - [2024-07-20T07:55:18.155+0000] {dag.py:3089} INFO - Sync 1 DAGs
[2024-07-20T07:55:18.164+0000] {logging_mixin.py:188} INFO - [2024-07-20T07:55:18.164+0000] {dag.py:3947} INFO - Setting next_dagrun for random_forest_training to 2024-07-20 00:00:00+00:00, run_after=2024-07-21 00:00:00+00:00
[2024-07-20T07:55:18.170+0000] {processor.py:183} INFO - Processing /opt/airflow/dags/model_train_dag.py took 1.257 seconds
[2024-07-20T08:40:49.904+0000] {processor.py:161} INFO - Started process (PID=2521) to work on /opt/airflow/dags/model_train_dag.py
[2024-07-20T08:40:49.904+0000] {processor.py:830} INFO - Processing file /opt/airflow/dags/model_train_dag.py for tasks to queue
[2024-07-20T08:40:49.905+0000] {logging_mixin.py:188} INFO - [2024-07-20T08:40:49.905+0000] {dagbag.py:545} INFO - Filling up the DagBag from /opt/airflow/dags/model_train_dag.py
[2024-07-20T08:40:50.904+0000] {processor.py:840} INFO - DAG(s) 'random_forest_training' retrieved from /opt/airflow/dags/model_train_dag.py
[2024-07-20T08:40:50.920+0000] {logging_mixin.py:188} INFO - [2024-07-20T08:40:50.919+0000] {dag.py:3089} INFO - Sync 1 DAGs
[2024-07-20T08:40:50.931+0000] {logging_mixin.py:188} INFO - [2024-07-20T08:40:50.931+0000] {dag.py:3947} INFO - Setting next_dagrun for random_forest_training to 2024-07-20 00:00:00+00:00, run_after=2024-07-21 00:00:00+00:00
[2024-07-20T08:40:50.939+0000] {processor.py:183} INFO - Processing /opt/airflow/dags/model_train_dag.py took 1.039 seconds
[2024-07-20T09:43:36.773+0000] {processor.py:161} INFO - Started process (PID=2546) to work on /opt/airflow/dags/model_train_dag.py
[2024-07-20T09:43:36.774+0000] {processor.py:830} INFO - Processing file /opt/airflow/dags/model_train_dag.py for tasks to queue
[2024-07-20T09:43:36.774+0000] {logging_mixin.py:188} INFO - [2024-07-20T09:43:36.774+0000] {dagbag.py:545} INFO - Filling up the DagBag from /opt/airflow/dags/model_train_dag.py
[2024-07-20T09:43:37.760+0000] {processor.py:840} INFO - DAG(s) 'random_forest_training' retrieved from /opt/airflow/dags/model_train_dag.py
[2024-07-20T09:43:37.774+0000] {logging_mixin.py:188} INFO - [2024-07-20T09:43:37.774+0000] {dag.py:3089} INFO - Sync 1 DAGs
[2024-07-20T09:43:37.782+0000] {logging_mixin.py:188} INFO - [2024-07-20T09:43:37.782+0000] {dag.py:3947} INFO - Setting next_dagrun for random_forest_training to 2024-07-20 00:00:00+00:00, run_after=2024-07-21 00:00:00+00:00
[2024-07-20T09:43:37.789+0000] {processor.py:183} INFO - Processing /opt/airflow/dags/model_train_dag.py took 1.019 seconds
[2024-07-20T10:08:44.185+0000] {processor.py:161} INFO - Started process (PID=2571) to work on /opt/airflow/dags/model_train_dag.py
[2024-07-20T10:08:44.186+0000] {processor.py:830} INFO - Processing file /opt/airflow/dags/model_train_dag.py for tasks to queue
[2024-07-20T10:08:44.186+0000] {logging_mixin.py:188} INFO - [2024-07-20T10:08:44.186+0000] {dagbag.py:545} INFO - Filling up the DagBag from /opt/airflow/dags/model_train_dag.py
[2024-07-20T10:08:45.254+0000] {processor.py:840} INFO - DAG(s) 'random_forest_training' retrieved from /opt/airflow/dags/model_train_dag.py
[2024-07-20T10:08:45.271+0000] {logging_mixin.py:188} INFO - [2024-07-20T10:08:45.271+0000] {dag.py:3089} INFO - Sync 1 DAGs
[2024-07-20T10:08:45.281+0000] {logging_mixin.py:188} INFO - [2024-07-20T10:08:45.281+0000] {dag.py:3947} INFO - Setting next_dagrun for random_forest_training to 2024-07-20 00:00:00+00:00, run_after=2024-07-21 00:00:00+00:00
[2024-07-20T10:08:45.288+0000] {processor.py:183} INFO - Processing /opt/airflow/dags/model_train_dag.py took 1.108 seconds
[2024-07-20T10:40:43.337+0000] {processor.py:161} INFO - Started process (PID=2596) to work on /opt/airflow/dags/model_train_dag.py
[2024-07-20T10:40:43.338+0000] {processor.py:830} INFO - Processing file /opt/airflow/dags/model_train_dag.py for tasks to queue
[2024-07-20T10:40:43.338+0000] {logging_mixin.py:188} INFO - [2024-07-20T10:40:43.338+0000] {dagbag.py:545} INFO - Filling up the DagBag from /opt/airflow/dags/model_train_dag.py
[2024-07-20T10:40:44.301+0000] {processor.py:840} INFO - DAG(s) 'random_forest_training' retrieved from /opt/airflow/dags/model_train_dag.py
[2024-07-20T10:40:44.313+0000] {logging_mixin.py:188} INFO - [2024-07-20T10:40:44.313+0000] {dag.py:3089} INFO - Sync 1 DAGs
[2024-07-20T10:40:44.323+0000] {logging_mixin.py:188} INFO - [2024-07-20T10:40:44.322+0000] {dag.py:3947} INFO - Setting next_dagrun for random_forest_training to 2024-07-20 00:00:00+00:00, run_after=2024-07-21 00:00:00+00:00
[2024-07-20T10:40:44.329+0000] {processor.py:183} INFO - Processing /opt/airflow/dags/model_train_dag.py took 0.996 seconds
[2024-07-20T10:49:35.578+0000] {processor.py:161} INFO - Started process (PID=2621) to work on /opt/airflow/dags/model_train_dag.py
[2024-07-20T10:49:35.578+0000] {processor.py:830} INFO - Processing file /opt/airflow/dags/model_train_dag.py for tasks to queue
[2024-07-20T10:49:35.579+0000] {logging_mixin.py:188} INFO - [2024-07-20T10:49:35.579+0000] {dagbag.py:545} INFO - Filling up the DagBag from /opt/airflow/dags/model_train_dag.py
[2024-07-20T10:49:36.541+0000] {processor.py:840} INFO - DAG(s) 'random_forest_training' retrieved from /opt/airflow/dags/model_train_dag.py
[2024-07-20T10:49:36.561+0000] {logging_mixin.py:188} INFO - [2024-07-20T10:49:36.560+0000] {dag.py:3089} INFO - Sync 1 DAGs
[2024-07-20T10:49:36.570+0000] {logging_mixin.py:188} INFO - [2024-07-20T10:49:36.570+0000] {dag.py:3947} INFO - Setting next_dagrun for random_forest_training to 2024-07-20 00:00:00+00:00, run_after=2024-07-21 00:00:00+00:00
[2024-07-20T10:49:36.578+0000] {processor.py:183} INFO - Processing /opt/airflow/dags/model_train_dag.py took 1.003 seconds
[2024-07-20T11:15:33.856+0000] {processor.py:161} INFO - Started process (PID=2646) to work on /opt/airflow/dags/model_train_dag.py
[2024-07-20T11:15:33.860+0000] {processor.py:830} INFO - Processing file /opt/airflow/dags/model_train_dag.py for tasks to queue
[2024-07-20T11:15:33.861+0000] {logging_mixin.py:188} INFO - [2024-07-20T11:15:33.861+0000] {dagbag.py:545} INFO - Filling up the DagBag from /opt/airflow/dags/model_train_dag.py
[2024-07-20T11:15:34.825+0000] {processor.py:840} INFO - DAG(s) 'random_forest_training' retrieved from /opt/airflow/dags/model_train_dag.py
[2024-07-20T11:15:34.838+0000] {logging_mixin.py:188} INFO - [2024-07-20T11:15:34.838+0000] {dag.py:3089} INFO - Sync 1 DAGs
[2024-07-20T11:15:34.847+0000] {logging_mixin.py:188} INFO - [2024-07-20T11:15:34.847+0000] {dag.py:3947} INFO - Setting next_dagrun for random_forest_training to 2024-07-20 00:00:00+00:00, run_after=2024-07-21 00:00:00+00:00
[2024-07-20T11:15:34.855+0000] {processor.py:183} INFO - Processing /opt/airflow/dags/model_train_dag.py took 1.003 seconds
[2024-07-20T11:41:40.860+0000] {processor.py:161} INFO - Started process (PID=2671) to work on /opt/airflow/dags/model_train_dag.py
[2024-07-20T11:41:40.860+0000] {processor.py:830} INFO - Processing file /opt/airflow/dags/model_train_dag.py for tasks to queue
[2024-07-20T11:41:40.861+0000] {logging_mixin.py:188} INFO - [2024-07-20T11:41:40.861+0000] {dagbag.py:545} INFO - Filling up the DagBag from /opt/airflow/dags/model_train_dag.py
[2024-07-20T11:41:41.798+0000] {processor.py:840} INFO - DAG(s) 'random_forest_training' retrieved from /opt/airflow/dags/model_train_dag.py
[2024-07-20T11:41:41.811+0000] {logging_mixin.py:188} INFO - [2024-07-20T11:41:41.811+0000] {dag.py:3089} INFO - Sync 1 DAGs
[2024-07-20T11:41:41.821+0000] {logging_mixin.py:188} INFO - [2024-07-20T11:41:41.821+0000] {dag.py:3947} INFO - Setting next_dagrun for random_forest_training to 2024-07-20 00:00:00+00:00, run_after=2024-07-21 00:00:00+00:00
[2024-07-20T11:41:41.828+0000] {processor.py:183} INFO - Processing /opt/airflow/dags/model_train_dag.py took 0.972 seconds
[2024-07-20T12:32:39.890+0000] {processor.py:161} INFO - Started process (PID=2696) to work on /opt/airflow/dags/model_train_dag.py
[2024-07-20T12:32:39.891+0000] {processor.py:830} INFO - Processing file /opt/airflow/dags/model_train_dag.py for tasks to queue
[2024-07-20T12:32:39.894+0000] {logging_mixin.py:188} INFO - [2024-07-20T12:32:39.894+0000] {dagbag.py:545} INFO - Filling up the DagBag from /opt/airflow/dags/model_train_dag.py
[2024-07-20T12:32:40.866+0000] {processor.py:840} INFO - DAG(s) 'random_forest_training' retrieved from /opt/airflow/dags/model_train_dag.py
[2024-07-20T12:32:40.879+0000] {logging_mixin.py:188} INFO - [2024-07-20T12:32:40.879+0000] {dag.py:3089} INFO - Sync 1 DAGs
[2024-07-20T12:32:40.888+0000] {logging_mixin.py:188} INFO - [2024-07-20T12:32:40.888+0000] {dag.py:3947} INFO - Setting next_dagrun for random_forest_training to 2024-07-20 00:00:00+00:00, run_after=2024-07-21 00:00:00+00:00
[2024-07-20T12:32:40.894+0000] {processor.py:183} INFO - Processing /opt/airflow/dags/model_train_dag.py took 1.007 seconds
[2024-07-20T13:32:46.654+0000] {processor.py:161} INFO - Started process (PID=2721) to work on /opt/airflow/dags/model_train_dag.py
[2024-07-20T13:32:46.655+0000] {processor.py:830} INFO - Processing file /opt/airflow/dags/model_train_dag.py for tasks to queue
[2024-07-20T13:32:46.656+0000] {logging_mixin.py:188} INFO - [2024-07-20T13:32:46.655+0000] {dagbag.py:545} INFO - Filling up the DagBag from /opt/airflow/dags/model_train_dag.py
[2024-07-20T13:32:47.577+0000] {processor.py:840} INFO - DAG(s) 'random_forest_training' retrieved from /opt/airflow/dags/model_train_dag.py
[2024-07-20T13:32:47.589+0000] {logging_mixin.py:188} INFO - [2024-07-20T13:32:47.589+0000] {dag.py:3089} INFO - Sync 1 DAGs
[2024-07-20T13:32:47.602+0000] {logging_mixin.py:188} INFO - [2024-07-20T13:32:47.602+0000] {dag.py:3947} INFO - Setting next_dagrun for random_forest_training to 2024-07-20 00:00:00+00:00, run_after=2024-07-21 00:00:00+00:00
[2024-07-20T13:32:47.613+0000] {processor.py:183} INFO - Processing /opt/airflow/dags/model_train_dag.py took 0.963 seconds
[2024-07-20T13:58:50.491+0000] {processor.py:161} INFO - Started process (PID=2746) to work on /opt/airflow/dags/model_train_dag.py
[2024-07-20T13:58:50.492+0000] {processor.py:830} INFO - Processing file /opt/airflow/dags/model_train_dag.py for tasks to queue
[2024-07-20T13:58:50.493+0000] {logging_mixin.py:188} INFO - [2024-07-20T13:58:50.492+0000] {dagbag.py:545} INFO - Filling up the DagBag from /opt/airflow/dags/model_train_dag.py
[2024-07-20T13:58:51.459+0000] {processor.py:840} INFO - DAG(s) 'random_forest_training' retrieved from /opt/airflow/dags/model_train_dag.py
[2024-07-20T13:58:51.473+0000] {logging_mixin.py:188} INFO - [2024-07-20T13:58:51.472+0000] {dag.py:3089} INFO - Sync 1 DAGs
[2024-07-20T13:58:51.482+0000] {logging_mixin.py:188} INFO - [2024-07-20T13:58:51.482+0000] {dag.py:3947} INFO - Setting next_dagrun for random_forest_training to 2024-07-20 00:00:00+00:00, run_after=2024-07-21 00:00:00+00:00
[2024-07-20T13:58:51.489+0000] {processor.py:183} INFO - Processing /opt/airflow/dags/model_train_dag.py took 1.002 seconds
[2024-07-20T14:58:12.040+0000] {processor.py:161} INFO - Started process (PID=2771) to work on /opt/airflow/dags/model_train_dag.py
[2024-07-20T14:58:12.041+0000] {processor.py:830} INFO - Processing file /opt/airflow/dags/model_train_dag.py for tasks to queue
[2024-07-20T14:58:12.042+0000] {logging_mixin.py:188} INFO - [2024-07-20T14:58:12.041+0000] {dagbag.py:545} INFO - Filling up the DagBag from /opt/airflow/dags/model_train_dag.py
[2024-07-20T14:58:13.077+0000] {processor.py:840} INFO - DAG(s) 'random_forest_training' retrieved from /opt/airflow/dags/model_train_dag.py
[2024-07-20T14:58:13.096+0000] {logging_mixin.py:188} INFO - [2024-07-20T14:58:13.096+0000] {dag.py:3089} INFO - Sync 1 DAGs
[2024-07-20T14:58:13.111+0000] {logging_mixin.py:188} INFO - [2024-07-20T14:58:13.111+0000] {dag.py:3947} INFO - Setting next_dagrun for random_forest_training to 2024-07-20 00:00:00+00:00, run_after=2024-07-21 00:00:00+00:00
[2024-07-20T14:58:13.119+0000] {processor.py:183} INFO - Processing /opt/airflow/dags/model_train_dag.py took 1.082 seconds
[2024-07-20T15:36:24.486+0000] {processor.py:161} INFO - Started process (PID=2796) to work on /opt/airflow/dags/model_train_dag.py
[2024-07-20T15:36:24.487+0000] {processor.py:830} INFO - Processing file /opt/airflow/dags/model_train_dag.py for tasks to queue
[2024-07-20T15:36:24.487+0000] {logging_mixin.py:188} INFO - [2024-07-20T15:36:24.487+0000] {dagbag.py:545} INFO - Filling up the DagBag from /opt/airflow/dags/model_train_dag.py
[2024-07-20T15:36:25.484+0000] {processor.py:840} INFO - DAG(s) 'random_forest_training' retrieved from /opt/airflow/dags/model_train_dag.py
[2024-07-20T15:36:25.501+0000] {logging_mixin.py:188} INFO - [2024-07-20T15:36:25.501+0000] {dag.py:3089} INFO - Sync 1 DAGs
[2024-07-20T15:36:25.511+0000] {logging_mixin.py:188} INFO - [2024-07-20T15:36:25.511+0000] {dag.py:3947} INFO - Setting next_dagrun for random_forest_training to 2024-07-20 00:00:00+00:00, run_after=2024-07-21 00:00:00+00:00
[2024-07-20T15:36:25.519+0000] {processor.py:183} INFO - Processing /opt/airflow/dags/model_train_dag.py took 1.037 seconds
[2024-07-20T16:52:44.890+0000] {processor.py:161} INFO - Started process (PID=2821) to work on /opt/airflow/dags/model_train_dag.py
[2024-07-20T16:52:44.891+0000] {processor.py:830} INFO - Processing file /opt/airflow/dags/model_train_dag.py for tasks to queue
[2024-07-20T16:52:44.892+0000] {logging_mixin.py:188} INFO - [2024-07-20T16:52:44.892+0000] {dagbag.py:545} INFO - Filling up the DagBag from /opt/airflow/dags/model_train_dag.py
[2024-07-20T16:52:46.056+0000] {processor.py:840} INFO - DAG(s) 'random_forest_training' retrieved from /opt/airflow/dags/model_train_dag.py
[2024-07-20T16:52:46.073+0000] {logging_mixin.py:188} INFO - [2024-07-20T16:52:46.072+0000] {dag.py:3089} INFO - Sync 1 DAGs
[2024-07-20T16:52:46.084+0000] {logging_mixin.py:188} INFO - [2024-07-20T16:52:46.084+0000] {dag.py:3947} INFO - Setting next_dagrun for random_forest_training to 2024-07-20 00:00:00+00:00, run_after=2024-07-21 00:00:00+00:00
[2024-07-20T16:52:46.092+0000] {processor.py:183} INFO - Processing /opt/airflow/dags/model_train_dag.py took 1.206 seconds
[2024-07-20T18:03:13.481+0000] {processor.py:161} INFO - Started process (PID=2846) to work on /opt/airflow/dags/model_train_dag.py
[2024-07-20T18:03:13.481+0000] {processor.py:830} INFO - Processing file /opt/airflow/dags/model_train_dag.py for tasks to queue
[2024-07-20T18:03:13.482+0000] {logging_mixin.py:188} INFO - [2024-07-20T18:03:13.482+0000] {dagbag.py:545} INFO - Filling up the DagBag from /opt/airflow/dags/model_train_dag.py
[2024-07-20T18:03:14.578+0000] {processor.py:840} INFO - DAG(s) 'random_forest_training' retrieved from /opt/airflow/dags/model_train_dag.py
[2024-07-20T18:03:14.604+0000] {logging_mixin.py:188} INFO - [2024-07-20T18:03:14.603+0000] {dag.py:3089} INFO - Sync 1 DAGs
[2024-07-20T18:03:14.618+0000] {logging_mixin.py:188} INFO - [2024-07-20T18:03:14.618+0000] {dag.py:3947} INFO - Setting next_dagrun for random_forest_training to 2024-07-20 00:00:00+00:00, run_after=2024-07-21 00:00:00+00:00
[2024-07-20T18:03:14.627+0000] {processor.py:183} INFO - Processing /opt/airflow/dags/model_train_dag.py took 1.150 seconds
[2024-07-20T18:27:21.114+0000] {processor.py:161} INFO - Started process (PID=2871) to work on /opt/airflow/dags/model_train_dag.py
[2024-07-20T18:27:21.115+0000] {processor.py:830} INFO - Processing file /opt/airflow/dags/model_train_dag.py for tasks to queue
[2024-07-20T18:27:21.116+0000] {logging_mixin.py:188} INFO - [2024-07-20T18:27:21.115+0000] {dagbag.py:545} INFO - Filling up the DagBag from /opt/airflow/dags/model_train_dag.py
[2024-07-20T18:27:22.721+0000] {processor.py:840} INFO - DAG(s) 'random_forest_training' retrieved from /opt/airflow/dags/model_train_dag.py
[2024-07-20T18:27:22.738+0000] {logging_mixin.py:188} INFO - [2024-07-20T18:27:22.737+0000] {dag.py:3089} INFO - Sync 1 DAGs
[2024-07-20T18:27:22.748+0000] {logging_mixin.py:188} INFO - [2024-07-20T18:27:22.748+0000] {dag.py:3947} INFO - Setting next_dagrun for random_forest_training to 2024-07-20 00:00:00+00:00, run_after=2024-07-21 00:00:00+00:00
[2024-07-20T18:27:22.756+0000] {processor.py:183} INFO - Processing /opt/airflow/dags/model_train_dag.py took 1.646 seconds
[2024-07-20T18:54:48.996+0000] {processor.py:161} INFO - Started process (PID=2896) to work on /opt/airflow/dags/model_train_dag.py
[2024-07-20T18:54:48.997+0000] {processor.py:830} INFO - Processing file /opt/airflow/dags/model_train_dag.py for tasks to queue
[2024-07-20T18:54:48.998+0000] {logging_mixin.py:188} INFO - [2024-07-20T18:54:48.998+0000] {dagbag.py:545} INFO - Filling up the DagBag from /opt/airflow/dags/model_train_dag.py
[2024-07-20T18:54:50.056+0000] {processor.py:840} INFO - DAG(s) 'random_forest_training' retrieved from /opt/airflow/dags/model_train_dag.py
[2024-07-20T18:54:50.071+0000] {logging_mixin.py:188} INFO - [2024-07-20T18:54:50.071+0000] {dag.py:3089} INFO - Sync 1 DAGs
[2024-07-20T18:54:50.083+0000] {logging_mixin.py:188} INFO - [2024-07-20T18:54:50.082+0000] {dag.py:3947} INFO - Setting next_dagrun for random_forest_training to 2024-07-20 00:00:00+00:00, run_after=2024-07-21 00:00:00+00:00
[2024-07-20T18:54:50.090+0000] {processor.py:183} INFO - Processing /opt/airflow/dags/model_train_dag.py took 1.098 seconds
[2024-07-20T20:07:57.052+0000] {processor.py:161} INFO - Started process (PID=2921) to work on /opt/airflow/dags/model_train_dag.py
[2024-07-20T20:07:57.052+0000] {processor.py:830} INFO - Processing file /opt/airflow/dags/model_train_dag.py for tasks to queue
[2024-07-20T20:07:57.053+0000] {logging_mixin.py:188} INFO - [2024-07-20T20:07:57.053+0000] {dagbag.py:545} INFO - Filling up the DagBag from /opt/airflow/dags/model_train_dag.py
[2024-07-20T20:07:58.081+0000] {processor.py:840} INFO - DAG(s) 'random_forest_training' retrieved from /opt/airflow/dags/model_train_dag.py
[2024-07-20T20:07:58.096+0000] {logging_mixin.py:188} INFO - [2024-07-20T20:07:58.095+0000] {dag.py:3089} INFO - Sync 1 DAGs
[2024-07-20T20:07:58.105+0000] {logging_mixin.py:188} INFO - [2024-07-20T20:07:58.105+0000] {dag.py:3947} INFO - Setting next_dagrun for random_forest_training to 2024-07-20 00:00:00+00:00, run_after=2024-07-21 00:00:00+00:00
[2024-07-20T20:07:58.113+0000] {processor.py:183} INFO - Processing /opt/airflow/dags/model_train_dag.py took 1.065 seconds
[2024-07-20T20:44:20.248+0000] {processor.py:161} INFO - Started process (PID=2946) to work on /opt/airflow/dags/model_train_dag.py
[2024-07-20T20:44:20.249+0000] {processor.py:830} INFO - Processing file /opt/airflow/dags/model_train_dag.py for tasks to queue
[2024-07-20T20:44:20.249+0000] {logging_mixin.py:188} INFO - [2024-07-20T20:44:20.249+0000] {dagbag.py:545} INFO - Filling up the DagBag from /opt/airflow/dags/model_train_dag.py
[2024-07-20T20:44:21.209+0000] {processor.py:840} INFO - DAG(s) 'random_forest_training' retrieved from /opt/airflow/dags/model_train_dag.py
[2024-07-20T20:44:21.221+0000] {logging_mixin.py:188} INFO - [2024-07-20T20:44:21.221+0000] {dag.py:3089} INFO - Sync 1 DAGs
[2024-07-20T20:44:21.230+0000] {logging_mixin.py:188} INFO - [2024-07-20T20:44:21.230+0000] {dag.py:3947} INFO - Setting next_dagrun for random_forest_training to 2024-07-20 00:00:00+00:00, run_after=2024-07-21 00:00:00+00:00
[2024-07-20T20:44:21.236+0000] {processor.py:183} INFO - Processing /opt/airflow/dags/model_train_dag.py took 0.992 seconds
[2024-07-20T21:26:42.248+0000] {processor.py:161} INFO - Started process (PID=2971) to work on /opt/airflow/dags/model_train_dag.py
[2024-07-20T21:26:42.249+0000] {processor.py:830} INFO - Processing file /opt/airflow/dags/model_train_dag.py for tasks to queue
[2024-07-20T21:26:42.250+0000] {logging_mixin.py:188} INFO - [2024-07-20T21:26:42.250+0000] {dagbag.py:545} INFO - Filling up the DagBag from /opt/airflow/dags/model_train_dag.py
[2024-07-20T21:26:43.922+0000] {processor.py:840} INFO - DAG(s) 'random_forest_training' retrieved from /opt/airflow/dags/model_train_dag.py
[2024-07-20T21:26:43.980+0000] {logging_mixin.py:188} INFO - [2024-07-20T21:26:43.979+0000] {dag.py:3089} INFO - Sync 1 DAGs
[2024-07-20T21:26:44.005+0000] {logging_mixin.py:188} INFO - [2024-07-20T21:26:44.005+0000] {dag.py:3947} INFO - Setting next_dagrun for random_forest_training to 2024-07-20 00:00:00+00:00, run_after=2024-07-21 00:00:00+00:00
[2024-07-20T21:26:44.019+0000] {processor.py:183} INFO - Processing /opt/airflow/dags/model_train_dag.py took 1.778 seconds
[2024-07-20T21:30:31.040+0000] {processor.py:161} INFO - Started process (PID=2996) to work on /opt/airflow/dags/model_train_dag.py
[2024-07-20T21:30:31.041+0000] {processor.py:830} INFO - Processing file /opt/airflow/dags/model_train_dag.py for tasks to queue
[2024-07-20T21:30:31.042+0000] {logging_mixin.py:188} INFO - [2024-07-20T21:30:31.042+0000] {dagbag.py:545} INFO - Filling up the DagBag from /opt/airflow/dags/model_train_dag.py
[2024-07-20T21:30:32.901+0000] {processor.py:840} INFO - DAG(s) 'random_forest_training' retrieved from /opt/airflow/dags/model_train_dag.py
[2024-07-20T21:30:32.914+0000] {logging_mixin.py:188} INFO - [2024-07-20T21:30:32.914+0000] {dag.py:3089} INFO - Sync 1 DAGs
[2024-07-20T21:30:32.926+0000] {logging_mixin.py:188} INFO - [2024-07-20T21:30:32.926+0000] {dag.py:3947} INFO - Setting next_dagrun for random_forest_training to 2024-07-20 00:00:00+00:00, run_after=2024-07-21 00:00:00+00:00
[2024-07-20T21:30:32.933+0000] {processor.py:183} INFO - Processing /opt/airflow/dags/model_train_dag.py took 1.898 seconds
