[2024-07-19T12:38:09.734+0000] {local_task_job_runner.py:120} INFO - ::group::Pre task execution logs
[2024-07-19T12:38:09.978+0000] {taskinstance.py:2076} INFO - Dependencies all met for dep_context=non-requeueable deps ti=<TaskInstance: example_dag.print_hello scheduled__2024-01-31T00:00:00+00:00 [queued]>
[2024-07-19T12:38:10.034+0000] {taskinstance.py:2076} INFO - Dependencies all met for dep_context=requeueable deps ti=<TaskInstance: example_dag.print_hello scheduled__2024-01-31T00:00:00+00:00 [queued]>
[2024-07-19T12:38:10.038+0000] {taskinstance.py:2306} INFO - Starting attempt 1 of 2
[2024-07-19T12:38:10.229+0000] {taskinstance.py:2330} INFO - Executing <Task(PythonOperator): print_hello> on 2024-01-31 00:00:00+00:00
[2024-07-19T12:38:10.477+0000] {warnings.py:112} WARNING - /home/***/.local/lib/python3.12/site-packages/***/task/task_runner/standard_task_runner.py:62: DeprecationWarning: This process (pid=759) is multi-threaded, use of fork() may lead to deadlocks in the child.
  pid = os.fork()

[2024-07-19T12:38:10.514+0000] {standard_task_runner.py:64} INFO - Started process 765 to run task
[2024-07-19T12:38:10.526+0000] {standard_task_runner.py:90} INFO - Running: ['***', 'tasks', 'run', 'example_dag', 'print_hello', 'scheduled__2024-01-31T00:00:00+00:00', '--job-id', '258', '--raw', '--subdir', 'DAGS_FOLDER/hello_dag.py', '--cfg-path', '/tmp/tmp3_gs879l']
[2024-07-19T12:38:10.543+0000] {standard_task_runner.py:91} INFO - Job 258: Subtask print_hello
[2024-07-19T12:38:11.845+0000] {task_command.py:426} INFO - Running <TaskInstance: example_dag.print_hello scheduled__2024-01-31T00:00:00+00:00 [running]> on host 6e10856c4017
[2024-07-19T12:38:12.842+0000] {taskinstance.py:2648} INFO - Exporting env vars: AIRFLOW_CTX_DAG_OWNER='***' AIRFLOW_CTX_DAG_ID='example_dag' AIRFLOW_CTX_TASK_ID='print_hello' AIRFLOW_CTX_EXECUTION_DATE='2024-01-31T00:00:00+00:00' AIRFLOW_CTX_TRY_NUMBER='1' AIRFLOW_CTX_DAG_RUN_ID='scheduled__2024-01-31T00:00:00+00:00'
[2024-07-19T12:38:12.878+0000] {taskinstance.py:430} INFO - ::endgroup::
[2024-07-19T12:38:13.147+0000] {logging_mixin.py:188} INFO - Hello, World!
[2024-07-19T12:38:13.179+0000] {python.py:237} INFO - Done. Returned value was: None
[2024-07-19T12:38:13.246+0000] {taskinstance.py:441} INFO - ::group::Post task execution logs
[2024-07-19T12:38:13.409+0000] {taskinstance.py:1206} INFO - Marking task as SUCCESS. dag_id=example_dag, task_id=print_hello, run_id=scheduled__2024-01-31T00:00:00+00:00, execution_date=20240131T000000, start_date=20240719T123809, end_date=20240719T123813
[2024-07-19T12:38:13.828+0000] {local_task_job_runner.py:243} INFO - Task exited with return code 0
[2024-07-19T12:38:14.431+0000] {taskinstance.py:3503} INFO - 0 downstream tasks scheduled from follow-on schedule check
[2024-07-19T12:38:14.444+0000] {local_task_job_runner.py:222} INFO - ::endgroup::
