[2024-07-19T12:30:31.867+0000] {local_task_job_runner.py:120} INFO - ::group::Pre task execution logs
[2024-07-19T12:30:32.738+0000] {taskinstance.py:2076} INFO - Dependencies all met for dep_context=non-requeueable deps ti=<TaskInstance: example_dag.print_hello scheduled__2023-07-31T00:00:00+00:00 [queued]>
[2024-07-19T12:30:32.800+0000] {taskinstance.py:2076} INFO - Dependencies all met for dep_context=requeueable deps ti=<TaskInstance: example_dag.print_hello scheduled__2023-07-31T00:00:00+00:00 [queued]>
[2024-07-19T12:30:32.836+0000] {taskinstance.py:2306} INFO - Starting attempt 1 of 2
[2024-07-19T12:30:32.970+0000] {taskinstance.py:2330} INFO - Executing <Task(PythonOperator): print_hello> on 2023-07-31 00:00:00+00:00
[2024-07-19T12:30:33.022+0000] {standard_task_runner.py:90} INFO - Running: ['***', 'tasks', 'run', 'example_dag', 'print_hello', 'scheduled__2023-07-31T00:00:00+00:00', '--job-id', '74', '--raw', '--subdir', 'DAGS_FOLDER/hello_dag.py', '--cfg-path', '/tmp/tmpd8k04bzs']
[2024-07-19T12:30:33.039+0000] {standard_task_runner.py:91} INFO - Job 74: Subtask print_hello
[2024-07-19T12:30:33.011+0000] {warnings.py:112} WARNING - /home/***/.local/lib/python3.12/site-packages/***/task/task_runner/standard_task_runner.py:62: DeprecationWarning: This process (pid=207) is multi-threaded, use of fork() may lead to deadlocks in the child.
  pid = os.fork()

[2024-07-19T12:30:33.056+0000] {standard_task_runner.py:64} INFO - Started process 233 to run task
[2024-07-19T12:30:34.216+0000] {task_command.py:426} INFO - Running <TaskInstance: example_dag.print_hello scheduled__2023-07-31T00:00:00+00:00 [running]> on host 6e10856c4017
[2024-07-19T12:30:43.617+0000] {taskinstance.py:2648} INFO - Exporting env vars: AIRFLOW_CTX_DAG_OWNER='***' AIRFLOW_CTX_DAG_ID='example_dag' AIRFLOW_CTX_TASK_ID='print_hello' AIRFLOW_CTX_EXECUTION_DATE='2023-07-31T00:00:00+00:00' AIRFLOW_CTX_TRY_NUMBER='1' AIRFLOW_CTX_DAG_RUN_ID='scheduled__2023-07-31T00:00:00+00:00'
[2024-07-19T12:30:47.768+0000] {taskinstance.py:430} INFO - ::endgroup::
[2024-07-19T12:30:49.111+0000] {logging_mixin.py:188} INFO - Hello, World!
[2024-07-19T12:30:49.153+0000] {python.py:237} INFO - Done. Returned value was: None
[2024-07-19T12:30:49.397+0000] {taskinstance.py:441} INFO - ::group::Post task execution logs
[2024-07-19T12:30:50.831+0000] {taskinstance.py:1206} INFO - Marking task as SUCCESS. dag_id=example_dag, task_id=print_hello, run_id=scheduled__2023-07-31T00:00:00+00:00, execution_date=20230731T000000, start_date=20240719T123032, end_date=20240719T123050
[2024-07-19T12:30:51.857+0000] {local_task_job_runner.py:243} INFO - Task exited with return code 0
[2024-07-19T12:30:52.249+0000] {taskinstance.py:3503} INFO - 0 downstream tasks scheduled from follow-on schedule check
[2024-07-19T12:30:52.263+0000] {local_task_job_runner.py:222} INFO - ::endgroup::
