[2024-07-19T12:41:58.297+0000] {local_task_job_runner.py:120} INFO - ::group::Pre task execution logs
[2024-07-19T12:41:58.393+0000] {taskinstance.py:2076} INFO - Dependencies all met for dep_context=non-requeueable deps ti=<TaskInstance: example_dag.print_hello scheduled__2024-05-18T00:00:00+00:00 [queued]>
[2024-07-19T12:41:58.425+0000] {taskinstance.py:2076} INFO - Dependencies all met for dep_context=requeueable deps ti=<TaskInstance: example_dag.print_hello scheduled__2024-05-18T00:00:00+00:00 [queued]>
[2024-07-19T12:41:58.431+0000] {taskinstance.py:2306} INFO - Starting attempt 1 of 2
[2024-07-19T12:41:58.480+0000] {taskinstance.py:2330} INFO - Executing <Task(PythonOperator): print_hello> on 2024-05-18 00:00:00+00:00
[2024-07-19T12:41:58.569+0000] {warnings.py:112} WARNING - /home/***/.local/lib/python3.12/site-packages/***/task/task_runner/standard_task_runner.py:62: DeprecationWarning: This process (pid=1057) is multi-threaded, use of fork() may lead to deadlocks in the child.
  pid = os.fork()

[2024-07-19T12:41:58.586+0000] {standard_task_runner.py:64} INFO - Started process 1063 to run task
[2024-07-19T12:41:58.585+0000] {standard_task_runner.py:90} INFO - Running: ['***', 'tasks', 'run', 'example_dag', 'print_hello', 'scheduled__2024-05-18T00:00:00+00:00', '--job-id', '365', '--raw', '--subdir', 'DAGS_FOLDER/hello_dag.py', '--cfg-path', '/tmp/tmps1saz4wg']
[2024-07-19T12:41:58.597+0000] {standard_task_runner.py:91} INFO - Job 365: Subtask print_hello
[2024-07-19T12:41:58.844+0000] {task_command.py:426} INFO - Running <TaskInstance: example_dag.print_hello scheduled__2024-05-18T00:00:00+00:00 [running]> on host 6e10856c4017
[2024-07-19T12:41:59.364+0000] {taskinstance.py:2648} INFO - Exporting env vars: AIRFLOW_CTX_DAG_OWNER='***' AIRFLOW_CTX_DAG_ID='example_dag' AIRFLOW_CTX_TASK_ID='print_hello' AIRFLOW_CTX_EXECUTION_DATE='2024-05-18T00:00:00+00:00' AIRFLOW_CTX_TRY_NUMBER='1' AIRFLOW_CTX_DAG_RUN_ID='scheduled__2024-05-18T00:00:00+00:00'
[2024-07-19T12:41:59.372+0000] {taskinstance.py:430} INFO - ::endgroup::
[2024-07-19T12:41:59.420+0000] {logging_mixin.py:188} INFO - Hello, World!
[2024-07-19T12:41:59.430+0000] {python.py:237} INFO - Done. Returned value was: None
[2024-07-19T12:41:59.434+0000] {taskinstance.py:441} INFO - ::group::Post task execution logs
[2024-07-19T12:41:59.452+0000] {taskinstance.py:1206} INFO - Marking task as SUCCESS. dag_id=example_dag, task_id=print_hello, run_id=scheduled__2024-05-18T00:00:00+00:00, execution_date=20240518T000000, start_date=20240719T124158, end_date=20240719T124159
[2024-07-19T12:41:59.608+0000] {local_task_job_runner.py:243} INFO - Task exited with return code 0
[2024-07-19T12:41:59.772+0000] {taskinstance.py:3503} INFO - 0 downstream tasks scheduled from follow-on schedule check
[2024-07-19T12:41:59.781+0000] {local_task_job_runner.py:222} INFO - ::endgroup::
