[2024-07-19T12:37:40.426+0000] {local_task_job_runner.py:120} INFO - ::group::Pre task execution logs
[2024-07-19T12:37:41.200+0000] {taskinstance.py:2076} INFO - Dependencies all met for dep_context=non-requeueable deps ti=<TaskInstance: example_dag.print_hello scheduled__2024-01-13T00:00:00+00:00 [queued]>
[2024-07-19T12:37:41.401+0000] {taskinstance.py:2076} INFO - Dependencies all met for dep_context=requeueable deps ti=<TaskInstance: example_dag.print_hello scheduled__2024-01-13T00:00:00+00:00 [queued]>
[2024-07-19T12:37:41.417+0000] {taskinstance.py:2306} INFO - Starting attempt 1 of 2
[2024-07-19T12:37:41.814+0000] {taskinstance.py:2330} INFO - Executing <Task(PythonOperator): print_hello> on 2024-01-13 00:00:00+00:00
[2024-07-19T12:37:42.041+0000] {standard_task_runner.py:90} INFO - Running: ['***', 'tasks', 'run', 'example_dag', 'print_hello', 'scheduled__2024-01-13T00:00:00+00:00', '--job-id', '242', '--raw', '--subdir', 'DAGS_FOLDER/hello_dag.py', '--cfg-path', '/tmp/tmpdbj9j198']
[2024-07-19T12:37:42.068+0000] {standard_task_runner.py:91} INFO - Job 242: Subtask print_hello
[2024-07-19T12:37:41.982+0000] {warnings.py:112} WARNING - /home/***/.local/lib/python3.12/site-packages/***/task/task_runner/standard_task_runner.py:62: DeprecationWarning: This process (pid=708) is multi-threaded, use of fork() may lead to deadlocks in the child.
  pid = os.fork()

[2024-07-19T12:37:42.077+0000] {standard_task_runner.py:64} INFO - Started process 724 to run task
[2024-07-19T12:37:43.519+0000] {task_command.py:426} INFO - Running <TaskInstance: example_dag.print_hello scheduled__2024-01-13T00:00:00+00:00 [running]> on host 6e10856c4017
[2024-07-19T12:37:45.677+0000] {taskinstance.py:2648} INFO - Exporting env vars: AIRFLOW_CTX_DAG_OWNER='***' AIRFLOW_CTX_DAG_ID='example_dag' AIRFLOW_CTX_TASK_ID='print_hello' AIRFLOW_CTX_EXECUTION_DATE='2024-01-13T00:00:00+00:00' AIRFLOW_CTX_TRY_NUMBER='1' AIRFLOW_CTX_DAG_RUN_ID='scheduled__2024-01-13T00:00:00+00:00'
[2024-07-19T12:37:45.714+0000] {taskinstance.py:430} INFO - ::endgroup::
[2024-07-19T12:37:46.017+0000] {logging_mixin.py:188} INFO - Hello, World!
[2024-07-19T12:37:46.031+0000] {python.py:237} INFO - Done. Returned value was: None
[2024-07-19T12:37:46.085+0000] {taskinstance.py:441} INFO - ::group::Post task execution logs
[2024-07-19T12:37:46.438+0000] {taskinstance.py:1206} INFO - Marking task as SUCCESS. dag_id=example_dag, task_id=print_hello, run_id=scheduled__2024-01-13T00:00:00+00:00, execution_date=20240113T000000, start_date=20240719T123741, end_date=20240719T123746
[2024-07-19T12:37:46.762+0000] {local_task_job_runner.py:243} INFO - Task exited with return code 0
[2024-07-19T12:37:47.122+0000] {taskinstance.py:3503} INFO - 0 downstream tasks scheduled from follow-on schedule check
[2024-07-19T12:37:47.136+0000] {local_task_job_runner.py:222} INFO - ::endgroup::
