[2024-07-19T12:35:14.207+0000] {local_task_job_runner.py:120} INFO - ::group::Pre task execution logs
[2024-07-19T12:35:18.069+0000] {taskinstance.py:2076} INFO - Dependencies all met for dep_context=non-requeueable deps ti=<TaskInstance: example_dag.print_hello scheduled__2023-11-14T00:00:00+00:00 [queued]>
[2024-07-19T12:35:18.587+0000] {taskinstance.py:2076} INFO - Dependencies all met for dep_context=requeueable deps ti=<TaskInstance: example_dag.print_hello scheduled__2023-11-14T00:00:00+00:00 [queued]>
[2024-07-19T12:35:18.649+0000] {taskinstance.py:2306} INFO - Starting attempt 1 of 2
[2024-07-19T12:35:23.304+0000] {taskinstance.py:2330} INFO - Executing <Task(PythonOperator): print_hello> on 2023-11-14 00:00:00+00:00
[2024-07-19T12:35:23.704+0000] {warnings.py:112} WARNING - /home/***/.local/lib/python3.12/site-packages/***/task/task_runner/standard_task_runner.py:62: DeprecationWarning: This process (pid=522) is multi-threaded, use of fork() may lead to deadlocks in the child.
  pid = os.fork()

[2024-07-19T12:35:23.750+0000] {standard_task_runner.py:64} INFO - Started process 546 to run task
[2024-07-19T12:35:24.264+0000] {standard_task_runner.py:90} INFO - Running: ['***', 'tasks', 'run', 'example_dag', 'print_hello', 'scheduled__2023-11-14T00:00:00+00:00', '--job-id', '179', '--raw', '--subdir', 'DAGS_FOLDER/hello_dag.py', '--cfg-path', '/tmp/tmpan53fpjm']
[2024-07-19T12:35:24.291+0000] {standard_task_runner.py:91} INFO - Job 179: Subtask print_hello
[2024-07-19T12:35:26.886+0000] {task_command.py:426} INFO - Running <TaskInstance: example_dag.print_hello scheduled__2023-11-14T00:00:00+00:00 [running]> on host 6e10856c4017
[2024-07-19T12:35:29.968+0000] {taskinstance.py:2648} INFO - Exporting env vars: AIRFLOW_CTX_DAG_OWNER='***' AIRFLOW_CTX_DAG_ID='example_dag' AIRFLOW_CTX_TASK_ID='print_hello' AIRFLOW_CTX_EXECUTION_DATE='2023-11-14T00:00:00+00:00' AIRFLOW_CTX_TRY_NUMBER='1' AIRFLOW_CTX_DAG_RUN_ID='scheduled__2023-11-14T00:00:00+00:00'
[2024-07-19T12:35:30.189+0000] {taskinstance.py:430} INFO - ::endgroup::
[2024-07-19T12:35:30.665+0000] {logging_mixin.py:188} INFO - Hello, World!
[2024-07-19T12:35:30.733+0000] {python.py:237} INFO - Done. Returned value was: None
[2024-07-19T12:35:30.885+0000] {taskinstance.py:441} INFO - ::group::Post task execution logs
[2024-07-19T12:35:31.222+0000] {taskinstance.py:1206} INFO - Marking task as SUCCESS. dag_id=example_dag, task_id=print_hello, run_id=scheduled__2023-11-14T00:00:00+00:00, execution_date=20231114T000000, start_date=20240719T123518, end_date=20240719T123531
[2024-07-19T12:35:31.851+0000] {local_task_job_runner.py:243} INFO - Task exited with return code 0
[2024-07-19T12:35:32.899+0000] {taskinstance.py:3503} INFO - 0 downstream tasks scheduled from follow-on schedule check
[2024-07-19T12:35:32.961+0000] {local_task_job_runner.py:222} INFO - ::endgroup::
